# nf=1.000143482950193 mu=0 T=0.02 TrSigmaG=0 Epot=0 Ekin=-0.9991171399999998 mom=[]
0.06283185307179587 0 -0.06258477827052933  
0.1884955592153876 0 -0.1820279995711275  
0.3141592653589793 0 -0.2859382875466556  
0.439822971502571 0 -0.3685324830882302  
0.5654866776461628 0 -0.428471973941374  
0.6911503837897545 0 -0.4677238935514284  
0.8168140899333463 0 -0.4899360081635534  
0.9424777960769378 0 -0.4991238504642485  
1.06814150222053 0 -0.4989155945275279  
1.193805208364121 0 -0.4922561211736144  
1.319468914507713 0 -0.481382624269921  
1.445132620651305 0 -0.4679214936497957  
1.570796326794897 0 -0.4530183504505814  
1.696460032938488 0 -0.4374600955485329  
1.82212373908208 0 -0.4217747298642898  
1.947787445225672 0 -0.4063074374354792  
2.073451151369264 0 -0.3912762827797793  
2.199114857512855 0 -0.376812004190722  
2.324778563656447 0 -0.3629860169671525  
2.450442269800039 0 -0.3498299289153486  
2.57610597594363 0 -0.3373490505223293  
2.701769682087222 0 -0.3255316995730279  
2.827433388230814 0 -0.3143555781513388  
2.953097094374406 0 -0.3037921185798133  
3.078760800517997 0 -0.2938094231010261  
3.204424506661589 0 -0.2843742312564753  
3.330088212805181 0 -0.2754532159787785  
3.455751918948772 0 -0.2670138171867604  
3.581415625092364 0 -0.2590247577712165  
3.707079331235956 0 -0.2514563425959649  
3.832743037379548 0 -0.2442806104240437  
3.95840674352314 0 -0.2374713873424284  
4.084070449666731 0 -0.2310042754016367  
4.209734155810323 0 -0.2248565998231256  
4.335397861953915 0 -0.2190073308873294  
4.461061568097507 0 -0.2134369915512363  
4.586725274241098 0 -0.2081275583002256  
4.71238898038469 0 -0.2030623602582881  
4.838052686528282 0 -0.1982259798515056  
4.963716392671873 0 -0.1936041571117394  
5.089380098815464 0 -0.1891836988729196  
5.215043804959057 0 -0.1849523935383652  
5.340707511102648 0 -0.1808989317066735  
5.466371217246239 0 -0.1770128326834368  
5.592034923389832 0 -0.1732843767357499  
5.717698629533423 0 -0.1697045428403763  
5.843362335677015 0 -0.1662649516146306  
5.969026041820607 0 -0.1629578130868389  
6.094689747964199 0 -0.1597758789519879  
6.220353454107791 0 -0.1567123989617475  
6.346017160251382 0 -0.1537610811085267  
6.471680866394974 0 -0.1509160552801897  
6.597344572538566 0 -0.1481718400830563  
6.723008278682157 0 -0.1455233125509021  
6.848671984825748 0 -0.1429656804802058  
6.974335690969341 0 -0.1404944571532526  
7.099999397112932 0 -0.138105438230564  
7.225663103256525 0 -0.1357946806144579  
7.351326809400116 0 -0.133558483102599  
7.476990515543707 0 -0.1313933686676911  
7.6026542216873 0 -0.1292960682147606  
7.728317927830891 0 -0.1272635056814792  
7.853981633974482 0 -0.1252927843594074  
7.979645340118075 0 -0.1233811743265094  
8.105309046261667 0 -0.1215261008906537  
8.230972752405258 0 -0.1197251339545343  
8.35663645854885 0 -0.1179759782201136  
8.482300164692441 0 -0.1162764641588426  
8.607963870836034 0 -0.1146245396809426  
8.733627576979625 0 -0.1130182624433222  
8.859291283123216 0 -0.1114557927410619  
8.984954989266809 0 -0.109935386933033  
9.1106186954104 0 -0.1084553913565176  
9.236282401553993 0 -0.1070142366898459  
9.361946107697584 0 -0.1056104327258854  
9.487609813841175 0 -0.1042425635227652  
9.613273519984768 0 -0.1029092829009263  
9.738937226128359 0 -0.1016093102586164  
9.86460093227195 0 -0.1003414266803388  
9.990264638415542 0 -0.099104471315079  
10.11592834455913 0 -0.09789733800295849  
10.24159205070272 0 -0.09671897213125767  
10.36725575684632 0 -0.09556836770176716  
10.49291946298991 0 -0.09444456459362451  
10.6185831691335 0 -0.09334664600668746  
10.74424687527709 0 -0.09227373607183799  
10.86991058142068 0 -0.0912249976160007  
10.99557428756427 0 -0.09019963007023835  
11.12123799370787 0 -0.08919686751071279  
11.24690169985146 0 -0.08821597682267193  
11.37256540599505 0 -0.08725625597885743  
11.49822911213864 0 -0.08631703242400529  
11.62389281828223 0 -0.08539766155811943  
11.74955652442583 0 -0.08449752531156028  
11.87522023056942 0 -0.08361603080554947  
12.00088393671301 0 -0.08275260909236018  
12.1265476428566 0 -0.08190671396961961  
12.25221134900019 0 -0.08107782086388651  
12.37787505514378 0 -0.08026542577873062  
12.50353876128738 0 -0.07946904430315907  
12.62920246743097 0 -0.07868821067637134  
12.75486617357456 0 -0.07792247690515407  
12.88052987971815 0 -0.07717141193060048  
13.00619358586174 0 -0.07643460084088566  
13.13185729200534 0 -0.07571164412729574  
13.25752099814893 0 -0.07500215698067308  
13.38318470429252 0 -0.07430576862584129  
13.50884841043611 0 -0.07362212169163113  
13.6345121165797 0 -0.07295087161428057  
13.76017582272329 0 -0.07229168607226047  
13.88583952886689 0 -0.07164424445053581  
14.01150323501048 0 -0.07100823733258363  
14.13716694115407 0 -0.07038336601843513  
14.26283064729766 0 -0.06976934206729243  
14.38849435344125 0 -0.06916588686319532  
14.51415805958485 0 -0.06857273120247397  
14.63982176572844 0 -0.06798961490169519  
14.76548547187203 0 -0.06741628642491884  
14.89114917801562 0 -0.06685250252921798  
15.01681288415921 0 -0.06629802792737109  
15.1424765903028 -nan nan  
15.2681402964464 -nan nan  
15.39380400258999 -nan nan  
15.51946770873358 -nan nan  
15.64513141487717 -nan nan  
15.77079512102076 -nan nan  
15.89645882716435 -nan nan  
16.02212253330795 -nan nan  
16.14778623945154 -nan nan  
16.27344994559513 -nan nan  
16.39911365173872 -nan nan  
16.52477735788231 -nan nan  
16.65044106402591 -nan nan  
16.7761047701695 -nan nan  
16.90176847631309 -nan nan  
17.02743218245668 -nan nan  
17.15309588860027 -nan nan  
17.27875959474386 -nan nan  
17.40442330088745 -nan nan  
17.53008700703105 -nan nan  
17.65575071317464 -nan nan  
17.78141441931823 -nan nan  
17.90707812546182 -nan nan  
18.03274183160541 -nan nan  
18.158405537749 -nan nan  
18.2840692438926 -nan nan  
18.40973295003619 -nan nan  
18.53539665617978 -nan nan  
18.66106036232337 -nan nan  
18.78672406846696 -nan nan  
18.91238777461055 -nan nan  
19.03805148075415 -nan nan  
19.16371518689774 -nan nan  
19.28937889304133 -nan nan  
19.41504259918492 -nan nan  
19.54070630532851 -nan nan  
19.6663700114721 -nan nan  
19.7920337176157 -nan nan  
19.91769742375929 -nan nan  
20.04336112990288 -nan nan  
20.16902483604647 -nan nan  
20.29468854219006 -nan nan  
20.42035224833365 -nan nan  
20.54601595447725 -nan nan  
20.67167966062084 -nan nan  
20.79734336676443 -nan nan  
20.92300707290802 -nan nan  
21.04867077905161 -nan nan  
21.1743344851952 -nan nan  
21.29999819133879 -nan nan  
21.42566189748239 -nan nan  
21.55132560362598 -nan nan  
21.67698930976957 -nan nan  
21.80265301591317 -nan nan  
21.92831672205676 -nan nan  
22.05398042820035 -nan nan  
22.17964413434394 -nan nan  
22.30530784048753 -nan nan  
22.43097154663112 -nan nan  
22.55663525277471 -nan nan  
22.68229895891831 -nan nan  
22.8079626650619 -nan nan  
22.93362637120549 -nan nan  
23.05929007734908 -nan nan  
23.18495378349267 -nan nan  
23.31061748963626 -nan nan  
23.43628119577986 -nan nan  
23.56194490192345 -nan nan  
23.68760860806704 -nan nan  
23.81327231421063 -nan nan  
23.93893602035422 -nan nan  
24.06459972649781 -nan nan  
24.19026343264141 -nan nan  
24.315927138785 -nan nan  
24.44159084492859 -nan nan  
24.56725455107218 -nan nan  
24.69291825721577 -nan nan  
24.81858196335936 -nan nan  
24.94424566950296 -nan nan  
25.06990937564655 -nan nan  
25.19557308179014 -nan nan  
25.32123678793373 -nan nan  
25.44690049407732 -nan nan  
25.57256420022092 -nan nan  
25.69822790636451 -nan nan  
25.8238916125081 -nan nan  
25.94955531865169 -nan nan  
26.07521902479528 -nan nan  
26.20088273093888 -nan nan  
26.32654643708247 -nan nan  
26.45221014322606 -nan nan  
26.57787384936965 -nan nan  
26.70353755551324 -nan nan  
26.82920126165683 -nan nan  
26.95486496780043 -nan nan  
27.08052867394402 -nan nan  
27.20619238008761 -nan nan  
27.3318560862312 -nan nan  
27.45751979237479 -nan nan  
27.58318349851838 -nan nan  
27.70884720466197 -nan nan  
27.83451091080557 -nan nan  
27.96017461694916 -nan nan  
28.08583832309275 -nan nan  
28.21150202923634 -nan nan  
28.33716573537994 -nan nan  
28.46282944152353 -nan nan  
28.58849314766712 -nan nan  
28.71415685381071 -nan nan  
28.8398205599543 -nan nan  
28.96548426609789 -nan nan  
29.09114797224148 -nan nan  
29.21681167838507 -nan nan  
29.34247538452867 -nan nan  
29.46813909067226 -nan nan  
29.59380279681585 -nan nan  
29.71946650295945 -nan nan  
29.84513020910304 -nan nan  
29.97079391524663 -nan nan  
30.09645762139022 -nan nan  
30.22212132753381 -nan nan  
30.3477850336774 -nan nan  
30.47344873982099 -nan nan  
30.59911244596458 -nan nan  
30.72477615210817 -nan nan  
30.85043985825177 -nan nan  
30.97610356439536 -nan nan  
31.10176727053895 -nan nan  
31.22743097668254 -nan nan  
31.35309468282614 -nan nan  
31.47875838896973 -nan nan  
31.60442209511332 -nan nan  
31.73008580125691 -nan nan  
31.8557495074005 -nan nan  
31.98141321354409 -nan nan  
32.10707691968769 -nan nan  
32.23274062583128 -nan nan  
32.35840433197487 -nan nan  
32.48406803811847 -nan nan  
32.60973174426206 -nan nan  
32.73539545040565 -nan nan  
32.86105915654924 -nan nan  
32.98672286269283 -nan nan  
33.11238656883642 -nan nan  
33.23805027498001 -nan nan  
33.3637139811236 -nan nan  
33.48937768726719 -nan nan  
33.61504139341079 -nan nan  
33.74070509955438 -nan nan  
33.86636880569797 -nan nan  
33.99203251184156 -nan nan  
34.11769621798516 -nan nan  
34.24335992412875 -nan nan  
34.36902363027234 -nan nan  
34.49468733641593 -nan nan  
34.62035104255952 -nan nan  
34.74601474870311 -nan nan  
34.87167845484671 -nan nan  
34.9973421609903 -nan nan  
35.12300586713389 -nan nan  
35.24866957327748 -nan nan  
35.37433327942107 -nan nan  
35.49999698556466 -nan nan  
35.62566069170826 -nan nan  
35.75132439785185 -nan nan  
35.87698810399544 -nan nan  
36.00265181013903 -nan nan  
36.12831551628262 -nan nan  
36.25397922242622 -nan nan  
36.37964292856981 -nan nan  
36.5053066347134 -nan nan  
36.63097034085699 -nan nan  
36.75663404700058 -nan nan  
36.88229775314417 -nan nan  
37.00796145928776 -nan nan  
37.13362516543135 -nan nan  
37.25928887157495 -nan nan  
37.38495257771854 -nan nan  
37.51061628386213 -nan nan  
37.63627999000573 -nan nan  
37.76194369614932 -nan nan  
37.88760740229291 -nan nan  
38.0132711084365 -nan nan  
38.13893481458009 -nan nan  
38.26459852072368 -nan nan  
38.39026222686727 -nan nan  
38.51592593301086 -nan nan  
38.64158963915445 -nan nan  
38.76725334529804 -nan nan  
38.89291705144164 -nan nan  
39.01858075758523 -nan nan  
39.14424446372882 -nan nan  
39.26990816987242 -nan nan  
39.39557187601601 -nan nan  
39.5212355821596 -nan nan  
39.64689928830319 -nan nan  
39.77256299444678 -nan nan  
39.89822670059037 -nan nan  
40.02389040673396 -nan nan  
40.14955411287755 -nan nan  
40.27521781902115 -nan nan  
40.40088152516474 -nan nan  
40.52654523130833 -nan nan  
40.65220893745192 -nan nan  
40.77787264359552 -nan nan  
40.90353634973911 -nan nan  
41.0292000558827 -nan nan  
41.15486376202629 -nan nan  
41.28052746816989 -nan nan  
41.40619117431347 -nan nan  
41.53185488045707 -nan nan  
41.65751858660065 -nan nan  
41.78318229274425 -nan nan  
41.90884599888783 -nan nan  
42.03450970503143 -nan nan  
42.16017341117502 -nan nan  
42.28583711731861 -nan nan  
42.41150082346221 -nan nan  
42.5371645296058 -nan nan  
42.66282823574939 -nan nan  
42.78849194189298 -nan nan  
42.91415564803658 -nan nan  
43.03981935418016 -nan nan  
43.16548306032376 -nan nan  
43.29114676646734 -nan nan  
43.41681047261094 -nan nan  
43.54247417875453 -nan nan  
43.66813788489812 -nan nan  
43.79380159104172 -nan nan  
43.9194652971853 -nan nan  
44.0451290033289 -nan nan  
44.17079270947249 -nan nan  
44.29645641561608 -nan nan  
44.42212012175967 -nan nan  
44.54778382790327 -nan nan  
44.67344753404686 -nan nan  
44.79911124019045 -nan nan  
44.92477494633405 -nan nan  
45.05043865247763 -nan nan  
45.17610235862123 -nan nan  
45.30176606476481 -nan nan  
45.42742977090841 -nan nan  
45.55309347705199 -nan nan  
45.67875718319559 -nan nan  
45.80442088933918 -nan nan  
45.93008459548278 -nan nan  
46.05574830162637 -nan nan  
46.18141200776996 -nan nan  
46.30707571391356 -nan nan  
46.43273942005714 -nan nan  
46.55840312620074 -nan nan  
46.68406683234432 -nan nan  
46.80973053848792 -nan nan  
46.93539424463151 -nan nan  
47.0610579507751 -nan nan  
47.18672165691869 -nan nan  
47.31238536306228 -nan nan  
47.43804906920587 -nan nan  
47.56371277534947 -nan nan  
47.68937648149306 -nan nan  
47.81504018763665 -nan nan  
47.94070389378025 -nan nan  
48.06636759992384 -nan nan  
48.19203130606743 -nan nan  
48.31769501221102 -nan nan  
48.44335871835461 -nan nan  
48.5690224244982 -nan nan  
48.69468613064179 -nan nan  
48.82034983678538 -nan nan  
48.94601354292897 -nan nan  
49.07167724907257 -nan nan  
49.19734095521616 -nan nan  
49.32300466135975 -nan nan  
49.44866836750334 -nan nan  
49.57433207364694 -nan nan  
49.69999577979053 -nan nan  
49.82565948593412 -nan nan  
49.95132319207771 -nan nan  
50.0769868982213 -nan nan  
50.20265060436489 -nan nan  
50.32831431050849 -nan nan  
50.45397801665208 -nan nan  
50.57964172279567 -nan nan  
50.70530542893926 -nan nan  
50.83096913508285 -nan nan  
50.95663284122644 -nan nan  
51.08229654737004 -nan nan  
51.20796025351363 -nan nan  
51.33362395965722 -nan nan  
51.45928766580082 -nan nan  
51.5849513719444 -nan nan  
51.710615078088 -nan nan  
51.83627878423159 -nan nan  
51.96194249037518 -nan nan  
52.08760619651877 -nan nan  
52.21326990266236 -nan nan  
52.33893360880595 -nan nan  
52.46459731494954 -nan nan  
52.59026102109314 -nan nan  
52.71592472723673 -nan nan  
52.84158843338032 -nan nan  
52.96725213952391 -nan nan  
53.09291584566751 -nan nan  
53.2185795518111 -nan nan  
53.34424325795469 -nan nan  
53.46990696409828 -nan nan  
53.59557067024187 -nan nan  
53.72123437638547 -nan nan  
53.84689808252905 -nan nan  
53.97256178867265 -nan nan  
54.09822549481623 -nan nan  
54.22388920095983 -nan nan  
54.34955290710342 -nan nan  
54.47521661324701 -nan nan  
54.6008803193906 -nan nan  
54.7265440255342 -nan nan  
54.85220773167779 -nan nan  
54.97787143782138 -nan nan  
55.10353514396498 -nan nan  
55.22919885010856 -nan nan  
55.35486255625216 -nan nan  
55.48052626239574 -nan nan  
55.60618996853934 -nan nan  
55.73185367468293 -nan nan  
55.85751738082652 -nan nan  
55.98318108697012 -nan nan  
56.1088447931137 -nan nan  
56.2345084992573 -nan nan  
56.36017220540089 -nan nan  
56.48583591154448 -nan nan  
56.61149961768807 -nan nan  
56.73716332383167 -nan nan  
56.86282702997525 -nan nan  
56.98849073611885 -nan nan  
57.11415444226245 -nan nan  
57.23981814840603 -nan nan  
57.36548185454963 -nan nan  
57.49114556069321 -nan nan  
57.61680926683681 -nan nan  
57.74247297298039 -nan nan  
57.86813667912399 -nan nan  
57.99380038526758 -nan nan  
58.11946409141117 -nan nan  
58.24512779755476 -nan nan  
58.37079150369836 -nan nan  
58.49645520984195 -nan nan  
58.62211891598554 -nan nan  
58.74778262212914 -nan nan  
58.87344632827272 -nan nan  
58.99911003441632 -nan nan  
59.1247737405599 -nan nan  
59.2504374467035 -nan nan  
59.37610115284708 -nan nan  
59.50176485899068 -nan nan  
59.62742856513427 -nan nan  
59.75309227127786 -nan nan  
59.87875597742146 -nan nan  
60.00441968356505 -nan nan  
60.13008338970864 -nan nan  
60.25574709585223 -nan nan  
60.38141080199583 -nan nan  
60.50707450813941 -nan nan  
60.63273821428301 -nan nan  
60.75840192042659 -nan nan  
60.88406562657019 -nan nan  
61.00972933271379 -nan nan  
61.13539303885737 -nan nan  
61.26105674500097 -nan nan  
61.38672045114455 -nan nan  
61.51238415728815 -nan nan  
61.63804786343174 -nan nan  
61.76371156957534 -nan nan  
61.88937527571892 -nan nan  
62.01503898186252 -nan nan  
62.1407026880061 -nan nan  
62.2663663941497 -nan nan  
62.3920301002933 -nan nan  
62.51769380643688 -nan nan  
62.64335751258048 -nan nan  
62.76902121872406 -nan nan  
62.89468492486766 -nan nan  
63.02034863101125 -nan nan  
63.14601233715484 -nan nan  
63.27167604329843 -nan nan  
63.39733974944203 -nan nan  
63.52300345558561 -nan nan  
63.64866716172921 -nan nan  
63.77433086787281 -nan nan  
63.89999457401639 -nan nan  
64.02565828015999 -nan nan  
64.15132198630357 -nan nan  
64.27698569244717 -nan nan  
64.40264939859075 -nan nan  
64.52831310473435 -nan nan  
64.65397681087794 -nan nan  
64.77964051702153 -nan nan  
64.90530422316512 -nan nan  
65.03096792930872 -nan nan  
65.15663163545231 -nan nan  
65.2822953415959 -nan nan  
65.4079590477395 -nan nan  
65.53362275388308 -nan nan  
65.65928646002668 -nan nan  
65.78495016617026 -nan nan  
65.91061387231386 -nan nan  
66.03627757845744 -nan nan  
66.16194128460104 -nan nan  
66.28760499074463 -nan nan  
66.41326869688822 -nan nan  
66.53893240303182 -nan nan  
66.66459610917541 -nan nan  
66.790259815319 -nan nan  
66.91592352146259 -nan nan  
67.04158722760619 -nan nan  
67.16725093374977 -nan nan  
67.29291463989337 -nan nan  
67.41857834603695 -nan nan  
67.54424205218055 -nan nan  
67.66990575832413 -nan nan  
67.79556946446773 -nan nan  
67.92123317061133 -nan nan  
68.04689687675491 -nan nan  
68.17256058289851 -nan nan  
68.2982242890421 -nan nan  
68.42388799518569 -nan nan  
68.54955170132928 -nan nan  
68.67521540747288 -nan nan  
68.80087911361646 -nan nan  
68.92654281976006 -nan nan  
69.05220652590366 -nan nan  
69.17787023204724 -nan nan  
69.30353393819084 -nan nan  
69.42919764433442 -nan nan  
69.55486135047802 -nan nan  
69.6805250566216 -nan nan  
69.8061887627652 -nan nan  
69.93185246890879 -nan nan  
70.05751617505238 -nan nan  
70.18317988119597 -nan nan  
70.30884358733957 -nan nan  
70.43450729348316 -nan nan  
70.56017099962675 -nan nan  
70.68583470577035 -nan nan  
70.81149841191393 -nan nan  
70.93716211805753 -nan nan  
71.06282582420111 -nan nan  
71.18848953034471 -nan nan  
71.31415323648829 -nan nan  
71.43981694263189 -nan nan  
71.56548064877548 -nan nan  
71.69114435491907 -nan nan  
71.81680806106267 -nan nan  
71.94247176720626 -nan nan  
72.06813547334986 -nan nan  
72.19379917949344 -nan nan  
72.31946288563704 -nan nan  
72.44512659178062 -nan nan  
72.57079029792422 -nan nan  
72.6964540040678 -nan nan  
72.8221177102114 -nan nan  
72.94778141635499 -nan nan  
73.07344512249858 -nan nan  
73.19910882864218 -nan nan  
73.32477253478577 -nan nan  
73.45043624092936 -nan nan  
73.57609994707295 -nan nan  
73.70176365321655 -nan nan  
73.82742735936013 -nan nan  
73.95309106550373 -nan nan  
74.07875477164731 -nan nan  
74.20441847779091 -nan nan  
74.33008218393451 -nan nan  
74.45574589007809 -nan nan  
74.58140959622169 -nan nan  
74.70707330236527 -nan nan  
74.83273700850887 -nan nan  
74.95840071465246 -nan nan  
75.08406442079605 -nan nan  
75.20972812693964 -nan nan  
75.33539183308324 -nan nan  
75.46105553922683 -nan nan  
75.58671924537042 -nan nan  
75.71238295151402 -nan nan  
75.8380466576576 -nan nan  
75.9637103638012 -nan nan  
76.08937406994478 -nan nan  
76.21503777608838 -nan nan  
76.34070148223196 -nan nan  
76.46636518837556 -nan nan  
76.59202889451916 -nan nan  
76.71769260066274 -nan nan  
76.84335630680634 -nan nan  
76.96902001294993 -nan nan  
77.09468371909352 -nan nan  
77.22034742523711 -nan nan  
77.34601113138071 -nan nan  
77.47167483752429 -nan nan  
77.59733854366789 -nan nan  
77.72300224981149 -nan nan  
77.84866595595507 -nan nan  
77.97432966209867 -nan nan  
78.09999336824225 -nan nan  
78.22565707438585 -nan nan  
78.35132078052943 -nan nan  
78.47698448667303 -nan nan  
78.60264819281662 -nan nan  
78.72831189896021 -nan nan  
78.85397560510381 -nan nan  
78.9796393112474 -nan nan  
79.10530301739099 -nan nan  
79.23096672353458 -nan nan  
79.35663042967818 -nan nan  
79.48229413582176 -nan nan  
79.60795784196536 -nan nan  
79.73362154810894 -nan nan  
79.85928525425254 -nan nan  
79.98494896039614 -nan nan  
80.11061266653972 -nan nan  
80.23627637268332 -nan nan  
80.3619400788269 -nan nan  
80.4876037849705 -nan nan  
80.61326749111409 -nan nan  
80.73893119725768 -nan nan  
80.86459490340127 -nan nan  
80.99025860954487 -nan nan  
81.11592231568847 -nan nan  
81.24158602183205 -nan nan  
81.36724972797565 -nan nan  
81.49291343411923 -nan nan  
81.61857714026283 -nan nan  
81.74424084640641 -nan nan  
81.86990455255001 -nan nan  
81.99556825869359 -nan nan  
82.12123196483719 -nan nan  
82.24689567098078 -nan nan  
82.37255937712438 -nan nan  
82.49822308326797 -nan nan  
82.62388678941156 -nan nan  
82.74955049555516 -nan nan  
82.87521420169874 -nan nan  
83.00087790784234 -nan nan  
83.12654161398592 -nan nan  
83.25220532012952 -nan nan  
83.37786902627312 -nan nan  
83.5035327324167 -nan nan  
83.62919643856029 -nan nan  
83.75486014470388 -nan nan  
83.88052385084748 -nan nan  
84.00618755699107 -nan nan  
84.13185126313466 -nan nan  
84.25751496927825 -nan nan  
84.38317867542185 -nan nan  
84.50884238156543 -nan nan  
84.63450608770903 -nan nan  
84.76016979385263 -nan nan  
84.88583349999621 -nan nan  
85.01149720613979 -nan nan  
85.13716091228339 -nan nan  
85.26282461842699 -nan nan  
85.38848832457057 -nan nan  
85.51415203071417 -nan nan  
85.63981573685777 -nan nan  
85.76547944300135 -nan nan  
85.89114314914494 -nan nan  
86.01680685528854 -nan nan  
86.14247056143213 -nan nan  
86.26813426757572 -nan nan  
86.3937979737193 -nan nan  
86.5194616798629 -nan nan  
86.6451253860065 -nan nan  
86.77078909215008 -nan nan  
86.89645279829368 -nan nan  
87.02211650443728 -nan nan  
87.14778021058086 -nan nan  
87.27344391672445 -nan nan  
87.39910762286804 -nan nan  
87.52477132901164 -nan nan  
87.65043503515523 -nan nan  
87.77609874129881 -nan nan  
87.90176244744242 -nan nan  
88.02742615358601 -nan nan  
88.15308985972959 -nan nan  
88.27875356587319 -nan nan  
88.40441727201679 -nan nan  
88.53008097816037 -nan nan  
88.65574468430395 -nan nan  
88.78140839044755 -nan nan  
88.90707209659115 -nan nan  
89.03273580273473 -nan nan  
89.15839950887833 -nan nan  
89.28406321502193 -nan nan  
89.40972692116551 -nan nan  
89.5353906273091 -nan nan  
89.6610543334527 -nan nan  
89.78671803959629 -nan nan  
89.91238174573988 -nan nan  
90.03804545188346 -nan nan  
90.16370915802707 -nan nan  
90.28937286417066 -nan nan  
90.41503657031424 -nan nan  
90.54070027645784 -nan nan  
90.66636398260144 -nan nan  
90.79202768874502 -nan nan  
90.91769139488861 -nan nan  
91.0433551010322 -nan nan  
91.1690188071758 -nan nan  
91.29468251331939 -nan nan  
91.42034621946297 -nan nan  
91.54600992560658 -nan nan  
91.67167363175017 -nan nan  
91.79733733789375 -nan nan  
91.92300104403735 -nan nan  
92.04866475018095 -nan nan  
92.17432845632453 -nan nan  
92.29999216246811 -nan nan  
92.42565586861173 -nan nan  
92.55131957475531 -nan nan  
92.6769832808989 -nan nan  
92.80264698704248 -nan nan  
92.92831069318609 -nan nan  
93.05397439932968 -nan nan  
93.17963810547326 -nan nan  
93.30530181161686 -nan nan  
93.43096551776046 -nan nan  
93.55662922390404 -nan nan  
93.68229293004762 -nan nan  
93.80795663619124 -nan nan  
93.93362034233482 -nan nan  
94.0592840484784 -nan nan  
94.18494775462199 -nan nan  
94.3106114607656 -nan nan  
94.43627516690918 -nan nan  
94.56193887305277 -nan nan  
94.68760257919638 -nan nan  
94.81326628533996 -nan nan  
94.93892999148355 -nan nan  
95.06459369762713 -nan nan  
95.19025740377074 -nan nan  
95.31592110991433 -nan nan  
95.44158481605791 -nan nan  
95.5672485222015 -nan nan  
95.69291222834511 -nan nan  
95.81857593448869 -nan nan  
95.94423964063228 -nan nan  
96.06990334677589 -nan nan  
96.19556705291947 -nan nan  
96.32123075906306 -nan nan  
96.44689446520664 -nan nan  
96.57255817135025 -nan nan  
96.69822187749384 -nan nan  
96.82388558363742 -nan nan  
96.949549289781 -nan nan  
97.07521299592462 -nan nan  
97.2008767020682 -nan nan  
97.32654040821178 -nan nan  
97.4522041143554 -nan nan  
97.57786782049898 -nan nan  
97.70353152664256 -nan nan  
97.82919523278615 -nan nan  
97.95485893892976 -nan nan  
98.08052264507334 -nan nan  
98.20618635121693 -nan nan  
98.33185005736051 -nan nan  
98.45751376350412 -nan nan  
98.58317746964771 -nan nan  
98.70884117579129 -nan nan  
98.8345048819349 -nan nan  
98.96016858807849 -nan nan  
99.08583229422207 -nan nan  
99.21149600036566 -nan nan  
99.33715970650927 -nan nan  
99.46282341265285 -nan nan  
99.58848711879644 -nan nan  
99.71415082494002 -nan nan  
99.83981453108363 -nan nan  
99.96547823722722 -nan nan  
100.0911419433708 -nan nan  
100.2168056495144 -nan nan  
100.342469355658 -nan nan  
100.4681330618016 -nan nan  
100.5937967679452 -nan nan  
100.7194604740888 -nan nan  
100.8451241802324 -nan nan  
100.9707878863759 -nan nan  
101.0964515925195 -nan nan  
101.2221152986631 -nan nan  
101.3477790048067 -nan nan  
101.4734427109503 -nan nan  
101.5991064170939 -nan nan  
101.7247701232375 -nan nan  
101.8504338293811 -nan nan  
101.9760975355247 -nan nan  
102.1017612416683 -nan nan  
102.2274249478119 -nan nan  
102.3530886539555 -nan nan  
102.478752360099 -nan nan  
102.6044160662426 -nan nan  
102.7300797723862 -nan nan  
102.8557434785298 -nan nan  
102.9814071846734 -nan nan  
103.107070890817 -nan nan  
103.2327345969606 -nan nan  
103.3583983031042 -nan nan  
103.4840620092478 -nan nan  
103.6097257153914 -nan nan  
103.735389421535 -nan nan  
103.8610531276785 -nan nan  
103.9867168338222 -nan nan  
104.1123805399657 -nan nan  
104.2380442461093 -nan nan  
104.3637079522529 -nan nan  
104.4893716583965 -nan nan  
104.6150353645401 -nan nan  
104.7406990706837 -nan nan  
104.8663627768273 -nan nan  
104.9920264829709 -nan nan  
105.1176901891145 -nan nan  
105.2433538952581 -nan nan  
105.3690176014017 -nan nan  
105.4946813075452 -nan nan  
105.6203450136888 -nan nan  
105.7460087198324 -nan nan  
105.871672425976 -nan nan  
105.9973361321196 -nan nan  
106.1229998382632 -nan nan  
106.2486635444068 -nan nan  
106.3743272505504 -nan nan  
106.499990956694 -nan nan  
106.6256546628376 -nan nan  
106.7513183689812 -nan nan  
106.8769820751248 -nan nan  
107.0026457812683 -nan nan  
107.128309487412 -nan nan  
107.2539731935555 -nan nan  
107.3796368996991 -nan nan  
107.5053006058427 -nan nan  
107.6309643119863 -nan nan  
107.7566280181299 -nan nan  
107.8822917242735 -nan nan  
108.0079554304171 -nan nan  
108.1336191365607 -nan nan  
108.2592828427043 -nan nan  
108.3849465488479 -nan nan  
108.5106102549915 -nan nan  
108.636273961135 -nan nan  
108.7619376672786 -nan nan  
108.8876013734222 -nan nan  
109.0132650795658 -nan nan  
109.1389287857094 -nan nan  
109.264592491853 -nan nan  
109.3902561979966 -nan nan  
109.5159199041402 -nan nan  
109.6415836102838 -nan nan  
109.7672473164274 -nan nan  
109.892911022571 -nan nan  
110.0185747287146 -nan nan  
110.1442384348581 -nan nan  
110.2699021410017 -nan nan  
110.3955658471453 -nan nan  
110.5212295532889 -nan nan  
110.6468932594325 -nan nan  
110.7725569655761 -nan nan  
110.8982206717197 -nan nan  
111.0238843778633 -nan nan  
111.1495480840069 -nan nan  
111.2752117901505 -nan nan  
111.4008754962941 -nan nan  
111.5265392024376 -nan nan  
111.6522029085812 -nan nan  
111.7778666147248 -nan nan  
111.9035303208684 -nan nan  
112.029194027012 -nan nan  
112.1548577331556 -nan nan  
112.2805214392992 -nan nan  
112.4061851454428 -nan nan  
112.5318488515864 -nan nan  
112.65751255773 -nan nan  
112.7831762638736 -nan nan  
112.9088399700172 -nan nan  
113.0345036761608 -nan nan  
113.1601673823044 -nan nan  
113.2858310884479 -nan nan  
113.4114947945915 -nan nan  
113.5371585007351 -nan nan  
113.6628222068787 -nan nan  
113.7884859130223 -nan nan  
113.9141496191659 -nan nan  
114.0398133253095 -nan nan  
114.1654770314531 -nan nan  
114.2911407375967 -nan nan  
114.4168044437403 -nan nan  
114.5424681498839 -nan nan  
114.6681318560274 -nan nan  
114.793795562171 -nan nan  
114.9194592683146 -nan nan  
115.0451229744582 -nan nan  
115.1707866806018 -nan nan  
115.2964503867454 -nan nan  
115.422114092889 -nan nan  
115.5477777990326 -nan nan  
115.6734415051762 -nan nan  
115.7991052113198 -nan nan  
115.9247689174634 -nan nan  
116.050432623607 -nan nan  
116.1760963297505 -nan nan  
116.3017600358941 -nan nan  
116.4274237420377 -nan nan  
116.5530874481813 -nan nan  
116.6787511543249 -nan nan  
116.8044148604685 -nan nan  
116.9300785666121 -nan nan  
117.0557422727557 -nan nan  
117.1814059788993 -nan nan  
117.3070696850429 -nan nan  
117.4327333911865 -nan nan  
117.5583970973301 -nan nan  
117.6840608034737 -nan nan  
117.8097245096172 -nan nan  
117.9353882157608 -nan nan  
118.0610519219044 -nan nan  
118.186715628048 -nan nan  
118.3123793341916 -nan nan  
118.4380430403352 -nan nan  
118.5637067464788 -nan nan  
118.6893704526224 -nan nan  
118.815034158766 -nan nan  
118.9406978649096 -nan nan  
119.0663615710532 -nan nan  
119.1920252771967 -nan nan  
119.3176889833403 -nan nan  
119.4433526894839 -nan nan  
119.5690163956275 -nan nan  
119.6946801017711 -nan nan  
119.8203438079147 -nan nan  
119.9460075140583 -nan nan  
120.0716712202019 -nan nan  
120.1973349263455 -nan nan  
120.3229986324891 -nan nan  
120.4486623386327 -nan nan  
120.5743260447763 -nan nan  
120.6999897509199 -nan nan  
120.8256534570634 -nan nan  
120.951317163207 -nan nan  
121.0769808693506 -nan nan  
121.2026445754942 -nan nan  
121.3283082816378 -nan nan  
121.4539719877814 -nan nan  
121.579635693925 -nan nan  
121.7052994000686 -nan nan  
121.8309631062122 -nan nan  
121.9566268123558 -nan nan  
122.0822905184994 -nan nan  
122.2079542246429 -nan nan  
122.3336179307865 -nan nan  
122.4592816369301 -nan nan  
122.5849453430737 -nan nan  
122.7106090492173 -nan nan  
122.8362727553609 -nan nan  
122.9619364615045 -nan nan  
123.0876001676481 -nan nan  
123.2132638737917 -nan nan  
123.3389275799353 -nan nan  
123.4645912860789 -nan nan  
123.5902549922225 -nan nan  
123.7159186983661 -nan nan  
123.8415824045097 -nan nan  
123.9672461106532 -nan nan  
124.0929098167968 -nan nan  
124.2185735229404 -nan nan  
124.344237229084 -nan nan  
124.4699009352276 -nan nan  
124.5955646413712 -nan nan  
124.7212283475148 -nan nan  
124.8468920536584 -nan nan  
124.972555759802 -nan nan  
125.0982194659456 -nan nan  
125.2238831720892 -nan nan  
125.3495468782327 -nan nan  
125.4752105843763 -nan nan  
125.6008742905199 -nan nan  
125.7265379966635 -nan nan  
125.8522017028071 -nan nan  
125.9778654089507 -nan nan  
126.1035291150943 -nan nan  
126.2291928212379 -nan nan  
126.3548565273815 -nan nan  
126.4805202335251 -nan nan  
126.6061839396687 -nan nan  
126.7318476458123 -nan nan  
126.8575113519558 -nan nan  
126.9831750580994 -nan nan  
127.108838764243 -nan nan  
127.2345024703866 -nan nan  
127.3601661765302 -nan nan  
127.4858298826738 -nan nan  
127.6114935888174 -nan nan  
127.737157294961 -nan nan  
127.8628210011046 -nan nan  
127.9884847072482 -nan nan  
128.1141484133917 -nan nan  
128.2398121195354 -nan nan  
128.3654758256789 -nan nan  
128.4911395318225 -nan nan  
128.6168032379661 -nan nan  
128.7424669441097 -nan nan  
128.8681306502533 -nan nan  
128.9937943563969 -nan nan  
129.1194580625405 -nan nan  
129.2451217686841 -nan nan  
129.3707854748277 -nan nan  
129.4964491809713 -nan nan  
129.6221128871149 -nan nan  
129.7477765932585 -nan nan  
129.873440299402 -nan nan  
129.9991040055456 -nan nan  
130.1247677116892 -nan nan  
130.2504314178328 -nan nan  
130.3760951239764 -nan nan  
130.50175883012 -nan nan  
130.6274225362636 -nan nan  
130.7530862424072 -nan nan  
130.8787499485508 -nan nan  
131.0044136546944 -nan nan  
131.130077360838 -nan nan  
131.2557410669816 -nan nan  
131.3814047731252 -nan nan  
131.5070684792688 -nan nan  
131.6327321854123 -nan nan  
131.7583958915559 -nan nan  
131.8840595976995 -nan nan  
132.0097233038431 -nan nan  
132.1353870099867 -nan nan  
132.2610507161303 -nan nan  
132.3867144222739 -nan nan  
132.5123781284175 -nan nan  
132.6380418345611 -nan nan  
132.7637055407046 -nan nan  
132.8893692468482 -nan nan  
133.0150329529918 -nan nan  
133.1406966591354 -nan nan  
133.266360365279 -nan nan  
133.3920240714226 -nan nan  
133.5176877775662 -nan nan  
133.6433514837098 -nan nan  
133.7690151898534 -nan nan  
133.894678895997 -nan nan  
134.0203426021406 -nan nan  
134.1460063082842 -nan nan  
134.2716700144278 -nan nan  
134.3973337205713 -nan nan  
134.5229974267149 -nan nan  
134.6486611328585 -nan nan  
134.7743248390021 -nan nan  
134.8999885451457 -nan nan  
135.0256522512893 -nan nan  
135.1513159574329 -nan nan  
135.2769796635765 -nan nan  
135.4026433697201 -nan nan  
135.5283070758637 -nan nan  
135.6539707820073 -nan nan  
135.7796344881509 -nan nan  
135.9052981942945 -nan nan  
136.030961900438 -nan nan  
136.1566256065816 -nan nan  
136.2822893127252 -nan nan  
136.4079530188688 -nan nan  
136.5336167250124 -nan nan  
136.659280431156 -nan nan  
136.7849441372996 -nan nan  
136.9106078434432 -nan nan  
137.0362715495868 -nan nan  
137.1619352557304 -nan nan  
137.287598961874 -nan nan  
137.4132626680176 -nan nan  
137.5389263741612 -nan nan  
137.6645900803047 -nan nan  
137.7902537864483 -nan nan  
137.9159174925919 -nan nan  
138.0415811987355 -nan nan  
138.1672449048791 -nan nan  
138.2929086110227 -nan nan  
138.4185723171663 -nan nan  
138.5442360233099 -nan nan  
138.6698997294535 -nan nan  
138.7955634355971 -nan nan  
138.9212271417406 -nan nan  
139.0468908478842 -nan nan  
139.1725545540278 -nan nan  
139.2982182601714 -nan nan  
139.423881966315 -nan nan  
139.5495456724586 -nan nan  
139.6752093786022 -nan nan  
139.8008730847458 -nan nan  
139.9265367908894 -nan nan  
140.052200497033 -nan nan  
140.1778642031766 -nan nan  
140.3035279093202 -nan nan  
140.4291916154638 -nan nan  
140.5548553216073 -nan nan  
140.6805190277509 -nan nan  
140.8061827338945 -nan nan  
140.9318464400381 -nan nan  
141.0575101461817 -nan nan  
141.1831738523253 -nan nan  
141.3088375584689 -nan nan  
141.4345012646125 -nan nan  
141.5601649707561 -nan nan  
141.6858286768997 -nan nan  
141.8114923830433 -nan nan  
141.9371560891869 -nan nan  
142.0628197953305 -nan nan  
142.188483501474 -nan nan  
142.3141472076176 -nan nan  
142.4398109137612 -nan nan  
142.5654746199048 -nan nan  
142.6911383260484 -nan nan  
142.816802032192 -nan nan  
142.9424657383356 -nan nan  
143.0681294444792 -nan nan  
143.1937931506228 -nan nan  
143.3194568567664 -nan nan  
143.4451205629099 -nan nan  
143.5707842690535 -nan nan  
143.6964479751971 -nan nan  
143.8221116813407 -nan nan  
143.9477753874843 -nan nan  
144.0734390936279 -nan nan  
144.1991027997715 -nan nan  
144.3247665059151 -nan nan  
144.4504302120587 -nan nan  
144.5760939182023 -nan nan  
144.7017576243459 -nan nan  
144.8274213304895 -nan nan  
144.9530850366331 -nan nan  
145.0787487427766 -nan nan  
145.2044124489202 -nan nan  
145.3300761550638 -nan nan  
145.4557398612074 -nan nan  
145.581403567351 -nan nan  
145.7070672734946 -nan nan  
145.8327309796382 -nan nan  
145.9583946857818 -nan nan  
146.0840583919254 -nan nan  
146.209722098069 -nan nan  
146.3353858042126 -nan nan  
146.4610495103562 -nan nan  
146.5867132164997 -nan nan  
146.7123769226433 -nan nan  
146.8380406287869 -nan nan  
146.9637043349305 -nan nan  
147.0893680410741 -nan nan  
147.2150317472177 -nan nan  
147.3406954533613 -nan nan  
147.4663591595049 -nan nan  
147.5920228656485 -nan nan  
147.7176865717921 -nan nan  
147.8433502779357 -nan nan  
147.9690139840793 -nan nan  
148.0946776902229 -nan nan  
148.2203413963665 -nan nan  
148.34600510251 -nan nan  
148.4716688086536 -nan nan  
148.5973325147972 -nan nan  
148.7229962209408 -nan nan  
148.8486599270844 -nan nan  
148.974323633228 -nan nan  
149.0999873393716 -nan nan  
149.2256510455152 -nan nan  
149.3513147516587 -nan nan  
149.4769784578024 -nan nan  
149.6026421639459 -nan nan  
149.7283058700895 -nan nan  
149.8539695762331 -nan nan  
149.9796332823767 -nan nan  
150.1052969885203 -nan nan  
150.2309606946639 -nan nan  
150.3566244008075 -nan nan  
150.4822881069511 -nan nan  
150.6079518130947 -nan nan  
150.7336155192383 -nan nan  
150.8592792253819 -nan nan  
150.9849429315255 -nan nan  
151.110606637669 -nan nan  
151.2362703438126 -nan nan  
151.3619340499562 -nan nan  
151.4875977560998 -nan nan  
151.6132614622434 -nan nan  
151.738925168387 -nan nan  
151.8645888745306 -nan nan  
151.9902525806742 -nan nan  
152.1159162868178 -nan nan  
152.2415799929614 -nan nan  
152.367243699105 -nan nan  
152.4929074052486 -nan nan  
152.6185711113922 -nan nan  
152.7442348175358 -nan nan  
152.8698985236793 -nan nan  
152.9955622298229 -nan nan  
153.1212259359665 -nan nan  
153.2468896421101 -nan nan  
153.3725533482537 -nan nan  
153.4982170543973 -nan nan  
153.6238807605409 -nan nan  
153.7495444666845 -nan nan  
153.8752081728281 -nan nan  
154.0008718789717 -nan nan  
154.1265355851152 -nan nan  
154.2521992912588 -nan nan  
154.3778629974024 -nan nan  
154.503526703546 -nan nan  
154.6291904096896 -nan nan  
154.7548541158332 -nan nan  
154.8805178219768 -nan nan  
155.0061815281204 -nan nan  
155.131845234264 -nan nan  
155.2575089404076 -nan nan  
155.3831726465512 -nan nan  
155.5088363526948 -nan nan  
155.6345000588383 -nan nan  
155.7601637649819 -nan nan  
155.8858274711255 -nan nan  
156.0114911772691 -nan nan  
156.1371548834127 -nan nan  
156.2628185895563 -nan nan  
156.3884822956999 -nan nan  
156.5141460018435 -nan nan  
156.6398097079871 -nan nan  
156.7654734141307 -nan nan  
156.8911371202743 -nan nan  
157.0168008264179 -nan nan  
157.1424645325614 -nan nan  
157.2681282387051 -nan nan  
157.3937919448486 -nan nan  
157.5194556509922 -nan nan  
157.6451193571358 -nan nan  
157.7707830632794 -nan nan  
157.896446769423 -nan nan  
158.0221104755666 -nan nan  
158.1477741817102 -nan nan  
158.2734378878538 -nan nan  
158.3991015939974 -nan nan  
158.524765300141 -nan nan  
158.6504290062846 -nan nan  
158.7760927124282 -nan nan  
158.9017564185717 -nan nan  
159.0274201247153 -nan nan  
159.1530838308589 -nan nan  
159.2787475370025 -nan nan  
159.4044112431461 -nan nan  
159.5300749492897 -nan nan  
159.6557386554333 -nan nan  
159.7814023615769 -nan nan  
159.9070660677205 -nan nan  
160.0327297738641 -nan nan  
160.1583934800076 -nan nan  
160.2840571861512 -nan nan  
160.4097208922948 -nan nan  
160.5353845984384 -nan nan  
160.661048304582 -nan nan  
160.7867120107256 -nan nan  
160.9123757168692 -nan nan  
161.0380394230128 -nan nan  
161.1637031291564 -nan nan  
161.2893668353 -nan nan  
161.4150305414436 -nan nan  
161.5406942475872 -nan nan  
161.6663579537307 -nan nan  
161.7920216598744 -nan nan  
161.9176853660179 -nan nan  
162.0433490721615 -nan nan  
162.1690127783051 -nan nan  
162.2946764844487 -nan nan  
162.4203401905923 -nan nan  
162.5460038967359 -nan nan  
162.6716676028795 -nan nan  
162.7973313090231 -nan nan  
162.9229950151667 -nan nan  
163.0486587213103 -nan nan  
163.1743224274539 -nan nan  
163.2999861335975 -nan nan  
163.425649839741 -nan nan  
163.5513135458846 -nan nan  
163.6769772520282 -nan nan  
163.8026409581718 -nan nan  
163.9283046643154 -nan nan  
164.053968370459 -nan nan  
164.1796320766026 -nan nan  
164.3052957827462 -nan nan  
164.4309594888898 -nan nan  
164.5566231950334 -nan nan  
164.682286901177 -nan nan  
164.8079506073205 -nan nan  
164.9336143134641 -nan nan  
165.0592780196077 -nan nan  
165.1849417257513 -nan nan  
165.3106054318949 -nan nan  
165.4362691380385 -nan nan  
165.5619328441821 -nan nan  
165.6875965503257 -nan nan  
165.8132602564693 -nan nan  
165.9389239626129 -nan nan  
166.0645876687565 -nan nan  
166.1902513749001 -nan nan  
166.3159150810436 -nan nan  
166.4415787871872 -nan nan  
166.5672424933308 -nan nan  
166.6929061994744 -nan nan  
166.818569905618 -nan nan  
166.9442336117616 -nan nan  
167.0698973179052 -nan nan  
167.1955610240488 -nan nan  
167.3212247301924 -nan nan  
167.446888436336 -nan nan  
167.5725521424796 -nan nan  
167.6982158486231 -nan nan  
167.8238795547668 -nan nan  
167.9495432609103 -nan nan  
168.0752069670539 -nan nan  
168.2008706731975 -nan nan  
168.3265343793411 -nan nan  
168.4521980854847 -nan nan  
168.5778617916283 -nan nan  
168.7035254977719 -nan nan  
168.8291892039155 -nan nan  
168.9548529100591 -nan nan  
169.0805166162027 -nan nan  
169.2061803223463 -nan nan  
169.3318440284898 -nan nan  
169.4575077346334 -nan nan  
169.5831714407771 -nan nan  
169.7088351469206 -nan nan  
169.8344988530642 -nan nan  
169.9601625592078 -nan nan  
170.0858262653514 -nan nan  
170.211489971495 -nan nan  
170.3371536776386 -nan nan  
170.4628173837822 -nan nan  
170.5884810899258 -nan nan  
170.7141447960693 -nan nan  
170.8398085022129 -nan nan  
170.9654722083565 -nan nan  
171.0911359145001 -nan nan  
171.2167996206437 -nan nan  
171.3424633267873 -nan nan  
171.4681270329309 -nan nan  
171.5937907390745 -nan nan  
171.7194544452181 -nan nan  
171.8451181513617 -nan nan  
171.9707818575053 -nan nan  
172.0964455636488 -nan nan  
172.2221092697924 -nan nan  
172.3477729759361 -nan nan  
172.4734366820796 -nan nan  
172.5991003882232 -nan nan  
172.7247640943668 -nan nan  
172.8504278005104 -nan nan  
172.976091506654 -nan nan  
173.1017552127976 -nan nan  
173.2274189189412 -nan nan  
173.3530826250848 -nan nan  
173.4787463312284 -nan nan  
173.604410037372 -nan nan  
173.7300737435156 -nan nan  
173.8557374496591 -nan nan  
173.9814011558027 -nan nan  
174.1070648619464 -nan nan  
174.2327285680899 -nan nan  
174.3583922742335 -nan nan  
174.4840559803771 -nan nan  
174.6097196865207 -nan nan  
174.7353833926643 -nan nan  
174.8610470988079 -nan nan  
174.9867108049515 -nan nan  
175.1123745110951 -nan nan  
175.2380382172387 -nan nan  
175.3637019233823 -nan nan  
175.4893656295258 -nan nan  
175.6150293356694 -nan nan  
175.740693041813 -nan nan  
175.8663567479566 -nan nan  
175.9920204541002 -nan nan  
176.1176841602438 -nan nan  
176.2433478663874 -nan nan  
176.369011572531 -nan nan  
176.4946752786746 -nan nan  
176.6203389848181 -nan nan  
176.7460026909617 -nan nan  
176.8716663971054 -nan nan  
176.9973301032489 -nan nan  
177.1229938093925 -nan nan  
177.2486575155361 -nan nan  
177.3743212216797 -nan nan  
177.4999849278233 -nan nan  
177.6256486339669 -nan nan  
177.7513123401105 -nan nan  
177.8769760462541 -nan nan  
178.0026397523977 -nan nan  
178.1283034585413 -nan nan  
178.2539671646849 -nan nan  
178.3796308708284 -nan nan  
178.505294576972 -nan nan  
178.6309582831157 -nan nan  
178.7566219892592 -nan nan  
178.8822856954028 -nan nan  
179.0079494015464 -nan nan  
179.13361310769 -nan nan  
179.2592768138336 -nan nan  
179.3849405199772 -nan nan  
179.5106042261208 -nan nan  
179.6362679322644 -nan nan  
179.761931638408 -nan nan  
179.8875953445516 -nan nan  
180.0132590506952 -nan nan  
180.1389227568387 -nan nan  
180.2645864629823 -nan nan  
180.3902501691259 -nan nan  
180.5159138752695 -nan nan  
180.6415775814131 -nan nan  
180.7672412875567 -nan nan  
180.8929049937003 -nan nan  
181.0185686998439 -nan nan  
181.1442324059875 -nan nan  
181.2698961121311 -nan nan  
181.3955598182747 -nan nan  
181.5212235244182 -nan nan  
181.6468872305618 -nan nan  
181.7725509367054 -nan nan  
181.898214642849 -nan nan  
182.0238783489926 -nan nan  
182.1495420551362 -nan nan  
182.2752057612798 -nan nan  
182.4008694674234 -nan nan  
182.526533173567 -nan nan  
182.6521968797106 -nan nan  
182.7778605858542 -nan nan  
182.9035242919977 -nan nan  
183.0291879981413 -nan nan  
183.154851704285 -nan nan  
183.2805154104285 -nan nan  
183.4061791165721 -nan nan  
183.5318428227157 -nan nan  
183.6575065288593 -nan nan  
183.7831702350029 -nan nan  
183.9088339411465 -nan nan  
184.0344976472901 -nan nan  
184.1601613534337 -nan nan  
184.2858250595773 -nan nan  
184.4114887657209 -nan nan  
184.5371524718645 -nan nan  
184.662816178008 -nan nan  
184.7884798841516 -nan nan  
184.9141435902952 -nan nan  
185.0398072964388 -nan nan  
185.1654710025824 -nan nan  
185.291134708726 -nan nan  
185.4167984148696 -nan nan  
185.5424621210132 -nan nan  
185.6681258271568 -nan nan  
185.7937895333004 -nan nan  
185.919453239444 -nan nan  
186.0451169455876 -nan nan  
186.1707806517311 -nan nan  
186.2964443578747 -nan nan  
186.4221080640183 -nan nan  
186.5477717701619 -nan nan  
186.6734354763055 -nan nan  
186.7990991824491 -nan nan  
186.9247628885927 -nan nan  
187.0504265947363 -nan nan  
187.1760903008799 -nan nan  
187.3017540070235 -nan nan  
187.427417713167 -nan nan  
187.5530814193106 -nan nan  
187.6787451254542 -nan nan  
187.8044088315978 -nan nan  
187.9300725377414 -nan nan  
188.055736243885 -nan nan  
188.1813999500286 -nan nan  
188.3070636561722 -nan nan  
188.4327273623158 -nan nan  
188.5583910684594 -nan nan  
188.684054774603 -nan nan  
188.8097184807466 -nan nan  
188.9353821868902 -nan nan  
189.0610458930337 -nan nan  
189.1867095991773 -nan nan  
189.3123733053209 -nan nan  
189.4380370114645 -nan nan  
189.5637007176081 -nan nan  
189.6893644237517 -nan nan  
189.8150281298953 -nan nan  
189.9406918360389 -nan nan  
190.0663555421825 -nan nan  
190.1920192483261 -nan nan  
190.3176829544697 -nan nan  
190.4433466606132 -nan nan  
190.5690103667569 -nan nan  
190.6946740729005 -nan nan  
190.820337779044 -nan nan  
190.9460014851876 -nan nan  
191.0716651913312 -nan nan  
191.1973288974748 -nan nan  
191.3229926036184 -nan nan  
191.448656309762 -nan nan  
191.5743200159056 -nan nan  
191.6999837220492 -nan nan  
191.8256474281928 -nan nan  
191.9513111343364 -nan nan  
192.0769748404799 -nan nan  
192.2026385466235 -nan nan  
192.3283022527671 -nan nan  
192.4539659589107 -nan nan  
192.5796296650543 -nan nan  
192.7052933711979 -nan nan  
192.8309570773415 -nan nan  
192.9566207834851 -nan nan  
193.0822844896287 -nan nan  
193.2079481957722 -nan nan  
193.3336119019159 -nan nan  
193.4592756080595 -nan nan  
193.584939314203 -nan nan  
193.7106030203466 -nan nan  
193.8362667264902 -nan nan  
193.9619304326338 -nan nan  
194.0875941387774 -nan nan  
194.213257844921 -nan nan  
194.3389215510646 -nan nan  
194.4645852572082 -nan nan  
194.5902489633518 -nan nan  
194.7159126694954 -nan nan  
194.841576375639 -nan nan  
194.9672400817825 -nan nan  
195.0929037879262 -nan nan  
195.2185674940698 -nan nan  
195.3442312002133 -nan nan  
195.4698949063569 -nan nan  
195.5955586125005 -nan nan  
195.7212223186441 -nan nan  
195.8468860247877 -nan nan  
195.9725497309313 -nan nan  
196.0982134370749 -nan nan  
196.2238771432185 -nan nan  
196.3495408493621 -nan nan  
196.4752045555057 -nan nan  
196.6008682616493 -nan nan  
196.7265319677928 -nan nan  
196.8521956739364 -nan nan  
196.97785938008 -nan nan  
197.1035230862236 -nan nan  
197.2291867923672 -nan nan  
197.3548504985108 -nan nan  
197.4805142046544 -nan nan  
197.606177910798 -nan nan  
197.7318416169416 -nan nan  
197.8575053230852 -nan nan  
197.9831690292288 -nan nan  
198.1088327353723 -nan nan  
198.2344964415159 -nan nan  
198.3601601476595 -nan nan  
198.4858238538031 -nan nan  
198.6114875599467 -nan nan  
198.7371512660903 -nan nan  
198.8628149722339 -nan nan  
198.9884786783775 -nan nan  
199.1141423845211 -nan nan  
199.2398060906647 -nan nan  
199.3654697968083 -nan nan  
199.4911335029518 -nan nan  
199.6167972090955 -nan nan  
199.7424609152391 -nan nan  
199.8681246213826 -nan nan  
199.9937883275262 -nan nan  
200.1194520336698 -nan nan  
200.2451157398134 -nan nan  
200.370779445957 -nan nan  
200.4964431521006 -nan nan  
200.6221068582442 -nan nan  
200.7477705643878 -nan nan  
200.8734342705314 -nan nan  
200.999097976675 -nan nan  
201.1247616828186 -nan nan  
201.2504253889621 -nan nan  
201.3760890951058 -nan nan  
201.5017528012493 -nan nan  
201.6274165073929 -nan nan  
201.7530802135365 -nan nan  
201.8787439196801 -nan nan  
202.0044076258237 -nan nan  
202.1300713319673 -nan nan  
202.2557350381109 -nan nan  
202.3813987442545 -nan nan  
202.5070624503981 -nan nan  
202.6327261565417 -nan nan  
202.7583898626852 -nan nan  
202.8840535688288 -nan nan  
203.0097172749724 -nan nan  
203.135380981116 -nan nan  
203.2610446872596 -nan nan  
203.3867083934032 -nan nan  
203.5123720995468 -nan nan  
203.6380358056904 -nan nan  
203.763699511834 -nan nan  
203.8893632179776 -nan nan  
204.0150269241211 -nan nan  
204.1406906302648 -nan nan  
204.2663543364083 -nan nan  
204.3920180425519 -nan nan  
204.5176817486955 -nan nan  
204.6433454548391 -nan nan  
204.7690091609827 -nan nan  
204.8946728671263 -nan nan  
205.0203365732699 -nan nan  
205.1460002794135 -nan nan  
205.2716639855571 -nan nan  
205.3973276917007 -nan nan  
205.5229913978443 -nan nan  
205.6486551039878 -nan nan  
205.7743188101314 -nan nan  
205.8999825162751 -nan nan  
206.0256462224186 -nan nan  
206.1513099285622 -nan nan  
206.2769736347058 -nan nan  
206.4026373408494 -nan nan  
206.528301046993 -nan nan  
206.6539647531366 -nan nan  
206.7796284592802 -nan nan  
206.9052921654238 -nan nan  
207.0309558715674 -nan nan  
207.156619577711 -nan nan  
207.2822832838546 -nan nan  
207.4079469899981 -nan nan  
207.5336106961417 -nan nan  
207.6592744022853 -nan nan  
207.7849381084289 -nan nan  
207.9106018145725 -nan nan  
208.0362655207161 -nan nan  
208.1619292268597 -nan nan  
208.2875929330033 -nan nan  
208.4132566391469 -nan nan  
208.5389203452904 -nan nan  
208.6645840514341 -nan nan  
208.7902477575776 -nan nan  
208.9159114637212 -nan nan  
209.0415751698648 -nan nan  
209.1672388760084 -nan nan  
209.292902582152 -nan nan  
209.4185662882956 -nan nan  
209.5442299944392 -nan nan  
209.6698937005828 -nan nan  
209.7955574067264 -nan nan  
209.92122111287 -nan nan  
210.0468848190136 -nan nan  
210.1725485251571 -nan nan  
210.2982122313007 -nan nan  
210.4238759374444 -nan nan  
210.5495396435879 -nan nan  
210.6752033497315 -nan nan  
210.8008670558751 -nan nan  
210.9265307620187 -nan nan  
211.0521944681623 -nan nan  
211.1778581743059 -nan nan  
211.3035218804495 -nan nan  
211.4291855865931 -nan nan  
211.5548492927367 -nan nan  
211.6805129988803 -nan nan  
211.8061767050239 -nan nan  
211.9318404111674 -nan nan  
212.057504117311 -nan nan  
212.1831678234547 -nan nan  
212.3088315295982 -nan nan  
212.4344952357418 -nan nan  
212.5601589418854 -nan nan  
212.685822648029 -nan nan  
212.8114863541726 -nan nan  
212.9371500603162 -nan nan  
213.0628137664598 -nan nan  
213.1884774726034 -nan nan  
213.314141178747 -nan nan  
213.4398048848905 -nan nan  
213.5654685910341 -nan nan  
213.6911322971777 -nan nan  
213.8167960033213 -nan nan  
213.9424597094649 -nan nan  
214.0681234156085 -nan nan  
214.1937871217521 -nan nan  
214.3194508278957 -nan nan  
214.4451145340393 -nan nan  
214.5707782401829 -nan nan  
214.6964419463264 -nan nan  
214.82210565247 -nan nan  
214.9477693586137 -nan nan  
215.0734330647572 -nan nan  
215.1990967709008 -nan nan  
215.3247604770444 -nan nan  
215.450424183188 -nan nan  
215.5760878893316 -nan nan  
215.7017515954752 -nan nan  
215.8274153016188 -nan nan  
215.9530790077624 -nan nan  
216.078742713906 -nan nan  
216.2044064200496 -nan nan  
216.3300701261932 -nan nan  
216.4557338323367 -nan nan  
216.5813975384803 -nan nan  
216.707061244624 -nan nan  
216.8327249507675 -nan nan  
216.9583886569111 -nan nan  
217.0840523630547 -nan nan  
217.2097160691983 -nan nan  
217.3353797753419 -nan nan  
217.4610434814855 -nan nan  
217.5867071876291 -nan nan  
217.7123708937727 -nan nan  
217.8380345999163 -nan nan  
217.9636983060599 -nan nan  
218.0893620122035 -nan nan  
218.215025718347 -nan nan  
218.3406894244906 -nan nan  
218.4663531306342 -nan nan  
218.5920168367778 -nan nan  
218.7176805429214 -nan nan  
218.843344249065 -nan nan  
218.9690079552086 -nan nan  
219.0946716613522 -nan nan  
219.2203353674957 -nan nan  
219.3459990736393 -nan nan  
219.471662779783 -nan nan  
219.5973264859265 -nan nan  
219.7229901920701 -nan nan  
219.8486538982137 -nan nan  
219.9743176043573 -nan nan  
220.0999813105009 -nan nan  
220.2256450166445 -nan nan  
220.3513087227881 -nan nan  
220.4769724289317 -nan nan  
220.6026361350753 -nan nan  
220.7282998412189 -nan nan  
220.8539635473625 -nan nan  
220.979627253506 -nan nan  
221.1052909596496 -nan nan  
221.2309546657932 -nan nan  
221.3566183719368 -nan nan  
221.4822820780804 -nan nan  
221.607945784224 -nan nan  
221.7336094903676 -nan nan  
221.8592731965112 -nan nan  
221.9849369026548 -nan nan  
222.1106006087984 -nan nan  
222.236264314942 -nan nan  
222.3619280210856 -nan nan  
222.4875917272292 -nan nan  
222.6132554333727 -nan nan  
222.7389191395163 -nan nan  
222.8645828456599 -nan nan  
222.9902465518035 -nan nan  
223.1159102579471 -nan nan  
223.2415739640907 -nan nan  
223.3672376702343 -nan nan  
223.4929013763779 -nan nan  
223.6185650825215 -nan nan  
223.7442287886651 -nan nan  
223.8698924948087 -nan nan  
223.9955562009522 -nan nan  
224.1212199070958 -nan nan  
224.2468836132394 -nan nan  
224.372547319383 -nan nan  
224.4982110255266 -nan nan  
224.6238747316702 -nan nan  
224.7495384378138 -nan nan  
224.8752021439574 -nan nan  
225.000865850101 -nan nan  
225.1265295562446 -nan nan  
225.2521932623882 -nan nan  
225.3778569685317 -nan nan  
225.5035206746753 -nan nan  
225.6291843808189 -nan nan  
225.7548480869625 -nan nan  
225.8805117931061 -nan nan  
226.0061754992497 -nan nan  
226.1318392053933 -nan nan  
226.2575029115369 -nan nan  
226.3831666176805 -nan nan  
226.5088303238241 -nan nan  
226.6344940299677 -nan nan  
226.7601577361112 -nan nan  
226.8858214422549 -nan nan  
227.0114851483985 -nan nan  
227.137148854542 -nan nan  
227.2628125606856 -nan nan  
227.3884762668292 -nan nan  
227.5141399729728 -nan nan  
227.6398036791164 -nan nan  
227.76546738526 -nan nan  
227.8911310914036 -nan nan  
228.0167947975472 -nan nan  
228.1424585036908 -nan nan  
228.2681222098344 -nan nan  
228.393785915978 -nan nan  
228.5194496221215 -nan nan  
228.6451133282652 -nan nan  
228.7707770344088 -nan nan  
228.8964407405523 -nan nan  
229.0221044466959 -nan nan  
229.1477681528395 -nan nan  
229.2734318589831 -nan nan  
229.3990955651267 -nan nan  
229.5247592712703 -nan nan  
229.6504229774139 -nan nan  
229.7760866835575 -nan nan  
229.901750389701 -nan nan  
230.0274140958446 -nan nan  
230.1530778019882 -nan nan  
230.2787415081318 -nan nan  
230.4044052142754 -nan nan  
230.530068920419 -nan nan  
230.6557326265626 -nan nan  
230.7813963327062 -nan nan  
230.9070600388498 -nan nan  
231.0327237449934 -nan nan  
231.158387451137 -nan nan  
231.2840511572805 -nan nan  
231.4097148634242 -nan nan  
231.5353785695678 -nan nan  
231.6610422757113 -nan nan  
231.7867059818549 -nan nan  
231.9123696879985 -nan nan  
232.0380333941421 -nan nan  
232.1636971002857 -nan nan  
232.2893608064293 -nan nan  
232.4150245125729 -nan nan  
232.5406882187165 -nan nan  
232.6663519248601 -nan nan  
232.7920156310037 -nan nan  
232.9176793371473 -nan nan  
233.0433430432908 -nan nan  
233.1690067494345 -nan nan  
233.2946704555781 -nan nan  
233.4203341617216 -nan nan  
233.5459978678652 -nan nan  
233.6716615740088 -nan nan  
233.7973252801524 -nan nan  
233.922988986296 -nan nan  
234.0486526924396 -nan nan  
234.1743163985832 -nan nan  
234.2999801047268 -nan nan  
234.4256438108704 -nan nan  
234.551307517014 -nan nan  
234.6769712231576 -nan nan  
234.8026349293011 -nan nan  
234.9282986354447 -nan nan  
235.0539623415883 -nan nan  
235.1796260477319 -nan nan  
235.3052897538755 -nan nan  
235.4309534600191 -nan nan  
235.5566171661627 -nan nan  
235.6822808723063 -nan nan  
235.8079445784498 -nan nan  
235.9336082845935 -nan nan  
236.0592719907371 -nan nan  
236.1849356968806 -nan nan  
236.3105994030242 -nan nan  
236.4362631091678 -nan nan  
236.5619268153114 -nan nan  
236.687590521455 -nan nan  
236.8132542275986 -nan nan  
236.9389179337422 -nan nan  
237.0645816398858 -nan nan  
237.1902453460294 -nan nan  
237.315909052173 -nan nan  
237.4415727583166 -nan nan  
237.5672364644601 -nan nan  
237.6929001706038 -nan nan  
237.8185638767473 -nan nan  
237.9442275828909 -nan nan  
238.0698912890345 -nan nan  
238.1955549951781 -nan nan  
238.3212187013217 -nan nan  
238.4468824074653 -nan nan  
238.5725461136089 -nan nan  
238.6982098197525 -nan nan  
238.8238735258961 -nan nan  
238.9495372320397 -nan nan  
239.0752009381833 -nan nan  
239.2008646443268 -nan nan  
239.3265283504704 -nan nan  
239.4521920566141 -nan nan  
239.5778557627576 -nan nan  
239.7035194689012 -nan nan  
239.8291831750448 -nan nan  
239.9548468811884 -nan nan  
240.080510587332 -nan nan  
240.2061742934756 -nan nan  
240.3318379996192 -nan nan  
240.4575017057628 -nan nan  
240.5831654119064 -nan nan  
240.7088291180499 -nan nan  
240.8344928241935 -nan nan  
240.9601565303371 -nan nan  
241.0858202364807 -nan nan  
241.2114839426243 -nan nan  
241.3371476487679 -nan nan  
241.4628113549115 -nan nan  
241.5884750610551 -nan nan  
241.7141387671987 -nan nan  
241.8398024733423 -nan nan  
241.9654661794859 -nan nan  
242.0911298856294 -nan nan  
242.2167935917731 -nan nan  
242.3424572979166 -nan nan  
242.4681210040602 -nan nan  
242.5937847102038 -nan nan  
242.7194484163474 -nan nan  
242.845112122491 -nan nan  
242.9707758286346 -nan nan  
243.0964395347782 -nan nan  
243.2221032409218 -nan nan  
243.3477669470654 -nan nan  
243.473430653209 -nan nan  
243.5990943593526 -nan nan  
243.7247580654961 -nan nan  
243.8504217716397 -nan nan  
243.9760854777834 -nan nan  
244.1017491839269 -nan nan  
244.2274128900705 -nan nan  
244.3530765962141 -nan nan  
244.4787403023577 -nan nan  
244.6044040085013 -nan nan  
244.7300677146449 -nan nan  
244.8557314207885 -nan nan  
244.9813951269321 -nan nan  
245.1070588330757 -nan nan  
245.2327225392193 -nan nan  
245.3583862453629 -nan nan  
245.4840499515064 -nan nan  
245.60971365765 -nan nan  
245.7353773637936 -nan nan  
245.8610410699372 -nan nan  
245.9867047760808 -nan nan  
246.1123684822244 -nan nan  
246.238032188368 -nan nan  
246.3636958945116 -nan nan  
246.4893596006551 -nan nan  
246.6150233067987 -nan nan  
246.7406870129424 -nan nan  
246.8663507190859 -nan nan  
246.9920144252295 -nan nan  
247.1176781313731 -nan nan  
247.2433418375167 -nan nan  
247.3690055436603 -nan nan  
247.4946692498039 -nan nan  
247.6203329559475 -nan nan  
247.7459966620911 -nan nan  
247.8716603682347 -nan nan  
247.9973240743783 -nan nan  
248.1229877805219 -nan nan  
248.2486514866654 -nan nan  
248.374315192809 -nan nan  
248.4999788989527 -nan nan  
248.6256426050962 -nan nan  
248.7513063112398 -nan nan  
248.8769700173834 -nan nan  
249.002633723527 -nan nan  
249.1282974296706 -nan nan  
249.2539611358142 -nan nan  
249.3796248419578 -nan nan  
249.5052885481014 -nan nan  
249.630952254245 -nan nan  
249.7566159603886 -nan nan  
249.8822796665322 -nan nan  
250.0079433726757 -nan nan  
250.1336070788193 -nan nan  
250.259270784963 -nan nan  
250.3849344911065 -nan nan  
250.5105981972501 -nan nan  
250.6362619033937 -nan nan  
250.7619256095373 -nan nan  
250.8875893156809 -nan nan  
251.0132530218245 -nan nan  
251.1389167279681 -nan nan  
251.2645804341117 -nan nan  
