# nf=1.000143482950193 mu=0 T=0.02 TrSigmaG=0 Epot=0 Ekin=-0.9991171399999998 mom=[]
0.06283185307179587 0 0  
0.1884955592153876 0 0  
0.3141592653589793 0 0  
0.439822971502571 0 0  
0.5654866776461628 0 0  
0.6911503837897545 0 0  
0.8168140899333463 0 0  
0.9424777960769378 0 0  
1.06814150222053 0 0  
1.193805208364121 0 0  
1.319468914507713 0 0  
1.445132620651305 0 0  
1.570796326794897 0 0  
1.696460032938488 0 0  
1.82212373908208 0 0  
1.947787445225672 0 0  
2.073451151369264 0 0  
2.199114857512855 0 0  
2.324778563656447 0 0  
2.450442269800039 0 0  
2.57610597594363 0 0  
2.701769682087222 0 0  
2.827433388230814 0 0  
2.953097094374406 0 0  
3.078760800517997 0 0  
3.204424506661589 0 0  
3.330088212805181 0 0  
3.455751918948772 0 0  
3.581415625092364 0 0  
3.707079331235956 0 0  
3.832743037379548 0 0  
3.95840674352314 0 0  
4.084070449666731 0 0  
4.209734155810323 0 0  
4.335397861953915 0 0  
4.461061568097507 0 0  
4.586725274241098 0 0  
4.71238898038469 0 0  
4.838052686528282 0 0  
4.963716392671873 0 0  
5.089380098815464 0 0  
5.215043804959057 0 0  
5.340707511102648 0 0  
5.466371217246239 0 0  
5.592034923389832 0 0  
5.717698629533423 0 0  
5.843362335677015 0 0  
5.969026041820607 0 0  
6.094689747964199 0 0  
6.220353454107791 0 0  
6.346017160251382 0 0  
6.471680866394974 0 0  
6.597344572538566 0 0  
6.723008278682157 0 0  
6.848671984825748 0 0  
6.974335690969341 0 0  
7.099999397112932 0 0  
7.225663103256525 0 0  
7.351326809400116 0 0  
7.476990515543707 0 0  
7.6026542216873 0 0  
7.728317927830891 0 0  
7.853981633974482 0 0  
7.979645340118075 0 0  
8.105309046261667 0 0  
8.230972752405258 0 0  
8.35663645854885 0 0  
8.482300164692441 0 0  
8.607963870836034 0 0  
8.733627576979625 0 0  
8.859291283123216 0 0  
8.984954989266809 0 0  
9.1106186954104 0 0  
9.236282401553993 0 0  
9.361946107697584 0 0  
9.487609813841175 0 0  
9.613273519984768 0 0  
9.738937226128359 0 0  
9.86460093227195 0 0  
9.990264638415542 0 0  
10.11592834455913 0 0  
10.24159205070272 0 0  
10.36725575684632 0 0  
10.49291946298991 0 0  
10.6185831691335 0 0  
10.74424687527709 0 0  
10.86991058142068 0 0  
10.99557428756427 0 0  
11.12123799370787 0 0  
11.24690169985146 0 0  
11.37256540599505 0 0  
11.49822911213864 0 0  
11.62389281828223 0 0  
11.74955652442583 0 0  
11.87522023056942 0 0  
12.00088393671301 0 0  
12.1265476428566 0 0  
12.25221134900019 0 0  
12.37787505514378 0 0  
12.50353876128738 0 0  
12.62920246743097 0 0  
12.75486617357456 0 0  
12.88052987971815 0 0  
13.00619358586174 0 0  
13.13185729200534 0 0  
13.25752099814893 0 0  
13.38318470429252 0 0  
13.50884841043611 0 0  
13.6345121165797 0 0  
13.76017582272329 0 0  
13.88583952886689 0 0  
14.01150323501048 0 0  
14.13716694115407 0 0  
14.26283064729766 0 0  
14.38849435344125 0 0  
14.51415805958485 0 0  
14.63982176572844 0 0  
14.76548547187203 0 0  
14.89114917801562 0 0  
15.01681288415921 0 0  
15.1424765903028 0 -nan  
15.2681402964464 0 -nan  
15.39380400258999 0 -nan  
15.51946770873358 0 -nan  
15.64513141487717 0 -nan  
15.77079512102076 0 -nan  
15.89645882716435 0 -nan  
16.02212253330795 0 -nan  
16.14778623945154 0 -nan  
16.27344994559513 0 -nan  
16.39911365173872 0 -nan  
16.52477735788231 0 -nan  
16.65044106402591 0 -nan  
16.7761047701695 0 -nan  
16.90176847631309 0 -nan  
17.02743218245668 0 -nan  
17.15309588860027 0 -nan  
17.27875959474386 0 -nan  
17.40442330088745 0 -nan  
17.53008700703105 0 -nan  
17.65575071317464 0 -nan  
17.78141441931823 0 -nan  
17.90707812546182 0 -nan  
18.03274183160541 0 -nan  
18.158405537749 0 -nan  
18.2840692438926 0 -nan  
18.40973295003619 0 -nan  
18.53539665617978 0 -nan  
18.66106036232337 0 -nan  
18.78672406846696 0 -nan  
18.91238777461055 0 -nan  
19.03805148075415 0 -nan  
19.16371518689774 0 -nan  
19.28937889304133 0 -nan  
19.41504259918492 0 -nan  
19.54070630532851 0 -nan  
19.6663700114721 0 -nan  
19.7920337176157 0 -nan  
19.91769742375929 0 -nan  
20.04336112990288 0 -nan  
20.16902483604647 0 -nan  
20.29468854219006 0 -nan  
20.42035224833365 0 -nan  
20.54601595447725 0 -nan  
20.67167966062084 0 -nan  
20.79734336676443 0 -nan  
20.92300707290802 0 -nan  
21.04867077905161 0 -nan  
21.1743344851952 0 -nan  
21.29999819133879 0 -nan  
21.42566189748239 0 -nan  
21.55132560362598 0 -nan  
21.67698930976957 0 -nan  
21.80265301591317 0 -nan  
21.92831672205676 0 -nan  
22.05398042820035 0 -nan  
22.17964413434394 0 -nan  
22.30530784048753 0 -nan  
22.43097154663112 0 -nan  
22.55663525277471 0 -nan  
22.68229895891831 0 -nan  
22.8079626650619 0 -nan  
22.93362637120549 0 -nan  
23.05929007734908 0 -nan  
23.18495378349267 0 -nan  
23.31061748963626 0 -nan  
23.43628119577986 0 -nan  
23.56194490192345 0 -nan  
23.68760860806704 0 -nan  
23.81327231421063 0 -nan  
23.93893602035422 0 -nan  
24.06459972649781 0 -nan  
24.19026343264141 0 -nan  
24.315927138785 0 -nan  
24.44159084492859 0 -nan  
24.56725455107218 0 -nan  
24.69291825721577 0 -nan  
24.81858196335936 0 -nan  
24.94424566950296 0 -nan  
25.06990937564655 0 -nan  
25.19557308179014 0 -nan  
25.32123678793373 0 -nan  
25.44690049407732 0 -nan  
25.57256420022092 0 -nan  
25.69822790636451 0 -nan  
25.8238916125081 0 -nan  
25.94955531865169 0 -nan  
26.07521902479528 0 -nan  
26.20088273093888 0 -nan  
26.32654643708247 0 -nan  
26.45221014322606 0 -nan  
26.57787384936965 0 -nan  
26.70353755551324 0 -nan  
26.82920126165683 0 -nan  
26.95486496780043 0 -nan  
27.08052867394402 0 -nan  
27.20619238008761 0 -nan  
27.3318560862312 0 -nan  
27.45751979237479 0 -nan  
27.58318349851838 0 -nan  
27.70884720466197 0 -nan  
27.83451091080557 0 -nan  
27.96017461694916 0 -nan  
28.08583832309275 0 -nan  
28.21150202923634 0 -nan  
28.33716573537994 0 -nan  
28.46282944152353 0 -nan  
28.58849314766712 0 -nan  
28.71415685381071 0 -nan  
28.8398205599543 0 -nan  
28.96548426609789 0 -nan  
29.09114797224148 0 -nan  
29.21681167838507 0 -nan  
29.34247538452867 0 -nan  
29.46813909067226 0 -nan  
29.59380279681585 0 -nan  
29.71946650295945 0 -nan  
29.84513020910304 0 -nan  
29.97079391524663 0 -nan  
30.09645762139022 0 -nan  
30.22212132753381 0 -nan  
30.3477850336774 0 -nan  
30.47344873982099 0 -nan  
30.59911244596458 0 -nan  
30.72477615210817 0 -nan  
30.85043985825177 0 -nan  
30.97610356439536 0 -nan  
31.10176727053895 0 -nan  
31.22743097668254 0 -nan  
31.35309468282614 0 -nan  
31.47875838896973 0 -nan  
31.60442209511332 0 -nan  
31.73008580125691 0 -nan  
31.8557495074005 0 -nan  
31.98141321354409 0 -nan  
32.10707691968769 0 -nan  
32.23274062583128 0 -nan  
32.35840433197487 0 -nan  
32.48406803811847 0 -nan  
32.60973174426206 0 -nan  
32.73539545040565 0 -nan  
32.86105915654924 0 -nan  
32.98672286269283 0 -nan  
33.11238656883642 0 -nan  
33.23805027498001 0 -nan  
33.3637139811236 0 -nan  
33.48937768726719 0 -nan  
33.61504139341079 0 -nan  
33.74070509955438 0 -nan  
33.86636880569797 0 -nan  
33.99203251184156 0 -nan  
34.11769621798516 0 -nan  
34.24335992412875 0 -nan  
34.36902363027234 0 -nan  
34.49468733641593 0 -nan  
34.62035104255952 0 -nan  
34.74601474870311 0 -nan  
34.87167845484671 0 -nan  
34.9973421609903 0 -nan  
35.12300586713389 0 -nan  
35.24866957327748 0 -nan  
35.37433327942107 0 -nan  
35.49999698556466 0 -nan  
35.62566069170826 0 -nan  
35.75132439785185 0 -nan  
35.87698810399544 0 -nan  
36.00265181013903 0 -nan  
36.12831551628262 0 -nan  
36.25397922242622 0 -nan  
36.37964292856981 0 -nan  
36.5053066347134 0 -nan  
36.63097034085699 0 -nan  
36.75663404700058 0 -nan  
36.88229775314417 0 -nan  
37.00796145928776 0 -nan  
37.13362516543135 0 -nan  
37.25928887157495 0 -nan  
37.38495257771854 0 -nan  
37.51061628386213 0 -nan  
37.63627999000573 0 -nan  
37.76194369614932 0 -nan  
37.88760740229291 0 -nan  
38.0132711084365 0 -nan  
38.13893481458009 0 -nan  
38.26459852072368 0 -nan  
38.39026222686727 0 -nan  
38.51592593301086 0 -nan  
38.64158963915445 0 -nan  
38.76725334529804 0 -nan  
38.89291705144164 0 -nan  
39.01858075758523 0 -nan  
39.14424446372882 0 -nan  
39.26990816987242 0 -nan  
39.39557187601601 0 -nan  
39.5212355821596 0 -nan  
39.64689928830319 0 -nan  
39.77256299444678 0 -nan  
39.89822670059037 0 -nan  
40.02389040673396 0 -nan  
40.14955411287755 0 -nan  
40.27521781902115 0 -nan  
40.40088152516474 0 -nan  
40.52654523130833 0 -nan  
40.65220893745192 0 -nan  
40.77787264359552 0 -nan  
40.90353634973911 0 -nan  
41.0292000558827 0 -nan  
41.15486376202629 0 -nan  
41.28052746816989 0 -nan  
41.40619117431347 0 -nan  
41.53185488045707 0 -nan  
41.65751858660065 0 -nan  
41.78318229274425 0 -nan  
41.90884599888783 0 -nan  
42.03450970503143 0 -nan  
42.16017341117502 0 -nan  
42.28583711731861 0 -nan  
42.41150082346221 0 -nan  
42.5371645296058 0 -nan  
42.66282823574939 0 -nan  
42.78849194189298 0 -nan  
42.91415564803658 0 -nan  
43.03981935418016 0 -nan  
43.16548306032376 0 -nan  
43.29114676646734 0 -nan  
43.41681047261094 0 -nan  
43.54247417875453 0 -nan  
43.66813788489812 0 -nan  
43.79380159104172 0 -nan  
43.9194652971853 0 -nan  
44.0451290033289 0 -nan  
44.17079270947249 0 -nan  
44.29645641561608 0 -nan  
44.42212012175967 0 -nan  
44.54778382790327 0 -nan  
44.67344753404686 0 -nan  
44.79911124019045 0 -nan  
44.92477494633405 0 -nan  
45.05043865247763 0 -nan  
45.17610235862123 0 -nan  
45.30176606476481 0 -nan  
45.42742977090841 0 -nan  
45.55309347705199 0 -nan  
45.67875718319559 0 -nan  
45.80442088933918 0 -nan  
45.93008459548278 0 -nan  
46.05574830162637 0 -nan  
46.18141200776996 0 -nan  
46.30707571391356 0 -nan  
46.43273942005714 0 -nan  
46.55840312620074 0 -nan  
46.68406683234432 0 -nan  
46.80973053848792 0 -nan  
46.93539424463151 0 -nan  
47.0610579507751 0 -nan  
47.18672165691869 0 -nan  
47.31238536306228 0 -nan  
47.43804906920587 0 -nan  
47.56371277534947 0 -nan  
47.68937648149306 0 -nan  
47.81504018763665 0 -nan  
47.94070389378025 0 -nan  
48.06636759992384 0 -nan  
48.19203130606743 0 -nan  
48.31769501221102 0 -nan  
48.44335871835461 0 -nan  
48.5690224244982 0 -nan  
48.69468613064179 0 -nan  
48.82034983678538 0 -nan  
48.94601354292897 0 -nan  
49.07167724907257 0 -nan  
49.19734095521616 0 -nan  
49.32300466135975 0 -nan  
49.44866836750334 0 -nan  
49.57433207364694 0 -nan  
49.69999577979053 0 -nan  
49.82565948593412 0 -nan  
49.95132319207771 0 -nan  
50.0769868982213 0 -nan  
50.20265060436489 0 -nan  
50.32831431050849 0 -nan  
50.45397801665208 0 -nan  
50.57964172279567 0 -nan  
50.70530542893926 0 -nan  
50.83096913508285 0 -nan  
50.95663284122644 0 -nan  
51.08229654737004 0 -nan  
51.20796025351363 0 -nan  
51.33362395965722 0 -nan  
51.45928766580082 0 -nan  
51.5849513719444 0 -nan  
51.710615078088 0 -nan  
51.83627878423159 0 -nan  
51.96194249037518 0 -nan  
52.08760619651877 0 -nan  
52.21326990266236 0 -nan  
52.33893360880595 0 -nan  
52.46459731494954 0 -nan  
52.59026102109314 0 -nan  
52.71592472723673 0 -nan  
52.84158843338032 0 -nan  
52.96725213952391 0 -nan  
53.09291584566751 0 -nan  
53.2185795518111 0 -nan  
53.34424325795469 0 -nan  
53.46990696409828 0 -nan  
53.59557067024187 0 -nan  
53.72123437638547 0 -nan  
53.84689808252905 0 -nan  
53.97256178867265 0 -nan  
54.09822549481623 0 -nan  
54.22388920095983 0 -nan  
54.34955290710342 0 -nan  
54.47521661324701 0 -nan  
54.6008803193906 0 -nan  
54.7265440255342 0 -nan  
54.85220773167779 0 -nan  
54.97787143782138 0 -nan  
55.10353514396498 0 -nan  
55.22919885010856 0 -nan  
55.35486255625216 0 -nan  
55.48052626239574 0 -nan  
55.60618996853934 0 -nan  
55.73185367468293 0 -nan  
55.85751738082652 0 -nan  
55.98318108697012 0 -nan  
56.1088447931137 0 -nan  
56.2345084992573 0 -nan  
56.36017220540089 0 -nan  
56.48583591154448 0 -nan  
56.61149961768807 0 -nan  
56.73716332383167 0 -nan  
56.86282702997525 0 -nan  
56.98849073611885 0 -nan  
57.11415444226245 0 -nan  
57.23981814840603 0 -nan  
57.36548185454963 0 -nan  
57.49114556069321 0 -nan  
57.61680926683681 0 -nan  
57.74247297298039 0 -nan  
57.86813667912399 0 -nan  
57.99380038526758 0 -nan  
58.11946409141117 0 -nan  
58.24512779755476 0 -nan  
58.37079150369836 0 -nan  
58.49645520984195 0 -nan  
58.62211891598554 0 -nan  
58.74778262212914 0 -nan  
58.87344632827272 0 -nan  
58.99911003441632 0 -nan  
59.1247737405599 0 -nan  
59.2504374467035 0 -nan  
59.37610115284708 0 -nan  
59.50176485899068 0 -nan  
59.62742856513427 0 -nan  
59.75309227127786 0 -nan  
59.87875597742146 0 -nan  
60.00441968356505 0 -nan  
60.13008338970864 0 -nan  
60.25574709585223 0 -nan  
60.38141080199583 0 -nan  
60.50707450813941 0 -nan  
60.63273821428301 0 -nan  
60.75840192042659 0 -nan  
60.88406562657019 0 -nan  
61.00972933271379 0 -nan  
61.13539303885737 0 -nan  
61.26105674500097 0 -nan  
61.38672045114455 0 -nan  
61.51238415728815 0 -nan  
61.63804786343174 0 -nan  
61.76371156957534 0 -nan  
61.88937527571892 0 -nan  
62.01503898186252 0 -nan  
62.1407026880061 0 -nan  
62.2663663941497 0 -nan  
62.3920301002933 0 -nan  
62.51769380643688 0 -nan  
62.64335751258048 0 -nan  
62.76902121872406 0 -nan  
62.89468492486766 0 -nan  
63.02034863101125 0 -nan  
63.14601233715484 0 -nan  
63.27167604329843 0 -nan  
63.39733974944203 0 -nan  
63.52300345558561 0 -nan  
63.64866716172921 0 -nan  
63.77433086787281 0 -nan  
63.89999457401639 0 -nan  
64.02565828015999 0 -nan  
64.15132198630357 0 -nan  
64.27698569244717 0 -nan  
64.40264939859075 0 -nan  
64.52831310473435 0 -nan  
64.65397681087794 0 -nan  
64.77964051702153 0 -nan  
64.90530422316512 0 -nan  
65.03096792930872 0 -nan  
65.15663163545231 0 -nan  
65.2822953415959 0 -nan  
65.4079590477395 0 -nan  
65.53362275388308 0 -nan  
65.65928646002668 0 -nan  
65.78495016617026 0 -nan  
65.91061387231386 0 -nan  
66.03627757845744 0 -nan  
66.16194128460104 0 -nan  
66.28760499074463 0 -nan  
66.41326869688822 0 -nan  
66.53893240303182 0 -nan  
66.66459610917541 0 -nan  
66.790259815319 0 -nan  
66.91592352146259 0 -nan  
67.04158722760619 0 -nan  
67.16725093374977 0 -nan  
67.29291463989337 0 -nan  
67.41857834603695 0 -nan  
67.54424205218055 0 -nan  
67.66990575832413 0 -nan  
67.79556946446773 0 -nan  
67.92123317061133 0 -nan  
68.04689687675491 0 -nan  
68.17256058289851 0 -nan  
68.2982242890421 0 -nan  
68.42388799518569 0 -nan  
68.54955170132928 0 -nan  
68.67521540747288 0 -nan  
68.80087911361646 0 -nan  
68.92654281976006 0 -nan  
69.05220652590366 0 -nan  
69.17787023204724 0 -nan  
69.30353393819084 0 -nan  
69.42919764433442 0 -nan  
69.55486135047802 0 -nan  
69.6805250566216 0 -nan  
69.8061887627652 0 -nan  
69.93185246890879 0 -nan  
70.05751617505238 0 -nan  
70.18317988119597 0 -nan  
70.30884358733957 0 -nan  
70.43450729348316 0 -nan  
70.56017099962675 0 -nan  
70.68583470577035 0 -nan  
70.81149841191393 0 -nan  
70.93716211805753 0 -nan  
71.06282582420111 0 -nan  
71.18848953034471 0 -nan  
71.31415323648829 0 -nan  
71.43981694263189 0 -nan  
71.56548064877548 0 -nan  
71.69114435491907 0 -nan  
71.81680806106267 0 -nan  
71.94247176720626 0 -nan  
72.06813547334986 0 -nan  
72.19379917949344 0 -nan  
72.31946288563704 0 -nan  
72.44512659178062 0 -nan  
72.57079029792422 0 -nan  
72.6964540040678 0 -nan  
72.8221177102114 0 -nan  
72.94778141635499 0 -nan  
73.07344512249858 0 -nan  
73.19910882864218 0 -nan  
73.32477253478577 0 -nan  
73.45043624092936 0 -nan  
73.57609994707295 0 -nan  
73.70176365321655 0 -nan  
73.82742735936013 0 -nan  
73.95309106550373 0 -nan  
74.07875477164731 0 -nan  
74.20441847779091 0 -nan  
74.33008218393451 0 -nan  
74.45574589007809 0 -nan  
74.58140959622169 0 -nan  
74.70707330236527 0 -nan  
74.83273700850887 0 -nan  
74.95840071465246 0 -nan  
75.08406442079605 0 -nan  
75.20972812693964 0 -nan  
75.33539183308324 0 -nan  
75.46105553922683 0 -nan  
75.58671924537042 0 -nan  
75.71238295151402 0 -nan  
75.8380466576576 0 -nan  
75.9637103638012 0 -nan  
76.08937406994478 0 -nan  
76.21503777608838 0 -nan  
76.34070148223196 0 -nan  
76.46636518837556 0 -nan  
76.59202889451916 0 -nan  
76.71769260066274 0 -nan  
76.84335630680634 0 -nan  
76.96902001294993 0 -nan  
77.09468371909352 0 -nan  
77.22034742523711 0 -nan  
77.34601113138071 0 -nan  
77.47167483752429 0 -nan  
77.59733854366789 0 -nan  
77.72300224981149 0 -nan  
77.84866595595507 0 -nan  
77.97432966209867 0 -nan  
78.09999336824225 0 -nan  
78.22565707438585 0 -nan  
78.35132078052943 0 -nan  
78.47698448667303 0 -nan  
78.60264819281662 0 -nan  
78.72831189896021 0 -nan  
78.85397560510381 0 -nan  
78.9796393112474 0 -nan  
79.10530301739099 0 -nan  
79.23096672353458 0 -nan  
79.35663042967818 0 -nan  
79.48229413582176 0 -nan  
79.60795784196536 0 -nan  
79.73362154810894 0 -nan  
79.85928525425254 0 -nan  
79.98494896039614 0 -nan  
80.11061266653972 0 -nan  
80.23627637268332 0 -nan  
80.3619400788269 0 -nan  
80.4876037849705 0 -nan  
80.61326749111409 0 -nan  
80.73893119725768 0 -nan  
80.86459490340127 0 -nan  
80.99025860954487 0 -nan  
81.11592231568847 0 -nan  
81.24158602183205 0 -nan  
81.36724972797565 0 -nan  
81.49291343411923 0 -nan  
81.61857714026283 0 -nan  
81.74424084640641 0 -nan  
81.86990455255001 0 -nan  
81.99556825869359 0 -nan  
82.12123196483719 0 -nan  
82.24689567098078 0 -nan  
82.37255937712438 0 -nan  
82.49822308326797 0 -nan  
82.62388678941156 0 -nan  
82.74955049555516 0 -nan  
82.87521420169874 0 -nan  
83.00087790784234 0 -nan  
83.12654161398592 0 -nan  
83.25220532012952 0 -nan  
83.37786902627312 0 -nan  
83.5035327324167 0 -nan  
83.62919643856029 0 -nan  
83.75486014470388 0 -nan  
83.88052385084748 0 -nan  
84.00618755699107 0 -nan  
84.13185126313466 0 -nan  
84.25751496927825 0 -nan  
84.38317867542185 0 -nan  
84.50884238156543 0 -nan  
84.63450608770903 0 -nan  
84.76016979385263 0 -nan  
84.88583349999621 0 -nan  
85.01149720613979 0 -nan  
85.13716091228339 0 -nan  
85.26282461842699 0 -nan  
85.38848832457057 0 -nan  
85.51415203071417 0 -nan  
85.63981573685777 0 -nan  
85.76547944300135 0 -nan  
85.89114314914494 0 -nan  
86.01680685528854 0 -nan  
86.14247056143213 0 -nan  
86.26813426757572 0 -nan  
86.3937979737193 0 -nan  
86.5194616798629 0 -nan  
86.6451253860065 0 -nan  
86.77078909215008 0 -nan  
86.89645279829368 0 -nan  
87.02211650443728 0 -nan  
87.14778021058086 0 -nan  
87.27344391672445 0 -nan  
87.39910762286804 0 -nan  
87.52477132901164 0 -nan  
87.65043503515523 0 -nan  
87.77609874129881 0 -nan  
87.90176244744242 0 -nan  
88.02742615358601 0 -nan  
88.15308985972959 0 -nan  
88.27875356587319 0 -nan  
88.40441727201679 0 -nan  
88.53008097816037 0 -nan  
88.65574468430395 0 -nan  
88.78140839044755 0 -nan  
88.90707209659115 0 -nan  
89.03273580273473 0 -nan  
89.15839950887833 0 -nan  
89.28406321502193 0 -nan  
89.40972692116551 0 -nan  
89.5353906273091 0 -nan  
89.6610543334527 0 -nan  
89.78671803959629 0 -nan  
89.91238174573988 0 -nan  
90.03804545188346 0 -nan  
90.16370915802707 0 -nan  
90.28937286417066 0 -nan  
90.41503657031424 0 -nan  
90.54070027645784 0 -nan  
90.66636398260144 0 -nan  
90.79202768874502 0 -nan  
90.91769139488861 0 -nan  
91.0433551010322 0 -nan  
91.1690188071758 0 -nan  
91.29468251331939 0 -nan  
91.42034621946297 0 -nan  
91.54600992560658 0 -nan  
91.67167363175017 0 -nan  
91.79733733789375 0 -nan  
91.92300104403735 0 -nan  
92.04866475018095 0 -nan  
92.17432845632453 0 -nan  
92.29999216246811 0 -nan  
92.42565586861173 0 -nan  
92.55131957475531 0 -nan  
92.6769832808989 0 -nan  
92.80264698704248 0 -nan  
92.92831069318609 0 -nan  
93.05397439932968 0 -nan  
93.17963810547326 0 -nan  
93.30530181161686 0 -nan  
93.43096551776046 0 -nan  
93.55662922390404 0 -nan  
93.68229293004762 0 -nan  
93.80795663619124 0 -nan  
93.93362034233482 0 -nan  
94.0592840484784 0 -nan  
94.18494775462199 0 -nan  
94.3106114607656 0 -nan  
94.43627516690918 0 -nan  
94.56193887305277 0 -nan  
94.68760257919638 0 -nan  
94.81326628533996 0 -nan  
94.93892999148355 0 -nan  
95.06459369762713 0 -nan  
95.19025740377074 0 -nan  
95.31592110991433 0 -nan  
95.44158481605791 0 -nan  
95.5672485222015 0 -nan  
95.69291222834511 0 -nan  
95.81857593448869 0 -nan  
95.94423964063228 0 -nan  
96.06990334677589 0 -nan  
96.19556705291947 0 -nan  
96.32123075906306 0 -nan  
96.44689446520664 0 -nan  
96.57255817135025 0 -nan  
96.69822187749384 0 -nan  
96.82388558363742 0 -nan  
96.949549289781 0 -nan  
97.07521299592462 0 -nan  
97.2008767020682 0 -nan  
97.32654040821178 0 -nan  
97.4522041143554 0 -nan  
97.57786782049898 0 -nan  
97.70353152664256 0 -nan  
97.82919523278615 0 -nan  
97.95485893892976 0 -nan  
98.08052264507334 0 -nan  
98.20618635121693 0 -nan  
98.33185005736051 0 -nan  
98.45751376350412 0 -nan  
98.58317746964771 0 -nan  
98.70884117579129 0 -nan  
98.8345048819349 0 -nan  
98.96016858807849 0 -nan  
99.08583229422207 0 -nan  
99.21149600036566 0 -nan  
99.33715970650927 0 -nan  
99.46282341265285 0 -nan  
99.58848711879644 0 -nan  
99.71415082494002 0 -nan  
99.83981453108363 0 -nan  
99.96547823722722 0 -nan  
100.0911419433708 0 -nan  
100.2168056495144 0 -nan  
100.342469355658 0 -nan  
100.4681330618016 0 -nan  
100.5937967679452 0 -nan  
100.7194604740888 0 -nan  
100.8451241802324 0 -nan  
100.9707878863759 0 -nan  
101.0964515925195 0 -nan  
101.2221152986631 0 -nan  
101.3477790048067 0 -nan  
101.4734427109503 0 -nan  
101.5991064170939 0 -nan  
101.7247701232375 0 -nan  
101.8504338293811 0 -nan  
101.9760975355247 0 -nan  
102.1017612416683 0 -nan  
102.2274249478119 0 -nan  
102.3530886539555 0 -nan  
102.478752360099 0 -nan  
102.6044160662426 0 -nan  
102.7300797723862 0 -nan  
102.8557434785298 0 -nan  
102.9814071846734 0 -nan  
103.107070890817 0 -nan  
103.2327345969606 0 -nan  
103.3583983031042 0 -nan  
103.4840620092478 0 -nan  
103.6097257153914 0 -nan  
103.735389421535 0 -nan  
103.8610531276785 0 -nan  
103.9867168338222 0 -nan  
104.1123805399657 0 -nan  
104.2380442461093 0 -nan  
104.3637079522529 0 -nan  
104.4893716583965 0 -nan  
104.6150353645401 0 -nan  
104.7406990706837 0 -nan  
104.8663627768273 0 -nan  
104.9920264829709 0 -nan  
105.1176901891145 0 -nan  
105.2433538952581 0 -nan  
105.3690176014017 0 -nan  
105.4946813075452 0 -nan  
105.6203450136888 0 -nan  
105.7460087198324 0 -nan  
105.871672425976 0 -nan  
105.9973361321196 0 -nan  
106.1229998382632 0 -nan  
106.2486635444068 0 -nan  
106.3743272505504 0 -nan  
106.499990956694 0 -nan  
106.6256546628376 0 -nan  
106.7513183689812 0 -nan  
106.8769820751248 0 -nan  
107.0026457812683 0 -nan  
107.128309487412 0 -nan  
107.2539731935555 0 -nan  
107.3796368996991 0 -nan  
107.5053006058427 0 -nan  
107.6309643119863 0 -nan  
107.7566280181299 0 -nan  
107.8822917242735 0 -nan  
108.0079554304171 0 -nan  
108.1336191365607 0 -nan  
108.2592828427043 0 -nan  
108.3849465488479 0 -nan  
108.5106102549915 0 -nan  
108.636273961135 0 -nan  
108.7619376672786 0 -nan  
108.8876013734222 0 -nan  
109.0132650795658 0 -nan  
109.1389287857094 0 -nan  
109.264592491853 0 -nan  
109.3902561979966 0 -nan  
109.5159199041402 0 -nan  
109.6415836102838 0 -nan  
109.7672473164274 0 -nan  
109.892911022571 0 -nan  
110.0185747287146 0 -nan  
110.1442384348581 0 -nan  
110.2699021410017 0 -nan  
110.3955658471453 0 -nan  
110.5212295532889 0 -nan  
110.6468932594325 0 -nan  
110.7725569655761 0 -nan  
110.8982206717197 0 -nan  
111.0238843778633 0 -nan  
111.1495480840069 0 -nan  
111.2752117901505 0 -nan  
111.4008754962941 0 -nan  
111.5265392024376 0 -nan  
111.6522029085812 0 -nan  
111.7778666147248 0 -nan  
111.9035303208684 0 -nan  
112.029194027012 0 -nan  
112.1548577331556 0 -nan  
112.2805214392992 0 -nan  
112.4061851454428 0 -nan  
112.5318488515864 0 -nan  
112.65751255773 0 -nan  
112.7831762638736 0 -nan  
112.9088399700172 0 -nan  
113.0345036761608 0 -nan  
113.1601673823044 0 -nan  
113.2858310884479 0 -nan  
113.4114947945915 0 -nan  
113.5371585007351 0 -nan  
113.6628222068787 0 -nan  
113.7884859130223 0 -nan  
113.9141496191659 0 -nan  
114.0398133253095 0 -nan  
114.1654770314531 0 -nan  
114.2911407375967 0 -nan  
114.4168044437403 0 -nan  
114.5424681498839 0 -nan  
114.6681318560274 0 -nan  
114.793795562171 0 -nan  
114.9194592683146 0 -nan  
115.0451229744582 0 -nan  
115.1707866806018 0 -nan  
115.2964503867454 0 -nan  
115.422114092889 0 -nan  
115.5477777990326 0 -nan  
115.6734415051762 0 -nan  
115.7991052113198 0 -nan  
115.9247689174634 0 -nan  
116.050432623607 0 -nan  
116.1760963297505 0 -nan  
116.3017600358941 0 -nan  
116.4274237420377 0 -nan  
116.5530874481813 0 -nan  
116.6787511543249 0 -nan  
116.8044148604685 0 -nan  
116.9300785666121 0 -nan  
117.0557422727557 0 -nan  
117.1814059788993 0 -nan  
117.3070696850429 0 -nan  
117.4327333911865 0 -nan  
117.5583970973301 0 -nan  
117.6840608034737 0 -nan  
117.8097245096172 0 -nan  
117.9353882157608 0 -nan  
118.0610519219044 0 -nan  
118.186715628048 0 -nan  
118.3123793341916 0 -nan  
118.4380430403352 0 -nan  
118.5637067464788 0 -nan  
118.6893704526224 0 -nan  
118.815034158766 0 -nan  
118.9406978649096 0 -nan  
119.0663615710532 0 -nan  
119.1920252771967 0 -nan  
119.3176889833403 0 -nan  
119.4433526894839 0 -nan  
119.5690163956275 0 -nan  
119.6946801017711 0 -nan  
119.8203438079147 0 -nan  
119.9460075140583 0 -nan  
120.0716712202019 0 -nan  
120.1973349263455 0 -nan  
120.3229986324891 0 -nan  
120.4486623386327 0 -nan  
120.5743260447763 0 -nan  
120.6999897509199 0 -nan  
120.8256534570634 0 -nan  
120.951317163207 0 -nan  
121.0769808693506 0 -nan  
121.2026445754942 0 -nan  
121.3283082816378 0 -nan  
121.4539719877814 0 -nan  
121.579635693925 0 -nan  
121.7052994000686 0 -nan  
121.8309631062122 0 -nan  
121.9566268123558 0 -nan  
122.0822905184994 0 -nan  
122.2079542246429 0 -nan  
122.3336179307865 0 -nan  
122.4592816369301 0 -nan  
122.5849453430737 0 -nan  
122.7106090492173 0 -nan  
122.8362727553609 0 -nan  
122.9619364615045 0 -nan  
123.0876001676481 0 -nan  
123.2132638737917 0 -nan  
123.3389275799353 0 -nan  
123.4645912860789 0 -nan  
123.5902549922225 0 -nan  
123.7159186983661 0 -nan  
123.8415824045097 0 -nan  
123.9672461106532 0 -nan  
124.0929098167968 0 -nan  
124.2185735229404 0 -nan  
124.344237229084 0 -nan  
124.4699009352276 0 -nan  
124.5955646413712 0 -nan  
124.7212283475148 0 -nan  
124.8468920536584 0 -nan  
124.972555759802 0 -nan  
125.0982194659456 0 -nan  
125.2238831720892 0 -nan  
125.3495468782327 0 -nan  
125.4752105843763 0 -nan  
125.6008742905199 0 -nan  
125.7265379966635 0 -nan  
125.8522017028071 0 -nan  
125.9778654089507 0 -nan  
126.1035291150943 0 -nan  
126.2291928212379 0 -nan  
126.3548565273815 0 -nan  
126.4805202335251 0 -nan  
126.6061839396687 0 -nan  
126.7318476458123 0 -nan  
126.8575113519558 0 -nan  
126.9831750580994 0 -nan  
127.108838764243 0 -nan  
127.2345024703866 0 -nan  
127.3601661765302 0 -nan  
127.4858298826738 0 -nan  
127.6114935888174 0 -nan  
127.737157294961 0 -nan  
127.8628210011046 0 -nan  
127.9884847072482 0 -nan  
128.1141484133917 0 -nan  
128.2398121195354 0 -nan  
128.3654758256789 0 -nan  
128.4911395318225 0 -nan  
128.6168032379661 0 -nan  
128.7424669441097 0 -nan  
128.8681306502533 0 -nan  
128.9937943563969 0 -nan  
129.1194580625405 0 -nan  
129.2451217686841 0 -nan  
129.3707854748277 0 -nan  
129.4964491809713 0 -nan  
129.6221128871149 0 -nan  
129.7477765932585 0 -nan  
129.873440299402 0 -nan  
129.9991040055456 0 -nan  
130.1247677116892 0 -nan  
130.2504314178328 0 -nan  
130.3760951239764 0 -nan  
130.50175883012 0 -nan  
130.6274225362636 0 -nan  
130.7530862424072 0 -nan  
130.8787499485508 0 -nan  
131.0044136546944 0 -nan  
131.130077360838 0 -nan  
131.2557410669816 0 -nan  
131.3814047731252 0 -nan  
131.5070684792688 0 -nan  
131.6327321854123 0 -nan  
131.7583958915559 0 -nan  
131.8840595976995 0 -nan  
132.0097233038431 0 -nan  
132.1353870099867 0 -nan  
132.2610507161303 0 -nan  
132.3867144222739 0 -nan  
132.5123781284175 0 -nan  
132.6380418345611 0 -nan  
132.7637055407046 0 -nan  
132.8893692468482 0 -nan  
133.0150329529918 0 -nan  
133.1406966591354 0 -nan  
133.266360365279 0 -nan  
133.3920240714226 0 -nan  
133.5176877775662 0 -nan  
133.6433514837098 0 -nan  
133.7690151898534 0 -nan  
133.894678895997 0 -nan  
134.0203426021406 0 -nan  
134.1460063082842 0 -nan  
134.2716700144278 0 -nan  
134.3973337205713 0 -nan  
134.5229974267149 0 -nan  
134.6486611328585 0 -nan  
134.7743248390021 0 -nan  
134.8999885451457 0 -nan  
135.0256522512893 0 -nan  
135.1513159574329 0 -nan  
135.2769796635765 0 -nan  
135.4026433697201 0 -nan  
135.5283070758637 0 -nan  
135.6539707820073 0 -nan  
135.7796344881509 0 -nan  
135.9052981942945 0 -nan  
136.030961900438 0 -nan  
136.1566256065816 0 -nan  
136.2822893127252 0 -nan  
136.4079530188688 0 -nan  
136.5336167250124 0 -nan  
136.659280431156 0 -nan  
136.7849441372996 0 -nan  
136.9106078434432 0 -nan  
137.0362715495868 0 -nan  
137.1619352557304 0 -nan  
137.287598961874 0 -nan  
137.4132626680176 0 -nan  
137.5389263741612 0 -nan  
137.6645900803047 0 -nan  
137.7902537864483 0 -nan  
137.9159174925919 0 -nan  
138.0415811987355 0 -nan  
138.1672449048791 0 -nan  
138.2929086110227 0 -nan  
138.4185723171663 0 -nan  
138.5442360233099 0 -nan  
138.6698997294535 0 -nan  
138.7955634355971 0 -nan  
138.9212271417406 0 -nan  
139.0468908478842 0 -nan  
139.1725545540278 0 -nan  
139.2982182601714 0 -nan  
139.423881966315 0 -nan  
139.5495456724586 0 -nan  
139.6752093786022 0 -nan  
139.8008730847458 0 -nan  
139.9265367908894 0 -nan  
140.052200497033 0 -nan  
140.1778642031766 0 -nan  
140.3035279093202 0 -nan  
140.4291916154638 0 -nan  
140.5548553216073 0 -nan  
140.6805190277509 0 -nan  
140.8061827338945 0 -nan  
140.9318464400381 0 -nan  
141.0575101461817 0 -nan  
141.1831738523253 0 -nan  
141.3088375584689 0 -nan  
141.4345012646125 0 -nan  
141.5601649707561 0 -nan  
141.6858286768997 0 -nan  
141.8114923830433 0 -nan  
141.9371560891869 0 -nan  
142.0628197953305 0 -nan  
142.188483501474 0 -nan  
142.3141472076176 0 -nan  
142.4398109137612 0 -nan  
142.5654746199048 0 -nan  
142.6911383260484 0 -nan  
142.816802032192 0 -nan  
142.9424657383356 0 -nan  
143.0681294444792 0 -nan  
143.1937931506228 0 -nan  
143.3194568567664 0 -nan  
143.4451205629099 0 -nan  
143.5707842690535 0 -nan  
143.6964479751971 0 -nan  
143.8221116813407 0 -nan  
143.9477753874843 0 -nan  
144.0734390936279 0 -nan  
144.1991027997715 0 -nan  
144.3247665059151 0 -nan  
144.4504302120587 0 -nan  
144.5760939182023 0 -nan  
144.7017576243459 0 -nan  
144.8274213304895 0 -nan  
144.9530850366331 0 -nan  
145.0787487427766 0 -nan  
145.2044124489202 0 -nan  
145.3300761550638 0 -nan  
145.4557398612074 0 -nan  
145.581403567351 0 -nan  
145.7070672734946 0 -nan  
145.8327309796382 0 -nan  
145.9583946857818 0 -nan  
146.0840583919254 0 -nan  
146.209722098069 0 -nan  
146.3353858042126 0 -nan  
146.4610495103562 0 -nan  
146.5867132164997 0 -nan  
146.7123769226433 0 -nan  
146.8380406287869 0 -nan  
146.9637043349305 0 -nan  
147.0893680410741 0 -nan  
147.2150317472177 0 -nan  
147.3406954533613 0 -nan  
147.4663591595049 0 -nan  
147.5920228656485 0 -nan  
147.7176865717921 0 -nan  
147.8433502779357 0 -nan  
147.9690139840793 0 -nan  
148.0946776902229 0 -nan  
148.2203413963665 0 -nan  
148.34600510251 0 -nan  
148.4716688086536 0 -nan  
148.5973325147972 0 -nan  
148.7229962209408 0 -nan  
148.8486599270844 0 -nan  
148.974323633228 0 -nan  
149.0999873393716 0 -nan  
149.2256510455152 0 -nan  
149.3513147516587 0 -nan  
149.4769784578024 0 -nan  
149.6026421639459 0 -nan  
149.7283058700895 0 -nan  
149.8539695762331 0 -nan  
149.9796332823767 0 -nan  
150.1052969885203 0 -nan  
150.2309606946639 0 -nan  
150.3566244008075 0 -nan  
150.4822881069511 0 -nan  
150.6079518130947 0 -nan  
150.7336155192383 0 -nan  
150.8592792253819 0 -nan  
150.9849429315255 0 -nan  
151.110606637669 0 -nan  
151.2362703438126 0 -nan  
151.3619340499562 0 -nan  
151.4875977560998 0 -nan  
151.6132614622434 0 -nan  
151.738925168387 0 -nan  
151.8645888745306 0 -nan  
151.9902525806742 0 -nan  
152.1159162868178 0 -nan  
152.2415799929614 0 -nan  
152.367243699105 0 -nan  
152.4929074052486 0 -nan  
152.6185711113922 0 -nan  
152.7442348175358 0 -nan  
152.8698985236793 0 -nan  
152.9955622298229 0 -nan  
153.1212259359665 0 -nan  
153.2468896421101 0 -nan  
153.3725533482537 0 -nan  
153.4982170543973 0 -nan  
153.6238807605409 0 -nan  
153.7495444666845 0 -nan  
153.8752081728281 0 -nan  
154.0008718789717 0 -nan  
154.1265355851152 0 -nan  
154.2521992912588 0 -nan  
154.3778629974024 0 -nan  
154.503526703546 0 -nan  
154.6291904096896 0 -nan  
154.7548541158332 0 -nan  
154.8805178219768 0 -nan  
155.0061815281204 0 -nan  
155.131845234264 0 -nan  
155.2575089404076 0 -nan  
155.3831726465512 0 -nan  
155.5088363526948 0 -nan  
155.6345000588383 0 -nan  
155.7601637649819 0 -nan  
155.8858274711255 0 -nan  
156.0114911772691 0 -nan  
156.1371548834127 0 -nan  
156.2628185895563 0 -nan  
156.3884822956999 0 -nan  
156.5141460018435 0 -nan  
156.6398097079871 0 -nan  
156.7654734141307 0 -nan  
156.8911371202743 0 -nan  
157.0168008264179 0 -nan  
157.1424645325614 0 -nan  
157.2681282387051 0 -nan  
157.3937919448486 0 -nan  
157.5194556509922 0 -nan  
157.6451193571358 0 -nan  
157.7707830632794 0 -nan  
157.896446769423 0 -nan  
158.0221104755666 0 -nan  
158.1477741817102 0 -nan  
158.2734378878538 0 -nan  
158.3991015939974 0 -nan  
158.524765300141 0 -nan  
158.6504290062846 0 -nan  
158.7760927124282 0 -nan  
158.9017564185717 0 -nan  
159.0274201247153 0 -nan  
159.1530838308589 0 -nan  
159.2787475370025 0 -nan  
159.4044112431461 0 -nan  
159.5300749492897 0 -nan  
159.6557386554333 0 -nan  
159.7814023615769 0 -nan  
159.9070660677205 0 -nan  
160.0327297738641 0 -nan  
160.1583934800076 0 -nan  
160.2840571861512 0 -nan  
160.4097208922948 0 -nan  
160.5353845984384 0 -nan  
160.661048304582 0 -nan  
160.7867120107256 0 -nan  
160.9123757168692 0 -nan  
161.0380394230128 0 -nan  
161.1637031291564 0 -nan  
161.2893668353 0 -nan  
161.4150305414436 0 -nan  
161.5406942475872 0 -nan  
161.6663579537307 0 -nan  
161.7920216598744 0 -nan  
161.9176853660179 0 -nan  
162.0433490721615 0 -nan  
162.1690127783051 0 -nan  
162.2946764844487 0 -nan  
162.4203401905923 0 -nan  
162.5460038967359 0 -nan  
162.6716676028795 0 -nan  
162.7973313090231 0 -nan  
162.9229950151667 0 -nan  
163.0486587213103 0 -nan  
163.1743224274539 0 -nan  
163.2999861335975 0 -nan  
163.425649839741 0 -nan  
163.5513135458846 0 -nan  
163.6769772520282 0 -nan  
163.8026409581718 0 -nan  
163.9283046643154 0 -nan  
164.053968370459 0 -nan  
164.1796320766026 0 -nan  
164.3052957827462 0 -nan  
164.4309594888898 0 -nan  
164.5566231950334 0 -nan  
164.682286901177 0 -nan  
164.8079506073205 0 -nan  
164.9336143134641 0 -nan  
165.0592780196077 0 -nan  
165.1849417257513 0 -nan  
165.3106054318949 0 -nan  
165.4362691380385 0 -nan  
165.5619328441821 0 -nan  
165.6875965503257 0 -nan  
165.8132602564693 0 -nan  
165.9389239626129 0 -nan  
166.0645876687565 0 -nan  
166.1902513749001 0 -nan  
166.3159150810436 0 -nan  
166.4415787871872 0 -nan  
166.5672424933308 0 -nan  
166.6929061994744 0 -nan  
166.818569905618 0 -nan  
166.9442336117616 0 -nan  
167.0698973179052 0 -nan  
167.1955610240488 0 -nan  
167.3212247301924 0 -nan  
167.446888436336 0 -nan  
167.5725521424796 0 -nan  
167.6982158486231 0 -nan  
167.8238795547668 0 -nan  
167.9495432609103 0 -nan  
168.0752069670539 0 -nan  
168.2008706731975 0 -nan  
168.3265343793411 0 -nan  
168.4521980854847 0 -nan  
168.5778617916283 0 -nan  
168.7035254977719 0 -nan  
168.8291892039155 0 -nan  
168.9548529100591 0 -nan  
169.0805166162027 0 -nan  
169.2061803223463 0 -nan  
169.3318440284898 0 -nan  
169.4575077346334 0 -nan  
169.5831714407771 0 -nan  
169.7088351469206 0 -nan  
169.8344988530642 0 -nan  
169.9601625592078 0 -nan  
170.0858262653514 0 -nan  
170.211489971495 0 -nan  
170.3371536776386 0 -nan  
170.4628173837822 0 -nan  
170.5884810899258 0 -nan  
170.7141447960693 0 -nan  
170.8398085022129 0 -nan  
170.9654722083565 0 -nan  
171.0911359145001 0 -nan  
171.2167996206437 0 -nan  
171.3424633267873 0 -nan  
171.4681270329309 0 -nan  
171.5937907390745 0 -nan  
171.7194544452181 0 -nan  
171.8451181513617 0 -nan  
171.9707818575053 0 -nan  
172.0964455636488 0 -nan  
172.2221092697924 0 -nan  
172.3477729759361 0 -nan  
172.4734366820796 0 -nan  
172.5991003882232 0 -nan  
172.7247640943668 0 -nan  
172.8504278005104 0 -nan  
172.976091506654 0 -nan  
173.1017552127976 0 -nan  
173.2274189189412 0 -nan  
173.3530826250848 0 -nan  
173.4787463312284 0 -nan  
173.604410037372 0 -nan  
173.7300737435156 0 -nan  
173.8557374496591 0 -nan  
173.9814011558027 0 -nan  
174.1070648619464 0 -nan  
174.2327285680899 0 -nan  
174.3583922742335 0 -nan  
174.4840559803771 0 -nan  
174.6097196865207 0 -nan  
174.7353833926643 0 -nan  
174.8610470988079 0 -nan  
174.9867108049515 0 -nan  
175.1123745110951 0 -nan  
175.2380382172387 0 -nan  
175.3637019233823 0 -nan  
175.4893656295258 0 -nan  
175.6150293356694 0 -nan  
175.740693041813 0 -nan  
175.8663567479566 0 -nan  
175.9920204541002 0 -nan  
176.1176841602438 0 -nan  
176.2433478663874 0 -nan  
176.369011572531 0 -nan  
176.4946752786746 0 -nan  
176.6203389848181 0 -nan  
176.7460026909617 0 -nan  
176.8716663971054 0 -nan  
176.9973301032489 0 -nan  
177.1229938093925 0 -nan  
177.2486575155361 0 -nan  
177.3743212216797 0 -nan  
177.4999849278233 0 -nan  
177.6256486339669 0 -nan  
177.7513123401105 0 -nan  
177.8769760462541 0 -nan  
178.0026397523977 0 -nan  
178.1283034585413 0 -nan  
178.2539671646849 0 -nan  
178.3796308708284 0 -nan  
178.505294576972 0 -nan  
178.6309582831157 0 -nan  
178.7566219892592 0 -nan  
178.8822856954028 0 -nan  
179.0079494015464 0 -nan  
179.13361310769 0 -nan  
179.2592768138336 0 -nan  
179.3849405199772 0 -nan  
179.5106042261208 0 -nan  
179.6362679322644 0 -nan  
179.761931638408 0 -nan  
179.8875953445516 0 -nan  
180.0132590506952 0 -nan  
180.1389227568387 0 -nan  
180.2645864629823 0 -nan  
180.3902501691259 0 -nan  
180.5159138752695 0 -nan  
180.6415775814131 0 -nan  
180.7672412875567 0 -nan  
180.8929049937003 0 -nan  
181.0185686998439 0 -nan  
181.1442324059875 0 -nan  
181.2698961121311 0 -nan  
181.3955598182747 0 -nan  
181.5212235244182 0 -nan  
181.6468872305618 0 -nan  
181.7725509367054 0 -nan  
181.898214642849 0 -nan  
182.0238783489926 0 -nan  
182.1495420551362 0 -nan  
182.2752057612798 0 -nan  
182.4008694674234 0 -nan  
182.526533173567 0 -nan  
182.6521968797106 0 -nan  
182.7778605858542 0 -nan  
182.9035242919977 0 -nan  
183.0291879981413 0 -nan  
183.154851704285 0 -nan  
183.2805154104285 0 -nan  
183.4061791165721 0 -nan  
183.5318428227157 0 -nan  
183.6575065288593 0 -nan  
183.7831702350029 0 -nan  
183.9088339411465 0 -nan  
184.0344976472901 0 -nan  
184.1601613534337 0 -nan  
184.2858250595773 0 -nan  
184.4114887657209 0 -nan  
184.5371524718645 0 -nan  
184.662816178008 0 -nan  
184.7884798841516 0 -nan  
184.9141435902952 0 -nan  
185.0398072964388 0 -nan  
185.1654710025824 0 -nan  
185.291134708726 0 -nan  
185.4167984148696 0 -nan  
185.5424621210132 0 -nan  
185.6681258271568 0 -nan  
185.7937895333004 0 -nan  
185.919453239444 0 -nan  
186.0451169455876 0 -nan  
186.1707806517311 0 -nan  
186.2964443578747 0 -nan  
186.4221080640183 0 -nan  
186.5477717701619 0 -nan  
186.6734354763055 0 -nan  
186.7990991824491 0 -nan  
186.9247628885927 0 -nan  
187.0504265947363 0 -nan  
187.1760903008799 0 -nan  
187.3017540070235 0 -nan  
187.427417713167 0 -nan  
187.5530814193106 0 -nan  
187.6787451254542 0 -nan  
187.8044088315978 0 -nan  
187.9300725377414 0 -nan  
188.055736243885 0 -nan  
188.1813999500286 0 -nan  
188.3070636561722 0 -nan  
188.4327273623158 0 -nan  
188.5583910684594 0 -nan  
188.684054774603 0 -nan  
188.8097184807466 0 -nan  
188.9353821868902 0 -nan  
189.0610458930337 0 -nan  
189.1867095991773 0 -nan  
189.3123733053209 0 -nan  
189.4380370114645 0 -nan  
189.5637007176081 0 -nan  
189.6893644237517 0 -nan  
189.8150281298953 0 -nan  
189.9406918360389 0 -nan  
190.0663555421825 0 -nan  
190.1920192483261 0 -nan  
190.3176829544697 0 -nan  
190.4433466606132 0 -nan  
190.5690103667569 0 -nan  
190.6946740729005 0 -nan  
190.820337779044 0 -nan  
190.9460014851876 0 -nan  
191.0716651913312 0 -nan  
191.1973288974748 0 -nan  
191.3229926036184 0 -nan  
191.448656309762 0 -nan  
191.5743200159056 0 -nan  
191.6999837220492 0 -nan  
191.8256474281928 0 -nan  
191.9513111343364 0 -nan  
192.0769748404799 0 -nan  
192.2026385466235 0 -nan  
192.3283022527671 0 -nan  
192.4539659589107 0 -nan  
192.5796296650543 0 -nan  
192.7052933711979 0 -nan  
192.8309570773415 0 -nan  
192.9566207834851 0 -nan  
193.0822844896287 0 -nan  
193.2079481957722 0 -nan  
193.3336119019159 0 -nan  
193.4592756080595 0 -nan  
193.584939314203 0 -nan  
193.7106030203466 0 -nan  
193.8362667264902 0 -nan  
193.9619304326338 0 -nan  
194.0875941387774 0 -nan  
194.213257844921 0 -nan  
194.3389215510646 0 -nan  
194.4645852572082 0 -nan  
194.5902489633518 0 -nan  
194.7159126694954 0 -nan  
194.841576375639 0 -nan  
194.9672400817825 0 -nan  
195.0929037879262 0 -nan  
195.2185674940698 0 -nan  
195.3442312002133 0 -nan  
195.4698949063569 0 -nan  
195.5955586125005 0 -nan  
195.7212223186441 0 -nan  
195.8468860247877 0 -nan  
195.9725497309313 0 -nan  
196.0982134370749 0 -nan  
196.2238771432185 0 -nan  
196.3495408493621 0 -nan  
196.4752045555057 0 -nan  
196.6008682616493 0 -nan  
196.7265319677928 0 -nan  
196.8521956739364 0 -nan  
196.97785938008 0 -nan  
197.1035230862236 0 -nan  
197.2291867923672 0 -nan  
197.3548504985108 0 -nan  
197.4805142046544 0 -nan  
197.606177910798 0 -nan  
197.7318416169416 0 -nan  
197.8575053230852 0 -nan  
197.9831690292288 0 -nan  
198.1088327353723 0 -nan  
198.2344964415159 0 -nan  
198.3601601476595 0 -nan  
198.4858238538031 0 -nan  
198.6114875599467 0 -nan  
198.7371512660903 0 -nan  
198.8628149722339 0 -nan  
198.9884786783775 0 -nan  
199.1141423845211 0 -nan  
199.2398060906647 0 -nan  
199.3654697968083 0 -nan  
199.4911335029518 0 -nan  
199.6167972090955 0 -nan  
199.7424609152391 0 -nan  
199.8681246213826 0 -nan  
199.9937883275262 0 -nan  
200.1194520336698 0 -nan  
200.2451157398134 0 -nan  
200.370779445957 0 -nan  
200.4964431521006 0 -nan  
200.6221068582442 0 -nan  
200.7477705643878 0 -nan  
200.8734342705314 0 -nan  
200.999097976675 0 -nan  
201.1247616828186 0 -nan  
201.2504253889621 0 -nan  
201.3760890951058 0 -nan  
201.5017528012493 0 -nan  
201.6274165073929 0 -nan  
201.7530802135365 0 -nan  
201.8787439196801 0 -nan  
202.0044076258237 0 -nan  
202.1300713319673 0 -nan  
202.2557350381109 0 -nan  
202.3813987442545 0 -nan  
202.5070624503981 0 -nan  
202.6327261565417 0 -nan  
202.7583898626852 0 -nan  
202.8840535688288 0 -nan  
203.0097172749724 0 -nan  
203.135380981116 0 -nan  
203.2610446872596 0 -nan  
203.3867083934032 0 -nan  
203.5123720995468 0 -nan  
203.6380358056904 0 -nan  
203.763699511834 0 -nan  
203.8893632179776 0 -nan  
204.0150269241211 0 -nan  
204.1406906302648 0 -nan  
204.2663543364083 0 -nan  
204.3920180425519 0 -nan  
204.5176817486955 0 -nan  
204.6433454548391 0 -nan  
204.7690091609827 0 -nan  
204.8946728671263 0 -nan  
205.0203365732699 0 -nan  
205.1460002794135 0 -nan  
205.2716639855571 0 -nan  
205.3973276917007 0 -nan  
205.5229913978443 0 -nan  
205.6486551039878 0 -nan  
205.7743188101314 0 -nan  
205.8999825162751 0 -nan  
206.0256462224186 0 -nan  
206.1513099285622 0 -nan  
206.2769736347058 0 -nan  
206.4026373408494 0 -nan  
206.528301046993 0 -nan  
206.6539647531366 0 -nan  
206.7796284592802 0 -nan  
206.9052921654238 0 -nan  
207.0309558715674 0 -nan  
207.156619577711 0 -nan  
207.2822832838546 0 -nan  
207.4079469899981 0 -nan  
207.5336106961417 0 -nan  
207.6592744022853 0 -nan  
207.7849381084289 0 -nan  
207.9106018145725 0 -nan  
208.0362655207161 0 -nan  
208.1619292268597 0 -nan  
208.2875929330033 0 -nan  
208.4132566391469 0 -nan  
208.5389203452904 0 -nan  
208.6645840514341 0 -nan  
208.7902477575776 0 -nan  
208.9159114637212 0 -nan  
209.0415751698648 0 -nan  
209.1672388760084 0 -nan  
209.292902582152 0 -nan  
209.4185662882956 0 -nan  
209.5442299944392 0 -nan  
209.6698937005828 0 -nan  
209.7955574067264 0 -nan  
209.92122111287 0 -nan  
210.0468848190136 0 -nan  
210.1725485251571 0 -nan  
210.2982122313007 0 -nan  
210.4238759374444 0 -nan  
210.5495396435879 0 -nan  
210.6752033497315 0 -nan  
210.8008670558751 0 -nan  
210.9265307620187 0 -nan  
211.0521944681623 0 -nan  
211.1778581743059 0 -nan  
211.3035218804495 0 -nan  
211.4291855865931 0 -nan  
211.5548492927367 0 -nan  
211.6805129988803 0 -nan  
211.8061767050239 0 -nan  
211.9318404111674 0 -nan  
212.057504117311 0 -nan  
212.1831678234547 0 -nan  
212.3088315295982 0 -nan  
212.4344952357418 0 -nan  
212.5601589418854 0 -nan  
212.685822648029 0 -nan  
212.8114863541726 0 -nan  
212.9371500603162 0 -nan  
213.0628137664598 0 -nan  
213.1884774726034 0 -nan  
213.314141178747 0 -nan  
213.4398048848905 0 -nan  
213.5654685910341 0 -nan  
213.6911322971777 0 -nan  
213.8167960033213 0 -nan  
213.9424597094649 0 -nan  
214.0681234156085 0 -nan  
214.1937871217521 0 -nan  
214.3194508278957 0 -nan  
214.4451145340393 0 -nan  
214.5707782401829 0 -nan  
214.6964419463264 0 -nan  
214.82210565247 0 -nan  
214.9477693586137 0 -nan  
215.0734330647572 0 -nan  
215.1990967709008 0 -nan  
215.3247604770444 0 -nan  
215.450424183188 0 -nan  
215.5760878893316 0 -nan  
215.7017515954752 0 -nan  
215.8274153016188 0 -nan  
215.9530790077624 0 -nan  
216.078742713906 0 -nan  
216.2044064200496 0 -nan  
216.3300701261932 0 -nan  
216.4557338323367 0 -nan  
216.5813975384803 0 -nan  
216.707061244624 0 -nan  
216.8327249507675 0 -nan  
216.9583886569111 0 -nan  
217.0840523630547 0 -nan  
217.2097160691983 0 -nan  
217.3353797753419 0 -nan  
217.4610434814855 0 -nan  
217.5867071876291 0 -nan  
217.7123708937727 0 -nan  
217.8380345999163 0 -nan  
217.9636983060599 0 -nan  
218.0893620122035 0 -nan  
218.215025718347 0 -nan  
218.3406894244906 0 -nan  
218.4663531306342 0 -nan  
218.5920168367778 0 -nan  
218.7176805429214 0 -nan  
218.843344249065 0 -nan  
218.9690079552086 0 -nan  
219.0946716613522 0 -nan  
219.2203353674957 0 -nan  
219.3459990736393 0 -nan  
219.471662779783 0 -nan  
219.5973264859265 0 -nan  
219.7229901920701 0 -nan  
219.8486538982137 0 -nan  
219.9743176043573 0 -nan  
220.0999813105009 0 -nan  
220.2256450166445 0 -nan  
220.3513087227881 0 -nan  
220.4769724289317 0 -nan  
220.6026361350753 0 -nan  
220.7282998412189 0 -nan  
220.8539635473625 0 -nan  
220.979627253506 0 -nan  
221.1052909596496 0 -nan  
221.2309546657932 0 -nan  
221.3566183719368 0 -nan  
221.4822820780804 0 -nan  
221.607945784224 0 -nan  
221.7336094903676 0 -nan  
221.8592731965112 0 -nan  
221.9849369026548 0 -nan  
222.1106006087984 0 -nan  
222.236264314942 0 -nan  
222.3619280210856 0 -nan  
222.4875917272292 0 -nan  
222.6132554333727 0 -nan  
222.7389191395163 0 -nan  
222.8645828456599 0 -nan  
222.9902465518035 0 -nan  
223.1159102579471 0 -nan  
223.2415739640907 0 -nan  
223.3672376702343 0 -nan  
223.4929013763779 0 -nan  
223.6185650825215 0 -nan  
223.7442287886651 0 -nan  
223.8698924948087 0 -nan  
223.9955562009522 0 -nan  
224.1212199070958 0 -nan  
224.2468836132394 0 -nan  
224.372547319383 0 -nan  
224.4982110255266 0 -nan  
224.6238747316702 0 -nan  
224.7495384378138 0 -nan  
224.8752021439574 0 -nan  
225.000865850101 0 -nan  
225.1265295562446 0 -nan  
225.2521932623882 0 -nan  
225.3778569685317 0 -nan  
225.5035206746753 0 -nan  
225.6291843808189 0 -nan  
225.7548480869625 0 -nan  
225.8805117931061 0 -nan  
226.0061754992497 0 -nan  
226.1318392053933 0 -nan  
226.2575029115369 0 -nan  
226.3831666176805 0 -nan  
226.5088303238241 0 -nan  
226.6344940299677 0 -nan  
226.7601577361112 0 -nan  
226.8858214422549 0 -nan  
227.0114851483985 0 -nan  
227.137148854542 0 -nan  
227.2628125606856 0 -nan  
227.3884762668292 0 -nan  
227.5141399729728 0 -nan  
227.6398036791164 0 -nan  
227.76546738526 0 -nan  
227.8911310914036 0 -nan  
228.0167947975472 0 -nan  
228.1424585036908 0 -nan  
228.2681222098344 0 -nan  
228.393785915978 0 -nan  
228.5194496221215 0 -nan  
228.6451133282652 0 -nan  
228.7707770344088 0 -nan  
228.8964407405523 0 -nan  
229.0221044466959 0 -nan  
229.1477681528395 0 -nan  
229.2734318589831 0 -nan  
229.3990955651267 0 -nan  
229.5247592712703 0 -nan  
229.6504229774139 0 -nan  
229.7760866835575 0 -nan  
229.901750389701 0 -nan  
230.0274140958446 0 -nan  
230.1530778019882 0 -nan  
230.2787415081318 0 -nan  
230.4044052142754 0 -nan  
230.530068920419 0 -nan  
230.6557326265626 0 -nan  
230.7813963327062 0 -nan  
230.9070600388498 0 -nan  
231.0327237449934 0 -nan  
231.158387451137 0 -nan  
231.2840511572805 0 -nan  
231.4097148634242 0 -nan  
231.5353785695678 0 -nan  
231.6610422757113 0 -nan  
231.7867059818549 0 -nan  
231.9123696879985 0 -nan  
232.0380333941421 0 -nan  
232.1636971002857 0 -nan  
232.2893608064293 0 -nan  
232.4150245125729 0 -nan  
232.5406882187165 0 -nan  
232.6663519248601 0 -nan  
232.7920156310037 0 -nan  
232.9176793371473 0 -nan  
233.0433430432908 0 -nan  
233.1690067494345 0 -nan  
233.2946704555781 0 -nan  
233.4203341617216 0 -nan  
233.5459978678652 0 -nan  
233.6716615740088 0 -nan  
233.7973252801524 0 -nan  
233.922988986296 0 -nan  
234.0486526924396 0 -nan  
234.1743163985832 0 -nan  
234.2999801047268 0 -nan  
234.4256438108704 0 -nan  
234.551307517014 0 -nan  
234.6769712231576 0 -nan  
234.8026349293011 0 -nan  
234.9282986354447 0 -nan  
235.0539623415883 0 -nan  
235.1796260477319 0 -nan  
235.3052897538755 0 -nan  
235.4309534600191 0 -nan  
235.5566171661627 0 -nan  
235.6822808723063 0 -nan  
235.8079445784498 0 -nan  
235.9336082845935 0 -nan  
236.0592719907371 0 -nan  
236.1849356968806 0 -nan  
236.3105994030242 0 -nan  
236.4362631091678 0 -nan  
236.5619268153114 0 -nan  
236.687590521455 0 -nan  
236.8132542275986 0 -nan  
236.9389179337422 0 -nan  
237.0645816398858 0 -nan  
237.1902453460294 0 -nan  
237.315909052173 0 -nan  
237.4415727583166 0 -nan  
237.5672364644601 0 -nan  
237.6929001706038 0 -nan  
237.8185638767473 0 -nan  
237.9442275828909 0 -nan  
238.0698912890345 0 -nan  
238.1955549951781 0 -nan  
238.3212187013217 0 -nan  
238.4468824074653 0 -nan  
238.5725461136089 0 -nan  
238.6982098197525 0 -nan  
238.8238735258961 0 -nan  
238.9495372320397 0 -nan  
239.0752009381833 0 -nan  
239.2008646443268 0 -nan  
239.3265283504704 0 -nan  
239.4521920566141 0 -nan  
239.5778557627576 0 -nan  
239.7035194689012 0 -nan  
239.8291831750448 0 -nan  
239.9548468811884 0 -nan  
240.080510587332 0 -nan  
240.2061742934756 0 -nan  
240.3318379996192 0 -nan  
240.4575017057628 0 -nan  
240.5831654119064 0 -nan  
240.7088291180499 0 -nan  
240.8344928241935 0 -nan  
240.9601565303371 0 -nan  
241.0858202364807 0 -nan  
241.2114839426243 0 -nan  
241.3371476487679 0 -nan  
241.4628113549115 0 -nan  
241.5884750610551 0 -nan  
241.7141387671987 0 -nan  
241.8398024733423 0 -nan  
241.9654661794859 0 -nan  
242.0911298856294 0 -nan  
242.2167935917731 0 -nan  
242.3424572979166 0 -nan  
242.4681210040602 0 -nan  
242.5937847102038 0 -nan  
242.7194484163474 0 -nan  
242.845112122491 0 -nan  
242.9707758286346 0 -nan  
243.0964395347782 0 -nan  
243.2221032409218 0 -nan  
243.3477669470654 0 -nan  
243.473430653209 0 -nan  
243.5990943593526 0 -nan  
243.7247580654961 0 -nan  
243.8504217716397 0 -nan  
243.9760854777834 0 -nan  
244.1017491839269 0 -nan  
244.2274128900705 0 -nan  
244.3530765962141 0 -nan  
244.4787403023577 0 -nan  
244.6044040085013 0 -nan  
244.7300677146449 0 -nan  
244.8557314207885 0 -nan  
244.9813951269321 0 -nan  
245.1070588330757 0 -nan  
245.2327225392193 0 -nan  
245.3583862453629 0 -nan  
245.4840499515064 0 -nan  
245.60971365765 0 -nan  
245.7353773637936 0 -nan  
245.8610410699372 0 -nan  
245.9867047760808 0 -nan  
246.1123684822244 0 -nan  
246.238032188368 0 -nan  
246.3636958945116 0 -nan  
246.4893596006551 0 -nan  
246.6150233067987 0 -nan  
246.7406870129424 0 -nan  
246.8663507190859 0 -nan  
246.9920144252295 0 -nan  
247.1176781313731 0 -nan  
247.2433418375167 0 -nan  
247.3690055436603 0 -nan  
247.4946692498039 0 -nan  
247.6203329559475 0 -nan  
247.7459966620911 0 -nan  
247.8716603682347 0 -nan  
247.9973240743783 0 -nan  
248.1229877805219 0 -nan  
248.2486514866654 0 -nan  
248.374315192809 0 -nan  
248.4999788989527 0 -nan  
248.6256426050962 0 -nan  
248.7513063112398 0 -nan  
248.8769700173834 0 -nan  
249.002633723527 0 -nan  
249.1282974296706 0 -nan  
249.2539611358142 0 -nan  
249.3796248419578 0 -nan  
249.5052885481014 0 -nan  
249.630952254245 0 -nan  
249.7566159603886 0 -nan  
249.8822796665322 0 -nan  
250.0079433726757 0 -nan  
250.1336070788193 0 -nan  
250.259270784963 0 -nan  
250.3849344911065 0 -nan  
250.5105981972501 0 -nan  
250.6362619033937 0 -nan  
250.7619256095373 0 -nan  
250.8875893156809 0 -nan  
251.0132530218245 0 -nan  
251.1389167279681 0 -nan  
251.2645804341117 0 -nan  
