-1.800000000000201084e+01 1.382546313081342091e-08
-1.768637079511795918e+01 4.057934066613811425e-08
-1.738314684757837725e+01 4.931859812125701878e-08
-1.708981328123576660e+01 3.747965657676866078e-08
-1.680588863433072433e+01 6.576124283358461185e-08
-1.653092219204418001e+01 8.734168496699831030e-08
-1.626449157056260830e+01 1.018161011462640867e-07
-1.600620052541652782e+01 1.423018580545932723e-07
-1.575567696017295916e+01 1.767565126063952833e-07
-1.551257111443442049e+01 2.152749432067712033e-07
-1.527655391258613626e+01 2.171413805054787439e-07
-1.504731545689701200e+01 2.493659062571759193e-07
-1.482456365046278535e+01 3.704270836191173143e-07
-1.460802293712368716e+01 4.125045600626079032e-07
-1.439743314692604947e+01 4.219546308995384054e-07
-1.419254843695589230e+01 5.058335125516464114e-07
-1.399313631847824624e+01 6.058358176098855305e-07
-1.379897676228727654e+01 6.530501131864105914e-07
-1.360986137502872673e+01 7.283957200841461818e-07
-1.342559264001182306e+01 8.076402116911551371e-07
-1.324598321669588152e+01 9.625156337766101581e-07
-1.307085529362816168e+01 1.074741430382055270e-06
-1.290003999013476133e+01 1.214650033002117478e-06
-1.273337680253193582e+01 1.314571538214512754e-06
-1.257071309104041035e+01 1.493631409682121870e-06
-1.241190360395464154e+01 1.642854416008746676e-06
-1.225681003594876195e+01 1.849049961005000957e-06
-1.210530061769597765e+01 1.919412938221977607e-06
-1.195724973424155202e+01 2.199728891956487569e-06
-1.181253756980619762e+01 2.315976885591688347e-06
-1.167104977690866718e+01 2.418700890642263445e-06
-1.153267716788677255e+01 2.655319514734620737e-06
-1.139731542706779699e+01 3.052514334894933197e-06
-1.126486484199332239e+01 3.198429811679004887e-06
-1.113523005224293527e+01 3.531199082465764380e-06
-1.100831981452695096e+01 3.734095960513344445e-06
-1.088404678283180083e+01 3.763024451321714213e-06
-1.076232730250476877e+01 4.357487902111442164e-06
-1.064308121725769141e+01 4.466392348807290063e-06
-1.052623168815380517e+01 4.768580615660316448e-06
-1.041170502371859463e+01 4.935823220396897811e-06
-1.029943052038521678e+01 5.130615961447597024e-06
-1.018934031254830330e+01 5.451837090474606661e-06
-1.008136923155793951e+01 5.594440159594122304e-06
-9.975454673037956965e+00 5.879729021524464945e-06
-9.871536471960840942e+00 6.235885901957872585e-06
-9.769556784955334194e+00 6.460472235760191312e-06
-9.669459979362780899e+00 6.876429556025025579e-06
-9.571192528595137361e+00 7.051305539283328728e-06
-9.474702913380864899e+00 7.335121037798032359e-06
-9.379941528515811200e+00 7.727316657254388850e-06
-9.286860594764403842e+00 7.864948941900140481e-06
-9.195414075582201363e+00 8.343527067451452325e-06
-9.105557598354884874e+00 8.556883027768638061e-06
-9.017248379870389741e+00 8.773755844963987110e-06
-8.930445155761116638e+00 8.310989664468204570e-06
-8.845108113671695804e+00 9.126349717622706447e-06
-8.761198829924738973e+00 9.537227617920253494e-06
-8.678680209472876328e+00 9.788101683765020467e-06
-8.597516428939853128e+00 1.017428034364956807e-05
-8.517672882566811765e+00 1.054659217805350470e-05
-8.439116130892410084e+00 1.077503444572128040e-05
-8.361813852006719117e+00 1.086496660637525967e-05
-8.285734795229661387e+00 1.116552407430820390e-05
-8.210848737074378789e+00 1.145341869985390203e-05
-8.137126439365120589e+00 1.170919745432180807e-05
-8.064539609387715302e+00 1.211340381926028001e-05
-7.993060861958362295e+00 1.277272789670414621e-05
-7.922663683303976967e+00 1.247290397951813659e-05
-7.853322396653874549e+00 1.273709440432038007e-05
-7.785012129448951157e+00 1.311727177376565061e-05
-7.717708782080378249e+00 1.346260737008154886e-05
-7.651388998075133507e+00 1.326542679225173975e-05
-7.586030135650944750e+00 1.361060236535557996e-05
-7.521610240567749628e+00 1.404192288828192411e-05
-7.458108020207273370e+00 1.430062195019754940e-05
-7.395502818816379609e+00 1.443577503787670949e-05
-7.333774593853726209e+00 1.429000747193372007e-05
-7.272903893382695273e+00 1.459739459417445646e-05
-7.212871834457117437e+00 1.501327798011008301e-05
-7.153660082449187385e+00 1.543594866236934661e-05
-7.095250831272068126e+00 1.586087706193986665e-05
-7.037626784452278628e+00 1.595834424932104418e-05
-6.980771137009643468e+00 1.535896215020218672e-05
-6.924667558104775189e+00 1.578708707125579062e-05
-6.869300174416541616e+00 1.625700403160943117e-05
-6.814653554213885300e+00 1.645598196563359354e-05
-6.760712692088343800e+00 1.646013709075695082e-05
-6.707462994315648963e+00 1.611416600765020775e-05
-6.654890264816202716e+00 1.514797477512676032e-05
-6.602980691686176407e+00 1.692232503863808616e-05
-6.551720834272277472e+00 1.809374066894242221e-05
-6.501097610764786872e+00 1.777311834148392482e-05
-6.451098286284775440e+00 1.784718844210920054e-05
-6.401710461442654321e+00 1.812611266852804011e-05
-6.352922061346510496e+00 1.799970528111646259e-05
-6.304721325039668756e+00 1.778766791420927922e-05
-6.257096795348075169e+00 1.791368816892072944e-05
-6.210037309119101678e+00 1.801544257866144591e-05
-6.163531987834188541e+00 1.832968087032129853e-05
-6.117570228578837366e+00 1.842154918563576827e-05
-6.072141695354100754e+00 1.857733578232006197e-05
-6.027236310714632950e+00 1.923690746357378442e-05
-5.982844247719062203e+00 2.005819507597864546e-05
-5.938955922179146363e+00 1.987579112135913584e-05
-5.895561985194874843e+00 1.956996150644826397e-05
-5.852653315963272540e+00 1.972956101575931389e-05
-5.810221014849253685e+00 1.960927491125637884e-05
-5.768256396707496236e+00 2.001498035827306554e-05
-5.726750984444712422e+00 2.002716562982802555e-05
-5.685696502812374042e+00 1.963483481969982098e-05
-5.645084872420248701e+00 1.989900019813325486e-05
-5.604908203961667112e+00 2.020567883564908042e-05
-5.565158792641851981e+00 2.023576393310312860e-05
-5.525829112800970222e+00 2.018049361522515107e-05
-5.486911812724083681e+00 2.035140725651320343e-05
-5.448399709630409760e+00 2.035191807147247405e-05
-5.410285784834729661e+00 2.050833610598807390e-05
-5.372563179074079542e+00 2.094921410842165134e-05
-5.335225187993163587e+00 2.102396820458335929e-05
-5.298265257782246884e+00 2.071575598133327297e-05
-5.261676980961550676e+00 2.043600942612644315e-05
-5.225454092306433651e+00 2.081339629414049393e-05
-5.189590464907923639e+00 2.105319561633854685e-05
-5.154080106363324809e+00 2.099292454639640644e-05
-5.118917155092023386e+00 2.115191623512664964e-05
-5.084095876771596245e+00 2.146202129064040564e-05
-5.049610660889740643e+00 2.195784663785196495e-05
-5.015456017407655231e+00 2.191054134984008270e-05
-4.981626573530626878e+00 2.125198512614244174e-05
-4.948117070581910859e+00 2.107967663188232838e-05
-4.914922360976011539e+00 2.089854918982136142e-05
-4.882037405287712239e+00 2.046342638802115384e-05
-4.849457269413337102e+00 2.057836530174522171e-05
-4.817177121820895636e+00 2.128033908352858222e-05
-4.785192230885824571e+00 2.195597426462633360e-05
-4.753497962309302771e+00 2.245992770049260048e-05
-4.722089776616123835e+00 2.268877306211478085e-05
-4.690963226729293112e+00 2.260320842035884583e-05
-4.660113955618596648e+00 2.255147899452461814e-05
-4.629537694020590344e+00 2.258863198160591390e-05
-4.599230258227382961e+00 2.233824577764702241e-05
-4.569187547941903738e+00 2.201938009281169371e-05
-4.539405544197283149e+00 2.185635605207880699e-05
-4.509880307338105077e+00 2.205606528285980334e-05
-4.480607975061465353e+00 2.236104277654617535e-05
-4.451584760515686412e+00 2.251166672249074903e-05
-4.422806950454783781e+00 2.244304876678952467e-05
-4.394270903446768628e+00 2.222299227164174700e-05
-4.365973048133954926e+00 2.214666447305098487e-05
-4.337909881543509094e+00 2.233016163425152013e-05
-4.310077967446587444e+00 2.273998292038467562e-05
-4.282473934764412071e+00 2.337816344864259606e-05
-4.255094476019731786e+00 2.415083470708245260e-05
-4.227936345832168819e+00 2.444520554797649438e-05
-4.200996359456015128e+00 2.394041025962316001e-05
-4.174271391359062555e+00 2.349645434744271526e-05
-4.147758373841154089e+00 2.338913490833744376e-05
-4.121454295691163061e+00 2.324084803625413919e-05
-4.095356200881122177e+00 2.299938627776975777e-05
-4.069461187296388616e+00 2.284079458921919485e-05
-4.043766405500584860e+00 2.280526862040587626e-05
-4.018269057534298305e+00 2.269137695671060386e-05
-3.992966395746416985e+00 2.242042045819255344e-05
-3.967855721657088441e+00 2.216562121192082728e-05
-3.942934384851309204e+00 2.213421364340843698e-05
-3.918199781902168777e+00 2.248559370300415728e-05
-3.893649355322847061e+00 2.311643677834401278e-05
-3.869280592546462394e+00 2.357863706043867333e-05
-3.845091024932894896e+00 2.363056820521554715e-05
-3.821078226801797317e+00 2.354127988759370299e-05
-3.797239814490932730e+00 2.350853363386379809e-05
-3.773573445439120100e+00 2.349402943964603248e-05
-3.750076817293014120e+00 2.350941575693740347e-05
-3.726747667036997225e+00 2.348901326502413458e-05
-3.703583770145510101e+00 2.331744922421013149e-05
-3.680582939757102157e+00 2.329853504569997846e-05
-3.657743025869630404e+00 2.380479156093067767e-05
-3.635061914555887341e+00 2.449455138097023251e-05
-3.612537527199123133e+00 2.473905960479854245e-05
-3.590167819747855482e+00 2.449025051493793041e-05
-3.567950781989368547e+00 2.418292490365781211e-05
-3.545884436841426179e+00 2.405644318631050061e-05
-3.523966839661581307e+00 2.402569164706305576e-05
-3.502196077573649369e+00 2.401731726632629928e-05
-3.480570268810808887e+00 2.412878753283383045e-05
-3.459087562074850908e+00 2.443454510256643118e-05
-3.437746135911134981e+00 2.476099604131594086e-05
-3.416544198098792506e+00 2.491043333949560437e-05
-3.395479985055740890e+00 2.497867603990285435e-05
-3.374551761258098193e+00 2.510408769425068401e-05
-3.353757818673582580e+00 2.513955538683908226e-05
-3.333096476208523118e+00 2.494712339115891716e-05
-3.312566079168071553e+00 2.470737432690671680e-05
-3.292164998729279812e+00 2.467958486183042605e-05
-3.271891631426664837e+00 2.490470538440688817e-05
-3.251744398649922374e+00 2.522011652137770327e-05
-3.231721746153456643e+00 2.542829222372301756e-05
-3.211822143577407918e+00 2.546590379273646612e-05
-3.192044083979844071e+00 2.541583510402342227e-05
-3.172386083379843402e+00 2.533502245294610216e-05
-3.152846680311138350e+00 2.522357736102607986e-05
-3.133424435386072737e+00 2.516638048253195137e-05
-3.114117930869558570e+00 2.531555543842722378e-05
-3.094925770262795250e+00 2.569491729295768497e-05
-3.075846577896469647e+00 2.610296432095173972e-05
-3.056878998533198555e+00 2.626686923578805608e-05
-3.038021696978961295e+00 2.612092497365718483e-05
-3.019273357703287086e+00 2.590320060588078297e-05
-3.000632684467968048e+00 2.588580769680805710e-05
-2.982098399964077995e+00 2.606336484811375457e-05
-2.963669245457069223e+00 2.623086396602828817e-05
-2.945343980439752762e+00 2.626293978514469393e-05
-2.927121382292947160e+00 2.620347440771831268e-05
-2.909000245953597297e+00 2.617608057495150433e-05
-2.890979383590179363e+00 2.628307025837509189e-05
-2.873057624285205058e+00 2.653945683670781068e-05
-2.855233813724623815e+00 2.685835680571963338e-05
-2.837506813893987179e+00 2.711566464981684664e-05
-2.819875502781155951e+00 2.726393499286637733e-05
-2.802338774085429751e+00 2.737201087880657157e-05
-2.784895536932901372e+00 2.751518794305761136e-05
-2.767544715597910265e+00 2.764498656354419842e-05
-2.750285249230413953e+00 2.764460698998789646e-05
-2.733116091589155250e+00 2.751950608043083964e-05
-2.716036210780464089e+00 2.741499397741521953e-05
-2.699044589002566052e+00 2.743161989040179518e-05
-2.682140222295249732e+00 2.755655525495373225e-05
-2.665322120294779662e+00 2.777718491246799598e-05
-2.648589305993904297e+00 2.813970736705292543e-05
-2.631940815506855547e+00 2.866756711340186822e-05
-2.615375697839200431e+00 2.928459171957817461e-05
-2.598893014662444045e+00 2.986074789296933849e-05
-2.582491840093254609e+00 3.031585490919343220e-05
-2.566171260477212002e+00 3.064499034202397738e-05
-2.549930374176959447e+00 3.087554392679797591e-05
-2.533768291364664638e+00 3.104505489484200701e-05
-2.517684133818677505e+00 3.119356787187227181e-05
-2.501677034724291371e+00 3.135803325175206012e-05
-2.485746138478510670e+00 3.160256493959426435e-05
-2.469890600498723998e+00 3.203773037373605794e-05
-2.454109587035200768e+00 3.272376788763389581e-05
-2.438402274987315543e+00 3.350028072382070266e-05
-2.422767851723407695e+00 3.399181842215562164e-05
-2.407205514904207533e+00 3.391697079308388601e-05
-2.391714472309731221e+00 3.339568781187202741e-05
-2.376293941669569421e+00 3.286462979746549031e-05
-2.360943150496495058e+00 3.269218389403748753e-05
-2.345661335923311608e+00 3.291374190513385951e-05
-2.330447744542858413e+00 3.328138041587871808e-05
-2.315301632251118846e+00 3.349919470682950220e-05
-2.300222264093345625e+00 3.344915051685726291e-05
-2.285208914113144640e+00 3.326433004145986537e-05
-2.270260865204440481e+00 3.320269997405882970e-05
-2.255377408966269037e+00 3.344444797679984802e-05
-2.240557845560325223e+00 3.399875718309386890e-05
-2.225801483571210770e+00 3.476012879981548462e-05
-2.211107639869315467e+00 3.561933539945969646e-05
-2.196475639476279440e+00 3.653828449981616310e-05
-2.181904815432973432e+00 3.753810859736407123e-05
-2.167394508669943320e+00 3.859670501848458618e-05
-2.152944067880271817e+00 3.954763596878119712e-05
-2.138552849394784516e+00 4.013176283177204639e-05
-2.124220217059574090e+00 4.021049096023726415e-05
-2.109945542115772454e+00 3.991929924682532601e-05
-2.095728203081529628e+00 3.957377658567017557e-05
-2.081567585636154849e+00 3.943056569720303662e-05
-2.067463082506362237e+00 3.955121407855348317e-05
-2.053414093354584136e+00 3.985658897449784080e-05
-2.039420024669305942e+00 4.026134963497953059e-05
-2.025480289657382471e+00 4.075144601038598258e-05
-2.011594308138276332e+00 4.136860545258567805e-05
-1.997761506440205226e+00 4.214968000631914288e-05
-1.983981317298131319e+00 4.307914678936882607e-05
-1.970253179753569617e+00 4.408263678820998753e-05
-1.956576539056167352e+00 4.506442449332608382e-05
-1.942950846567025547e+00 4.596371564245406286e-05
-1.929375559663717654e+00 4.677254383625548042e-05
-1.915850141646975535e+00 4.748632021292668935e-05
-1.902374061649005244e+00 4.803730142740457616e-05
-1.888946794543396868e+00 4.829239867594308633e-05
-1.875567820856598900e+00 4.814681862652914993e-05
-1.862236626680921825e+00 4.767439319945648558e-05
-1.848952703589041180e+00 4.720855166722310583e-05
-1.835715548549967879e+00 4.721498138499196756e-05
-1.822524663846452730e+00 4.799133046350440219e-05
-1.809379556993800708e+00 4.945398432134131585e-05
-1.796279740660062796e+00 5.121708506594144065e-05
-1.783224732587581407e+00 5.287160101346333104e-05
-1.770214055515849871e+00 5.421205964118154899e-05
-1.757247237105675541e+00 5.527983010799423515e-05
-1.744323809864610553e+00 5.627155401622780881e-05
-1.731443311073621372e+00 5.740753408758928692e-05
-1.718605282714980698e+00 5.881706293030601574e-05
-1.705809271401351745e+00 6.046981109369422257e-05
-1.693054828306041149e+00 6.218433482925142845e-05
-1.680341509094399610e+00 6.372408476383991044e-05
-1.667668873856344547e+00 6.492699230966661429e-05
-1.655036487039980519e+00 6.577119903873506943e-05
-1.642443917386301022e+00 6.634164427056581895e-05
-1.629890737864948980e+00 6.677241072329607573e-05
-1.617376525611005755e+00 6.724335766666013022e-05
-1.604900861862805783e+00 6.798554788078871802e-05
-1.592463331900736856e+00 6.919055882295051274e-05
-1.580063524987020074e+00 7.084679212234761968e-05
-1.567701034306447028e+00 7.267222942591608872e-05
-1.555375456908052678e+00 7.426362029633101357e-05
-1.543086393647707277e+00 7.537575201870864668e-05
-1.530833449131608237e+00 7.611229423850232969e-05
-1.518616231660659732e+00 7.687581395174358269e-05
-1.506434353175712282e+00 7.812363853042122953e-05
-1.494287429203655870e+00 8.011648965049028277e-05
-1.482175078804342627e+00 8.281795458818734903e-05
-1.470096924518329295e+00 8.596642361010400869e-05
-1.458052592315416618e+00 8.923839734093724047e-05
-1.446041711543979202e+00 9.240483372853063601e-05
-1.434063914881057000e+00 9.540200194802436208e-05
-1.422118838283209508e+00 9.828203229517779493e-05
-1.410206120938107599e+00 1.010901951283131345e-04
-1.398325405216850115e+00 1.037920902549358204e-04
-1.386476336626996986e+00 1.063408413139535231e-04
-1.374658563766294916e+00 1.088233548934953131e-04
-1.362871738277095179e+00 1.115173425601767408e-04
-1.351115514801437101e+00 1.147620824147495007e-04
-1.339389550936797013e+00 1.187330450361120092e-04
-1.327693507192477362e+00 1.233058122864596519e-04
-1.316027046946637080e+00 1.281169115196235388e-04
-1.304389836403941239e+00 1.327696721708517772e-04
-1.292781544553817996e+00 1.370384835070902120e-04
-1.281201843129320173e+00 1.409533175672180773e-04
-1.269650406566570577e+00 1.447385448604071947e-04
-1.258126911964788874e+00 1.486741362069831447e-04
-1.246631039046874889e+00 1.529714782214986249e-04
-1.235162470120555911e+00 1.577200405182626556e-04
-1.223720890040073339e+00 1.629095144309353313e-04
-1.212305986168408234e+00 1.684833759037266635e-04
-1.200917448340022453e+00 1.743782095150222915e-04
-1.189554968824123149e+00 1.805487798901934883e-04
-1.178218242288426865e+00 1.870019747615571230e-04
-1.166906965763418569e+00 1.938389189159357988e-04
-1.155620838607101852e+00 2.012508039828293533e-04
-1.144359562470215863e+00 2.094280529979795414e-04
-1.133122841261928526e+00 2.184327319872954418e-04
-1.121910381115985400e+00 2.281506376756879586e-04
-1.110721890357309283e+00 2.383936133269248575e-04
-1.099557079469039467e+00 2.490841795492510120e-04
-1.088415661060010642e+00 2.603614005717344972e-04
-1.077297349832647466e+00 2.725004380308550874e-04
-1.066201862551285018e+00 2.857120517355516386e-04
-1.055128918010896033e+00 3.000046282857102243e-04
-1.044078237006218046e+00 3.152306625590408913e-04
-1.033049542301277102e+00 3.312592175915817774e-04
-1.022042558599299822e+00 3.481065510802884349e-04
-1.011057012512998066e+00 3.659210281596675862e-04
-1.000092632535235726e+00 3.848741110781673364e-04
-9.891491490100537964e-01 4.050816181354070702e-04
-9.782262941040561488e-01 4.265980639528592138e-04
-9.673238017781481402e-01 4.494386758868479294e-04
-9.564414077596213870e-01 4.735870300756760305e-04
-9.455788495145712735e-01 4.990306155429325135e-04
-9.347358662206534108e-01 5.258734709788321585e-04
-9.239121987401626157e-01 5.544769838677823109e-04
-9.131075895934324116e-01 5.854912396238321111e-04
-9.023217829325496098e-01 6.196988222624774147e-04
-8.915545245153719822e-01 6.577339099105093245e-04
-8.808055616798529108e-01 6.998469657732164523e-04
-8.700746433186589135e-01 7.458523373758903273e-04
-8.593615198540814903e-01 7.952735667215583403e-04
-8.486659432132259706e-01 8.476174456326717680e-04
-8.379876668034880183e-01 9.026843208554573891e-04
-8.273264454882990337e-01 9.608256568244829361e-04
-8.166820355631438932e-01 1.023040535040865579e-03
-8.060541947318363709e-01 1.090840009162962962e-03
-7.954426820830584610e-01 1.165906033304518405e-03
-7.848472580671504994e-01 1.249694213189285431e-03
-7.742676844731486430e-01 1.343166526873994324e-03
-7.637037244060699281e-01 1.446775135186324779e-03
-7.531551422644284788e-01 1.560701050503126045e-03
-7.426217037179922986e-01 1.685242427556914993e-03
-7.321031756857663275e-01 1.821159758393644905e-03
-7.215993263142009839e-01 1.969812756959022845e-03
-7.111099249556180890e-01 2.133000724720741231e-03
-7.006347421468592795e-01 2.312613964423574676e-03
-6.901735495881351490e-01 2.510370689126139882e-03
-6.797261201220911042e-01 2.727904194026901062e-03
-6.692922277130706199e-01 2.967189596518557924e-03
-6.588716474265783329e-01 3.231038260469155671e-03
-6.484641554089376481e-01 3.523270441752517600e-03
-6.380695288671385246e-01 3.848452614381666671e-03
-6.276875460488731129e-01 4.211450304459711177e-03
-6.173179862227488046e-01 4.617186202085715903e-03
-6.069606296586862459e-01 5.070797392688449617e-03
-5.966152576084875481e-01 5.578044018318793415e-03
-5.862816522865772484e-01 6.145660245909846144e-03
-5.759595968509094721e-01 6.781478943228331016e-03
-5.656488753840412942e-01 7.494416772120116380e-03
-5.553492728743597562e-01 8.294541084447075094e-03
-5.450605751974718638e-01 9.193349684120501533e-03
-5.347825690977430213e-01 1.020419636798768938e-02
-5.245150421699888987e-01 1.134263325687614316e-02
-5.142577828413065211e-01 1.262652150282971009e-02
-5.040105803530536832e-01 1.407586770857133587e-02
-4.937732247429644228e-01 1.571256020217105809e-02
-4.835455068274036594e-01 1.756029971061483924e-02
-4.733272181837471781e-01 1.964491755181099059e-02
-4.631181511328986700e-01 2.199516820548630749e-02
-4.529180987219272314e-01 2.464392290146114745e-02
-4.427268547068332061e-01 2.762956212918005888e-02
-4.325442135354257145e-01 3.099718048921727351e-02
-4.223699703303245845e-01 3.479945451773904658e-02
-4.122039208720716941e-01 3.909720295589611677e-02
-4.020458615823537807e-01 4.395986812158790558e-02
-3.918955895073323314e-01 4.946636217832365429e-02
-3.817529023010813316e-01 5.570624898119285601e-02
-3.716175982091194929e-01 6.278163977351261527e-02
-3.614894760520483419e-01 7.081000328202941008e-02
-3.513683352092828449e-01 7.992735132901626627e-02
-3.412539756028758475e-01 9.028870760756922687e-02
-3.311461976814312758e-01 1.020593961018865375e-01
-3.210448024041094306e-01 1.153903208854387408e-01
-3.109495912247085547e-01 1.303743655161517245e-01
-3.008603660758366605e-01 1.469922508171664921e-01
-2.907769293531580201e-01 1.650709603470039144e-01
-2.806990838997174276e-01 1.842842428398140386e-01
-2.706266329903371237e-01 2.042168872323824047e-01
-2.605593803160889399e-01 2.244731274619424788e-01
-2.504971299688272257e-01 2.447671694869123227e-01
-2.404396864257955790e-01 2.649250505912154052e-01
-2.303868545342923901e-01 2.847825559353661107e-01
-2.203384394963986970e-01 3.040527167355645544e-01
-2.102942468537628840e-01 3.222824281949567826e-01
-2.002540824724450275e-01 3.390013100029206083e-01
-1.902177525278067050e-01 3.540791048875674973e-01
-1.801850634894590075e-01 3.682357258946945544e-01
-1.701558221062540455e-01 3.836040931399330445e-01
-1.601298353913264694e-01 4.042392075781821026e-01
-1.501069106071708514e-01 4.365013575903722853e-01
-1.400868552507662790e-01 4.892728979568738978e-01
-1.300694770387391397e-01 5.740135198245326364e-01
-1.200545838925550501e-01 7.046456801747278398e-01
-1.100419839237516545e-01 8.971941882419732783e-01
-1.000314854191983877e-01 1.168889697170773179e+00
-9.002289682638489610e-02 1.536322111286446246e+00
-8.001602673873924043e-02 2.012267487215789075e+00
-7.001068388096250150e-02 2.601120223921425723e+00
-6.000667709439190534e-02 3.293603277841339327e+00
-5.000381532237931775e-02 4.061930979747941706e+00
-4.000190759568706539e-02 4.857173604001968847e+00
-3.000076301789707939e-02 5.610780458012257554e+00
-2.000019075083557876e-02 6.241662316739049032e+00
-9.999999999999974187e-03 6.669117350145303824e+00
0.000000000000000000e+00 6.829678460109850135e+00
9.999999999999974187e-03 6.693585032876081087e+00
2.000019075083557876e-02 6.275094610027730724e+00
3.000076301789707939e-02 5.631507903910197399e+00
4.000190759568635068e-02 4.849755049015119113e+00
5.000381532237860305e-02 4.024820545113312775e+00
6.000667709439118369e-02 3.238247234414957543e+00
7.001068388096322315e-02 2.544592161526885832e+00
8.001602673873996208e-02 1.968915616939004520e+00
9.002289682638561774e-02 1.513000512367210781e+00
1.000314854191983877e-01 1.164974838092559750e+00
1.100419839237516545e-01 9.075957487247452438e-01
1.200545838925550501e-01 7.232228923339422133e-01
1.300694770387391397e-01 5.957606371374943866e-01
1.400868552507662790e-01 5.109853009515948896e-01
1.501069106071708514e-01 4.564967717174592821e-01
1.601298353913264694e-01 4.218250239721693107e-01
1.701558221062540455e-01 3.986942345077397754e-01
1.801850634894582859e-01 3.811697170677946223e-01
1.902177525278067050e-01 3.655001795996322134e-01
2.002540824724450275e-01 3.496480836556028482e-01
2.102942468537628840e-01 3.326805811074783348e-01
2.203384394963986970e-01 3.142437799866070747e-01
2.303868545342923901e-01 2.942487846979435773e-01
2.404396864257955790e-01 2.727715786686840671e-01
2.504971299688272257e-01 2.500684370577522797e-01
2.605593803160889399e-01 2.266022788972121838e-01
2.706266329903371237e-01 2.030186606924594683e-01
2.806990838997167059e-01 1.800647306610239640e-01
2.907769293531572985e-01 1.584714490021965072e-01
3.008603660758359388e-01 1.388271703616636987e-01
3.109495912247092764e-01 1.214787940950276396e-01
3.210448024041101522e-01 1.064935953474755448e-01
3.311461976814320529e-01 9.369908747381397451e-02
3.412539756028758475e-01 8.278135228636358811e-02
3.513683352092828449e-01 7.339501301372192144e-02
3.614894760520483419e-01 6.524059935497220075e-02
3.716175982091194929e-01 5.809273966449057802e-02
3.817529023010813316e-01 5.179126843997815255e-02
3.918955895073323314e-01 4.621862747983275510e-02
4.020458615823530590e-01 4.128139618880298511e-02
4.122039208720709169e-01 3.690106633099762140e-02
4.223699703303238628e-01 3.301108910248030937e-02
4.325442135354264361e-01 2.955552501516478525e-02
4.427268547068339277e-01 2.648680348397275744e-02
4.529180987219279531e-01 2.376289592842147427e-02
4.631181511328986700e-01 2.134507452925525628e-02
4.733272181837471781e-01 1.919718937651010426e-02
4.835455068274036594e-01 1.728632170492456696e-02
4.937732247429644228e-01 1.558374870324758313e-02
5.040105803530536832e-01 1.406531170046562002e-02
5.142577828413065211e-01 1.271072477354772898e-02
5.245150421699888987e-01 1.150226608486894578e-02
5.347825690977430213e-01 1.042370221873008609e-02
5.450605751974710866e-01 9.460000073949221405e-03
5.553492728743597562e-01 8.597644154252619131e-03
5.656488753840412942e-01 7.824978279305887241e-03
5.759595968509094721e-01 7.132167490086072439e-03
5.862816522865772484e-01 6.510758567994427704e-03
5.966152576084875481e-01 5.953193885258080235e-03
6.069606296586862459e-01 5.452535535270934888e-03
6.173179862227488046e-01 5.002405272692300731e-03
6.276875460488731129e-01 4.596983369745561224e-03
6.380695288671385246e-01 4.230956519227355682e-03
6.484641554089369819e-01 3.899460658924967967e-03
6.588716474265774448e-01 3.598133121262580593e-03
6.692922277130698427e-01 3.323279447914281350e-03
6.797261201220904381e-01 3.072017007066186415e-03
6.901735495881360372e-01 2.842226363844332915e-03
7.006347421468600567e-01 2.632283975738744595e-03
7.111099249556188662e-01 2.440736188188348359e-03
7.215993263142009839e-01 2.266147898973907074e-03
7.321031756857663275e-01 2.107135696823617902e-03
7.426217037179922986e-01 1.962436262019859497e-03
7.531551422644284788e-01 1.830823870874569376e-03
7.637037244060699281e-01 1.710901292877262071e-03
7.742676844731486430e-01 1.600981239306195538e-03
7.848472580671498333e-01 1.499249922986084071e-03
7.954426820830577949e-01 1.404161666704782652e-03
8.060541947318363709e-01 1.314828866226723254e-03
8.166820355631446704e-01 1.231133910406025014e-03
8.273264454882999219e-01 1.153461285413110403e-03
8.379876668034880183e-01 1.082205185480885137e-03
8.486659432132259706e-01 1.017353728840234830e-03
8.593615198540814903e-01 9.583786217214635555e-04
8.700746433186589135e-01 9.044201448631514944e-04
8.808055616798529108e-01 8.545669681744288287e-04
8.915545245153719822e-01 8.080362724823988811e-04
9.023217829325496098e-01 7.642213709553801696e-04
9.131075895934324116e-01 7.226974405932165427e-04
9.239121987401619496e-01 6.832612462530222083e-04
9.347358662206525226e-01 6.459622501978482586e-04
9.455788495145712735e-01 6.110370897436014775e-04
9.564414077596213870e-01 5.787397253303088254e-04
9.673238017781488063e-01 5.491711243563440065e-04
9.782262941040561488e-01 5.222208868817110805e-04
9.891491490100537964e-01 4.976365320492562999e-04
1.000092632535235726e+00 4.751145009314524108e-04
1.011057012512998066e+00 4.543120964196595388e-04
1.022042558599299822e+00 4.347937263598273703e-04
1.033049542301277102e+00 4.160419386630175628e-04
1.044078237006217380e+00 3.976141463682991185e-04
1.055128918010895367e+00 3.793727087831277834e-04
1.066201862551284352e+00 3.615863239767052760e-04
1.077297349832648132e+00 3.447827234631053615e-04
1.088415661060011308e+00 3.294292312590553148e-04
1.099557079469040355e+00 3.156620047613572979e-04
1.110721890357309283e+00 3.032259060288309107e-04
1.121910381115985400e+00 2.916232603140947932e-04
1.133122841261928526e+00 2.803442620341404503e-04
1.144359562470215863e+00 2.690604033494183749e-04
1.155620838607101852e+00 2.577261351107037720e-04
1.166906965763418569e+00 2.465862907978927918e-04
1.178218242288425976e+00 2.360903247948416815e-04
1.189554968824123149e+00 2.267118924124549603e-04
1.200917448340022453e+00 2.187066331789446762e-04
1.212305986168408900e+00 2.119187588522989101e-04
1.223720890040074227e+00 2.057898112625028181e-04
1.235162470120555911e+00 1.996223211366193794e-04
1.246631039046874889e+00 1.929539861258090696e-04
1.258126911964788874e+00 1.857812015677522512e-04
1.269650406566570577e+00 1.784713582435940569e-04
1.281201843129320173e+00 1.714693038435939696e-04
1.292781544553817996e+00 1.650481172950870505e-04
1.304389836403941239e+00 1.592619007648394050e-04
1.316027046946637080e+00 1.540480917890499660e-04
1.327693507192476696e+00 1.493215639316079562e-04
1.339389550936796125e+00 1.449833797162124703e-04
1.351115514801436435e+00 1.408953010993420590e-04
1.362871738277095179e+00 1.369120466367341809e-04
1.374658563766295805e+00 1.329779726376920644e-04
1.386476336626997652e+00 1.291955705073794284e-04
1.398325405216850559e+00 1.257689135350793493e-04
1.410206120938107599e+00 1.228423030982898076e-04
1.422118838283209508e+00 1.203678550507856766e-04
1.434063914881057000e+00 1.181150912862312223e-04
1.446041711543979202e+00 1.158024942378381829e-04
1.458052592315416618e+00 1.132322098312645356e-04
1.470096924518328407e+00 1.103467384511482697e-04
1.482175078804341739e+00 1.072196332344429136e-04
1.494287429203654982e+00 1.040227600025751700e-04
1.506434353175713392e+00 1.009705568853140980e-04
1.518616231660660620e+00 9.823224211973144036e-05
1.530833449131608681e+00 9.586040997064602096e-05
1.543086393647707277e+00 9.380467147730047785e-05
1.555375456908052678e+00 9.199170010964222372e-05
1.567701034306447028e+00 9.036459507082885280e-05
1.580063524987019630e+00 8.883973937924635343e-05
1.592463331900736190e+00 8.726681298591383357e-05
1.604900861862805117e+00 8.548021291461738906e-05
1.617376525611005755e+00 8.340626200528959613e-05
1.629890737864948091e+00 8.112187680017993066e-05
1.642443917386300800e+00 7.881312577000841384e-05
1.655036487039980742e+00 7.667218360794499695e-05
1.667668873856345213e+00 7.480806420573783266e-05
1.680341509094400276e+00 7.322473171700721861e-05
1.693054828306040926e+00 7.186521356125353784e-05
1.705809271401351079e+00 7.066663786126523516e-05
1.718605282714980920e+00 6.957263917901069486e-05
1.731443311073621594e+00 6.850394203868396224e-05
1.744323809864610997e+00 6.734691402761428598e-05
1.757247237105675541e+00 6.600054858566935484e-05
1.770214055515848983e+00 6.444425648830033365e-05
1.783224732587580741e+00 6.275441446460151710e-05
1.796279740660062352e+00 6.106034794330836280e-05
1.809379556993800708e+00 5.949371138076125847e-05
1.822524663846453397e+00 5.816463154124062974e-05
1.835715548549968767e+00 5.713707420205903979e-05
1.848952703589041624e+00 5.639013671147961437e-05
1.862236626680921825e+00 5.580896736981298239e-05
1.875567820856598900e+00 5.524010802796802005e-05
1.888946794543396868e+00 5.456927186664915980e-05
1.902374061649005244e+00 5.374721166252184547e-05
1.915850141646975535e+00 5.275698908975724874e-05
1.929375559663716988e+00 5.159224966265096217e-05
1.942950846567024437e+00 5.029090490513927954e-05
1.956576539056166242e+00 4.897113128870762345e-05
1.970253179753570727e+00 4.779209781293866275e-05
1.983981317298132430e+00 4.685171617548514975e-05
1.997761506440205892e+00 4.611705523440198508e-05
2.011594308138276332e+00 4.545957247211294695e-05
2.025480289657382471e+00 4.477216607907360716e-05
2.039420024669305942e+00 4.407015153456410875e-05
2.053414093354583247e+00 4.348100159454511965e-05
2.067463082506361793e+00 4.312474466802426119e-05
2.081567585636154405e+00 4.300688427426228139e-05
2.095728203081529628e+00 4.303282764672945504e-05
2.109945542115771566e+00 4.310055046283100156e-05
2.124220217059573645e+00 4.313961096950011170e-05
2.138552849394784072e+00 4.306536495447795606e-05
2.152944067880272261e+00 4.276809620401318820e-05
2.167394508669943765e+00 4.221526907375595364e-05
2.181904815432972988e+00 4.154322589303448737e-05
2.196475639476278996e+00 4.097788502738512924e-05
2.211107639869315911e+00 4.065813495594930481e-05
2.225801483571211214e+00 4.057263136081211186e-05
2.240557845560325667e+00 4.063764627848826948e-05
2.255377408966268149e+00 4.074749339605064082e-05
2.270260865204440481e+00 4.073154175507096649e-05
2.285208914113143308e+00 4.037539567954904064e-05
2.300222264093344737e+00 3.960537165114831723e-05
2.315301632251118846e+00 3.863952777453553500e-05
2.330447744542859301e+00 3.785845791041576457e-05
2.345661335923311608e+00 3.748901682951912158e-05
2.360943150496495946e+00 3.742824221290971722e-05
2.376293941669568088e+00 3.735710535267206314e-05
2.391714472309731221e+00 3.701270615569176599e-05
2.407205514904206645e+00 3.638837712910564530e-05
2.422767851723407695e+00 3.569264915193866110e-05
2.438402274987316432e+00 3.511289027865127453e-05
2.454109587035200768e+00 3.465214739410337147e-05
2.469890600498723998e+00 3.420680119866690411e-05
2.485746138478509337e+00 3.373183318906807892e-05
2.501677034724291371e+00 3.328053806374634254e-05
2.517684133818678394e+00 3.292461403793196307e-05
2.533768291364664638e+00 3.268076758667510780e-05
2.549930374176959891e+00 3.251765605644754448e-05
2.566171260477213334e+00 3.240540012139207939e-05
2.582491840093254609e+00 3.230757377123462675e-05
2.598893014662444489e+00 3.212232511620513186e-05
2.615375697839199987e+00 3.172055393559640891e-05
2.631940815506855991e+00 3.109461569495486951e-05
2.648589305993903409e+00 3.041999471328037374e-05
2.665322120294779218e+00 2.994295435630869723e-05
2.682140222295247955e+00 2.982041616049713480e-05
2.699044589002565164e+00 3.002644085414802108e-05
2.716036210780464977e+00 3.037431684283884868e-05
2.733116091589157026e+00 3.067971861736984299e-05
2.750285249230413953e+00 3.093329133251954062e-05
2.767544715597911598e+00 3.123238724885584768e-05
2.784895536932901372e+00 3.150780328657796993e-05
2.802338774085429751e+00 3.145046658702015162e-05
2.819875502781155063e+00 3.084350423651314196e-05
2.837506813893987179e+00 2.986668197719072473e-05
2.855233813724622927e+00 2.890241981058434527e-05
2.873057624285204170e+00 2.819363745141502343e-05
2.890979383590180252e+00 2.787163406656619050e-05
2.909000245953595520e+00 2.800398100239819718e-05
2.927121382292947160e+00 2.836447191489445201e-05
2.945343980439754095e+00 2.856150780804652116e-05
2.963669245457068335e+00 2.858042517848757551e-05
2.982098399964077995e+00 2.873848234875028498e-05
3.000632684467967159e+00 2.905259662325915441e-05
3.019273357703287086e+00 2.911694837384680413e-05
3.038021696978962627e+00 2.868980411007638885e-05
3.056878998533198555e+00 2.800930847258088915e-05
3.075846577896470535e+00 2.742261940268392458e-05
3.094925770262794362e+00 2.712171907218029903e-05
3.114117930869559014e+00 2.723213481784115210e-05
3.133424435386071849e+00 2.762869483302498287e-05
3.152846680311138350e+00 2.779307782399182862e-05
3.172386083379844290e+00 2.737527587843417324e-05
3.192044083979846292e+00 2.663670683950323604e-05
3.211822143577407918e+00 2.601322586764667847e-05
3.231721746153457975e+00 2.568436315625969253e-05
3.251744398649921930e+00 2.569035832567503956e-05
3.271891631426665281e+00 2.598054810929363459e-05
3.292164998729279368e+00 2.627587061679153153e-05
3.312566079168071553e+00 2.628306663431360533e-05
3.333096476208521786e+00 2.608551273445653486e-05
3.353757818673582580e+00 2.593339196030179468e-05
3.374551761258096416e+00 2.583155569892772740e-05
3.395479985055740446e+00 2.576038851931759612e-05
3.416544198098793395e+00 2.587467157683690330e-05
3.437746135911136314e+00 2.619278923432325645e-05
3.459087562074850908e+00 2.645338684011446165e-05
3.480570268810810663e+00 2.636315865656073350e-05
3.502196077573649369e+00 2.596103278453085889e-05
3.523966839661581307e+00 2.557126362356285947e-05
3.545884436841424847e+00 2.532277074461576987e-05
3.567950781989368547e+00 2.514559188395885459e-05
3.590167819747851929e+00 2.503602354109851273e-05
3.612537527199123133e+00 2.499570594184135410e-05
3.635061914555887341e+00 2.496283122063863431e-05
3.657743025869628628e+00 2.488654207278658594e-05
3.680582939757102157e+00 2.476722812006495743e-05
3.703583770145510101e+00 2.444582718981371666e-05
3.726747667036997225e+00 2.370228463650171351e-05
3.750076817293014120e+00 2.285878558621037886e-05
3.773573445439117879e+00 2.259682287389073611e-05
3.797239814490932730e+00 2.303862183792736414e-05
3.821078226801799538e+00 2.367820382749409735e-05
3.845091024932894896e+00 2.400369918970960583e-05
3.869280592546462394e+00 2.391815899871754331e-05
3.893649355322847061e+00 2.373885610330397932e-05
3.918199781902168777e+00 2.380729122133017696e-05
3.942934384851307872e+00 2.417390417671262133e-05
3.967855721657088441e+00 2.486068848307646049e-05
3.992966395746416985e+00 2.576299039698540591e-05
4.018269057534300082e+00 2.606519185536294484e-05
4.043766405500584860e+00 2.534247337899903028e-05
4.069461187296391280e+00 2.455384298029492324e-05
4.095356200881122177e+00 2.421262316096651818e-05
4.121454295691163061e+00 2.378281021426542662e-05
4.147758373841154089e+00 2.322892525541620773e-05
4.174271391359062555e+00 2.291647136829970757e-05
4.200996359456013352e+00 2.282597284882146552e-05
4.227936345832168819e+00 2.281285381634443992e-05
4.255094476019727345e+00 2.291648943084852953e-05
4.282473934764413848e+00 2.303237287465257407e-05
4.310077967446587444e+00 2.289571860488424666e-05
4.337909881543510870e+00 2.250871249078167371e-05
4.365973048133954926e+00 2.209176537016109754e-05
4.394270903446770404e+00 2.192686551419593071e-05
4.422806950454781116e+00 2.223483014172290459e-05
4.451584760515686412e+00 2.266118217767570107e-05
4.480607975061463577e+00 2.283771835903110231e-05
4.509880307338105077e+00 2.277667838796978202e-05
4.539405544197283149e+00 2.265020815859351318e-05
4.569187547941903738e+00 2.252657203737659479e-05
4.599230258227382961e+00 2.243308684551530353e-05
4.629537694020593008e+00 2.261422915089740548e-05
4.660113955618596648e+00 2.285584716666319289e-05
4.690963226729293112e+00 2.277186863794427750e-05
4.722089776616123835e+00 2.254759330650328832e-05
4.753497962309302771e+00 2.205336339389006659e-05
4.785192230885826348e+00 2.154688310300485320e-05
4.817177121820895636e+00 2.130289343569856565e-05
4.849457269413340654e+00 2.097814794179640843e-05
4.882037405287709575e+00 2.059590606978711248e-05
4.914922360976011539e+00 2.081480597035987340e-05
4.948117070581908195e+00 2.150289896901566456e-05
4.981626573530626878e+00 2.182460037372813895e-05
5.015456017407652567e+00 2.145385398948168601e-05
5.049610660889745972e+00 2.115901512694742944e-05
5.084095876771596245e+00 2.119022834505560412e-05
5.118917155092026050e+00 2.156355880584868387e-05
5.154080106363324809e+00 2.178687238686883063e-05
5.189590464907923639e+00 2.140295222058400190e-05
5.225454092306433651e+00 2.102550518066414271e-05
5.261676980961550676e+00 2.071079695352472531e-05
5.298265257782244220e+00 2.050508672523813697e-05
5.335225187993163587e+00 2.049754468916112902e-05
5.372563179074077766e+00 2.042432697713044665e-05
5.410285784834729661e+00 1.995587380493457218e-05
5.448399709630405319e+00 1.970039492789009801e-05
5.486911812724086346e+00 2.010096904920441973e-05
5.525829112800970222e+00 2.033654754825096160e-05
5.565158792641854646e+00 2.064730322291417864e-05
5.604908203961667112e+00 2.069252177945139317e-05
5.645084872420248701e+00 1.993066103073885828e-05
5.685696502812371378e+00 1.945958539814225810e-05
5.726750984444712422e+00 1.941120370135178077e-05
5.768256396707492684e+00 1.964255537112704963e-05
5.810221014849253685e+00 1.955382907763491494e-05
5.852653315963272540e+00 1.926949243693536662e-05
5.895561985194872179e+00 1.920330948851648524e-05
5.938955922179146363e+00 1.910296229791966075e-05
5.982844247719065756e+00 1.883308884517991173e-05
6.027236310714632950e+00 1.859058832375060040e-05
6.072141695354100754e+00 1.772830982356468881e-05
6.117570228578833813e+00 1.659998025565767655e-05
6.163531987834188541e+00 1.731153644269440103e-05
6.210037309119105231e+00 1.858210848963794384e-05
6.257096795348075169e+00 1.846106823625448144e-05
6.304721325039668756e+00 1.767982077560324944e-05
6.352922061346506943e+00 1.744561191350393019e-05
6.401710461442654321e+00 1.792553650596843089e-05
6.451098286284771888e+00 1.771907495417402958e-05
6.501097610764786872e+00 1.804540701932428847e-05
6.551720834272277472e+00 1.917281333490519863e-05
6.602980691686179959e+00 1.774679467157227230e-05
6.654890264816202716e+00 1.701357704659565135e-05
6.707462994315653404e+00 1.662245452760745433e-05
6.760712692088343800e+00 1.637898063566341607e-05
6.814653554213885300e+00 1.635914926785152465e-05
6.869300174416541616e+00 1.645567857281046107e-05
6.924667558104775189e+00 1.604563668221529717e-05
6.980771137009639027e+00 1.522305357017797000e-05
7.037626784452278628e+00 1.480296386047361949e-05
7.095250831272059244e+00 1.492466969423326015e-05
7.153660082449184721e+00 1.464183919353244186e-05
7.212871834457117437e+00 1.500467545906214735e-05
7.272903893382699714e+00 1.469483102129845892e-05
7.333774593853726209e+00 1.410985358298050222e-05
7.395502818816384050e+00 1.393840142435741096e-05
7.458108020207268929e+00 1.366841352252693920e-05
7.521610240567749628e+00 1.345471385573802412e-05
7.586030135650939421e+00 1.306160096622927734e-05
7.651388998075133507e+00 1.293674608465359099e-05
7.717708782080382690e+00 1.295811510386186356e-05
7.785012129448951157e+00 1.287774446467651241e-05
7.853322396653874549e+00 1.227752030794626524e-05
7.922663683303971638e+00 1.212628105122666118e-05
7.993060861958362295e+00 1.164149588792973243e-05
8.064539609387720631e+00 1.123345381450152700e-05
8.137126439365120589e+00 1.113871649409254055e-05
8.210848737074378789e+00 1.139746214279523332e-05
8.285734795229668492e+00 1.158737351170305212e-05
8.361813852006719117e+00 1.092575950714684611e-05
8.439116130892415413e+00 1.032286805700733821e-05
8.517672882566811765e+00 9.916300570274762651e-06
8.597516428939853128e+00 9.881009162599360427e-06
8.678680209472870999e+00 9.507839987155883863e-06
8.761198829924738973e+00 9.151029930783442025e-06
8.845108113671690475e+00 8.903751521985002752e-06
8.930445155761116638e+00 8.413206767692183320e-06
9.017248379870389741e+00 8.230744860940439846e-06
9.105557598354891979e+00 8.059023564149172430e-06
9.195414075582201363e+00 7.649671527149646530e-06
9.286860594764410948e+00 7.268192613006889261e-06
9.379941528515811200e+00 7.341782979533038616e-06
9.474702913380864899e+00 7.223855195207056127e-06
9.571192528595130256e+00 6.653387773780931466e-06
9.669459979362780899e+00 6.349686472271965772e-06
9.769556784955327089e+00 6.129112237716481166e-06
9.871536471960840942e+00 5.846931647260535481e-06
9.975454673037942754e+00 5.686559124707073735e-06
1.008136923155793063e+01 5.382052080982208735e-06
1.018934031254830330e+01 4.966342715585200917e-06
1.029943052038522566e+01 4.844643032996385598e-06
1.041170502371859463e+01 4.655009158423641710e-06
1.052623168815380517e+01 4.374133558008783887e-06
1.064308121725768252e+01 4.141590516767351058e-06
1.076232730250476877e+01 3.931864449126227070e-06
1.088404678283179194e+01 3.829482728770168472e-06
1.100831981452695096e+01 3.527956067417355071e-06
1.113523005224294415e+01 3.258890153838392794e-06
1.126486484199331350e+01 3.084500138974068556e-06
1.139731542706779699e+01 2.684406633746289287e-06
1.153267716788676189e+01 2.532668594750926592e-06
1.167104977690866718e+01 2.420222968598920502e-06
1.181253756980620828e+01 2.328050993895235257e-06
1.195724973424156268e+01 2.080661579541955299e-06
1.210530061769597765e+01 1.984113211064080529e-06
1.225681003594877438e+01 1.689300703805810158e-06
1.241190360395464154e+01 1.519028255850985084e-06
1.257071309104042101e+01 1.394928895077430961e-06
1.273337680253192516e+01 1.439762043550242789e-06
1.290003999013476133e+01 1.241689049304016736e-06
1.307085529362815102e+01 1.070167303235014814e-06
1.324598321669588152e+01 9.536265725282140895e-07
1.342559264001181063e+01 8.094513007273418875e-07
1.360986137502873916e+01 7.365385251190580505e-07
1.379897676228727654e+01 6.370839776640369963e-07
1.399313631847826045e+01 5.279836871261586499e-07
1.419254843695589230e+01 4.504634926335785135e-07
1.439743314692606369e+01 4.047861438972021247e-07
1.460802293712368716e+01 3.457645912240553799e-07
1.482456365046278535e+01 3.630368060111909543e-07
1.504731545689699779e+01 2.059851979073481529e-07
1.527655391258613626e+01 1.447201634191366223e-07
1.551257111443440273e+01 1.841011531966642299e-07
1.575567696017295916e+01 1.748787265211597575e-07
1.600620052541652782e+01 1.247634715739649353e-07
1.626449157056262607e+01 9.401072046544272248e-08
1.653092219204418001e+01 7.653387628502938176e-08
1.680588863433074565e+01 1.878249752602878361e-08
1.708981328123576660e+01 6.860304847004743220e-08
1.738314684757837725e+01 4.907684594129106832e-08
1.768637079511793431e+01 1.990809273914735821e-08
1.800000000000201084e+01 1.095507944786703952e-08
