-1.800000000000201084e+01 1.769904917363359250e-08
-1.768637079511795918e+01 3.909213476021984561e-08
-1.738314684757837725e+01 5.615702343107928199e-08
-1.708981328123576660e+01 7.406909982528418669e-08
-1.680588863433072433e+01 9.483817752092860978e-08
-1.653092219204418001e+01 1.121403805119496240e-07
-1.626449157056260830e+01 1.702963397760971314e-07
-1.600620052541652782e+01 1.992189652801742898e-07
-1.575567696017295916e+01 2.535695386538166638e-07
-1.551257111443442049e+01 3.171930733880827299e-07
-1.527655391258613626e+01 3.960327301510252697e-07
-1.504731545689701200e+01 4.838977946565436848e-07
-1.482456365046278535e+01 5.866939876440330625e-07
-1.460802293712368716e+01 6.976088609547440442e-07
-1.439743314692604947e+01 8.378846692845531271e-07
-1.419254843695589230e+01 1.014874442661913527e-06
-1.399313631847824624e+01 1.195227059611746268e-06
-1.379897676228727654e+01 1.392644064974918174e-06
-1.360986137502872673e+01 1.630840021904304373e-06
-1.342559264001182306e+01 1.931491442265118066e-06
-1.324598321669588152e+01 2.207194689700828624e-06
-1.307085529362816168e+01 2.471555562141823946e-06
-1.290003999013476133e+01 2.836286692216610742e-06
-1.273337680253193582e+01 3.240933629485434244e-06
-1.257071309104041035e+01 3.687498499168180522e-06
-1.241190360395464154e+01 4.187140259127133436e-06
-1.225681003594876195e+01 4.700732614960903490e-06
-1.210530061769597765e+01 5.246716142339799544e-06
-1.195724973424155202e+01 5.897711782351602583e-06
-1.181253756980619762e+01 6.541499583489800019e-06
-1.167104977690866718e+01 7.276390781977834981e-06
-1.153267716788677255e+01 8.063854393739801159e-06
-1.139731542706779699e+01 8.885493312308676781e-06
-1.126486484199332239e+01 9.794286381927911906e-06
-1.113523005224293527e+01 1.078468703036749627e-05
-1.100831981452695096e+01 1.183713531409893908e-05
-1.088404678283180083e+01 1.293833189673921999e-05
-1.076232730250476877e+01 1.415861456855617683e-05
-1.064308121725769141e+01 1.539668298865646835e-05
-1.052623168815380517e+01 1.677060413007119518e-05
-1.041170502371859463e+01 1.821947062557980704e-05
-1.029943052038521678e+01 1.971522877279295615e-05
-1.018934031254830330e+01 2.126609604869580754e-05
-1.008136923155793951e+01 2.301836906111375740e-05
-9.975454673037956965e+00 2.483649164788654366e-05
-9.871536471960840942e+00 2.668894337313336711e-05
-9.769556784955334194e+00 2.858267294417115662e-05
-9.669459979362780899e+00 3.074142283781348522e-05
-9.571192528595137361e+00 3.299589303359639074e-05
-9.474702913380864899e+00 3.541628701650104154e-05
-9.379941528515811200e+00 3.777631334055553419e-05
-9.286860594764403842e+00 4.041650150499689382e-05
-9.195414075582201363e+00 4.306309048946223430e-05
-9.105557598354884874e+00 4.579216845333043847e-05
-9.017248379870389741e+00 4.875449034612129259e-05
-8.930445155761116638e+00 5.189341164038145546e-05
-8.845108113671695804e+00 5.513826540433356045e-05
-8.761198829924738973e+00 5.847700021614705605e-05
-8.678680209472876328e+00 6.182981913642255809e-05
-8.597516428939853128e+00 6.567511524681961233e-05
-8.517672882566811765e+00 6.939098010174457999e-05
-8.439116130892410084e+00 7.330761545726077917e-05
-8.361813852006719117e+00 7.737365036679928038e-05
-8.285734795229661387e+00 8.148016718784745487e-05
-8.210848737074378789e+00 8.623783462579201660e-05
-8.137126439365120589e+00 9.104012638597606196e-05
-8.064539609387715302e+00 9.588984075437419110e-05
-7.993060861958362295e+00 1.009499543537522193e-04
-7.922663683303976967e+00 1.062915621209608924e-04
-7.853322396653874549e+00 1.116588838899649708e-04
-7.785012129448951157e+00 1.172483245788625119e-04
-7.717708782080378249e+00 1.230695745726147574e-04
-7.651388998075133507e+00 1.293699422377030095e-04
-7.586030135650944750e+00 1.355072303663769503e-04
-7.521610240567749628e+00 1.420809138398362089e-04
-7.458108020207273370e+00 1.492534235126623471e-04
-7.395502818816379609e+00 1.564328264420463310e-04
-7.333774593853726209e+00 1.638124723108679568e-04
-7.272903893382695273e+00 1.712363316535126618e-04
-7.212871834457117437e+00 1.790519886947306363e-04
-7.153660082449187385e+00 1.871158659290398849e-04
-7.095250831272068126e+00 1.955175367153368115e-04
-7.037626784452278628e+00 2.046103196376161063e-04
-6.980771137009643468e+00 2.137074369662875814e-04
-6.924667558104775189e+00 2.230864320240618140e-04
-6.869300174416541616e+00 2.329130804218777187e-04
-6.814653554213885300e+00 2.434328597881302823e-04
-6.760712692088343800e+00 2.536405716277262369e-04
-6.707462994315648963e+00 2.644423614340577454e-04
-6.654890264816202716e+00 2.757537465031895596e-04
-6.602980691686176407e+00 2.872738437150505687e-04
-6.551720834272277472e+00 2.992396141841050222e-04
-6.501097610764786872e+00 3.114906864012792812e-04
-6.451098286284775440e+00 3.242746918928571817e-04
-6.401710461442654321e+00 3.377527163585396274e-04
-6.352922061346510496e+00 3.517722285295395634e-04
-6.304721325039668756e+00 3.660612513290109789e-04
-6.257096795348075169e+00 3.807565155857155041e-04
-6.210037309119101678e+00 3.958312324520811554e-04
-6.163531987834188541e+00 4.113437115317237266e-04
-6.117570228578837366e+00 4.273771575204029149e-04
-6.072141695354100754e+00 4.442262669717223292e-04
-6.027236310714632950e+00 4.617210093405564922e-04
-5.982844247719062203e+00 4.798598344437687629e-04
-5.938955922179146363e+00 4.984573539538061536e-04
-5.895561985194874843e+00 5.174160654731214254e-04
-5.852653315963272540e+00 5.375794978370533172e-04
-5.810221014849253685e+00 5.583545842324022035e-04
-5.768256396707496236e+00 5.791142321664231700e-04
-5.726750984444712422e+00 6.004992735126929611e-04
-5.685696502812374042e+00 6.230575775801204443e-04
-5.645084872420248701e+00 6.467991808653604340e-04
-5.604908203961667112e+00 6.709567452023063342e-04
-5.565158792641851981e+00 6.954822445560311130e-04
-5.525829112800970222e+00 7.211231486623604714e-04
-5.486911812724083681e+00 7.478836466520127207e-04
-5.448399709630409760e+00 7.754219211163726174e-04
-5.410285784834729661e+00 8.038097350244468534e-04
-5.372563179074079542e+00 8.329072625909575769e-04
-5.335225187993163587e+00 8.630840221033606648e-04
-5.298265257782246884e+00 8.944704449262718977e-04
-5.261676980961550676e+00 9.266710560652687521e-04
-5.225454092306433651e+00 9.600069382102363992e-04
-5.189590464907923639e+00 9.946347144908903801e-04
-5.154080106363324809e+00 1.029914733258407815e-03
-5.118917155092023386e+00 1.066002851090903404e-03
-5.084095876771596245e+00 1.103325357378706325e-03
-5.049610660889740643e+00 1.142400550555055768e-03
-5.015456017407655231e+00 1.183008797035571807e-03
-4.981626573530626878e+00 1.224971148846375592e-03
-4.948117070581910859e+00 1.268318464579217594e-03
-4.914922360976011539e+00 1.312681202778512518e-03
-4.882037405287712239e+00 1.358150541566541638e-03
-4.849457269413337102e+00 1.405086284169780424e-03
-4.817177121820895636e+00 1.453620473549098674e-03
-4.785192230885824571e+00 1.504397295550692409e-03
-4.753497962309302771e+00 1.556988784746129008e-03
-4.722089776616123835e+00 1.610554567226302972e-03
-4.690963226729293112e+00 1.665841999171192118e-03
-4.660113955618596648e+00 1.723020344445520520e-03
-4.629537694020590344e+00 1.781715410671553743e-03
-4.599230258227382961e+00 1.842045882777577871e-03
-4.569187547941903738e+00 1.904299707256248931e-03
-4.539405544197283149e+00 1.969031648513238763e-03
-4.509880307338105077e+00 2.036370589300074037e-03
-4.480607975061465353e+00 2.105744357884107871e-03
-4.451584760515686412e+00 2.177000072734129599e-03
-4.422806950454783781e+00 2.250378618278499939e-03
-4.394270903446768628e+00 2.326264100619149060e-03
-4.365973048133954926e+00 2.404578018439992686e-03
-4.337909881543509094e+00 2.484921688165214228e-03
-4.310077967446587444e+00 2.567203918112244323e-03
-4.282473934764412071e+00 2.651847194961511490e-03
-4.255094476019731786e+00 2.739887364070777310e-03
-4.227936345832168819e+00 2.832167505516894421e-03
-4.200996359456015128e+00 2.927721504174118135e-03
-4.174271391359062555e+00 3.025429495605392281e-03
-4.147758373841154089e+00 3.125837104118170048e-03
-4.121454295691163061e+00 3.229341652528787670e-03
-4.095356200881122177e+00 3.335743682796859372e-03
-4.069461187296388616e+00 3.445519944949535472e-03
-4.043766405500584860e+00 3.559325673444210022e-03
-4.018269057534298305e+00 3.676857442836799304e-03
-3.992966395746416985e+00 3.797636500265983220e-03
-3.967855721657088441e+00 3.921945381393666247e-03
-3.942934384851309204e+00 4.050285244456391584e-03
-3.918199781902168777e+00 4.182881006598877099e-03
-3.893649355322847061e+00 4.319761991927284321e-03
-3.869280592546462394e+00 4.460643943527639946e-03
-3.845091024932894896e+00 4.605506394852877487e-03
-3.821078226801797317e+00 4.755187976818966121e-03
-3.797239814490932730e+00 4.910272678569809965e-03
-3.773573445439120100e+00 5.070294709717513421e-03
-3.750076817293014120e+00 5.234858324332758786e-03
-3.726747667036997225e+00 5.404394852519802880e-03
-3.703583770145510101e+00 5.579353003590602211e-03
-3.680582939757102157e+00 5.759858999608223097e-03
-3.657743025869630404e+00 5.945966432564778713e-03
-3.635061914555887341e+00 6.137406576855065216e-03
-3.612537527199123133e+00 6.334262337735952278e-03
-3.590167819747855482e+00 6.537546327818669761e-03
-3.567950781989368547e+00 6.747981623941510555e-03
-3.545884436841426179e+00 6.965057830273867212e-03
-3.523966839661581307e+00 7.187985671553673815e-03
-3.502196077573649369e+00 7.416926880328703064e-03
-3.480570268810808887e+00 7.652975020995027126e-03
-3.459087562074850908e+00 7.897022116896183774e-03
-3.437746135911134981e+00 8.148977581142986121e-03
-3.416544198098792506e+00 8.408337494645217250e-03
-3.395479985055740890e+00 8.675197322991091281e-03
-3.374551761258098193e+00 8.950173748440679727e-03
-3.353757818673582580e+00 9.233545986143731898e-03
-3.333096476208523118e+00 9.525377042381311804e-03
-3.312566079168071553e+00 9.826115234330570422e-03
-3.292164998729279812e+00 1.013639071044845907e-02
-3.271891631426664837e+00 1.045642226856215856e-02
-3.251744398649922374e+00 1.078617775172568266e-02
-3.231721746153456643e+00 1.112579719328045738e-02
-3.211822143577407918e+00 1.147562923267090446e-02
-3.192044083979844071e+00 1.183578038724770846e-02
-3.172386083379843402e+00 1.220614704795028663e-02
-3.152846680311138350e+00 1.258719545958567401e-02
-3.133424435386072737e+00 1.297998777546211825e-02
-3.114117930869558570e+00 1.338505845489250043e-02
-3.094925770262795250e+00 1.380216681000712153e-02
-3.075846577896469647e+00 1.423122902578952131e-02
-3.056878998533198555e+00 1.467273707150929668e-02
-3.038021696978961295e+00 1.512730021791039089e-02
-3.019273357703287086e+00 1.559528925105243408e-02
-3.000632684467968048e+00 1.607703728829392928e-02
-2.982098399964077995e+00 1.657293569560076146e-02
-2.963669245457069223e+00 1.708345734297969307e-02
-2.945343980439752762e+00 1.760892753570951486e-02
-2.927121382292947160e+00 1.814971884200457242e-02
-2.909000245953597297e+00 1.870595016237780461e-02
-2.890979383590179363e+00 1.927769937829850941e-02
-2.873057624285205058e+00 1.986535283253008585e-02
-2.855233813724623815e+00 2.046987921896015195e-02
-2.837506813893987179e+00 2.109226329707740433e-02
-2.819875502781155951e+00 2.173319903844942586e-02
-2.802338774085429751e+00 2.239314657181477181e-02
-2.784895536932901372e+00 2.307228132303768345e-02
-2.767544715597910265e+00 2.377043350626195997e-02
-2.750285249230413953e+00 2.448735731245819600e-02
-2.733116091589155250e+00 2.522340685115910530e-02
-2.716036210780464089e+00 2.597941368299216958e-02
-2.699044589002566052e+00 2.675654907900276019e-02
-2.682140222295249732e+00 2.755603843695187891e-02
-2.665322120294779662e+00 2.837848486718963503e-02
-2.648589305993904297e+00 2.922403692941069261e-02
-2.631940815506855547e+00 3.009256514875552693e-02
-2.615375697839200431e+00 3.098430208427488744e-02
-2.598893014662444045e+00 3.190001778796545256e-02
-2.582491840093254609e+00 3.284076937453259820e-02
-2.566171260477212002e+00 3.380740065517960635e-02
-2.549930374176959447e+00 3.480008284870420021e-02
-2.533768291364664638e+00 3.581866370254072063e-02
-2.517684133818677505e+00 3.686349220601303073e-02
-2.501677034724291371e+00 3.793567993726186527e-02
-2.485746138478510670e+00 3.903660398593024328e-02
-2.469890600498723998e+00 4.016737271080967481e-02
-2.454109587035200768e+00 4.132866608337523034e-02
-2.438402274987315543e+00 4.252041875671384863e-02
-2.422767851723407695e+00 4.374250549067630611e-02
-2.407205514904207533e+00 4.499482883075809486e-02
-2.391714472309731221e+00 4.627779899077302111e-02
-2.376293941669569421e+00 4.759240113471864542e-02
-2.360943150496495058e+00 4.893973181294448277e-02
-2.345661335923311608e+00 5.032093377110988947e-02
-2.330447744542858413e+00 5.173687075484122155e-02
-2.315301632251118846e+00 5.318790471956931498e-02
-2.300222264093345625e+00 5.467410846442956329e-02
-2.285208914113144640e+00 5.619555772299881374e-02
-2.270260865204440481e+00 5.775284868700364393e-02
-2.255377408966269037e+00 5.934699450503583273e-02
-2.240557845560325223e+00 6.097911892332200795e-02
-2.225801483571210770e+00 6.265010610956925352e-02
-2.211107639869315467e+00 6.436007855764963592e-02
-2.196475639476279440e+00 6.610909931682450169e-02
-2.181904815432973432e+00 6.789713607679433161e-02
-2.167394508669943320e+00 6.972456576798788386e-02
-2.152944067880271817e+00 7.159207678928315721e-02
-2.138552849394784516e+00 7.350033876717812498e-02
-2.124220217059574090e+00 7.545039445095533259e-02
-2.109945542115772454e+00 7.744312952068824196e-02
-2.095728203081529628e+00 7.947910014065466544e-02
-2.081567585636154849e+00 8.155858833538898178e-02
-2.067463082506362237e+00 8.368181563871476825e-02
-2.053414093354584136e+00 8.584856257255404910e-02
-2.039420024669305942e+00 8.805892986193478156e-02
-2.025480289657382471e+00 9.031293517484315081e-02
-2.011594308138276332e+00 9.261027323113049659e-02
-1.997761506440205226e+00 9.495070521950677023e-02
-1.983981317298131319e+00 9.733431803430608875e-02
-1.970253179753569617e+00 9.976193238772620986e-02
-1.956576539056167352e+00 1.022345941313392986e-01
-1.942950846567025547e+00 1.047530228368899197e-01
-1.929375559663717654e+00 1.073170966177500740e-01
-1.915850141646975535e+00 1.099256800881506790e-01
-1.902374061649005244e+00 1.125776592821378652e-01
-1.888946794543396868e+00 1.152726179147987862e-01
-1.875567820856598900e+00 1.180105121996548323e-01
-1.862236626680921825e+00 1.207916644870181272e-01
-1.848952703589041180e+00 1.236157767040582250e-01
-1.835715548549967879e+00 1.264821141553009176e-01
-1.822524663846452730e+00 1.293899298630813433e-01
-1.809379556993800708e+00 1.323388015233099013e-01
-1.796279740660062796e+00 1.353283106768344846e-01
-1.783224732587581407e+00 1.383580681499897158e-01
-1.770214055515849871e+00 1.414272326541090308e-01
-1.757247237105675541e+00 1.445340402425519533e-01
-1.744323809864610553e+00 1.476772566714132373e-01
-1.731443311073621372e+00 1.508556910411036900e-01
-1.718605282714980698e+00 1.540679123757219826e-01
-1.705809271401351745e+00 1.573122738678831289e-01
-1.693054828306041149e+00 1.605873391803299688e-01
-1.680341509094399610e+00 1.638918839601297694e-01
-1.667668873856344547e+00 1.672248678572356706e-01
-1.655036487039980519e+00 1.705849073122839843e-01
-1.642443917386301022e+00 1.739701677672768065e-01
-1.629890737864948980e+00 1.773783696637946106e-01
-1.617376525611005755e+00 1.808066238224122768e-01
-1.604900861862805783e+00 1.842520145449257352e-01
-1.592463331900736856e+00 1.877119864935871130e-01
-1.580063524987020074e+00 1.911842201819559661e-01
-1.567701034306447028e+00 1.946662722694032510e-01
-1.555375456908052678e+00 1.981556985009643446e-01
-1.543086393647707277e+00 2.016497493295468790e-01
-1.530833449131608237e+00 2.051455378530943618e-01
-1.518616231660659732e+00 2.086401207174897743e-01
-1.506434353175712282e+00 2.121306501816990764e-01
-1.494287429203655870e+00 2.156139375954524429e-01
-1.482175078804342627e+00 2.190863721548123033e-01
-1.470096924518329295e+00 2.225439713292633459e-01
-1.458052592315416618e+00 2.259826580531403006e-01
-1.446041711543979202e+00 2.293986060011061479e-01
-1.434063914881057000e+00 2.327883193053513766e-01
-1.422118838283209508e+00 2.361479961866748134e-01
-1.410206120938107599e+00 2.394736131082774722e-01
-1.398325405216850115e+00 2.427609054245349895e-01
-1.386476336626996986e+00 2.460056383901158550e-01
-1.374658563766294916e+00 2.492036399226758570e-01
-1.362871738277095179e+00 2.523507931003740046e-01
-1.351115514801437101e+00 2.554425863707295297e-01
-1.339389550936797013e+00 2.584742526064480739e-01
-1.327693507192477362e+00 2.614405997294202422e-01
-1.316027046946637080e+00 2.643366841390029087e-01
-1.304389836403941239e+00 2.671581597312315814e-01
-1.292781544553817996e+00 2.699007342296384504e-01
-1.281201843129320173e+00 2.725602551441620447e-01
-1.269650406566570577e+00 2.751321420470027590e-01
-1.258126911964788874e+00 2.776107630093265222e-01
-1.246631039046874889e+00 2.799909259056782007e-01
-1.235162470120555911e+00 2.822677124193158082e-01
-1.223720890040073339e+00 2.844368639832409729e-01
-1.212305986168408234e+00 2.864952130239885042e-01
-1.200917448340022453e+00 2.884389598657019493e-01
-1.189554968824123149e+00 2.902642189885072943e-01
-1.178218242288426865e+00 2.919666527165235559e-01
-1.166906965763418569e+00 2.935414040481251208e-01
-1.155620838607101852e+00 2.949840778130348173e-01
-1.144359562470215863e+00 2.962911161154568873e-01
-1.133122841261928526e+00 2.974595825149807249e-01
-1.121910381115985400e+00 2.984865266487334856e-01
-1.110721890357309283e+00 2.993690251837433092e-01
-1.099557079469039467e+00 3.001041167182342262e-01
-1.088415661060010642e+00 3.006889608451853713e-01
-1.077297349832647466e+00 3.011204514854495251e-01
-1.066201862551285018e+00 3.013954600997850175e-01
-1.055128918010896033e+00 3.015112511958251140e-01
-1.044078237006218046e+00 3.014655640007676829e-01
-1.033049542301277102e+00 3.012568358490118614e-01
-1.022042558599299822e+00 3.008844436792887933e-01
-1.011057012512998066e+00 3.003491635081942945e-01
-1.000092632535235726e+00 2.996521238216979244e-01
-9.891491490100537964e-01 2.987939586228908206e-01
-9.782262941040561488e-01 2.977744612594553919e-01
-9.673238017781481402e-01 2.965932480439163466e-01
-9.564414077596213870e-01 2.952504305722363220e-01
-9.455788495145712735e-01 2.937469644656106604e-01
-9.347358662206534108e-01 2.920852310482993097e-01
-9.239121987401626157e-01 2.902690954470279472e-01
-9.131075895934324116e-01 2.883025360117694169e-01
-9.023217829325496098e-01 2.861893514005497963e-01
-8.915545245153719822e-01 2.839330898534697667e-01
-8.808055616798529108e-01 2.815370891414524790e-01
-8.700746433186589135e-01 2.790048240594361628e-01
-8.593615198540814903e-01 2.763404606763715243e-01
-8.486659432132259706e-01 2.735485995614017618e-01
-8.379876668034880183e-01 2.706341964735780037e-01
-8.273264454882990337e-01 2.676026666624605199e-01
-8.166820355631438932e-01 2.644597148136381692e-01
-8.060541947318363709e-01 2.612112892337218883e-01
-7.954426820830584610e-01 2.578637483006402942e-01
-7.848472580671504994e-01 2.544240044053435179e-01
-7.742676844731486430e-01 2.508997247598485636e-01
-7.637037244060699281e-01 2.472987424664088441e-01
-7.531551422644284788e-01 2.436290906964601044e-01
-7.426217037179922986e-01 2.398990775244898288e-01
-7.321031756857663275e-01 2.361166670355423491e-01
-7.215993263142009839e-01 2.322896422424438612e-01
-7.111099249556180890e-01 2.284257611495706386e-01
-7.006347421468592795e-01 2.245327727975618415e-01
-6.901735495881351490e-01 2.206183461745801488e-01
-6.797261201220911042e-01 2.166906093747250350e-01
-6.692922277130706199e-01 2.127576603108888020e-01
-6.588716474265783329e-01 2.088278038329764719e-01
-6.484641554089376481e-01 2.049095051380659116e-01
-6.380695288671385246e-01 2.010112137533579535e-01
-6.276875460488731129e-01 1.971415422457716837e-01
-6.173179862227488046e-01 1.933091514831030977e-01
-6.069606296586862459e-01 1.895225882316348975e-01
-5.966152576084875481e-01 1.857902207265178518e-01
-5.862816522865772484e-01 1.821200412875598196e-01
-5.759595968509094721e-01 1.785195423893174982e-01
-5.656488753840412942e-01 1.749958609504501106e-01
-5.553492728743597562e-01 1.715559782479039175e-01
-5.450605751974718638e-01 1.682069238884737195e-01
-5.347825690977430213e-01 1.649559107446207096e-01
-5.245150421699888987e-01 1.618101509110325409e-01
-5.142577828413065211e-01 1.587769422364384564e-01
-5.040105803530536832e-01 1.558634394125547606e-01
-4.937732247429644228e-01 1.530765839218983793e-01
-4.835455068274036594e-01 1.504231601041177979e-01
-4.733272181837471781e-01 1.479099065541531199e-01
-4.631181511328986700e-01 1.455436583813006779e-01
-4.529180987219272314e-01 1.433314981917135078e-01
-4.427268547068332061e-01 1.412809834000774145e-01
-4.325442135354257145e-01 1.394000498591370651e-01
-4.223699703303245845e-01 1.376969144774324305e-01
-4.122039208720716941e-01 1.361799862972173369e-01
-4.020458615823537807e-01 1.348576258346001200e-01
-3.918955895073323314e-01 1.337381897661826247e-01
-3.817529023010813316e-01 1.328301915800076394e-01
-3.716175982091194929e-01 1.321427250547412002e-01
-3.614894760520483419e-01 1.316856470877180163e-01
-3.513683352092828449e-01 1.314695371701391224e-01
-3.412539756028758475e-01 1.315054324281733078e-01
-3.311461976814312758e-01 1.318044833434922070e-01
-3.210448024041094306e-01 1.323776635033572791e-01
-3.109495912247085547e-01 1.332356619043814083e-01
-3.008603660758366605e-01 1.343886830865812232e-01
-2.907769293531580201e-01 1.358461198692430816e-01
-2.806990838997174276e-01 1.376157490017014262e-01
-2.706266329903371237e-01 1.397025630448555100e-01
-2.605593803160889399e-01 1.421072538047161715e-01
-2.504971299688272257e-01 1.448243972581945149e-01
-2.404396864257955790e-01 1.478403841782948425e-01
-2.303868545342923901e-01 1.511310728970906014e-01
-2.203384394963986970e-01 1.546591517006407623e-01
-2.102942468537628840e-01 1.583712431226763084e-01
-2.002540824724450275e-01 1.621949181016134889e-01
-1.902177525278067050e-01 1.660359329659399086e-01
-1.801850634894590075e-01 1.697762339803696174e-01
-1.701558221062540455e-01 1.732735422808246994e-01
-1.601298353913264694e-01 1.763636005634295900e-01
-1.501069106071708514e-01 1.788663187683757205e-01
-1.400868552507662790e-01 1.805970658454699729e-01
-1.300694770387391397e-01 1.813841816319944344e-01
-1.200545838925550501e-01 1.810933486293359873e-01
-1.100419839237516545e-01 1.796585063569071938e-01
-1.000314854191983877e-01 1.771169105860119775e-01
-9.002289682638489610e-02 1.736420065484607367e-01
-8.001602673873924043e-02 1.695620275443439073e-01
-7.001068388096250150e-02 1.653466840426375539e-01
-6.000667709439190534e-02 1.615446519976778683e-01
-5.000381532237931775e-02 1.586665390251895680e-01
-4.000190759568706539e-02 1.570352901779246135e-01
-3.000076301789707939e-02 1.566576819257723963e-01
-2.000019075083557876e-02 1.571860345628821043e-01
-9.999999999999974187e-03 1.580167205017964094e-01
0.000000000000000000e+00 1.585091772816508149e-01
9.999999999999974187e-03 1.582388141019832883e-01
2.000019075083557876e-02 1.571658760796681431e-01
3.000076301789707939e-02 1.556393639306234977e-01
4.000190759568635068e-02 1.542413462155433068e-01
5.000381532237860305e-02 1.535564627104579472e-01
6.000667709439118369e-02 1.539755921519112558e-01
7.001068388096322315e-02 1.556049235251668050e-01
8.001602673873996208e-02 1.582867540377715376e-01
9.002289682638561774e-02 1.616904472528583603e-01
1.000314854191983877e-01 1.654193966371431679e-01
1.100419839237516545e-01 1.690962403942783410e-01
1.200545838925550501e-01 1.724128364871181374e-01
1.300694770387391397e-01 1.751487853284857121e-01
1.400868552507662790e-01 1.771696183595564134e-01
1.501069106071708514e-01 1.784147447505882167e-01
1.601298353913264694e-01 1.788820049028578274e-01
1.701558221062540455e-01 1.786123449175865685e-01
1.801850634894582859e-01 1.776760774969359247e-01
1.902177525278067050e-01 1.761612447527403646e-01
2.002540824724450275e-01 1.741642485999638779e-01
2.102942468537628840e-01 1.717827436918612505e-01
2.203384394963986970e-01 1.691106182553043513e-01
2.303868545342923901e-01 1.662347121021911234e-01
2.404396864257955790e-01 1.632328728340700086e-01
2.504971299688272257e-01 1.601730006494484215e-01
2.605593803160889399e-01 1.571128372671650730e-01
2.706266329903371237e-01 1.541003119730224580e-01
2.806990838997167059e-01 1.511743048691614466e-01
2.907769293531572985e-01 1.483656597092316565e-01
3.008603660758359388e-01 1.456982702771523752e-01
3.109495912247092764e-01 1.431900671344352172e-01
3.210448024041101522e-01 1.408538666954054219e-01
3.311461976814320529e-01 1.386981606319956928e-01
3.412539756028758475e-01 1.367277851386313747e-01
3.513683352092828449e-01 1.349447174309160724e-01
3.614894760520483419e-01 1.333487658047142754e-01
3.716175982091194929e-01 1.319381989768335928e-01
3.817529023010813316e-01 1.307101700859655824e-01
3.918955895073323314e-01 1.296609998874422298e-01
4.020458615823530590e-01 1.287863952023727832e-01
4.122039208720709169e-01 1.280816739659647041e-01
4.223699703303238628e-01 1.275418279946276545e-01
4.325442135354264361e-01 1.271616659307019670e-01
4.427268547068339277e-01 1.269358149134246216e-01
4.529180987219279531e-01 1.268588217396815487e-01
4.631181511328986700e-01 1.269251679326921511e-01
4.733272181837471781e-01 1.271294292321017982e-01
4.835455068274036594e-01 1.274665707766090561e-01
4.937732247429644228e-01 1.279319184172998947e-01
5.040105803530536832e-01 1.285211012639342898e-01
5.142577828413065211e-01 1.292299032702326489e-01
5.245150421699888987e-01 1.300541273212278415e-01
5.347825690977430213e-01 1.309895602508059920e-01
5.450605751974710866e-01 1.320321025059815190e-01
5.553492728743597562e-01 1.331779806664978028e-01
5.656488753840412942e-01 1.344236385122280497e-01
5.759595968509094721e-01 1.357657878420177600e-01
5.862816522865772484e-01 1.372012251023750629e-01
5.966152576084875481e-01 1.387266961520128572e-01
6.069606296586862459e-01 1.403388256154633473e-01
6.173179862227488046e-01 1.420340641242249236e-01
6.276875460488731129e-01 1.438087377967614544e-01
6.380695288671385246e-01 1.456591128778958188e-01
6.484641554089369819e-01 1.475814295548292798e-01
6.588716474265774448e-01 1.495721170025796076e-01
6.692922277130698427e-01 1.516280183617773614e-01
6.797261201220904381e-01 1.537463154139372956e-01
6.901735495881360372e-01 1.559245146829680850e-01
7.006347421468600567e-01 1.581602233036190908e-01
7.111099249556188662e-01 1.604507215932878261e-01
7.215993263142009839e-01 1.627931685795585559e-01
7.321031756857663275e-01 1.651842068177123701e-01
7.426217037179922986e-01 1.676201064547882813e-01
7.531551422644284788e-01 1.700969406886800872e-01
7.637037244060699281e-01 1.726107257539723494e-01
7.742676844731486430e-01 1.751575229062733441e-01
7.848472580671498333e-01 1.777339277418328034e-01
7.954426820830577949e-01 1.803368524817766105e-01
8.060541947318363709e-01 1.829631944294489165e-01
8.166820355631446704e-01 1.856099611508493785e-01
8.273264454882999219e-01 1.882739807684796762e-01
8.379876668034880183e-01 1.909518060723929267e-01
8.486659432132259706e-01 1.936396580847890292e-01
8.593615198540814903e-01 1.963334899823049040e-01
8.700746433186589135e-01 1.990291305038411340e-01
8.808055616798529108e-01 2.017222988037060127e-01
8.915545245153719822e-01 2.044088707047049258e-01
9.023217829325496098e-01 2.070853289424121890e-01
9.131075895934324116e-01 2.097485376784574418e-01
9.239121987401619496e-01 2.123953905319121427e-01
9.347358662206525226e-01 2.150224716432294070e-01
9.455788495145712735e-01 2.176257391411555719e-01
9.564414077596213870e-01 2.202005686944355500e-01
9.673238017781488063e-01 2.227428630234667417e-01
9.782262941040561488e-01 2.252492622351248974e-01
9.891491490100537964e-01 2.277169443314183139e-01
1.000092632535235726e+00 2.301435034975855554e-01
1.011057012512998066e+00 2.325264775273388485e-01
1.022042558599299822e+00 2.348627799568770436e-01
1.033049542301277102e+00 2.371488083611877073e-01
1.044078237006217380e+00 2.393808587525776965e-01
1.055128918010895367e+00 2.415558110664843827e-01
1.066201862551284352e+00 2.436707933009532034e-01
1.077297349832648132e+00 2.457230636447258476e-01
1.088415661060011308e+00 2.477098718082990925e-01
1.099557079469040355e+00 2.496284593804622143e-01
1.110721890357309283e+00 2.514759226209229981e-01
1.121910381115985400e+00 2.532494175187857688e-01
1.133122841261928526e+00 2.549468393618363193e-01
1.144359562470215863e+00 2.565667088501749626e-01
1.155620838607101852e+00 2.581076949127458775e-01
1.166906965763418569e+00 2.595678764403175354e-01
1.178218242288425976e+00 2.609449333126164783e-01
1.189554968824123149e+00 2.622364260775773559e-01
1.200917448340022453e+00 2.634400938299991668e-01
1.212305986168408900e+00 2.645536874381723691e-01
1.223720890040074227e+00 2.655755881101475313e-01
1.235162470120555911e+00 2.665052978368249170e-01
1.246631039046874889e+00 2.673424257318566255e-01
1.258126911964788874e+00 2.680874383598882416e-01
1.269650406566570577e+00 2.687406145022678827e-01
1.281201843129320173e+00 2.693016061009235740e-01
1.292781544553817996e+00 2.697701741374688433e-01
1.304389836403941239e+00 2.701453344712243521e-01
1.316027046946637080e+00 2.704262792482562960e-01
1.327693507192476696e+00 2.706128439384156703e-01
1.339389550936796125e+00 2.707050693101283878e-01
1.351115514801436435e+00 2.707034660491746680e-01
1.362871738277095179e+00 2.706084991870991718e-01
1.374658563766295805e+00 2.704201689865128877e-01
1.386476336626997652e+00 2.701386459345012647e-01
1.398325405216850559e+00 2.697643463941721276e-01
1.410206120938107599e+00 2.692981970743736353e-01
1.422118838283209508e+00 2.687413398078462579e-01
1.434063914881057000e+00 2.680951608290502164e-01
1.446041711543979202e+00 2.673613487571427361e-01
1.458052592315416618e+00 2.665421338200526513e-01
1.470096924518328407e+00 2.656396376014804606e-01
1.482175078804341739e+00 2.646555872991217528e-01
1.494287429203654982e+00 2.635906974337588471e-01
1.506434353175713392e+00 2.624447542738861383e-01
1.518616231660660620e+00 2.612174862515121987e-01
1.530833449131608681e+00 2.599096037251611424e-01
1.543086393647707277e+00 2.585232095258166440e-01
1.555375456908052678e+00 2.570618348690142385e-01
1.567701034306447028e+00 2.555293789490279410e-01
1.580063524987019630e+00 2.539291312651528743e-01
1.592463331900736190e+00 2.522631974372823160e-01
1.604900861862805117e+00 2.505330878702174968e-01
1.617376525611005755e+00 2.487398930348279080e-01
1.629890737864948091e+00 2.468849468023014138e-01
1.642443917386300800e+00 2.449700516787824967e-01
1.655036487039980742e+00 2.429971900676311247e-01
1.667668873856345213e+00 2.409681802217027435e-01
1.680341509094400276e+00 2.388853115752580525e-01
1.693054828306040926e+00 2.367513154589430679e-01
1.705809271401351079e+00 2.345687972374230768e-01
1.718605282714980920e+00 2.323403715725512741e-01
1.731443311073621594e+00 2.300685670060677590e-01
1.744323809864610997e+00 2.277560509849742010e-01
1.757247237105675541e+00 2.254049717407258513e-01
1.770214055515848983e+00 2.230167295944459060e-01
1.783224732587580741e+00 2.205925444579546757e-01
1.796279740660062352e+00 2.181350199272737433e-01
1.809379556993800708e+00 2.156465539836485701e-01
1.822524663846453397e+00 2.131299953831239935e-01
1.835715548549968767e+00 2.105885027846959023e-01
1.848952703589041624e+00 2.080242748008561127e-01
1.862236626680921825e+00 2.054387004265723626e-01
1.875567820856598900e+00 2.028327060374432167e-01
1.888946794543396868e+00 2.002074197070892181e-01
1.902374061649005244e+00 1.975644736086849818e-01
1.915850141646975535e+00 1.949069429824178412e-01
1.929375559663716988e+00 1.922378399786396075e-01
1.942950846567024437e+00 1.895597935474056805e-01
1.956576539056166242e+00 1.868746358709313937e-01
1.970253179753570727e+00 1.841833071205096761e-01
1.983981317298132430e+00 1.814871434830630514e-01
1.997761506440205892e+00 1.787879683576395484e-01
2.011594308138276332e+00 1.760873540594957709e-01
2.025480289657382471e+00 1.733867991097831629e-01
2.039420024669305942e+00 1.706878221632381343e-01
2.053414093354583247e+00 1.679927340297795724e-01
2.067463082506361793e+00 1.653039093170475260e-01
2.081567585636154405e+00 1.626230516858533925e-01
2.095728203081529628e+00 1.599513488154166996e-01
2.109945542115771566e+00 1.572888297214370401e-01
2.124220217059573645e+00 1.546363504304143488e-01
2.138552849394784072e+00 1.519954771407984739e-01
2.152944067880272261e+00 1.493678009622937397e-01
2.167394508669943765e+00 1.467546447551006383e-01
2.181904815432972988e+00 1.441577541217714531e-01
2.196475639476278996e+00 1.415782029285987953e-01
2.211107639869315911e+00 1.390169354865382345e-01
2.225801483571211214e+00 1.364750147341936282e-01
2.240557845560325667e+00 1.339528535434933720e-01
2.255377408966268149e+00 1.314511061901626476e-01
2.270260865204440481e+00 1.289699226420429334e-01
2.285208914113143308e+00 1.265099474490301024e-01
2.300222264093344737e+00 1.240720304797029994e-01
2.315301632251118846e+00 1.216570847924747234e-01
2.330447744542859301e+00 1.192664645446684657e-01
2.345661335923311608e+00 1.169013396632759133e-01
2.360943150496495946e+00 1.145624754388956112e-01
2.376293941669568088e+00 1.122501468297277816e-01
2.391714472309731221e+00 1.099646514959198157e-01
2.407205514904206645e+00 1.077062766093681290e-01
2.422767851723407695e+00 1.054745294956384444e-01
2.438402274987316432e+00 1.032691900338580521e-01
2.454109587035200768e+00 1.010908558945759761e-01
2.469890600498723998e+00 9.894042377135678357e-02
2.485746138478509337e+00 9.681917723223296135e-02
2.501677034724291371e+00 9.472750229290367863e-02
2.517684133818678394e+00 9.266596884061691075e-02
2.533768291364664638e+00 9.063496018900654705e-02
2.549930374176959891e+00 8.863429208498219136e-02
2.566171260477213334e+00 8.666349028704484203e-02
2.582491840093254609e+00 8.472223349668071835e-02
2.598893014662444489e+00 8.281044392426427370e-02
2.615375697839199987e+00 8.092828528155718293e-02
2.631940815506855991e+00 7.907616368410261276e-02
2.648589305993903409e+00 7.725437722975650456e-02
2.665322120294779218e+00 7.546303165848691763e-02
2.682140222295247955e+00 7.370190195579366665e-02
2.699044589002565164e+00 7.197016742122641642e-02
2.716036210780464977e+00 7.026763420421386352e-02
2.733116091589157026e+00 6.859438712665792692e-02
2.750285249230413953e+00 6.695103700181474771e-02
2.767544715597911598e+00 6.533785378478235151e-02
2.784895536932901372e+00 6.375423121277214167e-02
2.802338774085429751e+00 6.219936738637407703e-02
2.819875502781155063e+00 6.067244212377231882e-02
2.837506813893987179e+00 5.917375562470705841e-02
2.855233813724622927e+00 5.770438535465746699e-02
2.873057624285204170e+00 5.626479008538085025e-02
2.890979383590180252e+00 5.485441286921780013e-02
2.909000245953595520e+00 5.347232783099782616e-02
2.927121382292947160e+00 5.211772903010551683e-02
2.945343980439754095e+00 5.078942928603667750e-02
2.963669245457068335e+00 4.948666020457598291e-02
2.982098399964077995e+00 4.820907647654587569e-02
3.000632684467967159e+00 4.695696926331577314e-02
3.019273357703287086e+00 4.573069330406698968e-02
3.038021696978962627e+00 4.453130678946219667e-02
3.056878998533198555e+00 4.335918108283480510e-02
3.075846577896470535e+00 4.221326607908133799e-02
3.094925770262794362e+00 4.109195173316983196e-02
3.114117930869559014e+00 3.999435669721145004e-02
3.133424435386071849e+00 3.892030149279492035e-02
3.152846680311138350e+00 3.786985301045982244e-02
3.172386083379844290e+00 3.684295853182210229e-02
3.192044083979846292e+00 3.583944010271991609e-02
3.211822143577407918e+00 3.485956883379931481e-02
3.231721746153457975e+00 3.390364585779577500e-02
3.251744398649921930e+00 3.297072232600739561e-02
3.271891631426665281e+00 3.205872624227323192e-02
3.292164998729279368e+00 3.116621567565761725e-02
3.312566079168071553e+00 3.029322418320667953e-02
3.333096476208521786e+00 2.944078066826426310e-02
3.353757818673582580e+00 2.860951417439912270e-02
3.374551761258096416e+00 2.779869454664551584e-02
3.395479985055740446e+00 2.700714736520886880e-02
3.416544198098793395e+00 2.623487363511724929e-02
3.437746135911136314e+00 2.548214670701530460e-02
3.459087562074850908e+00 2.474851177128501237e-02
3.480570268810810663e+00 2.403295212534350619e-02
3.502196077573649369e+00 2.333425795445764200e-02
3.523966839661581307e+00 2.265160233308434468e-02
3.545884436841424847e+00 2.198534656677558069e-02
3.567950781989368547e+00 2.133656907426477456e-02
3.590167819747851929e+00 2.070560411904654938e-02
3.612537527199123133e+00 2.009199912341601973e-02
3.635061914555887341e+00 1.949491421691125492e-02
3.657743025869628628e+00 1.891344518913259942e-02
3.680582939757102157e+00 1.834699402889666126e-02
3.703583770145510101e+00 1.779499894196160531e-02
3.726747667036997225e+00 1.725694898107035455e-02
3.750076817293014120e+00 1.673306775357228868e-02
3.773573445439117879e+00 1.622332318406040017e-02
3.797239814490932730e+00 1.572726476371429788e-02
3.821078226801799538e+00 1.524472073907874592e-02
3.845091024932894896e+00 1.477506851076826680e-02
3.869280592546462394e+00 1.431773196517994833e-02
3.893649355322847061e+00 1.387272156538622327e-02
3.918199781902168777e+00 1.343982283834997682e-02
3.942934384851307872e+00 1.301903550835105394e-02
3.967855721657088441e+00 1.261106747837602293e-02
3.992966395746416985e+00 1.221493550469390094e-02
4.018269057534300082e+00 1.182846301213541160e-02
4.043766405500584860e+00 1.145135608021575525e-02
4.069461187296391280e+00 1.108508068671648986e-02
4.095356200881122177e+00 1.073033332464334855e-02
4.121454295691163061e+00 1.038607701807249192e-02
4.147758373841154089e+00 1.005104566214902635e-02
4.174271391359062555e+00 9.724980195105301095e-03
4.200996359456013352e+00 9.408531846919782060e-03
4.227936345832168819e+00 9.101777139530194821e-03
4.255094476019727345e+00 8.804183593713838657e-03
4.282473934764413848e+00 8.515344273868276359e-03
4.310077967446587444e+00 8.235146234362875073e-03
4.337909881543510870e+00 7.963101491808139559e-03
4.365973048133954926e+00 7.698487357501946834e-03
4.394270903446770404e+00 7.441417100565046391e-03
4.422806950454781116e+00 7.192410388817788505e-03
4.451584760515686412e+00 6.951475317159656539e-03
4.480607975061463577e+00 6.717808705234038294e-03
4.509880307338105077e+00 6.490562803025184610e-03
4.539405544197283149e+00 6.269717635784403595e-03
4.569187547941903738e+00 6.054997563265034771e-03
4.599230258227382961e+00 5.846569079803496521e-03
4.629537694020593008e+00 5.644719350016423262e-03
4.660113955618596648e+00 5.449361163596861540e-03
4.690963226729293112e+00 5.260503587867711682e-03
4.722089776616123835e+00 5.077732812424844144e-03
4.753497962309302771e+00 4.900786519305314753e-03
4.785192230885826348e+00 4.729294280694422772e-03
4.817177121820895636e+00 4.562968917158058413e-03
4.849457269413340654e+00 4.401590805730266724e-03
4.882037405287709575e+00 4.244987922106625844e-03
4.914922360976011539e+00 4.093682085357507917e-03
4.948117070581908195e+00 3.947759245630962956e-03
4.981626573530626878e+00 3.806140901357863739e-03
5.015456017407652567e+00 3.668592880752613236e-03
5.049610660889745972e+00 3.535177035492920259e-03
5.084095876771596245e+00 3.406309323775901649e-03
5.118917155092026050e+00 3.282230235025412023e-03
5.154080106363324809e+00 3.162048028108816692e-03
5.189590464907923639e+00 3.045510690312912272e-03
5.225454092306433651e+00 2.932751401726646241e-03
5.261676980961550676e+00 2.823348649886446137e-03
5.298265257782244220e+00 2.717667883978942128e-03
5.335225187993163587e+00 2.615885457804206088e-03
5.372563179074077766e+00 2.517350620595614191e-03
5.410285784834729661e+00 2.421991919254078314e-03
5.448399709630405319e+00 2.329808666873765029e-03
5.486911812724086346e+00 2.240902277010499086e-03
5.525829112800970222e+00 2.154706461886287186e-03
5.565158792641854646e+00 2.071649685924360773e-03
5.604908203961667112e+00 1.990945321984479918e-03
5.645084872420248701e+00 1.912728274051736423e-03
5.685696502812371378e+00 1.838009710620121164e-03
5.726750984444712422e+00 1.766057995715049605e-03
5.768256396707492684e+00 1.696055421117595571e-03
5.810221014849253685e+00 1.627781137466934773e-03
5.852653315963272540e+00 1.562114597860646270e-03
5.895561985194872179e+00 1.499776984216586893e-03
5.938955922179146363e+00 1.439570492915341832e-03
5.982844247719065756e+00 1.381399988469081928e-03
6.027236310714632950e+00 1.324957526979104539e-03
6.072141695354100754e+00 1.270141396300403973e-03
6.117570228578833813e+00 1.217471643030620205e-03
6.163531987834188541e+00 1.166560303392675212e-03
6.210037309119105231e+00 1.117436791775588967e-03
6.257096795348075169e+00 1.070115378561785823e-03
6.304721325039668756e+00 1.024664821069552192e-03
6.352922061346506943e+00 9.809915902870092273e-04
6.401710461442654321e+00 9.386647967104445487e-04
6.451098286284771888e+00 8.982123160602763787e-04
6.501097610764786872e+00 8.593265358169902696e-04
6.551720834272277472e+00 8.210477275218050486e-04
6.602980691686179959e+00 7.848891936436687942e-04
6.654890264816202716e+00 7.506357184468251832e-04
6.707462994315653404e+00 7.169547826640904455e-04
6.760712692088343800e+00 6.847641333775345267e-04
6.814653554213885300e+00 6.539828316420449438e-04
6.869300174416541616e+00 6.239389356938656933e-04
6.924667558104775189e+00 5.949968142697102322e-04
6.980771137009639027e+00 5.671490549879772526e-04
7.037626784452278628e+00 5.401861256621170049e-04
7.095250831272059244e+00 5.147448283206239273e-04
7.153660082449184721e+00 4.903718871226830098e-04
7.212871834457117437e+00 4.665471017225421638e-04
7.272903893382699714e+00 4.440177418575540127e-04
7.333774593853726209e+00 4.222267279736968324e-04
7.395502818816384050e+00 4.013991149570448431e-04
7.458108020207268929e+00 3.814403796309638519e-04
7.521610240567749628e+00 3.622595685708534597e-04
7.586030135650939421e+00 3.437772602807856112e-04
7.651388998075133507e+00 3.261796005689481513e-04
7.717708782080382690e+00 3.090567988182996379e-04
7.785012129448951157e+00 2.927749582442045655e-04
7.853322396653874549e+00 2.773625832403777791e-04
7.922663683303971638e+00 2.624837981001257965e-04
7.993060861958362295e+00 2.479193055468394938e-04
8.064539609387720631e+00 2.345777502637857775e-04
8.137126439365120589e+00 2.217846068471729794e-04
8.210848737074378789e+00 2.091897932214196521e-04
8.285734795229668492e+00 1.975134920442851900e-04
8.361813852006719117e+00 1.861385369684548613e-04
8.439116130892415413e+00 1.752647760599667043e-04
8.517672882566811765e+00 1.648603992765081138e-04
8.597516428939853128e+00 1.549226776765220948e-04
8.678680209472870999e+00 1.456290389977949948e-04
8.761198829924738973e+00 1.369392440464927427e-04
8.845108113671690475e+00 1.284991561127771828e-04
8.930445155761116638e+00 1.203235059344357372e-04
9.017248379870389741e+00 1.125611156616413517e-04
9.105557598354891979e+00 1.051990987002197572e-04
9.195414075582201363e+00 9.836117913771796743e-05
9.286860594764410948e+00 9.168069849164176737e-05
9.379941528515811200e+00 8.548884449924065753e-05
9.474702913380864899e+00 7.953770243700173412e-05
9.571192528595130256e+00 7.402588196038780246e-05
9.669459979362780899e+00 6.871047682316565254e-05
9.769556784955327089e+00 6.366962850456352793e-05
9.871536471960840942e+00 5.910373342941270205e-05
9.975454673037942754e+00 5.462753120502606281e-05
1.008136923155793063e+01 5.040436621200255677e-05
1.018934031254830330e+01 4.642774826631937689e-05
1.029943052038522566e+01 4.268458652966098060e-05
1.041170502371859463e+01 3.931904945401721002e-05
1.052623168815380517e+01 3.589619049151209390e-05
1.064308121725768252e+01 3.289362201078314257e-05
1.076232730250476877e+01 3.008655523085788225e-05
1.088404678283179194e+01 2.740279465048023073e-05
1.100831981452695096e+01 2.493193154347660921e-05
1.113523005224294415e+01 2.266858657987079373e-05
1.126486484199331350e+01 2.056107109754932462e-05
1.139731542706779699e+01 1.854502041218366156e-05
1.153267716788676189e+01 1.670510921761412962e-05
1.167104977690866718e+01 1.500203452762135213e-05
1.181253756980620828e+01 1.341663962035384859e-05
1.195724973424156268e+01 1.199496686398960988e-05
1.210530061769597765e+01 1.068787732082603297e-05
1.225681003594877438e+01 9.516885651828269508e-06
1.241190360395464154e+01 8.397203512532410897e-06
1.257071309104042101e+01 7.406943938522041766e-06
1.273337680253192516e+01 6.529978111475114394e-06
1.290003999013476133e+01 5.691996137004839686e-06
1.307085529362815102e+01 4.922463185239857344e-06
1.324598321669588152e+01 4.298062747930535202e-06
1.342559264001181063e+01 3.662927177139256367e-06
1.360986137502873916e+01 3.135854537281043897e-06
1.379897676228727654e+01 2.709103171967953883e-06
1.399313631847826045e+01 2.308529834041178950e-06
1.419254843695589230e+01 1.921046935923276089e-06
1.439743314692606369e+01 1.634618739616398251e-06
1.460802293712368716e+01 1.345553895854716405e-06
1.482456365046278535e+01 1.134716117503286048e-06
1.504731545689699779e+01 9.271781512958644107e-07
1.527655391258613626e+01 7.457268536295210413e-07
1.551257111443440273e+01 6.124040950843629823e-07
1.575567696017295916e+01 4.930682413939041811e-07
1.600620052541652782e+01 3.966745834707184098e-07
1.626449157056262607e+01 3.117061259144459724e-07
1.653092219204418001e+01 2.251759676373085856e-07
1.680588863433074565e+01 1.713236321748785757e-07
1.708981328123576660e+01 1.340734812926300144e-07
1.738314684757837725e+01 1.059941774761343418e-07
1.768637079511793431e+01 1.133512069844602311e-07
1.800000000000201084e+01 3.056937963639421570e-08
