-1.800000000000201084e+01 3.539331069075629913e-08
-1.768637079511795918e+01 1.063890343831685140e-07
-1.738314684757837725e+01 7.855207585602873657e-08
-1.708981328123576660e+01 1.336690528906663216e-07
-1.680588863433072433e+01 1.630864310728834103e-07
-1.653092219204418001e+01 2.048539245844258451e-07
-1.626449157056260830e+01 2.520754615579001734e-07
-1.600620052541652782e+01 3.023067198842317440e-07
-1.575567696017295916e+01 3.762380686663009109e-07
-1.551257111443442049e+01 5.005688790817496892e-07
-1.527655391258613626e+01 6.129516329728137237e-07
-1.504731545689701200e+01 6.978345069236071969e-07
-1.482456365046278535e+01 8.873851883304803022e-07
-1.460802293712368716e+01 1.019217408306471514e-06
-1.439743314692604947e+01 1.217385278429064904e-06
-1.419254843695589230e+01 1.426743448890025048e-06
-1.399313631847824624e+01 1.644200900178283443e-06
-1.379897676228727654e+01 1.969337452792294554e-06
-1.360986137502872673e+01 2.267178883650975129e-06
-1.342559264001182306e+01 2.581744501186239838e-06
-1.324598321669588152e+01 2.995273773227682438e-06
-1.307085529362816168e+01 3.377741310777265388e-06
-1.290003999013476133e+01 3.801201673867682504e-06
-1.273337680253193582e+01 4.250630107436429978e-06
-1.257071309104041035e+01 4.725706417040894971e-06
-1.241190360395464154e+01 5.288689916193934253e-06
-1.225681003594876195e+01 5.910992426557399432e-06
-1.210530061769597765e+01 6.510955638670364125e-06
-1.195724973424155202e+01 7.239616819855634805e-06
-1.181253756980619762e+01 7.929066112639249756e-06
-1.167104977690866718e+01 8.647353097382084707e-06
-1.153267716788677255e+01 9.460680571168290031e-06
-1.139731542706779699e+01 1.031362626018648679e-05
-1.126486484199332239e+01 1.122510869772002967e-05
-1.113523005224293527e+01 1.210400842335429040e-05
-1.100831981452695096e+01 1.326490167004794224e-05
-1.088404678283180083e+01 1.420100071922021737e-05
-1.076232730250476877e+01 1.535410512903987530e-05
-1.064308121725769141e+01 1.643576044615219925e-05
-1.052623168815380517e+01 1.756550909483742162e-05
-1.041170502371859463e+01 1.864816361785554655e-05
-1.029943052038521678e+01 1.997010043916308013e-05
-1.018934031254830330e+01 2.109129154825521211e-05
-1.008136923155793951e+01 2.243656900987833183e-05
-9.975454673037956965e+00 2.383086433032339206e-05
-9.871536471960840942e+00 2.517320760935031566e-05
-9.769556784955334194e+00 2.667235222971467900e-05
-9.669459979362780899e+00 2.795389499450201057e-05
-9.571192528595137361e+00 2.937961118411444835e-05
-9.474702913380864899e+00 3.103285102365154337e-05
-9.379941528515811200e+00 3.258419196209469653e-05
-9.286860594764403842e+00 3.418348340240659900e-05
-9.195414075582201363e+00 3.574160324972776770e-05
-9.105557598354884874e+00 3.732324289573271041e-05
-9.017248379870389741e+00 3.916721465758496023e-05
-8.930445155761116638e+00 4.078725157599266433e-05
-8.845108113671695804e+00 4.249106876040732440e-05
-8.761198829924738973e+00 4.410596544374752875e-05
-8.678680209472876328e+00 4.602950898029270271e-05
-8.597516428939853128e+00 4.784694392663595358e-05
-8.517672882566811765e+00 4.974579095309997819e-05
-8.439116130892410084e+00 5.139227523756400781e-05
-8.361813852006719117e+00 5.333108894390103325e-05
-8.285734795229661387e+00 5.516917270068040963e-05
-8.210848737074378789e+00 5.717740199422139004e-05
-8.137126439365120589e+00 5.914539125346314399e-05
-8.064539609387715302e+00 6.081053212651814425e-05
-7.993060861958362295e+00 6.256395074180517947e-05
-7.922663683303976967e+00 6.458460348227355657e-05
-7.853322396653874549e+00 6.680385845128243485e-05
-7.785012129448951157e+00 6.858795183573854952e-05
-7.717708782080378249e+00 7.005058355861703266e-05
-7.651388998075133507e+00 7.221181954319990889e-05
-7.586030135650944750e+00 7.449317208943903254e-05
-7.521610240567749628e+00 7.656471002940050310e-05
-7.458108020207273370e+00 7.846619951529431789e-05
-7.395502818816379609e+00 8.043742538241889419e-05
-7.333774593853726209e+00 8.254646238316519545e-05
-7.272903893382695273e+00 8.482891458558953503e-05
-7.212871834457117437e+00 8.663048362237908467e-05
-7.153660082449187385e+00 8.858562488270197224e-05
-7.095250831272068126e+00 9.054410776654336207e-05
-7.037626784452278628e+00 9.253510227434319046e-05
-6.980771137009643468e+00 9.446109171908496612e-05
-6.924667558104775189e+00 9.651548864104633361e-05
-6.869300174416541616e+00 9.853905782120493629e-05
-6.814653554213885300e+00 1.005340657143284524e-04
-6.760712692088343800e+00 1.024043140554505406e-04
-6.707462994315648963e+00 1.044158444175398475e-04
-6.654890264816202716e+00 1.064275006482920724e-04
-6.602980691686176407e+00 1.084655516781402084e-04
-6.551720834272277472e+00 1.104266374519704977e-04
-6.501097610764786872e+00 1.123191553294593302e-04
-6.451098286284775440e+00 1.142785488328182283e-04
-6.401710461442654321e+00 1.163320007298750873e-04
-6.352922061346510496e+00 1.183692766698109944e-04
-6.304721325039668756e+00 1.203796384713953760e-04
-6.257096795348075169e+00 1.224197567810520176e-04
-6.210037309119101678e+00 1.244418219260515625e-04
-6.163531987834188541e+00 1.263682108665950391e-04
-6.117570228578837366e+00 1.282884917880806658e-04
-6.072141695354100754e+00 1.302453523001926238e-04
-6.027236310714632950e+00 1.320741979855497310e-04
-5.982844247719062203e+00 1.339289808827452623e-04
-5.938955922179146363e+00 1.359211056570519029e-04
-5.895561985194874843e+00 1.377414298171076136e-04
-5.852653315963272540e+00 1.395661055886922340e-04
-5.810221014849253685e+00 1.416677943350331311e-04
-5.768256396707496236e+00 1.437847549865119113e-04
-5.726750984444712422e+00 1.454488298242631854e-04
-5.685696502812374042e+00 1.469144466474299211e-04
-5.645084872420248701e+00 1.488057151895940257e-04
-5.604908203961667112e+00 1.506313930110626332e-04
-5.565158792641851981e+00 1.524480892645855928e-04
-5.525829112800970222e+00 1.545241153652054120e-04
-5.486911812724083681e+00 1.564206795583366011e-04
-5.448399709630409760e+00 1.581047113576479739e-04
-5.410285784834729661e+00 1.597462309835828178e-04
-5.372563179074079542e+00 1.615331598009681936e-04
-5.335225187993163587e+00 1.633295782254260439e-04
-5.298265257782246884e+00 1.649828135949788638e-04
-5.261676980961550676e+00 1.667432874023432564e-04
-5.225454092306433651e+00 1.686594638701264864e-04
-5.189590464907923639e+00 1.704372942063199861e-04
-5.154080106363324809e+00 1.720375527910697477e-04
-5.118917155092023386e+00 1.737078503555660141e-04
-5.084095876771596245e+00 1.754852183594773549e-04
-5.049610660889740643e+00 1.772979752100440460e-04
-5.015456017407655231e+00 1.790113341863262331e-04
-4.981626573530626878e+00 1.805594046358007269e-04
-4.948117070581910859e+00 1.821015536157443901e-04
-4.914922360976011539e+00 1.838210445256563560e-04
-4.882037405287712239e+00 1.857442251833542248e-04
-4.849457269413337102e+00 1.875344770004396325e-04
-4.817177121820895636e+00 1.889910715123314640e-04
-4.785192230885824571e+00 1.903779449583880244e-04
-4.753497962309302771e+00 1.919771088513898651e-04
-4.722089776616123835e+00 1.937386860218505403e-04
-4.690963226729293112e+00 1.954699971313808907e-04
-4.660113955618596648e+00 1.970899073206853092e-04
-4.629537694020590344e+00 1.986984418794614617e-04
-4.599230258227382961e+00 2.001794213205544356e-04
-4.569187547941903738e+00 2.015211878441485176e-04
-4.539405544197283149e+00 2.030768888016995077e-04
-4.509880307338105077e+00 2.047666137844034813e-04
-4.480607975061465353e+00 2.062165087015000375e-04
-4.451584760515686412e+00 2.075197687165254148e-04
-4.422806950454783781e+00 2.090212732634419207e-04
-4.394270903446768628e+00 2.106632340616324201e-04
-4.365973048133954926e+00 2.121682449483702814e-04
-4.337909881543509094e+00 2.135930562603809428e-04
-4.310077967446587444e+00 2.150710462207734122e-04
-4.282473934764412071e+00 2.165905366808198594e-04
-4.255094476019731786e+00 2.181707895034235272e-04
-4.227936345832168819e+00 2.197631054294406122e-04
-4.200996359456015128e+00 2.213321165410955956e-04
-4.174271391359062555e+00 2.228916950751669290e-04
-4.147758373841154089e+00 2.244032557579578346e-04
-4.121454295691163061e+00 2.257895717605248333e-04
-4.095356200881122177e+00 2.270944756358485826e-04
-4.069461187296388616e+00 2.284769395815705053e-04
-4.043766405500584860e+00 2.301077023641113269e-04
-4.018269057534298305e+00 2.320597213723843346e-04
-3.992966395746416985e+00 2.338647919548811187e-04
-3.967855721657088441e+00 2.350177328865254642e-04
-3.942934384851309204e+00 2.359692947635117389e-04
-3.918199781902168777e+00 2.372268509248952383e-04
-3.893649355322847061e+00 2.386162729666888645e-04
-3.869280592546462394e+00 2.399412238546542943e-04
-3.845091024932894896e+00 2.412679905789702288e-04
-3.821078226801797317e+00 2.426581954188604352e-04
-3.797239814490932730e+00 2.441005323638320513e-04
-3.773573445439120100e+00 2.455412838990125878e-04
-3.750076817293014120e+00 2.469749284809147219e-04
-3.726747667036997225e+00 2.485065310052388121e-04
-3.703583770145510101e+00 2.501269179737082614e-04
-3.680582939757102157e+00 2.517073898608898760e-04
-3.657743025869630404e+00 2.532329323482810897e-04
-3.635061914555887341e+00 2.546890840257352091e-04
-3.612537527199123133e+00 2.559938402466654722e-04
-3.590167819747855482e+00 2.571855280107989816e-04
-3.567950781989368547e+00 2.584518060779718773e-04
-3.545884436841426179e+00 2.598971601642395459e-04
-3.523966839661581307e+00 2.614142020443281688e-04
-3.502196077573649369e+00 2.628474923262638218e-04
-3.480570268810808887e+00 2.641855281443131198e-04
-3.459087562074850908e+00 2.655090316142014726e-04
-3.437746135911134981e+00 2.668706865776849482e-04
-3.416544198098792506e+00 2.682961120048929981e-04
-3.395479985055740890e+00 2.697710559149677813e-04
-3.374551761258098193e+00 2.712347304115529352e-04
-3.353757818673582580e+00 2.726651608524703467e-04
-3.333096476208523118e+00 2.740931804175200008e-04
-3.312566079168071553e+00 2.755104423422110064e-04
-3.292164998729279812e+00 2.768923454040849363e-04
-3.271891631426664837e+00 2.782772330231822445e-04
-3.251744398649922374e+00 2.797049750328359143e-04
-3.231721746153456643e+00 2.811346392415101981e-04
-3.211822143577407918e+00 2.825046630696420439e-04
-3.192044083979844071e+00 2.838337806331953919e-04
-3.172386083379843402e+00 2.851946032919023904e-04
-3.152846680311138350e+00 2.866038868765289423e-04
-3.133424435386072737e+00 2.880295820914095545e-04
-3.114117930869558570e+00 2.894907925261858399e-04
-3.094925770262795250e+00 2.910261173662185251e-04
-3.075846577896469647e+00 2.925618260944112944e-04
-3.056878998533198555e+00 2.939607783373036909e-04
-3.038021696978961295e+00 2.952301989258895995e-04
-3.019273357703287086e+00 2.965525447272790742e-04
-3.000632684467968048e+00 2.980773573227978685e-04
-2.982098399964077995e+00 2.997770476344090987e-04
-2.963669245457069223e+00 3.015103916604011105e-04
-2.945343980439752762e+00 3.031411191083333207e-04
-2.927121382292947160e+00 3.046349595851376114e-04
-2.909000245953597297e+00 3.060668894688384472e-04
-2.890979383590179363e+00 3.075104894737460282e-04
-2.873057624285205058e+00 3.089364141633144816e-04
-2.855233813724623815e+00 3.102879129176231354e-04
-2.837506813893987179e+00 3.116225322422420388e-04
-2.819875502781155951e+00 3.130793551042428471e-04
-2.802338774085429751e+00 3.147027296549839313e-04
-2.784895536932901372e+00 3.163945351544500038e-04
-2.767544715597910265e+00 3.180398046812655177e-04
-2.750285249230413953e+00 3.196078223766667288e-04
-2.733116091589155250e+00 3.211410117448670627e-04
-2.716036210780464089e+00 3.226850228900914790e-04
-2.699044589002566052e+00 3.242482167749684350e-04
-2.682140222295249732e+00 3.258226050598815636e-04
-2.665322120294779662e+00 3.274197368952278518e-04
-2.648589305993904297e+00 3.290753053962127295e-04
-2.631940815506855547e+00 3.308186944066514052e-04
-2.615375697839200431e+00 3.326338308053024143e-04
-2.598893014662444045e+00 3.344394725403843321e-04
-2.582491840093254609e+00 3.361522054782607521e-04
-2.566171260477212002e+00 3.377766167322896677e-04
-2.549930374176959447e+00 3.393886978517354747e-04
-2.533768291364664638e+00 3.410383299203940607e-04
-2.517684133818677505e+00 3.427148871128885043e-04
-2.501677034724291371e+00 3.444078490926123261e-04
-2.485746138478510670e+00 3.461573024560471727e-04
-2.469890600498723998e+00 3.480165492530381622e-04
-2.454109587035200768e+00 3.499743584692531625e-04
-2.438402274987315543e+00 3.519367222344187141e-04
-2.422767851723407695e+00 3.538052347548807414e-04
-2.407205514904207533e+00 3.555577411984784048e-04
-2.391714472309731221e+00 3.572588772770919543e-04
-2.376293941669569421e+00 3.589934829072723805e-04
-2.360943150496495058e+00 3.607893797447958074e-04
-2.345661335923311608e+00 3.626126889890401951e-04
-2.330447744542858413e+00 3.644322285839313343e-04
-2.315301632251118846e+00 3.662788844739107703e-04
-2.300222264093345625e+00 3.682430997851060452e-04
-2.285208914113144640e+00 3.704049511314692791e-04
-2.270260865204440481e+00 3.727412824095161837e-04
-2.255377408966269037e+00 3.751046713663291942e-04
-2.240557845560325223e+00 3.773327375480397573e-04
-2.225801483571210770e+00 3.793867492041067967e-04
-2.211107639869315467e+00 3.813774866310682505e-04
-2.196475639476279440e+00 3.834746625254470691e-04
-2.181904815432973432e+00 3.857757393220486082e-04
-2.167394508669943320e+00 3.882333104858001370e-04
-2.152944067880271817e+00 3.906918671566666536e-04
-2.138552849394784516e+00 3.930125506806671741e-04
-2.124220217059574090e+00 3.951738986128381856e-04
-2.109945542115772454e+00 3.972541090181736000e-04
-2.095728203081529628e+00 3.993491773754622061e-04
-2.081567585636154849e+00 4.015175476772678471e-04
-2.067463082506362237e+00 4.037689789473023318e-04
-2.053414093354584136e+00 4.060711012440145103e-04
-2.039420024669305942e+00 4.083836256855000570e-04
-2.025480289657382471e+00 4.107023057660784036e-04
-2.011594308138276332e+00 4.130703279213053720e-04
-1.997761506440205226e+00 4.155376361032926008e-04
-1.983981317298131319e+00 4.181180310740135716e-04
-1.970253179753569617e+00 4.207952908773668560e-04
-1.956576539056167352e+00 4.235452948077963369e-04
-1.942950846567025547e+00 4.263279505628401371e-04
-1.929375559663717654e+00 4.290603800300124386e-04
-1.915850141646975535e+00 4.316296187840846241e-04
-1.902374061649005244e+00 4.339722473769116779e-04
-1.888946794543396868e+00 4.361660898034847825e-04
-1.875567820856598900e+00 4.384424992188881124e-04
-1.862236626680921825e+00 4.410793823414328025e-04
-1.848952703589041180e+00 4.442357108882909059e-04
-1.835715548549967879e+00 4.478615969404116793e-04
-1.822524663846452730e+00 4.517453178862016069e-04
-1.809379556993800708e+00 4.556446848075533865e-04
-1.796279740660062796e+00 4.594004359739311096e-04
-1.783224732587581407e+00 4.629750608225701976e-04
-1.770214055515849871e+00 4.664184401787322960e-04
-1.757247237105675541e+00 4.698040166629473789e-04
-1.744323809864610553e+00 4.731863708444162707e-04
-1.731443311073621372e+00 4.765911251390552101e-04
-1.718605282714980698e+00 4.800343317359824936e-04
-1.705809271401351745e+00 4.835408885614289934e-04
-1.693054828306041149e+00 4.871427142746868476e-04
-1.680341509094399610e+00 4.908594634023381604e-04
-1.667668873856344547e+00 4.946843030930218269e-04
-1.655036487039980519e+00 4.985891785373901871e-04
-1.642443917386301022e+00 5.025480950212188802e-04
-1.629890737864948980e+00 5.065556753896048158e-04
-1.617376525611005755e+00 5.106253681617969583e-04
-1.604900861862805783e+00 5.147761768361945513e-04
-1.592463331900736856e+00 5.190210744840045116e-04
-1.580063524987020074e+00 5.233596018126909777e-04
-1.567701034306447028e+00 5.277684730231641148e-04
-1.555375456908052678e+00 5.321962416325498775e-04
-1.543086393647707277e+00 5.365789157329137714e-04
-1.530833449131608237e+00 5.408888958600854445e-04
-1.518616231660659732e+00 5.451880893500661357e-04
-1.506434353175712282e+00 5.496310107093781237e-04
-1.494287429203655870e+00 5.543881623532414789e-04
-1.482175078804342627e+00 5.595387718258717103e-04
-1.470096924518329295e+00 5.650249556952253397e-04
-1.458052592315416618e+00 5.707083107757769235e-04
-1.446041711543979202e+00 5.764700681542349022e-04
-1.434063914881057000e+00 5.822645202782641364e-04
-1.422118838283209508e+00 5.881012266021018280e-04
-1.410206120938107599e+00 5.940046457618753696e-04
-1.398325405216850115e+00 5.999906448869022409e-04
-1.386476336626996986e+00 6.060614627058902824e-04
-1.374658563766294916e+00 6.122051620423770183e-04
-1.362871738277095179e+00 6.184050659334065607e-04
-1.351115514801437101e+00 6.246644372955020364e-04
-1.339389550936797013e+00 6.310310366914766763e-04
-1.327693507192477362e+00 6.375900088268307044e-04
-1.316027046946637080e+00 6.444233072786195206e-04
-1.304389836403941239e+00 6.515640899468216765e-04
-1.292781544553817996e+00 6.589814794906544279e-04
-1.281201843129320173e+00 6.666068722429060837e-04
-1.269650406566570577e+00 6.743742190849445674e-04
-1.258126911964788874e+00 6.822461853604197893e-04
-1.246631039046874889e+00 6.902217172032941266e-04
-1.235162470120555911e+00 6.983256924308343157e-04
-1.223720890040073339e+00 7.065977730627879356e-04
-1.212305986168408234e+00 7.150819837041561162e-04
-1.200917448340022453e+00 7.238101497634232039e-04
-1.189554968824123149e+00 7.327941275413662938e-04
-1.178218242288426865e+00 7.420263108003717807e-04
-1.166906965763418569e+00 7.514930921202682239e-04
-1.155620838607101852e+00 7.611942503938669670e-04
-1.144359562470215863e+00 7.711524304076675064e-04
-1.133122841261928526e+00 7.814068092663506611e-04
-1.121910381115985400e+00 7.919982317758663239e-04
-1.110721890357309283e+00 8.029587833399041107e-04
-1.099557079469039467e+00 8.143086365162682111e-04
-1.088415661060010642e+00 8.260581904884546113e-04
-1.077297349832647466e+00 8.382081768473011348e-04
-1.066201862551285018e+00 8.507521995406498207e-04
-1.055128918010896033e+00 8.636836598385424927e-04
-1.044078237006218046e+00 8.770058633318234941e-04
-1.033049542301277102e+00 8.907391699135793926e-04
-1.022042558599299822e+00 9.049177624296953154e-04
-1.011057012512998066e+00 9.195768561080293769e-04
-1.000092632535235726e+00 9.347338115066672944e-04
-9.891491490100537964e-01 9.503793963802112084e-04
-9.782262941040561488e-01 9.664859942693933802e-04
-9.673238017781481402e-01 9.830307844369454932e-04
-9.564414077596213870e-01 1.000019431839948344e-03
-9.455788495145712735e-01 1.017497910114292109e-03
-9.347358662206534108e-01 1.035548559745430629e-03
-9.239121987401626157e-01 1.054270805344205766e-03
-9.131075895934324116e-01 1.073752007087745187e-03
-9.023217829325496098e-01 1.094048251167983356e-03
-8.915545245153719822e-01 1.115181196996119532e-03
-8.808055616798529108e-01 1.137153736634025601e-03
-8.700746433186589135e-01 1.159975846063974244e-03
-8.593615198540814903e-01 1.183684507898094193e-03
-8.486659432132259706e-01 1.208340096297038724e-03
-8.379876668034880183e-01 1.234007883930005002e-03
-8.273264454882990337e-01 1.260743604106114892e-03
-8.166820355631438932e-01 1.288596105896332861e-03
-8.060541947318363709e-01 1.317625977444467165e-03
-7.954426820830584610e-01 1.347921526301944489e-03
-7.848472580671504994e-01 1.379593008870228475e-03
-7.742676844731486430e-01 1.412745463080332733e-03
-7.637037244060699281e-01 1.447447543027090885e-03
-7.531551422644284788e-01 1.483729077192954323e-03
-7.426217037179922986e-01 1.521617608453068376e-03
-7.321031756857663275e-01 1.561189655318868767e-03
-7.215993263142009839e-01 1.602609726813021074e-03
-7.111099249556180890e-01 1.646120389905767010e-03
-7.006347421468592795e-01 1.691983150041321150e-03
-6.901735495881351490e-01 1.740409525140138025e-03
-6.797261201220911042e-01 1.791535408633924790e-03
-6.692922277130706199e-01 1.845445078368731454e-03
-6.588716474265783329e-01 1.902236254822805943e-03
-6.484641554089376481e-01 1.962070608772144027e-03
-6.380695288671385246e-01 2.025184695522664387e-03
-6.276875460488731129e-01 2.091866172483666190e-03
-6.173179862227488046e-01 2.162418325799370274e-03
-6.069606296586862459e-01 2.237140025592011458e-03
-5.966152576084875481e-01 2.316332518563215311e-03
-5.862816522865772484e-01 2.400324438649564275e-03
-5.759595968509094721e-01 2.489503170181863075e-03
-5.656488753840412942e-01 2.584340359383949758e-03
-5.553492728743597562e-01 2.685402716559777588e-03
-5.450605751974718638e-01 2.793345283316150951e-03
-5.347825690977430213e-01 2.908895215483684599e-03
-5.245150421699888987e-01 3.032833183931401763e-03
-5.142577828413065211e-01 3.165995902298155903e-03
-5.040105803530536832e-01 3.309291654520287156e-03
-4.937732247429644228e-01 3.463722202050347615e-03
-4.835455068274036594e-01 3.630399899706752542e-03
-4.733272181837471781e-01 3.810555998491167544e-03
-4.631181511328986700e-01 4.005555641968444602e-03
-4.529180987219272314e-01 4.216938356206297901e-03
-4.427268547068332061e-01 4.446494938917856278e-03
-4.325442135354257145e-01 4.696346492831530474e-03
-4.223699703303245845e-01 4.969016100398453151e-03
-4.122039208720716941e-01 5.267473407624364765e-03
-4.020458615823537807e-01 5.595155334435874053e-03
-3.918955895073323314e-01 5.955997003281560120e-03
-3.817529023010813316e-01 6.354492720659468512e-03
-3.716175982091194929e-01 6.795808675692481537e-03
-3.614894760520483419e-01 7.285935664928326269e-03
-3.513683352092828449e-01 7.831886186536393679e-03
-3.412539756028758475e-01 8.441942901917985631e-03
-3.311461976814312758e-01 9.125978497740667994e-03
-3.210448024041094306e-01 9.895855007410839579e-03
-3.109495912247085547e-01 1.076590396181767439e-02
-3.008603660758366605e-01 1.175347921449722104e-02
-2.907769293531580201e-01 1.287962367093579280e-02
-2.806990838997174276e-01 1.416990940781918604e-02
-2.706266329903371237e-01 1.565556787150819765e-02
-2.605593803160889399e-01 1.737502678252509508e-02
-2.504971299688272257e-01 1.937598576691734742e-02
-2.404396864257955790e-01 2.171821096880511420e-02
-2.303868545342923901e-01 2.447733513454739690e-02
-2.203384394963986970e-01 2.775011341318328606e-02
-2.102942468537628840e-01 3.166179082005964041e-02
-2.002540824724450275e-01 3.637650624861495097e-02
-1.902177525278067050e-01 4.211206237771707162e-02
-1.801850634894590075e-01 4.916102451309903310e-02
-1.701558221062540455e-01 5.792097839485645105e-02
-1.601298353913264694e-01 6.893745657280719863e-02
-1.501069106071708514e-01 8.296236065244239066e-02
-1.400868552507662790e-01 1.010259230748016268e-01
-1.300694770387391397e-01 1.245072403620006152e-01
-1.200545838925550501e-01 1.551628691976324470e-01
-1.100419839237516545e-01 1.950364872683257034e-01
-1.000314854191983877e-01 2.461426250815564876e-01
-9.002289682638489610e-02 3.098300379399251403e-01
-8.001602673873924043e-02 3.858360467961335361e-01
-7.001068388096250150e-02 4.712532642167555630e-01
-6.000667709439190534e-02 5.598789202732126213e-01
-5.000381532237931775e-02 6.425315465803556059e-01
-4.000190759568706539e-02 7.087015475508169349e-01
-3.000076301789707939e-02 7.493178806045543983e-01
-2.000019075083557876e-02 7.596913390943196287e-01
-9.999999999999974187e-03 7.413106886942878448e-01
0.000000000000000000e+00 7.014983636737706085e-01
9.999999999999974187e-03 6.509195555530491450e-01
2.000019075083557876e-02 6.000353375522569088e-01
3.000076301789707939e-02 5.560922448054033129e-01
4.000190759568635068e-02 5.218401434605828282e-01
5.000381532237860305e-02 4.961727433300712198e-01
6.000667709439118369e-02 4.759521082498375799e-01
7.001068388096322315e-02 4.579333079580543142e-01
8.001602673873996208e-02 4.399897713337957983e-01
9.002289682638561774e-02 4.214192717767656915e-01
1.000314854191983877e-01 4.025899931491065953e-01
1.100419839237516545e-01 3.843526811307256263e-01
1.200545838925550501e-01 3.675512734355397271e-01
1.300694770387391397e-01 3.527638954570866403e-01
1.400868552507662790e-01 3.402467782862107493e-01
1.501069106071708514e-01 3.299918519173893339e-01
1.601298353913264694e-01 3.218177902513714717e-01
1.701558221062540455e-01 3.154516062827421030e-01
1.801850634894582859e-01 3.105872497916227215e-01
1.902177525278067050e-01 3.069226633770695267e-01
2.002540824724450275e-01 3.041803833822245284e-01
2.102942468537628840e-01 3.021166259914109253e-01
2.203384394963986970e-01 3.005230961607776585e-01
2.303868545342923901e-01 2.992249884856849063e-01
2.404396864257955790e-01 2.980777408424675756e-01
2.504971299688272257e-01 2.969640181518410915e-01
2.605593803160889399e-01 2.957913328566625921e-01
2.706266329903371237e-01 2.944899439200739377e-01
2.806990838997167059e-01 2.930105153856721323e-01
2.907769293531572985e-01 2.913212416569984087e-01
3.008603660758359388e-01 2.894045819198508562e-01
3.109495912247092764e-01 2.872539774183670014e-01
3.210448024041101522e-01 2.848710533645645304e-01
3.311461976814320529e-01 2.822636509154340390e-01
3.412539756028758475e-01 2.794443703766890108e-01
3.513683352092828449e-01 2.764298402662439536e-01
3.614894760520483419e-01 2.732400256168444064e-01
3.716175982091194929e-01 2.698975837266072153e-01
3.817529023010813316e-01 2.664269216292218800e-01
3.918955895073323314e-01 2.628530401843119924e-01
4.020458615823530590e-01 2.592002956046910445e-01
4.122039208720709169e-01 2.554914065479124696e-01
4.223699703303238628e-01 2.517466935025702290e-01
4.325442135354264361e-01 2.479842434931103790e-01
4.427268547068339277e-01 2.442204556574915364e-01
4.529180987219279531e-01 2.404708931670356264e-01
4.631181511328986700e-01 2.367505074756619809e-01
4.733272181837471781e-01 2.330733660338335234e-01
4.835455068274036594e-01 2.294522795374226432e-01
4.937732247429644228e-01 2.258979864610314581e-01
5.040105803530536832e-01 2.224189890754124932e-01
5.142577828413065211e-01 2.190218491720898053e-01
5.245150421699888987e-01 2.157117249226726541e-01
5.347825690977430213e-01 2.124929189049887257e-01
5.450605751974710866e-01 2.093694157005215606e-01
5.553492728743597562e-01 2.063452057247667226e-01
5.656488753840412942e-01 2.034239072836771522e-01
5.759595968509094721e-01 2.006085375728521303e-01
5.862816522865772484e-01 1.979009070914740931e-01
5.966152576084875481e-01 1.953013469421648329e-01
6.069606296586862459e-01 1.928088814717032751e-01
6.173179862227488046e-01 1.904217228987072075e-01
6.276875460488731129e-01 1.881378790246520383e-01
6.380695288671385246e-01 1.859555439522772025e-01
6.484641554089369819e-01 1.838731316309413777e-01
6.588716474265774448e-01 1.818892550421206677e-01
6.692922277130698427e-01 1.800026067000288499e-01
6.797261201220904381e-01 1.782115921126172231e-01
6.901735495881360372e-01 1.765142144278222247e-01
7.006347421468600567e-01 1.749080907457000733e-01
7.111099249556188662e-01 1.733903569040047832e-01
7.215993263142009839e-01 1.719583576478647402e-01
7.321031756857663275e-01 1.706095030992928474e-01
7.426217037179922986e-01 1.693415173621414804e-01
7.531551422644284788e-01 1.681525778798587667e-01
7.637037244060699281e-01 1.670412904408571098e-01
7.742676844731486430e-01 1.660065001727253631e-01
7.848472580671498333e-01 1.650473624742278544e-01
7.954426820830577949e-01 1.641625908392271294e-01
8.060541947318363709e-01 1.633498902345082993e-01
8.166820355631446704e-01 1.626061420928673340e-01
8.273264454882999219e-01 1.619276722670150714e-01
8.379876668034880183e-01 1.613108715501700707e-01
8.486659432132259706e-01 1.607527882394019503e-01
8.593615198540814903e-01 1.602514713362902521e-01
8.700746433186589135e-01 1.598058800948204405e-01
8.808055616798529108e-01 1.594152809288973960e-01
8.915545245153719822e-01 1.590787455057551258e-01
9.023217829325496098e-01 1.587950378759479808e-01
9.131075895934324116e-01 1.585624241274329882e-01
9.239121987401619496e-01 1.583789304274604570e-01
9.347358662206525226e-01 1.582427415737897025e-01
9.455788495145712735e-01 1.581523723193773157e-01
9.564414077596213870e-01 1.581065292000648492e-01
9.673238017781488063e-01 1.581042944720995047e-01
9.782262941040561488e-01 1.581446198269783610e-01
9.891491490100537964e-01 1.582259623797268033e-01
1.000092632535235726e+00 1.583465177821778425e-01
1.011057012512998066e+00 1.585045018259197414e-01
1.022042558599299822e+00 1.586982419702251401e-01
1.033049542301277102e+00 1.589263643595219266e-01
1.044078237006217380e+00 1.591878963577956219e-01
1.055128918010895367e+00 1.594824343053030113e-01
1.066201862551284352e+00 1.598096770412820722e-01
1.077297349832648132e+00 1.601692149041657465e-01
1.088415661060011308e+00 1.605603444911344879e-01
1.099557079469040355e+00 1.609819938654116489e-01
1.110721890357309283e+00 1.614326215834286093e-01
1.121910381115985400e+00 1.619104255880590149e-01
1.133122841261928526e+00 1.624139522382814782e-01
1.144359562470215863e+00 1.629421913238934816e-01
1.155620838607101852e+00 1.634943812917473704e-01
1.166906965763418569e+00 1.640695401596112268e-01
1.178218242288425976e+00 1.646665227792612762e-01
1.189554968824123149e+00 1.652841349163852169e-01
1.200917448340022453e+00 1.659212274902087947e-01
1.212305986168408900e+00 1.665765031415561426e-01
1.223720890040074227e+00 1.672488652052964708e-01
1.235162470120555911e+00 1.679377593994970108e-01
1.246631039046874889e+00 1.686425934045559516e-01
1.258126911964788874e+00 1.693632257383956286e-01
1.269650406566570577e+00 1.700992892295025705e-01
1.281201843129320173e+00 1.708499415995581583e-01
1.292781544553817996e+00 1.716144558725165858e-01
1.304389836403941239e+00 1.723918121002052661e-01
1.316027046946637080e+00 1.731812820112865192e-01
1.327693507192476696e+00 1.739825442892158902e-01
1.339389550936796125e+00 1.747951772515906610e-01
1.351115514801436435e+00 1.756187602066898723e-01
1.362871738277095179e+00 1.764526204799015119e-01
1.374658563766295805e+00 1.772956920190741914e-01
1.386476336626997652e+00 1.781469008094073159e-01
1.398325405216850559e+00 1.790050245626071124e-01
1.410206120938107599e+00 1.798686803213440655e-01
1.422118838283209508e+00 1.807361818349165206e-01
1.434063914881057000e+00 1.816058490711830731e-01
1.446041711543979202e+00 1.824763492460519387e-01
1.458052592315416618e+00 1.833470842211505913e-01
1.470096924518328407e+00 1.842178899304996453e-01
1.482175078804341739e+00 1.850889212639937331e-01
1.494287429203654982e+00 1.859602124961436953e-01
1.506434353175713392e+00 1.868314888120868877e-01
1.518616231660660620e+00 1.877022733319313463e-01
1.530833449131608681e+00 1.885720086730009459e-01
1.543086393647707277e+00 1.894399210900149788e-01
1.555375456908052678e+00 1.903051671620956675e-01
1.567701034306447028e+00 1.911668459740952508e-01
1.580063524987019630e+00 1.920241149713851070e-01
1.592463331900736190e+00 1.928760714005505195e-01
1.604900861862805117e+00 1.937218668390620624e-01
1.617376525611005755e+00 1.945603322099386523e-01
1.629890737864948091e+00 1.953903420265947211e-01
1.642443917386300800e+00 1.962112244331311595e-01
1.655036487039980742e+00 1.970227653832088421e-01
1.667668873856345213e+00 1.978247264879346712e-01
1.680341509094400276e+00 1.986167524202200330e-01
1.693054828306040926e+00 1.993979433375565602e-01
1.705809271401351079e+00 2.001665886792957094e-01
1.718605282714980920e+00 2.009212418968753522e-01
1.731443311073621594e+00 2.016614039712096851e-01
1.744323809864610997e+00 2.023875848601229821e-01
1.757247237105675541e+00 2.030999261596765915e-01
1.770214055515848983e+00 2.037974753884933266e-01
1.783224732587580741e+00 2.044787036753905884e-01
1.796279740660062352e+00 2.051432187250574746e-01
1.809379556993800708e+00 2.057902880354681163e-01
1.822524663846453397e+00 2.064193461374389249e-01
1.835715548549968767e+00 2.070300986981231106e-01
1.848952703589041624e+00 2.076217071628823629e-01
1.862236626680921825e+00 2.081934160306133652e-01
1.875567820856598900e+00 2.087450417697458982e-01
1.888946794543396868e+00 2.092770052029507277e-01
1.902374061649005244e+00 2.097895474791937331e-01
1.915850141646975535e+00 2.102829399172894687e-01
1.929375559663716988e+00 2.107560466265631371e-01
1.942950846567024437e+00 2.112068410236500882e-01
1.956576539056166242e+00 2.116330109223488465e-01
1.970253179753570727e+00 2.120323774340031608e-01
1.983981317298132430e+00 2.124044359283017158e-01
1.997761506440205892e+00 2.127504282283573245e-01
2.011594308138276332e+00 2.130721103983696796e-01
2.025480289657382471e+00 2.133708495914846126e-01
2.039420024669305942e+00 2.136462987722363427e-01
2.053414093354583247e+00 2.138969106631862516e-01
2.067463082506361793e+00 2.141204157684650500e-01
2.081567585636154405e+00 2.143150016235858546e-01
2.095728203081529628e+00 2.144805299228342843e-01
2.109945542115771566e+00 2.146168871480528539e-01
2.124220217059573645e+00 2.147248799282968079e-01
2.138552849394784072e+00 2.148051600282932516e-01
2.152944067880272261e+00 2.148575557484496135e-01
2.167394508669943765e+00 2.148813975372881879e-01
2.181904815432972988e+00 2.148768961528385035e-01
2.196475639476278996e+00 2.148435868795694204e-01
2.211107639869315911e+00 2.147811859687309421e-01
2.225801483571211214e+00 2.146899140621830460e-01
2.240557845560325667e+00 2.145687553922167035e-01
2.255377408966268149e+00 2.144166256552550442e-01
2.270260865204440481e+00 2.142319100192338066e-01
2.285208914113143308e+00 2.140151796647116189e-01
2.300222264093344737e+00 2.137685896669372643e-01
2.315301632251118846e+00 2.134938434230783388e-01
2.330447744542859301e+00 2.131915055957483429e-01
2.345661335923311608e+00 2.128605178056061920e-01
2.360943150496495946e+00 2.124992744083855634e-01
2.376293941669568088e+00 2.121062676037202832e-01
2.391714472309731221e+00 2.116810651672694776e-01
2.407205514904206645e+00 2.112244356039418847e-01
2.422767851723407695e+00 2.107366540493828544e-01
2.438402274987316432e+00 2.102182429093852334e-01
2.454109587035200768e+00 2.096697717470535904e-01
2.469890600498723998e+00 2.090911775397212569e-01
2.485746138478509337e+00 2.084832495245622641e-01
2.501677034724291371e+00 2.078452672898445652e-01
2.517684133818678394e+00 2.071767356118473791e-01
2.533768291364664638e+00 2.064769127259198922e-01
2.549930374176959891e+00 2.057452562842793653e-01
2.566171260477213334e+00 2.049822492533409091e-01
2.582491840093254609e+00 2.041891263832310011e-01
2.598893014662444489e+00 2.033669780870563382e-01
2.615375697839199987e+00 2.025171708343850852e-01
2.631940815506855991e+00 2.016419985177227148e-01
2.648589305993903409e+00 2.007428734467293363e-01
2.665322120294779218e+00 1.998189529944702225e-01
2.682140222295247955e+00 1.988679422905537120e-01
2.699044589002565164e+00 1.978873090093388742e-01
2.716036210780464977e+00 1.968773381103897102e-01
2.733116091589157026e+00 1.958386004925974644e-01
2.750285249230413953e+00 1.947722017764558222e-01
2.767544715597911598e+00 1.936788874152899353e-01
2.784895536932901372e+00 1.925596202676387869e-01
2.802338774085429751e+00 1.914171638974354051e-01
2.819875502781155063e+00 1.902526221164080322e-01
2.837506813893987179e+00 1.890653322124483948e-01
2.855233813724622927e+00 1.878539816845128385e-01
2.873057624285204170e+00 1.866175982434563063e-01
2.890979383590180252e+00 1.853559703290193483e-01
2.909000245953595520e+00 1.840697178941644307e-01
2.927121382292947160e+00 1.827609278080329913e-01
2.945343980439754095e+00 1.814313254139461873e-01
2.963669245457068335e+00 1.800832104267550693e-01
2.982098399964077995e+00 1.787171643398472454e-01
3.000632684467967159e+00 1.773329559972009750e-01
3.019273357703287086e+00 1.759283157981990919e-01
3.038021696978962627e+00 1.745022471220667448e-01
3.056878998533198555e+00 1.730549096455376579e-01
3.075846577896470535e+00 1.715897091196924573e-01
3.094925770262794362e+00 1.701113584937517798e-01
3.114117930869559014e+00 1.686213051797270657e-01
3.133424435386071849e+00 1.671162490256408728e-01
3.152846680311138350e+00 1.655929020977257859e-01
3.172386083379844290e+00 1.640516462411584775e-01
3.192044083979846292e+00 1.624943231039696623e-01
3.211822143577407918e+00 1.609227235852953575e-01
3.231721746153457975e+00 1.593385344690453065e-01
3.251744398649921930e+00 1.577415590786155064e-01
3.271891631426665281e+00 1.561300618738597767e-01
3.292164998729279368e+00 1.545047589675714317e-01
3.312566079168071553e+00 1.528676328391035399e-01
3.333096476208521786e+00 1.512201106561696373e-01
3.353757818673582580e+00 1.495650931511987580e-01
3.374551761258096416e+00 1.479070416146744671e-01
3.395479985055740446e+00 1.462457999607560954e-01
3.416544198098793395e+00 1.445761625574885079e-01
3.437746135911136314e+00 1.428932817804869360e-01
3.459087562074850908e+00 1.411978585629483640e-01
3.480570268810810663e+00 1.394953225479125813e-01
3.502196077573649369e+00 1.377925046951016530e-01
3.523966839661581307e+00 1.360922764948104824e-01
3.545884436841424847e+00 1.343905634763477019e-01
3.567950781989368547e+00 1.326828582795964995e-01
3.590167819747851929e+00 1.309693180723818240e-01
3.612537527199123133e+00 1.292531669754470869e-01
3.635061914555887341e+00 1.275373637827949547e-01
3.657743025869628628e+00 1.258210460659413554e-01
3.680582939757102157e+00 1.241006621979837271e-01
3.703583770145510101e+00 1.223766729353660959e-01
3.726747667036997225e+00 1.206532427979988692e-01
3.750076817293014120e+00 1.189331335554618119e-01
3.773573445439117879e+00 1.172162039502522846e-01
3.797239814490932730e+00 1.155032893974596298e-01
3.821078226801799538e+00 1.137945272276676134e-01
3.845091024932894896e+00 1.120868388944716576e-01
3.869280592546462394e+00 1.103787366449250074e-01
3.893649355322847061e+00 1.086744337456036769e-01
3.918199781902168777e+00 1.069783260073746967e-01
3.942934384851307872e+00 1.052888614362844644e-01
3.967855721657088441e+00 1.036054692089535545e-01
3.992966395746416985e+00 1.019276948448722964e-01
4.018269057534300082e+00 1.002523822046680613e-01
4.043766405500584860e+00 9.858248314844791915e-02
4.069461187296391280e+00 9.692395131821139598e-02
4.095356200881122177e+00 9.527456788704741220e-02
4.121454295691163061e+00 9.363032970536075417e-02
4.147758373841154089e+00 9.199384718270095518e-02
4.174271391359062555e+00 9.036954606592678685e-02
4.200996359456013352e+00 8.875852227907921055e-02
4.227936345832168819e+00 8.715696689916185846e-02
4.255094476019727345e+00 8.556281769499395062e-02
4.282473934764413848e+00 8.397831745800135583e-02
4.310077967446587444e+00 8.240745032879961962e-02
4.337909881543510870e+00 8.085387881073041738e-02
4.365973048133954926e+00 7.931556513996976254e-02
4.394270903446770404e+00 7.778423484134758259e-02
4.422806950454781116e+00 7.625892738144889049e-02
4.451584760515686412e+00 7.474485527531539442e-02
4.480607975061463577e+00 7.324705167264507211e-02
4.509880307338105077e+00 7.176721122684909249e-02
4.539405544197283149e+00 7.030272493407273282e-02
4.569187547941903738e+00 6.885392772273719875e-02
4.599230258227382961e+00 6.741565670853501280e-02
4.629537694020593008e+00 6.598883417574805121e-02
4.660113955618596648e+00 6.457895866646434779e-02
4.690963226729293112e+00 6.318309841262889637e-02
4.722089776616123835e+00 6.180392718273278879e-02
4.753497962309302771e+00 6.044083848452974639e-02
4.785192230885826348e+00 5.909335813965549411e-02
4.817177121820895636e+00 5.775904845334537546e-02
4.849457269413340654e+00 5.644166382059276343e-02
4.882037405287709575e+00 5.514611606027602919e-02
4.914922360976011539e+00 5.386713253573911092e-02
4.948117070581908195e+00 5.259565109526324889e-02
4.981626573530626878e+00 5.133958374240315398e-02
5.015456017407652567e+00 5.010363903223057080e-02
5.049610660889745972e+00 4.888780686013424054e-02
5.084095876771596245e+00 4.769099151890569127e-02
5.118917155092026050e+00 4.650741648499526204e-02
5.154080106363324809e+00 4.534152975146904518e-02
5.189590464907923639e+00 4.419761873360651683e-02
5.225454092306433651e+00 4.306878714822067605e-02
5.261676980961550676e+00 4.195186806391672241e-02
5.298265257782244220e+00 4.085321711485301321e-02
5.335225187993163587e+00 3.977358191314628311e-02
5.372563179074077766e+00 3.871189900464547251e-02
5.410285784834729661e+00 3.767000039890696511e-02
5.448399709630405319e+00 3.664379077464659240e-02
5.486911812724086346e+00 3.563490276944726587e-02
5.525829112800970222e+00 3.464339410093304761e-02
5.565158792641854646e+00 3.366913054859396043e-02
5.604908203961667112e+00 3.271160044911356618e-02
5.645084872420248701e+00 3.177239399965693656e-02
5.685696502812371378e+00 3.084904854082606146e-02
5.726750984444712422e+00 2.994292814754085513e-02
5.768256396707492684e+00 2.905412989800323920e-02
5.810221014849253685e+00 2.818303935180183767e-02
5.852653315963272540e+00 2.732894859914552360e-02
5.895561985194872179e+00 2.649236942890871235e-02
5.938955922179146363e+00 2.567386781334507484e-02
5.982844247719065756e+00 2.486937682677495959e-02
6.027236310714632950e+00 2.408267146049712648e-02
6.072141695354100754e+00 2.331310587602329967e-02
6.117570228578833813e+00 2.255879417351129568e-02
6.163531987834188541e+00 2.182217143260311437e-02
6.210037309119105231e+00 2.110126984299792730e-02
6.257096795348075169e+00 2.039554358376368531e-02
6.304721325039668756e+00 1.970481143674651658e-02
6.352922061346506943e+00 1.903168759925696896e-02
6.401710461442654321e+00 1.837575998464397939e-02
6.451098286284771888e+00 1.773079226772595815e-02
6.501097610764786872e+00 1.710259243730822068e-02
6.551720834272277472e+00 1.649075382467568573e-02
6.602980691686179959e+00 1.589595568604860315e-02
6.654890264816202716e+00 1.531552091521486483e-02
6.707462994315653404e+00 1.474694739486476572e-02
6.760712692088343800e+00 1.419453940406487959e-02
6.814653554213885300e+00 1.365400412102615868e-02
6.869300174416541616e+00 1.312988140546808569e-02
6.924667558104775189e+00 1.261972902587818815e-02
6.980771137009639027e+00 1.212379867272281309e-02
7.037626784452278628e+00 1.164208875340963859e-02
7.095250831272059244e+00 1.116962474283167417e-02
7.153660082449184721e+00 1.071288142921622555e-02
7.212871834457117437e+00 1.027070588475035608e-02
7.272903893382699714e+00 9.838812444173863220e-03
7.333774593853726209e+00 9.423276934300384849e-03
7.395502818816384050e+00 9.017387194423652497e-03
7.458108020207268929e+00 8.625503213812169001e-03
7.521610240567749628e+00 8.244115910656008711e-03
7.586030135650939421e+00 7.876419863208234881e-03
7.651388998075133507e+00 7.519019221630056371e-03
7.717708782080382690e+00 7.172275976093969198e-03
7.785012129448951157e+00 6.838640863865731549e-03
7.853322396653874549e+00 6.515122908487238490e-03
7.922663683303971638e+00 6.203163970222979468e-03
7.993060861958362295e+00 5.899087554334479268e-03
8.064539609387720631e+00 5.608999783429148740e-03
8.137126439365120589e+00 5.325453545929639994e-03
8.210848737074378789e+00 5.055818919197489943e-03
8.285734795229668492e+00 4.793371893338802502e-03
8.361813852006719117e+00 4.543196986157790190e-03
8.439116130892415413e+00 4.300126797930919724e-03
8.517672882566811765e+00 4.066560843399228374e-03
8.597516428939853128e+00 3.844070227633612259e-03
8.678680209472870999e+00 3.628095023623831641e-03
8.761198829924738973e+00 3.421819310172461923e-03
8.845108113671690475e+00 3.224721739603176283e-03
8.930445155761116638e+00 3.035505361243519013e-03
9.017248379870389741e+00 2.855097365976086259e-03
9.105557598354891979e+00 2.681058523329030337e-03
9.195414075582201363e+00 2.515652987719720415e-03
9.286860594764410948e+00 2.355719806309440265e-03
9.379941528515811200e+00 2.204964153094923253e-03
9.474702913380864899e+00 2.059749955091938738e-03
9.571192528595130256e+00 1.922651555702766836e-03
9.669459979362780899e+00 1.792923778429174938e-03
9.769556784955327089e+00 1.668164741032944617e-03
9.871536471960840942e+00 1.548814910934035588e-03
9.975454673037942754e+00 1.437303157587386084e-03
1.008136923155793063e+01 1.332060856585062358e-03
1.018934031254830330e+01 1.231907026276442361e-03
1.029943052038522566e+01 1.137568751997289351e-03
1.041170502371859463e+01 1.047961965676249066e-03
1.052623168815380517e+01 9.641212831495123755e-04
1.064308121725768252e+01 8.862758108168220569e-04
1.076232730250476877e+01 8.105978978249926605e-04
1.088404678283179194e+01 7.406196028274523221e-04
1.100831981452695096e+01 6.755577335487004302e-04
1.113523005224294415e+01 6.146864429907829752e-04
1.126486484199331350e+01 5.582234983163394167e-04
1.139731542706779699e+01 5.048061631455348468e-04
1.153267716788676189e+01 4.559439296947947768e-04
1.167104977690866718e+01 4.108177287114656885e-04
1.181253756980620828e+01 3.688973593743654191e-04
1.195724973424156268e+01 3.298216423444297069e-04
1.210530061769597765e+01 2.950930842431376006e-04
1.225681003594877438e+01 2.619308346873517419e-04
1.241190360395464154e+01 2.320729847444064032e-04
1.257071309104042101e+01 2.048864974704666113e-04
1.273337680253192516e+01 1.802355293914431156e-04
1.290003999013476133e+01 1.577895260392379699e-04
1.307085529362815102e+01 1.377471228371651300e-04
1.324598321669588152e+01 1.195662140469037232e-04
1.342559264001181063e+01 1.033561395463059116e-04
1.360986137502873916e+01 8.875381816174819844e-05
1.379897676228727654e+01 7.586632545436653580e-05
1.399313631847826045e+01 6.452257037803957535e-05
1.419254843695589230e+01 5.443150130630691221e-05
1.439743314692606369e+01 4.578544189880800141e-05
1.460802293712368716e+01 3.814111483993218001e-05
1.482456365046278535e+01 3.155074543700826421e-05
1.504731545689699779e+01 2.597514522566810122e-05
1.527655391258613626e+01 2.119506125567034558e-05
1.551257111443440273e+01 1.719349961679546144e-05
1.575567696017295916e+01 1.375315392008140115e-05
1.600620052541652782e+01 1.091123421395189070e-05
1.626449157056262607e+01 8.576569243099655646e-06
1.653092219204418001e+01 6.663219241122795874e-06
1.680588863433074565e+01 5.085024287687588446e-06
1.708981328123576660e+01 3.909677284832299863e-06
1.738314684757837725e+01 2.891943485840877012e-06
1.768637079511793431e+01 2.157718079676154791e-06
1.800000000000201084e+01 8.040240394818251724e-07
