-1.800000000000201084e+01 2.280517843674000977e-08
-1.768637079511795918e+01 3.962068863365329188e-08
-1.738314684757837725e+01 7.867672191878186972e-08
-1.708981328123576660e+01 1.161204377199849739e-07
-1.680588863433072433e+01 1.494319265542221084e-07
-1.653092219204418001e+01 2.004449829605384659e-07
-1.626449157056260830e+01 2.329838906798843243e-07
-1.600620052541652782e+01 3.159574820171683550e-07
-1.575567696017295916e+01 4.100957968971009550e-07
-1.551257111443442049e+01 4.729908059022704116e-07
-1.527655391258613626e+01 6.041822336567229625e-07
-1.504731545689701200e+01 7.173767809730917271e-07
-1.482456365046278535e+01 8.844463658733521714e-07
-1.460802293712368716e+01 1.071420766246208940e-06
-1.439743314692604947e+01 1.203917257775408105e-06
-1.419254843695589230e+01 1.459099377334795383e-06
-1.399313631847824624e+01 1.704937367804155607e-06
-1.379897676228727654e+01 1.989959708689115049e-06
-1.360986137502872673e+01 2.256003669318423984e-06
-1.342559264001182306e+01 2.666697322471403954e-06
-1.324598321669588152e+01 3.045464839230877397e-06
-1.307085529362816168e+01 3.361122829469243980e-06
-1.290003999013476133e+01 3.830454640281353635e-06
-1.273337680253193582e+01 4.271474117925543284e-06
-1.257071309104041035e+01 4.813846813852142947e-06
-1.241190360395464154e+01 5.417313241366948926e-06
-1.225681003594876195e+01 5.866353360641251027e-06
-1.210530061769597765e+01 6.582371396142995117e-06
-1.195724973424155202e+01 7.329959775536009652e-06
-1.181253756980619762e+01 8.040338337399249364e-06
-1.167104977690866718e+01 8.727505100962482852e-06
-1.153267716788677255e+01 9.524669606162414030e-06
-1.139731542706779699e+01 1.034983459092748911e-05
-1.126486484199332239e+01 1.118577881584094409e-05
-1.113523005224293527e+01 1.216924119949327339e-05
-1.100831981452695096e+01 1.315629927854783027e-05
-1.088404678283180083e+01 1.417859877831974190e-05
-1.076232730250476877e+01 1.529358221264968428e-05
-1.064308121725769141e+01 1.632583112588764624e-05
-1.052623168815380517e+01 1.737476259278157584e-05
-1.041170502371859463e+01 1.852286148769174035e-05
-1.029943052038521678e+01 1.964792134762077943e-05
-1.018934031254830330e+01 2.087268490088351459e-05
-1.008136923155793951e+01 2.231693130190047362e-05
-9.975454673037956965e+00 2.360191517865042212e-05
-9.871536471960840942e+00 2.485254770201220076e-05
-9.769556784955334194e+00 2.577729815647893463e-05
-9.669459979362780899e+00 2.765678487177821397e-05
-9.571192528595137361e+00 2.908060030200491567e-05
-9.474702913380864899e+00 3.066076819654625223e-05
-9.379941528515811200e+00 3.230131037940413876e-05
-9.286860594764403842e+00 3.367137755559945203e-05
-9.195414075582201363e+00 3.513951717889015101e-05
-9.105557598354884874e+00 3.677369355698097923e-05
-9.017248379870389741e+00 3.826333914764982661e-05
-8.930445155761116638e+00 3.999081340972681004e-05
-8.845108113671695804e+00 4.162614769132601765e-05
-8.761198829924738973e+00 4.311884415657683714e-05
-8.678680209472876328e+00 4.479110646875032530e-05
-8.597516428939853128e+00 4.644962130909195225e-05
-8.517672882566811765e+00 4.828287580778218224e-05
-8.439116130892410084e+00 4.999742139495891454e-05
-8.361813852006719117e+00 5.176162255200656337e-05
-8.285734795229661387e+00 5.324608395857765745e-05
-8.210848737074378789e+00 5.495490704017299438e-05
-8.137126439365120589e+00 5.687648186527162459e-05
-8.064539609387715302e+00 5.863127465391195376e-05
-7.993060861958362295e+00 6.048692141790027517e-05
-7.922663683303976967e+00 6.233467517054600763e-05
-7.853322396653874549e+00 6.398797709011812057e-05
-7.785012129448951157e+00 6.558210697703859286e-05
-7.717708782080378249e+00 6.713298279936907506e-05
-7.651388998075133507e+00 6.905909027893816494e-05
-7.586030135650944750e+00 7.064671697853928413e-05
-7.521610240567749628e+00 7.227031920732247794e-05
-7.458108020207273370e+00 7.443124878533215812e-05
-7.395502818816379609e+00 7.621463238946646194e-05
-7.333774593853726209e+00 7.797727126951749851e-05
-7.272903893382695273e+00 7.982372892044324912e-05
-7.212871834457117437e+00 8.176651109915384686e-05
-7.153660082449187385e+00 8.329544799730870534e-05
-7.095250831272068126e+00 8.503951869579795260e-05
-7.037626784452278628e+00 8.677059553350836927e-05
-6.980771137009643468e+00 8.833440079085890038e-05
-6.924667558104775189e+00 8.975715870422855262e-05
-6.869300174416541616e+00 9.175418328981389837e-05
-6.814653554213885300e+00 9.343639678273488744e-05
-6.760712692088343800e+00 9.507946796153478623e-05
-6.707462994315648963e+00 9.707851847123985306e-05
-6.654890264816202716e+00 9.860969888897367524e-05
-6.602980691686176407e+00 1.001628375784368045e-04
-6.551720834272277472e+00 1.015721708754693418e-04
-6.501097610764786872e+00 1.028015645701889596e-04
-6.451098286284775440e+00 1.039521899656280365e-04
-6.401710461442654321e+00 1.060698130981217003e-04
-6.352922061346510496e+00 1.083825714347575923e-04
-6.304721325039668756e+00 1.102025755712809978e-04
-6.257096795348075169e+00 1.118485726828141654e-04
-6.210037309119101678e+00 1.133441645322639298e-04
-6.163531987834188541e+00 1.149758213268728489e-04
-6.117570228578837366e+00 1.163185006382183475e-04
-6.072141695354100754e+00 1.177063093378614522e-04
-6.027236310714632950e+00 1.191244954054267169e-04
-5.982844247719062203e+00 1.207353240804326985e-04
-5.938955922179146363e+00 1.222951484134268598e-04
-5.895561985194874843e+00 1.237167657526841143e-04
-5.852653315963272540e+00 1.248826767328679735e-04
-5.810221014849253685e+00 1.258829663633197812e-04
-5.768256396707496236e+00 1.272506804582226219e-04
-5.726750984444712422e+00 1.288562778082541038e-04
-5.685696502812374042e+00 1.305281909028539441e-04
-5.645084872420248701e+00 1.317505942673005204e-04
-5.604908203961667112e+00 1.329412774133359280e-04
-5.565158792641851981e+00 1.342827882127152570e-04
-5.525829112800970222e+00 1.356146582231248967e-04
-5.486911812724083681e+00 1.369392069569345385e-04
-5.448399709630409760e+00 1.383262534175499418e-04
-5.410285784834729661e+00 1.395062502712452314e-04
-5.372563179074079542e+00 1.405980374531122241e-04
-5.335225187993163587e+00 1.417756834513381572e-04
-5.298265257782246884e+00 1.429692207321653537e-04
-5.261676980961550676e+00 1.441819273762801328e-04
-5.225454092306433651e+00 1.456346348069894269e-04
-5.189590464907923639e+00 1.470672031411666958e-04
-5.154080106363324809e+00 1.480497272187098975e-04
-5.118917155092023386e+00 1.489230110068107214e-04
-5.084095876771596245e+00 1.499620737192441271e-04
-5.049610660889740643e+00 1.510392630172474149e-04
-5.015456017407655231e+00 1.521479917536214385e-04
-4.981626573530626878e+00 1.533496623738716245e-04
-4.948117070581910859e+00 1.545494797150271423e-04
-4.914922360976011539e+00 1.557468767532374846e-04
-4.882037405287712239e+00 1.569616817461328036e-04
-4.849457269413337102e+00 1.580659120999000687e-04
-4.817177121820895636e+00 1.588568774992075994e-04
-4.785192230885824571e+00 1.595444949055588790e-04
-4.753497962309302771e+00 1.603431372201486209e-04
-4.722089776616123835e+00 1.613115937899633535e-04
-4.690963226729293112e+00 1.624089334596810058e-04
-4.660113955618596648e+00 1.634102274297484373e-04
-4.629537694020590344e+00 1.643194586933964269e-04
-4.599230258227382961e+00 1.653444750701088973e-04
-4.569187547941903738e+00 1.663747962720415520e-04
-4.539405544197283149e+00 1.672410930538424027e-04
-4.509880307338105077e+00 1.680206867842400813e-04
-4.480607975061465353e+00 1.687886286461640528e-04
-4.451584760515686412e+00 1.695002217286692523e-04
-4.422806950454783781e+00 1.701029990594208230e-04
-4.394270903446768628e+00 1.706636425284034100e-04
-4.365973048133954926e+00 1.713232614045145431e-04
-4.337909881543509094e+00 1.721186204715903609e-04
-4.310077967446587444e+00 1.729061804212223561e-04
-4.282473934764412071e+00 1.736351659665016640e-04
-4.255094476019731786e+00 1.745164028169182702e-04
-4.227936345832168819e+00 1.755310394684152545e-04
-4.200996359456015128e+00 1.763611324634193711e-04
-4.174271391359062555e+00 1.769604298562061175e-04
-4.147758373841154089e+00 1.775804428735831472e-04
-4.121454295691163061e+00 1.783287020894956220e-04
-4.095356200881122177e+00 1.790109784576017341e-04
-4.069461187296388616e+00 1.795908113905600532e-04
-4.043766405500584860e+00 1.801843088900413744e-04
-4.018269057534298305e+00 1.807774296055967775e-04
-3.992966395746416985e+00 1.813112793897500769e-04
-3.967855721657088441e+00 1.818831901951999824e-04
-3.942934384851309204e+00 1.825484258966647382e-04
-3.918199781902168777e+00 1.831569211265320844e-04
-3.893649355322847061e+00 1.836120073721776735e-04
-3.869280592546462394e+00 1.840140753508909223e-04
-3.845091024932894896e+00 1.845231376697613823e-04
-3.821078226801797317e+00 1.851369365492996173e-04
-3.797239814490932730e+00 1.857356151350009026e-04
-3.773573445439120100e+00 1.862920512289928203e-04
-3.750076817293014120e+00 1.868107965479009981e-04
-3.726747667036997225e+00 1.872004270132178049e-04
-3.703583770145510101e+00 1.874298183926713910e-04
-3.680582939757102157e+00 1.877084041059977142e-04
-3.657743025869630404e+00 1.882146002104550381e-04
-3.635061914555887341e+00 1.888041630876498473e-04
-3.612537527199123133e+00 1.892549401707271602e-04
-3.590167819747855482e+00 1.895866208081341720e-04
-3.567950781989368547e+00 1.899589763825208679e-04
-3.545884436841426179e+00 1.903793892882516599e-04
-3.523966839661581307e+00 1.907210107181621763e-04
-3.502196077573649369e+00 1.909990277061006977e-04
-3.480570268810808887e+00 1.913407732435713803e-04
-3.459087562074850908e+00 1.917903718103065609e-04
-3.437746135911134981e+00 1.923298579732464931e-04
-3.416544198098792506e+00 1.928965278356667944e-04
-3.395479985055740890e+00 1.933767281652380536e-04
-3.374551761258098193e+00 1.937343967669526656e-04
-3.353757818673582580e+00 1.940306958125655895e-04
-3.333096476208523118e+00 1.942969697352393452e-04
-3.312566079168071553e+00 1.945047599119576528e-04
-3.292164998729279812e+00 1.946679350429136868e-04
-3.271891631426664837e+00 1.948669627798860628e-04
-3.251744398649922374e+00 1.951221374541779697e-04
-3.231721746153456643e+00 1.953733963815419705e-04
-3.211822143577407918e+00 1.956095561663885954e-04
-3.192044083979844071e+00 1.958966762020577092e-04
-3.172386083379843402e+00 1.962655060710103393e-04
-3.152846680311138350e+00 1.966551640662822411e-04
-3.133424435386072737e+00 1.970093071565018903e-04
-3.114117930869558570e+00 1.973315990875087935e-04
-3.094925770262795250e+00 1.976065689551596968e-04
-3.075846577896469647e+00 1.978041523950960191e-04
-3.056878998533198555e+00 1.979917021182509994e-04
-3.038021696978961295e+00 1.982880295271748365e-04
-3.019273357703287086e+00 1.987088362579120075e-04
-3.000632684467968048e+00 1.991648804824836818e-04
-2.982098399964077995e+00 1.995399937022037350e-04
-2.963669245457069223e+00 1.997226810335099643e-04
-2.945343980439752762e+00 1.996941464967894064e-04
-2.927121382292947160e+00 1.996126619648642974e-04
-2.909000245953597297e+00 1.996641947118677006e-04
-2.890979383590179363e+00 1.998595835009988058e-04
-2.873057624285205058e+00 2.000847250033059295e-04
-2.855233813724623815e+00 2.002716860467562633e-04
-2.837506813893987179e+00 2.004038502231994469e-04
-2.819875502781155951e+00 2.004535771355658597e-04
-2.802338774085429751e+00 2.004316960028426457e-04
-2.784895536932901372e+00 2.004338230934182353e-04
-2.767544715597910265e+00 2.005601963151994389e-04
-2.750285249230413953e+00 2.008275920692076193e-04
-2.733116091589155250e+00 2.011796060522032204e-04
-2.716036210780464089e+00 2.015337517603557312e-04
-2.699044589002566052e+00 2.018211569305060024e-04
-2.682140222295249732e+00 2.020062063523045642e-04
-2.665322120294779662e+00 2.020671011621697345e-04
-2.648589305993904297e+00 2.019906441843272551e-04
-2.631940815506855547e+00 2.018241189886021449e-04
-2.615375697839200431e+00 2.017021364351580129e-04
-2.598893014662444045e+00 2.017535804373643419e-04
-2.582491840093254609e+00 2.019954098880038617e-04
-2.566171260477212002e+00 2.023572602530713323e-04
-2.549930374176959447e+00 2.027625268935917123e-04
-2.533768291364664638e+00 2.031224175270603680e-04
-2.517684133818677505e+00 2.033112917562991792e-04
-2.501677034724291371e+00 2.032578380324339838e-04
-2.485746138478510670e+00 2.030453055985925249e-04
-2.469890600498723998e+00 2.028446359979919130e-04
-2.454109587035200768e+00 2.027548257383915940e-04
-2.438402274987315543e+00 2.027377369222697141e-04
-2.422767851723407695e+00 2.026907742049140443e-04
-2.407205514904207533e+00 2.025581345380740757e-04
-2.391714472309731221e+00 2.024030319515057654e-04
-2.376293941669569421e+00 2.023883968253135902e-04
-2.360943150496495058e+00 2.026515607080410953e-04
-2.345661335923311608e+00 2.031677901422921729e-04
-2.330447744542858413e+00 2.037542969742666852e-04
-2.315301632251118846e+00 2.042199870568521102e-04
-2.300222264093345625e+00 2.044887794788273071e-04
-2.285208914113144640e+00 2.045942474380424946e-04
-2.270260865204440481e+00 2.046114755801596412e-04
-2.255377408966269037e+00 2.046020381377713329e-04
-2.240557845560325223e+00 2.045910938248331635e-04
-2.225801483571210770e+00 2.045770620751764096e-04
-2.211107639869315467e+00 2.045584097373068840e-04
-2.196475639476279440e+00 2.045486739818629216e-04
-2.181904815432973432e+00 2.045644518932535722e-04
-2.167394508669943320e+00 2.046117114758071935e-04
-2.152944067880271817e+00 2.046788982033619423e-04
-2.138552849394784516e+00 2.047386064924515197e-04
-2.124220217059574090e+00 2.047654255319094957e-04
-2.109945542115772454e+00 2.047591872376675862e-04
-2.095728203081529628e+00 2.047512719272068585e-04
-2.081567585636154849e+00 2.047813242377448243e-04
-2.067463082506362237e+00 2.048681159135929374e-04
-2.053414093354584136e+00 2.050023545854732338e-04
-2.039420024669305942e+00 2.051652602469823217e-04
-2.025480289657382471e+00 2.053446816731826813e-04
-2.011594308138276332e+00 2.055368791930577176e-04
-1.997761506440205226e+00 2.057388635876475607e-04
-1.983981317298131319e+00 2.059412784458930913e-04
-1.970253179753569617e+00 2.061295895388596427e-04
-1.956576539056167352e+00 2.062913988567675134e-04
-1.942950846567025547e+00 2.064247420157326314e-04
-1.929375559663717654e+00 2.065383136830465857e-04
-1.915850141646975535e+00 2.066430811989478544e-04
-1.902374061649005244e+00 2.067439675305588810e-04
-1.888946794543396868e+00 2.068352924470409431e-04
-1.875567820856598900e+00 2.069037927687718335e-04
-1.862236626680921825e+00 2.069427779524711584e-04
-1.848952703589041180e+00 2.069641271370882031e-04
-1.835715548549967879e+00 2.069936373383262545e-04
-1.822524663846452730e+00 2.070485682715575101e-04
-1.809379556993800708e+00 2.071223016316576528e-04
-1.796279740660062796e+00 2.071942998341274786e-04
-1.783224732587581407e+00 2.072538132699849823e-04
-1.770214055515849871e+00 2.073091367037506721e-04
-1.757247237105675541e+00 2.073777241176253078e-04
-1.744323809864610553e+00 2.074760581291073256e-04
-1.731443311073621372e+00 2.076154206138484080e-04
-1.718605282714980698e+00 2.078022469488336561e-04
-1.705809271401351745e+00 2.080349855894978264e-04
-1.693054828306041149e+00 2.082997419225777146e-04
-1.680341509094399610e+00 2.085698041091084019e-04
-1.667668873856344547e+00 2.088114106038862767e-04
-1.655036487039980519e+00 2.089928621596442624e-04
-1.642443917386301022e+00 2.090968584605312091e-04
-1.629890737864948980e+00 2.091336465509693572e-04
-1.617376525611005755e+00 2.091488831391592252e-04
-1.604900861862805783e+00 2.092154361505984747e-04
-1.592463331900736856e+00 2.094006603821163353e-04
-1.580063524987020074e+00 2.097243639027158762e-04
-1.567701034306447028e+00 2.101436286451125119e-04
-1.555375456908052678e+00 2.105843311370992829e-04
-1.543086393647707277e+00 2.109930003708967311e-04
-1.530833449131608237e+00 2.113652394122340493e-04
-1.518616231660659732e+00 2.117330043042422115e-04
-1.506434353175712282e+00 2.121314322251363843e-04
-1.494287429203655870e+00 2.125729917319643561e-04
-1.482175078804342627e+00 2.130414539869949380e-04
-1.470096924518329295e+00 2.135015366353320112e-04
-1.458052592315416618e+00 2.139166215109649023e-04
-1.446041711543979202e+00 2.142670408498290264e-04
-1.434063914881057000e+00 2.145606597751416171e-04
-1.422118838283209508e+00 2.148283907364020797e-04
-1.410206120938107599e+00 2.151067969370924185e-04
-1.398325405216850115e+00 2.154187221807527973e-04
-1.386476336626996986e+00 2.157666167055581423e-04
-1.374658563766294916e+00 2.161421764820974144e-04
-1.362871738277095179e+00 2.165436299356493554e-04
-1.351115514801437101e+00 2.169858211234908132e-04
-1.339389550936797013e+00 2.174951491355484241e-04
-1.327693507192477362e+00 2.180925880799048126e-04
-1.316027046946637080e+00 2.187788909163884449e-04
-1.304389836403941239e+00 2.195321401047972145e-04
-1.292781544553817996e+00 2.203180143697451674e-04
-1.281201843129320173e+00 2.211056951824804068e-04
-1.269650406566570577e+00 2.218779271889493329e-04
-1.258126911964788874e+00 2.226300776154598233e-04
-1.246631039046874889e+00 2.233628905919985926e-04
-1.235162470120555911e+00 2.240752134331875311e-04
-1.223720890040073339e+00 2.247658145120244306e-04
-1.212305986168408234e+00 2.254419530834605675e-04
-1.200917448340022453e+00 2.261243991533603127e-04
-1.189554968824123149e+00 2.268437501062778284e-04
-1.178218242288426865e+00 2.276254965508581738e-04
-1.166906965763418569e+00 2.284744324543753102e-04
-1.155620838607101852e+00 2.293731763219376829e-04
-1.144359562470215863e+00 2.302983356931590712e-04
-1.133122841261928526e+00 2.312428496130742770e-04
-1.121910381115985400e+00 2.322245393282389202e-04
-1.110721890357309283e+00 2.332735663171769513e-04
-1.099557079469039467e+00 2.344103729123078587e-04
-1.088415661060010642e+00 2.356346400561516350e-04
-1.077297349832647466e+00 2.369327761859610186e-04
-1.066201862551285018e+00 2.382960482598175391e-04
-1.055128918010896033e+00 2.397327590809640618e-04
-1.044078237006218046e+00 2.412646306824729205e-04
-1.033049542301277102e+00 2.429105329617887326e-04
-1.022042558599299822e+00 2.446695870917655409e-04
-1.011057012512998066e+00 2.465168553869746403e-04
-1.000092632535235726e+00 2.484137279582540690e-04
-9.891491490100537964e-01 2.503272180140609640e-04
-9.782262941040561488e-01 2.522466179857522223e-04
-9.673238017781481402e-01 2.541903498574921562e-04
-9.564414077596213870e-01 2.562011729407346044e-04
-9.455788495145712735e-01 2.583322291337956022e-04
-9.347358662206534108e-01 2.606295304270604706e-04
-9.239121987401626157e-01 2.631178600061476170e-04
-9.131075895934324116e-01 2.657966363073488263e-04
-9.023217829325496098e-01 2.686495321079462287e-04
-8.915545245153719822e-01 2.716605095507116405e-04
-8.808055616798529108e-01 2.748264235446863440e-04
-8.700746433186589135e-01 2.781603334313862948e-04
-8.593615198540814903e-01 2.816849840831540854e-04
-8.486659432132259706e-01 2.854176062700347670e-04
-8.379876668034880183e-01 2.893541819476335764e-04
-8.273264454882990337e-01 2.934642289220136774e-04
-8.166820355631438932e-01 2.977043471306520033e-04
-8.060541947318363709e-01 3.020456292199189788e-04
-7.954426820830584610e-01 3.064972818135348323e-04
-7.848472580671504994e-01 3.111102709294056678e-04
-7.742676844731486430e-01 3.159610595717868677e-04
-7.637037244060699281e-01 3.211285819151918743e-04
-7.531551422644284788e-01 3.266789764255302792e-04
-7.426217037179922986e-01 3.326614543944135267e-04
-7.321031756857663275e-01 3.391093118075499762e-04
-7.215993263142009839e-01 3.460440190964109717e-04
-7.111099249556180890e-01 3.534803578192805365e-04
-7.006347421468592795e-01 3.614336593125210082e-04
-6.901735495881351490e-01 3.699297165529782635e-04
-6.797261201220911042e-01 3.790164635929405435e-04
-6.692922277130706199e-01 3.887705688852506267e-04
-6.588716474265783329e-01 3.992974928682512664e-04
-6.484641554089376481e-01 4.107209616779767787e-04
-6.380695288671385246e-01 4.231651310946082912e-04
-6.276875460488731129e-01 4.367356659053346700e-04
-6.173179862227488046e-01 4.515052013560819219e-04
-6.069606296586862459e-01 4.675102223619282153e-04
-5.966152576084875481e-01 4.847643031875503651e-04
-5.862816522865772484e-01 5.032881110669062789e-04
-5.759595968509094721e-01 5.231507684587203806e-04
-5.656488753840412942e-01 5.445104176954116814e-04
-5.553492728743597562e-01 5.676390511572735036e-04
-5.450605751974718638e-01 5.929213032407922284e-04
-5.347825690977430213e-01 6.208276324512578253e-04
-5.245150421699888987e-01 6.518720486101772533e-04
-5.142577828413065211e-01 6.865782413189690106e-04
-5.040105803530536832e-01 7.254750397299141850e-04
-4.937732247429644228e-01 7.691313896155988362e-04
-4.835455068274036594e-01 8.182169473332418820e-04
-4.733272181837471781e-01 8.735578508371746528e-04
-4.631181511328986700e-01 9.361641924304710434e-04
-4.529180987219272314e-01 1.007236375996178098e-03
-4.427268547068332061e-01 1.088182923246057768e-03
-4.325442135354257145e-01 1.180677587262715872e-03
-4.223699703303245845e-01 1.286776571750522253e-03
-4.122039208720716941e-01 1.409087405294311406e-03
-4.020458615823537807e-01 1.550971222290917174e-03
-3.918955895073323314e-01 1.716764812603621942e-03
-3.817529023010813316e-01 1.912019007951835199e-03
-3.716175982091194929e-01 2.143784699263301917e-03
-3.614894760520483419e-01 2.421006324227977652e-03
-3.513683352092828449e-01 2.755114756263264165e-03
-3.412539756028758475e-01 3.160917301590286665e-03
-3.311461976814312758e-01 3.657884322939507302e-03
-3.210448024041094306e-01 4.271937515462150350e-03
-3.109495912247085547e-01 5.037894311553429982e-03
-3.008603660758366605e-01 6.002837116476412299e-03
-2.907769293531580201e-01 7.230862460651431289e-03
-2.806990838997174276e-01 8.809887411352693848e-03
-2.706266329903371237e-01 1.086142042111514806e-02
-2.605593803160889399e-01 1.355440499054294534e-02
-2.504971299688272257e-01 1.712444549206048466e-02
-2.404396864257955790e-01 2.189989658681373852e-02
-2.303868545342923901e-01 2.833618426965988854e-02
-2.203384394963986970e-01 3.705885389704093730e-02
-2.102942468537628840e-01 4.891329370656454650e-02
-2.002540824724450275e-01 6.501375250470978195e-02
-1.902177525278067050e-01 8.677507731453786011e-02
-1.801850634894590075e-01 1.158975837576703138e-01
-1.701558221062540455e-01 1.542617915748956126e-01
-1.601298353913264694e-01 2.036832680571735721e-01
-1.501069106071708514e-01 2.654913550723039251e-01
-1.400868552507662790e-01 3.399413950556182118e-01
-1.300694770387391397e-01 4.255511023676570859e-01
-1.200545838925550501e-01 5.185484154780048982e-01
-1.100419839237516545e-01 6.126895050698256684e-01
-1.000314854191983877e-01 6.996958847260199565e-01
-9.002289682638489610e-02 7.704301214666570141e-01
-8.001602673873924043e-02 8.166896411145525558e-01
-7.001068388096250150e-02 8.332146959534364461e-01
-6.000667709439190534e-02 8.192958245963730679e-01
-5.000381532237931775e-02 7.793490836916118214e-01
-4.000190759568706539e-02 7.220748016512265055e-01
-3.000076301789707939e-02 6.582905063307575855e-01
-2.000019075083557876e-02 5.980716466743927207e-01
-9.999999999999974187e-03 5.481968989637138190e-01
0.000000000000000000e+00 5.108528519317755423e-01
9.999999999999974187e-03 4.840498547676859165e-01
2.000019075083557876e-02 4.634423273423867728e-01
3.000076301789707939e-02 4.446311626047654286e-01
4.000190759568635068e-02 4.249063142810814986e-01
5.000381532237860305e-02 4.038148941515787294e-01
6.000667709439118369e-02 3.826171607654572648e-01
7.001068388096322315e-02 3.631968070538892368e-01
8.001602673873996208e-02 3.470770491898358956e-01
9.002289682638561774e-02 3.349258233870176515e-01
1.000314854191983877e-01 3.265685681636934512e-01
1.100419839237516545e-01 3.212954818373630617e-01
1.200545838925550501e-01 3.182167915997056729e-01
1.300694770387391397e-01 3.165150948487922555e-01
1.400868552507662790e-01 3.155601972791172161e-01
1.501069106071708514e-01 3.149219953251803927e-01
1.601298353913264694e-01 3.143335441405813446e-01
1.701558221062540455e-01 3.136427293168979613e-01
1.801850634894582859e-01 3.127710402314255456e-01
1.902177525278067050e-01 3.116840653696131280e-01
2.002540824724450275e-01 3.103721832569742434e-01
2.102942468537628840e-01 3.088384836642508180e-01
2.203384394963986970e-01 3.070914824971711088e-01
2.303868545342923901e-01 3.051409657447380352e-01
2.404396864257955790e-01 3.029959624400854201e-01
2.504971299688272257e-01 3.006642106396841263e-01
2.605593803160889399e-01 2.981526587918624793e-01
2.706266329903371237e-01 2.954684739509926272e-01
2.806990838997167059e-01 2.926199921079634669e-01
2.907769293531572985e-01 2.896171269316587527e-01
3.008603660758359388e-01 2.864711269272282035e-01
3.109495912247092764e-01 2.831939808997466224e-01
3.210448024041101522e-01 2.797980454373807935e-01
3.311461976814320529e-01 2.762962415310165065e-01
3.412539756028758475e-01 2.727023000861738544e-01
3.513683352092828449e-01 2.690309748058383743e-01
3.614894760520483419e-01 2.652975326634859909e-01
3.716175982091194929e-01 2.615169661213046504e-01
3.817529023010813316e-01 2.577032457784971253e-01
3.918955895073323314e-01 2.538690988007361038e-01
4.020458615823530590e-01 2.500263006497916995e-01
4.122039208720709169e-01 2.461862171500930063e-01
4.223699703303238628e-01 2.423599236515471822e-01
4.325442135354264361e-01 2.385583016344264284e-01
4.427268547068339277e-01 2.347918120511028883e-01
4.529180987219279531e-01 2.310704318288698822e-01
4.631181511328986700e-01 2.274033854201944482e-01
4.733272181837471781e-01 2.237989731552195716e-01
4.835455068274036594e-01 2.202646629754461127e-01
4.937732247429644228e-01 2.168067480133355485e-01
5.040105803530536832e-01 2.134303359937452793e-01
5.142577828413065211e-01 2.101394278175575669e-01
5.245150421699888987e-01 2.069369930101477295e-01
5.347825690977430213e-01 2.038250205445711061e-01
5.450605751974710866e-01 2.008047468408798719e-01
5.553492728743597562e-01 1.978770511884237193e-01
5.656488753840412942e-01 1.950425995063995721e-01
5.759595968509094721e-01 1.923023905023255598e-01
5.862816522865772484e-01 1.896578356189058123e-01
5.966152576084875481e-01 1.871106603003389046e-01
6.069606296586862459e-01 1.846625422549422191e-01
6.173179862227488046e-01 1.823145529015879618e-01
6.276875460488731129e-01 1.800666841579721122e-01
6.380695288671385246e-01 1.779176410426051569e-01
6.484641554089369819e-01 1.758649879471779753e-01
6.588716474265774448e-01 1.739057906878192783e-01
6.692922277130698427e-01 1.720373502643777197e-01
6.797261201220904381e-01 1.702575200827699531e-01
6.901735495881360372e-01 1.685648345043913865e-01
7.006347421468600567e-01 1.669582789988107441e-01
7.111099249556188662e-01 1.654366309976196270e-01
7.215993263142009839e-01 1.639985383003579600e-01
7.321031756857663275e-01 1.626420714954960323e-01
7.426217037179922986e-01 1.613650045472857508e-01
7.531551422644284788e-01 1.601652067139453239e-01
7.637037244060699281e-01 1.590408902986109596e-01
7.742676844731486430e-01 1.579906244539833748e-01
7.848472580671498333e-01 1.570135515808862570e-01
7.954426820830577949e-01 1.561088167153465989e-01
8.060541947318363709e-01 1.552750976650698611e-01
8.166820355631446704e-01 1.545106305239351274e-01
8.273264454882999219e-01 1.538130548183401225e-01
8.379876668034880183e-01 1.531795135347969739e-01
8.486659432132259706e-01 1.526069485039132645e-01
8.593615198540814903e-01 1.520925855316302422e-01
8.700746433186589135e-01 1.516343671592578768e-01
8.808055616798529108e-01 1.512309944317060673e-01
8.915545245153719822e-01 1.508818697740921533e-01
9.023217829325496098e-01 1.505870316322845404e-01
9.131075895934324116e-01 1.503466106992180640e-01
9.239121987401619496e-01 1.501604263556837182e-01
9.347358662206525226e-01 1.500276957645528819e-01
9.455788495145712735e-01 1.499468159692815550e-01
9.564414077596213870e-01 1.499153571658599082e-01
9.673238017781488063e-01 1.499308233280656211e-01
9.782262941040561488e-01 1.499909367835746965e-01
9.891491490100537964e-01 1.500938562501991369e-01
1.000092632535235726e+00 1.502385133851024401e-01
1.011057012512998066e+00 1.504245438563648340e-01
1.022042558599299822e+00 1.506517933921957542e-01
1.033049542301277102e+00 1.509199237298969598e-01
1.044078237006217380e+00 1.512281500207886265e-01
1.055128918010895367e+00 1.515753688835068669e-01
1.066201862551284352e+00 1.519600136580765426e-01
1.077297349832648132e+00 1.523803429697380141e-01
1.088415661060011308e+00 1.528347425377424851e-01
1.099557079469040355e+00 1.533219621461451854e-01
1.110721890357309283e+00 1.538410986148326665e-01
1.121910381115985400e+00 1.543916191396344784e-01
1.133122841261928526e+00 1.549735516326625762e-01
1.144359562470215863e+00 1.555871324066843697e-01
1.155620838607101852e+00 1.562323431461137557e-01
1.166906965763418569e+00 1.569084522454945729e-01
1.178218242288425976e+00 1.576142392575601847e-01
1.189554968824123149e+00 1.583482990086475251e-01
1.200917448340022453e+00 1.591092835494825330e-01
1.212305986168408900e+00 1.598957634307168196e-01
1.223720890040074227e+00 1.607064638421239477e-01
1.235162470120555911e+00 1.615404306773245424e-01
1.246631039046874889e+00 1.623964339928047063e-01
1.258126911964788874e+00 1.632736625988101264e-01
1.269650406566570577e+00 1.641714665171831455e-01
1.281201843129320173e+00 1.650893963449487079e-01
1.292781544553817996e+00 1.660277087993920486e-01
1.304389836403941239e+00 1.669865576773974514e-01
1.316027046946637080e+00 1.679660054963428295e-01
1.327693507192476696e+00 1.689657452886812461e-01
1.339389550936796125e+00 1.699845741631336171e-01
1.351115514801436435e+00 1.710208236894312783e-01
1.362871738277095179e+00 1.720726307003142552e-01
1.374658563766295805e+00 1.731382322713183597e-01
1.386476336626997652e+00 1.742164646817046525e-01
1.398325405216850559e+00 1.753064672901608612e-01
1.410206120938107599e+00 1.764074504967181323e-01
1.422118838283209508e+00 1.775184270118604080e-01
1.434063914881057000e+00 1.786384072751055485e-01
1.446041711543979202e+00 1.797666016053480753e-01
1.458052592315416618e+00 1.809027746026515282e-01
1.470096924518328407e+00 1.820470815158980460e-01
1.482175078804341739e+00 1.832000116807582235e-01
1.494287429203654982e+00 1.843617159174406606e-01
1.506434353175713392e+00 1.855314165880924127e-01
1.518616231660660620e+00 1.867073668076238702e-01
1.530833449131608681e+00 1.878873169020559009e-01
1.543086393647707277e+00 1.890690221801825388e-01
1.555375456908052678e+00 1.902508635165544304e-01
1.567701034306447028e+00 1.914318479079999968e-01
1.580063524987019630e+00 1.926113448602017053e-01
1.592463331900736190e+00 1.937887242102714347e-01
1.604900861862805117e+00 1.949635718527306383e-01
1.617376525611005755e+00 1.961353944636587965e-01
1.629890737864948091e+00 1.973036556294925359e-01
1.642443917386300800e+00 1.984676520447172243e-01
1.655036487039980742e+00 1.996263857772005434e-01
1.667668873856345213e+00 2.007786038078058222e-01
1.680341509094400276e+00 2.019234972051365540e-01
1.693054828306040926e+00 2.030606041095268932e-01
1.705809271401351079e+00 2.041889284803039828e-01
1.718605282714980920e+00 2.053069172712558843e-01
1.731443311073621594e+00 2.064127409556890669e-01
1.744323809864610997e+00 2.075053875999596509e-01
1.757247237105675541e+00 2.085847064518418503e-01
1.770214055515848983e+00 2.096507687308178103e-01
1.783224732587580741e+00 2.107029809722844593e-01
1.796279740660062352e+00 2.117406199737089378e-01
1.809379556993800708e+00 2.127614673685902791e-01
1.822524663846453397e+00 2.137633762923276115e-01
1.835715548549968767e+00 2.147452598921010813e-01
1.848952703589041624e+00 2.157063731634335790e-01
1.862236626680921825e+00 2.166462866126191433e-01
1.875567820856598900e+00 2.175644041093155456e-01
1.888946794543396868e+00 2.184596564509465322e-01
1.902374061649005244e+00 2.193304210722315517e-01
1.915850141646975535e+00 2.201759710036680917e-01
1.929375559663716988e+00 2.209958948694489000e-01
1.942950846567024437e+00 2.217906525623750125e-01
1.956576539056166242e+00 2.225609273165088386e-01
1.970253179753570727e+00 2.233059848256949143e-01
1.983981317298132430e+00 2.240241147167779112e-01
1.997761506440205892e+00 2.247134476195830066e-01
2.011594308138276332e+00 2.253723920119863333e-01
2.025480289657382471e+00 2.259999557110615731e-01
2.039420024669305942e+00 2.265948231222638665e-01
2.053414093354583247e+00 2.271558635826788630e-01
2.067463082506361793e+00 2.276821215082708849e-01
2.081567585636154405e+00 2.281731990801030563e-01
2.095728203081529628e+00 2.286298240610601940e-01
2.109945542115771566e+00 2.290518063464393184e-01
2.124220217059573645e+00 2.294389911945357297e-01
2.138552849394784072e+00 2.297904033960601056e-01
2.152944067880272261e+00 2.301043673742514672e-01
2.167394508669943765e+00 2.303800537993980213e-01
2.181904815432972988e+00 2.306194016625056908e-01
2.196475639476278996e+00 2.308240610550134631e-01
2.211107639869315911e+00 2.309938962322284073e-01
2.225801483571211214e+00 2.311265988482067435e-01
2.240557845560325667e+00 2.312180691922321452e-01
2.255377408966268149e+00 2.312663508721280736e-01
2.270260865204440481e+00 2.312709054169957423e-01
2.285208914113143308e+00 2.312330714523176400e-01
2.300222264093344737e+00 2.311540580903427011e-01
2.315301632251118846e+00 2.310336673247551098e-01
2.330447744542859301e+00 2.308710735332044628e-01
2.345661335923311608e+00 2.306649026756429632e-01
2.360943150496495946e+00 2.304141611826069636e-01
2.376293941669568088e+00 2.301187183371129763e-01
2.391714472309731221e+00 2.297803701112862695e-01
2.407205514904206645e+00 2.294022545881856667e-01
2.422767851723407695e+00 2.289852810074647915e-01
2.438402274987316432e+00 2.285280458772258050e-01
2.454109587035200768e+00 2.280280294137804198e-01
2.469890600498723998e+00 2.274830179291085774e-01
2.485746138478509337e+00 2.268933550506369856e-01
2.501677034724291371e+00 2.262588505554415930e-01
2.517684133818678394e+00 2.255804145149281348e-01
2.533768291364664638e+00 2.248591329485488954e-01
2.549930374176959891e+00 2.240956462601593202e-01
2.566171260477213334e+00 2.232903987086422570e-01
2.582491840093254609e+00 2.224435860576021162e-01
2.598893014662444489e+00 2.215544236459104088e-01
2.615375697839199987e+00 2.206218442000645596e-01
2.631940815506855991e+00 2.196463811047799086e-01
2.648589305993903409e+00 2.186302900326015930e-01
2.665322120294779218e+00 2.175765138471495996e-01
2.682140222295247955e+00 2.164863145994990745e-01
2.699044589002565164e+00 2.153573540536095621e-01
2.716036210780464977e+00 2.141882875416428467e-01
2.733116091589157026e+00 2.129789669297045829e-01
2.750285249230413953e+00 2.117309142788508791e-01
2.767544715597911598e+00 2.104450653265752258e-01
2.784895536932901372e+00 2.091219387504884009e-01
2.802338774085429751e+00 2.077630607432201515e-01
2.819875502781155063e+00 2.063672670677588750e-01
2.837506813893987179e+00 2.049331071796572368e-01
2.855233813724622927e+00 2.034635320524436353e-01
2.873057624285204170e+00 2.019650926443677663e-01
2.890979383590180252e+00 2.004399647077771962e-01
2.909000245953595520e+00 1.988818234082856962e-01
2.927121382292947160e+00 1.972845359715222902e-01
2.945343980439754095e+00 1.956493651312986581e-01
2.963669245457068335e+00 1.939835423333806652e-01
2.982098399964077995e+00 1.922907509157735229e-01
3.000632684467967159e+00 1.905716580482225975e-01
3.019273357703287086e+00 1.888261480955445992e-01
3.038021696978962627e+00 1.870566125644621269e-01
3.056878998533198555e+00 1.852635730407619641e-01
3.075846577896470535e+00 1.834468758818998679e-01
3.094925770262794362e+00 1.816077596636472835e-01
3.114117930869559014e+00 1.797472612838022787e-01
3.133424435386071849e+00 1.778637891008587879e-01
3.152846680311138350e+00 1.759552242813122447e-01
3.172386083379844290e+00 1.740223710422372227e-01
3.192044083979846292e+00 1.720694663348944498e-01
3.211822143577407918e+00 1.701012532290324397e-01
3.231721746153457975e+00 1.681189920169817442e-01
3.251744398649921930e+00 1.661210551810763381e-01
3.271891631426665281e+00 1.641058173297433864e-01
3.292164998729279368e+00 1.620731537032337743e-01
3.312566079168071553e+00 1.600245033446981435e-01
3.333096476208521786e+00 1.579631020673253339e-01
3.353757818673582580e+00 1.558918547249587006e-01
3.374551761258096416e+00 1.538126900621540893e-01
3.395479985055740446e+00 1.517257223544751510e-01
3.416544198098793395e+00 1.496297066921550845e-01
3.437746135911136314e+00 1.475223837122026926e-01
3.459087562074850908e+00 1.454042765698599082e-01
3.480570268810810663e+00 1.432801843902433703e-01
3.502196077573649369e+00 1.411559755721680243e-01
3.523966839661581307e+00 1.390335104770693553e-01
3.545884436841424847e+00 1.369085933571662084e-01
3.567950781989368547e+00 1.347792825016211060e-01
3.590167819747851929e+00 1.326521352090723749e-01
3.612537527199123133e+00 1.305322138873630800e-01
3.635061914555887341e+00 1.284137274821241792e-01
3.657743025869628628e+00 1.262907058077566425e-01
3.680582939757102157e+00 1.241682628715151948e-01
3.703583770145510101e+00 1.220548323500718485e-01
3.726747667036997225e+00 1.199509234145107739e-01
3.750076817293014120e+00 1.178540906222776685e-01
3.773573445439117879e+00 1.157640088937480494e-01
3.797239814490932730e+00 1.136818238209943432e-01
3.821078226801799538e+00 1.116066602934306790e-01
3.845091024932894896e+00 1.095349017884689746e-01
3.869280592546462394e+00 1.074666031771756014e-01
3.893649355322847061e+00 1.054060245624477421e-01
3.918199781902168777e+00 1.033577799925233104e-01
3.942934384851307872e+00 1.013269091546258882e-01
3.967855721657088441e+00 9.931497988425902479e-02
3.992966395746416985e+00 9.731537377867027772e-02
4.018269057534300082e+00 9.532652134581234837e-02
4.043766405500584860e+00 9.335561223284898069e-02
4.069461187296391280e+00 9.140438270865659798e-02
4.095356200881122177e+00 8.946925869555030775e-02
4.121454295691163061e+00 8.754854336006091808e-02
4.147758373841154089e+00 8.564553417431192139e-02
4.174271391359062555e+00 8.376224552819050428e-02
4.200996359456013352e+00 8.189532957719969364e-02
4.227936345832168819e+00 8.004291531004140148e-02
4.255094476019727345e+00 7.820980671866890888e-02
4.282473934764413848e+00 7.640104708544906420e-02
4.310077967446587444e+00 7.461516957121763771e-02
4.337909881543510870e+00 7.284907227731290957e-02
4.365973048133954926e+00 7.110335275513550435e-02
4.394270903446770404e+00 6.938173545013001653e-02
4.422806950454781116e+00 6.768363744420685668e-02
4.451584760515686412e+00 6.600401788962471927e-02
4.480607975061463577e+00 6.434775536852799238e-02
4.509880307338105077e+00 6.271741754701164184e-02
4.539405544197283149e+00 6.110603558426845605e-02
4.569187547941903738e+00 5.952028191596431261e-02
4.599230258227382961e+00 5.795781753201597469e-02
4.629537694020593008e+00 5.641219854228107788e-02
4.660113955618596648e+00 5.489109512755398212e-02
4.690963226729293112e+00 5.339866552831075419e-02
4.722089776616123835e+00 5.193657184726666043e-02
4.753497962309302771e+00 5.050445379703372151e-02
4.785192230885826348e+00 4.909362166746319978e-02
4.817177121820895636e+00 4.769922644443398002e-02
4.849457269413340654e+00 4.633025161022473470e-02
4.882037405287709575e+00 4.498984393145112615e-02
4.914922360976011539e+00 4.367180271918904427e-02
4.948117070581908195e+00 4.237816695076713353e-02
4.981626573530626878e+00 4.111192465803797935e-02
5.015456017407652567e+00 3.986890476556962520e-02
5.049610660889745972e+00 3.865175784061641862e-02
5.084095876771596245e+00 3.745907385461338251e-02
5.118917155092026050e+00 3.629049651378649100e-02
5.154080106363324809e+00 3.515243306343726615e-02
5.189590464907923639e+00 3.404431084862763468e-02
5.225454092306433651e+00 3.295097110484496161e-02
5.261676980961550676e+00 3.187630317391518947e-02
5.298265257782244220e+00 3.082908749083023564e-02
5.335225187993163587e+00 2.980474984667395855e-02
5.372563179074077766e+00 2.880471185904023845e-02
5.410285784834729661e+00 2.782729580201744740e-02
5.448399709630405319e+00 2.687774721316926740e-02
5.486911812724086346e+00 2.595018244719332623e-02
5.525829112800970222e+00 2.504502429888870105e-02
5.565158792641854646e+00 2.416342449837859813e-02
5.604908203961667112e+00 2.330273398465107504e-02
5.645084872420248701e+00 2.246090638747062773e-02
5.685696502812371378e+00 2.164750700901198893e-02
5.726750984444712422e+00 2.085689595563403748e-02
5.768256396707492684e+00 2.008704549496608330e-02
5.810221014849253685e+00 1.933824635699166877e-02
5.852653315963272540e+00 1.860571924459307469e-02
5.895561985194872179e+00 1.789085662970543028e-02
5.938955922179146363e+00 1.719954471357307974e-02
5.982844247719065756e+00 1.653045934817956586e-02
6.027236310714632950e+00 1.587875724887424789e-02
6.072141695354100754e+00 1.524457837736667432e-02
6.117570228578833813e+00 1.462840766380427149e-02
6.163531987834188541e+00 1.403816267601535987e-02
6.210037309119105231e+00 1.346674091294367687e-02
6.257096795348075169e+00 1.291049875378908439e-02
6.304721325039668756e+00 1.237063145548945170e-02
6.352922061346506943e+00 1.184437622249449179e-02
6.401710461442654321e+00 1.133519632611302078e-02
6.451098286284771888e+00 1.085117779145136976e-02
6.501097610764786872e+00 1.038099015936416389e-02
6.551720834272277472e+00 9.921639484714686250e-03
6.602980691686179959e+00 9.478665907362482726e-03
6.654890264816202716e+00 9.052140650198128163e-03
6.707462994315653404e+00 8.641311945976641248e-03
6.760712692088343800e+00 8.243509767338931538e-03
6.814653554213885300e+00 7.863238507035436031e-03
6.869300174416541616e+00 7.495413055362639201e-03
6.924667558104775189e+00 7.141877339281178273e-03
6.980771137009639027e+00 6.797322315840292895e-03
7.037626784452278628e+00 6.466393807462426750e-03
7.095250831272059244e+00 6.149801481640467839e-03
7.153660082449184721e+00 5.845559796075917164e-03
7.212871834457117437e+00 5.555735887566389322e-03
7.272903893382699714e+00 5.274207529585534654e-03
7.333774593853726209e+00 5.004793773745025952e-03
7.395502818816384050e+00 4.742275526398193053e-03
7.458108020207268929e+00 4.494449710945733895e-03
7.521610240567749628e+00 4.256346928614377495e-03
7.586030135650939421e+00 4.026660085957357166e-03
7.651388998075133507e+00 3.808662883678781176e-03
7.717708782080382690e+00 3.599878001862086806e-03
7.785012129448951157e+00 3.398861757707967533e-03
7.853322396653874549e+00 3.206906352635072871e-03
7.922663683303971638e+00 3.024854322624112319e-03
7.993060861958362295e+00 2.850720356521083219e-03
8.064539609387720631e+00 2.685699872853291974e-03
8.137126439365120589e+00 2.527934854949259302e-03
8.210848737074378789e+00 2.374247090819361916e-03
8.285734795229668492e+00 2.231282233505293023e-03
8.361813852006719117e+00 2.092777426636585527e-03
8.439116130892415413e+00 1.963201686200525143e-03
8.517672882566811765e+00 1.838112078378549997e-03
8.597516428939853128e+00 1.720271929951303243e-03
8.678680209472870999e+00 1.609529796351690488e-03
8.761198829924738973e+00 1.502781839466648880e-03
8.845108113671690475e+00 1.400812389790968143e-03
8.930445155761116638e+00 1.308306722462923869e-03
9.017248379870389741e+00 1.218110202790928694e-03
9.105557598354891979e+00 1.132649108893908109e-03
9.195414075582201363e+00 1.052390917143598966e-03
9.286860594764410948e+00 9.752782828019634833e-04
9.379941528515811200e+00 9.047902713326424866e-04
9.474702913380864899e+00 8.363564394820164390e-04
9.571192528595130256e+00 7.746806739582135946e-04
9.669459979362780899e+00 7.158493266666403083e-04
9.769556784955327089e+00 6.590005477565331372e-04
9.871536471960840942e+00 6.073323330406090121e-04
9.975454673037942754e+00 5.573510683132266953e-04
1.008136923155793063e+01 5.119431883115498939e-04
1.018934031254830330e+01 4.694060685324907291e-04
1.029943052038522566e+01 4.297679031440770556e-04
1.041170502371859463e+01 3.921317802004505135e-04
1.052623168815380517e+01 3.571394942029166783e-04
1.064308121725768252e+01 3.247755360690213330e-04
1.076232730250476877e+01 2.945307321561063999e-04
1.088404678283179194e+01 2.671860636219543705e-04
1.100831981452695096e+01 2.416438321571249366e-04
1.113523005224294415e+01 2.178227910828932595e-04
1.126486484199331350e+01 1.959736228063845920e-04
1.139731542706779699e+01 1.758800321583202267e-04
1.153267716788676189e+01 1.572879647875907337e-04
1.167104977690866718e+01 1.406486333493048584e-04
1.181253756980620828e+01 1.251602575189943297e-04
1.195724973424156268e+01 1.110965713023110633e-04
1.210530061769597765e+01 9.817226094636365987e-05
1.225681003594877438e+01 8.661655712671200466e-05
1.241190360395464154e+01 7.610878524310000538e-05
1.257071309104042101e+01 6.658703598859604621e-05
1.273337680253192516e+01 5.814842471721709733e-05
1.290003999013476133e+01 5.055425520308018947e-05
1.307085529362815102e+01 4.383285351060496214e-05
1.324598321669588152e+01 3.771454053822520807e-05
1.342559264001181063e+01 3.246702499722884131e-05
1.360986137502873916e+01 2.763826962293809011e-05
1.379897676228727654e+01 2.349098223739630459e-05
1.399313631847826045e+01 1.973243400549911815e-05
1.419254843695589230e+01 1.658366191517910104e-05
1.439743314692606369e+01 1.392806909418470529e-05
1.460802293712368716e+01 1.146900570241386913e-05
1.482456365046278535e+01 9.466867428085041209e-06
1.504731545689699779e+01 7.746178379018590758e-06
1.527655391258613626e+01 6.266176905882962187e-06
1.551257111443440273e+01 5.010236837641990428e-06
1.575567696017295916e+01 4.001575274133072931e-06
1.600620052541652782e+01 3.098002391065898864e-06
1.626449157056262607e+01 2.491811704290596368e-06
1.653092219204418001e+01 1.925073790403993637e-06
1.680588863433074565e+01 1.499137716128870970e-06
1.708981328123576660e+01 1.122850736207916197e-06
1.738314684757837725e+01 8.480870863699642286e-07
1.768637079511793431e+01 6.009107837878138898e-07
1.800000000000201084e+01 2.311445025554512945e-07
