0.0314159265359 0.0307456369534 -0.0583793628483
0.0942477796077 0.0206535878885 -0.138770991629
0.157079632679 0.0140079230194 -0.18504363872
0.219911485751 0.00394106408106 -0.203563913676
0.282743338823 0.0225664590604 -0.241860267006
0.345575191895 0.00386501892207 -0.258738289001
0.408407044967 -0.00779392293308 -0.267324222431
0.471238898038 -0.00823802046201 -0.275630214248
0.53407075111 -0.00602077660951 -0.282868624841
0.596902604182 -0.00660618961303 -0.286942937079
0.659734457254 -0.0105545613278 -0.286910956873
0.722566310326 -0.0159230530288 -0.283319013667
0.785398163397 -0.0205739190694 -0.277466922231
0.848230016469 -0.0231454123352 -0.270651772304
0.911061869541 -0.0231236851317 -0.263860811358
0.973893722613 -0.0206274280884 -0.257760624198
1.03672557568 -0.0161678558401 -0.252757125424
1.09955742876 -0.0104426937674 -0.24904493672
1.16238928183 -0.00417626684839 -0.2466473734
1.2252211349 0.00198846986044 -0.245457747884
1.28805298797 0.00754831176904 -0.245282236692
1.35088484104 0.0121590664486 -0.245879527737
1.41371669412 0.0156288389649 -0.246993640545
1.47654854719 0.017896610533 -0.248378799046
1.53938040026 0.0190040763632 -0.249816669858
1.60221225333 0.0190659544709 -0.251126732259
1.6650441064 0.0182421405448 -0.252170696038
1.72787595947 0.0167138472743 -0.252852082069
1.79070781255 0.0146648750458 -0.253112300971
1.85353966562 0.0122682953269 -0.252924653863
1.91637151869 0.00967813071403 -0.25228755335
1.97920337176 0.00702516568417 -0.251217958698
2.04203522483 0.00441583455581 -0.249745640861
2.10486707791 0.00193316335679 -0.247908543919
2.16769893098 -0.000361091781316 -0.245749251611
2.23053078405 -0.00242374924503 -0.243312416534
2.29336263712 -0.00422737553495 -0.240642948973
2.35619449019 -0.00575758021213 -0.237784763101
2.41902634326 -0.00701055780194 -0.234779911434
2.48185819634 -0.00799092138513 -0.231667982517
2.54469004941 -0.00870982603978 -0.228485678319
2.60752190248 -0.00918335896926 -0.225266520647
2.67035375555 -0.00943116566771 -0.222040658415
2.73318560862 -0.00947528323386 -0.218834760921
2.79601746169 -0.00933915540355 -0.215671988669
2.85884931477 -0.00904680910159 -0.212572035166
2.92168116784 -0.00862217573394 -0.209551232453
2.98451302091 -0.00808854330707 -0.206622711668
3.04734487398 -0.00746812638889 -0.203796608467
3.11017672705 -0.00678174195707 -0.201080302312
3.17300858013 -0.0060485788947 -0.198478678533
3.2358404332 -0.00528604921526 -0.195994402727
3.29867228627 -0.0045097089983 -0.193628198205
3.36150413934 -0.00373323759811 -0.191379118708
3.42433599241 -0.00296846404554 -0.18924481021
3.48716784548 -0.00222543069413 -0.187221757228
3.54999969856 -0.00151248493035 -0.185305510512
3.61283155163 -0.000836391068396 -0.183490894216
3.6756634047 -0.000202455550275 -0.181772191717
3.73849525777 0.000385340237526 -0.18014331002
3.80132711084 0.00092420416516 -0.178597923308
3.86415896392 0.00141239829535 -0.177129596632
3.92699081699 0.00184910747842 -0.17573189101
3.98982267006 0.00223431365813 -0.17439845138
4.05265452313 0.00256867750677 -0.173123078955
4.1154863762 0.00285342833851 -0.171899789521
4.17831822927 0.0030902630002 -0.170722859214
4.24115008235 0.00328125390615 -0.169586859257
4.30398193542 0.00342876631073 -0.168486681039
4.36681378849 0.00353538461924 -0.167417552837
4.42964564156 0.00360384736224 -0.166375049392
4.49247749463 0.00363699042953 -0.165355095418
4.55530934771 0.0036376980241 -0.164353964049
4.61814120078 0.00360886075941 -0.163368271109
4.68097305385 0.00355334034294 -0.162394965997
4.74380490692 0.00347394020575 -0.161431319891
4.80663675999 0.00337338152111 -0.160474911879
4.86946861306 0.00325428402377 -0.159523613552
4.93230046614 0.00311915109357 -0.158575572523
4.99513231921 0.00297035856377 -0.157629195258
5.05796417228 0.00281014681158 -0.156683129543
5.12079602535 0.0026406156447 -0.155736246882
5.18362787842 0.00246372160917 -0.154787625031
5.24645973149 0.0022812773267 -0.153836530868
5.30929158457 0.00209495254533 -0.152882403738
5.37212343764 0.00190627659235 -0.151924839397
5.43495529071 0.00171664197645 -0.150963574623
5.49778714378 0.00152730889571 -0.149998472579
5.56061899685 0.00133941046184 -0.149029508958
5.62345084993 0.00115395845078 -0.148056758931
5.686282703 0.000971849435007 -0.147080384924
5.74911455607 0.000793871163303 -0.146100625215
5.81194640914 0.000620709084147 -0.145117783336
5.87477826221 0.000452952913238 -0.144132218278
5.93761011528 0.000291103170285 -0.143144335462
6.00044196836 0.000135577623168 -0.142154578458
6.06327382143 -1.32824105637e-05 -0.141163421417
6.1261056745 -0.000155205951252 -0.140171362186
6.18893752757 -0.000289986459179 -0.139178916065
6.25176938064 -0.00041747617768 -0.138186610182
6.31460123372 -0.000537580735524 -0.137194978437
6.37743308679 -0.000650254017527 -0.13620455699
6.44026493986 -0.00075549331359 -0.135215880256
6.50309679293 -0.000853334747464 -0.134229477363
6.565928646 -0.000943848981608 -0.133245869053
6.62876049907 -0.00102713720339 -0.132265564986
6.69159235215 -0.00110332737842 -0.131289061416
6.75442420522 -0.00117257077062 -0.130316839212
6.81725605829 -0.00123503871566 -0.129349362194
6.88008791136 -0.0012909196428 -0.128387075755
6.94291976443 -0.00134041633344 -0.127430405747
7.00575161751 -0.00138374340274 -0.126479757608
7.06858347058 -0.00142112500013 -0.125535515699
7.13141532365 -0.0014527927086 -0.124598042842
7.19424717672 -0.00147898363932 -0.123667680025
7.25707902979 -0.00149993870747 -0.122744746272
7.31991088286 -0.00151590107543 -0.121829538644
7.38274273594 -0.00152711475847 -0.120922332365
7.44557458901 -0.00153382337677 -0.120023381058
7.50840644208 -0.00153626904739 -0.119132917075
7.57123829515 -0.00153469140325 -0.118251151903
7.63407014822 -0.00152932673365 -0.117378276649
7.69690200129 -0.00152040723302 -0.116514462574
7.75973385437 -0.0015081603527 -0.115659861684
7.82256570744 -0.0014928082446 -0.114814607363
7.88539756051 -0.00147456729228 -0.113978815029
7.94822941358 -0.00145364771965 -0.113152582827
8.01106126665 -0.0014302532702 -0.112335992331
8.07389311973 -0.00140458095389 -0.111529109269
8.1367249728 -0.0013768208495 -0.110731984247
8.19955682587 -0.00134715596288 -0.109944653479
8.26238867894 -0.00131576213197 -0.109167139521
8.32522053201 -0.0012828079758 -0.108399451992
8.38805238508 -0.00124845487956 -0.107641588293
8.45088423816 -0.00121285701665 -0.106893534312
8.51371609123 -0.00117616139954 -0.106155265119
8.5765479443 -0.00113850795683 -0.105426745646
8.63937979737 -0.00110002963409 -0.104707931346
8.70221165044 -0.00106085251485 -0.103998768835
8.76504350352 -0.0010210959586 -0.103299196522
8.82787535659 -0.000980872753975 -0.102609145205
8.89070720966 -0.000940289282963 -0.101928538662
8.95353906273 -0.000899445697634 -0.101257294202
9.0163709158 -0.000858436102823 -0.100595323214
9.07920276887 -0.000817348746657 -0.0999425316755
9.14203462195 -0.000776266216046 -0.0992988206532
9.20486647502 -0.000735265634368 -0.098664086771
9.26769832809 -0.000694418863129 -0.0980382226619
9.33053018116 -0.000653792703597 -0.0974211173965
9.39336203423 -0.000613449098682 -0.0968126568893
9.45619388731 -0.00057344533356 -0.0962127242848
9.51902574038 -0.000533834236687 -0.0956212003223
9.58185759345 -0.000494664375018 -0.0950379636812
9.64468944652 -0.000455980249413 -0.094462891306
9.70752129959 -0.000417822485444 -0.0938958587127
9.77035315266 -0.000380228019749 -0.0933367402762
9.83318500574 -0.00034323028302 -0.092785409501
9.89601685881 -0.000306859378244 -0.0922417392731
9.95884871188 -0.000271142253757 -0.0917056020968
10.021680565 -0.0002361028718 -0.0911768703143
10.084512418 -0.000201762370855 -0.0906554163114
10.1473442711 -0.000168139224634 -0.0901411127073
10.2101761242 -0.000135249393365 -0.0896338325308
10.2730079772 -0.000103106470992 -0.0891334493838
10.3358398303 -7.17218279096e-05 -0.0886398375911
10.3986716834 -4.11047451741e-05 -0.0881528723386
10.4615035365 -1.12625461915e-05 -0.0876724298
10.5243353895 1.77992767759e-05 -0.0871983872524
10.5871672426 4.6076946667e-05 -0.0867306231809
10.6499990957 7.35682768474e-05 -0.086269017376
10.7128309487 0.000100272585548 -0.0858134510153
10.7756628018 0.000126190532878 -0.085363806751
10.8384946549 0.000151324153223 -0.0849199687559
10.901326508 0.000175676475856 -0.0844818228358
10.964158361 0.000199252013423 -0.0840492563754
11.0269902141 0.000222055559393 -0.0836221586039
11.0898220672 0.000244094139258 -0.0832004202169
11.1526539202 0.000265373452207 -0.0827839341691
11.2154857733 0.000285903372421 -0.0823725944113
11.2783176264 0.000305689591641 -0.0819662979806
11.3411494795 0.000324744868862 -0.0815649419329
11.4039813325 0.000343075023155 -0.0811684276333
11.4668131856 0.000360693922071 -0.0807766553162
11.5296450387 0.000377610127396 -0.0803895304089
11.5924768917 0.000393834570091 -0.0800069569786
11.6553087448 0.000409382050345 -0.0796288436774
11.7181405979 0.000424258488643 -0.079255099196
11.780972451 0.000438483154483 -0.0788856350078
11.843804304 0.000452062331846 -0.0785203641404
11.9066361571 0.000465011624803 -0.0781592016605
11.9694680102 0.000477344499489 -0.0778020640201
12.0322998632 0.000489070494213 -0.0774488700929
12.0951317163 0.000500206162831 -0.0770995403135
12.1579635694 0.000510762770702 -0.0767539962381
12.2207954225 0.000520752980039 -0.0764121626266
12.2836272755 0.000530191305886 -0.076073964651
12.3464591286 0.000539089972476 -0.0757393292644
12.4092909817 0.000547462121022 -0.075408186554
12.4721228348 0.000555320743571 -0.0750804664101
12.5349546878 0.000562679404536 -0.0747561009365
12.5977865409 0.000550878850914 -0.0744383458188
12.660618394 0.000539380751169 -0.0741228216705
12.723450247 0.000528175995597 -0.0738095165844
12.7862821001 0.000517255782001 -0.0734984183361
12.8491139532 0.0005066116085 -0.0731895143528
12.9119458063 0.000496235274213 -0.0728827915731
12.9747776593 0.000486118855517 -0.072578236651
13.0376095124 0.000476254691926 -0.0722758360346
13.1004413655 0.000466635376586 -0.0719755759852
13.1632732185 0.000457253750303 -0.0716774425503
13.2261050716 0.000448102901716 -0.0713814214476
13.2889369247 0.000439176148481 -0.0710874982278
13.3517687778 0.000430467025928 -0.0707956583354
13.4146006308 0.000421969279319 -0.0705058871235
13.4774324839 0.000413676859275 -0.0702181698229
13.540264337 0.000405583922754 -0.06993249143
13.60309619 0.00039768481678 -0.0696488368551
13.6659280431 0.000389974068896 -0.0693671909768
13.7287598962 0.000382446380865 -0.0690875386515
13.7915917493 0.000375096622584 -0.068809864723
13.8544236023 0.000367919828794 -0.0685341539901
13.9172554554 0.000360911200697 -0.0682603910999
13.9800873085 0.000354066092218 -0.0679885606809
14.0429191615 0.000347380002203 -0.0677186473915
14.1057510146 0.000340848569455 -0.0674506359252
14.1685828677 0.000334467567958 -0.067184511017
14.2314147208 0.000328232903984 -0.0669202574207
14.2942465738 0.000322140616548 -0.0666578598318
14.3570784269 0.000316186867545 -0.0663973029816
14.41991028 0.000310367935895 -0.06613857167
14.482742133 0.000304680213614 -0.0658816507689
14.5455739861 0.000299120203436 -0.065626525202
14.6084058392 0.000293684519182 -0.0653731798788
14.6712376923 0.000288369877666 -0.065121599773
14.7340695453 0.000283173093874 -0.0648717699492
14.7969013984 0.000278091077733 -0.0646236755654
14.8597332515 0.000273120830984 -0.0643773018751
14.9225651046 0.000268259445416 -0.0641326342076
14.9853969576 0.000263504103506 -0.0638896579051
15.0482288107 0.00025885207159 -0.0636483583944
15.1110606638 0.000254300695904 -0.06340872121
15.1738925168 0.000249847400002 -0.0631707319955
15.2367243699 0.000245489682269 -0.0629343765047
15.299556223 0.000241225114598 -0.062699640582
15.3623880761 0.000237051343172 -0.0624665101052
15.4252199291 0.000232966082714 -0.0622349710493
15.4880517822 0.000228967113229 -0.0620050095068
15.5508836353 0.000225052277944 -0.0617766116881
15.6137154883 0.00022121948131 -0.0615497639219
15.6765473414 0.000217466687082 -0.061324452655
15.7393791945 0.000213791917291 -0.0611006644364
15.8022110476 0.000210193252834 -0.0608783858699
15.8650429006 0.000206668829049 -0.0606576036652
15.9278747537 0.000203216833191 -0.0604383046534
15.9907066068 0.000199835502834 -0.0602204757872
16.0535384598 0.000196523124318 -0.0600041041403
16.1163703129 0.00019327803191 -0.0597891768936
16.179202166 0.000190098608229 -0.0595756812963
16.2420340191 0.000186983280737 -0.059363604707
16.3048658721 0.000183930519728 -0.059152934606
16.3676977252 0.000180938837031 -0.0589436585948
16.4305295783 0.000178006784758 -0.0587357643956
16.4933614313 0.000175132954093 -0.0585292398501
16.5561932844 0.000172315974652 -0.0583240729081
16.6190251375 0.000169554514868 -0.0581202515931
16.6818569906 0.000166847279191 -0.0579177640374
16.7446888436 0.000164193006489 -0.0577165984921
16.8075206967 0.000161590469034 -0.0575167433263
16.8703525498 0.000159038471518 -0.0573181870261
16.9331844028 0.00015653585051 -0.0571209181848
16.9960162559 0.000154081474708 -0.0569249254753
17.058848109 0.000151674242736 -0.0567301976775
17.1216799621 0.000149313081862 -0.0565367236862
17.1845118151 0.00014699694717 -0.0563444925103
17.2473436682 0.000144724820759 -0.0561534932716
17.3101755213 0.000142495710965 -0.0559637152038
17.3730073744 0.000140308651967 -0.0557751476428
17.4358392274 0.000138162704102 -0.0555877800018
17.4986710805 0.000136056951992 -0.0554016017958
17.5615029336 0.000133990503498 -0.0552166026492
17.6243347866 0.000131962489066 -0.0550327722944
17.6871666397 0.000129972061084 -0.054850100571
17.7499984928 0.000128018393267 -0.0546685774245
17.8128303459 0.000126100680371 -0.0544881928978
17.8756621989 0.000124218138497 -0.0543089371082
17.938494052 0.000122370003544 -0.0541308002698
18.0013259051 0.000120555530348 -0.0539537726996
18.0641577581 0.000118773992162 -0.0537778448166
18.1269896112 0.000117024680146 -0.0536030071403
18.1898214643 0.000115306902879 -0.0534292502903
18.2526533174 0.000113619985875 -0.0532565649844
18.3154851704 0.000111963271368 -0.0530849420319
18.3783170235 0.000110336118547 -0.0529143723146
18.4411488766 0.00010873790236 -0.0527448468045
18.5039807296 0.000107168012842 -0.052576356569
18.5668125827 0.000105625854712 -0.0524088927698
18.6296444358 0.000104110846977 -0.052242446662
18.6924762889 0.000102622422551 -0.0520770095926
18.7553081419 0.000101160028065 -0.0519125729948
18.818139995 9.97231240422e-05 -0.0517491283728
18.8809718481 9.83111839547e-05 -0.0515866673156
18.9438037011 9.69236937e-05 -0.051425181501
19.0066355542 9.5560151272e-05 -0.0512646626947
19.0694674073 9.42200664429e-05 -0.0511051027492
19.1322992604 9.29029604551e-05 -0.0509464936027
19.1951311134 9.1608365721e-05 -0.0507888272781
19.2579629665 9.03358256954e-05 -0.0506320958777
19.3207948196 8.90848950643e-05 -0.0504762915683
19.3836266726 8.78551389492e-05 -0.0503214065949
19.4464585257 8.66461324746e-05 -0.0501674332842
19.5092903788 8.54574605111e-05 -0.0500143640434
19.5721222319 8.42887174248e-05 -0.0498621913594
19.6349540849 8.31395068353e-05 -0.0497109077977
19.697785938 8.20094413791e-05 -0.0495605060018
19.7606177911 8.08981426052e-05 -0.0494109786882
19.8234496442 7.98052411125e-05 -0.0492623186351
19.8862814972 7.8730375936e-05 -0.0491145186925
19.9491133503 7.76731942099e-05 -0.0489675717854
20.0119452034 7.66333509643e-05 -0.0488214709122
20.0747770564 7.56105089276e-05 -0.0486762091447
20.1376089095 7.46043383341e-05 -0.0485317796266
20.2004407626 7.36145167376e-05 -0.0483881755725
20.2632726157 7.26407289295e-05 -0.0482453902646
20.3261044687 7.16826670528e-05 -0.0481034170422
20.3889363218 7.07400301108e-05 -0.047962249311
20.4517681749 6.98125236982e-05 -0.0478218805445
20.5146000279 6.88998598394e-05 -0.0476823042843
20.577431881 6.80017568312e-05 -0.0475435141381
20.6402637341 6.71179390903e-05 -0.0474055037798
20.7030955872 6.62481370039e-05 -0.0472682669483
20.7659274402 6.53920868636e-05 -0.0471317974443
20.8287592933 6.45495309512e-05 -0.0469960891218
20.8915911464 6.37202171528e-05 -0.0468611358959
20.9544229994 6.29038987458e-05 -0.0467269317437
21.0172548525 6.21003342699e-05 -0.046593470704
21.0800867056 6.13092874011e-05 -0.0464607468766
21.1429185587 6.05305268296e-05 -0.0463287544214
21.2057504117 5.97638261406e-05 -0.0461974875576
21.2685822648 5.90089637659e-05 -0.046066940561
21.3314141179 5.8265723068e-05 -0.0459371077562
21.3942459709 5.75338920148e-05 -0.0458079835232
21.457077824 5.68132630033e-05 -0.0456795622992
21.5199096771 5.6103632756e-05 -0.0455518385773
21.5827415302 5.540480222e-05 -0.0454248069064
21.6455733832 5.47165764686e-05 -0.0452984618904
21.7084052363 5.40387646055e-05 -0.0451727981873
21.7712370894 5.33711796709e-05 -0.0450478105088
21.8340689424 5.27136386089e-05 -0.0449234936173
21.8969007955 5.20659623439e-05 -0.0447998423199
21.9597326486 5.14279755139e-05 -0.0446768514735
22.0225645017 5.07995063271e-05 -0.0445545159863
22.0853963547 5.01803864807e-05 -0.0444328308175
22.1482282078 4.95704510818e-05 -0.0443117909763
22.2110600609 4.89695385693e-05 -0.0441913915216
22.273891914 4.83774906392e-05 -0.044071627561
22.336723767 4.77941521701e-05 -0.0439524942507
22.3995556201 4.72193711966e-05 -0.0438339867932
22.4623874732 4.66529989688e-05 -0.0437161004314
22.5252193262 4.60948897427e-05 -0.0435988304537
22.5880511793 4.55449006688e-05 -0.0434821721948
22.6508830324 4.50028917274e-05 -0.0433661210352
22.7137148855 4.44687256658e-05 -0.0432506724007
22.7765467385 4.39422679367e-05 -0.0431358217619
22.8393785916 4.3423386639e-05 -0.0430215646335
22.9022104447 4.29119524587e-05 -0.042907896574
22.9650422977 4.24078386474e-05 -0.0427948131837
23.0278741508 4.19109210688e-05 -0.0426823101002
23.0907060039 4.14210780332e-05 -0.0425703830019
23.153537857 4.09381902098e-05 -0.0424590276094
23.21636971 4.04621405747e-05 -0.0423482396844
23.2792015631 3.99928143611e-05 -0.0422380150296
23.3420334162 3.95300990106e-05 -0.0421283494882
23.4048652692 3.90738841253e-05 -0.0420192389432
23.4676971223 3.86240614213e-05 -0.0419106793172
23.5305289754 3.81805247133e-05 -0.0418026665704
23.5933608285 3.77431699571e-05 -0.0416951966969
23.6561926815 3.7311895112e-05 -0.041588265728
23.7190245346 3.68866000682e-05 -0.0414818697325
23.7818563877 3.64671866058e-05 -0.0413760048169
23.8446882407 3.60535583547e-05 -0.0412706671245
23.9075200938 3.56456207553e-05 -0.0411658528352
23.9703519469 3.52432810206e-05 -0.041061558165
24.0331838 3.48464480988e-05 -0.0409577793658
24.096015653 3.44550326367e-05 -0.0408545127244
24.1588475061 3.40689469694e-05 -0.0407517545617
24.2216793592 3.36881051585e-05 -0.0406495012288
24.2845112122 3.33124228793e-05 -0.04054774911
24.3473430653 3.29418173618e-05 -0.0404464946233
24.4101749184 3.25762073587e-05 -0.0403457342203
24.4730067715 3.22155131141e-05 -0.0402454643856
24.5358386245 3.18596563324e-05 -0.0401456816365
24.5986704776 3.15085601484e-05 -0.0400463825228
24.6615023307 3.11621490981e-05 -0.0399475636262
24.7243341838 3.08203490897e-05 -0.0398492215597
24.7871660368 3.04830873955e-05 -0.0397513529671
24.8499978899 3.01502926809e-05 -0.0396539545194
24.912829743 2.98218949166e-05 -0.0395570229174
24.975661596 2.94978253324e-05 -0.0394605548924
25.0384934491 2.91780163919e-05 -0.0393645472053
25.1013253022 2.88624017674e-05 -0.0392689966469
25.1641571553 2.85509163158e-05 -0.0391739000374
25.2269890083 2.82434960547e-05 -0.0390792542258
25.2898208614 2.79400781394e-05 -0.0389850560898
25.3526527145 2.76406008398e-05 -0.0388913025355
25.4154845675 2.73450035337e-05 -0.0387979904961
25.4783164206 2.70532267301e-05 -0.03870511693
25.5411482737 2.67652119993e-05 -0.038612678822
25.6039801268 2.64809019368e-05 -0.0385206731844
25.6668119798 2.62002401428e-05 -0.0384290970561
25.7296438329 2.59231712028e-05 -0.0383379475029
25.792475686 2.5649640668e-05 -0.0382472216166
25.855307539 2.53795950364e-05 -0.0381569165152
25.9181393921 2.51129817344e-05 -0.0380670293425
25.9809712452 2.48497490984e-05 -0.0379775572676
26.0438030983 2.45898463706e-05 -0.0378884974841
26.1066349513 2.43332237191e-05 -0.037799847208
26.1694668044 2.40798321804e-05 -0.0377116036795
26.2322986575 2.38296236296e-05 -0.037623764163
26.2951305105 2.35825507642e-05 -0.0375363259471
26.3579623636 2.33385670882e-05 -0.0374492863446
26.4207942167 2.30976268969e-05 -0.0373626426915
26.4836260698 2.28596852615e-05 -0.0372763923475
26.5464579228 2.26246980143e-05 -0.0371905326953
26.6092897759 2.23926217345e-05 -0.0371050611407
26.672121629 2.21634137336e-05 -0.0370199751118
26.734953482 2.19370320527e-05 -0.0369352720588
26.7977853351 2.17134354806e-05 -0.0368509494518
26.8606171882 2.14925835064e-05 -0.036767004782
26.9234490413 2.12744362954e-05 -0.0366834355628
26.9862808943 2.10589546761e-05 -0.0366002393288
27.0491127474 2.08461001283e-05 -0.0365174136362
27.1119446005 2.06358347705e-05 -0.0364349560619
27.1747764536 2.0428121348e-05 -0.0363528642038
27.2376083066 2.02229232215e-05 -0.0362711356807
27.3004401597 2.00202043556e-05 -0.0361897681313
27.3632720128 1.98199293073e-05 -0.0361087592149
27.4261038658 1.96220632237e-05 -0.0360281066101
27.4889357189 1.94265718554e-05 -0.0359478080136
27.551767572 1.92334215203e-05 -0.0358678611411
27.6145994251 1.9042579084e-05 -0.0357882637278
27.6774312781 1.88540119509e-05 -0.0357090135282
27.7402631312 1.86676880533e-05 -0.0356301083156
27.8030949843 1.84835758424e-05 -0.0355515458823
27.8659268373 1.83016442788e-05 -0.0354733240391
27.9287586904 1.81218628229e-05 -0.0353954406152
27.9915905435 1.79442014262e-05 -0.0353178934581
28.0544223966 1.77686305223e-05 -0.0352406804332
28.1172542496 1.75951210253e-05 -0.0351637994235
28.1800861027 1.74236443423e-05 -0.0350872483281
28.2429179558 1.72541723427e-05 -0.0350110250629
28.3057498088 1.70866773424e-05 -0.0349351275614
28.3685816619 1.69211320964e-05 -0.0348595537742
28.431413515 1.67575097903e-05 -0.034784301669
28.4942453681 1.65957840331e-05 -0.0347093692301
28.5570772211 1.64359288496e-05 -0.0346347544587
28.6199090742 1.62779186731e-05 -0.0345604553723
28.6827409273 1.61217283376e-05 -0.0344864700048
28.7455727803 1.59673330716e-05 -0.0344127964061
28.8084046334 1.58147084905e-05 -0.0343394326424
28.8712364865 1.56638305956e-05 -0.0342663767951
28.9340683396 1.55146757833e-05 -0.0341936269601
28.9969001926 1.53672208216e-05 -0.0341211812483
29.0597320457 1.52214428379e-05 -0.0340490377862
29.1225638988 1.50773193129e-05 -0.0339771947155
29.1853957518 1.49348280744e-05 -0.0339056501929
29.2482276049 1.47939472911e-05 -0.0338344023901
29.311059458 1.46546554673e-05 -0.0337634494934
29.3738913111 1.45169314362e-05 -0.0336927897041
29.4367231641 1.43807543549e-05 -0.0336224212375
29.4995550172 1.42461036987e-05 -0.0335523423236
29.5623868703 1.41129592601e-05 -0.0334825512062
29.6252187234 1.39813011569e-05 -0.0334130461419
29.6880505764 1.38511098129e-05 -0.0333438254011
29.7508824295 1.37223659478e-05 -0.0332748872679
29.8137142826 1.3595050572e-05 -0.0332062300402
29.8765461356 1.34691449819e-05 -0.0331378520292
29.9393779887 1.33446307552e-05 -0.0330697515598
30.0022098418 1.32214897456e-05 -0.0330019269699
30.0650416949 1.30997040787e-05 -0.0329343766108
30.1278735479 1.29792561471e-05 -0.0328670988466
30.190705401 1.2860128606e-05 -0.0328000920544
30.2535372541 1.27423043689e-05 -0.032733354624
30.3163691071 1.26257666028e-05 -0.032666884958
30.3792009602 1.25104987286e-05 -0.032600681471
30.4420328133 1.23964844276e-05 -0.0325347425892
30.5048646664 1.22837076255e-05 -0.0324690667507
30.5676965194 1.21721524846e-05 -0.0324036524058
30.6305283725 1.20618034e-05 -0.032338498017
30.6933602256 1.19526449953e-05 -0.0322736020585
30.7561920786 1.18446621194e-05 -0.0322089630165
30.8190239317 1.17378398424e-05 -0.032144579389
30.8818557848 1.16321634519e-05 -0.0320804496853
30.9446876379 1.15276184497e-05 -0.0320165724267
31.0075194909 1.14241905484e-05 -0.0319529461453
31.070351344 1.13218656673e-05 -0.0318895693849
31.1331831971 1.12206299327e-05 -0.0318264407
31.1960150501 1.11204696829e-05 -0.0317635586556
31.2588469032 1.10213714557e-05 -0.0317009218274
31.3216787563 1.09233219821e-05 -0.0316385288017
31.3845106094 1.08263081837e-05 -0.0315763781759
31.4473424624 1.07303171691e-05 -0.0315144685581
31.5101743155 1.06353362311e-05 -0.0314527985666
31.5730061686 1.05413528437e-05 -0.0313913668305
31.6358380216 1.04483546592e-05 -0.0313301719892
31.6986698747 1.03563295054e-05 -0.0312692126924
31.7615017278 1.02652653825e-05 -0.0312084875998
31.8243335809 1.0175150461e-05 -0.0311479953815
31.8871654339 1.00859730781e-05 -0.0310877347172
31.949997287 9.99772173826e-06 -0.0310277042967
32.0128291401 9.91038511776e-06 -0.0309679028186
32.0756609932 9.82395205417e-06 -0.0309083289912
32.1384928462 9.73841154144e-06 -0.0308489815323
32.2013246993 9.65375272734e-06 -0.0307898591693
32.2641565524 9.56996491107e-06 -0.0307309606393
32.3269884054 9.48703754088e-06 -0.0306722846883
32.3898202585 9.40496021172e-06 -0.0306138300721
32.4526521116 9.32372266297e-06 -0.0305555955553
32.5154839647 9.24331477613e-06 -0.0304975799119
32.5783158177 9.16372657265e-06 -0.0304397819249
32.6411476708 9.08494821172e-06 -0.030382200386
32.7039795239 9.00696998816e-06 -0.0303248340961
32.7668113769 8.9297823322e-06 -0.0302676818645
32.82964323 8.85337581313e-06 -0.0302107425089
32.8924750831 8.77774113124e-06 -0.0301540148552
32.9553069362 8.70286911383e-06 -0.030097497738
33.0181387892 8.62875071333e-06 -0.0300411900003
33.0809706423 8.55537700531e-06 -0.0299850904938
33.1438024954 8.48273918662e-06 -0.0299291980782
33.2066343484 8.41082857352e-06 -0.0298735116217
33.2694662015 8.33963659988e-06 -0.0298180300005
33.3322980546 8.26915481536e-06 -0.0297627520991
33.3951299077 8.19937488364e-06 -0.0297076768099
33.4579617607 8.13028858073e-06 -0.0296528030333
33.5207936138 8.06188779322e-06 -0.0295981296777
33.5836254669 7.99416451823e-06 -0.0295436556591
33.6464573199 7.92711086658e-06 -0.0294893799008
33.709289173 7.86071905606e-06 -0.0294353013336
33.7721210261 7.79498140826e-06 -0.0293814188959
33.8349528792 7.72989034694e-06 -0.0293277315339
33.8977847322 7.66543839655e-06 -0.029274238201
33.9606165853 7.6016181807e-06 -0.0292209378583
34.0234484384 7.53842242069e-06 -0.029167829474
34.0862802914 7.47584393404e-06 -0.0291149120238
34.1491121445 7.41387563305e-06 -0.0290621844907
34.2119439976 7.35251052341e-06 -0.0290096458647
34.2747758507 7.29174170282e-06 -0.0289572951429
34.3376077037 7.23156235958e-06 -0.0289051313296
34.4004395568 7.1719657713e-06 -0.028853153436
34.4632714099 7.11294530491e-06 -0.0288013604802
34.526103263 7.0544944193e-06 -0.0287497514866
34.588935116 6.9966066599e-06 -0.0286983254863
34.6517669691 6.93927565602e-06 -0.0286470815173
34.7145988222 6.88249511969e-06 -0.0285960186241
34.7774306752 6.82625884435e-06 -0.0285451358581
34.8402625283 6.77056070375e-06 -0.0284944322771
34.9030943814 6.71539465074e-06 -0.0284439069454
34.9659262345 6.66075471612e-06 -0.0283935589339
35.0287580875 6.60663500751e-06 -0.0283433873198
35.0915899406 6.55302970824e-06 -0.0282933911869
35.1544217937 6.49993307627e-06 -0.028243569625
35.2172536467 6.44733944306e-06 -0.0281939217303
35.2800854998 6.39524321255e-06 -0.0281444466051
35.3429173529 6.34363886118e-06 -0.0280951433581
35.405749206 6.29252093986e-06 -0.0280460111033
35.468581059 6.24188406978e-06 -0.0279970489608
35.5314129121 6.19172294035e-06 -0.0279482560568
35.5942447652 6.14203230821e-06 -0.0278996315233
35.6570766182 6.09280699628e-06 -0.0278511744984
35.7199084713 6.04404189281e-06 -0.0278028841258
35.7827403244 5.99573195048e-06 -0.0277547595553
35.8455721775 5.94787218543e-06 -0.0277067999421
35.9084040305 5.9004576764e-06 -0.0276590044474
35.9712358836 5.85348356384e-06 -0.0276113722378
36.0340677367 5.80694504903e-06 -0.0275639024859
36.0968995897 5.76083739324e-06 -0.0275165943694
36.1597314428 5.71515591683e-06 -0.0274694470718
36.2225632959 5.66989599937e-06 -0.0274224597818
36.285395149 5.62505308135e-06 -0.0273756316935
36.348227002 5.58062266064e-06 -0.027328962006
36.4110588551 5.5366002909e-06 -0.0272824499239
36.4738907082 5.49298158068e-06 -0.027236094657
36.5367225612 5.44976219277e-06 -0.0271898954204
36.5995544143 5.40693784338e-06 -0.0271438514345
36.6623862674 5.36450430141e-06 -0.0270979619246
36.7252181205 5.32245738772e-06 -0.0270522261215
36.7880499735 5.28079297442e-06 -0.0270066432607
36.8508818266 5.23950698416e-06 -0.0269612125831
36.9137136797 5.19859538943e-06 -0.0269159333343
36.9765455328 5.15805421185e-06 -0.026870804765
37.0393773858 5.11787952154e-06 -0.0268258261308
37.1022092389 5.07806743643e-06 -0.0267809966922
37.165041092 5.0386141223e-06 -0.0267363157144
37.227872945 4.99951579427e-06 -0.0266917824671
37.2907047981 4.96076871395e-06 -0.0266473962249
37.3535366512 4.92236918806e-06 -0.0266031562669
37.4163685043 4.88431356785e-06 -0.026559061877
37.4792003573 4.84659824847e-06 -0.0265151123436
37.5420322104 4.80921966839e-06 -0.0264713069599
37.6048640635 4.77217430882e-06 -0.0264276450237
37.6676959165 4.7354586931e-06 -0.026384125837
37.7305277696 4.69906938615e-06 -0.0263407487068
37.7933596227 4.66300299394e-06 -0.0262975129442
37.8561914758 4.62725616288e-06 -0.0262544178647
37.9190233288 4.59182557932e-06 -0.0262114627886
37.9818551819 4.55670796898e-06 -0.0261686470402
38.044687035 4.52190009647e-06 -0.0261259699481
38.107518888 4.48739876531e-06 -0.0260834308453
38.1703507411 4.45320081914e-06 -0.0260410290689
38.2331825942 4.41930313944e-06 -0.0259987639599
38.2960144473 4.38570264442e-06 -0.0259566348636
38.3588463003 4.35239628854e-06 -0.0259146411296
38.4216781534 4.31938106201e-06 -0.0258727821114
38.4845100065 4.28665399035e-06 -0.0258310571668
38.5473418595 4.2542121339e-06 -0.0257894656575
38.6101737126 4.22205258736e-06 -0.0257480069494
38.6730055657 4.19017247936e-06 -0.0257066804122
38.7358374188 4.15856897198e-06 -0.0256654854197
38.7986692718 4.12723926034e-06 -0.0256244213496
38.8615011249 4.09618057213e-06 -0.0255834875836
38.924332978 4.06539016725e-06 -0.0255426835071
38.987164831 4.0348653373e-06 -0.0255020085094
39.0499966841 4.00460340526e-06 -0.0254614619838
39.1128285372 3.97460172547e-06 -0.025421043327
39.1756603903 3.94485768472e-06 -0.0253807519396
39.2384922433 3.91536870035e-06 -0.0253405872257
39.3013240964 3.88613221933e-06 -0.0253005485929
39.3641559495 3.85714571792e-06 -0.025260635453
39.4269878026 3.82840670127e-06 -0.0252208472208
39.4898196556 3.79991270306e-06 -0.0251811833154
39.5526515087 3.77166128512e-06 -0.0251416431588
39.6154833618 3.74365003707e-06 -0.0251022261772
39.6783152148 3.71587657597e-06 -0.0250629317998
39.7411470679 3.68833854595e-06 -0.0250237594597
39.803978921 3.66103361791e-06 -0.0249847085933
39.8668107741 3.63395948912e-06 -0.0249457786404
39.9296426271 3.60711388289e-06 -0.0249069690443
39.9924744802 3.5804945483e-06 -0.0248682792519
40.0553063333 3.5540992598e-06 -0.0248297087131
40.1181381863 3.52792581729e-06 -0.0247912568814
40.1809700394 3.5019720469e-06 -0.0247529232133
40.2438018925 3.47623579953e-06 -0.0247147071686
40.3066337456 3.45071495017e-06 -0.0246766082104
40.3694655986 3.42540739756e-06 -0.0246386258051
40.4322974517 3.40031106391e-06 -0.0246007594221
40.4951293048 3.37542389463e-06 -0.0245630085344
40.5579611578 3.350743858e-06 -0.0245253726178
40.6207930109 3.3262689449e-06 -0.0244878511514
40.683624864 3.30199716851e-06 -0.0244504436176
40.7464567171 3.27792656408e-06 -0.0244131495016
40.8092885701 3.25405518858e-06 -0.0243759682919
40.8721204232 3.23038112051e-06 -0.02433889948
40.9349522763 3.20690245955e-06 -0.0243019425604
40.9977841293 3.18361732637e-06 -0.0242650970308
41.0606159824 3.1605238623e-06 -0.0242283623916
41.1234478355 3.13762022946e-06 -0.0241917381464
41.1862796886 3.11490461136e-06 -0.0241552238014
41.2491115416 3.09237521172e-06 -0.0241188188658
41.3119433947 3.07003025391e-06 -0.0240825228518
41.3747752478 3.04786798069e-06 -0.0240463352744
41.4376071008 3.02588665398e-06 -0.0240102556513
41.5004389539 3.00408455466e-06 -0.0239742835033
41.563270807 2.98245998226e-06 -0.0239384183539
41.6261026601 2.9610112548e-06 -0.0239026597295
41.6889345131 2.93973670854e-06 -0.0238670071591
41.7517663662 2.91863469775e-06 -0.0238314601747
41.8145982193 2.89770359449e-06 -0.0237960183109
41.8774300724 2.87694178841e-06 -0.023760681105
41.9402619254 2.85634768653e-06 -0.0237254480971
42.0030937785 2.83591971301e-06 -0.0236903188299
42.0659256316 2.81565630898e-06 -0.0236552928488
42.1287574846 2.79555593228e-06 -0.023620369702
42.1915893377 2.77561705756e-06 -0.0235855489399
42.2544211908 2.75583817682e-06 -0.0235508301157
42.3172530439 2.73621779841e-06 -0.0235162127852
42.3800848969 2.71675444658e-06 -0.0234816965066
42.44291675 2.69744666133e-06 -0.0234472808406
42.5057486031 2.67829299815e-06 -0.0234129653507
42.5685804561 2.65929202792e-06 -0.0233787496026
42.6314123092 2.64044233663e-06 -0.0233446331647
42.6942441623 2.6217425253e-06 -0.0233106156079
42.7570760154 2.6031912097e-06 -0.0232766965055
42.8199078684 2.58478702027e-06 -0.0232428754332
42.8827397215 2.56652860188e-06 -0.0232091519692
42.9455715746 2.54841461366e-06 -0.0231755256941
43.0084034276 2.53044372889e-06 -0.0231419961908
43.0712352807 2.51261463475e-06 -0.0231085630448
43.1340671338 2.49492603221e-06 -0.0230752258437
43.1968989869 2.47737663588e-06 -0.0230419841775
43.2597308399 2.45996517399e-06 -0.0230088376388
43.322562693 2.44269038889e-06 -0.0229757858219
43.3853945461 2.42555103628e-06 -0.0229428283238
43.4482263991 2.40854588479e-06 -0.0229099647435
43.5110582522 2.39167371583e-06 -0.0228771946824
43.5738901053 2.37493332351e-06 -0.0228445177442
43.6367219584 2.3583235144e-06 -0.0228119335346
43.6995538114 2.34184310745e-06 -0.0227794416618
43.7623856645 2.32549093382e-06 -0.0227470417359
43.8252175176 2.30926583675e-06 -0.0227147333696
43.8880493706 2.29316667139e-06 -0.0226825161773
43.9508812237 2.2771923047e-06 -0.0226503897759
44.0137130768 2.26134161527e-06 -0.0226183537842
44.0765449299 2.24561349326e-06 -0.0225864078234
44.1393767829 2.23000684015e-06 -0.0225545515166
44.202208636 2.21452056874e-06 -0.0225227844889
44.2650404891 2.19915360291e-06 -0.0224911063678
44.3278723422 2.18390487755e-06 -0.0224595167827
44.3907041952 2.1687733386e-06 -0.0224280153649
44.4535360483 2.1537579434e-06 -0.0223966017478
44.5163679014 2.13885766007e-06 -0.0223652755669
44.5791997544 2.12407146719e-06 -0.0223340364594
44.6420316075 2.10939835373e-06 -0.0223028840648
44.7048634606 2.09483731886e-06 -0.0222718180244
44.7676953137 2.0803873719e-06 -0.0222408379816
44.8305271667 2.06604753217e-06 -0.0222099435816
44.8933590198 2.05181682887e-06 -0.0221791344717
44.9561908729 2.03769430099e-06 -0.0221484103011
45.0190227259 2.02367899719e-06 -0.0221177707208
45.081854579 2.00976997569e-06 -0.0220872153838
45.1446864321 1.99596630417e-06 -0.0220567439451
45.2075182852 1.98226705962e-06 -0.0220263560613
45.2703501382 1.96867132832e-06 -0.0219960513911
45.3331819913 1.95517820564e-06 -0.021965829595
45.3960138444 1.941786796e-06 -0.0219356903353
45.4588456974 1.92849621276e-06 -0.0219056332761
45.5216775505 1.91530557824e-06 -0.0218756580834
45.5845094036 1.90221402402e-06 -0.0218457644249
45.6473412567 1.88922069046e-06 -0.0218159519699
45.7101731097 1.87632472641e-06 -0.0217862203898
45.7730049628 1.86352528916e-06 -0.0217565693574
45.8358368159 1.85082154433e-06 -0.0217269985476
45.8986686689 1.83821266576e-06 -0.0216975076369
45.961500522 1.82569783547e-06 -0.0216680963034
46.0243323751 1.81327624349e-06 -0.0216387642271
46.0871642282 1.80094708784e-06 -0.0216095110897
46.1499960812 1.78870957442e-06 -0.0215803365744
46.2128279343 1.77656291692e-06 -0.0215512403665
46.2756597874 1.76450633671e-06 -0.0215222221526
46.3384916404 1.75253906281e-06 -0.021493281621
46.4013234935 1.74066033176e-06 -0.0214644184619
46.4641553466 1.72886938754e-06 -0.0214356323668
46.5269871997 1.71716548153e-06 -0.0214069230292
46.5898190527 1.70554787236e-06 -0.021378290144
46.6526509058 1.69401582591e-06 -0.0213497334077
46.7154827589 1.68256861527e-06 -0.0213212525184
46.778314612 1.67120552106e-06 -0.0212928471758
46.841146465 1.65992583094e-06 -0.0212645170812
46.9039783181 1.64872883948e-06 -0.0212362619373
46.9668101712 1.63761384805e-06 -0.0212080814485
47.0296420242 1.62658016476e-06 -0.0211799753206
47.0924738773 1.61562710437e-06 -0.0211519432612
47.1553057304 1.60475398824e-06 -0.0211239849791
47.2181375835 1.59396014426e-06 -0.0210961001849
47.2809694365 1.58324490674e-06 -0.0210682885906
47.3438012896 1.57260761639e-06 -0.0210405499096
47.4066331427 1.56204762023e-06 -0.021012883857
47.4694649957 1.5515642715e-06 -0.0209852901492
47.5322968488 1.54115692963e-06 -0.0209577685042
47.5951287019 1.53082496017e-06 -0.0209303186414
47.657960555 1.52056773468e-06 -0.0209029402816
47.720792408 1.51038463073e-06 -0.0208756331471
47.7836242611 1.50027503179e-06 -0.0208483969617
47.8464561142 1.49023832718e-06 -0.0208212314505
47.9092879672 1.48027391208e-06 -0.0207941363401
47.9721198203 1.47038118778e-06 -0.0207671113584
48.0349516734 1.46055956127e-06 -0.0207401562347
48.0977835265 1.45080844517e-06 -0.0207132706996
48.1606153795 1.44112725759e-06 -0.0206864544853
48.2234472326 1.43151542217e-06 -0.0206597073251
48.2862790857 1.42197236792e-06 -0.0206330289538
48.3491109387 1.41249752923e-06 -0.0206064191077
48.4119427918 1.40309034581e-06 -0.0205798775241
48.4747746449 1.39375026258e-06 -0.020553403942
48.537606498 1.38447672968e-06 -0.0205269981015
48.600438351 1.37526920238e-06 -0.020500659744
48.6632702041 1.36612714103e-06 -0.0204743886124
48.7261020572 1.35705001102e-06 -0.0204481844507
48.7889339102 1.3480372827e-06 -0.0204220470043
48.8517657633 1.33908843137e-06 -0.02039597602
48.9145976164 1.33020293717e-06 -0.0203699712457
48.9774294695 1.3213802851e-06 -0.0203440324305
49.0402613225 1.3126199649e-06 -0.0203181593251
49.1030931756 1.30392147113e-06 -0.020292351681
49.1659250287 1.29528430331e-06 -0.0202666092513
49.2287568818 1.28670796565e-06 -0.0202409317901
49.2915887348 1.27819196693e-06 -0.0202153190528
49.3544205879 1.26973582045e-06 -0.0201897707959
49.417252441 1.26133904398e-06 -0.0201642867774
49.480084294 1.25300115973e-06 -0.0201388667562
49.5429161471 1.24472169427e-06 -0.0201135104926
49.6057480002 1.23650017851e-06 -0.0200882177481
49.6685798533 1.22833614767e-06 -0.0200629882852
49.7314117063 1.22022914121e-06 -0.0200378218677
49.7942435594 1.21217870277e-06 -0.0200127182606
49.8570754125 1.20418438018e-06 -0.0199876772301
49.9199072655 1.19624572536e-06 -0.0199626985434
49.9827391186 1.18836229434e-06 -0.019937781969
50.0455709717 1.18053364715e-06 -0.0199129272765
50.1084028248 1.17275934783e-06 -0.0198881342366
50.1712346778 1.16503896437e-06 -0.0198634026211
50.2340665309 1.15737206866e-06 -0.0198387322031
50.296898384 1.14975823648e-06 -0.0198141227566
50.359730237 1.14219704742e-06 -0.0197895740568
50.4225620901 1.13468808495e-06 -0.01976508588
50.4853939432 1.12723093651e-06 -0.0197406580035
50.5482257963 1.11982519332e-06 -0.0197162902059
50.6110576493 1.11247045027e-06 -0.0196919822665
50.6738895024 1.1051663059e-06 -0.019667733966
50.7367213555 1.09791236232e-06 -0.0196435450859
50.7995532085 1.09070822522e-06 -0.0196194154091
50.8623850616 1.08355350381e-06 -0.0195953447193
50.9252169147 1.0764478108e-06 -0.0195713328014
50.9880487678 1.06939076234e-06 -0.019547379441
51.0508806208 1.062381978e-06 -0.0195234844253
51.1137124739 1.05542108074e-06 -0.0194996475421
51.176544327 1.04850769689e-06 -0.0194758685803
51.23937618 1.04164145606e-06 -0.0194521473299
51.3022080331 1.03482199119e-06 -0.019428483582
51.3650398862 1.02804893843e-06 -0.0194048771286
51.4278717393 1.02132193719e-06 -0.0193813277625
51.4907035923 1.01464063003e-06 -0.0193578352778
51.5535354454 1.0080046627e-06 -0.0193343994696
51.6163672985 1.00141368405e-06 -0.0193110201337
51.6791991516 9.94867346084e-07 -0.019287697067
51.7420310046 9.8836530405e-07 -0.0192644300676
51.8048628577 9.81907216275e-07 -0.019241218934
51.8676947108 9.75492744081e-07 -0.0192180634663
51.9305265638 9.6912155176e-07 -0.019194963465
51.9933584169 9.62793306539e-07 -0.0191719187319
52.05619027 9.56507678557e-07 -0.0191489290696
52.1190221231 9.50264340836e-07 -0.0191259942816
52.1818539761 9.44062969246e-07 -0.0191031141725
52.2446858292 9.37903242485e-07 -0.0190802885477
52.3075176823 9.31784842048e-07 -0.0190575172135
52.3703495353 9.25707452198e-07 -0.0190347999772
52.4331813884 9.19670759942e-07 -0.0190121366469
52.4960132415 9.13674455002e-07 -0.0189895270318
52.5588450946 9.0771822979e-07 -0.0189669709418
52.6216769476 9.0180177938e-07 -0.0189444681877
52.6845088007 8.95924801484e-07 -0.0189220185814
52.7473406538 8.90086996426e-07 -0.0188996219355
52.8101725068 8.84288067114e-07 -0.0188772780634
52.8730043599 8.78527719019e-07 -0.0188549867796
52.935836213 8.72805660147e-07 -0.0188327478993
52.9986680661 8.67121601057e-07 -0.0188105612387
53.0614999191 8.61475254955e-07 -0.0187884266147
53.1243317722 8.55866337546e-07 -0.018766343845
53.1871636253 8.50294566971e-07 -0.0187443127484
53.2499954783 8.44759663781e-07 -0.0187223331443
53.3128273314 8.39261350915e-07 -0.018700404853
53.3756591845 8.33799353681e-07 -0.0186785276956
53.4384910376 8.28373399724e-07 -0.0186567014942
53.5013228906 8.22983219014e-07 -0.0186349260715
53.5641547437 8.17628543814e-07 -0.0186132012512
53.6269865968 8.12309108668e-07 -0.0185915268577
53.6898184498 8.07024650371e-07 -0.0185699027162
53.7526503029 8.01774907951e-07 -0.0185483286529
53.815482156 7.96559622649e-07 -0.0185268044946
53.8783140091 7.91378537892e-07 -0.0185053300688
53.9411458621 7.86231399282e-07 -0.0184839052042
54.0039777152 7.81117954565e-07 -0.0184625297298
54.0668095683 7.7603795362e-07 -0.0184412034758
54.1296414214 7.7099114843e-07 -0.0184199262728
54.1924732744 7.65977293068e-07 -0.0183986979525
54.2553051275 7.60996143675e-07 -0.0183775183472
54.3181369806 7.56047458443e-07 -0.0183563872901
54.3809688336 7.51130997622e-07 -0.0183353046148
54.4438006867 7.46246523603e-07 -0.0183142701562
54.5066325398 7.41393800799e-07 -0.0182932837494
54.5694643929 7.36572595586e-07 -0.0182723452305
54.6322962459 7.31782676299e-07 -0.0182514544364
54.695128099 7.27023813199e-07 -0.0182306112046
54.7579599521 7.22295778462e-07 -0.0182098153735
54.8207918051 7.17598346164e-07 -0.018189066782
54.8836236582 7.12931292254e-07 -0.0181683652698
54.9464555113 7.08294394547e-07 -0.0181477106776
55.0092873644 7.03687432698e-07 -0.0181271028465
55.0721192174 6.9911018819e-07 -0.0181065416183
55.1349510705 6.94562444316e-07 -0.0180860268357
55.1977829236 6.90043986159e-07 -0.0180655583421
55.2606147766 6.85554600581e-07 -0.0180451359814
55.3234466297 6.810940762e-07 -0.0180247595984
55.3862784828 6.76662203381e-07 -0.0180044290386
55.4491103359 6.72258774212e-07 -0.017984144148
55.5119421889 6.67883582495e-07 -0.0179639047734
55.574774042 6.63536423725e-07 -0.0179437107624
55.6376058951 6.59217095077e-07 -0.0179235619631
55.7004377481 6.54925395391e-07 -0.0179034582243
55.7632696012 6.5066112518e-07 -0.0178833993956
55.8261014543 6.46424086696e-07 -0.0178633853271
55.8889333074 6.42214083833e-07 -0.0178434158697
55.9517651604 6.38030922086e-07 -0.0178234908747
56.0145970135 6.33874408535e-07 -0.0178036101944
56.0774288666 6.29744351831e-07 -0.0177837736816
56.1402607196 6.25640562184e-07 -0.0177639811896
56.2030925727 6.21562851345e-07 -0.0177442325725
56.2659244258 6.17511032595e-07 -0.0177245276852
56.3287562789 6.13484920728e-07 -0.0177048663829
56.3915881319 6.09484332042e-07 -0.0176852485216
56.454419985 6.0550908432e-07 -0.0176656739581
56.5172518381 6.01558996819e-07 -0.0176461425495
56.5800836912 5.97633890256e-07 -0.0176266541538
56.6429155442 5.93733586798e-07 -0.0176072086295
56.7057473973 5.89857910042e-07 -0.0175878058357
56.7685792504 5.86006685008e-07 -0.0175684456322
56.8314111034 5.82179738126e-07 -0.0175491278794
56.8942429565 5.78376897217e-07 -0.0175298524381
56.9570748096 5.7459799149e-07 -0.01751061917
57.0199066627 5.70842851519e-07 -0.0174914279373
57.0827385157 5.67111309241e-07 -0.0174722786027
57.1455703688 5.63403197936e-07 -0.0174531710297
57.2084022219 5.59718352239e-07 -0.0174341050822
57.2712340749 5.56056608194e-07 -0.0174150806247
57.334065928 5.5241780317e-07 -0.0173960975223
57.3968977811 5.48801775835e-07 -0.0173771556408
57.4597296342 5.45208366143e-07 -0.0173582548464
57.5225614872 5.41637415315e-07 -0.017339395006
57.5853933403 5.38088765838e-07 -0.017320575987
57.6482251934 5.34562261448e-07 -0.0173017976574
57.7110570464 5.31057747119e-07 -0.0172830598858
57.7738888995 5.27575069055e-07 -0.0172643625413
57.8367207526 5.24114074674e-07 -0.0172457054937
57.8995526057 5.20674612604e-07 -0.017227088613
57.9623844587 5.17256532666e-07 -0.0172085117703
58.0252163118 5.13859685865e-07 -0.0171899748368
58.0880481649 5.10483924384e-07 -0.0171714776845
58.1508800179 5.07129101566e-07 -0.0171530201858
58.213711871 5.03795071912e-07 -0.0171346022137
58.2765437241 5.00481691062e-07 -0.0171162236417
58.3393755772 4.97188815793e-07 -0.017097884344
58.4022074302 4.93916304004e-07 -0.0170795841952
58.4650392833 4.90664014709e-07 -0.0170613230704
58.5278711364 4.87431808022e-07 -0.0170431008453
58.5907029894 4.84219545155e-07 -0.0170249173962
58.6535348425 4.81027088421e-07 -0.0170067725996
58.7163666956 4.77854301275e-07 -0.016988666333
58.7791985487 4.74701048253e-07 -0.0169705984739
58.8420304017 4.71567194948e-07 -0.0169525689008
58.9048622548 4.68452607995e-07 -0.0169345774923
58.9676941079 4.65357155066e-07 -0.0169166241277
59.030525961 4.62280704863e-07 -0.016898708687
59.093357814 4.59223127101e-07 -0.0168808310502
59.1561896671 4.5618429251e-07 -0.0168629910983
59.2190215202 4.53164072814e-07 -0.0168451887126
59.2818533732 4.50162340736e-07 -0.0168274237748
59.3446852263 4.47178969975e-07 -0.0168096961673
59.4075170794 4.44213835211e-07 -0.0167920057729
59.4703489325 4.41266812085e-07 -0.0167743524747
59.5331807855 4.383377772e-07 -0.0167567361567
59.5960126386 4.35426608107e-07 -0.016739156703
59.6588444917 4.32533183296e-07 -0.0167216139983
59.7216763447 4.29657382196e-07 -0.016704107928
59.7845081978 4.26799085154e-07 -0.0166866383776
59.8473400509 4.23958173441e-07 -0.0166692052334
59.910171904 4.21134529234e-07 -0.0166518083819
59.973003757 4.1832803561e-07 -0.0166344477103
60.0358356101 4.15538576544e-07 -0.0166171231062
60.0986674632 4.12766036894e-07 -0.0165998344576
60.1614993162 4.10010302412e-07 -0.0165825816529
60.2243311693 4.07271259778e-07 -0.0165653645812
60.2871630224 4.04548796551e-07 -0.0165481831318
60.3499948755 4.01842801141e-07 -0.0165310371946
60.4128267285 3.99153162807e-07 -0.0165139266599
60.4756585816 3.96479771651e-07 -0.0164968514184
60.5384904347 3.93822518603e-07 -0.0164798113613
60.6013222877 3.91181295424e-07 -0.0164628063804
60.6641541408 3.88555994691e-07 -0.0164458363676
60.7269859939 3.85946509793e-07 -0.0164289012156
60.789817847 3.83352734925e-07 -0.0164120008173
60.8526497 3.80774565082e-07 -0.016395135066
60.9154815531 3.78211896047e-07 -0.0163783038558
60.9783134062 3.75664624392e-07 -0.0163615070808
61.0411452592 3.73132647463e-07 -0.0163447446357
61.1039771123 3.7061586338e-07 -0.0163280164157
61.1668089654 3.68114171028e-07 -0.0163113223164
61.2296408185 3.65627470053e-07 -0.0162946622338
61.2924726715 3.63155660847e-07 -0.0162780360642
61.3553045246 3.60698644556e-07 -0.0162614437045
61.4181363777 3.5825632306e-07 -0.016244885052
61.4809682308 3.55828598975e-07 -0.0162283600042
61.5438000838 3.53415375644e-07 -0.0162118684594
61.6066319369 3.51016557131e-07 -0.0161954103159
61.66946379 3.48632048216e-07 -0.0161789854728
61.732295643 3.46261754398e-07 -0.0161625938292
61.7951274961 3.43905581929e-07 -0.0161462352849
61.8579593492 3.41563437766e-07 -0.0161299097399
61.9207912023 3.39235229558e-07 -0.0161136170949
61.9836230553 3.36920865638e-07 -0.0160973572506
62.0464549084 3.34620255019e-07 -0.0160811301083
62.1092867615 3.32333307386e-07 -0.0160649355699
62.1721186145 3.30059933094e-07 -0.0160487735372
62.2349504676 3.27800043159e-07 -0.0160326439129
62.2977823207 3.25553549254e-07 -0.0160165465997
62.3606141738 3.23320363705e-07 -0.016000481501
62.4234460268 3.2110039948e-07 -0.0159844485204
62.4862778799 3.18893570194e-07 -0.0159684475618
62.549109733 3.16699790091e-07 -0.0159524785297
62.611941586 3.14518974049e-07 -0.0159365413289
62.6747734391 3.12351037571e-07 -0.0159206358645
62.7376052922 3.10195896778e-07 -0.015904762042
62.8004371453 3.08053468407e-07 -0.0158889197675
62.8632689983 3.05923669804e-07 -0.015873108947
62.9261008514 3.03806418922e-07 -0.0158573294874
62.9889327045 3.01701634311e-07 -0.0158415812957
63.0517645575 2.99609235116e-07 -0.0158258642791
63.1145964106 2.97529141074e-07 -0.0158101783455
63.1774282637 2.95461272505e-07 -0.015794523403
63.2402601168 2.93405550312e-07 -0.0157788993601
63.3030919698 2.91361895979e-07 -0.0157633061256
63.3659238229 2.89330231604e-07 -0.0157477436086
63.428755676 2.87310479853e-07 -0.0157322117188
63.491587529 2.85302563957e-07 -0.015716710366
63.5544193821 2.83306407703e-07 -0.0157012394605
63.6172512352 2.8132193543e-07 -0.0156857989128
63.6800830883 2.79349072021e-07 -0.0156703886338
63.7429149413 2.77387742906e-07 -0.015655008535
63.8057467944 2.7543787405e-07 -0.0156396585279
63.8685786475 2.73499391955e-07 -0.0156243385245
63.9314105006 2.71572223651e-07 -0.0156090484372
63.9942423536 2.69656296694e-07 -0.0155937881785
64.0570742067 2.67751539161e-07 -0.0155785576616
64.1199060598 2.65857879647e-07 -0.0155633567997
64.1827379128 2.63975247258e-07 -0.0155481855065
64.2455697659 2.6210357161e-07 -0.015533043696
64.308401619 2.60242782825e-07 -0.0155179312827
64.3712334721 2.58392811522e-07 -0.0155028481811
64.4340653251 2.56553588821e-07 -0.0154877943063
64.4968971782 2.54725046331e-07 -0.0154727695735
64.5597290313 2.52907116151e-07 -0.0154577738986
64.6225608843 2.51099730866e-07 -0.0154428071974
64.6853927374 2.4930282354e-07 -0.0154278693863
64.7482245905 2.47516327714e-07 -0.0154129603818
64.8110564436 2.45740177405e-07 -0.015398080101
64.8738882966 2.43974307096e-07 -0.0153832284611
64.9367201497 2.42218651746e-07 -0.0153684053798
64.9995520028 2.40473146805e-07 -0.0153536107748
65.0623838558 2.38737728191e-07 -0.0153388445644
65.1252157089 2.37012332274e-07 -0.0153241066671
65.188047562 2.35296895875e-07 -0.0153093970018
65.2508794151 2.33591356261e-07 -0.0152947154876
65.3137112681 2.31895651145e-07 -0.0152800620438
65.3765431212 2.30209718676e-07 -0.0152654365904
65.4393749743 2.28533497442e-07 -0.0152508390473
65.5022068273 2.26866926463e-07 -0.0152362693348
65.5650386804 2.25209945189e-07 -0.0152217273738
65.6278705335 2.23562493495e-07 -0.015207213085
65.6907023866 2.21924511679e-07 -0.0151927263899
65.7535342396 2.20295940459e-07 -0.0151782672099
65.8163660927 2.18676720969e-07 -0.0151638354669
65.8791979458 2.17066794755e-07 -0.015149431083
65.9420297988 2.15466103774e-07 -0.0151350539808
66.0048616519 2.13874590387e-07 -0.015120704083
66.067693505 2.12292197361e-07 -0.0151063813125
66.1305253581 2.10718867862e-07 -0.0150920855927
66.1933572111 2.09154545451e-07 -0.0150778168473
66.2561890642 2.07599174086e-07 -0.0150635750001
66.3190209173 2.06052698114e-07 -0.0150493599753
66.3818527704 2.04515062268e-07 -0.0150351716973
66.4446846234 2.0298621167e-07 -0.015021010091
66.5075164765 2.0146609182e-07 -0.0150068750813
66.5703483296 1.99954648598e-07 -0.0149927665937
66.6331801826 1.98451828265e-07 -0.0149786845535
66.6960120357 1.96957577482e-07 -0.0149646288868
66.7588438888 1.95471843284e-07 -0.0149505995197
66.8216757419 1.93994573072e-07 -0.0149365963785
66.8845075949 1.92525714613e-07 -0.01492261939
66.947339448 1.91065216031e-07 -0.0149086684811
67.0101713011 1.89613025811e-07 -0.0148947435791
67.0730031541 1.88169092794e-07 -0.0148808446114
67.1358350072 1.86733366171e-07 -0.0148669715058
67.1986668603 1.85305795485e-07 -0.0148531241903
67.2614987134 1.83886330625e-07 -0.0148393025933
67.3243305664 1.82474921823e-07 -0.0148255066434
67.3871624195 1.81071519657e-07 -0.0148117362692
67.4499942726 1.79676075042e-07 -0.0147979914001
67.5128261256 1.78288539226e-07 -0.0147842719652
67.5756579787 1.76908863798e-07 -0.0147705778943
67.6384898318 1.75537000673e-07 -0.0147569091171
67.7013216849 1.74172902098e-07 -0.0147432655639
67.7641535379 1.72816520644e-07 -0.0147296471651
67.826985391 1.71467809208e-07 -0.0147160538512
67.8898172441 1.70126721008e-07 -0.0147024855531
67.9526490971 1.6879320958e-07 -0.0146889422022
68.0154809502 1.67467228776e-07 -0.0146754237296
68.0783128033 1.66148732766e-07 -0.0146619300672
68.1411446564 1.64837676028e-07 -0.0146484611467
68.2039765094 1.63534013351e-07 -0.0146350169004
68.2668083625 1.62237699829e-07 -0.0146215972607
68.3296402156 1.60948690869e-07 -0.0146082021603
68.3924720686 1.59666942198e-07 -0.0145948315319
68.4553039217 1.58392409849e-07 -0.0145814853088
68.5181357748 1.57125050151e-07 -0.0145681634243
68.5809676279 1.5586481973e-07 -0.014554865812
68.6437994809 1.54611675504e-07 -0.0145415924058
68.706631334 1.53365574681e-07 -0.0145283431398
68.7694631871 1.5212647476e-07 -0.0145151179483
68.8322950402 1.50894333522e-07 -0.0145019167659
68.8951268932 1.49669109036e-07 -0.0144887395274
68.9579587463 1.48450759652e-07 -0.0144755861679
69.0207905994 1.47239244e-07 -0.0144624566226
69.0836224524 1.46034520987e-07 -0.0144493508271
69.1464543055 1.44836549797e-07 -0.0144362687171
69.2092861586 1.43645289887e-07 -0.0144232102285
69.2721180117 1.42460700984e-07 -0.0144101752977
69.3349498647 1.41282743089e-07 -0.0143971638609
69.3977817178 1.40111376467e-07 -0.014384175855
69.4606135709 1.38946561648e-07 -0.0143712112167
69.5234454239 1.37788259429e-07 -0.0143582698832
69.586277277 1.36636430865e-07 -0.0143453517919
69.6491091301 1.35491037274e-07 -0.0143324568803
69.7119409832 1.3435204023e-07 -0.0143195850863
69.7747728362 1.33219401561e-07 -0.0143067363477
69.8376046893 1.32093083354e-07 -0.0142939106029
69.9004365424 1.30973047943e-07 -0.0142811077904
69.9632683954 1.29859257915e-07 -0.0142683278487
70.0261002485 1.28751676104e-07 -0.0142555707168
70.0889321016 1.27650265596e-07 -0.0142428363338
70.1517639547 1.26554989736e-07 -0.0142301246391
70.2145958077 1.25465812119e-07 -0.0142174355721
70.2774276608 1.24382696579e-07 -0.0142047690726
70.3402595139 1.23305607187e-07 -0.0141921250806
70.4030913669 1.22234508254e-07 -0.0141795035362
70.46592322 1.21169364326e-07 -0.0141669043798
70.5287550731 1.20110140182e-07 -0.0141543275521
70.5915869262 1.19056800833e-07 -0.0141417729938
70.6544187792 1.18009311519e-07 -0.014129240646
70.7172506323 1.16967637712e-07 -0.0141167304498
70.7800824854 1.15931745106e-07 -0.0141042423468
70.8429143384 1.14901599626e-07 -0.0140917762785
70.9057461915 1.13877167417e-07 -0.0140793321868
70.9685780446 1.12858414844e-07 -0.0140669100137
71.0314098977 1.11845308498e-07 -0.0140545097015
71.0942417507 1.10837815184e-07 -0.0140421311927
71.1570736038 1.09835901925e-07 -0.0140297744298
71.2199054569 1.08839535962e-07 -0.0140174393559
71.28273731 1.07848684746e-07 -0.0140051259138
71.345569163 1.06863315944e-07 -0.0139928340469
71.4084010161 1.05883397433e-07 -0.0139805636986
71.4712328692 1.04908897297e-07 -0.0139683148125
71.5340647222 1.03939783829e-07 -0.0139560873326
71.5968965753 1.02976025531e-07 -0.0139438812029
71.6597284284 1.02017591106e-07 -0.0139316963675
71.7225602815 1.01064449463e-07 -0.0139195327709
71.7853921345 1.0011656971e-07 -0.0139073903579
71.8482239876 9.91739211583e-08 -0.013895269073
71.9110558407 9.82364733197e-08 -0.0138831688615
71.9738876937 9.73041959178e-08 -0.0138710896684
72.0367195468 9.63770588742e-08 -0.0138590314391
72.0995513999 9.54550323064e-08 -0.0138469941193
72.162383253 9.45380865234e-08 -0.0138349776546
72.225215106 9.36261920267e-08 -0.0138229819911
72.2880469591 9.27193195077e-08 -0.0138110070748
72.3508788122 9.18174398466e-08 -0.0137990528521
72.4137106652 9.09205241109e-08 -0.0137871192694
72.4765425183 9.00285435546e-08 -0.0137752062735
72.5393743714 8.91414696164e-08 -0.0137633138113
72.6022062245 8.82592739181e-08 -0.0137514418297
72.6650380775 8.73819282642e-08 -0.013739590276
72.7278699306 8.65094046395e-08 -0.0137277590976
72.7907017837 8.56416752088e-08 -0.0137159482422
72.8535336367 8.47787123149e-08 -0.0137041576574
72.9163654898 8.39204884775e-08 -0.0136923872914
72.9791973429 8.30669763931e-08 -0.0136806370921
73.042029196 8.22181489305e-08 -0.0136689070078
73.104861049 8.1373979134e-08 -0.0136571969872
73.1676929021 8.05344402188e-08 -0.0136455069788
73.2305247552 7.96995055708e-08 -0.0136338369315
73.2933566082 7.8869148746e-08 -0.0136221867942
73.3561884613 7.80433434688e-08 -0.0136105565163
73.4190203144 7.72220636295e-08 -0.0135989460469
73.4818521675 7.64052832864e-08 -0.0135873553357
73.5446840205 7.55929766611e-08 -0.0135757843323
73.6075158736 7.47851181395e-08 -0.0135642329867
73.6703477267 7.39816822697e-08 -0.0135527012488
73.7331795798 7.31826437643e-08 -0.0135411890689
73.7960114328 7.2387977506e-08 -0.0135296963973
73.8588432859 7.15976585405e-08 -0.0135182231846
73.921675139 7.08116620694e-08 -0.0135067693815
73.984506992 7.00299634528e-08 -0.0134953349388
74.0473388451 6.92525382049e-08 -0.0134839198076
74.1101706982 6.84793619949e-08 -0.0134725239391
74.1730025513 6.77104106454e-08 -0.0134611472847
74.2358344043 6.69456601313e-08 -0.0134497897958
74.2986662574 6.61850865786e-08 -0.0134384514243
74.3614981105 6.5428666263e-08 -0.0134271321218
74.4243299635 6.46763756097e-08 -0.0134158318405
74.4871618166 6.39281911926e-08 -0.0134045505325
74.5499936697 6.31840897311e-08 -0.0133932881502
74.6128255228 6.24440480925e-08 -0.0133820446461
74.6756573758 6.17080432869e-08 -0.0133708199727
74.7384892289 6.09760524704e-08 -0.013359614083
74.801321082 6.02480529403e-08 -0.0133484269299
74.864152935 5.95240221369e-08 -0.0133372584665
74.9269847881 5.88039376418e-08 -0.0133261086461
74.9898166412 5.80877771751e-08 -0.0133149774222
75.0526484943 5.73755185978e-08 -0.0133038647483
75.1154803473 5.66671399072e-08 -0.0132927705782
75.1783122004 5.59626192392e-08 -0.0132816948657
75.2411440535 5.52619348643e-08 -0.013270637565
75.3039759065 5.45650651897e-08 -0.0132595986303
75.3668077596 5.3871988756e-08 -0.0132485780159
75.4296396127 5.31826842372e-08 -0.0132375756763
75.4924714658 5.24971304401e-08 -0.0132265915661
75.5553033188 5.18153063024e-08 -0.0132156256403
75.6181351719 5.11371908952e-08 -0.0132046778537
75.680967025 5.04627634276e-08 -0.0131937481614
75.743798878 4.97920032407e-08 -0.0131828365188
75.8066307311 4.91248898018e-08 -0.0131719428811
75.8694625842 4.84614027063e-08 -0.013161067204
75.9322944373 4.78015216752e-08 -0.0131502094431
75.9951262903 4.7145226554e-08 -0.0131393695543
76.0579581434 4.64924973132e-08 -0.0131285474935
76.1207899965 4.58433140466e-08 -0.0131177432169
76.1836218496 4.51976569705e-08 -0.0131069566807
76.2464537026 4.45555064227e-08 -0.0130961878414
76.3092855557 4.39168428626e-08 -0.0130854366554
76.3721174088 4.32816468681e-08 -0.0130747030796
76.4349492618 4.2649899138e-08 -0.0130639870707
76.4977811149 4.20215804891e-08 -0.0130532885857
76.560612968 4.1396671855e-08 -0.0130426075818
76.6234448211 4.07751542874e-08 -0.0130319440162
76.6862766741 4.01570089529e-08 -0.0130212978462
76.7491085272 3.95422171335e-08 -0.0130106690295
76.8119403803 3.8930760227e-08 -0.0130000575237
76.8747722333 3.83226197426e-08 -0.0129894632866
76.9376040864 3.77177773046e-08 -0.0129788862762
77.0004359395 3.71162146477e-08 -0.0129683264505
77.0632677926 3.65179136193e-08 -0.0129577837678
77.1260996456 3.59228561765e-08 -0.0129472581864
77.1889314987 3.53310243867e-08 -0.0129367496649
77.2517633518 3.47424004263e-08 -0.0129262581618
77.3145952048 3.415696658e-08 -0.0129157836359
77.3774270579 3.35747052406e-08 -0.0129053260461
77.440258911 3.29955989073e-08 -0.0128948853514
77.5030907641 3.24196301861e-08 -0.012884461511
77.5659226171 3.18467817894e-08 -0.0128740544841
77.6287544702 3.12770365426e-08 -0.0128636642302
77.6915863233 3.07103773766e-08 -0.0128532907089
77.7544181763 3.01467873249e-08 -0.0128429338797
77.8172500294 2.95862495243e-08 -0.0128325937026
77.8800818825 2.90287472137e-08 -0.0128222701374
77.9429137356 2.84742637325e-08 -0.0128119631442
78.0057455886 2.79227825204e-08 -0.0128016726831
78.0685774417 2.73742871177e-08 -0.0127913987146
78.1314092948 2.68287611635e-08 -0.012781141199
78.1942411478 2.62861883948e-08 -0.012770900097
78.2570730009 2.57465526478e-08 -0.0127606753691
78.319904854 2.52098378542e-08 -0.0127504669763
78.3827367071 2.46760280441e-08 -0.0127402748794
78.4455685601 2.41451073416e-08 -0.0127300990396
78.5084004132 2.36170599677e-08 -0.0127199394181
78.5712322663 2.30918702363e-08 -0.012709795976
78.6340641194 2.25695225567e-08 -0.012699668675
78.6968959724 2.20500014315e-08 -0.0126895574766
78.7597278255 2.15332914546e-08 -0.0126794623424
78.8225596786 2.10193773142e-08 -0.0126693832342
78.8853915316 2.05082437879e-08 -0.0126593201141
78.9482233847 1.99998757455e-08 -0.0126492729439
79.0110552378 1.94942581469e-08 -0.0126392416859
79.0738870909 1.89913760411e-08 -0.0126292263025
79.1367189439 1.84912145672e-08 -0.0126192267559
79.199550797 1.79937589518e-08 -0.0126092430087
79.2623826501 1.74989945101e-08 -0.0125992750235
79.3252145031 1.70069066444e-08 -0.0125893227632
79.3880463562 1.65174808442e-08 -0.0125793861906
79.4508782093 1.60307026842e-08 -0.0125694652686
79.5137100624 1.55465578261e-08 -0.0125595599604
79.5765419154 1.50650320165e-08 -0.0125496702293
79.6393737685 1.45861110945e-08 -0.0125397960384
79.7022056216 1.41097809829e-08 -0.0125299373514
79.7650374746 1.36360276884e-08 -0.0125200941318
79.8278693277 1.3164837301e-08 -0.0125102663432
79.8907011808 1.26961959918e-08 -0.0125004539495
79.9535330339 1.22300900144e-08 -0.0124906569145
80.0163648869 1.17665057034e-08 -0.0124808752023
80.07919674 1.13054294733e-08 -0.012471108777
80.1420285931 1.08468478199e-08 -0.0124613576029
80.2048604461 1.03907473178e-08 -0.0124516216442
80.2676922992 9.93711461995e-09 -0.0124419008656
80.3305241523 9.48593645951e-09 -0.0124321952314
80.3933560054 9.03719964627e-09 -0.0124225047066
80.4561878584 8.59089106794e-09 -0.0124128292557
80.5190197115 8.1469976893e-09 -0.0124031688438
80.5818515646 7.70550655196e-09 -0.0123935234358
80.6446834176 7.26640477208e-09 -0.0123838929969
80.7075152707 6.82967954365e-09 -0.0123742774923
80.7703471238 6.39531813358e-09 -0.0123646768873
80.8331789769 5.96330788394e-09 -0.0123550911475
80.8960108299 5.53363621127e-09 -0.0123455202383
80.958842683 5.10629060567e-09 -0.0123359641253
81.0216745361 4.68125862962e-09 -0.0123264227745
81.0845063892 4.25852791903e-09 -0.0123168961515
81.1473382422 3.83808618083e-09 -0.0123073842225
81.2101700953 3.41992119492e-09 -0.0122978869535
81.2730019484 3.00402081193e-09 -0.0122884043106
81.3358338014 2.5903729526e-09 -0.0122789362602
81.3986656545 2.17896560886e-09 -0.0122694827687
81.4614975076 1.76978684225e-09 -0.0122600438025
81.5243293607 1.36282478337e-09 -0.0122506193282
81.5871612137 9.58067631803e-10 -0.0122412093126
81.6499930668 5.55503657325e-10 -0.0122318137224
81.7128249199 1.55121202438e-10 -0.0122224325246
81.7756567729 -2.43091322369e-10 -0.0122130656861
81.838488626 -6.39145438744e-10 -0.0122037131741
81.9013204791 -1.03305260142e-09 -0.0121943749557
81.9641523322 -1.42482419973e-09 -0.0121850509982
82.0269841852 -1.81447155667e-09 -0.0121757412691
82.0898160383 -2.20200592959e-09 -0.0121664457359
82.1526478914 -2.58743851191e-09 -0.0121571643661
82.2154797444 -2.97078043119e-09 -0.0121478971274
82.2783115975 -3.35204275172e-09 -0.0121386439877
82.3411434506 -3.73123647315e-09 -0.0121294049148
82.4039753037 -4.10837253322e-09 -0.0121201798768
82.4668071567 -4.48346180531e-09 -0.0121109688416
82.5296390098 -4.85651510117e-09 -0.0121017717776
82.5924708629 -5.22754316979e-09 -0.012092588653
82.6553027159 -5.59655669919e-09 -0.0120834194361
82.718134569 -5.96356631507e-09 -0.0120742640954
82.7809664221 -6.32858258308e-09 -0.0120651225995
82.8437982752 -6.69161600775e-09 -0.0120559949171
82.9066301282 -7.05267703336e-09 -0.0120468810169
82.9694619813 -7.41177604497e-09 -0.0120377808678
83.0322938344 -7.76892336753e-09 -0.0120286944387
83.0951256875 -8.12412926733e-09 -0.0120196216987
83.1579575405 -8.47740395185e-09 -0.0120105626168
83.2207893936 -8.82875757074e-09 -0.0120015171623
83.2836212467 -9.17820021455e-09 -0.0119924853046
83.3464530997 -9.5257419174e-09 -0.011983467013
83.4092849528 -9.87139265589e-09 -0.011974462257
83.4721168059 -1.02151623491e-08 -0.0119654710062
83.534948659 -1.05570608607e-08 -0.0119564932304
83.597780512 -1.08970979976e-08 -0.0119475288992
83.6606123651 -1.12352835109e-08 -0.0119385779826
83.7234442182 -1.15716270955e-08 -0.0119296404504
83.7862760712 -1.19061383872e-08 -0.0119207162728
83.8491079243 -1.22388269663e-08 -0.0119118054199
83.9119397774 -1.2569702359e-08 -0.0119029078618
83.9747716305 -1.28987740364e-08 -0.011894023569
84.0376034835 -1.32260514173e-08 -0.0118851525117
84.1004353366 -1.35515438668e-08 -0.0118762946604
84.1632671897 -1.38752606965e-08 -0.0118674499858
84.2260990427 -1.4197211166e-08 -0.0118586184585
84.2889308958 -1.45174044821e-08 -0.0118498000493
84.3517627489 -1.48358497998e-08 -0.0118409947289
84.414594602 -1.51525562227e-08 -0.0118322024683
84.477426455 -1.54675328026e-08 -0.0118234232385
84.5402583081 -1.57807885408e-08 -0.0118146570106
84.6030901612 -1.60923323871e-08 -0.0118059037557
84.6659220142 -1.64021732416e-08 -0.0117971634452
84.7287538673 -1.67103199539e-08 -0.0117884360503
84.7915857204 -1.70167813244e-08 -0.0117797215426
84.8544175735 -1.73215661035e-08 -0.0117710198934
84.9172494265 -1.76246829926e-08 -0.0117623310744
84.9800812796 -1.7926140644e-08 -0.0117536550574
85.0429131327 -1.82259476622e-08 -0.0117449918139
85.1057449857 -1.85241126029e-08 -0.011736341316
85.1685768388 -1.88206439734e-08 -0.0117277035356
85.2314086919 -1.91155502344e-08 -0.0117190784445
85.294240545 -1.9408839799e-08 -0.011710466015
85.357072398 -1.97005210323e-08 -0.0117018662192
85.4199042511 -1.99906022536e-08 -0.0116932790294
85.4827361042 -2.02790917352e-08 -0.0116847044179
85.5455679573 -2.05659977039e-08 -0.0116761423571
85.6083998103 -2.08513283398e-08 -0.0116675928196
85.6712316634 -2.11350917774e-08 -0.0116590557779
85.7340635165 -2.14172961066e-08 -0.0116505312046
85.7968953695 -2.16979493716e-08 -0.0116420190726
85.8597272226 -2.19770595709e-08 -0.0116335193546
85.9225590757 -2.2254634656e-08 -0.0116250320235
85.9853909288 -2.25306825325e-08 -0.0116165570523
86.0482227818 -2.28052110628e-08 -0.0116080944141
86.1110546349 -2.30782280655e-08 -0.0115996440819
86.173886488 -2.33497413155e-08 -0.0115912060291
86.236718341 -2.3619758545e-08 -0.0115827802288
86.2995501941 -2.38882874428e-08 -0.0115743666545
86.3623820472 -2.41553356559e-08 -0.0115659652796
86.4252139003 -2.44209107881e-08 -0.0115575760776
86.4880457533 -2.46850204021e-08 -0.0115491990221
86.5508776064 -2.49476720177e-08 -0.0115408340868
86.6137094595 -2.52088731138e-08 -0.0115324812454
86.6765413125 -2.5468631128e-08 -0.0115241404718
86.7393731656 -2.57269534569e-08 -0.0115158117398
86.8022050187 -2.59838474555e-08 -0.0115074950234
86.8650368718 -2.62393204393e-08 -0.0114991902967
86.9278687248 -2.64933796836e-08 -0.0114908975337
86.9907005779 -2.67460324218e-08 -0.0114826167088
87.053532431 -2.69972858497e-08 -0.0114743477961
87.116364284 -2.7247147122e-08 -0.0114660907701
87.1791961371 -2.74956233552e-08 -0.0114578456051
87.2420279902 -2.77427216258e-08 -0.0114496122755
87.3048598433 -2.79884489718e-08 -0.0114413907561
87.3676916963 -2.82328123923e-08 -0.0114331810214
87.4305235494 -2.84758188485e-08 -0.0114249830461
87.4933554025 -2.87174752631e-08 -0.0114167968051
87.5561872555 -2.8957788521e-08 -0.0114086222731
87.6190191086 -2.91967654691e-08 -0.0114004594251
87.6818509617 -2.94344129173e-08 -0.0113923082362
87.7446828148 -2.96707376378e-08 -0.0113841686813
87.8075146678 -2.99057463659e-08 -0.0113760407356
87.8703465209 -3.01394458004e-08 -0.0113679243743
87.933178374 -3.03718426029e-08 -0.0113598195727
87.9960102271 -3.06029433992e-08 -0.0113517263062
88.0588420801 -3.08327547781e-08 -0.0113436445502
88.1216739332 -3.10612832897e-08 -0.0113355742801
88.1845057863 -3.12885354483e-08 -0.0113275154716
88.2473376393 -3.15145177317e-08 -0.0113194681002
88.3101694924 -3.17392365838e-08 -0.0113114321417
88.3730013455 -3.19626984125e-08 -0.0113034075718
88.4358331986 -3.2184909591e-08 -0.0112953943664
88.4986650516 -3.24058764586e-08 -0.0112873925013
88.5614969047 -3.2625605319e-08 -0.0112794019525
88.6243287578 -3.2844102443e-08 -0.0112714226962
88.6871606108 -3.3061374066e-08 -0.0112634547083
88.7499924639 -3.32774263909e-08 -0.011255497965
88.812824317 -3.34922655865e-08 -0.0112475524427
88.8756561701 -3.37058977877e-08 -0.0112396181175
88.9384880231 -3.39183290972e-08 -0.0112316949659
89.0013198762 -3.41295655835e-08 -0.0112237829644
89.0641517293 -3.43396132838e-08 -0.0112158820893
89.1269835823 -3.45484782012e-08 -0.0112079923174
89.1898154354 -3.47561663077e-08 -0.0112001136252
89.2526472885 -3.49626835414e-08 -0.0111922459895
89.3154791416 -3.51680358105e-08 -0.0111843893869
89.3783109946 -3.53722289897e-08 -0.0111765437944
89.4411428477 -3.55752689225e-08 -0.0111687091889
89.5039747008 -3.57771614215e-08 -0.0111608855472
89.5668065538 -3.5977912267e-08 -0.0111530728465
89.6296384069 -3.61775272093e-08 -0.0111452710638
89.69247026 -3.63760119669e-08 -0.0111374801763
89.7553021131 -3.65733722281e-08 -0.0111297001612
89.8181339661 -3.67696136505e-08 -0.0111219309958
89.8809658192 -3.69647418613e-08 -0.0111141726575
89.9437976723 -3.71587624573e-08 -0.0111064251236
90.0066295253 -3.7351681006e-08 -0.0110986883716
90.0694613784 -3.75435030442e-08 -0.011090962379
90.1322932315 -3.77342340799e-08 -0.0110832471235
90.1951250846 -3.79238795905e-08 -0.0110755425827
90.2579569376 -3.81124450252e-08 -0.0110678487344
90.3207887907 -3.82999358031e-08 -0.0110601655562
90.3836206438 -3.8486357312e-08 -0.0110524930261
90.4464524969 -3.86717149107e-08 -0.011044831122
90.5092843499 -3.88560139292e-08 -0.0110371798218
90.572116203 -3.90392596696e-08 -0.0110295391036
90.6349480561 -3.92214574047e-08 -0.0110219089454
90.6977799091 -3.94026123801e-08 -0.0110142893253
90.7606117622 -3.95827298131e-08 -0.0110066802217
90.8234436153 -3.97618148936e-08 -0.0109990816127
90.8862754684 -3.99398727835e-08 -0.0109914934768
90.9491073214 -4.01169086174e-08 -0.0109839157921
91.0119391745 -4.02929275025e-08 -0.0109763485374
91.0747710276 -4.04679345191e-08 -0.0109687916909
91.1376028806 -4.06419347204e-08 -0.0109612452313
91.2004347337 -4.08149331329e-08 -0.0109537091372
91.2632665868 -4.09869347562e-08 -0.0109461833874
91.3260984399 -4.11579445639e-08 -0.0109386679604
91.3889302929 -4.13279675023e-08 -0.0109311628352
91.451762146 -4.14970084927e-08 -0.0109236679906
91.5145939991 -4.16650724298e-08 -0.0109161834055
91.5774258521 -4.18321641822e-08 -0.0109087090588
91.6402577052 -4.1998288593e-08 -0.0109012449297
91.7030895583 -4.21634504797e-08 -0.0108937909972
91.7659214114 -4.23276546346e-08 -0.0108863472403
91.8287532644 -4.24909058241e-08 -0.0108789136385
91.8915851175 -4.265320879e-08 -0.0108714901708
91.9544169706 -4.28145682491e-08 -0.0108640768166
92.0172488236 -4.29749888928e-08 -0.0108566735553
92.0800806767 -4.31344753883e-08 -0.0108492803663
92.1429125298 -4.32930323783e-08 -0.010841897229
92.2057443829 -4.34506644805e-08 -0.0108345241231
92.2685762359 -4.3607376289e-08 -0.0108271610281
92.331408089 -4.37631723731e-08 -0.0108198079236
92.3942399421 -4.39180572788e-08 -0.0108124647894
92.4570717951 -4.40720355273e-08 -0.0108051316053
92.5199036482 -4.42251116173e-08 -0.0107978083509
92.5827355013 -4.43772900228e-08 -0.0107904950063
92.6455673544 -4.45285751943e-08 -0.0107831915513
92.7083992074 -4.46789715574e-08 -0.0107758979658
92.7712310605 -4.48284835138e-08 -0.01076861423
92.8340629136 -4.49771154426e-08 -0.0107613403239
92.8968947667 -4.51248716994e-08 -0.0107540762276
92.9597266197 -4.52717566177e-08 -0.0107468219214
93.0225584728 -4.54177745076e-08 -0.0107395773854
93.0853903259 -4.55629296575e-08 -0.0107323426
93.1482221789 -4.57072263329e-08 -0.0107251175456
93.211054032 -4.5850668777e-08 -0.0107179022024
93.2738858851 -4.59932612114e-08 -0.010710696551
93.3367177382 -4.61350078351e-08 -0.0107035005719
93.3995495912 -4.62759128256e-08 -0.0106963142456
93.4623814443 -4.64159803387e-08 -0.0106891375528
93.5252132974 -4.65552145078e-08 -0.010681970474
93.5880451504 -4.66936194463e-08 -0.0106748129901
93.6508770035 -4.68311992448e-08 -0.0106676650818
93.7137088566 -4.69679579731e-08 -0.0106605267299
93.7765407097 -4.71038996801e-08 -0.0106533979152
93.8393725627 -4.72390283938e-08 -0.0106462786188
93.9022044158 -4.73733481207e-08 -0.0106391688215
93.9650362689 -4.75068628467e-08 -0.0106320685044
94.0278681219 -4.76395765375e-08 -0.0106249776485
94.090699975 -4.7771493138e-08 -0.0106178962351
94.1535318281 -4.79026165723e-08 -0.0106108242451
94.2163636812 -4.80329507448e-08 -0.01060376166
94.2791955342 -4.81624995391e-08 -0.0105967084608
94.3420273873 -4.82912668192e-08 -0.0105896646291
94.4048592404 -4.84192564292e-08 -0.0105826301461
94.4676910934 -4.85464721929e-08 -0.0105756049932
94.5305229465 -4.86729179142e-08 -0.0105685891519
94.5933547996 -4.87985973783e-08 -0.0105615826038
94.6561866527 -4.89235143501e-08 -0.0105545853304
94.7190185057 -4.9047672575e-08 -0.0105475973133
94.7818503588 -4.91710757798e-08 -0.0105406185342
94.8446822119 -4.92937276714e-08 -0.0105336489748
94.9075140649 -4.94156319382e-08 -0.0105266886169
94.970345918 -4.95367922491e-08 -0.0105197374423
95.0331777711 -4.96572122539e-08 -0.0105127954327
95.0960096242 -4.97768955825e-08 -0.0105058625702
95.1588414772 -4.98958458456e-08 -0.0104989388367
95.2216733303 -5.00140666355e-08 -0.0104920242142
95.2845051834 -5.01315615256e-08 -0.0104851186847
95.3473370365 -5.02483340716e-08 -0.0104782222303
95.4101688895 -5.03643878106e-08 -0.0104713348331
95.4730007426 -5.04797262619e-08 -0.0104644564754
95.5358325957 -5.05943529261e-08 -0.0104575871394
95.5986644487 -5.07082712867e-08 -0.0104507268074
95.6614963018 -5.08214848091e-08 -0.0104438754616
95.7243281549 -5.09339969405e-08 -0.0104370330845
95.787160008 -5.10458111111e-08 -0.0104301996585
95.849991861 -5.11569307335e-08 -0.010423375166
95.9128237141 -5.12673592026e-08 -0.0104165595896
95.9756555672 -5.13770998959e-08 -0.0104097529117
96.0384874202 -5.14861561742e-08 -0.0104029551151
96.1013192733 -5.15945313804e-08 -0.0103961661823
96.1641511264 -5.17022288415e-08 -0.0103893860961
96.2269829795 -5.1809251866e-08 -0.0103826148391
96.2898148325 -5.19156037468e-08 -0.0103758523943
96.3526466856 -5.20212877597e-08 -0.0103690987443
96.4154785387 -5.21263071636e-08 -0.010362353872
96.4783103917 -5.2230665201e-08 -0.0103556177605
96.5411422448 -5.23343650981e-08 -0.0103488903926
96.6039740979 -5.24374100641e-08 -0.0103421717513
96.666805951 -5.25398032927e-08 -0.0103354618197
96.729637804 -5.2641547961e-08 -0.0103287605809
96.7924696571 -5.27426472295e-08 -0.010322068018
96.8553015102 -5.28431042438e-08 -0.0103153841142
96.9181333632 -5.29429221325e-08 -0.0103087088527
96.9809652163 -5.3042104009e-08 -0.0103020422168
97.0437970694 -5.31406529705e-08 -0.0102953841898
97.1066289225 -5.32385720987e-08 -0.010288734755
97.1694607755 -5.33358644598e-08 -0.0102820938959
97.2322926286 -5.34325331045e-08 -0.0102754615958
97.2951244817 -5.35285810676e-08 -0.0102688378383
97.3579563347 -5.36240113695e-08 -0.0102622226069
97.4207881878 -5.37188270144e-08 -0.0102556158851
97.4836200409 -5.38130309916e-08 -0.0102490176565
97.546451894 -5.39066262739e-08 -0.0102424279049
97.609283747 -5.3999615819e-08 -0.0102358466138
97.6721156001 -5.40920025695e-08 -0.0102292737671
97.7349474532 -5.41837894535e-08 -0.0102227093485
97.7977793063 -5.4274979384e-08 -0.0102161533417
97.8606111593 -5.43655752594e-08 -0.0102096057308
97.9234430124 -5.44555799637e-08 -0.0102030664994
97.9862748655 -5.45449963666e-08 -0.0101965356317
98.0491067185 -5.46338273226e-08 -0.0101900131116
98.1119385716 -5.47220756727e-08 -0.0101834989231
98.1747704247 -5.48097442432e-08 -0.0101769930502
98.2376022778 -5.48968358462e-08 -0.0101704954771
98.3004341308 -5.498335328e-08 -0.0101640061879
98.3632659839 -5.50692993285e-08 -0.0101575251668
98.426097837 -5.51546767617e-08 -0.010151052398
98.48892969 -5.52394883364e-08 -0.0101445878658
98.5517615431 -5.53237367945e-08 -0.0101381315545
98.6145933962 -5.5407424865e-08 -0.0101316834484
98.6774252493 -5.54905552625e-08 -0.0101252435319
98.7402571023 -5.5573130689e-08 -0.0101188117894
98.8030889554 -5.56551538321e-08 -0.0101123882054
98.8659208085 -5.57366273667e-08 -0.0101059727644
98.9287526615 -5.58175539536e-08 -0.010099565451
98.9915845146 -5.5897936241e-08 -0.0100931662496
99.0544163677 -5.59777768635e-08 -0.010086775145
99.1172482208 -5.60570784426e-08 -0.0100803921218
99.1800800738 -5.61358435866e-08 -0.0100740171646
99.2429119269 -5.62140748913e-08 -0.0100676502583
99.30574378 -5.62917749391e-08 -0.0100612913875
99.368575633 -5.63689462995e-08 -0.0100549405372
99.4314074861 -5.64455915297e-08 -0.0100485976921
99.4942393392 -5.65217131736e-08 -0.0100422628371
99.5570711923 -5.6597313763e-08 -0.0100359359572
99.6199030453 -5.66723958163e-08 -0.0100296170374
99.6827348984 -5.67469618407e-08 -0.0100233060625
99.7455667515 -5.68210143295e-08 -0.0100170030178
99.8083986045 -5.68945557645e-08 -0.0100107078882
99.8712304576 -5.6967588615e-08 -0.0100044206588
99.9340623107 -5.70401153381e-08 -0.00999814131489
99.9968941638 -5.71121383782e-08 -0.00999186984155
100.059726017 -5.71836601668e-08 -0.00998560622404
100.12255787 -5.72546831236e-08 -0.00997935044761
100.185389723 -5.73252096554e-08 -0.00997310249757
100.248221576 -5.73952421577e-08 -0.00996686235926
100.311053429 -5.74647830143e-08 -0.00996063001803
100.373885282 -5.75338345966e-08 -0.00995440545931
100.436717135 -5.7602399265e-08 -0.00994818866853
100.499548988 -5.76704793677e-08 -0.00994197963117
100.562380841 -5.77380772413e-08 -0.00993577833276
100.625212694 -5.78051952115e-08 -0.00992958475885
100.688044548 -5.78718355918e-08 -0.00992339889502
100.750876401 -5.79380006845e-08 -0.00991722072691
100.813708254 -5.80036927808e-08 -0.00991105024016
100.876540107 -5.80689141606e-08 -0.00990488742048
100.93937196 -5.81336670918e-08 -0.0098987322536
101.002203813 -5.81979538325e-08 -0.00989258472528
101.065035666 -5.82617766285e-08 -0.00988644482134
101.127867519 -5.83251377152e-08 -0.0098803125276
101.190699372 -5.83880393166e-08 -0.00987418782993
101.253531225 -5.84504836461e-08 -0.00986807071425
101.316363078 -5.8512472906e-08 -0.0098619611665
101.379194931 -5.85740092881e-08 -0.00985585917265
101.442026784 -5.86350949732e-08 -0.00984976471872
101.504858637 -5.8695732131e-08 -0.00984367779075
101.567690491 -5.87559229216e-08 -0.00983759837482
101.630522344 -5.88156694933e-08 -0.00983152645705
101.693354197 -5.8874973985e-08 -0.00982546202359
101.75618605 -5.89338385242e-08 -0.00981940506061
101.819017903 -5.89922652285e-08 -0.00981335555434
101.881849756 -5.90502562052e-08 -0.00980731349103
101.944681609 -5.91078135507e-08 -0.00980127885696
102.007513462 -5.91649393518e-08 -0.00979525163845
102.070345315 -5.92216356847e-08 -0.00978923182185
102.133177168 -5.92779046158e-08 -0.00978321939355
102.196009021 -5.93337482011e-08 -0.00977721433997
102.258840874 -5.93891684865e-08 -0.00977121664755
102.321672727 -5.94441675083e-08 -0.00976522630278
102.38450458 -5.94987472924e-08 -0.00975924329219
102.447336434 -5.95529098553e-08 -0.00975326760232
102.510168287 -5.96066572032e-08 -0.00974729921976
102.57300014 -5.96599913327e-08 -0.00974133813112
102.635831993 -5.97129142297e-08 -0.00973538432305
102.698663846 -5.97654278702e-08 -0.00972943778223
102.761495699 -5.98175342207e-08 -0.00972349849538
102.824327552 -5.98692352382e-08 -0.00971756644924
102.887159405 -5.992053287e-08 -0.0097116416306
102.949991258 -5.9971429054e-08 -0.00970572402625
103.012823111 -6.00219257187e-08 -0.00969981362305
103.075654964 -6.00720247835e-08 -0.00969391040786
103.138486817 -6.01217281578e-08 -0.0096880143676
103.20131867 -6.01710377426e-08 -0.0096821254892
103.264150523 -6.0219955429e-08 -0.00967624375963
103.326982377 -6.02684830991e-08 -0.0096703691659
103.38981423 -6.03166226262e-08 -0.00966450169503
103.452646083 -6.03643758743e-08 -0.00965864133409
103.515477936 -6.0411744698e-08 -0.00965278807017
103.578309789 -6.04587309436e-08 -0.00964694189041
103.641141642 -6.05053364482e-08 -0.00964110278195
103.703973495 -6.05515630399e-08 -0.009635270732
103.766805348 -6.05974125377e-08 -0.00962944572776
103.829637201 -6.06428867525e-08 -0.00962362775649
103.892469054 -6.0687987486e-08 -0.00961781680547
103.955300907 -6.07327165313e-08 -0.00961201286201
104.01813276 -6.07770756728e-08 -0.00960621591346
104.080964613 -6.08210666863e-08 -0.00960042594718
104.143796467 -6.0864691339e-08 -0.00959464295058
104.20662832 -6.09079513897e-08 -0.0095888669111
104.269460173 -6.09508485888e-08 -0.00958309781619
104.332292026 -6.09933846777e-08 -0.00957733565336
104.395123879 -6.10355613901e-08 -0.00957158041012
104.457955732 -6.10773804513e-08 -0.00956583207403
104.520787585 -6.11188435778e-08 -0.00956009063267
104.583619438 -6.11599524781e-08 -0.00955435607366
104.646451291 -6.12007088525e-08 -0.00954862838464
104.709283144 -6.12411143933e-08 -0.00954290755328
104.772114997 -6.12811707842e-08 -0.00953719356728
104.83494685 -6.13208797015e-08 -0.00953148641438
104.897778703 -6.13602428127e-08 -0.00952578608233
104.960610556 -6.13992617778e-08 -0.00952009255893
105.02344241 -6.14379382486e-08 -0.00951440583199
105.086274263 -6.14762738691e-08 -0.00950872588936
105.149106116 -6.15142702755e-08 -0.00950305271892
105.211937969 -6.15519290958e-08 -0.00949738630858
105.274769822 -6.15892519496e-08 -0.00949172664626
105.337601675 -6.16262404488e-08 -0.00948607371994
105.400433528 -6.16628961975e-08 -0.0094804275176
105.463265381 -6.1699220792e-08 -0.00947478802726
105.526097234 -6.17352158215e-08 -0.00946915523697
105.588929087 -6.17708828669e-08 -0.00946352913481
105.65176094 -6.18062235016e-08 -0.00945790970889
105.714592793 -6.18412392923e-08 -0.00945229694732
105.777424646 -6.18759317972e-08 -0.00944669083828
105.840256499 -6.19103025677e-08 -0.00944109136996
105.903088353 -6.19443531473e-08 -0.00943549853057
105.965920206 -6.1978085073e-08 -0.00942991230835
106.028752059 -6.20114998734e-08 -0.00942433269159
106.091583912 -6.20445990704e-08 -0.00941875966857
106.154415765 -6.20773841788e-08 -0.00941319322764
106.217247618 -6.21098567059e-08 -0.00940763335713
106.280079471 -6.21420181516e-08 -0.00940208004544
106.342911324 -6.21738700091e-08 -0.00939653328098
106.405743177 -6.22054137645e-08 -0.00939099305219
106.46857503 -6.22366508965e-08 -0.00938545934752
106.531406883 -6.22675828769e-08 -0.00937993215547
106.594238736 -6.22982111704e-08 -0.00937441146456
106.657070589 -6.23285372353e-08 -0.00936889726334
106.719902442 -6.2358562522e-08 -0.00936338954037
106.782734296 -6.2388288475e-08 -0.00935788828427
106.845566149 -6.24177165313e-08 -0.00935239348365
106.908398002 -6.24468481212e-08 -0.00934690512716
106.971229855 -6.24756846683e-08 -0.00934142320349
107.034061708 -6.25042275897e-08 -0.00933594770135
107.096893561 -6.25324782953e-08 -0.00933047860946
107.159725414 -6.25604381885e-08 -0.00932501591658
107.222557267 -6.25881086663e-08 -0.00931955961151
107.28538912 -6.26154911186e-08 -0.00931410968304
107.348220973 -6.26425869293e-08 -0.00930866612002
107.411052826 -6.26693974752e-08 -0.00930322891131
107.473884679 -6.26959241269e-08 -0.00929779804581
107.536716532 -6.27221682485e-08 -0.00929237351241
107.599548385 -6.27481311977e-08 -0.00928695530008
107.662380239 -6.27738143253e-08 -0.00928154339777
107.725212092 -6.27992189766e-08 -0.00927613779447
107.788043945 -6.28243464897e-08 -0.00927073847921
107.850875798 -6.28491981968e-08 -0.00926534544103
107.913707651 -6.28737754235e-08 -0.00925995866899
107.976539504 -6.28980794889e-08 -0.00925457815219
108.039371357 -6.2922111705e-08 -0.00924920387975
108.10220321 -6.29458733781e-08 -0.00924383584081
108.165035063 -6.29693658082e-08 -0.00923847402455
108.227866916 -6.29925902891e-08 -0.00923311842015
108.290698769 -6.30155481086e-08 -0.00922776901683
108.353530622 -6.30382405486e-08 -0.00922242580385
108.416362475 -6.30606688846e-08 -0.00921708877046
108.479194328 -6.30828343867e-08 -0.00921175790596
108.542026182 -6.31047383182e-08 -0.00920643319968
108.604858035 -6.31263819372e-08 -0.00920111464094
108.667689888 -6.31477664954e-08 -0.00919580221913
108.730521741 -6.3168893239e-08 -0.00919049592363
108.793353594 -6.31897634082e-08 -0.00918519574386
108.856185447 -6.32103782371e-08 -0.00917990166927
108.9190173 -6.32307389545e-08 -0.0091746136893
108.981849153 -6.3250846783e-08 -0.00916933179347
109.044681006 -6.32707029398e-08 -0.00916405597127
109.107512859 -6.32903086363e-08 -0.00915878621225
109.170344712 -6.3309665078e-08 -0.00915352250597
109.233176565 -6.3328773465e-08 -0.00914826484201
109.296008418 -6.33476349919e-08 -0.00914301320998
109.358840271 -6.33662508474e-08 -0.00913776759952
109.421672125 -6.33846222147e-08 -0.00913252800029
109.484503978 -6.34027502715e-08 -0.00912729440196
109.547335831 -6.34206361904e-08 -0.00912206679424
109.610167684 -6.34382811374e-08 -0.00911684516685
109.672999537 -6.34556862746e-08 -0.00911162950956
109.73583139 -6.34728527574e-08 -0.00910641981212
109.798663243 -6.34897817363e-08 -0.00910121606435
109.861495096 -6.35064743564e-08 -0.00909601825606
109.924326949 -6.35229317575e-08 -0.0090908263771
109.987158802 -6.35391550741e-08 -0.00908564041733
110.049990655 -6.35551454352e-08 -0.00908046036665
110.112822508 -6.35709039648e-08 -0.00907528621496
110.175654361 -6.35864317814e-08 -0.00907011795221
110.238486214 -6.36017299984e-08 -0.00906495556836
110.301318068 -6.36167997241e-08 -0.00905979905338
110.364149921 -6.36316420616e-08 -0.00905464839729
110.426981774 -6.36462581087e-08 -0.0090495035901
110.489813627 -6.36606489585e-08 -0.00904436462188
110.55264548 -6.36748156984e-08 -0.00903923148269
110.615477333 -6.36887594112e-08 -0.00903410416263
110.678309186 -6.37024811746e-08 -0.00902898265181
110.741141039 -6.37159820615e-08 -0.00902386694039
110.803972892 -6.37292631395e-08 -0.00901875701851
110.866804745 -6.37423254716e-08 -0.00901365287637
110.929636598 -6.37551701158e-08 -0.00900855450417
110.992468451 -6.37677981251e-08 -0.00900346189214
111.055300304 -6.37802105476e-08 -0.00899837503053
111.118132157 -6.37924084267e-08 -0.00899329390962
111.180964011 -6.38043928007e-08 -0.0089882185197
111.243795864 -6.38161647032e-08 -0.00898314885108
111.306627717 -6.38277251634e-08 -0.00897808489411
111.36945957 -6.38390752048e-08 -0.00897302663915
111.432291423 -6.38502158471e-08 -0.00896797407658
111.495123276 -6.38611481046e-08 -0.0089629271968
111.557955129 -6.38718729874e-08 -0.00895788599024
111.620786982 -6.38823915007e-08 -0.00895285044734
111.683618835 -6.38927046451e-08 -0.00894782055858
111.746450688 -6.39028134164e-08 -0.00894279631444
111.809282541 -6.39127188058e-08 -0.00893777770543
111.872114394 -6.39224218003e-08 -0.00893276472209
111.934946247 -6.3931923382e-08 -0.00892775735497
111.9977781 -6.39412245284e-08 -0.00892275559465
112.060609954 -6.39503262126e-08 -0.00891775943171
112.123441807 -6.39592294034e-08 -0.00891276885678
112.18627366 -6.39679350649e-08 -0.00890778386049
112.249105513 -6.39764441566e-08 -0.00890280443351
112.311937366 -6.39847576341e-08 -0.0088978305665
112.374769219 -6.39928764479e-08 -0.00889286225018
112.437601072 -6.40008015445e-08 -0.00888789947526
112.500432925 -6.4008533866e-08 -0.00888294223249
112.563264778 -6.40160743505e-08 -0.00887799051262
112.626096631 -6.40234239309e-08 -0.00887304430644
112.688928484 -6.40305835367e-08 -0.00886810360476
112.751760337 -6.40375540928e-08 -0.00886316839838
112.81459219 -6.40443365194e-08 -0.00885823867817
112.877424043 -6.40509317332e-08 -0.00885331443499
112.940255897 -6.40573406462e-08 -0.00884839565971
113.00308775 -6.40635641662e-08 -0.00884348234324
113.065919603 -6.40696031972e-08 -0.00883857447651
113.128751456 -6.40754586386e-08 -0.00883367205047
113.191583309 -6.40811313859e-08 -0.00882877505607
113.254415162 -6.40866223304e-08 -0.00882388348431
113.317247015 -6.40919323596e-08 -0.00881899732619
113.380078868 -6.40970623564e-08 -0.00881411657273
113.442910721 -6.41020132001e-08 -0.00880924121497
113.505742574 -6.41067857654e-08 -0.008804371244
113.568574427 -6.41113809233e-08 -0.00879950665087
113.63140628 -6.41157995377e-08 -0.00879464742671
113.694238133 -6.41200424687e-08 -0.00878979356262
113.757069986 -6.41241105722e-08 -0.00878494504975
113.81990184 -6.41280047001e-08 -0.00878010187926
113.882733693 -6.41317257006e-08 -0.00877526404232
113.945565546 -6.41352744177e-08 -0.00877043153014
114.008397399 -6.4138651692e-08 -0.00876560433393
114.071229252 -6.41418583599e-08 -0.00876078244494
114.134061105 -6.41448952542e-08 -0.00875596585441
114.196892958 -6.41477632038e-08 -0.00875115455362
114.259724811 -6.41504630335e-08 -0.00874634853386
114.322556664 -6.41529955654e-08 -0.00874154778646
114.385388517 -6.41553616165e-08 -0.00873675230274
114.44822037 -6.4157562001e-08 -0.00873196207406
114.511052223 -6.41595975289e-08 -0.00872717709178
114.573884076 -6.41614690069e-08 -0.00872239734729
114.636715929 -6.41631772375e-08 -0.00871762283201
114.699547783 -6.41647230203e-08 -0.00871285353736
114.762379636 -6.41661071506e-08 -0.00870808945478
114.825211489 -6.41673304204e-08 -0.00870333057575
114.888043342 -6.41683936178e-08 -0.00869857689174
114.950875195 -6.41692975277e-08 -0.00869382839425
115.013707048 -6.41700429313e-08 -0.00868908507482
115.076538901 -6.41706306061e-08 -0.00868434692496
115.139370754 -6.41710613262e-08 -0.00867961393625
115.202202607 -6.41713358621e-08 -0.00867488610026
115.26503446 -6.41714549809e-08 -0.00867016340857
115.327866313 -6.41714194462e-08 -0.00866544585282
115.390698166 -6.41712300182e-08 -0.00866073342461
115.453530019 -6.41708874533e-08 -0.00865602611561
115.516361872 -6.41703925048e-08 -0.00865132391748
115.579193726 -6.41697459227e-08 -0.0086466268219
115.642025579 -6.41689484531e-08 -0.00864193482057
115.704857432 -6.41680008391e-08 -0.00863724790523
115.767689285 -6.41669038204e-08 -0.0086325660676
115.830521138 -6.41656581333e-08 -0.00862788929944
115.893352991 -6.41642645107e-08 -0.00862321759253
115.956184844 -6.41627236823e-08 -0.00861855093866
116.019016697 -6.41610363743e-08 -0.00861388932964
116.08184855 -6.41592033099e-08 -0.0086092327573
116.144680403 -6.41572252087e-08 -0.00860458121347
116.207512256 -6.41551027873e-08 -0.00859993469004
116.270344109 -6.4152836759e-08 -0.00859529317886
116.333175962 -6.41504278337e-08 -0.00859065667185
116.396007816 -6.41478767184e-08 -0.00858602516092
116.458839669 -6.41451841179e-08 -0.008581398638
116.521671522 -6.41423507401e-08 -0.00857677709505
116.584503375 -6.41393772902e-08 -0.00857216052404
116.647335228 -6.41362644711e-08 -0.00856754891697
116.710167081 -6.41330129817e-08 -0.00856294226585
116.772998934 -6.41296235185e-08 -0.0085583405627
116.835830787 -6.4126096774e-08 -0.00855374379957
116.89866264 -6.41224334381e-08 -0.00854915196853
116.961494493 -6.41186341975e-08 -0.00854456506164
117.024326346 -6.41146997352e-08 -0.008539983071
117.087158199 -6.41106307322e-08 -0.00853540598873
117.149990052 -6.41064278652e-08 -0.00853083380695
117.212821905 -6.41020918085e-08 -0.00852626651781
117.275653759 -6.40976232332e-08 -0.00852170411347
117.338485612 -6.40930228073e-08 -0.00851714658612
117.401317465 -6.40882911958e-08 -0.00851259392794
117.464149318 -6.40834290604e-08 -0.00850804613116
117.526981171 -6.40784370603e-08 -0.00850350318799
117.589813024 -6.40733158512e-08 -0.00849896509069
117.652644877 -6.40680660863e-08 -0.00849443183152
117.71547673 -6.40626884153e-08 -0.00848990340275
117.778308583 -6.40571834853e-08 -0.00848537979668
117.841140436 -6.40515519402e-08 -0.00848086100563
117.903972289 -6.40457944215e-08 -0.00847634702191
117.966804142 -6.40399115671e-08 -0.00847183783789
118.029635995 -6.40339040123e-08 -0.0084673334459
118.092467848 -6.40277723896e-08 -0.00846283383834
118.155299702 -6.40215173287e-08 -0.00845833900759
118.218131555 -6.40151394559e-08 -0.00845384894606
118.280963408 -6.40086393952e-08 -0.00844936364618
118.343795261 -6.40020177679e-08 -0.00844488310039
118.406627114 -6.39952751918e-08 -0.00844040730115
118.469458967 -6.39884122823e-08 -0.00843593624092
118.53229082 -6.39814296522e-08 -0.0084314699122
118.595122673 -6.39743279111e-08 -0.0084270083075
118.657954526 -6.39671076663e-08 -0.00842255141932
118.720786379 -6.39597695216e-08 -0.00841809924021
118.783618232 -6.39523140789e-08 -0.00841365176273
118.846450085 -6.3944741937e-08 -0.00840920897943
118.909281938 -6.39370536918e-08 -0.0084047708829
118.972113791 -6.39292499368e-08 -0.00840033746574
119.034945645 -6.39213312627e-08 -0.00839590872057
119.097777498 -6.39132982574e-08 -0.00839148464001
119.160609351 -6.39051515066e-08 -0.00838706521671
119.223441204 -6.38968915926e-08 -0.00838265044334
119.286273057 -6.38885190957e-08 -0.00837824031256
119.34910491 -6.38800345932e-08 -0.00837383481706
119.411936763 -6.38714386602e-08 -0.00836943394957
119.474768616 -6.38627318634e-08 -0.00836503770279
119.537600469 -6.3853914749e-08 -0.00836064606943
119.600432322 -6.38449878544e-08 -0.00835625904223
119.663264175 -6.38359517159e-08 -0.00835187661391
119.726096028 -6.38268068667e-08 -0.00834749877724
119.788927881 -6.38175538382e-08 -0.00834312552497
119.851759734 -6.3808193159e-08 -0.0083387568499
119.914591588 -6.37987253563e-08 -0.00833439274483
119.977423441 -6.37891509538e-08 -0.00833003320256
120.040255294 -6.37794704738e-08 -0.00832567821594
120.103087147 -6.37696844365e-08 -0.00832132777779
120.165919 -6.37597933593e-08 -0.00831698188099
120.228750853 -6.37497977574e-08 -0.00831264051841
120.291582706 -6.37396981443e-08 -0.00830830368293
120.354414559 -6.37294950305e-08 -0.00830397136746
120.417246412 -6.37191889254e-08 -0.00829964356492
120.480078265 -6.3708780335e-08 -0.00829532026825
120.542910118 -6.36982697641e-08 -0.00829100147038
120.605741971 -6.36876577146e-08 -0.00828668716429
120.668573824 -6.36769446869e-08 -0.00828237734296
120.731405677 -6.36661311787e-08 -0.00827807199937
120.794237531 -6.36552176858e-08 -0.00827377112653
120.857069384 -6.3644204702e-08 -0.00826947471746
120.919901237 -6.36330927186e-08 -0.00826518276521
120.98273309 -6.36218822251e-08 -0.00826089526282
121.045564943 -6.36105737092e-08 -0.00825661220335
121.108396796 -6.35991676556e-08 -0.00825233357989
121.171228649 -6.35876645478e-08 -0.00824805938553
121.234060502 -6.35760648665e-08 -0.00824378961337
121.296892355 -6.35643690911e-08 -0.00823952425655
121.359724208 -6.35525776983e-08 -0.00823526330819
121.422556061 -6.35406911631e-08 -0.00823100676145
121.485387914 -6.35287099585e-08 -0.0082267546095
121.548219767 -6.35166345552e-08 -0.0082225068455
121.61105162 -6.35044654219e-08 -0.00821826346266
121.673883474 -6.34922030256e-08 -0.00821402445419
121.736715327 -6.34798478311e-08 -0.0082097898133
121.79954718 -6.34674003012e-08 -0.00820555953323
121.862379033 -6.34548608967e-08 -0.00820133360723
121.925210886 -6.34422300766e-08 -0.00819711202856
121.988042739 -6.34295082975e-08 -0.00819289479051
122.050874592 -6.34166960146e-08 -0.00818868188635
122.113706445 -6.34037936807e-08 -0.0081844733094
122.176538298 -6.33908017472e-08 -0.00818026905298
122.239370151 -6.33777206629e-08 -0.00817606911041
122.302202004 -6.33645508751e-08 -0.00817187347505
122.365033857 -6.3351292829e-08 -0.00816768214025
122.42786571 -6.33379469681e-08 -0.00816349509939
122.490697563 -6.33245137339e-08 -0.00815931234585
122.553529417 -6.33109935816e-08 -0.00815513387306
122.61636127 -6.32973870271e-08 -0.0081509596745
122.679193123 -6.32836945991e-08 -0.00814678974372
122.742024976 -6.32699168242e-08 -0.00814262407424
122.804856829 -6.32560542261e-08 -0.00813846265962
122.867688682 -6.32421073256e-08 -0.00813430549343
122.930520535 -6.32280766414e-08 -0.00813015256925
122.993352388 -6.32139626893e-08 -0.00812600388066
123.056184241 -6.31997659828e-08 -0.00812185942129
123.119016094 -6.31854870327e-08 -0.00811771918474
123.181847947 -6.3171126347e-08 -0.00811358316464
123.2446798 -6.31566844315e-08 -0.00810945135465
123.307511653 -6.31421617896e-08 -0.00810532374841
123.370343506 -6.31275589218e-08 -0.0081012003396
123.43317536 -6.31128763265e-08 -0.00809708112189
123.496007213 -6.30981144992e-08 -0.00809296608899
123.558839066 -6.30832739333e-08 -0.00808885523459
123.621670919 -6.30683551197e-08 -0.00808474855243
123.684502772 -6.30533585467e-08 -0.00808064603623
123.747334625 -6.30382847001e-08 -0.00807654767974
123.810166478 -6.30231340637e-08 -0.00807245347671
123.872998331 -6.30079071184e-08 -0.00806836342092
123.935830184 -6.2992604343e-08 -0.00806427750614
123.998662037 -6.2977226214e-08 -0.00806019572618
124.06149389 -6.29617732051e-08 -0.00805611807484
124.124325743 -6.29462457882e-08 -0.00805204454593
124.187157596 -6.29306444324e-08 -0.0080479751333
124.249989449 -6.29149696049e-08 -0.00804390983078
124.312821303 -6.28992217699e-08 -0.00803984863224
124.375653156 -6.288340139e-08 -0.00803579153154
124.438485009 -6.28675089251e-08 -0.00803173852255
124.501316862 -6.28515448331e-08 -0.00802768959919
124.564148715 -6.28355095691e-08 -0.00802364475534
124.626980568 -6.28194035866e-08 -0.00801960398493
124.689812421 -6.28032273363e-08 -0.00801556728189
124.752644274 -6.2786981267e-08 -0.00801153464015
124.815476127 -6.27706658249e-08 -0.00800750605368
124.87830798 -6.27542814545e-08 -0.00800348151644
124.941139833 -6.27378285978e-08 -0.00799946102239
125.003971686 -6.27213076943e-08 -0.00799544456555
125.066803539 -6.27047191819e-08 -0.0079914321399
125.129635392 -6.26880634959e-08 -0.00798742373945
125.192467246 -6.26713410694e-08 -0.00798341935824
125.255299099 -6.26545523335e-08 -0.0079794189903
125.318130952 -6.26376977174e-08 -0.00797542262967
125.380962805 -6.26207776479e-08 -0.00797143027043
125.443794658 -6.26037925494e-08 -0.00796744190663
125.506626511 -6.25867428444e-08 -0.00796345753237
125.569458364 -6.25696289535e-08 -0.00795947714174
125.632290217 -6.2552451295e-08 -0.00795550072885
