-1.800000000000201084e+01 7.560351631134392471e-09
-1.768637079511795918e+01 5.677301181850339868e-09
-1.738314684757837725e+01 9.268205361599867186e-09
-1.708981328123576660e+01 6.491224900054565546e-09
-1.680588863433072433e+01 1.534652412147585918e-08
-1.653092219204418001e+01 3.658275817391529921e-08
-1.626449157056260830e+01 4.643465387050334725e-08
-1.600620052541652782e+01 5.732564359020327532e-08
-1.575567696017295916e+01 7.105828047422779025e-08
-1.551257111443442049e+01 1.262887160793948091e-07
-1.527655391258613626e+01 9.172628974661075895e-08
-1.504731545689701200e+01 7.313198378726218698e-08
-1.482456365046278535e+01 1.267553797815799826e-07
-1.460802293712368716e+01 1.743962421826191385e-07
-1.439743314692604947e+01 2.037054593757051239e-07
-1.419254843695589230e+01 2.325911572434205485e-07
-1.399313631847824624e+01 2.512002675883661732e-07
-1.379897676228727654e+01 2.973002553777545332e-07
-1.360986137502872673e+01 3.453300097426358342e-07
-1.342559264001182306e+01 3.737439325053946285e-07
-1.324598321669588152e+01 4.640253542908655965e-07
-1.307085529362816168e+01 4.666211737022425634e-07
-1.290003999013476133e+01 5.116691631966903244e-07
-1.273337680253193582e+01 5.393401975207807217e-07
-1.257071309104041035e+01 6.245426588815491821e-07
-1.241190360395464154e+01 7.644996590838498863e-07
-1.225681003594876195e+01 7.991139690654514648e-07
-1.210530061769597765e+01 8.321108729046860243e-07
-1.195724973424155202e+01 9.007839526420367192e-07
-1.181253756980619762e+01 9.896604562865293776e-07
-1.167104977690866718e+01 1.067497090203540722e-06
-1.153267716788677255e+01 1.173509471093815693e-06
-1.139731542706779699e+01 1.261117456036316421e-06
-1.126486484199332239e+01 1.238712570597490011e-06
-1.113523005224293527e+01 1.456112321950105034e-06
-1.100831981452695096e+01 1.558552758793490448e-06
-1.088404678283180083e+01 1.512478031267549709e-06
-1.076232730250476877e+01 1.671868130192006111e-06
-1.064308121725769141e+01 1.645562006054363842e-06
-1.052623168815380517e+01 1.681738112452494851e-06
-1.041170502371859463e+01 1.896750677268979450e-06
-1.029943052038521678e+01 1.956452645598760694e-06
-1.018934031254830330e+01 2.067983103479344573e-06
-1.008136923155793951e+01 2.164969108271874478e-06
-9.975454673037956965e+00 2.346041709023492103e-06
-9.871536471960840942e+00 2.279216355451804684e-06
-9.769556784955334194e+00 2.467557879845211069e-06
-9.669459979362780899e+00 2.415306438814255568e-06
-9.571192528595137361e+00 2.533303860280904904e-06
-9.474702913380864899e+00 2.671868558667943785e-06
-9.379941528515811200e+00 2.902700204436907288e-06
-9.286860594764403842e+00 2.862023916499485819e-06
-9.195414075582201363e+00 2.975854142786002158e-06
-9.105557598354884874e+00 2.968995515571676730e-06
-9.017248379870389741e+00 3.070567407824767750e-06
-8.930445155761116638e+00 3.040906394852698836e-06
-8.845108113671695804e+00 3.154651918597567680e-06
-8.761198829924738973e+00 3.333707547353532819e-06
-8.678680209472876328e+00 3.346512363299821833e-06
-8.597516428939853128e+00 3.375498585050576304e-06
-8.517672882566811765e+00 3.621205116182233292e-06
-8.439116130892410084e+00 3.636912950162016684e-06
-8.361813852006719117e+00 3.767021167954580631e-06
-8.285734795229661387e+00 3.633121464940923089e-06
-8.210848737074378789e+00 3.765104071352691611e-06
-8.137126439365120589e+00 3.726895991929288545e-06
-8.064539609387715302e+00 3.837752458936656696e-06
-7.993060861958362295e+00 3.934379356443221050e-06
-7.922663683303976967e+00 3.973052852970702921e-06
-7.853322396653874549e+00 4.017364794440533202e-06
-7.785012129448951157e+00 4.034092444235693018e-06
-7.717708782080378249e+00 4.004294603699409444e-06
-7.651388998075133507e+00 4.102717599760235482e-06
-7.586030135650944750e+00 4.132315263510800052e-06
-7.521610240567749628e+00 4.143058222155398834e-06
-7.458108020207273370e+00 4.074410241046287486e-06
-7.395502818816379609e+00 4.209355786290182696e-06
-7.333774593853726209e+00 4.422600325646225183e-06
-7.272903893382695273e+00 4.373489103132523914e-06
-7.212871834457117437e+00 4.545434744993773321e-06
-7.153660082449187385e+00 4.590656569121934888e-06
-7.095250831272068126e+00 4.598852818727294545e-06
-7.037626784452278628e+00 4.453906888382920975e-06
-6.980771137009643468e+00 4.426681906975475875e-06
-6.924667558104775189e+00 4.520781495006624098e-06
-6.869300174416541616e+00 4.596374832358927586e-06
-6.814653554213885300e+00 4.687738202474179536e-06
-6.760712692088343800e+00 4.503459734013087508e-06
-6.707462994315648963e+00 4.486184841254933934e-06
-6.654890264816202716e+00 4.681908319310323455e-06
-6.602980691686176407e+00 4.874883718695659823e-06
-6.551720834272277472e+00 4.879816537291777878e-06
-6.501097610764786872e+00 4.644090205880453558e-06
-6.451098286284775440e+00 4.739048052921817588e-06
-6.401710461442654321e+00 4.777213146536574002e-06
-6.352922061346510496e+00 4.762673606081458651e-06
-6.304721325039668756e+00 4.603023735742368510e-06
-6.257096795348075169e+00 4.562048063495491483e-06
-6.210037309119101678e+00 4.624673050474887564e-06
-6.163531987834188541e+00 4.815174669027192709e-06
-6.117570228578837366e+00 4.870182011024991331e-06
-6.072141695354100754e+00 4.605447874559910596e-06
-6.027236310714632950e+00 4.508724291670866027e-06
-5.982844247719062203e+00 4.558773178163735901e-06
-5.938955922179146363e+00 4.534986934667855013e-06
-5.895561985194874843e+00 4.689055278506943613e-06
-5.852653315963272540e+00 4.820217334243947623e-06
-5.810221014849253685e+00 4.870904992220447661e-06
-5.768256396707496236e+00 4.830469526631635384e-06
-5.726750984444712422e+00 4.780216269219497607e-06
-5.685696502812374042e+00 4.633906663631548546e-06
-5.645084872420248701e+00 4.526992382410127978e-06
-5.604908203961667112e+00 4.668298087204515465e-06
-5.565158792641851981e+00 4.791503163491183742e-06
-5.525829112800970222e+00 4.681091962518644435e-06
-5.486911812724083681e+00 4.428408863408345576e-06
-5.448399709630409760e+00 4.329488689791248794e-06
-5.410285784834729661e+00 4.494596953018838421e-06
-5.372563179074079542e+00 4.521584117071004150e-06
-5.335225187993163587e+00 4.528083884162689075e-06
-5.298265257782246884e+00 4.574070425181457898e-06
-5.261676980961550676e+00 4.592576967144369847e-06
-5.225454092306433651e+00 4.632354392901064804e-06
-5.189590464907923639e+00 4.682711561128303448e-06
-5.154080106363324809e+00 4.694680493414816165e-06
-5.118917155092023386e+00 4.649307977348961620e-06
-5.084095876771596245e+00 4.665276990436875669e-06
-5.049610660889740643e+00 4.770824841145446494e-06
-5.015456017407655231e+00 4.674447105093945025e-06
-4.981626573530626878e+00 4.424720573028905157e-06
-4.948117070581910859e+00 4.219995041808697453e-06
-4.914922360976011539e+00 4.230112686732292191e-06
-4.882037405287712239e+00 4.268784251079396893e-06
-4.849457269413337102e+00 4.268060251976751564e-06
-4.817177121820895636e+00 4.307393314125824769e-06
-4.785192230885824571e+00 4.363452959949913523e-06
-4.753497962309302771e+00 4.371639985413377794e-06
-4.722089776616123835e+00 4.305356911637709479e-06
-4.690963226729293112e+00 4.315977614361610388e-06
-4.660113955618596648e+00 4.436269257373954839e-06
-4.629537694020590344e+00 4.488229573494121847e-06
-4.599230258227382961e+00 4.458832948901810638e-06
-4.569187547941903738e+00 4.383339800404450169e-06
-4.539405544197283149e+00 4.278207925187601515e-06
-4.509880307338105077e+00 4.128602576867225979e-06
-4.480607975061465353e+00 4.000592205282171943e-06
-4.451584760515686412e+00 4.060279580771081988e-06
-4.422806950454783781e+00 4.148665439062546048e-06
-4.394270903446768628e+00 4.148109434054082481e-06
-4.365973048133954926e+00 4.177909863524834472e-06
-4.337909881543509094e+00 4.225094787486750280e-06
-4.310077967446587444e+00 4.191167809830150106e-06
-4.282473934764412071e+00 4.076798715015823609e-06
-4.255094476019731786e+00 3.950426700767106268e-06
-4.227936345832168819e+00 3.863278121425737892e-06
-4.200996359456015128e+00 3.884619004905688231e-06
-4.174271391359062555e+00 4.000117764082868300e-06
-4.147758373841154089e+00 4.082147650218541390e-06
-4.121454295691163061e+00 4.052957919322454768e-06
-4.095356200881122177e+00 3.952404288179918207e-06
-4.069461187296388616e+00 3.887267468425322533e-06
-4.043766405500584860e+00 3.897294362661838114e-06
-4.018269057534298305e+00 3.930493320074351929e-06
-3.992966395746416985e+00 3.942778446138997815e-06
-3.967855721657088441e+00 3.928886150461044833e-06
-3.942934384851309204e+00 3.925354827150416396e-06
-3.918199781902168777e+00 3.930948133684050185e-06
-3.893649355322847061e+00 3.906723449367482752e-06
-3.869280592546462394e+00 3.857293034616597038e-06
-3.845091024932894896e+00 3.833211444899834865e-06
-3.821078226801797317e+00 3.880717456869149580e-06
-3.797239814490932730e+00 3.945226963966325275e-06
-3.773573445439120100e+00 3.944427385517102187e-06
-3.750076817293014120e+00 3.899686808248583540e-06
-3.726747667036997225e+00 3.864879488964973145e-06
-3.703583770145510101e+00 3.862145561790053294e-06
-3.680582939757102157e+00 3.856482517593048687e-06
-3.657743025869630404e+00 3.805094144302101221e-06
-3.635061914555887341e+00 3.776415797657294586e-06
-3.612537527199123133e+00 3.871633292280143843e-06
-3.590167819747855482e+00 4.042214444845746632e-06
-3.567950781989368547e+00 4.134377695950957799e-06
-3.545884436841426179e+00 4.085302977188577254e-06
-3.523966839661581307e+00 3.952869333975688273e-06
-3.502196077573649369e+00 3.823267568463980483e-06
-3.480570268810808887e+00 3.756169105903377347e-06
-3.459087562074850908e+00 3.759458343123801853e-06
-3.437746135911134981e+00 3.797881601556055692e-06
-3.416544198098792506e+00 3.827985269316185811e-06
-3.395479985055740890e+00 3.830385239633038673e-06
-3.374551761258098193e+00 3.800729302992768860e-06
-3.353757818673582580e+00 3.737697767570685766e-06
-3.333096476208523118e+00 3.668326103596095650e-06
-3.312566079168071553e+00 3.632640847187892876e-06
-3.292164998729279812e+00 3.632766372197144548e-06
-3.271891631426664837e+00 3.635552215722782063e-06
-3.251744398649922374e+00 3.621126913534186039e-06
-3.231721746153456643e+00 3.614869882064317453e-06
-3.211822143577407918e+00 3.658947739764454734e-06
-3.192044083979844071e+00 3.748210707983932048e-06
-3.172386083379843402e+00 3.820598668135993825e-06
-3.152846680311138350e+00 3.831578517973011922e-06
-3.133424435386072737e+00 3.815187840508644402e-06
-3.114117930869558570e+00 3.836086660128410931e-06
-3.094925770262795250e+00 3.901413112387804458e-06
-3.075846577896469647e+00 3.969867400268838308e-06
-3.056878998533198555e+00 4.016532443765542927e-06
-3.038021696978961295e+00 4.030216120316796252e-06
-3.019273357703287086e+00 3.995259423593795905e-06
-3.000632684467968048e+00 3.925921646255100841e-06
-2.982098399964077995e+00 3.874619291115427640e-06
-2.963669245457069223e+00 3.878762958747619782e-06
-2.945343980439752762e+00 3.923587029540699531e-06
-2.927121382292947160e+00 3.969320088579419106e-06
-2.909000245953597297e+00 4.000083011617664398e-06
-2.890979383590179363e+00 4.027398411663366589e-06
-2.873057624285205058e+00 4.046781446865984232e-06
-2.855233813724623815e+00 4.025582643384662097e-06
-2.837506813893987179e+00 3.957662418850385577e-06
-2.819875502781155951e+00 3.893293758837315015e-06
-2.802338774085429751e+00 3.883399487883392999e-06
-2.784895536932901372e+00 3.924334388421390075e-06
-2.767544715597910265e+00 3.974275762227772416e-06
-2.750285249230413953e+00 4.000028021520155025e-06
-2.733116091589155250e+00 4.001390358514115429e-06
-2.716036210780464089e+00 4.001109158589666309e-06
-2.699044589002566052e+00 4.018560475523460256e-06
-2.682140222295249732e+00 4.056457713271269353e-06
-2.665322120294779662e+00 4.104572553775442057e-06
-2.648589305993904297e+00 4.146767768464445758e-06
-2.631940815506855547e+00 4.170733929677097264e-06
-2.615375697839200431e+00 4.180969706293000007e-06
-2.598893014662444045e+00 4.198153165011365629e-06
-2.582491840093254609e+00 4.236057788522508114e-06
-2.566171260477212002e+00 4.282727172840651805e-06
-2.549930374176959447e+00 4.315158577213203039e-06
-2.533768291364664638e+00 4.330948848522858685e-06
-2.517684133818677505e+00 4.355855721495485348e-06
-2.501677034724291371e+00 4.415424813697368383e-06
-2.485746138478510670e+00 4.500275328935556573e-06
-2.469890600498723998e+00 4.567776159899317049e-06
-2.454109587035200768e+00 4.585549242796901388e-06
-2.438402274987315543e+00 4.569010763506000519e-06
-2.422767851723407695e+00 4.573546778538439773e-06
-2.407205514904207533e+00 4.658374795804588437e-06
-2.391714472309731221e+00 4.853799032791943508e-06
-2.376293941669569421e+00 5.130915660828308360e-06
-2.360943150496495058e+00 5.385548693865152534e-06
-2.345661335923311608e+00 5.490911228701330455e-06
-2.330447744542858413e+00 5.410102492511960503e-06
-2.315301632251118846e+00 5.240083456722046610e-06
-2.300222264093345625e+00 5.117915225343008760e-06
-2.285208914113144640e+00 5.105602357311188739e-06
-2.270260865204440481e+00 5.179980197193610145e-06
-2.255377408966269037e+00 5.294874084553039163e-06
-2.240557845560325223e+00 5.419685671085385341e-06
-2.225801483571210770e+00 5.535166903472993224e-06
-2.211107639869315467e+00 5.623489463824589145e-06
-2.196475639476279440e+00 5.671137004977474945e-06
-2.181904815432973432e+00 5.676808491621784865e-06
-2.167394508669943320e+00 5.656047112560827654e-06
-2.152944067880271817e+00 5.636851806535983881e-06
-2.138552849394784516e+00 5.645381456345351266e-06
-2.124220217059574090e+00 5.692627308224419569e-06
-2.109945542115772454e+00 5.773405598394385998e-06
-2.095728203081529628e+00 5.875090837784414753e-06
-2.081567585636154849e+00 5.985561765512791233e-06
-2.067463082506362237e+00 6.096049920799779081e-06
-2.053414093354584136e+00 6.201724041113843475e-06
-2.039420024669305942e+00 6.302384332155125954e-06
-2.025480289657382471e+00 6.402051036137912974e-06
-2.011594308138276332e+00 6.507365144781484803e-06
-1.997761506440205226e+00 6.626737874043563298e-06
-1.983981317298131319e+00 6.770481566002827459e-06
-1.970253179753569617e+00 6.949923287996088330e-06
-1.956576539056167352e+00 7.172876330359313784e-06
-1.942950846567025547e+00 7.435633149296782854e-06
-1.929375559663717654e+00 7.718612534823267779e-06
-1.915850141646975535e+00 7.994222846493782641e-06
-1.902374061649005244e+00 8.242506975171241964e-06
-1.888946794543396868e+00 8.459464510168012661e-06
-1.875567820856598900e+00 8.653465660293622888e-06
-1.862236626680921825e+00 8.841661030247756998e-06
-1.848952703589041180e+00 9.050680737481859591e-06
-1.835715548549967879e+00 9.307966486957926764e-06
-1.822524663846452730e+00 9.618565428464071631e-06
-1.809379556993800708e+00 9.951430802342157110e-06
-1.796279740660062796e+00 1.025932340776324452e-05
-1.783224732587581407e+00 1.051723151850704753e-05
-1.770214055515849871e+00 1.073990243818932460e-05
-1.757247237105675541e+00 1.096447993913633756e-05
-1.744323809864610553e+00 1.122173271560937567e-05
-1.731443311073621372e+00 1.152215309257323132e-05
-1.718605282714980698e+00 1.186023826795618370e-05
-1.705809271401351745e+00 1.222446006924483351e-05
-1.693054828306041149e+00 1.260347561298821360e-05
-1.680341509094399610e+00 1.298883398321345334e-05
-1.667668873856344547e+00 1.337797511302658699e-05
-1.655036487039980519e+00 1.377795982700617838e-05
-1.642443917386301022e+00 1.420651093407686603e-05
-1.629890737864948980e+00 1.468665040710980567e-05
-1.617376525611005755e+00 1.523478405884750369e-05
-1.604900861862805783e+00 1.584810265890551723e-05
-1.592463331900736856e+00 1.650137209755258904e-05
-1.580063524987020074e+00 1.716010445827868835e-05
-1.567701034306447028e+00 1.780519578876909806e-05
-1.555375456908052678e+00 1.845268067553302666e-05
-1.543086393647707277e+00 1.915299113201995087e-05
-1.530833449131608237e+00 1.996873490113271503e-05
-1.518616231660659732e+00 2.094535516707680972e-05
-1.506434353175712282e+00 2.209044375662233309e-05
-1.494287429203655870e+00 2.336693498702140264e-05
-1.482175078804342627e+00 2.469652402649691051e-05
-1.470096924518329295e+00 2.597570857661435633e-05
-1.458052592315416618e+00 2.711121856988686515e-05
-1.446041711543979202e+00 2.806786068542484782e-05
-1.434063914881057000e+00 2.890044252748368641e-05
-1.422118838283209508e+00 2.974351255880237053e-05
-1.410206120938107599e+00 3.076065171685197694e-05
-1.398325405216850115e+00 3.208015684859881088e-05
-1.386476336626996986e+00 3.374932372096286240e-05
-1.374658563766294916e+00 3.572832791437725918e-05
-1.362871738277095179e+00 3.792548542525205123e-05
-1.351115514801437101e+00 4.025303779876812584e-05
-1.339389550936797013e+00 4.267062876586412548e-05
-1.327693507192477362e+00 4.519347888749515553e-05
-1.316027046946637080e+00 4.786964590290562874e-05
-1.304389836403941239e+00 5.074735135767457041e-05
-1.292781544553817996e+00 5.384941626509751110e-05
-1.281201843129320173e+00 5.716396847377087334e-05
-1.269650406566570577e+00 6.065737559895883482e-05
-1.258126911964788874e+00 6.430775247576224832e-05
-1.246631039046874889e+00 6.813284573653846394e-05
-1.235162470120555911e+00 7.217534153672010831e-05
-1.223720890040073339e+00 7.645528522425617266e-05
-1.212305986168408234e+00 8.095282152718882656e-05
-1.200917448340022453e+00 8.567641432391908383e-05
-1.189554968824123149e+00 9.077011303657167996e-05
-1.178218242288426865e+00 9.654090594481319360e-05
-1.166906965763418569e+00 1.033429039824862255e-04
-1.155620838607101852e+00 1.113934784857544859e-04
-1.144359562470215863e+00 1.206700831054067743e-04
-1.133122841261928526e+00 1.309584322764242663e-04
-1.121910381115985400e+00 1.420034756395620540e-04
-1.110721890357309283e+00 1.536574077669923414e-04
-1.099557079469039467e+00 1.659551404019506376e-04
-1.088415661060010642e+00 1.790987987331504872e-04
-1.077297349832647466e+00 1.933698508352417098e-04
-1.066201862551285018e+00 2.090174999287457342e-04
-1.055128918010896033e+00 2.261968665922693667e-04
-1.044078237006218046e+00 2.450009941918613698e-04
-1.033049542301277102e+00 2.655660224388041359e-04
-1.022042558599299822e+00 2.881687132441254867e-04
-1.011057012512998066e+00 3.132408471940857208e-04
-1.000092632535235726e+00 3.412895367321369710e-04
-9.891491490100537964e-01 3.727794681582545164e-04
-9.782262941040561488e-01 4.080471575372337243e-04
-9.673238017781481402e-01 4.472842405446223564e-04
-9.564414077596213870e-01 4.905985278222887731e-04
-9.455788495145712735e-01 5.381462956604705873e-04
-9.347358662206534108e-01 5.902960935643514987e-04
-9.239121987401626157e-01 6.477329752988253550e-04
-9.131075895934324116e-01 7.114028097759950413e-04
-9.023217829325496098e-01 7.823105067826941882e-04
-8.915545245153719822e-01 8.613212429724460524e-04
-8.808055616798529108e-01 9.491405256726398671e-04
-8.700746433186589135e-01 1.046503020071774381e-03
-8.593615198540814903e-01 1.154432126680831347e-03
-8.486659432132259706e-01 1.274378266247291197e-03
-8.379876668034880183e-01 1.408170951866267919e-03
-8.273264454882990337e-01 1.557858684352037785e-03
-8.166820355631438932e-01 1.725561887749353651e-03
-8.060541947318363709e-01 1.913420245922130844e-03
-7.954426820830584610e-01 2.123641171893681477e-03
-7.848472580671504994e-01 2.358619667826312646e-03
-7.742676844731486430e-01 2.621099938480049747e-03
-7.637037244060699281e-01 2.914357686534664420e-03
-7.531551422644284788e-01 3.242354764851492280e-03
-7.426217037179922986e-01 3.609795372474525026e-03
-7.321031756857663275e-01 4.022000055474443149e-03
-7.215993263142009839e-01 4.484670714820989355e-03
-7.111099249556180890e-01 5.003673943510833846e-03
-7.006347421468592795e-01 5.584990760382621197e-03
-6.901735495881351490e-01 6.234893970476063259e-03
-6.797261201220911042e-01 6.960295796936154245e-03
-6.692922277130706199e-01 7.769045920218897207e-03
-6.588716474265783329e-01 8.670079311639752873e-03
-6.484641554089376481e-01 9.673324083878741264e-03
-6.380695288671385246e-01 1.078953987016808072e-02
-6.276875460488731129e-01 1.203031587558237893e-02
-6.173179862227488046e-01 1.340831384735669506e-02
-6.069606296586862459e-01 1.493754818127573068e-02
-5.966152576084875481e-01 1.663330066486431308e-02
-5.862816522865772484e-01 1.851140923530201349e-02
-5.759595968509094721e-01 2.058715133735566222e-02
-5.656488753840412942e-01 2.287429384781564795e-02
-5.553492728743597562e-01 2.538479446138387774e-02
-5.450605751974718638e-01 2.812911782829792540e-02
-5.347825690977430213e-01 3.111672201255384629e-02
-5.245150421699888987e-01 3.435615427033436586e-02
-5.142577828413065211e-01 3.785484398855504251e-02
-5.040105803530536832e-01 4.161872878638748358e-02
-4.937732247429644228e-01 4.565180241338855083e-02
-4.835455068274036594e-01 4.995534859807540529e-02
-4.733272181837471781e-01 5.452637806232391027e-02
-4.631181511328986700e-01 5.935574741977359126e-02
-4.529180987219272314e-01 6.442775820687193788e-02
-4.427268547068332061e-01 6.972406810952022638e-02
-4.325442135354257145e-01 7.523212247618832338e-02
-4.223699703303245845e-01 8.095407396066450767e-02
-4.122039208720716941e-01 8.690834885357758000e-02
-4.020458615823537807e-01 9.311814222305046795e-02
-3.918955895073323314e-01 9.959049193631268337e-02
-3.817529023010813316e-01 1.062994879205067661e-01
-3.716175982091194929e-01 1.131872863476411639e-01
-3.614894760520483419e-01 1.201865200886196305e-01
-3.513683352092828449e-01 1.272526012126088957e-01
-3.412539756028758475e-01 1.343878523158255622e-01
-3.311461976814312758e-01 1.416441924446646961e-01
-3.210448024041094306e-01 1.491071050604682591e-01
-3.109495912247085547e-01 1.568755461400702100e-01
-3.008603660758366605e-01 1.650592811124896864e-01
-2.907769293531580201e-01 1.738092989972681579e-01
-2.806990838997174276e-01 1.833795818122360699e-01
-2.706266329903371237e-01 1.942016102616534456e-01
-2.605593803160889399e-01 2.069498631165004321e-01
-2.504971299688272257e-01 2.226009915728161814e-01
-2.404396864257955790e-01 2.425217761790359472e-01
-2.303868545342923901e-01 2.686405165841455611e-01
-2.203384394963986970e-01 3.037334421482515978e-01
-2.102942468537628840e-01 3.518142058995256116e-01
-2.002540824724450275e-01 4.185702962793964588e-01
-1.902177525278067050e-01 5.117519996623580703e-01
-1.801850634894590075e-01 6.414004060525918538e-01
-1.701558221062540455e-01 8.197274531793380392e-01
-1.601298353913264694e-01 1.060393779990885799e+00
-1.501069106071708514e-01 1.376899270531585451e+00
-1.400868552507662790e-01 1.779950283901264640e+00
-1.300694770387391397e-01 2.274064075708340127e+00
-1.200545838925550501e-01 2.854143972090157355e+00
-1.100419839237516545e-01 3.503062512642109105e+00
-1.000314854191983877e-01 4.191095761769693340e+00
-9.002289682638489610e-02 4.877376568411789570e+00
-8.001602673873924043e-02 5.512771691907295768e+00
-7.001068388096250150e-02 6.043414148830814625e+00
-6.000667709439190534e-02 6.414879220456180420e+00
-5.000381532237931775e-02 6.578093484974214533e+00
-4.000190759568706539e-02 6.498090931640541079e+00
-3.000076301789707939e-02 6.164718566793943921e+00
-2.000019075083557876e-02 5.601346913459485322e+00
-9.999999999999974187e-03 4.866212523109688881e+00
0.000000000000000000e+00 4.043214994758674408e+00
9.999999999999974187e-03 3.224016350538165376e+00
2.000019075083557876e-02 2.487821437318720630e+00
3.000076301789707939e-02 1.886244572072261150e+00
4.000190759568635068e-02 1.437806584082003569e+00
5.000381532237860305e-02 1.132053827147316394e+00
6.000667709439118369e-02 9.397792130676243527e-01
7.001068388096322315e-02 8.247063963181874291e-01
8.001602673873996208e-02 7.530183773233116717e-01
9.002289682638561774e-02 6.990359156657108830e-01
1.000314854191983877e-01 6.470543061422669995e-01
1.100419839237516545e-01 5.903379665587989988e-01
1.200545838925550501e-01 5.285419443021788233e-01
1.300694770387391397e-01 4.647157426228219479e-01
1.400868552507662790e-01 4.027560814816129042e-01
1.501069106071708514e-01 3.457846352643948462e-01
1.601298353913264694e-01 2.955283037574254479e-01
1.701558221062540455e-01 2.524477703215817770e-01
1.801850634894582859e-01 2.162028009494327552e-01
1.902177525278067050e-01 1.860999980877909299e-01
2.002540824724450275e-01 1.613513117758957616e-01
2.102942468537628840e-01 1.411641076372368575e-01
2.203384394963986970e-01 1.247662933950842712e-01
2.303868545342923901e-01 1.114382528063646016e-01
2.404396864257955790e-01 1.005572323169321713e-01
2.504971299688272257e-01 9.161995076066807575e-02
2.605593803160889399e-01 8.422926133446484442e-02
2.706266329903371237e-01 7.805944760104230329e-02
2.806990838997167059e-01 7.282895719221463282e-02
2.907769293531572985e-01 6.829484920530468073e-02
3.008603660758359388e-01 6.426072696029486164e-02
3.109495912247092764e-01 6.058378359825995069e-02
3.210448024041101522e-01 5.716970044622665670e-02
3.311461976814320529e-01 5.395872313452863833e-02
3.412539756028758475e-01 5.091105297600259649e-02
3.513683352092828449e-01 4.799800407750456910e-02
3.614894760520483419e-01 4.519971030877155405e-02
3.716175982091194929e-01 4.250500876426660524e-02
3.817529023010813316e-01 3.991037334996187791e-02
3.918955895073323314e-01 3.741671676364122234e-02
4.020458615823530590e-01 3.502563648813539210e-02
4.122039208720709169e-01 3.273709542000563522e-02
4.223699703303238628e-01 3.054907904604161131e-02
4.325442135354264361e-01 2.845871996008381838e-02
4.427268547068339277e-01 2.646359681465038083e-02
4.529180987219279531e-01 2.456241127642513900e-02
4.631181511328986700e-01 2.275486196373590481e-02
4.733272181837471781e-01 2.104110088413163604e-02
4.835455068274036594e-01 1.942123882696332460e-02
4.937732247429644228e-01 1.789502509787557760e-02
5.040105803530536832e-01 1.646175221099086677e-02
5.142577828413065211e-01 1.512020597619955289e-02
5.245150421699888987e-01 1.386860075952748260e-02
5.347825690977430213e-01 1.270454026053804975e-02
5.450605751974710866e-01 1.162509415696754214e-02
5.553492728743597562e-01 1.062692373221731448e-02
5.656488753840412942e-01 9.706379440297115829e-03
5.759595968509094721e-01 8.859581600853802530e-03
5.862816522865772484e-01 8.082453689444265427e-03
5.966152576084875481e-01 7.370760717097919745e-03
6.069606296586862459e-01 6.720110942090509396e-03
6.173179862227488046e-01 6.125924581210169875e-03
6.276875460488731129e-01 5.583456331762546784e-03
6.380695288671385246e-01 5.087995118282929996e-03
6.484641554089369819e-01 4.635214050467374551e-03
6.588716474265774448e-01 4.221482235031662894e-03
6.692922277130698427e-01 3.843910178294406010e-03
6.797261201220904381e-01 3.500085420987577266e-03
6.901735495881360372e-01 3.187692309837087193e-03
7.006347421468600567e-01 2.904270678232463709e-03
7.111099249556188662e-01 2.647205108868706715e-03
7.215993263142009839e-01 2.413893699766251309e-03
7.321031756857663275e-01 2.201919711427479092e-03
7.426217037179922986e-01 2.009158814359771929e-03
7.531551422644284788e-01 1.833804872686143912e-03
7.637037244060699281e-01 1.674350182945261601e-03
7.742676844731486430e-01 1.529553184042105243e-03
7.848472580671498333e-01 1.398394690025138876e-03
7.954426820830577949e-01 1.279968363274430537e-03
8.060541947318363709e-01 1.173315716135733258e-03
8.166820355631446704e-01 1.077275807895421286e-03
8.273264454882999219e-01 9.904666135329876116e-04
8.379876668034880183e-01 9.114445316717124847e-04
8.486659432132259706e-01 8.389511837699497763e-04
8.593615198540814903e-01 7.720867135988390435e-04
8.700746433186589135e-01 7.103100877090297305e-04
8.808055616798529108e-01 6.533009802167548744e-04
8.915545245153719822e-01 6.008037673529704591e-04
9.023217829325496098e-01 5.525551705616985922e-04
9.131075895934324116e-01 5.083118705792272034e-04
9.239121987401619496e-01 4.679124610485482587e-04
9.347358662206525226e-01 4.312800479757460202e-04
9.455788495145712735e-01 3.983308755281359556e-04
9.564414077596213870e-01 3.688475020972379736e-04
9.673238017781488063e-01 3.424205576181190694e-04
9.782262941040561488e-01 3.185090767777892275e-04
9.891491490100537964e-01 2.965804686099004594e-04
1.000092632535235726e+00 2.762357702791944872e-04
1.011057012512998066e+00 2.572526636867389447e-04
1.022042558599299822e+00 2.395510079303357881e-04
1.033049542301277102e+00 2.231310158618579175e-04
1.044078237006217380e+00 2.080215351515502095e-04
1.055128918010895367e+00 1.942382846414824281e-04
1.066201862551284352e+00 1.817432181957592558e-04
1.077297349832648132e+00 1.704190158340306428e-04
1.088415661060011308e+00 1.600835342377399486e-04
1.099557079469040355e+00 1.505448414121127686e-04
1.110721890357309283e+00 1.416585776326976056e-04
1.121910381115985400e+00 1.333476764179852316e-04
1.133122841261928526e+00 1.255774889226962546e-04
1.144359562470215863e+00 1.183160991931444313e-04
1.155620838607101852e+00 1.115166306475983598e-04
1.166906965763418569e+00 1.051273476682863296e-04
1.178218242288425976e+00 9.911237568935622072e-05
1.189554968824123149e+00 9.345993364205220700e-05
1.200917448340022453e+00 8.817321901639070081e-05
1.212305986168408900e+00 8.325199631382509458e-05
1.223720890040074227e+00 7.867745516669047705e-05
1.235162470120555911e+00 7.441139769377789603e-05
1.246631039046874889e+00 7.041428539130942818e-05
1.258126911964788874e+00 6.667424629530909093e-05
1.269650406566570577e+00 6.321969907655119666e-05
1.281201843129320173e+00 6.009578788600466136e-05
1.292781544553817996e+00 5.731684197374424332e-05
1.304389836403941239e+00 5.483652753409595039e-05
1.316027046946637080e+00 5.256402224800264149e-05
1.327693507192476696e+00 5.040900371181955276e-05
1.339389550936796125e+00 4.831460433417594200e-05
1.351115514801436435e+00 4.625972805658193999e-05
1.362871738277095179e+00 4.424565551854163644e-05
1.374658563766295805e+00 4.228655886601257147e-05
1.386476336626997652e+00 4.040543862381949282e-05
1.398325405216850559e+00 3.862599074989890038e-05
1.410206120938107599e+00 3.695988158037859966e-05
1.422118838283209508e+00 3.540019910400198251e-05
1.434063914881057000e+00 3.392923824886393566e-05
1.446041711543979202e+00 3.253700092897610416e-05
1.458052592315416618e+00 3.123515402556850559e-05
1.470096924518328407e+00 3.005306420821880138e-05
1.482175078804341739e+00 2.901525445256532694e-05
1.494287429203654982e+00 2.811509847050163761e-05
1.506434353175713392e+00 2.730497641741729903e-05
1.518616231660660620e+00 2.651303037860813235e-05
1.530833449131608681e+00 2.567814540803674706e-05
1.543086393647707277e+00 2.478203844543843662e-05
1.555375456908052678e+00 2.385879729600590010e-05
1.567701034306447028e+00 2.297739622941688526e-05
1.580063524987019630e+00 2.220752084585851755e-05
1.592463331900736190e+00 2.158289079675381923e-05
1.604900861862805117e+00 2.107754808616726651e-05
1.617376525611005755e+00 2.061370505852394835e-05
1.629890737864948091e+00 2.010628148146838989e-05
1.642443917386300800e+00 1.951579294260179616e-05
1.655036487039980742e+00 1.886797589056244938e-05
1.667668873856345213e+00 1.822889130177734730e-05
1.680341509094400276e+00 1.766118025466988632e-05
1.693054828306040926e+00 1.719182863727247514e-05
1.705809271401351079e+00 1.680502549666560970e-05
1.718605282714980920e+00 1.645983053980029057e-05
1.731443311073621594e+00 1.611991060032578067e-05
1.744323809864610997e+00 1.577227359237803894e-05
1.757247237105675541e+00 1.541927136179443696e-05
1.770214055515848983e+00 1.505727076362336686e-05
1.783224732587580741e+00 1.467123762472679782e-05
1.796279740660062352e+00 1.425309721376215507e-05
1.809379556993800708e+00 1.381899398026297486e-05
1.822524663846453397e+00 1.340239461427829431e-05
1.835715548549968767e+00 1.303069757578424982e-05
1.848952703589041624e+00 1.271048363600188299e-05
1.862236626680921825e+00 1.243113035023704858e-05
1.875567820856598900e+00 1.217664686799830741e-05
1.888946794543396868e+00 1.193545594296223871e-05
1.902374061649005244e+00 1.170667551333907034e-05
1.915850141646975535e+00 1.150171457197634857e-05
1.929375559663716988e+00 1.133580613067399593e-05
1.942950846567024437e+00 1.121068403754318411e-05
1.956576539056166242e+00 1.110460124709946319e-05
1.970253179753570727e+00 1.098543287188449490e-05
1.983981317298132430e+00 1.083777096843312220e-05
1.997761506440205892e+00 1.067436959648407346e-05
2.011594308138276332e+00 1.051811943716632024e-05
2.025480289657382471e+00 1.037590686597420294e-05
2.039420024669305942e+00 1.023460336747888813e-05
2.053414093354583247e+00 1.007964553490336680e-05
2.067463082506361793e+00 9.909763885319592032e-06
2.081567585636154405e+00 9.731963823967956971e-06
2.095728203081529628e+00 9.547764232317578213e-06
2.109945542115771566e+00 9.349344938236808984e-06
2.124220217059573645e+00 9.130696482016425913e-06
2.138552849394784072e+00 8.902016275045354719e-06
2.152944067880272261e+00 8.691288737449985642e-06
2.167394508669943765e+00 8.529969376558454270e-06
2.181904815432972988e+00 8.436639779147388205e-06
2.196475639476278996e+00 8.410306816179590386e-06
2.211107639869315911e+00 8.430973482871532092e-06
2.225801483571211214e+00 8.464164526968857101e-06
2.240557845560325667e+00 8.473604899563424027e-06
2.255377408966268149e+00 8.436889633022551872e-06
2.270260865204440481e+00 8.347225092795951208e-06
2.285208914113143308e+00 8.201867365571723813e-06
2.300222264093344737e+00 7.997700725263917339e-06
2.315301632251118846e+00 7.741400219434174857e-06
2.330447744542859301e+00 7.461645374437390354e-06
2.345661335923311608e+00 7.211843199145521777e-06
2.360943150496495946e+00 7.054441849503288595e-06
2.376293941669568088e+00 7.025989331190809093e-06
2.391714472309731221e+00 7.108712305851554697e-06
2.407205514904206645e+00 7.236878332504330060e-06
2.422767851723407695e+00 7.334329765614367924e-06
2.438402274987316432e+00 7.357605783861998313e-06
2.454109587035200768e+00 7.313041517580288561e-06
2.469890600498723998e+00 7.233352666687108143e-06
2.485746138478509337e+00 7.144756262375501274e-06
2.501677034724291371e+00 7.060535767311857450e-06
2.517684133818678394e+00 6.990795357342279281e-06
2.533768291364664638e+00 6.944085881204415373e-06
2.549930374176959891e+00 6.922768851492120853e-06
2.566171260477213334e+00 6.922578553752238134e-06
2.582491840093254609e+00 6.935774506225122936e-06
2.598893014662444489e+00 6.950788508277153243e-06
2.615375697839199987e+00 6.949726829488283524e-06
2.631940815506855991e+00 6.914000418197463529e-06
2.648589305993903409e+00 6.835633368267400844e-06
2.665322120294779218e+00 6.720768910007855567e-06
2.682140222295247955e+00 6.586554606631852320e-06
2.699044589002565164e+00 6.462400176435481616e-06
2.716036210780464977e+00 6.390957792746711720e-06
2.733116091589157026e+00 6.408109832285930992e-06
2.750285249230413953e+00 6.502373717728621177e-06
2.767544715597911598e+00 6.608415484936791296e-06
2.784895536932901372e+00 6.669952848927713406e-06
2.802338774085429751e+00 6.690966973701831512e-06
2.819875502781155063e+00 6.700218037349387458e-06
2.837506813893987179e+00 6.700343201650973984e-06
2.855233813724622927e+00 6.678611263136178951e-06
2.873057624285204170e+00 6.635891181584975724e-06
2.890979383590180252e+00 6.581126770672698207e-06
2.909000245953595520e+00 6.516220276914364273e-06
2.927121382292947160e+00 6.443930369524284371e-06
2.945343980439754095e+00 6.381727986681659833e-06
2.963669245457068335e+00 6.358939364754002762e-06
2.982098399964077995e+00 6.394382885266522085e-06
3.000632684467967159e+00 6.468176129671982029e-06
3.019273357703287086e+00 6.525143946029336526e-06
3.038021696978962627e+00 6.522915760111038652e-06
3.056878998533198555e+00 6.469951896789983463e-06
3.075846577896470535e+00 6.402174121588364246e-06
3.094925770262794362e+00 6.340232817477177511e-06
3.114117930869559014e+00 6.289334944176986467e-06
3.133424435386071849e+00 6.256597134176765963e-06
3.152846680311138350e+00 6.255055385354648344e-06
3.172386083379844290e+00 6.299234855361019513e-06
3.192044083979846292e+00 6.386481039076664218e-06
3.211822143577407918e+00 6.482712594969299128e-06
3.231721746153457975e+00 6.537742708914946797e-06
3.251744398649921930e+00 6.516954550055114860e-06
3.271891631426665281e+00 6.417553575619374229e-06
3.292164998729279368e+00 6.262995446110352091e-06
3.312566079168071553e+00 6.106698135556388865e-06
3.333096476208521786e+00 6.018649493272353417e-06
3.353757818673582580e+00 6.016851639684786703e-06
3.374551761258096416e+00 6.051296563727804069e-06
3.395479985055740446e+00 6.088292645901000074e-06
3.416544198098793395e+00 6.153171575085800762e-06
3.437746135911136314e+00 6.268487972008364648e-06
3.459087562074850908e+00 6.374186811247371323e-06
3.480570268810810663e+00 6.378589656261730606e-06
3.502196077573649369e+00 6.288159229631477895e-06
3.523966839661581307e+00 6.193521944676943708e-06
3.545884436841424847e+00 6.158838512167141789e-06
3.567950781989368547e+00 6.169667790617585943e-06
3.590167819747851929e+00 6.169020785541393863e-06
3.612537527199123133e+00 6.146374497427423261e-06
3.635061914555887341e+00 6.165404189085115939e-06
3.657743025869628628e+00 6.268002830010763519e-06
3.680582939757102157e+00 6.406031308652557376e-06
3.703583770145510101e+00 6.518449475018035166e-06
3.726747667036997225e+00 6.598371496186798026e-06
3.750076817293014120e+00 6.640046729753926612e-06
3.773573445439117879e+00 6.617407636398081466e-06
3.797239814490932730e+00 6.547590842123056337e-06
3.821078226801799538e+00 6.503666969044029639e-06
3.845091024932894896e+00 6.536710413209036722e-06
3.869280592546462394e+00 6.611657835405188574e-06
3.893649355322847061e+00 6.666738096982040862e-06
3.918199781902168777e+00 6.689024853732532814e-06
3.942934384851307872e+00 6.672980887156863001e-06
3.967855721657088441e+00 6.580941695577884959e-06
3.992966395746416985e+00 6.400046160974380406e-06
4.018269057534300082e+00 6.208160277182449121e-06
4.043766405500584860e+00 6.105828236000436634e-06
4.069461187296391280e+00 6.155755407679610236e-06
4.095356200881122177e+00 6.335803351456441017e-06
4.121454295691163061e+00 6.528058879585541841e-06
4.147758373841154089e+00 6.599957975341854067e-06
4.174271391359062555e+00 6.494992030274429105e-06
4.200996359456013352e+00 6.372168397425757066e-06
4.227936345832168819e+00 6.402603820809712039e-06
4.255094476019727345e+00 6.387108195316473943e-06
4.282473934764413848e+00 6.268270699225170468e-06
4.310077967446587444e+00 6.270292706946685880e-06
4.337909881543510870e+00 6.311469682852971045e-06
4.365973048133954926e+00 6.400917468697279467e-06
4.394270903446770404e+00 6.649636073646787292e-06
4.422806950454781116e+00 6.880514616691792239e-06
4.451584760515686412e+00 6.983944025952672452e-06
4.480607975061463577e+00 6.953194126487594363e-06
4.509880307338105077e+00 6.833996089661146297e-06
4.539405544197283149e+00 6.814226634215888970e-06
4.569187547941903738e+00 6.953470701263025669e-06
4.599230258227382961e+00 7.076177249926303437e-06
4.629537694020593008e+00 7.037635642130967049e-06
4.660113955618596648e+00 6.911068819673845483e-06
4.690963226729293112e+00 6.859478082743761037e-06
4.722089776616123835e+00 6.933828297401360687e-06
4.753497962309302771e+00 7.103747740449922111e-06
4.785192230885826348e+00 7.223133129676264894e-06
4.817177121820895636e+00 7.338540527330631125e-06
4.849457269413340654e+00 7.465562711877162845e-06
4.882037405287709575e+00 7.389364207273754486e-06
4.914922360976011539e+00 7.293713083876583665e-06
4.948117070581908195e+00 7.196603840028175076e-06
4.981626573530626878e+00 7.141743564842105554e-06
5.015456017407652567e+00 7.159760668516860019e-06
5.049610660889745972e+00 7.235272279579263728e-06
5.084095876771596245e+00 7.361112937198182360e-06
5.118917155092026050e+00 7.422885127273017833e-06
5.154080106363324809e+00 7.370414002907665636e-06
5.189590464907923639e+00 7.261633592532648148e-06
5.225454092306433651e+00 7.210615376522051736e-06
5.261676980961550676e+00 7.250653001765468723e-06
5.298265257782244220e+00 7.405449087698768451e-06
5.335225187993163587e+00 7.470118432590431735e-06
5.372563179074077766e+00 7.457577984187288453e-06
5.410285784834729661e+00 7.552783357724539707e-06
5.448399709630405319e+00 7.500463307857222332e-06
5.486911812724086346e+00 7.458173669437835673e-06
5.525829112800970222e+00 7.495839362279989852e-06
5.565158792641854646e+00 7.440517146852627918e-06
5.604908203961667112e+00 7.487956471438414401e-06
5.645084872420248701e+00 7.483461037377528110e-06
5.685696502812371378e+00 7.352189799552933412e-06
5.726750984444712422e+00 7.481118848427369640e-06
5.768256396707492684e+00 7.674957425719729223e-06
5.810221014849253685e+00 7.634737806568490465e-06
5.852653315963272540e+00 7.725589353441174580e-06
5.895561985194872179e+00 7.837641015776882901e-06
5.938955922179146363e+00 7.451993539749541507e-06
5.982844247719065756e+00 7.336809342155371259e-06
6.027236310714632950e+00 7.485701046707557906e-06
6.072141695354100754e+00 7.403460862559558480e-06
6.117570228578833813e+00 7.379968703685790208e-06
6.163531987834188541e+00 7.457197650138240109e-06
6.210037309119105231e+00 7.359302621742872539e-06
6.257096795348075169e+00 7.057864786617649399e-06
6.304721325039668756e+00 6.873375044459696445e-06
6.352922061346506943e+00 7.108785562838024281e-06
6.401710461442654321e+00 7.416210523678589843e-06
6.451098286284771888e+00 7.364305276024781671e-06
6.501097610764786872e+00 7.308224008348573140e-06
6.551720834272277472e+00 7.259497520560643503e-06
6.602980691686179959e+00 7.298003135902692633e-06
6.654890264816202716e+00 7.300354854534961809e-06
6.707462994315653404e+00 7.356404212048303770e-06
6.760712692088343800e+00 7.274780677901735497e-06
6.814653554213885300e+00 7.126812011639069999e-06
6.869300174416541616e+00 6.789813977039573349e-06
6.924667558104775189e+00 6.830204377468335897e-06
6.980771137009639027e+00 6.860430159872850747e-06
7.037626784452278628e+00 6.756432441612230820e-06
7.095250831272059244e+00 6.855715173340585326e-06
7.153660082449184721e+00 6.776751739628941040e-06
7.212871834457117437e+00 6.823609930577043318e-06
7.272903893382699714e+00 6.567594303301844215e-06
7.333774593853726209e+00 6.570227942925368391e-06
7.395502818816384050e+00 6.549556052386474212e-06
7.458108020207268929e+00 6.526363660102241739e-06
7.521610240567749628e+00 6.543745557938474923e-06
7.586030135650939421e+00 6.433199221169720112e-06
7.651388998075133507e+00 6.551793246742654727e-06
7.717708782080382690e+00 6.589239567814586091e-06
7.785012129448951157e+00 6.112497247242869116e-06
7.853322396653874549e+00 6.015308056627034170e-06
7.922663683303971638e+00 5.861266418400533132e-06
7.993060861958362295e+00 5.801988402958320962e-06
8.064539609387720631e+00 5.690846100862256401e-06
8.137126439365120589e+00 5.460252030195638246e-06
8.210848737074378789e+00 5.477420438422257871e-06
8.285734795229668492e+00 5.322940291547012224e-06
8.361813852006719117e+00 5.352637565420858491e-06
8.439116130892415413e+00 5.382041670086860747e-06
8.517672882566811765e+00 5.284598336702695229e-06
8.597516428939853128e+00 5.120386170219763277e-06
8.678680209472870999e+00 5.085881876294901072e-06
8.761198829924738973e+00 4.698327507954041499e-06
8.845108113671690475e+00 4.765072313641560712e-06
8.930445155761116638e+00 4.773780317158566686e-06
9.017248379870389741e+00 4.451956948563537799e-06
9.105557598354891979e+00 4.268937903142540258e-06
9.195414075582201363e+00 4.109867667647399936e-06
9.286860594764410948e+00 4.030391743662230472e-06
9.379941528515811200e+00 3.854782243952191229e-06
9.474702913380864899e+00 4.071884292913185494e-06
9.571192528595130256e+00 3.787146910006538077e-06
9.669459979362780899e+00 3.526578150898153480e-06
9.769556784955327089e+00 3.426219992320483394e-06
9.871536471960840942e+00 3.438577984846796377e-06
9.975454673037942754e+00 3.162050299241674164e-06
1.008136923155793063e+01 3.163753390883443299e-06
1.018934031254830330e+01 2.874014602059147632e-06
1.029943052038522566e+01 2.766742486428522732e-06
1.041170502371859463e+01 2.628025726851658186e-06
1.052623168815380517e+01 2.533198167214666068e-06
1.064308121725768252e+01 2.417061529352756830e-06
1.076232730250476877e+01 2.294148221349130561e-06
1.088404678283179194e+01 2.159022993200091917e-06
1.100831981452695096e+01 2.050470591380572581e-06
1.113523005224294415e+01 1.855672200015227991e-06
1.126486484199331350e+01 1.768248680893276973e-06
1.139731542706779699e+01 1.703201582200354711e-06
1.153267716788676189e+01 1.548778984348045305e-06
1.167104977690866718e+01 1.467329329490088286e-06
1.181253756980620828e+01 1.403067402144569971e-06
1.195724973424156268e+01 1.309080776466130307e-06
1.210530061769597765e+01 1.192594828781157187e-06
1.225681003594877438e+01 1.049895618946665499e-06
1.241190360395464154e+01 1.006143059710110509e-06
1.257071309104042101e+01 8.897365973571264702e-07
1.273337680253192516e+01 7.892772662053342524e-07
1.290003999013476133e+01 7.392978071725111191e-07
1.307085529362815102e+01 6.586058951782962311e-07
1.324598321669588152e+01 6.138631339822176604e-07
1.342559264001181063e+01 5.499293930689055182e-07
1.360986137502873916e+01 4.029990418896432151e-07
1.379897676228727654e+01 4.154144828019898442e-07
1.399313631847826045e+01 3.459293105868352914e-07
1.419254843695589230e+01 2.797467732581697601e-07
1.439743314692606369e+01 2.494734972966758866e-07
1.460802293712368716e+01 2.477006019079970162e-07
1.482456365046278535e+01 2.118045961526696419e-07
1.504731545689699779e+01 1.585121879443066876e-07
1.527655391258613626e+01 1.312747135236800325e-07
1.551257111443440273e+01 1.097706876874027990e-07
1.575567696017295916e+01 8.533618786283840405e-08
1.600620052541652782e+01 9.169891947604402086e-08
1.626449157056262607e+01 6.212665896610334771e-08
1.653092219204418001e+01 4.730826854055757573e-08
1.680588863433074565e+01 5.128913690628648912e-08
1.708981328123576660e+01 2.728947297648162294e-08
1.738314684757837725e+01 2.362598986471884537e-08
1.768637079511793431e+01 1.053198844358760166e-08
1.800000000000201084e+01 1.489983708677548141e-09
