0.0628318530718 1.37442954408e-17 -7.97342417267
0.188495559215 2.74885908816e-17 -2.69888371815
0.314159265359 1.37442954408e-17 -1.66639573042
0.439822971503 1.37442954408e-17 -1.23707954752
0.565486677646 1.37442954408e-17 -1.00607806814
0.69115038379 1.37442954408e-17 -0.862906373497
0.816814089933 1.37442954408e-17 -0.765257260326
0.942477796077 1.37442954408e-17 -0.693672903606
1.06814150222 1.37442954408e-17 -0.638138841319
1.19380520836 6.87214772041e-18 -0.593098235801
1.31946891451 6.87214772041e-18 -0.555292859221
1.44513262065 1.37442954408e-17 -0.522724366511
1.57079632679 1.37442954408e-17 -0.494116388839
1.69646003294 6.87214772041e-18 -0.468621100973
1.82212373908 6.87214772041e-18 -0.445652962395
1.94778744523 1.03082215806e-17 -0.424791713947
2.07345115137 3.4360738602e-18 -0.405724375907
2.19911485751 6.87214772041e-18 -0.388209779892
2.32477856366 3.4360738602e-18 -0.372056394823
2.4504422698 3.4360738602e-18 -0.357108141294
2.57610597594 3.4360738602e-18 -0.343235090611
2.70176968209 6.87214772041e-18 -0.330327203647
2.82743338823 3.4360738602e-18 -0.318289996782
2.95309709437 3.4360738602e-18 -0.307041454165
3.07876080052 3.4360738602e-18 -0.29650976368
3.20442450666 3.4360738602e-18 -0.286631610225
3.33008821281 1.7180369301e-18 -0.277350855552
3.45575191895 1.7180369301e-18 -0.268617493251
3.58141562509 1.7180369301e-18 -0.260386804717
3.70707933124 3.4360738602e-18 -0.252618665688
3.83274303738 2.06877594794e-33 -0.245276968295
3.95840674352 1.7180369301e-18 -0.23832913369
4.08407044967 1.84841459583e-33 -0.231745697054
4.20973415581 1.7180369301e-18 -0.225499951428
4.33539786195 1.7180369301e-18 -0.219567640045
4.4610615681 1.7180369301e-18 -0.213926689085
4.58672527424 1.7180369301e-18 -0.208556974515
4.71238898038 1.7180369301e-18 -0.203440117845
4.83805268653 1.7180369301e-18 -0.198559306632
4.96371639267 2.57705539515e-18 -0.193899136256
5.08938009882 8.59018465051e-19 -0.18944547008
5.21504380496 1.7180369301e-18 -0.185185315552
5.3407075111 1.7180369301e-18 -0.181106714207
5.46637121725 8.59018465051e-19 -0.177198643784
5.59203492339 8.59018465051e-19 -0.173450930979
5.71769862953 8.59018465051e-19 -0.169854173516
5.84336233568 1.7180369301e-18 -0.166399670428
5.96902604182 8.59018465051e-19 -0.163079359578
6.09468974796 1.7180369301e-18 -0.159885761574
6.22035345411 8.59018465051e-19 -0.156811929348
6.34601716025 8.59018465051e-19 -0.15385140275
6.47168086639 8.59018465051e-19 -0.150998167611
6.59734457254 8.59018465051e-19 -0.148246618766
6.72300827868 8.59018465051e-19 -0.145591526619
6.84867198483 8.59018465051e-19 -0.143028006866
6.97433569097 4.29509232525e-19 -0.140551493034
7.09999939711 4.29509232525e-19 -0.138157711549
7.22566310326 8.59018465051e-19 -0.135842659071
7.3513268094 8.59018465051e-19 -0.133602581859
7.47699051554 8.59018465051e-19 -0.131433956964
7.60265422169 4.29509232525e-19 -0.129333475062
7.72831792783 8.59018465051e-19 -0.127298024782
7.85398163397 8.59018465051e-19 -0.125324678357
7.97964534012 4.29509232525e-19 -0.123410678494
8.10530904626 8.59018465051e-19 -0.121553426331
8.23097275241 4.29509232525e-19 -0.119750470393
8.35663645855 8.59018465051e-19 -0.117999496433
8.48230016469 8.59018465051e-19 -0.116298318101
8.60796387084 4.29509232525e-19 -0.114644868351
8.73362757698 4.29509232525e-19 -0.113037191513
8.85929128312 4.29509232525e-19 -0.111473435996
8.98495498927 4.29509232525e-19 -0.109951847536
9.11061869541 4.06192156506e-34 -0.108470762963
9.23628240155 4.29509232525e-19 -0.107028604434
9.3619461077 8.59018465051e-19 -0.105623874094
9.48760981384 4.29509232525e-19 -0.104255149126
9.61327351998 4.29509232525e-19 -0.102921077164
9.73893722613 4.29509232525e-19 -0.101620372029
9.86460093227 2.14754616263e-19 -0.100351809773
9.99026463842 4.29509232525e-19 -0.0991142249951
10.1159283446 4.29509232525e-19 -0.0979065074223
10.2415920507 2.14754616263e-19 -0.0967275987143
10.3672557568 2.14754616263e-19 -0.0955764894923
10.492919463 2.14754616263e-19 -0.0944522165663
10.6185831691 4.29509232525e-19 -0.0933538603461
10.7442468753 4.29509232525e-19 -0.0922805424236
10.8699105814 6.44263848788e-19 -0.0912314233128
10.9955742876 4.29509232525e-19 -0.0902057003354
11.1212379937 4.29509232525e-19 -0.0892026056419
11.2469016999 2.14754616263e-19 -0.0882214043581
11.372565406 4.29509232525e-19 -0.0872613928468
11.4982291121 4.29509232525e-19 -0.0863218970792
11.6238928183 2.14754616263e-19 -0.0854022711044
11.7495565244 4.29509232525e-19 -0.0845018956139
11.8752202306 2.14754616263e-19 -0.0836201765911
12.0008839367 4.29509232525e-19 -0.0827565440428
12.1265476429 4.29509232525e-19 -0.081910450805
12.252211349 2.14754616263e-19 -0.081081371419
12.3778750551 2.14754616263e-19 -0.0802688010728
12.5035387613 2.14754616263e-19 -0.0794722546032
12.6292024674 2.14754616263e-19 -0.0786912655554
12.7548661736 2.14754616263e-19 -0.0779253852952
12.8805298797 2.14754616263e-19 -0.0771741821711
13.0061935859 2.14754616263e-19 -0.0764372407233
13.131857292 2.14754616263e-19 -0.0757141609357
13.2575209981 2.14754616263e-19 -0.0750045575293
13.3831847043 2.14754616263e-19 -0.0743080592933
13.5088484104 2.14754616263e-19 -0.0736243084522
13.6345121166 2.14754616263e-19 -0.0729529600672
13.7601758227 1.07377308131e-19 -0.0722936814682
13.8858395289 3.22131924394e-19 -0.0716461517162
14.011503235 1.07377308131e-19 -0.0710100610934
14.1371669412 1.07377308131e-19 -0.0703851106193
14.2628306473 2.14754616263e-19 -0.0697710115919
14.3884943534 3.22131924394e-19 -0.0691674851517
14.5141580596 2.14754616263e-19 -0.0685742618681
14.6398217657 1.07377308131e-19 -0.0679910813459
14.7654854719 1.07377308131e-19 -0.0674176918512
14.891149178 1.07377308131e-19 -0.0668538499565
15.0168128842 1.07377308131e-19 -0.0662993202018
15.1424765903 2.14754616263e-19 -0.0657538747732
15.2681402964 2.14754616263e-19 -0.0652172931958
15.3938040026 1.07377308131e-19 -0.0646893620425
15.5194677087 2.14754616263e-19 -0.0641698746552
15.6451314149 1.07377308131e-19 -0.0636586308797
15.770795121 2.14754616263e-19 -0.0631554368134
15.8964588272 2.14754616263e-19 -0.0626601045635
16.0221225333 2.14754616263e-19 -0.062172452017
16.1477862395 2.14754616263e-19 -0.0616923026212
16.2734499456 1.07377308131e-19 -0.0612194851739
16.3991136517 1.07377308131e-19 -0.0607538336227
16.5247773579 1.07377308131e-19 -0.0602951868737
16.650441064 1.07377308131e-19 -0.0598433886086
16.7761047702 1.07377308131e-19 -0.0593982871095
16.9017684763 1.07377308131e-19 -0.0589597350913
17.0274321825 2.14754616263e-19 -0.0585275895422
17.1530958886 1.07377308131e-19 -0.0581017115695
17.2787595947 1.07377308131e-19 -0.0576819662536
17.4044233009 2.14754616263e-19 -0.0572682225069
17.530087007 1.07377308131e-19 -0.0568603529394
17.6557507132 1.10057039468e-34 -0.0564582337297
17.7814144193 2.14754616263e-19 -0.0560617445011
17.9070781255 1.07008412996e-34 -0.0556707682033
18.0327418316 1.07377308131e-19 -0.0552851909983
18.1584055377 2.14754616263e-19 -0.0549049021516
18.2840692439 2.14754616263e-19 -0.0545297939273
18.40973295 2.14754616263e-19 -0.0541597614875
18.5353966562 1.07377308131e-19 -0.0537947027961
18.6610603623 2.14754616263e-19 -0.0534345185257
18.7867240685 1.07377308131e-19 -0.0530791119691
18.9123877746 1.07377308131e-19 -0.052728388953
19.0380514808 1.07377308131e-19 -0.0523822577564
19.1637151869 1.07377308131e-19 -0.0520406290312
19.289378893 1.07377308131e-19 -0.0517034157263
19.4150425992 1.07377308131e-19 -0.0513705330141
19.5407063053 5.36886540657e-20 -0.0510418982209
19.6663700115 1.61065962197e-19 -0.0507174307583
19.7920337176 5.36886540657e-20 -0.0503970520586
19.9176974238 1.07377308131e-19 -0.0500806855116
20.0433611299 1.07377308131e-19 -0.0497682564047
20.169024836 5.36886540657e-20 -0.0494596918642
20.2946885422 5.36886540657e-20 -0.0491549207992
20.4203522483 5.36886540657e-20 -0.0488538738479
20.5460159545 1.07377308131e-19 -0.0485564833253
20.6716796606 1.07377308131e-19 -0.0482626831728
20.7973433668 5.36886540657e-20 -0.0479724089098
20.9230070729 1.07377308131e-19 -0.0476855975873
21.0486707791 5.36886540657e-20 -0.0474021877422
21.1743344852 5.36886540657e-20 -0.0471221193546
21.2999981913 5.36886540657e-20 -0.0468453338048
21.4256618975 1.07377308131e-19 -0.0465717738338
21.5513256036 5.36886540657e-20 -0.0463013835034
21.6769893098 1.61065962197e-19 -0.0460341081588
21.8026530159 5.36886540657e-20 -0.0457698943918
21.9283167221 1.07377308131e-19 -0.0455086900058
22.0539804282 5.36886540657e-20 -0.0452504439817
22.1796441343 5.36886540657e-20 -0.0449951064446
22.3053078405 5.36886540657e-20 -0.0447426286324
22.4309715466 5.36886540657e-20 -0.0444929628647
22.5566352528 5.36886540657e-20 -0.0442460625133
22.6822989589 5.36886540657e-20 -0.0440018819731
22.8079626651 1.07377308131e-19 -0.0437603766344
22.9336263712 5.36886540657e-20 -0.0435215028559
23.0592900773 5.36886540657e-20 -0.0432852179387
23.1849537835 5.36886540657e-20 -0.043051480101
23.3106174896 1.07377308131e-19 -0.0428202484534
23.4362811958 1.07377308131e-19 -0.0425914829759
23.5619449019 5.36886540657e-20 -0.0423651444942
23.6876086081 1.07377308131e-19 -0.0421411946579
23.8132723142 1.07377308131e-19 -0.0419195959191
23.9389360204 1.07377308131e-19 -0.0417003115112
24.0645997265 5.36886540657e-20 -0.0414833054291
24.1902634326 5.36886540657e-20 -0.0412685424094
24.3159271388 5.36886540657e-20 -0.0410559879113
24.4415908449 5.36886540657e-20 -0.0408456080986
24.5672545511 1.07377308131e-19 -0.0406373698216
24.6929182572 5.36886540657e-20 -0.0404312405997
24.8185819634 5.36886540657e-20 -0.040227188605
24.9442456695 5.36886540657e-20 -0.0400251826456
25.0699093756 5.36886540657e-20 -0.0398251921502
25.1955730818 5.36886540657e-20 -0.0396271871523
25.3212367879 5.36886540657e-20 -0.039431138276
25.4469004941 5.36886540657e-20 -0.0392370167208
25.5725642002 5.36886540657e-20 -0.0390447942482
25.6982279064 5.36886540657e-20 -0.0388544431677
25.8238916125 5.16206871575e-35 -0.0386659363237
25.9495553187 1.07377308131e-19 -0.038479247083
26.0752190248 5.36886540657e-20 -0.0382943493216
26.2008827309 5.01501708997e-35 -0.0381112174133
26.3265464371 5.36886540657e-20 -0.0379298262176
26.4522101432 5.36886540657e-20 -0.0377501510683
26.5778738494 4.87415493497e-35 -0.0375721677622
26.7035375555 1.07377308131e-19 -0.0373958525487
26.8292012617 5.36886540657e-20 -0.037221182119
26.9548649678 5.36886540657e-20 -0.037048133596
27.0805286739 2.68443270328e-20 -0.0368766845243
27.2061923801 5.36886540657e-20 -0.0367068128605
27.3318560862 5.36886540657e-20 -0.0365384969639
27.4575197924 2.68443270328e-20 -0.0363717155875
27.5831834985 5.36886540657e-20 -0.0362064478687
27.7088472047 5.36886540657e-20 -0.036042673321
27.8345109108 2.68443270328e-20 -0.0358803718254
27.9601746169 5.36886540657e-20 -0.0357195236223
28.0858383231 5.36886540657e-20 -0.0355601093036
28.2115020292 5.36886540657e-20 -0.0354021098047
28.3371657354 8.05329810985e-20 -0.035245506397
28.4628294415 5.36886540657e-20 -0.0350902806808
28.5884931477 5.36886540657e-20 -0.0349364145777
28.7141568538 2.68443270328e-20 -0.034783890324
28.83982056 5.36886540657e-20 -0.0346326904637
28.9654842661 5.36886540657e-20 -0.0344827978418
29.0911479722 5.36886540657e-20 -0.0343341955982
29.2168116784 5.36886540657e-20 -0.0341868671609
29.3424753845 2.68443270328e-20 -0.0340407962403
29.4681390907 5.36886540657e-20 -0.033895966823
29.5938027968 5.36886540657e-20 -0.033752363166
29.719466503 2.68443270328e-20 -0.0336099697912
29.8451302091 2.68443270328e-20 -0.0334687714795
29.9707939152 5.36886540657e-20 -0.0333287532657
30.0964576214 2.68443270328e-20 -0.0331899004333
30.2221213275 8.05329810985e-20 -0.033052198509
30.3477850337 8.05329810985e-20 -0.032915633258
30.4734487398 5.36886540657e-20 -0.0327801906791
30.599112446 2.68443270328e-20 -0.0326458569999
30.7247761521 5.36886540657e-20 -0.0325126186718
30.8504398583 5.36886540657e-20 -0.0323804623662
30.9761035644 5.36886540657e-20 -0.0322493749695
31.1017672705 2.68443270328e-20 -0.0321193435787
31.2274309767 5.36886540657e-20 -0.0319903554979
31.3530946828 2.68443270328e-20 -0.0318623982332
31.478758389 5.36886540657e-20 -0.0317354594896
31.6044220951 2.68443270328e-20 -0.0316095271663
31.7300858013 2.68443270328e-20 -0.0314845893537
31.8557495074 2.68443270328e-20 -0.0313606343287
31.9814132135 5.36886540657e-20 -0.0312376505518
32.1070769197 2.68443270328e-20 -0.0311156266634
32.2327406258 2.68443270328e-20 -0.0309945514799
32.358404332 2.68443270328e-20 -0.0308744139908
32.4840680381 2.68443270328e-20 -0.0307552033551
32.6097317443 5.36886540657e-20 -0.0306369088981
32.7353954504 2.68443270328e-20 -0.0305195201083
32.8610591565 5.36886540657e-20 -0.0304030266341
32.9867228627 2.68443270328e-20 -0.0302874182812
33.1123865688 5.36886540657e-20 -0.0301726850089
33.238050275 2.68443270328e-20 -0.0300588169281
33.3637139811 5.36886540657e-20 -0.0299458042978
33.4893776873 2.68443270328e-20 -0.0298336375226
33.6150413934 5.36886540657e-20 -0.0297223071498
33.7407050996 5.36886540657e-20 -0.0296118038671
33.8663688057 5.36886540657e-20 -0.0295021184998
33.9920325118 5.36886540657e-20 -0.0293932420082
34.117696218 5.36886540657e-20 -0.0292851654851
34.2433599241 2.68443270328e-20 -0.0291778801537
34.3690236303 5.36886540657e-20 -0.029071377365
34.4946873364 2.68443270328e-20 -0.0289656485953
34.6203510426 2.68443270328e-20 -0.0288606854444
34.7460147487 2.85521510232e-35 -0.0287564796329
34.8716784548 2.83470778137e-35 -0.0286530230003
34.997342161 2.68443270328e-20 -0.028550307503
35.1230058671 5.36886540657e-20 -0.0284483252118
35.2486695733 2.68443270328e-20 -0.0283470683102
35.3743332794 5.36886540657e-20 -0.0282465290924
35.4999969856 2.73540972461e-35 -0.0281466999613
35.6256606917 2.68443270328e-20 -0.0280475734263
35.7513243979 2.68443270328e-20 -0.0279491421021
35.876988104 5.36886540657e-20 -0.0278513987061
36.0026518101 2.68443270328e-20 -0.0277543360572
36.1283155163 5.36886540657e-20 -0.0276579470737
36.2539792224 2.62298605359e-35 -0.0275622247719
36.3796429286 2.68443270328e-20 -0.0274671622641
36.5053066347 2.68443270328e-20 -0.0273727527569
36.6309703409 2.68443270328e-20 -0.0272789895502
36.756634047 2.68443270328e-20 -0.0271858660348
36.8822977531 2.68443270328e-20 -0.0270933756914
37.0079614593 5.36886540657e-20 -0.027001512089
37.1336251654 2.68443270328e-20 -0.0269102688832
37.2592888716 5.36886540657e-20 -0.0268196398148
37.3849525777 2.46690825161e-35 -0.0267296187088
37.5106162839 2.68443270328e-20 -0.0266401994723
37.63627999 2.68443270328e-20 -0.0265513760936
37.7619436961 2.68443270328e-20 -0.0264631426408
37.8876074023 2.68443270328e-20 -0.0263754932604
38.0132711084 2.68443270328e-20 -0.026288422176
38.1389348146 2.37046660917e-35 -0.0262019236871
38.2645985207 2.68443270328e-20 -0.0261159921678
38.3902622269 2.68443270328e-20 -0.0260306220656
38.515925933 5.36886540657e-20 -0.0259458079002
38.6415896392 2.68443270328e-20 -0.0258615442625
38.7672533453 2.68443270328e-20 -0.0257778258132
38.8929170514 1.34221635164e-20 -0.0256946472816
39.0185807576 1.34221635164e-20 -0.025612003465
39.1442444637 2.68443270328e-20 -0.025529889227
39.2699081699 1.34221635164e-20 -0.025448299497
39.395571876 2.68443270328e-20 -0.0253672292686
39.5212355822 1.34221635164e-20 -0.0252866735991
39.6468992883 1.34221635164e-20 -0.0252066276082
39.7725629944 2.68443270328e-20 -0.0251270864771
39.8982267006 1.34221635164e-20 -0.0250480454474
40.0238904067 2.68443270328e-20 -0.0249694998204
40.1495541129 2.68443270328e-20 -0.0248914449559
40.275217819 1.34221635164e-20 -0.0248138762717
40.4008815252 2.68443270328e-20 -0.0247367892422
40.5265452313 2.68443270328e-20 -0.0246601793978
40.6522089375 2.68443270328e-20 -0.024584042324
40.7778726436 4.02664905493e-20 -0.0245083736607
40.9035363497 2.68443270328e-20 -0.024433169101
41.0292000559 2.68443270328e-20 -0.0243584243907
41.154863762 1.34221635164e-20 -0.0242841353274
41.2805274682 2.68443270328e-20 -0.0242102977598
41.4061911743 2.68443270328e-20 -0.0241369075867
41.5318548805 2.68443270328e-20 -0.0240639607565
41.6575185866 1.34221635164e-20 -0.0239914532663
41.7831822927 2.68443270328e-20 -0.0239193811613
41.9088459989 1.34221635164e-20 -0.0238477405339
42.034509705 1.34221635164e-20 -0.0237765275231
42.1601734112 2.68443270328e-20 -0.0237057383138
42.2858371173 1.34221635164e-20 -0.0236353691362
42.4115008235 1.34221635164e-20 -0.023565416265
42.5371645296 2.68443270328e-20 -0.0234958760188
42.6628282357 2.68443270328e-20 -0.0234267447595
42.7884919419 1.34221635164e-20 -0.0233580188915
42.914155648 2.68443270328e-20 -0.0232896948613
43.0398193542 1.34221635164e-20 -0.0232217691568
43.1654830603 1.34221635164e-20 -0.0231542383067
43.2911467665 1.34221635164e-20 -0.0230870988798
43.4168104726 2.68443270328e-20 -0.0230203474846
43.5424741788 2.68443270328e-20 -0.0229539807685
43.6681378849 1.34221635164e-20 -0.0228879954177
43.793801591 1.34221635164e-20 -0.0228223881561
43.9194652972 1.34221635164e-20 -0.0227571557449
44.0451290033 2.68443270328e-20 -0.0226922949825
44.1707927095 1.34221635164e-20 -0.0226278027033
44.2964564156 2.68443270328e-20 -0.0225636757778
44.4221201218 1.34221635164e-20 -0.0224999111116
44.5477838279 2.68443270328e-20 -0.0224365056453
44.673447534 1.34221635164e-20 -0.0223734563538
44.7991112402 1.34221635164e-20 -0.0223107602457
44.9247749463 2.68443270328e-20 -0.0222484143632
45.0504386525 2.68443270328e-20 -0.0221864157813
45.1761023586 1.34221635164e-20 -0.0221247616075
45.3017660648 2.68443270328e-20 -0.0220634489813
45.4274297709 2.68443270328e-20 -0.0220024750739
45.5530934771 2.68443270328e-20 -0.0219418370873
45.6787571832 2.68443270328e-20 -0.0218815322546
45.8044208893 1.64414114165e-35 -0.0218215578391
45.9300845955 2.68443270328e-20 -0.0217619111337
46.0557483016 2.68443270328e-20 -0.0217025894611
46.1814120078 2.68443270328e-20 -0.021643590173
46.3070757139 1.34221635164e-20 -0.0215849106497
46.4327394201 2.68443270328e-20 -0.0215265482998
46.5584031262 2.68443270328e-20 -0.0214685005599
46.6840668323 1.34221635164e-20 -0.021410764894
46.8097305385 1.34221635164e-20 -0.0213533387934
46.9353942446 2.68443270328e-20 -0.0212962197762
47.0610579508 1.34221635164e-20 -0.0212394053869
47.1867216569 1.34221635164e-20 -0.021182893196
47.3123853631 1.34221635164e-20 -0.0211266807999
47.4380490692 2.68443270328e-20 -0.0210707658204
47.5637127753 1.34221635164e-20 -0.0210151459044
47.6893764815 1.34221635164e-20 -0.0209598187234
47.8150401876 1.34221635164e-20 -0.0209047819734
47.9407038938 1.34221635164e-20 -0.0208500333747
48.0663675999 1.34221635164e-20 -0.020795570671
48.1920313061 1.34221635164e-20 -0.0207413916298
48.3176950122 1.34221635164e-20 -0.0206874940416
48.4433587184 2.68443270328e-20 -0.0206338757199
48.5690224245 1.34221635164e-20 -0.0205805345008
48.6946861306 2.68443270328e-20 -0.0205274682424
48.8203498368 2.68443270328e-20 -0.0204746748253
48.9460135429 1.44002698878e-35 -0.0204221521513
49.0716772491 1.34221635164e-20 -0.020369898144
49.1973409552 1.34221635164e-20 -0.0203179107481
49.3230046614 2.68443270328e-20 -0.0202661879291
49.4486683675 1.34221635164e-20 -0.0202147276732
49.5743320736 1.34221635164e-20 -0.0201635279871
49.6999957798 2.68443270328e-20 -0.0201125868973
49.8256594859 1.34221635164e-20 -0.0200619024504
49.9513231921 1.34221635164e-20 -0.0200114727128
50.0769868982 1.34221635164e-20 -0.0199612957698
50.2026506044 1.34221635164e-20 -0.0199113697262
50.3283143105 1.34221635164e-20 -0.0198616927056
50.4539780167 1.35530109e-35 -0.0198122628501
50.5796417228 1.34221635164e-20 -0.0197630783206
50.7053054289 1.34221635164e-20 -0.0197141372958
50.8309691351 1.34221635164e-20 -0.0196654379725
50.9566328412 1.32871507702e-35 -0.0196169785654
51.0822965474 1.34221635164e-20 -0.0195687573065
51.2079602535 1.34221635164e-20 -0.0195207724453
51.3336239597 1.34221635164e-20 -0.0194730222484
51.4592876658 1.34221635164e-20 -0.0194255049992
51.5849513719 1.34221635164e-20 -0.0193782189979
51.7106150781 2.68443270328e-20 -0.019331162561
51.8362787842 1.34221635164e-20 -0.0192843340216
51.9619424904 1.27783671178e-35 -0.0192377317286
52.0876061965 1.27168300779e-35 -0.019191354047
52.2132699027 2.68443270328e-20 -0.0191451993575
52.3389336088 1.34221635164e-20 -0.0190992660561
52.4645973149 1.34221635164e-20 -0.0190535525543
52.5902610211 1.34221635164e-20 -0.019008057279
52.7159247272 1.34221635164e-20 -0.0189627786716
52.8415884334 1.34221635164e-20 -0.0189177151886
52.9672521395 1.34221635164e-20 -0.0188728653011
53.0929158457 1.34221635164e-20 -0.0188282274946
53.2185795518 1.34221635164e-20 -0.0187838002688
53.344243258 1.34221635164e-20 -0.0187395821377
53.4699069641 1.34221635164e-20 -0.018695571629
53.5955706702 1.34221635164e-20 -0.0186517672845
53.7212343764 1.34221635164e-20 -0.0186081676593
53.8468980825 2.68443270328e-20 -0.0185647713221
53.9725617887 1.34221635164e-20 -0.018521576855
54.0982254948 1.34221635164e-20 -0.0184785828532
54.223889201 1.34221635164e-20 -0.0184357879247
54.3495529071 6.71108175821e-21 -0.0183931906907
54.4752166132 1.34221635164e-20 -0.0183507897848
54.6008803194 2.01332452746e-20 -0.0183085838534
54.7265440255 1.34221635164e-20 -0.018266571555
54.8522077317 2.01332452746e-20 -0.0182247515607
54.9778714378 1.34221635164e-20 -0.0181831225536
55.103535144 6.71108175821e-21 -0.0181416832287
55.2291988501 1.34221635164e-20 -0.0181004322931
55.3548625563 1.34221635164e-20 -0.0180593684652
55.4805262624 2.01332452746e-20 -0.0180184904755
55.6061899685 6.71108175821e-21 -0.0179777970656
55.7318536747 6.71108175821e-21 -0.0179372869886
55.8575173808 2.01332452746e-20 -0.0178969590087
55.983181087 1.34221635164e-20 -0.0178568119012
56.1088447931 1.34221635164e-20 -0.0178168444525
56.2345084993 1.34221635164e-20 -0.0177770554595
56.3601722054 6.71108175821e-21 -0.0177374437303
56.4858359115 6.71108175821e-21 -0.0176980080831
56.6114996177 2.01332452746e-20 -0.0176587473468
56.7371633238 1.34221635164e-20 -0.0176196603608
56.86282703 1.34221635164e-20 -0.0175807459744
56.9884907361 1.34221635164e-20 -0.0175420030474
57.1141544423 1.34221635164e-20 -0.0175034304493
57.2398181484 1.34221635164e-20 -0.0174650270598
57.3654818545 6.71108175821e-21 -0.0174267917681
57.4911455607 1.34221635164e-20 -0.0173887234734
57.6168092668 1.34221635164e-20 -0.0173508210843
57.742472973 1.34221635164e-20 -0.0173130835188
57.8681366791 1.34221635164e-20 -0.0172755097047
57.9938003853 6.71108175821e-21 -0.0172380985785
58.1194640914 6.71108175821e-21 -0.0172008490864
58.2451277976 1.34221635164e-20 -0.0171637601833
58.3707915037 2.01332452746e-20 -0.0171268308333
58.4964552098 1.34221635164e-20 -0.0170900600094
58.622118916 6.71108175821e-21 -0.0170534466933
58.7477826221 6.71108175821e-21 -0.0170169898753
58.8734463283 1.34221635164e-20 -0.0169806885547
58.9991100344 1.34221635164e-20 -0.0169445417388
59.1247737406 1.34221635164e-20 -0.0169085484437
59.2504374467 6.71108175821e-21 -0.0168727076936
59.3761011528 6.71108175821e-21 -0.0168370185213
59.501764859 1.34221635164e-20 -0.0168014799672
59.6274285651 6.71108175821e-21 -0.0167660910804
59.7530922713 1.34221635164e-20 -0.0167308509175
59.8787559774 1.34221635164e-20 -0.0166957585432
60.0044196836 6.71108175821e-21 -0.0166608130302
60.1300833897 1.34221635164e-20 -0.0166260134585
60.2557470959 6.71108175821e-21 -0.0165913589162
60.381410802 1.34221635164e-20 -0.0165568484987
60.5070745081 1.34221635164e-20 -0.0165224813091
60.6327382143 6.71108175821e-21 -0.0164882564579
60.7584019204 6.71108175821e-21 -0.0164541730626
60.8840656266 6.71108175821e-21 -0.0164202302486
61.0097293327 6.71108175821e-21 -0.0163864271479
61.1353930389 1.34221635164e-20 -0.0163527629
61.261056745 1.34221635164e-20 -0.0163192366514
61.3867204511 1.34221635164e-20 -0.0162858475553
61.5123841573 6.71108175821e-21 -0.0162525947722
61.6380478634 6.71108175821e-21 -0.0162194774692
61.7637115696 2.01332452746e-20 -0.0161864948203
61.8893752757 6.71108175821e-21 -0.016153646006
62.0150389819 2.01332452746e-20 -0.0161209302137
62.140702688 6.71108175821e-21 -0.0160883466371
62.2663663941 6.71108175821e-21 -0.0160558944767
62.3920301003 6.71108175821e-21 -0.016023572939
62.5176938064 6.71108175821e-21 -0.0159913812374
62.6433575126 2.01332452746e-20 -0.0159593185912
62.7690212187 1.34221635164e-20 -0.0159273842261
62.8946849249 1.34221635164e-20 -0.015895577374
63.020348631 6.71108175821e-21 -0.0158638972728
63.1460123372 6.71108175821e-21 -0.0158323431666
63.2716760433 6.71108175821e-21 -0.0158009143055
63.3973397494 1.34221635164e-20 -0.0157696099453
63.5230034556 1.34221635164e-20 -0.015738429348
63.6486671617 1.34221635164e-20 -0.0157073717812
63.7743308679 6.71108175821e-21 -0.0156764365184
63.899994574 6.71108175821e-21 -0.0156456228387
64.0256582802 6.71108175821e-21 -0.015614930027
64.1513219863 6.71108175821e-21 -0.0155843573735
64.2769856924 1.34221635164e-20 -0.0155539041744
64.4026493986 6.71108175821e-21 -0.0155235697309
64.5283131047 1.34221635164e-20 -0.0154933533501
64.6539768109 6.71108175821e-21 -0.015463254344
64.779640517 6.71108175821e-21 -0.0154332720304
64.9053042232 6.71108175821e-21 -0.015403405732
65.0309679293 6.71108175821e-21 -0.0153736547769
65.1566316355 1.34221635164e-20 -0.0153440184984
65.2822953416 6.71108175821e-21 -0.015314496235
65.4079590477 1.34221635164e-20 -0.0152850873299
65.5336227539 8.03594835492e-36 -0.0152557911319
65.65928646 6.71108175821e-21 -0.0152266069943
65.7849501662 6.71108175821e-21 -0.0151975342755
65.9106138723 6.71108175821e-21 -0.0151685723389
66.0362775785 1.34221635164e-20 -0.0151397205526
66.1619412846 1.34221635164e-20 -0.0151109782896
66.2876049907 6.71108175821e-21 -0.0150823449274
66.4132686969 6.71108175821e-21 -0.0150538198486
66.538932403 6.71108175821e-21 -0.0150254024401
66.6645961092 1.34221635164e-20 -0.0149970920937
66.7902598153 6.71108175821e-21 -0.0149688882056
66.9159235215 1.34221635164e-20 -0.0149407901765
67.0415872276 6.71108175821e-21 -0.0149127974117
67.1672509337 1.34221635164e-20 -0.0148849093209
67.2929146399 6.71108175821e-21 -0.0148571253183
67.418578346 1.34221635164e-20 -0.0148294448222
67.5442420522 6.71108175821e-21 -0.0148018672556
67.6699057583 1.34221635164e-20 -0.0147743920454
67.7955694645 1.34221635164e-20 -0.014747018623
67.9212331706 6.71108175821e-21 -0.014719746424
68.0468968768 1.34221635164e-20 -0.0146925748879
68.1725605829 6.71108175821e-21 -0.0146655034587
68.298224289 6.71108175821e-21 -0.0146385315842
68.4238879952 6.71108175821e-21 -0.0146116587165
68.5495517013 7.3446930397e-36 -0.0145848843114
68.6752154075 1.34221635164e-20 -0.0145582078289
68.8008791136 1.34221635164e-20 -0.0145316287329
68.9265428198 7.26460343063e-36 -0.0145051464912
69.0522065259 6.71108175821e-21 -0.0144787605755
69.177870232 6.71108175821e-21 -0.0144524704613
69.3035339382 1.34221635164e-20 -0.0144262756279
69.4291976443 6.71108175821e-21 -0.0144001755583
69.5548613505 6.71108175821e-21 -0.0143741697394
69.6805250566 6.71108175821e-21 -0.0143482576616
69.8061887628 1.34221635164e-20 -0.0143224388192
69.9318524689 7.0573239715e-36 -0.0142967127098
70.0575161751 1.34221635164e-20 -0.014271078835
70.1831798812 6.71108175821e-21 -0.0142455366996
70.3088435873 6.71108175821e-21 -0.0142200858122
70.4345072935 6.71108175821e-21 -0.0141947256847
70.5601709996 1.34221635164e-20 -0.0141694558327
70.6858347058 1.34221635164e-20 -0.0141442757751
70.8114984119 6.71108175821e-21 -0.0141191850341
70.9371621181 6.71108175821e-21 -0.0140941831356
71.0628258242 6.71108175821e-21 -0.0140692696085
71.1884895303 6.71108175821e-21 -0.0140444439852
71.3141532365 6.71108175821e-21 -0.0140197058015
71.4398169426 6.71108175821e-21 -0.0139950545962
71.5654806488 6.71108175821e-21 -0.0139704899116
71.6911443549 6.71108175821e-21 -0.0139460112929
71.8168080611 6.71108175821e-21 -0.0139216182889
71.9424717672 6.71108175821e-21 -0.0138973104511
72.0681354733 6.71108175821e-21 -0.0138730873345
72.1937991795 1.34221635164e-20 -0.0138489484969
72.3194628856 6.59919961365e-36 -0.0138248934994
72.4451265918 1.34221635164e-20 -0.013800921906
72.5707902979 1.34221635164e-20 -0.0137770332837
72.6964540041 6.71108175821e-21 -0.0137532272027
72.8221177102 6.71108175821e-21 -0.0137295032359
72.9477814164 6.71108175821e-21 -0.0137058609593
73.0734451225 6.71108175821e-21 -0.0136822999518
73.1991088286 6.71108175821e-21 -0.013658819795
73.3247725348 6.71108175821e-21 -0.0136354200738
73.4504362409 1.34221635164e-20 -0.0136121003754
73.5760999471 6.71108175821e-21 -0.0135888602903
73.7017636532 1.34221635164e-20 -0.0135656994113
73.8274273594 6.71108175821e-21 -0.0135426173345
73.9530910655 6.31097180906e-36 -0.0135196136584
74.0787547716 6.71108175821e-21 -0.0134966879843
74.2044184778 6.71108175821e-21 -0.0134738399162
74.3300821839 6.71108175821e-21 -0.0134510690607
74.4557458901 6.71108175821e-21 -0.0134283750273
74.5814095962 6.71108175821e-21 -0.0134057574278
74.7070733024 6.71108175821e-21 -0.0133832158769
74.8327370085 1.34221635164e-20 -0.0133607499917
74.9584007147 6.71108175821e-21 -0.0133383593919
75.0840644208 6.71108175821e-21 -0.0133160436998
75.2097281269 6.71108175821e-21 -0.0132938025402
75.3353918331 6.71108175821e-21 -0.0132716355403
75.4610555392 1.34221635164e-20 -0.01324954233
75.5867192454 6.71108175821e-21 -0.0132275225415
75.7123829515 6.71108175821e-21 -0.0132055758094
75.8380466577 6.71108175821e-21 -0.0131837017708
75.9637103638 6.71108175821e-21 -0.0131619000652
76.0893740699 6.71108175821e-21 -0.0131401703346
76.2150377761 6.71108175821e-21 -0.013118512223
76.3407014822 6.71108175821e-21 -0.0130969253771
76.4663651884 6.71108175821e-21 -0.0130754094458
76.5920288945 3.3555408791e-21 -0.0130539640803
76.7176926007 3.3555408791e-21 -0.013032588934
76.8433563068 6.71108175821e-21 -0.0130112836627
76.9690200129 6.71108175821e-21 -0.0129900479244
77.0946837191 3.3555408791e-21 -0.0129688813792
77.2203474252 3.3555408791e-21 -0.0129477836897
77.3460111314 1.34221635164e-20 -0.0129267545203
77.4716748375 6.71108175821e-21 -0.012905793538
77.5973385437 1.34221635164e-20 -0.0128849004117
77.7230022498 6.71108175821e-21 -0.0128640748124
77.848665956 6.71108175821e-21 -0.0128433164133
77.9743296621 6.71108175821e-21 -0.0128226248899
78.0999933682 6.71108175821e-21 -0.0128019999194
78.2256570744 3.3555408791e-21 -0.0127814411813
78.3513207805 6.71108175821e-21 -0.0127609483572
78.4769844867 3.3555408791e-21 -0.0127405211307
78.6026481928 6.71108175821e-21 -0.0127201591873
78.728311899 6.71108175821e-21 -0.0126998622146
78.8539756051 1.34221635164e-20 -0.0126796299022
78.9796393112 6.71108175821e-21 -0.0126594619417
79.1053030174 6.71108175821e-21 -0.0126393580265
79.2309667235 6.71108175821e-21 -0.0126193178522
79.3566304297 6.71108175821e-21 -0.0125993411161
79.4822941358 3.3555408791e-21 -0.0125794275175
79.607957842 3.3555408791e-21 -0.0125595767576
79.7336215481 6.71108175821e-21 -0.0125397885396
79.8592852543 6.71108175821e-21 -0.0125200625682
79.9849489604 3.3555408791e-21 -0.0125003985504
80.1106126665 3.3555408791e-21 -0.0124807961948
80.2362763727 1.00666226373e-20 -0.0124612552118
80.3619400788 6.71108175821e-21 -0.0124417753137
80.487603785 6.71108175821e-21 -0.0124223562145
80.6132674911 1.34221635164e-20 -0.0124029976302
80.7389311973 6.71108175821e-21 -0.0123836992783
80.8645949034 6.71108175821e-21 -0.0123644608782
80.9902586095 3.3555408791e-21 -0.0123452821509
81.1159223157 1.34221635164e-20 -0.0123261628195
81.2415860218 3.3555408791e-21 -0.0123071026083
81.367249728 3.3555408791e-21 -0.0122881012436
81.4929134341 6.71108175821e-21 -0.0122691584534
81.6185771403 6.71108175821e-21 -0.0122502739673
81.7442408464 3.3555408791e-21 -0.0122314475166
81.8699045526 6.71108175821e-21 -0.0122126788341
81.9955682587 6.71108175821e-21 -0.0121939676545
82.1212319648 3.3555408791e-21 -0.0121753137138
82.246895671 3.3555408791e-21 -0.01215671675
82.3725593771 6.71108175821e-21 -0.0121381765024
82.4982230833 3.3555408791e-21 -0.012119692712
82.6238867894 6.71108175821e-21 -0.0121012651212
82.7495504956 6.71108175821e-21 -0.0120828934744
82.8752142017 6.71108175821e-21 -0.012064577517
83.0008779078 6.71108175821e-21 -0.0120463169963
83.126541614 1.00666226373e-20 -0.0120281116611
83.2522053201 3.3555408791e-21 -0.0120099612616
83.3778690263 3.3555408791e-21 -0.0119918655495
83.5035327324 6.71108175821e-21 -0.0119738242781
83.6291964386 1.00666226373e-20 -0.0119558372021
83.7548601447 6.71108175821e-21 -0.0119379040777
83.8805238508 6.71108175821e-21 -0.0119200246626
84.006187557 3.3555408791e-21 -0.0119021987159
84.1318512631 6.71108175821e-21 -0.0118844259981
84.2575149693 3.3555408791e-21 -0.0118667062712
84.3831786754 3.3555408791e-21 -0.0118490392987
84.5088423816 6.71108175821e-21 -0.0118314248452
84.6345060877 3.3555408791e-21 -0.0118138626769
84.7601697939 6.71108175821e-21 -0.0117963525616
84.8858335 3.3555408791e-21 -0.0117788942681
85.0114972061 3.3555408791e-21 -0.0117614875667
85.1371609123 3.3555408791e-21 -0.0117441322291
85.2628246184 3.3555408791e-21 -0.0117268280283
85.3884883246 6.71108175821e-21 -0.0117095747387
85.5141520307 6.71108175821e-21 -0.011692372136
85.6398157369 3.3555408791e-21 -0.0116752199971
85.765479443 6.71108175821e-21 -0.0116581181004
85.8911431491 3.3555408791e-21 -0.0116410662255
86.0168068553 6.71108175821e-21 -0.0116240641532
86.1424705614 6.71108175821e-21 -0.0116071116656
86.2681342676 6.71108175821e-21 -0.0115902085464
86.3937979737 3.3555408791e-21 -0.01157335458
86.5194616799 6.71108175821e-21 -0.0115565495526
86.645125386 3.3555408791e-21 -0.0115397932511
86.7707890922 6.71108175821e-21 -0.0115230854642
86.8964527983 6.71108175821e-21 -0.0115064259813
87.0221165044 3.3555408791e-21 -0.0114898145934
87.1477802106 6.71108175821e-21 -0.0114732510925
87.2734439167 3.3555408791e-21 -0.0114567352719
87.3991076229 3.3555408791e-21 -0.0114402669259
87.524771329 3.3555408791e-21 -0.0114238458503
87.6504350352 6.71108175821e-21 -0.0114074718418
87.7760987413 3.3555408791e-21 -0.0113911446984
87.9017624474 3.3555408791e-21 -0.0113748642192
88.0274261536 6.71108175821e-21 -0.0113586302044
88.1530898597 3.3555408791e-21 -0.0113424424554
88.2787535659 3.3555408791e-21 -0.0113263007748
88.404417272 3.3555408791e-21 -0.0113102049662
88.5300809782 6.71108175821e-21 -0.0112941548344
88.6557446843 3.3555408791e-21 -0.0112781501852
88.7814083904 6.71108175821e-21 -0.0112621908256
88.9070720966 3.3555408791e-21 -0.0112462765637
89.0327358027 6.71108175821e-21 -0.0112304072085
89.1583995089 3.3555408791e-21 -0.0112145825704
89.284063215 3.3555408791e-21 -0.0111988024606
89.4097269212 1.00666226373e-20 -0.0111830666914
89.5353906273 6.71108175821e-21 -0.0111673750763
89.6610543335 3.3555408791e-21 -0.0111517274296
89.7867180396 3.3555408791e-21 -0.0111361235669
89.9123817457 3.3555408791e-21 -0.0111205633046
90.0380454519 3.3555408791e-21 -0.0111050464604
90.163709158 6.71108175821e-21 -0.0110895728527
90.2893728642 3.3555408791e-21 -0.0110741423011
90.4150365703 6.71108175821e-21 -0.0110587546262
90.5407002765 3.3555408791e-21 -0.0110434096495
90.6663639826 3.3555408791e-21 -0.0110281071936
90.7920276887 6.71108175821e-21 -0.011012847082
90.9176913949 6.71108175821e-21 -0.0109976291392
91.043355101 6.71108175821e-21 -0.0109824531907
91.1690188072 3.3555408791e-21 -0.0109673190629
91.2946825133 3.3555408791e-21 -0.0109522265833
91.4203462195 3.3555408791e-21 -0.0109371755801
91.5460099256 3.3555408791e-21 -0.0109221658826
91.6716736318 3.3555408791e-21 -0.010907197321
91.7973373379 3.3555408791e-21 -0.0108922697265
91.923001044 3.3555408791e-21 -0.0108773829312
92.0486647502 6.71108175821e-21 -0.010862536768
92.1743284563 3.3555408791e-21 -0.0108477310709
92.2999921625 6.71108175821e-21 -0.0108329656745
92.4256558686 3.3555408791e-21 -0.0108182404147
92.5513195748 3.3555408791e-21 -0.010803555128
92.6769832809 3.3555408791e-21 -0.0107889096519
92.802646987 3.3555408791e-21 -0.0107743038247
92.9283106932 3.3555408791e-21 -0.0107597374857
93.0539743993 6.71108175821e-21 -0.010745210475
93.1796381055 6.71108175821e-21 -0.0107307226334
93.3053018116 3.3555408791e-21 -0.0107162738029
93.4309655178 3.3555408791e-21 -0.0107018638261
93.5566292239 6.71108175821e-21 -0.0106874925465
93.68229293 3.3555408791e-21 -0.0106731598084
93.8079566362 6.71108175821e-21 -0.0106588654571
93.9336203423 3.91225488282e-36 -0.0106446093385
94.0592840485 3.3555408791e-21 -0.0106303912995
94.1849477546 3.3555408791e-21 -0.0106162111877
94.3106114608 3.3555408791e-21 -0.0106020688515
94.4362751669 3.3555408791e-21 -0.0105879641404
94.5619388731 3.3555408791e-21 -0.0105738969042
94.6876025792 6.71108175821e-21 -0.0105598669939
94.8132662853 3.3555408791e-21 -0.0105458742612
94.9389299915 3.3555408791e-21 -0.0105319185584
95.0645936976 3.3555408791e-21 -0.0105179997388
95.1902574038 3.3555408791e-21 -0.0105041176564
95.3159211099 3.3555408791e-21 -0.0104902721659
95.4415848161 3.3555408791e-21 -0.010476463123
95.5672485222 3.3555408791e-21 -0.0104626903837
95.6929122283 6.71108175821e-21 -0.0104489538053
95.8185759345 3.3555408791e-21 -0.0104352532454
95.9442396406 3.75003683965e-36 -0.0104215885627
96.0699033468 6.71108175821e-21 -0.0104079596163
96.1955670529 3.3555408791e-21 -0.0103943662664
96.3212307591 3.3555408791e-21 -0.0103808083736
96.4468944652 6.71108175821e-21 -0.0103672857994
96.5725581714 3.3555408791e-21 -0.010353798406
96.6982218775 3.3555408791e-21 -0.0103403460563
96.8238855836 3.3555408791e-21 -0.0103269286139
96.9495492898 3.3555408791e-21 -0.0103135459432
97.0752129959 6.71108175821e-21 -0.0103001979091
97.2008767021 3.3555408791e-21 -0.0102868843773
97.3265404082 3.3555408791e-21 -0.0102736052144
97.4522041144 6.71108175821e-21 -0.0102603602873
97.5778678205 3.3555408791e-21 -0.0102471494639
97.7035315266 3.3555408791e-21 -0.0102339726127
97.8291952328 3.3555408791e-21 -0.0102208296027
97.9548589389 6.71108175821e-21 -0.0102077203038
98.0805226451 3.3555408791e-21 -0.0101946445865
98.2061863512 3.57931522613e-36 -0.0101816023219
98.3318500574 3.3555408791e-21 -0.0101685933818
98.4575137635 3.3555408791e-21 -0.0101556176386
98.5831774696 3.3555408791e-21 -0.0101426749655
98.7088411758 6.71108175821e-21 -0.0101297652363
98.8345048819 3.53395975879e-36 -0.0101168883252
98.9601685881 6.71108175821e-21 -0.0101040441074
99.0858322942 3.3555408791e-21 -0.0100912324585
99.2114960004 3.3555408791e-21 -0.0100784532548
99.3371597065 3.3555408791e-21 -0.0100657063732
99.4628234127 3.3555408791e-21 -0.0100529916913
99.5884871188 3.3555408791e-21 -0.0100403090872
99.7141508249 6.71108175821e-21 -0.0100276584396
99.8398145311 3.3555408791e-21 -0.010015039628
99.9654782372 3.3555408791e-21 -0.0100024525324
100.091141943 3.3555408791e-21 -0.00998989703329
100.21680565 3.3555408791e-21 -0.00997737301192
100.342469356 3.3555408791e-21 -0.00996488035008
100.468133062 3.3555408791e-21 -0.00995241893012
100.593796768 3.3555408791e-21 -0.00993998863502
100.719460474 3.3555408791e-21 -0.00992758934832
100.84512418 3.3555408791e-21 -0.00991522095414
100.970787886 3.38603165339e-36 -0.00990288333719
101.096451593 3.3555408791e-21 -0.00989057638274
101.222115299 3.3555408791e-21 -0.00987829997664
101.347779005 3.3555408791e-21 -0.00986605400531
101.473442711 3.3555408791e-21 -0.0098538383557
101.599106417 3.3555408791e-21 -0.00984165291537
101.724770123 3.3555408791e-21 -0.00982949757239
101.850433829 3.3555408791e-21 -0.00981737221541
101.976097536 3.3555408791e-21 -0.00980527673361
102.101761242 3.3555408791e-21 -0.00979321101672
102.227424948 3.3555408791e-21 -0.00978117495504
102.353088654 3.29520838308e-36 -0.00976916843936
102.47875236 6.71108175821e-21 -0.00975719136104
102.604416066 3.3555408791e-21 -0.00974524361195
102.730079772 6.71108175821e-21 -0.00973332508452
102.855743479 3.3555408791e-21 -0.00972143567168
102.981407185 3.25512862146e-36 -0.00970957526688
103.107070891 3.3555408791e-21 -0.00969774376411
103.232734597 6.71108175821e-21 -0.00968594105785
103.358398303 3.3555408791e-21 -0.00967416704311
103.484062009 3.22358893291e-36 -0.00966242161542
103.609725715 3.21577563041e-36 -0.00965070467078
103.735389422 3.3555408791e-21 -0.00963901610574
103.861053128 3.3555408791e-21 -0.00962735581731
103.986716834 3.3555408791e-21 -0.00961572370302
104.11238054 3.3555408791e-21 -0.00960411966089
104.238044246 3.3555408791e-21 -0.00959254358944
104.363707952 3.3555408791e-21 -0.00958099538765
104.489371658 6.71108175821e-21 -0.00956947495501
104.615035365 3.3555408791e-21 -0.0095579821915
104.740699071 3.3555408791e-21 -0.00954651699755
104.866362777 3.3555408791e-21 -0.0095350792741
104.992026483 3.3555408791e-21 -0.00952366892255
105.117690189 3.3555408791e-21 -0.00951228584475
105.243353895 3.3555408791e-21 -0.00950092994305
105.369017601 3.10930700057e-36 -0.00948960112026
105.494681308 6.71108175821e-21 -0.00947829927964
105.620345014 3.3555408791e-21 -0.00946702432492
105.74600872 3.3555408791e-21 -0.00945577616028
105.871672426 3.07985776639e-36 -0.00944455469036
105.997336132 3.3555408791e-21 -0.00943335982026
106.122999838 3.06528978719e-36 -0.00942219145551
106.248663544 3.3555408791e-21 -0.0094110495021
106.374327251 3.3555408791e-21 -0.00939993386646
106.499990957 3.3555408791e-21 -0.00938884445546
106.625654663 3.03646219289e-36 -0.00937778117642
106.751318369 3.02931883211e-36 -0.00936674393709
106.876982075 3.3555408791e-21 -0.00935573264564
107.002645781 6.71108175821e-21 -0.00934474721068
107.128309487 3.3555408791e-21 -0.00933378754127
107.253973194 3.3555408791e-21 -0.00932285354686
107.3796369 3.3555408791e-21 -0.00931194513735
107.505300606 3.3555408791e-21 -0.00930106222305
107.630964312 3.3555408791e-21 -0.00929020471468
107.756628018 3.3555408791e-21 -0.00927937252341
107.882291724 3.3555408791e-21 -0.00926856556077
108.00795543 3.3555408791e-21 -0.00925778373876
108.133619137 3.3555408791e-21 -0.00924702696975
108.259282843 3.3555408791e-21 -0.00923629516653
108.384946549 3.3555408791e-21 -0.00922558824229
108.510610255 1.67777043955e-21 -0.00921490611062
108.636273961 3.3555408791e-21 -0.00920424868552
108.761937667 3.3555408791e-21 -0.00919361588138
108.887601373 3.3555408791e-21 -0.00918300761298
109.01326508 1.67777043955e-21 -0.00917242379551
109.138928786 3.3555408791e-21 -0.00916186434453
109.264592492 5.03331131866e-21 -0.009151329176
109.390256198 3.3555408791e-21 -0.00914081820627
109.515919904 3.3555408791e-21 -0.00913033135206
109.64158361 5.03331131866e-21 -0.00911986853047
109.767247316 3.3555408791e-21 -0.00910942965901
109.892911023 5.03331131866e-21 -0.00909901465553
110.018574729 1.67777043955e-21 -0.00908862343827
110.144238435 5.03331131866e-21 -0.00907825592585
110.269902141 3.3555408791e-21 -0.00906791203726
110.395565847 1.67777043955e-21 -0.00905759169184
110.521229553 3.3555408791e-21 -0.00904729480932
110.646893259 3.3555408791e-21 -0.00903702130978
110.772556966 5.03331131866e-21 -0.00902677111367
110.898220672 5.03331131866e-21 -0.00901654414179
111.023884378 1.67777043955e-21 -0.00900634031531
111.149548084 3.3555408791e-21 -0.00899615955575
111.27521179 3.3555408791e-21 -0.008986001785
111.400875496 3.3555408791e-21 -0.00897586692527
111.526539202 3.3555408791e-21 -0.00896575489915
111.652202909 1.67777043955e-21 -0.00895566562957
111.777866615 1.67777043955e-21 -0.00894559903979
111.903530321 1.67777043955e-21 -0.00893555505344
112.029194027 1.67777043955e-21 -0.00892553359448
112.154857733 3.3555408791e-21 -0.00891553458721
112.280521439 1.67777043955e-21 -0.00890555795627
112.406185145 1.67777043955e-21 -0.00889560362664
112.531848852 3.3555408791e-21 -0.00888567152363
112.657512558 1.67777043955e-21 -0.00887576157289
112.783176264 3.3555408791e-21 -0.00886587370039
112.90883997 5.03331131866e-21 -0.00885600783244
113.034503676 3.3555408791e-21 -0.00884616389567
113.160167382 5.03331131866e-21 -0.00883634181704
113.285831088 3.3555408791e-21 -0.00882654152384
113.411494795 3.3555408791e-21 -0.00881676294367
113.537158501 3.3555408791e-21 -0.00880700600446
113.662822207 1.67777043955e-21 -0.00879727063445
113.788485913 3.3555408791e-21 -0.00878755676221
113.914149619 1.67777043955e-21 -0.00877786431661
114.039813325 3.3555408791e-21 -0.00876819322683
114.165477031 3.3555408791e-21 -0.00875854342239
114.291140738 1.67777043955e-21 -0.00874891483309
114.416804444 1.67777043955e-21 -0.00873930738905
114.54246815 1.67777043955e-21 -0.0087297210207
114.668131856 3.3555408791e-21 -0.00872015565878
114.793795562 1.67777043955e-21 -0.00871061123431
114.919459268 3.3555408791e-21 -0.00870108767862
115.045122974 1.67777043955e-21 -0.00869158492337
115.170786681 5.03331131866e-21 -0.00868210290048
115.296450387 1.67777043955e-21 -0.00867264154217
115.422114093 1.67777043955e-21 -0.00866320078099
115.547777799 1.67777043955e-21 -0.00865378054974
115.673441505 3.3555408791e-21 -0.00864438078153
115.799105211 1.67777043955e-21 -0.00863500140978
115.924768917 1.67777043955e-21 -0.00862564236816
116.050432624 3.3555408791e-21 -0.00861630359066
116.17609633 1.67777043955e-21 -0.00860698501154
116.301760036 3.3555408791e-21 -0.00859768656534
116.427423742 3.3555408791e-21 -0.0085884081869
116.553087448 1.67777043955e-21 -0.00857914981131
116.678751154 1.67777043955e-21 -0.00856991137398
116.80441486 1.67777043955e-21 -0.00856069281057
116.930078567 3.3555408791e-21 -0.00855149405702
117.055742273 3.3555408791e-21 -0.00854231504956
117.181405979 1.67777043955e-21 -0.00853315572467
117.307069685 3.3555408791e-21 -0.00852401601912
117.432733391 1.67777043955e-21 -0.00851489586994
117.558397097 1.67777043955e-21 -0.00850579521444
117.684060803 1.67777043955e-21 -0.00849671399019
117.80972451 5.03331131866e-21 -0.00848765213503
117.935388216 1.67777043955e-21 -0.00847860958706
118.061051922 1.67777043955e-21 -0.00846958628465
118.186715628 3.3555408791e-21 -0.00846058216641
118.312379334 1.67777043955e-21 -0.00845159717126
118.43804304 1.67777043955e-21 -0.00844263123832
118.563706746 1.67777043955e-21 -0.00843368430702
118.689370453 3.3555408791e-21 -0.008424756317
118.815034159 1.67777043955e-21 -0.00841584720819
118.940697865 3.3555408791e-21 -0.00840695692076
119.066361571 3.3555408791e-21 -0.00839808539514
119.192025277 5.03331131866e-21 -0.00838923257199
119.317688983 3.3555408791e-21 -0.00838039839225
119.443352689 5.03331131866e-21 -0.00837158279709
119.569016396 1.67777043955e-21 -0.00836278572792
119.694680102 1.67777043955e-21 -0.00835400712642
119.820343808 3.3555408791e-21 -0.0083452469345
119.946007514 1.67777043955e-21 -0.00833650509431
120.07167122 1.67777043955e-21 -0.00832778154825
120.197334926 3.3555408791e-21 -0.00831907623895
120.322998632 3.3555408791e-21 -0.0083103891093
120.448662339 5.03331131866e-21 -0.0083017201024
120.574326045 3.3555408791e-21 -0.00829306916161
120.699989751 3.3555408791e-21 -0.00828443623053
120.825653457 1.67777043955e-21 -0.00827582125296
120.951317163 3.3555408791e-21 -0.00826722417297
121.076980869 1.67777043955e-21 -0.00825864493485
121.202644575 3.3555408791e-21 -0.00825008348312
121.328308282 1.67777043955e-21 -0.00824153976252
121.453971988 1.67777043955e-21 -0.00823301371804
121.579635694 3.3555408791e-21 -0.00822450529487
121.7052994 3.3555408791e-21 -0.00821601443845
121.830963106 3.3555408791e-21 -0.00820754109444
121.956626812 3.3555408791e-21 -0.00819908520872
122.082290518 1.67777043955e-21 -0.00819064672738
122.207954225 3.3555408791e-21 -0.00818222559676
122.333617931 1.67777043955e-21 -0.0081738217634
122.459281637 3.3555408791e-21 -0.00816543517406
122.584945343 1.67777043955e-21 -0.00815706577573
122.710609049 3.3555408791e-21 -0.00814871351561
122.836272755 1.67777043955e-21 -0.00814037834111
122.961936462 3.3555408791e-21 -0.00813206019987
123.087600168 3.3555408791e-21 -0.00812375903972
123.213263874 3.3555408791e-21 -0.00811547480873
123.33892758 1.67777043955e-21 -0.00810720745516
123.464591286 1.67777043955e-21 -0.0080989569275
123.590254992 3.3555408791e-21 -0.00809072317443
123.715918698 3.3555408791e-21 -0.00808250614485
123.841582405 3.3555408791e-21 -0.00807430578786
123.967246111 3.3555408791e-21 -0.00806612205278
124.092909817 3.3555408791e-21 -0.00805795488912
124.218573523 3.3555408791e-21 -0.0080498042466
124.344237229 3.3555408791e-21 -0.00804167007515
124.469900935 5.03331131866e-21 -0.00803355232489
124.595564641 1.67777043955e-21 -0.00802545094615
124.721228348 1.67777043955e-21 -0.00801736588946
124.846892054 1.67777043955e-21 -0.00800929710553
124.97255576 1.67777043955e-21 -0.00800124454531
125.098219466 3.3555408791e-21 -0.0079932081599
125.223883172 1.67777043955e-21 -0.00798518790062
125.349546878 1.67777043955e-21 -0.00797718371899
125.475210584 1.67777043955e-21 -0.00796919556672
125.600874291 1.67777043955e-21 -0.0079612233957
125.726537997 1.67777043955e-21 -0.00795326715803
125.852201703 1.67777043955e-21 -0.00794532680599
125.977865409 1.67777043955e-21 -0.00793740229205
126.103529115 3.3555408791e-21 -0.00792949356889
126.229192821 3.3555408791e-21 -0.00792160058934
126.354856527 1.67777043955e-21 -0.00791372330645
126.480520234 1.67777043955e-21 -0.00790586167344
126.60618394 1.67777043955e-21 -0.00789801564374
126.731847646 3.3555408791e-21 -0.00789018517092
126.857511352 1.67777043955e-21 -0.00788237020878
126.983175058 3.3555408791e-21 -0.00787457071127
127.108838764 1.67777043955e-21 -0.00786678663254
127.23450247 1.67777043955e-21 -0.00785901792692
127.360166177 3.3555408791e-21 -0.00785126454891
127.485829883 1.67777043955e-21 -0.0078435264532
127.611493589 1.67777043955e-21 -0.00783580359465
127.737157295 1.67777043955e-21 -0.00782809592831
127.862821001 3.3555408791e-21 -0.00782040340939
127.988484707 1.67777043955e-21 -0.00781272599328
128.114148413 3.3555408791e-21 -0.00780506363556
128.23981212 1.67777043955e-21 -0.00779741629196
128.365475826 1.67777043955e-21 -0.00778978391842
128.491139532 1.67777043955e-21 -0.007782166471
128.616803238 1.67777043955e-21 -0.00777456390598
128.742466944 1.67777043955e-21 -0.00776697617978
128.86813065 1.67777043955e-21 -0.00775940324901
128.993794356 3.3555408791e-21 -0.00775184507043
129.119458063 1.67777043955e-21 -0.00774430160099
129.245121769 3.3555408791e-21 -0.00773677279779
129.370785475 1.67777043955e-21 -0.0077292586181
129.496449181 1.67777043955e-21 -0.00772175901936
129.622112887 1.67777043955e-21 -0.00771427395917
129.747776593 3.3555408791e-21 -0.0077068033953
129.873440299 1.67777043955e-21 -0.00769934728568
129.999104006 1.67777043955e-21 -0.00769190558841
130.124767712 1.67777043955e-21 -0.00768447826174
130.250431418 1.67777043955e-21 -0.00767706526408
130.376095124 1.67777043955e-21 -0.00766966655401
130.50175883 1.67777043955e-21 -0.00766228209027
130.627422536 1.67777043955e-21 -0.00765491183176
130.753086242 1.67777043955e-21 -0.00764755573752
130.878749949 3.3555408791e-21 -0.00764021376676
131.004413655 1.67777043955e-21 -0.00763288587886
131.130077361 1.67777043955e-21 -0.00762557203333
131.255741067 1.67777043955e-21 -0.00761827218985
131.381404773 1.67777043955e-21 -0.00761098630826
131.507068479 3.3555408791e-21 -0.00760371434853
131.632732185 1.67777043955e-21 -0.0075964562708
131.758395892 3.3555408791e-21 -0.00758921203537
131.884059598 1.67777043955e-21 -0.00758198160267
132.009723304 3.3555408791e-21 -0.0075747649333
132.13538701 1.67777043955e-21 -0.00756756198799
132.261050716 1.67777043955e-21 -0.00756037272765
132.386714422 1.67777043955e-21 -0.0075531971133
132.512378128 1.67777043955e-21 -0.00754603510613
132.638041835 3.3555408791e-21 -0.00753888666749
132.763705541 1.67777043955e-21 -0.00753175175883
132.889369247 1.67777043955e-21 -0.00752463034181
133.015032953 1.67777043955e-21 -0.00751752237817
133.140696659 3.3555408791e-21 -0.00751042782985
133.266360365 3.3555408791e-21 -0.00750334665889
133.392024071 1.67777043955e-21 -0.0074962788275
133.517687778 1.67777043955e-21 -0.00748922429802
133.643351484 1.67777043955e-21 -0.00748218303294
133.76901519 1.67777043955e-21 -0.00747515499489
133.894678896 3.3555408791e-21 -0.00746814014663
134.020342602 1.67777043955e-21 -0.00746113845106
134.146006308 1.67777043955e-21 -0.00745414987124
134.271670014 1.67777043955e-21 -0.00744717437034
134.397333721 1.67777043955e-21 -0.00744021191169
134.522997427 1.67777043955e-21 -0.00743326245874
134.648661133 1.67777043955e-21 -0.00742632597509
134.774324839 3.3555408791e-21 -0.00741940242448
134.899988545 1.67777043955e-21 -0.00741249177076
135.025652251 1.67777043955e-21 -0.00740559397793
135.151315957 1.67777043955e-21 -0.00739870901013
135.276979664 3.3555408791e-21 -0.00739183683163
135.40264337 1.67777043955e-21 -0.00738497740682
135.528307076 1.67777043955e-21 -0.00737813070024
135.653970782 1.67777043955e-21 -0.00737129667654
135.779634488 1.67777043955e-21 -0.00736447530054
135.905298194 1.67777043955e-21 -0.00735766653713
136.0309619 3.3555408791e-21 -0.00735087035139
136.156625607 1.67777043955e-21 -0.00734408670849
136.282289313 1.67777043955e-21 -0.00733731557375
136.407953019 1.67777043955e-21 -0.0073305569126
136.533616725 1.67777043955e-21 -0.0073238106906
136.659280431 1.67777043955e-21 -0.00731707687346
136.784944137 3.3555408791e-21 -0.00731035542698
136.910607843 1.67777043955e-21 -0.00730364631712
137.03627155 1.8384438643e-36 -0.00729694950994
137.161935256 1.67777043955e-21 -0.00729026497164
137.287598962 3.3555408791e-21 -0.00728359266852
137.413262668 1.67777043955e-21 -0.00727693256704
137.538926374 1.82503214792e-36 -0.00727028463376
137.66459008 1.8217021494e-36 -0.00726364883535
137.790253786 1.67777043955e-21 -0.00725702513863
137.915917493 3.3555408791e-21 -0.00725041351052
138.041581199 1.67777043955e-21 -0.00724381391807
138.167244905 3.3555408791e-21 -0.00723722632845
138.292908611 1.67777043955e-21 -0.00723065070895
138.418572317 1.67777043955e-21 -0.00722408702696
138.544236023 1.67777043955e-21 -0.00721753525002
138.669899729 3.3555408791e-21 -0.00721099534576
138.795563436 3.3555408791e-21 -0.00720446728195
138.921227142 1.78889753667e-36 -0.00719795102645
139.046890848 1.67777043955e-21 -0.00719144654727
139.172554554 1.67777043955e-21 -0.0071849538125
139.29821826 3.3555408791e-21 -0.00717847279038
139.423881966 1.77602334726e-36 -0.00717200344922
139.549545672 1.67777043955e-21 -0.0071655457575
139.675209379 1.67777043955e-21 -0.00715909968376
139.800873085 1.67777043955e-21 -0.00715266519669
139.926536791 1.76328763255e-36 -0.00714624226508
140.052200497 1.67777043955e-21 -0.00713983085783
140.177864203 1.67777043955e-21 -0.00713343094395
140.303527909 3.3555408791e-21 -0.00712704249256
140.429191615 3.3555408791e-21 -0.0071206654729
140.554855322 1.67777043955e-21 -0.00711429985431
140.680519028 3.3555408791e-21 -0.00710794560626
140.806182734 1.67777043955e-21 -0.00710160269829
140.93184644 1.67777043955e-21 -0.00709527110009
141.057510146 3.3555408791e-21 -0.00708895078143
141.183173852 1.73204127356e-36 -0.00708264171219
141.308837558 1.67777043955e-21 -0.00707634386239
141.434501265 1.67777043955e-21 -0.0070700572021
141.560164971 1.67777043955e-21 -0.00706378170155
141.685828677 1.67777043955e-21 -0.00705751733103
141.811492383 1.67777043955e-21 -0.00705126406099
141.937156089 1.67777043955e-21 -0.00704502186192
142.062819795 1.67777043955e-21 -0.00703879070447
142.188483501 3.3555408791e-21 -0.00703257055935
142.314147208 1.67777043955e-21 -0.00702636139741
142.439810914 1.67777043955e-21 -0.00702016318959
142.56547462 1.69861998994e-36 -0.00701397590692
142.691138326 1.67777043955e-21 -0.00700779952054
142.816802032 3.3555408791e-21 -0.00700163400169
142.942465738 3.3555408791e-21 -0.00699547932173
143.068129444 1.67777043955e-21 -0.00698933545209
143.193793151 3.3555408791e-21 -0.00698320236432
143.319456857 1.67777043955e-21 -0.00697708003006
143.445120563 1.67777043955e-21 -0.00697096842106
143.570784269 1.67777043955e-21 -0.00696486750916
143.696447975 1.67777043955e-21 -0.00695877726631
143.822111681 1.67777043955e-21 -0.00695269766453
143.947775387 1.67777043955e-21 -0.00694662867598
144.073439094 3.3555408791e-21 -0.00694057027288
144.1991028 3.3555408791e-21 -0.00693452242756
144.324766506 1.67777043955e-21 -0.00692848511245
144.450430212 1.67777043955e-21 -0.00692245830008
144.576093918 1.67777043955e-21 -0.00691644196306
144.701757624 1.64884031998e-36 -0.0069104360741
144.82742133 1.67777043955e-21 -0.00690444060602
144.953085037 1.67777043955e-21 -0.00689845553172
145.078748743 1.67777043955e-21 -0.0068924808242
145.204412449 1.67777043955e-21 -0.00688651645654
145.330076155 1.67777043955e-21 -0.00688056240192
145.455739861 1.67777043955e-21 -0.00687461863363
145.581403567 1.67777043955e-21 -0.00686868512503
145.707067273 1.67777043955e-21 -0.00686276184959
145.83273098 1.67777043955e-21 -0.00685684878084
145.958394686 3.3555408791e-21 -0.00685094589245
146.084058392 1.67777043955e-21 -0.00684505315812
146.209722098 3.3555408791e-21 -0.00683917055171
146.335385804 1.67777043955e-21 -0.0068332980471
146.46104951 1.67777043955e-21 -0.00682743561832
146.586713216 1.67777043955e-21 -0.00682158323944
146.712376923 1.67777043955e-21 -0.00681574088465
146.838040629 1.67777043955e-21 -0.00680990852823
146.963704335 1.67777043955e-21 -0.00680408614451
147.089368041 1.67777043955e-21 -0.00679827370796
147.215031747 1.67777043955e-21 -0.00679247119311
147.340695453 1.59031169701e-36 -0.00678667857456
147.46635916 1.67777043955e-21 -0.00678089582703
147.592022866 1.67777043955e-21 -0.00677512292531
147.717686572 1.67777043955e-21 -0.00676935984427
147.843350278 1.67777043955e-21 -0.00676360655888
147.969013984 1.67777043955e-21 -0.00675786304418
148.09467769 3.3555408791e-21 -0.00675212927531
148.220341396 1.67777043955e-21 -0.00674640522749
148.346005103 1.67777043955e-21 -0.00674069087601
148.471668809 1.67777043955e-21 -0.00673498619625
148.597332515 1.56353040459e-36 -0.0067292911637
148.722996221 1.67777043955e-21 -0.00672360575388
148.848659927 1.67777043955e-21 -0.00671792994245
148.974323633 3.3555408791e-21 -0.00671226370511
149.099987339 1.55300698642e-36 -0.00670660701765
149.225651046 1.67777043955e-21 -0.00670095985597
149.351314752 1.67777043955e-21 -0.00669532219601
149.476978458 1.67777043955e-21 -0.00668969401383
149.602642164 1.67777043955e-21 -0.00668407528553
149.72830587 1.67777043955e-21 -0.00667846598732
149.853969576 1.67777043955e-21 -0.00667286609548
149.979633282 1.67777043955e-21 -0.00666727558637
150.105296989 1.67777043955e-21 -0.00666169443643
150.230960695 1.67777043955e-21 -0.00665612262218
150.356624401 3.3555408791e-21 -0.00665056012022
150.482288107 1.67777043955e-21 -0.00664500690721
150.607951813 1.67777043955e-21 -0.00663946295991
150.733615519 1.67777043955e-21 -0.00663392825516
150.859279225 1.67777043955e-21 -0.00662840276986
150.984942932 1.67777043955e-21 -0.00662288648099
151.110606638 1.67777043955e-21 -0.00661737936562
151.236270344 1.67777043955e-21 -0.00661188140088
151.36193405 1.67777043955e-21 -0.00660639256398
151.487597756 1.50444282338e-36 -0.00660091283222
151.613261462 1.67777043955e-21 -0.00659544218295
151.738925168 1.67777043955e-21 -0.00658998059362
151.864588875 1.67777043955e-21 -0.00658452804173
151.990252581 1.49450929653e-36 -0.00657908450489
152.115916287 1.67777043955e-21 -0.00657364996074
152.241579993 1.67777043955e-21 -0.00656822438702
152.367243699 1.67777043955e-21 -0.00656280776155
152.492907405 3.3555408791e-21 -0.0065574000622
152.618571111 1.67777043955e-21 -0.00655200126693
152.744234818 1.67777043955e-21 -0.00654661135377
152.869898524 1.67777043955e-21 -0.00654123030082
152.99556223 3.3555408791e-21 -0.00653585808624
153.121225936 1.67777043955e-21 -0.00653049468829
153.246889642 8.38885219776e-22 -0.00652514008527
153.372553348 3.3555408791e-21 -0.00651979425558
153.498217054 1.67777043955e-21 -0.00651445717766
153.623880761 8.38885219776e-22 -0.00650912883005
153.749544467 1.67777043955e-21 -0.00650380919134
153.875208173 2.51665565933e-21 -0.00649849824019
154.000871879 1.67777043955e-21 -0.00649319595536
154.126535585 3.3555408791e-21 -0.00648790231564
154.252199291 3.3555408791e-21 -0.0064826172999
154.377862997 1.67777043955e-21 -0.00647734088709
154.503526704 1.67777043955e-21 -0.00647207305623
154.62919041 1.67777043955e-21 -0.00646681378639
154.754854116 1.67777043955e-21 -0.00646156305672
154.880517822 2.51665565933e-21 -0.00645632084644
155.006181528 2.51665565933e-21 -0.00645108713483
155.131845234 1.67777043955e-21 -0.00644586190124
155.25750894 2.51665565933e-21 -0.00644064512509
155.383172647 2.51665565933e-21 -0.00643543678586
155.508836353 1.67777043955e-21 -0.00643023686311
155.634500059 2.51665565933e-21 -0.00642504533644
155.760163765 1.67777043955e-21 -0.00641986218555
155.885827471 2.51665565933e-21 -0.00641468739017
156.011491177 2.51665565933e-21 -0.00640952093013
156.137154883 8.38885219776e-22 -0.0064043627853
156.26281859 8.38885219776e-22 -0.00639921293561
156.388482296 1.67777043955e-21 -0.00639407136109
156.514146002 1.67777043955e-21 -0.0063889380418
156.639809708 1.67777043955e-21 -0.00638381295787
156.765473414 2.51665565933e-21 -0.00637869608951
156.89113712 8.38885219776e-22 -0.00637358741697
157.016800826 1.67777043955e-21 -0.00636848692058
157.142464533 1.67777043955e-21 -0.00636339458073
157.268128239 1.67777043955e-21 -0.00635831037788
157.393791945 1.67777043955e-21 -0.00635323429252
157.519455651 1.67777043955e-21 -0.00634816630525
157.645119357 2.51665565933e-21 -0.00634310639669
157.770783063 1.67777043955e-21 -0.00633805454755
157.896446769 8.38885219776e-22 -0.00633301073858
158.022110476 8.38885219776e-22 -0.00632797495062
158.147774182 1.67777043955e-21 -0.00632294716453
158.273437888 1.67777043955e-21 -0.00631792736127
158.399101594 8.38885219776e-22 -0.00631291552184
158.5247653 1.67777043955e-21 -0.00630791162729
158.650429006 8.38885219776e-22 -0.00630291565877
158.776092712 1.67777043955e-21 -0.00629792759744
158.901756419 8.38885219776e-22 -0.00629294742456
159.027420125 1.67777043955e-21 -0.00628797512143
159.153083831 8.38885219776e-22 -0.0062830106694
159.278747537 8.38885219776e-22 -0.0062780540499
159.404411243 1.67777043955e-21 -0.0062731052444
159.530074949 8.38885219776e-22 -0.00626816423446
159.655738655 8.38885219776e-22 -0.00626323100165
159.781402362 1.67777043955e-21 -0.00625830552763
159.907066068 8.38885219776e-22 -0.00625338779412
160.032729774 1.67777043955e-21 -0.00624847778288
160.15839348 8.38885219776e-22 -0.00624357547574
160.284057186 1.67777043955e-21 -0.00623868085458
160.409720892 8.38885219776e-22 -0.00623379390134
160.535384598 8.38885219776e-22 -0.00622891459801
160.661048305 1.67777043955e-21 -0.00622404292666
160.786712011 8.38885219776e-22 -0.00621917886938
160.912375717 1.67777043955e-21 -0.00621432240834
161.038039423 8.38885219776e-22 -0.00620947352577
161.163703129 8.38885219776e-22 -0.00620463220393
161.289366835 2.51665565933e-21 -0.00619979842515
161.415030541 1.67777043955e-21 -0.00619497217183
161.540694248 1.67777043955e-21 -0.00619015342641
161.666357954 2.51665565933e-21 -0.00618534217137
161.79202166 3.3555408791e-21 -0.00618053838926
161.917685366 8.38885219776e-22 -0.0061757420627
162.043349072 8.38885219776e-22 -0.00617095317434
162.169012778 8.38885219776e-22 -0.00616617170688
162.294676484 1.67777043955e-21 -0.0061613976431
162.420340191 1.67777043955e-21 -0.00615663096581
162.546003897 8.38885219776e-22 -0.00615187165789
162.671667603 8.38885219776e-22 -0.00614711970225
162.797331309 1.67777043955e-21 -0.00614237508188
162.922995015 8.38885219776e-22 -0.0061376377798
163.048658721 8.38885219776e-22 -0.00613290777909
163.174322427 2.51665565933e-21 -0.00612818506289
163.299986134 1.67777043955e-21 -0.00612346961439
163.42564984 1.67777043955e-21 -0.00611876141682
163.551313546 1.67777043955e-21 -0.00611406045348
163.676977252 1.67777043955e-21 -0.00610936670769
163.802640958 8.38885219776e-22 -0.00610468016285
163.928304664 1.67777043955e-21 -0.00610000080241
164.05396837 8.38885219776e-22 -0.00609532860986
164.179632077 8.38885219776e-22 -0.00609066356874
164.305295783 8.38885219776e-22 -0.00608600566264
164.430959489 1.67777043955e-21 -0.00608135487521
164.556623195 8.38885219776e-22 -0.00607671119014
164.682286901 1.67777043955e-21 -0.00607207459118
164.807950607 1.67777043955e-21 -0.00606744506212
164.933614313 8.38885219776e-22 -0.0060628225868
165.05927802 8.38885219776e-22 -0.00605820714912
165.184941726 8.38885219776e-22 -0.006053598733
165.310605432 8.38885219776e-22 -0.00604899732246
165.436269138 8.38885219776e-22 -0.00604440290151
165.561932844 1.67777043955e-21 -0.00603981545426
165.68759655 2.51665565933e-21 -0.00603523496483
165.813260256 1.67777043955e-21 -0.00603066141741
165.938923963 8.38885219776e-22 -0.00602609479622
166.064587669 8.38885219776e-22 -0.00602153508555
166.190251375 8.38885219776e-22 -0.00601698226973
166.315915081 8.38885219776e-22 -0.00601243633312
166.441578787 1.67777043955e-21 -0.00600789726015
166.567242493 8.38885219776e-22 -0.00600336503528
166.692906199 1.67777043955e-21 -0.00599883964304
166.818569906 8.38885219776e-22 -0.00599432106798
166.944233612 8.38885219776e-22 -0.0059898092947
167.069897318 1.67777043955e-21 -0.00598530430787
167.195561024 8.38885219776e-22 -0.00598080609218
167.32122473 1.67777043955e-21 -0.00597631463238
167.446888436 2.51665565933e-21 -0.00597182991327
167.572552142 1.67777043955e-21 -0.00596735191967
167.698215849 2.51665565933e-21 -0.00596288063647
167.823879555 2.51665565933e-21 -0.0059584160486
167.949543261 8.38885219776e-22 -0.00595395814104
168.075206967 1.67777043955e-21 -0.0059495068988
168.200870673 1.67777043955e-21 -0.00594506230694
168.326534379 8.38885219776e-22 -0.00594062435058
168.452198085 1.67777043955e-21 -0.00593619301486
168.577861792 1.67777043955e-21 -0.00593176828498
168.703525498 8.38885219776e-22 -0.00592735014618
168.829189204 1.67777043955e-21 -0.00592293858375
168.95485291 8.38885219776e-22 -0.00591853358301
169.080516616 1.67777043955e-21 -0.00591413512933
169.206180322 1.67777043955e-21 -0.00590974320814
169.331844028 8.38885219776e-22 -0.00590535780489
169.457507735 8.38885219776e-22 -0.00590097890507
169.583171441 2.51665565933e-21 -0.00589660649424
169.708835147 8.38885219776e-22 -0.00589224055799
169.834498853 8.38885219776e-22 -0.00588788108193
169.960162559 8.38885219776e-22 -0.00588352805175
170.085826265 1.67777043955e-21 -0.00587918145316
170.211489971 8.38885219776e-22 -0.00587484127192
170.337153678 8.38885219776e-22 -0.00587050749383
170.462817384 8.38885219776e-22 -0.00586618010472
170.58848109 1.67777043955e-21 -0.00586185909048
170.714144796 8.38885219776e-22 -0.00585754443703
170.839808502 2.51665565933e-21 -0.00585323613035
170.965472208 8.38885219776e-22 -0.00584893415643
171.091135915 1.67777043955e-21 -0.00584463850132
171.216799621 1.67777043955e-21 -0.00584034915112
171.342463327 1.67777043955e-21 -0.00583606609195
171.468127033 1.67777043955e-21 -0.00583178930998
171.593790739 1.67777043955e-21 -0.00582751879143
171.719454445 2.51665565933e-21 -0.00582325452254
171.845118151 8.38885219776e-22 -0.00581899648961
171.970781858 8.38885219776e-22 -0.00581474467897
172.096445564 1.67777043955e-21 -0.00581049907699
172.22210927 1.67777043955e-21 -0.00580625967008
172.347772976 1.67777043955e-21 -0.00580202644469
172.473436682 1.67777043955e-21 -0.00579779938731
172.599100388 8.38885219776e-22 -0.00579357848447
172.724764094 1.67777043955e-21 -0.00578936372275
172.850427801 1.67777043955e-21 -0.00578515508874
172.976091507 8.38885219776e-22 -0.0057809525691
173.101755213 8.38885219776e-22 -0.0057767561505
173.227418919 8.38885219776e-22 -0.00577256581969
173.353082625 8.38885219776e-22 -0.00576838156341
173.478746331 8.38885219776e-22 -0.00576420336847
173.604410037 8.38885219776e-22 -0.0057600312217
173.730073744 8.38885219776e-22 -0.00575586510999
173.85573745 8.38885219776e-22 -0.00575170502026
173.981401156 1.67777043955e-21 -0.00574755093944
174.107064862 1.67777043955e-21 -0.00574340285454
174.232728568 8.38885219776e-22 -0.00573926075258
174.358392274 8.38885219776e-22 -0.00573512462063
174.48405598 8.38885219776e-22 -0.00573099444579
174.609719687 1.67777043955e-21 -0.0057268702152
174.735383393 8.38885219776e-22 -0.00572275191604
174.861047099 8.38885219776e-22 -0.00571863953552
174.986710805 1.67777043955e-21 -0.00571453306089
175.112374511 8.38885219776e-22 -0.00571043247945
175.238038217 8.38885219776e-22 -0.0057063377785
175.363701923 1.67777043955e-21 -0.00570224894542
175.48936563 1.67777043955e-21 -0.00569816596759
175.615029336 8.38885219776e-22 -0.00569408883246
175.740693042 1.67777043955e-21 -0.00569001752749
175.866356748 8.38885219776e-22 -0.00568595204018
175.992020454 8.38885219776e-22 -0.00568189235807
176.11768416 1.67777043955e-21 -0.00567783846874
176.243347866 8.38885219776e-22 -0.0056737903598
176.369011573 8.38885219776e-22 -0.00566974801889
176.494675279 8.38885219776e-22 -0.0056657114337
176.620338985 1.67777043955e-21 -0.00566168059194
176.746002691 8.38885219776e-22 -0.00565765548137
176.871666397 8.38885219776e-22 -0.00565363608976
176.997330103 8.38885219776e-22 -0.00564962240494
177.122993809 8.38885219776e-22 -0.00564561441477
177.248657516 1.67777043955e-21 -0.00564161210713
177.374321222 1.67777043955e-21 -0.00563761546995
177.499984928 8.38885219776e-22 -0.00563362449119
177.625648634 8.38885219776e-22 -0.00562963915883
177.75131234 8.38885219776e-22 -0.00562565946091
177.876976046 1.67777043955e-21 -0.00562168538548
178.002639752 8.38885219776e-22 -0.00561771692065
178.128303459 8.38885219776e-22 -0.00561375405452
178.253967165 1.67777043955e-21 -0.00560979677527
178.379630871 1.67777043955e-21 -0.0056058450711
178.505294577 1.67777043955e-21 -0.00560189893021
178.630958283 1.67777043955e-21 -0.00559795834089
178.756621989 8.38885219776e-22 -0.00559402329142
178.882285695 1.67777043955e-21 -0.00559009377013
179.007949402 8.38885219776e-22 -0.00558616976537
179.133613108 8.38885219776e-22 -0.00558225126554
179.259276814 8.38885219776e-22 -0.00557833825906
179.38494052 1.67777043955e-21 -0.00557443073439
179.510604226 8.38885219776e-22 -0.00557052868003
179.636267932 1.67777043955e-21 -0.00556663208448
179.761931638 1.67777043955e-21 -0.0055627409363
179.887595345 8.38885219776e-22 -0.00555885522408
180.013259051 1.67777043955e-21 -0.00555497493644
180.138922757 8.38885219776e-22 -0.00555110006202
180.264586463 8.38885219776e-22 -0.00554723058951
180.390250169 8.38885219776e-22 -0.00554336650761
180.515913875 8.38885219776e-22 -0.00553950780508
180.641577581 8.38885219776e-22 -0.00553565447068
180.767241288 1.67777043955e-21 -0.00553180649323
180.892904994 8.38885219776e-22 -0.00552796386155
181.0185687 8.38885219776e-22 -0.00552412656452
181.144232406 8.38885219776e-22 -0.00552029459103
181.269896112 1.67777043955e-21 -0.00551646793003
181.395559818 8.38885219776e-22 -0.00551264657045
181.521223524 8.38885219776e-22 -0.00550883050131
181.646887231 1.67777043955e-21 -0.00550501971162
181.772550937 1.67777043955e-21 -0.00550121419042
181.898214643 8.38885219776e-22 -0.00549741392681
182.023878349 8.38885219776e-22 -0.0054936189099
182.149542055 1.67777043955e-21 -0.00548982912882
182.275205761 8.38885219776e-22 -0.00548604457276
182.400869467 1.67777043955e-21 -0.0054822652309
182.526533174 1.67777043955e-21 -0.00547849109249
182.65219688 8.38885219776e-22 -0.00547472214679
182.777860586 8.38885219776e-22 -0.00547095838308
182.903524292 8.38885219776e-22 -0.00546719979069
183.029187998 8.38885219776e-22 -0.00546344635897
183.154851704 8.38885219776e-22 -0.00545969807729
183.28051541 8.38885219776e-22 -0.00545595493507
183.406179117 1.67777043955e-21 -0.00545221692174
183.531842823 8.38885219776e-22 -0.00544848402676
183.657506529 8.38885219776e-22 -0.00544475623964
183.783170235 1.67777043955e-21 -0.00544103354989
183.908833941 8.38885219776e-22 -0.00543731594707
184.034497647 1.67777043955e-21 -0.00543360342076
184.160161353 1.67777043955e-21 -0.00542989596056
184.28582506 8.38885219776e-22 -0.00542619355613
184.411488766 8.38885219776e-22 -0.00542249619711
184.537152472 1.67777043955e-21 -0.0054188038732
184.662816178 8.38885219776e-22 -0.00541511657414
184.788479884 8.38885219776e-22 -0.00541143428966
184.91414359 8.38885219776e-22 -0.00540775700954
185.039807296 1.67777043955e-21 -0.0054040847236
185.165471003 8.38885219776e-22 -0.00540041742166
185.291134709 1.67777043955e-21 -0.00539675509358
185.416798415 8.38885219776e-22 -0.00539309772925
185.542462121 8.38885219776e-22 -0.0053894453186
185.668125827 8.38885219776e-22 -0.00538579785155
185.793789533 8.38885219776e-22 -0.00538215531809
185.919453239 1.67777043955e-21 -0.0053785177082
186.045116946 1.67777043955e-21 -0.00537488501192
186.170780652 1.67777043955e-21 -0.00537125721929
186.296444358 8.38885219776e-22 -0.00536763432039
186.422108064 8.38885219776e-22 -0.00536401630533
186.54777177 1.67777043955e-21 -0.00536040316424
186.673435476 1.67777043955e-21 -0.00535679488727
186.799099182 8.38885219776e-22 -0.00535319146461
186.924762889 1.67777043955e-21 -0.00534959288648
187.050426595 8.38885219776e-22 -0.00534599914311
187.176090301 1.67777043955e-21 -0.00534241022475
187.301754007 8.38885219776e-22 -0.00533882612171
187.427417713 8.38885219776e-22 -0.0053352468243
187.553081419 8.38885219776e-22 -0.00533167232286
187.678745125 8.38885219776e-22 -0.00532810260775
187.804408832 8.38885219776e-22 -0.00532453766938
187.930072538 8.38885219776e-22 -0.00532097749815
188.055736244 8.38885219776e-22 -0.00531742208451
188.18139995 8.38885219776e-22 -0.00531387141894
188.307063656 1.67777043955e-21 -0.00531032549193
188.432727362 8.38885219776e-22 -0.00530678429399
188.558391068 1.67777043955e-21 -0.00530324781568
188.684054775 9.69779265582e-37 -0.00529971604757
188.809718481 1.67777043955e-21 -0.00529618898025
188.935382187 8.38885219776e-22 -0.00529266660435
189.061045893 1.67777043955e-21 -0.0052891489105
189.186709599 1.67777043955e-21 -0.00528563588939
189.312373305 8.38885219776e-22 -0.00528212753171
189.438037011 1.67777043955e-21 -0.00527862382817
189.563700718 8.38885219776e-22 -0.00527512476953
189.689364424 1.67777043955e-21 -0.00527163034655
189.81502813 8.38885219776e-22 -0.00526814055002
189.940691836 8.38885219776e-22 -0.00526465537078
190.066355542 8.38885219776e-22 -0.00526117479965
190.192019248 8.38885219776e-22 -0.00525769882751
190.317682954 8.38885219776e-22 -0.00525422744524
190.443346661 8.38885219776e-22 -0.00525076064377
190.569010367 8.38885219776e-22 -0.00524729841402
190.694674073 8.38885219776e-22 -0.00524384074697
190.820337779 8.38885219776e-22 -0.0052403876336
190.946001485 1.67777043955e-21 -0.00523693906493
191.071665191 8.38885219776e-22 -0.00523349503197
191.197328897 8.38885219776e-22 -0.0052300555258
191.322992604 8.38885219776e-22 -0.0052266205375
191.44865631 8.38885219776e-22 -0.00522319005816
191.574320016 8.38885219776e-22 -0.00521976407892
191.699983722 8.38885219776e-22 -0.00521634259093
191.825647428 1.67777043955e-21 -0.00521292558536
191.951311134 8.38885219776e-22 -0.00520951305341
192.07697484 8.38885219776e-22 -0.0052061049863
192.202638547 1.67777043955e-21 -0.00520270137528
192.328302253 8.38885219776e-22 -0.0051993022116
192.453965959 8.38885219776e-22 -0.00519590748657
192.579629665 8.38885219776e-22 -0.00519251719148
192.705293371 8.38885219776e-22 -0.00518913131769
192.830957077 8.38885219776e-22 -0.00518574985653
192.956620783 8.38885219776e-22 -0.0051823727994
193.08228449 1.67777043955e-21 -0.00517900013769
193.207948196 8.38885219776e-22 -0.00517563186283
193.333611902 8.38885219776e-22 -0.00517226796627
193.459275608 8.38885219776e-22 -0.00516890843948
193.584939314 8.38885219776e-22 -0.00516555327394
193.71060302 8.38885219776e-22 -0.00516220246117
193.836266726 8.38885219776e-22 -0.0051588559927
193.961930433 8.38885219776e-22 -0.0051555138601
194.087594139 8.38885219776e-22 -0.00515217605494
194.213257845 1.67777043955e-21 -0.00514884256882
194.338921551 8.38885219776e-22 -0.00514551339336
194.464585257 1.67777043955e-21 -0.00514218852021
194.590248963 8.38885219776e-22 -0.00513886794104
194.715912669 8.38885219776e-22 -0.00513555164753
194.841576376 8.38885219776e-22 -0.00513223963138
194.967240082 1.67777043955e-21 -0.00512893188434
195.092903788 8.38885219776e-22 -0.00512562839815
195.218567494 8.38885219776e-22 -0.00512232916459
195.3442312 8.38885219776e-22 -0.00511903417544
195.469894906 8.38885219776e-22 -0.00511574342253
195.595558613 8.38885219776e-22 -0.00511245689768
195.721222319 1.67777043955e-21 -0.00510917459276
195.846886025 8.38885219776e-22 -0.00510589649965
195.972549731 8.38885219776e-22 -0.00510262261024
196.098213437 8.38885219776e-22 -0.00509935291644
196.223877143 1.67777043955e-21 -0.00509608741021
196.349540849 1.67777043955e-21 -0.00509282608351
196.475204556 8.38885219776e-22 -0.00508956892831
196.600868262 8.38885219776e-22 -0.00508631593661
196.726531968 8.38885219776e-22 -0.00508306710044
196.852195674 8.38885219776e-22 -0.00507982241184
196.97785938 8.89837040181e-37 -0.00507658186287
197.103523086 1.67777043955e-21 -0.00507334544562
197.229186792 8.38885219776e-22 -0.00507011315219
197.354850499 8.38885219776e-22 -0.00506688497471
197.480514205 8.38885219776e-22 -0.00506366090531
197.606177911 8.38885219776e-22 -0.00506044093616
197.731841617 8.38885219776e-22 -0.00505722505944
197.857505323 8.38885219776e-22 -0.00505401326736
197.983169029 8.38885219776e-22 -0.00505080555214
198.108832735 8.38885219776e-22 -0.00504760190602
198.234496442 8.38885219776e-22 -0.00504440232127
198.360160148 8.38885219776e-22 -0.00504120679016
198.485823854 8.38885219776e-22 -0.005038015305
198.61148756 8.75259725251e-37 -0.00503482785811
198.737151266 8.38885219776e-22 -0.00503164444184
198.862814972 1.67777043955e-21 -0.00502846504853
198.988478678 8.38885219776e-22 -0.00502528967056
199.114142385 8.38885219776e-22 -0.00502211830035
199.239806091 1.67777043955e-21 -0.0050189509303
199.365469797 8.38885219776e-22 -0.00501578755285
199.491133503 8.38885219776e-22 -0.00501262816046
199.616797209 8.38885219776e-22 -0.0050094727456
199.742460915 8.38885219776e-22 -0.00500632130076
199.868124621 8.38885219776e-22 -0.00500317381847
199.993788328 1.67777043955e-21 -0.00500003029124
200.119452034 8.38885219776e-22 -0.00499689071163
200.24511574 8.38885219776e-22 -0.00499375507221
200.370779446 8.38885219776e-22 -0.00499062336556
200.496443152 8.38885219776e-22 -0.00498749558429
200.622106858 8.38885219776e-22 -0.00498437172103
200.747770564 8.38885219776e-22 -0.00498125176842
200.873434271 1.67777043955e-21 -0.00497813571912
200.999097977 8.38885219776e-22 -0.00497502356581
201.124761683 1.67777043955e-21 -0.00497191530119
201.250425389 8.38885219776e-22 -0.00496881091797
201.376089095 8.38885219776e-22 -0.00496571040889
201.501752801 8.38885219776e-22 -0.00496261376669
201.627416507 8.38885219776e-22 -0.00495952098417
201.753080214 8.38885219776e-22 -0.00495643205409
201.87874392 1.67777043955e-21 -0.00495334696927
202.004407626 1.67777043955e-21 -0.00495026572253
202.130071332 8.38885219776e-22 -0.00494718830671
202.255735038 8.38885219776e-22 -0.00494411471468
202.381398744 8.38885219776e-22 -0.00494104493931
202.50706245 8.38885219776e-22 -0.00493797897349
202.632726157 8.40867106803e-37 -0.00493491681015
202.758389863 8.38885219776e-22 -0.00493185844221
202.884053569 8.38885219776e-22 -0.00492880386261
203.009717275 8.38885219776e-22 -0.00492575306433
203.135380981 8.38885219776e-22 -0.00492270604035
203.261044687 1.67777043955e-21 -0.00491966278367
203.386708393 8.38885219776e-22 -0.00491662328731
203.5123721 8.38885219776e-22 -0.00491358754429
203.638035806 1.67777043955e-21 -0.00491055554768
203.763699512 8.38885219776e-22 -0.00490752729054
203.889363218 8.38885219776e-22 -0.00490450276596
204.015026924 8.38885219776e-22 -0.00490148196704
204.14069063 8.38885219776e-22 -0.00489846488691
204.266354336 8.38885219776e-22 -0.00489545151869
204.392018043 8.38885219776e-22 -0.00489244185555
204.517681749 8.38885219776e-22 -0.00488943589066
204.643345455 8.24426035536e-37 -0.0048864336172
204.769009161 8.38885219776e-22 -0.00488343502837
204.894672867 8.38885219776e-22 -0.00488044011741
205.020336573 8.38885219776e-22 -0.00487744887754
205.146000279 8.38885219776e-22 -0.00487446130202
205.271663986 8.38885219776e-22 -0.00487147738413
205.397327692 8.38885219776e-22 -0.00486849711714
205.522991398 8.38885219776e-22 -0.00486552049437
205.648655104 8.38885219776e-22 -0.00486254750913
205.77431881 8.38885219776e-22 -0.00485957815476
205.899982516 8.38885219776e-22 -0.00485661242461
206.025646222 8.38885219776e-22 -0.00485365031205
206.151309929 1.67777043955e-21 -0.00485069181047
206.276973635 8.38885219776e-22 -0.00484773691327
206.402637341 1.67777043955e-21 -0.00484478561386
206.528301047 8.09446564675e-37 -0.00484183790568
206.653964753 1.67777043955e-21 -0.00483889378218
206.779628459 8.38885219776e-22 -0.00483595323682
206.905292165 1.67777043955e-21 -0.00483301626308
207.030955872 8.38885219776e-22 -0.00483008285447
207.156619578 8.38885219776e-22 -0.00482715300449
207.282283284 8.38885219776e-22 -0.00482422670667
207.40794699 1.67777043955e-21 -0.00482130395455
207.533610696 8.38885219776e-22 -0.0048183847417
207.659274402 8.00654015246e-37 -0.00481546906169
207.784938108 8.38885219776e-22 -0.00481255690812
207.910601815 8.38885219776e-22 -0.00480964827458
208.036265521 7.97754981957e-37 -0.0048067431547
208.161929227 7.96792135741e-37 -0.00480384154211
208.287592933 8.38885219776e-22 -0.00480094343048
208.413256639 8.38885219776e-22 -0.00479804881346
208.538920345 8.38885219776e-22 -0.00479515768475
208.664584051 8.38885219776e-22 -0.00479227003803
208.790247758 8.38885219776e-22 -0.00478938586703
208.915911464 1.67777043955e-21 -0.00478650516546
209.04157517 8.38885219776e-22 -0.00478362792708
209.167238876 8.38885219776e-22 -0.00478075414565
209.292902582 8.38885219776e-22 -0.00477788381493
209.418566288 7.87258798875e-37 -0.00477501692871
209.544229994 8.38885219776e-22 -0.00477215348081
209.669893701 8.38885219776e-22 -0.00476929346503
209.795557407 8.38885219776e-22 -0.00476643687521
209.921221113 8.38885219776e-22 -0.00476358370521
210.046884819 8.38885219776e-22 -0.00476073394887
210.172548525 8.38885219776e-22 -0.00475788760008
210.298212231 8.38885219776e-22 -0.00475504465274
210.423875937 7.7975477744e-37 -0.00475220510074
210.549539644 8.38885219776e-22 -0.00474936893801
210.67520335 8.38885219776e-22 -0.00474653615848
210.800867056 8.38885219776e-22 -0.00474370675611
210.926530762 8.38885219776e-22 -0.00474088072485
211.052194468 8.38885219776e-22 -0.0047380580587
211.177858174 8.38885219776e-22 -0.00473523875163
211.30352188 1.67777043955e-21 -0.00473242279767
211.429185587 8.38885219776e-22 -0.00472961019082
211.554849293 8.38885219776e-22 -0.00472680092513
211.680512999 8.38885219776e-22 -0.00472399499465
211.806176705 8.38885219776e-22 -0.00472119239344
211.931840411 1.67777043955e-21 -0.00471839311557
212.057504117 7.67787586301e-37 -0.00471559715515
212.183167823 8.38885219776e-22 -0.00471280450627
212.30883153 8.38885219776e-22 -0.00471001516307
212.434495236 8.38885219776e-22 -0.00470722911966
212.560158942 1.67777043955e-21 -0.00470444637021
212.685822648 8.38885219776e-22 -0.00470166690886
212.811486354 8.38885219776e-22 -0.00469889072981
212.93715006 8.38885219776e-22 -0.00469611782723
213.062813766 8.38885219776e-22 -0.00469334819533
213.188477473 8.38885219776e-22 -0.00469058182833
213.314141179 8.38885219776e-22 -0.00468781872046
213.439804885 8.38885219776e-22 -0.00468505886595
213.565468591 8.38885219776e-22 -0.00468230225908
213.691132297 8.38885219776e-22 -0.00467954889411
213.816796003 8.38885219776e-22 -0.00467679876532
213.942459709 8.38885219776e-22 -0.00467405186702
214.068123416 1.67777043955e-21 -0.00467130819351
214.193787122 8.38885219776e-22 -0.00466856773911
214.319450828 8.38885219776e-22 -0.00466583049818
214.445114534 1.67777043955e-21 -0.00466309646505
214.57077824 8.38885219776e-22 -0.0046603656341
214.696441946 8.38885219776e-22 -0.00465763799969
214.822105652 8.38885219776e-22 -0.00465491355623
214.947769359 8.38885219776e-22 -0.00465219229811
215.073433065 8.38885219776e-22 -0.00464947421976
215.199096771 8.38885219776e-22 -0.0046467593156
215.324760477 8.38885219776e-22 -0.00464404758007
215.450424183 8.38885219776e-22 -0.00464133900763
215.576087889 1.67777043955e-21 -0.00463863359276
215.701751595 8.38885219776e-22 -0.00463593132992
215.827415302 8.38885219776e-22 -0.00463323221363
215.953079008 8.38885219776e-22 -0.00463053623838
216.078742714 8.38885219776e-22 -0.00462784339869
216.20440642 8.38885219776e-22 -0.0046251536891
216.330070126 1.25832782966e-21 -0.00462246710416
216.455733832 4.19442609888e-22 -0.00461978363841
216.581397538 8.38885219776e-22 -0.00461710328644
216.707061245 1.25832782966e-21 -0.00461442604283
216.832724951 8.38885219776e-22 -0.00461175190217
216.958388657 8.38885219776e-22 -0.00460908085907
217.084052363 4.19442609888e-22 -0.00460641290816
217.209716069 8.38885219776e-22 -0.00460374804406
217.335379775 4.19442609888e-22 -0.00460108626142
217.461043481 4.19442609888e-22 -0.00459842755491
217.586707188 4.19442609888e-22 -0.00459577191918
217.712370894 8.38885219776e-22 -0.00459311934893
217.8380346 1.25832782966e-21 -0.00459046983886
217.963698306 8.38885219776e-22 -0.00458782338366
218.089362012 8.38885219776e-22 -0.00458517997805
218.215025718 4.19442609888e-22 -0.00458253961678
218.340689424 1.25832782966e-21 -0.00457990229458
218.466353131 4.19442609888e-22 -0.00457726800621
218.592016837 1.25832782966e-21 -0.00457463674643
218.717680543 1.25832782966e-21 -0.00457200851004
218.843344249 4.19442609888e-22 -0.00456938329181
218.969007955 8.38885219776e-22 -0.00456676108656
219.094671661 1.25832782966e-21 -0.0045641418891
219.220335367 1.25832782966e-21 -0.00456152569426
219.345999074 8.38885219776e-22 -0.00455891249688
219.47166278 4.19442609888e-22 -0.0045563022918
219.597326486 8.38885219776e-22 -0.0045536950739
219.722990192 1.25832782966e-21 -0.00455109083805
219.848653898 1.25832782966e-21 -0.00454848957913
219.974317604 8.38885219776e-22 -0.00454589129205
220.099981311 4.19442609888e-22 -0.00454329597171
220.225645017 8.38885219776e-22 -0.00454070361304
220.351308723 8.38885219776e-22 -0.00453811421096
220.476972429 8.38885219776e-22 -0.00453552776043
220.602636135 8.38885219776e-22 -0.00453294425641
220.728299841 4.19442609888e-22 -0.00453036369385
220.853963547 8.38885219776e-22 -0.00452778606773
220.979627254 4.19442609888e-22 -0.00452521137306
221.10529096 1.25832782966e-21 -0.00452263960483
221.230954666 8.38885219776e-22 -0.00452007075805
221.356618372 4.19442609888e-22 -0.00451750482775
221.482282078 4.19442609888e-22 -0.00451494180897
221.607945784 8.38885219776e-22 -0.00451238169675
221.73360949 4.19442609888e-22 -0.00450982448615
221.859273197 4.19442609888e-22 -0.00450727017225
221.984936903 1.25832782966e-21 -0.00450471875012
222.110600609 1.25832782966e-21 -0.00450217021485
222.236264315 8.38885219776e-22 -0.00449962456155
222.361928021 8.38885219776e-22 -0.00449708178533
222.487591727 8.38885219776e-22 -0.00449454188133
222.613255433 4.19442609888e-22 -0.00449200484466
222.73891914 4.19442609888e-22 -0.00448947067049
222.864582846 1.25832782966e-21 -0.00448693935397
222.990246552 4.19442609888e-22 -0.00448441089026
223.115910258 8.38885219776e-22 -0.00448188527456
223.241573964 1.25832782966e-21 -0.00447936250204
223.36723767 4.19442609888e-22 -0.00447684256792
223.492901376 8.38885219776e-22 -0.0044743254674
223.618565083 4.19442609888e-22 -0.00447181119571
223.744228789 1.25832782966e-21 -0.00446929974808
223.869892495 8.38885219776e-22 -0.00446679111976
223.995556201 8.38885219776e-22 -0.004464285306
224.121219907 8.38885219776e-22 -0.00446178230206
224.246883613 8.38885219776e-22 -0.00445928210324
224.372547319 8.38885219776e-22 -0.0044567847048
224.498211026 4.19442609888e-22 -0.00445429010205
224.623874732 8.38885219776e-22 -0.0044517982903
224.749538438 8.38885219776e-22 -0.00444930926487
224.875202144 4.19442609888e-22 -0.00444682302109
225.00086585 8.38885219776e-22 -0.00444433955428
225.126529556 4.19442609888e-22 -0.00444185885982
225.252193262 8.38885219776e-22 -0.00443938093305
225.377856969 8.38885219776e-22 -0.00443690576935
225.503520675 8.38885219776e-22 -0.0044344333641
225.629184381 4.19442609888e-22 -0.00443196371268
225.754848087 1.25832782966e-21 -0.00442949681051
225.880511793 4.19442609888e-22 -0.00442703265299
226.006175499 8.38885219776e-22 -0.00442457123554
226.131839205 8.38885219776e-22 -0.00442211255361
226.257502912 1.25832782966e-21 -0.00441965660262
226.383166618 8.38885219776e-22 -0.00441720337804
226.508830324 8.38885219776e-22 -0.00441475287532
226.63449403 4.19442609888e-22 -0.00441230508994
226.760157736 8.38885219776e-22 -0.00440986001738
226.885821442 4.19442609888e-22 -0.00440741765313
227.011485148 8.38885219776e-22 -0.0044049779927
227.137148855 4.19442609888e-22 -0.0044025410316
227.262812561 8.38885219776e-22 -0.00440010676535
227.388476267 8.38885219776e-22 -0.00439767518948
227.514139973 4.19442609888e-22 -0.00439524629954
227.639803679 8.38885219776e-22 -0.00439282009108
227.765467385 1.25832782966e-21 -0.00439039655966
227.891131091 8.38885219776e-22 -0.00438797570085
228.016794798 8.38885219776e-22 -0.00438555751024
228.142458504 4.19442609888e-22 -0.00438314198341
228.26812221 4.19442609888e-22 -0.00438072911597
228.393785916 4.19442609888e-22 -0.00437831890353
228.519449622 4.19442609888e-22 -0.0043759113417
228.645113328 8.38885219776e-22 -0.00437350642612
228.770777034 8.38885219776e-22 -0.00437110415242
228.896440741 4.19442609888e-22 -0.00436870451627
229.022104447 8.38885219776e-22 -0.00436630751331
229.147768153 8.38885219776e-22 -0.00436391313921
229.273431859 8.38885219776e-22 -0.00436152138965
229.399095565 4.19442609888e-22 -0.00435913226032
229.524759271 8.38885219776e-22 -0.00435674574691
229.650422977 4.19442609888e-22 -0.00435436184514
229.776086684 4.19442609888e-22 -0.00435198055071
229.90175039 8.38885219776e-22 -0.00434960185935
230.027414096 4.19442609888e-22 -0.0043472257668
230.153077802 4.19442609888e-22 -0.0043448522688
230.278741508 8.38885219776e-22 -0.0043424813611
230.404405214 8.38885219776e-22 -0.00434011303946
230.53006892 8.38885219776e-22 -0.00433774729965
230.655732627 8.38885219776e-22 -0.00433538413746
230.781396333 8.38885219776e-22 -0.00433302354868
230.907060039 4.19442609888e-22 -0.0043306655291
231.032723745 4.19442609888e-22 -0.00432831007453
231.158387451 4.19442609888e-22 -0.00432595718079
231.284051157 8.38885219776e-22 -0.00432360684371
231.409714863 4.19442609888e-22 -0.00432125905911
231.53537857 4.19442609888e-22 -0.00431891382285
231.661042276 8.38885219776e-22 -0.00431657113078
231.786705982 4.19442609888e-22 -0.00431423097876
231.912369688 8.38885219776e-22 -0.00431189336266
232.038033394 4.19442609888e-22 -0.00430955827836
232.1636971 4.19442609888e-22 -0.00430722572175
232.289360806 4.19442609888e-22 -0.00430489568873
232.415024513 8.38885219776e-22 -0.0043025681752
232.540688219 4.19442609888e-22 -0.00430024317709
232.666351925 4.19442609888e-22 -0.00429792069031
232.792015631 4.19442609888e-22 -0.00429560071081
232.917679337 8.38885219776e-22 -0.00429328323451
233.043343043 8.38885219776e-22 -0.00429096825738
233.169006749 8.38885219776e-22 -0.00428865577536
233.294670456 4.19442609888e-22 -0.00428634578444
233.420334162 4.19442609888e-22 -0.00428403828059
233.545997868 8.38885219776e-22 -0.00428173325978
233.671661574 8.38885219776e-22 -0.00427943071803
233.79732528 4.19442609888e-22 -0.00427713065132
233.922988986 4.19442609888e-22 -0.00427483305568
234.048652692 4.19442609888e-22 -0.00427253792712
234.174316399 8.38885219776e-22 -0.00427024526167
234.299980105 4.19442609888e-22 -0.00426795505536
234.425643811 4.19442609888e-22 -0.00426566730425
234.551307517 4.19442609888e-22 -0.00426338200439
234.676971223 8.38885219776e-22 -0.00426109915183
234.802634929 8.38885219776e-22 -0.00425881874266
234.928298635 4.19442609888e-22 -0.00425654077295
235.053962342 4.19442609888e-22 -0.00425426523878
235.179626048 1.25832782966e-21 -0.00425199213626
235.305289754 8.38885219776e-22 -0.00424972146148
235.43095346 8.38885219776e-22 -0.00424745321057
235.556617166 8.38885219776e-22 -0.00424518737964
235.682280872 4.19442609888e-22 -0.00424292396482
235.807944578 8.38885219776e-22 -0.00424066296225
235.933608285 8.38885219776e-22 -0.00423840436807
236.059271991 1.25832782966e-21 -0.00423614817845
236.184935697 4.19442609888e-22 -0.00423389438953
236.310599403 8.38885219776e-22 -0.00423164299749
236.436263109 4.19442609888e-22 -0.00422939399852
236.561926815 4.19442609888e-22 -0.00422714738879
236.687590521 4.19442609888e-22 -0.00422490316451
236.813254228 8.38885219776e-22 -0.00422266132186
236.938917934 4.19442609888e-22 -0.00422042185708
237.06458164 4.19442609888e-22 -0.00421818476636
237.190245346 4.19442609888e-22 -0.00421595004595
237.315909052 4.19442609888e-22 -0.00421371769207
237.441572758 8.38885219776e-22 -0.00421148770097
237.567236464 8.38885219776e-22 -0.0042092600689
237.692900171 4.19442609888e-22 -0.00420703479212
237.818563877 4.19442609888e-22 -0.0042048118669
237.944227583 4.19442609888e-22 -0.0042025912895
238.069891289 4.19442609888e-22 -0.00420037305621
238.195554995 4.19442609888e-22 -0.00419815716333
238.321218701 8.38885219776e-22 -0.00419594360715
238.446882407 8.38885219776e-22 -0.00419373238397
238.572546114 8.38885219776e-22 -0.00419152349011
238.69820982 4.19442609888e-22 -0.00418931692189
238.823873526 8.38885219776e-22 -0.00418711267565
238.949537232 8.38885219776e-22 -0.00418491074771
239.075200938 4.19442609888e-22 -0.00418271113442
239.200864644 1.25832782966e-21 -0.00418051383213
239.32652835 8.38885219776e-22 -0.00417831883721
239.452192057 8.38885219776e-22 -0.00417612614602
239.577855763 4.19442609888e-22 -0.00417393575494
239.703519469 8.38885219776e-22 -0.00417174766035
239.829183175 8.38885219776e-22 -0.00416956185863
239.954846881 4.19442609888e-22 -0.0041673783462
240.080510587 8.38885219776e-22 -0.00416519711944
240.206174293 4.19442609888e-22 -0.00416301817479
240.331838 4.19442609888e-22 -0.00416084150865
240.457501706 8.38885219776e-22 -0.00415866711745
240.583165412 8.38885219776e-22 -0.00415649499763
240.708829118 8.38885219776e-22 -0.00415432514564
240.834492824 8.38885219776e-22 -0.00415215755792
240.96015653 8.38885219776e-22 -0.00414999223093
241.085820236 4.19442609888e-22 -0.00414782916114
241.211483943 8.38885219776e-22 -0.00414566834501
241.337147649 4.19442609888e-22 -0.00414350977903
241.462811355 1.25832782966e-21 -0.00414135345969
241.588475061 4.19442609888e-22 -0.00413919938348
241.714138767 8.38885219776e-22 -0.0041370475469
241.839802473 8.38885219776e-22 -0.00413489794646
241.965466179 8.38885219776e-22 -0.00413275057868
242.091129886 8.38885219776e-22 -0.00413060544007
242.216793592 4.19442609888e-22 -0.00412846252718
242.342457298 4.19442609888e-22 -0.00412632183654
242.468121004 4.19442609888e-22 -0.00412418336469
242.59378471 8.38885219776e-22 -0.00412204710818
242.719448416 8.38885219776e-22 -0.00411991306358
242.845112122 8.38885219776e-22 -0.00411778122746
242.970775829 8.38885219776e-22 -0.00411565159638
243.096439535 4.19442609888e-22 -0.00411352416692
243.222103241 8.38885219776e-22 -0.00411139893568
243.347766947 4.19442609888e-22 -0.00410927589925
243.473430653 4.19442609888e-22 -0.00410715505423
243.599094359 4.19442609888e-22 -0.00410503639722
243.724758065 4.19442609888e-22 -0.00410291992486
243.850421772 4.19442609888e-22 -0.00410080563375
243.976085478 8.38885219776e-22 -0.00409869352053
244.101749184 8.38885219776e-22 -0.00409658358183
244.22741289 8.38885219776e-22 -0.0040944758143
244.353076596 8.38885219776e-22 -0.00409237021459
244.478740302 8.38885219776e-22 -0.00409026677936
244.604404009 8.38885219776e-22 -0.00408816550526
244.730067715 4.19442609888e-22 -0.00408606638898
244.855731421 8.38885219776e-22 -0.00408396942719
244.981395127 8.38885219776e-22 -0.00408187461657
245.107058833 8.38885219776e-22 -0.00407978195381
245.232722539 1.25832782966e-21 -0.00407769143562
245.358386245 8.38885219776e-22 -0.0040756030587
245.484049952 4.19442609888e-22 -0.00407351681976
245.609713658 4.19442609888e-22 -0.00407143271552
245.735377364 8.38885219776e-22 -0.00406935074271
245.86104107 8.38885219776e-22 -0.00406727089805
245.986704776 4.19442609888e-22 -0.00406519317828
246.112368482 4.19442609888e-22 -0.00406311758016
246.238032188 4.19442609888e-22 -0.00406104410043
246.363695895 8.38885219776e-22 -0.00405897273586
246.489359601 4.19442609888e-22 -0.00405690348319
246.615023307 8.38885219776e-22 -0.00405483633922
246.740687013 4.19442609888e-22 -0.00405277130072
246.866350719 8.38885219776e-22 -0.00405070836446
246.992014425 4.19442609888e-22 -0.00404864752725
247.117678131 4.19442609888e-22 -0.00404658878588
247.243341838 4.19442609888e-22 -0.00404453213716
247.369005544 8.38885219776e-22 -0.00404247757789
247.49466925 8.38885219776e-22 -0.0040404251049
247.620332956 8.38885219776e-22 -0.004038374715
247.745996662 8.38885219776e-22 -0.00403632640504
247.871660368 4.19442609888e-22 -0.00403428017184
247.997324074 4.19442609888e-22 -0.00403223601224
248.122987781 8.38885219776e-22 -0.00403019392311
248.248651487 8.38885219776e-22 -0.00402815390129
248.374315193 4.19442609888e-22 -0.00402611594365
248.499978899 4.19442609888e-22 -0.00402408004705
248.625642605 4.19442609888e-22 -0.00402204620837
248.751306311 8.38885219776e-22 -0.0040200144245
248.876970017 8.38885219776e-22 -0.00401798469231
249.002633724 4.19442609888e-22 -0.00401595700871
249.12829743 4.19442609888e-22 -0.00401393137059
249.253961136 4.19442609888e-22 -0.00401190777486
249.379624842 4.19442609888e-22 -0.00400988621844
249.505288548 8.38885219776e-22 -0.00400786669823
249.630952254 8.38885219776e-22 -0.00400584921117
249.75661596 8.38885219776e-22 -0.00400383375419
249.882279667 4.19442609888e-22 -0.00400182032423
250.007943373 8.38885219776e-22 -0.00399980891822
250.133607079 8.38885219776e-22 -0.00399779953313
250.259270785 4.19442609888e-22 -0.00399579216589
250.384934491 8.38885219776e-22 -0.00399378681349
250.510598197 4.19442609888e-22 -0.00399178347288
250.636261903 4.19442609888e-22 -0.00398978214104
250.76192561 4.19442609888e-22 -0.00398778281494
250.887589316 8.38885219776e-22 -0.00398578549159
251.013253022 4.19442609888e-22 -0.00398379016796
251.138916728 4.19442609888e-22 -0.00398179684106
251.264580434 8.38885219776e-22 -0.00397980550789
