0.0628318530718 -1.08901601301e-14 -0.249271091492
0.188495559215 -1.21041974746e-14 -0.707616457225
0.314159265359 -1.24737054674e-14 -1.09494501272
0.439822971503 -1.11223644076e-14 -1.43374606433
0.565486677646 -8.21835240634e-15 -1.74605130338
0.69115038379 -3.98681530068e-15 -2.03925778981
0.816814089933 8.62741418901e-16 -2.3122756763
0.942477796077 5.61920154956e-15 -2.56147845739
1.06814150222 1.06804430166e-14 -2.78360573948
1.19380520836 1.54996805546e-14 -2.97676392976
1.31946891451 2.01888334217e-14 -3.1405302373
1.44513262065 2.36283852468e-14 -3.27570295692
1.57079632679 2.77489818044e-14 -3.38395727861
1.69646003294 3.04131932787e-14 -3.46751936037
1.82212373908 3.32529108984e-14 -3.52889978016
1.94778744523 3.55475222408e-14 -3.57069414473
2.07345115137 3.6890243987e-14 -3.59544442312
2.19911485751 3.81336913461e-14 -3.60554970381
2.32477856366 3.89107358915e-14 -3.60321457274
2.4504422698 4.01553813837e-14 -3.59042466208
2.57610597594 4.07190769405e-14 -3.56894087694
2.70176968209 4.09083377138e-14 -3.54030577367
2.82743338823 4.09369845894e-14 -3.50585728704
2.95309709437 4.0592493802e-14 -3.46674640265
3.07876080052 4.01636727921e-14 -3.42395645286
3.20442450666 4.03327633619e-14 -3.37832251842
3.33008821281 3.94139854764e-14 -3.33054999723
3.45575191895 3.98412698298e-14 -3.28123180694
3.58141562509 3.95436857292e-14 -3.23086396225
3.70707933124 3.85115832143e-14 -3.17985944815
3.83274303738 3.84457595082e-14 -3.12856042235
3.95840674352 3.76936071079e-14 -3.07724884683
4.08407044967 3.76045600219e-14 -3.02615568276
4.20973415581 3.69784681206e-14 -2.97546879743
4.33539786195 3.66826113516e-14 -2.92533973296
4.4610615681 3.59593779928e-14 -2.87588947996
4.58672527424 3.56125085989e-14 -2.82721338842
4.71238898038 3.50322912479e-14 -2.77938533535
4.83805268653 3.4635425101e-14 -2.73246125508
4.96371639267 3.40179166571e-14 -2.68648212537
5.08938009882 3.37432279933e-14 -2.64147648991
5.21504380496 3.32933580064e-14 -2.59746258715
5.3407075111 3.34878880162e-14 -2.55445014509
5.46637121725 3.24690273194e-14 -2.51244189316
5.59203492339 3.16680979952e-14 -2.47143483478
5.71769862953 3.20566087077e-14 -2.43142131749
5.84336233568 3.17274065517e-14 -2.39238993208
5.96902604182 3.07979273894e-14 -2.35432626724
6.09468974796 3.01471065986e-14 -2.31721354215
6.22035345411 3.01906929621e-14 -2.28103313612
6.34601716025 2.99874065545e-14 -2.2457650312
6.47168086639 2.97641792902e-14 -2.21138818144
6.59734457254 2.93782374468e-14 -2.17788082012
6.72300827868 2.92537399325e-14 -2.14522071473
6.84867198483 2.89644298098e-14 -2.11338537788
6.97433569097 2.89303755167e-14 -2.08235224097
7.09999939711 2.85971011656e-14 -2.05209879649
7.22566310326 2.81042056825e-14 -2.02260271394
7.3513268094 2.8354878045e-14 -1.99384193347
7.47699051554 2.79504776859e-14 -1.96579474081
7.60265422169 2.76577086661e-14 -1.93843982648
7.72831792783 2.75626029918e-14 -1.91175633181
7.85398163397 2.74242549673e-14 -1.88572388386
7.97964534012 2.70627336828e-14 -1.86032262112
8.10530904626 2.69117954271e-14 -1.83553321153
8.23097275241 2.64991370266e-14 -1.81133686399
8.35663645855 2.63060869821e-14 -1.78771533469
8.48230016469 2.64441861904e-14 -1.76465092889
8.60796387084 2.61528688548e-14 -1.74212649925
8.73362757698 2.64670124568e-14 -1.72012544114
8.85929128312 2.5768056353e-14 -1.69863168557
8.98495498927 2.54427080568e-14 -1.67762969027
9.11061869541 2.54773797195e-14 -1.65710442923
9.23628240155 2.53613699837e-14 -1.63704138109
9.3619461077 2.54484187876e-14 -1.61742651662
9.48760981384 2.52257374203e-14 -1.59824628558
9.61327351998 2.47957940519e-14 -1.57948760315
9.73893722613 2.50322977731e-14 -1.56113783599
9.86460093227 2.45378763797e-14 -1.54318478825
9.99026463842 2.52578179521e-14 -1.5256166875
10.1159283446 2.47483881275e-14 -1.50842217068
10.2415920507 2.49332542162e-14 -1.4915902703
10.3672557568 2.45030031755e-14 -1.47511040065
10.492919463 2.43044009599e-14 -1.45897234445
10.6185831691 2.42440461375e-14 -1.44316623968
10.7442468753 2.42799114416e-14 -1.42768256668
10.8699105814 2.39236664675e-14 -1.41251213569
10.9955742876 2.40466379962e-14 -1.39764607469
11.1212379937 2.39082998733e-14 -1.38307581759
11.2469016999 2.4014711185e-14 -1.36879309279
11.372565406 2.37326416805e-14 -1.35478991218
11.4982291121 2.4145793489e-14 -1.34105856038
11.6238928183 2.33240271086e-14 -1.32759158454
11.7495565244 2.34473656473e-14 -1.31438178428
11.8752202306 2.33479444632e-14 -1.30142220222
12.0008839367 2.32983517717e-14 -1.28870611469
12.1265476429 2.35298576e-14 -1.27622702289
12.252211349 2.32337972762e-14 -1.26397864434
12.3778750551 2.36210967205e-14 -1.25195490467
12.5035387613 2.3332173847e-14 -1.24014992975
12.6292024674 2.28520155102e-14 -1.2285580381
12.7548661736 2.3225912949e-14 -1.21717373363
12.8805298797 2.32464831595e-14 -1.20599169865
13.0061935859 2.30778457773e-14 -1.19500678713
13.131857292 2.23424147018e-14 -1.18421401831
13.2575209981 2.26989794695e-14 -1.1736085705
13.3831847043 2.26784862747e-14 -1.16318577515
13.5088484104 2.26494408505e-14 -1.15294111115
13.6345121166 2.30042168344e-14 -1.14287019941
13.7601758227 2.27437905588e-14 -1.13296879757
13.8858395289 2.23277898506e-14 -1.12323279502
14.011503235 2.24230220422e-14 -1.11365820806
14.1371669412 2.25569311786e-14 -1.10424117525
14.2628306473 2.2709652762e-14 -1.09497795303
14.3884943534 2.19997228737e-14 -1.08586491139
14.5141580596 2.25251829563e-14 -1.07689852985
14.6398217657 2.19517566142e-14 -1.06807539347
14.7654854719 2.25017411265e-14 -1.05939218914
14.891149178 2.23768768574e-14 -1.05084570195
15.0168128842 2.22414944458e-14 -1.04243281168
15.1424765903 2.18854655475e-14 -1.03415048954
15.2681402964 2.22019277197e-14 -1.02599579491
15.3938040026 2.22537564026e-14 -1.0179658723
15.5194677087 2.18625175693e-14 -1.01005794839
15.6451314149 2.18979342409e-14 -1.00226932919
15.770795121 2.1855829361e-14 -0.994597397332
15.8964588272 2.17791143486e-14 -0.987039609441
16.0221225333 2.19533037391e-14 -0.979593493624
16.1477862395 2.14694669993e-14 -0.972256647056
16.2734499456 2.20030794083e-14 -0.965026733652
16.3991136517 2.1764491064e-14 -0.957901481839
16.5247773579 2.17872107383e-14 -0.950878682405
16.650441064 2.16661036802e-14 -0.943956186435
16.7761047702 2.18171641899e-14 -0.937131903321
16.9017684763 2.19666682407e-14 -0.930403798855
17.0274321825 2.18572502954e-14 -0.923769893387
17.1530958886 2.15296186629e-14 -0.917228260054
17.2787595947 2.13682504556e-14 -0.91077702308
17.4044233009 2.16803880987e-14 -0.904414356131
17.530087007 2.14729152125e-14 -0.89813848074
17.6557507132 2.14087588689e-14 -0.891947664782
17.7814144193 2.14402150839e-14 -0.885840221013
17.9070781255 2.13289982145e-14 -0.879814505656
18.0327418316 2.09951436654e-14 -0.873868917042
18.1584055377 2.16201263466e-14 -0.868001894299
18.2840692439 2.15637442922e-14 -0.862211916091
18.40973295 2.13349372943e-14 -0.856497499396
18.5353966562 2.12266660987e-14 -0.850857198338
18.6610603623 2.13563529797e-14 -0.84528960305
18.7867240685 2.15807619384e-14 -0.839793338582
18.9123877746 2.13212006214e-14 -0.834367063853
19.0380514808 2.12272500702e-14 -0.829009470628
19.1637151869 2.14838884366e-14 -0.82371928254
19.289378893 2.11996695332e-14 -0.818495254144
19.4150425992 2.14532083282e-14 -0.813336170003
19.5407063053 2.11322222551e-14 -0.808240843805
19.6663700115 2.08618309758e-14 -0.803208117511
19.7920337176 2.10650849545e-14 -0.798236860532
19.9176974238 2.13330547647e-14 -0.793325968935
20.0433611299 2.13874159691e-14 -0.788474364674
20.169024836 2.12206185264e-14 -0.783680994851
20.2946885422 2.1068003306e-14 -0.778944830994
20.4203522483 2.11086301508e-14 -0.774264868367
20.5460159545 2.13720536957e-14 -0.769640125299
20.6716796606 2.09982252001e-14 -0.765069642536
20.7973433668 2.07963750837e-14 -0.760552482616
20.9230070729 2.10534207034e-14 -0.75608772926
21.0486707791 2.0627431803e-14 -0.751674486787
21.1743344852 2.12861414663e-14 -0.747311879549
21.2999981913 2.10871491985e-14 -0.742999051378
21.4256618975 2.11242833523e-14 -0.738735165058
21.5513256036 2.11084737866e-14 -0.734519401808
21.6769893098 2.09402621843e-14 -0.730350960787
21.8026530159 2.08891056183e-14 -0.726229058611
21.9283167221 2.1140186313e-14 -0.722152928885
22.0539804282 2.11090372829e-14 -0.718121821751
22.1796441343 2.06318605023e-14 -0.714135003453
22.3053078405 2.10875998652e-14 -0.710191755909
22.4309715466 2.09517342214e-14 -0.706291376301
22.5566352528 2.04470997828e-14 -0.702433176677
22.6822989589 2.07831623142e-14 -0.698616483564
22.8079626651 2.06575461601e-14 -0.694840637596
22.9336263712 2.05940255383e-14 -0.691104993148
23.0592900773 2.10582798491e-14 -0.687408917985
23.1849537835 2.10199931693e-14 -0.68375179292
23.3106174896 2.08784482744e-14 -0.680133011485
23.4362811958 2.08310856706e-14 -0.676551979608
23.5619449019 2.08808364936e-14 -0.673008115302
23.6876086081 2.09889018606e-14 -0.669500848362
23.8132723142 2.06641623193e-14 -0.666029620072
23.9389360204 2.06001019054e-14 -0.662593882921
24.0645997265 2.06370252331e-14 -0.659193100324
24.1902634326 2.08410079804e-14 -0.655826746357
24.3159271388 2.10460546029e-14 -0.652494305493
24.4415908449 2.08305759802e-14 -0.649195272351
24.5672545511 2.03566542619e-14 -0.645929151448
24.6929182572 2.09511955871e-14 -0.642695456965
24.8185819634 2.1008917758e-14 -0.639493712509
24.9442456695 2.10648866806e-14 -0.63632345089
25.0699093756 2.08241829057e-14 -0.633184213903
25.1955730818 2.10226261474e-14 -0.630075552114
25.3212367879 2.07712642171e-14 -0.626997024655
25.4469004941 2.06640665409e-14 -0.623948199017
25.5725642002 2.1011470763e-14 -0.620928650863
25.6982279064 2.05899770843e-14 -0.61793796383
25.8238916125 2.07459549902e-14 -0.614975729351
25.9495553187 2.03812244733e-14 -0.612041546467
26.0752190248 2.06917962974e-14 -0.60913502166
26.2008827309 2.06848012402e-14 -0.606255768679
26.3265464371 2.02642664003e-14 -0.603403408373
26.4522101432 2.07756194712e-14 -0.600577568536
26.5778738494 2.0596657562e-14 -0.59777788374
26.7035375555 2.06933512281e-14 -0.595003995194
26.8292012617 2.10086357125e-14 -0.592255550586
26.9548649678 2.08584047607e-14 -0.589532203943
27.0805286739 2.05124994901e-14 -0.586833615492
27.2061923801 2.07147074167e-14 -0.584159451518
27.3318560862 2.07242057131e-14 -0.581509384232
27.4575197924 2.05358477099e-14 -0.578883091645
27.5831834985 2.038275773e-14 -0.576280257437
27.7088472047 2.05608793175e-14 -0.573700570833
27.8345109108 2.05389760949e-14 -0.571143726488
27.9601746169 2.07380101428e-14 -0.568609424366
28.0858383231 2.03676659285e-14 -0.566097369624
28.2115020292 2.054273362e-14 -0.563607272508
28.3371657354 2.05539284275e-14 -0.561138848235
28.4628294415 2.07073630619e-14 -0.558691816898
28.5884931477 2.03148406247e-14 -0.556265903354
28.7141568538 2.06554915391e-14 -0.553860837127
28.83982056 2.08518300069e-14 -0.551476352313
28.9654842661 2.04439206532e-14 -0.54911218748
29.0911479722 2.06147253279e-14 -0.546768085577
29.2168116784 2.09837968939e-14 -0.544443793844
29.3424753845 2.07362242783e-14 -0.542139063721
29.4681390907 2.01275383352e-14 -0.539853650765
29.5938027968 2.06979655009e-14 -0.537587314563
29.719466503 2.06396141263e-14 -0.535339818649
29.8451302091 2.03964316108e-14 -0.53311093043
29.9707939152 2.05863471374e-14 -0.530900421098
30.0964576214 2.05194925248e-14 -0.528708065563
30.2221213275 2.09449143883e-14 -0.526533642371
30.3477850337 2.06881356391e-14 -0.524376933636
30.4734487398 2.04002720182e-14 -0.522237724967
30.599112446 1.98899303264e-14 -0.520115805399
30.7247761521 2.09437966414e-14 -0.518010967326
30.8504398583 2.04513962597e-14 -0.515923006432
30.9761035644 2.06125578118e-14 -0.51385172163
31.1017672705 2.0079891756e-14 -0.511796914997
31.2274309767 2.00385941978e-14 -0.509758391712
31.3530946828 2.0394594791e-14 -0.507735959997
31.478758389 2.09216546736e-14 -0.505729431058
31.6044220951 2.04819989794e-14 -0.503738619027
31.7300858013 2.04081936524e-14 -0.501763340905
31.8557495074 2.03314595238e-14 -0.499803416508
31.9814132135 2.06320346424e-14 -0.497858668416
32.1070769197 2.02875992816e-14 -0.495928921914
32.2327406258 2.06803641773e-14 -0.49401400495
32.358404332 2.02353752224e-14 -0.492113748074
32.4840680381 2.05090557869e-14 -0.490227984399
32.6097317443 2.05695525858e-14 -0.488356549547
32.7353954504 2.04486070489e-14 -0.486499281606
32.8610591565 2.01343709251e-14 -0.484656021079
32.9867228627 2.05043614153e-14 -0.482826610845
33.1123865688 2.03082854516e-14 -0.481010896113
33.238050275 2.04283474742e-14 -0.479208724378
33.3637139811 2.04807672715e-14 -0.47741994538
33.4893776873 2.00863192044e-14 -0.475644411065
33.6150413934 2.05222710434e-14 -0.473881975541
33.7407050996 2.01497102804e-14 -0.472132495042
33.8663688057 2.06898742682e-14 -0.470395827887
33.9920325118 2.03099044126e-14 -0.468671834447
34.117696218 2.04560329481e-14 -0.466960377102
34.2433599241 2.04369233686e-14 -0.46526132021
34.3690236303 2.03442929208e-14 -0.463574530071
34.4946873364 1.99124855542e-14 -0.46189987489
34.6203510426 2.00537755834e-14 -0.460237224745
34.7460147487 2.00250135935e-14 -0.458586451555
34.8716784548 2.03052002317e-14 -0.456947429046
34.997342161 2.03406760067e-14 -0.455320032721
35.1230058671 2.03751775664e-14 -0.453704139827
35.2486695733 2.00578484707e-14 -0.452099629326
35.3743332794 2.02309312087e-14 -0.450506381864
35.4999969856 2.01593405269e-14 -0.448924279745
35.6256606917 2.04776503869e-14 -0.447353206899
35.7513243979 2.00346278229e-14 -0.445793048856
35.876988104 2.03536409352e-14 -0.444243692717
36.0026518101 2.03099460131e-14 -0.442705027131
36.1283155163 2.01854174903e-14 -0.441176942264
36.2539792224 2.04018433517e-14 -0.439659329776
36.3796429286 2.01224250248e-14 -0.438152082794
36.5053066347 2.01061313152e-14 -0.436655095891
36.6309703409 2.03944013661e-14 -0.435168265057
36.756634047 2.02228998728e-14 -0.43369148768
36.8822977531 2.02028744367e-14 -0.432224662518
37.0079614593 2.03742220873e-14 -0.430767689681
37.1336251654 2.03151939344e-14 -0.429320470603
37.2592888716 2.03286833913e-14 -0.427882908028
37.3849525777 2.00690488569e-14 -0.426454905979
37.5106162839 2.00784671317e-14 -0.425036369746
37.63627999 2.0048655839e-14 -0.423627205859
37.7619436961 2.03420359183e-14 -0.42222732207
37.8876074023 2.01475062131e-14 -0.420836627335
38.0132711084 2.01137206812e-14 -0.419455031791
38.1389348146 2.00391383064e-14 -0.41808244674
38.2645985207 2.02077318575e-14 -0.416718784628
38.3902622269 2.01698982797e-14 -0.415363959028
38.515925933 2.05078720472e-14 -0.414017884622
38.6415896392 2.02589542736e-14 -0.412680477182
38.7672533453 2.02169988442e-14 -0.411351653555
38.8929170514 1.99808874244e-14 -0.410031331645
39.0185807576 2.01073593557e-14 -0.408719430394
39.1442444637 2.02548325871e-14 -0.407415869768
39.2699081699 2.01861756597e-14 -0.406120570743
39.395571876 2.01571788436e-14 -0.404833455284
39.5212355822 2.0262218434e-14 -0.403554446334
39.6468992883 2.03885172361e-14 -0.402283467797
39.7725629944 2.03567042792e-14 -0.401020444524
39.8982267006 2.02805473161e-14 -0.399765302294
40.0238904067 2.04273426504e-14 -0.398517967809
40.1495541129 2.03700159227e-14 -0.397278368671
40.275217819 2.02890362144e-14 -0.39604643337
40.4008815252 2.00644140804e-14 -0.394822091276
40.5265452313 2.0373375421e-14 -0.393605272619
40.6522089375 2.03097036828e-14 -0.392395908478
40.7778726436 2.00777049352e-14 -0.39119393077
40.9035363497 2.01766712585e-14 -0.389999272236
41.0292000559 2.02983565936e-14 -0.388811866427
41.154863762 2.02054390127e-14 -0.387631647695
41.2805274682 2.03494788789e-14 -0.386458551179
41.4061911743 2.0471128302e-14 -0.385292512794
41.5318548805 2.03974638261e-14 -0.384133469219
41.6575185866 2.01016776655e-14 -0.382981357887
41.7831822927 2.02442561575e-14 -0.38183611697
41.9088459989 2.01410910079e-14 -0.380697685373
42.034509705 2.00593974594e-14 -0.379566002722
42.1601734112 1.9999589726e-14 -0.37844100935
42.2858371173 2.02954319658e-14 -0.377322646291
42.4115008235 2.02100788772e-14 -0.376210855268
42.5371645296 2.01470155764e-14 -0.375105578683
42.6628282357 2.00577491486e-14 -0.374006759605
42.7884919419 2.01493091559e-14 -0.372914341766
42.914155648 2.02904126088e-14 -0.371828269545
43.0398193542 2.01724955988e-14 -0.370748487965
43.1654830603 2.007725508e-14 -0.369674942677
43.2911467665 1.99799350845e-14 -0.368607579957
43.4168104726 2.01193496904e-14 -0.367546346693
43.5424741788 2.02339138249e-14 -0.36649119038
43.6681378849 2.0107255919e-14 -0.365442059107
43.793801591 2.02211121701e-14 -0.364398901553
43.9194652972 2.01169152243e-14 -0.363361666975
44.0451290033 2.00366515682e-14 -0.362330305202
44.1707927095 1.99021142274e-14 -0.361304766628
44.2964564156 2.00399326405e-14 -0.360285002201
44.4221201218 2.03486610643e-14 -0.359270963417
44.5477838279 2.02640922219e-14 -0.358262602313
44.673447534 1.9898211309e-14 -0.357259871459
44.7991112402 2.00084313603e-14 -0.356262723949
44.9247749463 2.01460769799e-14 -0.355271113397
45.0504386525 2.02570680803e-14 -0.354284993928
45.1761023586 2.03409493833e-14 -0.35330432017
45.3017660648 2.01318298802e-14 -0.352329047249
45.4274297709 2.02418486523e-14 -0.351359130781
45.5530934771 2.00002112795e-14 -0.350394526865
45.6787571832 2.01089265706e-14 -0.34943519208
45.8044208893 1.99243721987e-14 -0.348481083474
45.9300845955 2.03272557286e-14 -0.347532158558
46.0557483016 2.0197106353e-14 -0.346588375304
46.1814120078 2.00646776257e-14 -0.345649692133
46.3070757139 2.002232323e-14 -0.344716067916
46.4327394201 2.02802241443e-14 -0.343787461961
46.5584031262 2.00210230316e-14 -0.34286383401
46.6840668323 2.03445387322e-14 -0.341945144235
46.8097305385 2.02049719512e-14 -0.34103135323
46.9353942446 2.02171009335e-14 -0.340122422006
47.0610579508 1.97937470969e-14 -0.339218311987
47.1867216569 2.01494870994e-14 -0.338318985002
47.3123853631 2.02553314968e-14 -0.337424403281
47.4380490692 2.01375487534e-14 -0.33653452945
47.5637127753 2.02123964661e-14 -0.335649326525
47.6893764815 2.00609538295e-14 -0.334768757909
47.8150401876 2.01652541061e-14 -0.333892787384
47.9407038938 2.01400920003e-14 -0.333021379108
48.0663675999 2.01138622495e-14 -0.33215449761
48.1920313061 2.00865595827e-14 -0.331292107784
48.3176950122 2.04534448445e-14 -0.330434174887
48.4433587184 2.01926715546e-14 -0.329580664532
48.5690224245 2.01312711933e-14 -0.328731542682
48.6946861306 2.01321571142e-14 -0.327886775651
48.8203498368 1.99657856083e-14 -0.327046330093
48.9460135429 2.00028893552e-14 -0.326210173004
49.0716772491 2.0136636086e-14 -0.325378271712
49.1973409552 2.01019341097e-14 -0.324550593875
49.3230046614 2.00987950185e-14 -0.32372710748
49.4486683675 2.00291743664e-14 -0.322907780835
49.5743320736 2.01297039239e-14 -0.322092582563
49.6999957798 2.02636694388e-14 -0.321281481605
49.8256594859 2.01915411079e-14 -0.320474447212
49.9513231921 2.00107690082e-14 -0.319671448937
50.0769868982 2.02516057615e-14 -0.318872456641
50.2026506044 2.0067839306e-14 -0.31807744048
50.3283143105 2.03098768009e-14 -0.317286370908
50.4539780167 2.02323927024e-14 -0.316499218667
50.5796417228 2.02221347852e-14 -0.315715954789
50.7053054289 2.03214210505e-14 -0.314936550591
50.8309691351 2.04209537024e-14 -0.314160977669
50.9566328412 2.01931991412e-14 -0.313389207898
51.0822965474 2.00325950932e-14 -0.312621213426
51.2079602535 1.99822511616e-14 -0.311856966673
51.3336239597 2.02276581141e-14 -0.311096440326
51.4592876658 2.0176357639e-14 -0.310339607334
51.5849513719 1.99739447026e-14 -0.309586440911
51.7106150781 2.02566987506e-14 -0.308836914527
51.8362787842 2.00152280946e-14 -0.308091001905
51.9619424904 2.00749066663e-14 -0.307348677024
52.0876061965 2.00180994152e-14 -0.306609914107
52.2132699027 2.00333033399e-14 -0.305874687628
52.3389336088 2.02461356442e-14 -0.305142972299
52.4645973149 2.0187275898e-14 -0.304414743075
52.5902610211 2.02829147436e-14 -0.303689975148
52.7159247272 1.99093641945e-14 -0.302968643943
52.8415884334 2.00032471697e-14 -0.302250725118
52.9672521395 2.0255303852e-14 -0.301536194559
53.0929158457 2.01916837555e-14 -0.300825028379
53.2185795518 1.99673681369e-14 -0.300117202914
53.344243258 2.02208350453e-14 -0.299412694722
53.4699069641 1.99932369381e-14 -0.298711480578
53.5955706702 2.00862160573e-14 -0.298013537474
53.7212343764 2.01794134505e-14 -0.297318842615
53.8468980825 1.99854203835e-14 -0.296627373417
53.9725617887 2.02025329221e-14 -0.295939107504
54.0982254948 2.01309441949e-14 -0.295254022707
54.223889201 1.95617295685e-14 -0.294572097061
54.3495529071 2.02964341847e-14 -0.2938933088
54.4752166132 2.00753324058e-14 -0.293217636361
54.6008803194 2.03547535869e-14 -0.292545058375
54.7265440255 2.00904059237e-14 -0.291875553667
54.8522077317 2.00326886969e-14 -0.291209101257
54.9778714378 1.99332345861e-14 -0.290545680355
55.103535144 1.98322638323e-14 -0.289885270356
55.2291988501 1.99423017386e-14 -0.289227850844
55.3548625563 2.02044891104e-14 -0.288573401585
55.4805262624 1.99697681182e-14 -0.28792190253
55.6061899685 2.01917035193e-14 -0.287273333805
55.7318536747 2.02820734562e-14 -0.286627675718
55.8575173808 2.0063660932e-14 -0.285984908749
55.983181087 1.99557898749e-14 -0.285345013557
56.1088447931 2.00445158242e-14 -0.284707970967
56.2345084993 1.99556445375e-14 -0.284073761978
56.3601722054 1.98440671827e-14 -0.283442367755
56.4858359115 1.97523452483e-14 -0.282813769632
56.6114996177 2.04229306029e-14 -0.282187949104
56.7371633238 2.0129220121e-14 -0.281564887831
56.86282703 2.02175516457e-14 -0.280944567634
56.9884907361 1.99409892203e-14 -0.28032697049
57.1141544423 2.00281164772e-14 -0.279712078538
57.2398181484 2.02995772357e-14 -0.279099874069
57.3654818545 2.03657911737e-14 -0.27849033953
57.4911455607 2.01049042626e-14 -0.277883457518
57.6168092668 1.96323443171e-14 -0.277279210785
57.742472973 1.99045622112e-14 -0.276677582227
57.8681366791 1.99904166588e-14 -0.27607855489
57.9938003853 1.94869498249e-14 -0.275482111966
58.1194640914 1.99502168627e-14 -0.274888236792
58.2451277976 2.0058500473e-14 -0.274296912845
58.3707915037 2.01671654565e-14 -0.273708123745
58.4964552098 2.02302571759e-14 -0.273121853252
58.622118916 2.01002863614e-14 -0.272538085263
58.7477826221 1.99918370511e-14 -0.271956803814
58.8734463283 2.00998935866e-14 -0.271377993074
58.9991100344 2.01849561098e-14 -0.270801637346
59.1247737406 2.02702000105e-14 -0.270227721068
59.2504374467 1.99377124619e-14 -0.269656228806
59.3761011528 2.02195595783e-14 -0.269087145257
59.501764859 2.01293603167e-14 -0.268520455247
59.6274285651 1.99901275824e-14 -0.267956143728
59.7530922713 2.00976491916e-14 -0.267394195778
59.8787559774 2.01814727043e-14 -0.2668345966
60.0044196836 2.00391242638e-14 -0.26627733152
60.1300833897 2.01466371328e-14 -0.265722385984
60.2557470959 2.00019153587e-14 -0.265169745561
60.381410802 1.96997452246e-14 -0.264619395937
60.5070745081 2.01921505656e-14 -0.264071322919
60.6327382143 1.98378768189e-14 -0.263525512429
60.7584019204 2.01266725671e-14 -0.262981950503
60.8840656266 1.97930791385e-14 -0.262440623296
61.0097293327 2.02920011175e-14 -0.261901517071
61.1353930389 1.998043364e-14 -0.261364618209
61.261056745 1.98512690592e-14 -0.260829913196
61.3867204511 1.99320620539e-14 -0.260297388632
61.5123841573 1.97752500729e-14 -0.259767031224
61.6380478634 1.98554095277e-14 -0.259238827789
61.7637115696 1.99869616994e-14 -0.258712765246
61.8893752757 2.02311708434e-14 -0.258188830625
62.0150389819 2.01485161408e-14 -0.257667011056
62.140702688 1.996099777e-14 -0.257147293776
62.2663663941 1.9823550472e-14 -0.25662966612
62.3920301003 2.01213752884e-14 -0.256114115529
62.5176938064 1.99825072048e-14 -0.255600629542
62.6433575126 1.98947491897e-14 -0.255089195797
62.7690212187 1.97264568277e-14 -0.254579802032
62.8946849249 2.00267741727e-14 -0.25407243608
63.020348631 1.98567224355e-14 -0.253567085873
63.1460123372 2.01590089735e-14 -0.253063739437
63.2716760433 2.02386442245e-14 -0.252562384892
63.3973397494 1.98945034191e-14 -0.252063010453
63.5230034556 1.97464402954e-14 -0.251565604428
63.6486671617 1.9937609333e-14 -0.251070155214
63.7743308679 1.99884501506e-14 -0.250576651301
63.899994574 1.99521360555e-14 -0.25008508127
64.0256582802 2.0030038682e-14 -0.249595433789
64.1513219863 1.99926894082e-14 -0.249107697616
64.2769856924 1.99823359453e-14 -0.248621861593
64.4026493986 2.00320578115e-14 -0.248137914654
64.5283131047 2.01376291531e-14 -0.247655845813
64.6539768109 1.98358194487e-14 -0.247175644173
64.779640517 1.9912378571e-14 -0.24669729892
64.9053042232 1.99890863561e-14 -0.246220799321
65.0309679293 1.98288120578e-14 -0.245746134729
65.1566316355 2.00524320968e-14 -0.245273294577
65.2822953416 1.98616729218e-14 -0.244802268378
65.4079590477 1.99663298595e-14 -0.244333045726
65.5336227539 2.02256293643e-14 -0.243865616295
65.65928646 1.984820915e-14 -0.243399969837
65.7849501662 1.99236606039e-14 -0.24293609618
65.9106138723 1.97557186629e-14 -0.242473985233
66.0362775785 2.01042753619e-14 -0.242013626979
66.1619412846 2.01802711152e-14 -0.241555011475
66.2876049907 1.98574443643e-14 -0.241098128857
66.4132686969 2.00558445188e-14 -0.240642969332
66.538932403 1.9883065526e-14 -0.240189523183
66.6645961092 2.01120522132e-14 -0.239737780762
66.7902598153 2.00324046349e-14 -0.239287732498
66.9159235215 2.02628318637e-14 -0.238839368889
67.0415872276 1.9930405147e-14 -0.238392680503
67.1672509337 1.99084994297e-14 -0.23794765798
67.2929146399 2.00789923273e-14 -0.237504292028
67.418578346 1.99292902486e-14 -0.237062573425
67.5442420522 2.01003031992e-14 -0.236622493018
67.6699057583 2.00770507556e-14 -0.236184041719
67.7955694645 2.01511371915e-14 -0.23574721051
67.9212331706 2.03236401219e-14 -0.235311990437
68.0468968768 2.0299722428e-14 -0.234878372613
68.1725605829 1.99524062436e-14 -0.234446348215
68.298224289 1.9894815618e-14 -0.234015908487
68.4238879952 2.00987214077e-14 -0.233587044734
68.5495517013 2.00088943689e-14 -0.233159748327
68.6752154075 2.01451227386e-14 -0.232734010698
68.8008791136 2.02183869108e-14 -0.232309823342
68.9265428198 1.9828754582e-14 -0.231887177816
69.0522065259 1.99326204627e-14 -0.231466065738
69.177870232 1.98706763179e-14 -0.231046478785
69.3035339382 1.99746701219e-14 -0.230628408697
69.4291976443 1.98792878296e-14 -0.230211847271
69.5548613505 1.99508097076e-14 -0.229796786365
69.6805250566 1.98864754623e-14 -0.229383217893
69.8061887628 1.99904843895e-14 -0.228971133828
69.9318524689 1.99963562952e-14 -0.228560526202
70.0575161751 2.01336917693e-14 -0.228151387101
70.1831798812 2.01724184116e-14 -0.227743708671
70.3088435873 2.01057935369e-14 -0.227337483109
70.4345072935 2.00383133312e-14 -0.226932702673
70.5601709996 2.02822341493e-14 -0.226529359671
70.6858347058 1.99343216406e-14 -0.226127446468
70.8114984119 1.99711189835e-14 -0.225726955482
70.9371621181 2.00415865265e-14 -0.225327879186
71.0628258242 1.99707827107e-14 -0.224930210104
71.1884895303 2.01828964474e-14 -0.224533940814
71.3141532365 2.01113473125e-14 -0.224139063945
71.4398169426 1.97531444089e-14 -0.223745572177
71.5654806488 1.99656277098e-14 -0.223353458244
71.6911443549 2.03231247138e-14 -0.222962714928
71.8168080611 1.99607878998e-14 -0.222573335061
71.9424717672 2.00302452593e-14 -0.222185311528
72.0681354733 2.02452222711e-14 -0.221798637261
72.1937991795 1.99127106524e-14 -0.22141330524
72.3194628856 2.02042328439e-14 -0.221029308495
72.4451265918 2.00506973091e-14 -0.220646640106
72.5707902979 1.98250299443e-14 -0.220265293197
72.6964540041 1.98578276022e-14 -0.219885260941
72.8221177102 2.0074537194e-14 -0.219506536559
72.9477814164 1.99944915997e-14 -0.219129113317
73.0734451225 2.02124568308e-14 -0.218752984527
73.1991088286 1.98316921162e-14 -0.218378143548
73.3247725348 2.00498923039e-14 -0.218004583783
73.4504362409 1.98524761375e-14 -0.21763229868
73.5760999471 2.00352021403e-14 -0.217261281734
73.7017636532 2.04437812943e-14 -0.21689152648
73.8274273594 1.97138457433e-14 -0.216523026501
73.9530910655 1.9896934203e-14 -0.21615577542
74.0787547716 1.98474629633e-14 -0.215789766904
74.2044184778 1.99144418615e-14 -0.215424994665
74.3300821839 2.04453585269e-14 -0.215061452455
74.4557458901 2.00487402342e-14 -0.214699134068
74.5814095962 2.01160597086e-14 -0.21433803334
74.7070733024 2.00273219817e-14 -0.21397814415
74.8327370085 2.02886343001e-14 -0.213619460414
74.9584007147 1.96898317529e-14 -0.213261976093
75.0840644208 1.99132490249e-14 -0.212905685185
75.2097281269 1.99795603042e-14 -0.21255058173
75.3353918331 2.00459824737e-14 -0.212196659807
75.4610555392 2.03100640789e-14 -0.211843913533
75.5867192454 2.01791594831e-14 -0.211492337065
75.7123829515 1.96044085918e-14 -0.2111419246
75.8380466577 1.98300617565e-14 -0.210792670371
75.9637103638 1.97340101001e-14 -0.21044456865
76.0893740699 1.99609399852e-14 -0.210097613746
76.2150377761 2.01890418493e-14 -0.209751800007
76.3407014822 2.00922512335e-14 -0.209407121817
76.4663651884 1.983093403e-14 -0.209063573595
76.5920288945 2.00402015095e-14 -0.2087211498
76.7176926007 2.01056355649e-14 -0.208379844926
76.8433563068 2.00258226899e-14 -0.2080396535
76.9690200129 1.99252859515e-14 -0.207700570088
77.0946837191 1.99700792118e-14 -0.20736258929
77.2203474252 2.00348636923e-14 -0.207025705742
77.3460111314 2.01599964361e-14 -0.206689914113
77.4716748375 1.98491520096e-14 -0.206355209107
77.5973385437 1.99536576646e-14 -0.206021585463
77.7230022498 1.9977420837e-14 -0.205689037953
77.848665956 1.97027106095e-14 -0.205357561383
77.9743296621 1.99360602991e-14 -0.205027150592
78.0999933682 1.98294224618e-14 -0.204697800453
78.2256570744 1.98723914314e-14 -0.204369505871
78.3513207805 2.02999105047e-14 -0.204042261783
78.4769844867 1.99995837663e-14 -0.20371606316
78.6026481928 1.95657284792e-14 -0.203390905004
78.728311899 2.01479889477e-14 -0.203066782349
78.8539756051 2.0079869548e-14 -0.202743690259
78.9796393112 1.99272638256e-14 -0.202421623831
79.1053030174 1.9990382644e-14 -0.202100578194
79.2309667235 2.00536018115e-14 -0.201780548506
79.3566304297 1.99408279507e-14 -0.201461529955
79.4822941358 1.96291905206e-14 -0.201143517761
79.607957842 2.02225892033e-14 -0.200826507174
79.7336215481 1.9774197679e-14 -0.200510493472
79.8592852543 1.9836245268e-14 -0.200195471964
79.9849489604 2.02346721975e-14 -0.19988143799
80.1106126665 2.02979667701e-14 -0.199568386914
80.2362763727 1.96845879303e-14 -0.199256314135
80.3619400788 1.99048536745e-14 -0.198945215077
80.487603785 2.01479489224e-14 -0.198635085194
80.6132674911 1.98908395715e-14 -0.198325919966
80.7389311973 1.99088179325e-14 -0.198017714903
80.8645949034 1.97877046026e-14 -0.197710465544
80.9902586095 2.00102961636e-14 -0.197404167453
81.1159223157 1.99544305771e-14 -0.197098816222
81.2415860218 1.99495258233e-14 -0.196794407471
81.367249728 2.00109724656e-14 -0.196490936847
81.4929134341 1.99091550447e-14 -0.196188400022
81.6185771403 1.99702903393e-14 -0.195886792697
81.7442408464 2.00090909938e-14 -0.195586110598
81.8699045526 1.99054804653e-14 -0.195286349476
81.9955682587 2.03421971966e-14 -0.194987505111
82.1212319648 2.01931373889e-14 -0.194689573306
82.246895671 1.98765067322e-14 -0.194392549891
82.3725593771 1.9959761984e-14 -0.194096430721
82.4982230833 1.9807324476e-14 -0.193801211676
82.6238867894 1.96995139663e-14 -0.19350688866
82.7495504956 2.01419660777e-14 -0.193213457604
82.8752142017 2.00109163433e-14 -0.192920914462
83.0008779078 2.02638976908e-14 -0.192629255213
83.126541614 1.97688067336e-14 -0.192338475859
83.2522053201 1.97818018743e-14 -0.192048572429
83.3778690263 2.00355673886e-14 -0.191759540972
83.5035327324 1.97293631328e-14 -0.191471377565
83.6291964386 2.00074366098e-14 -0.191184078303
83.7548601447 2.00437734486e-14 -0.19089763931
83.8805238508 2.01036749307e-14 -0.19061205673
84.006187557 1.97455422192e-14 -0.190327326731
84.1318512631 2.0025941126e-14 -0.190043445502
84.2575149693 1.98633000034e-14 -0.189760409257
84.3831786754 2.01212949228e-14 -0.189478214232
84.5088423816 2.00053806955e-14 -0.189196856684
84.6345060877 1.98404307325e-14 -0.188916332894
84.7601697939 1.99232272242e-14 -0.188636639164
84.8858335 1.97565325475e-14 -0.188357771816
85.0114972061 1.98147955071e-14 -0.188079727198
85.1371609123 1.9670605718e-14 -0.187802501675
85.2628246184 1.97284455091e-14 -0.187526091637
85.3884883246 1.98108432204e-14 -0.187250493492
85.5141520307 1.98689256965e-14 -0.186975703671
85.6398157369 1.99024767439e-14 -0.186701718626
85.765479443 1.99853468972e-14 -0.186428534829
85.8911431491 2.00189241182e-14 -0.186156148773
86.0168068553 2.01021097628e-14 -0.18588455697
86.1424705614 1.9745963523e-14 -0.185613755955
86.2681342676 2.00112838218e-14 -0.18534374228
86.3937979737 2.00443086669e-14 -0.18507451252
86.5194616799 1.99183839835e-14 -0.184806063268
86.645125386 1.99508267656e-14 -0.184538391136
86.7707890922 1.98233997073e-14 -0.184271492758
86.8964527983 2.00915573786e-14 -0.184005364785
87.0221165044 1.99124670931e-14 -0.183740003889
87.1477802106 1.99952515288e-14 -0.183475406761
87.2734439167 2.00271363268e-14 -0.18321157011
87.3991076229 1.98712018009e-14 -0.182948490663
87.524771329 1.99281317484e-14 -0.182686165169
87.6504350352 2.00109294773e-14 -0.182424590393
87.7760987413 1.98270071722e-14 -0.182163763119
87.9017624474 1.98835685175e-14 -0.181903680149
88.0274261536 1.97497602764e-14 -0.181644338304
88.1530898597 1.99969339626e-14 -0.181385734423
88.2787535659 1.9836046963e-14 -0.181127865363
88.404417272 1.96740058703e-14 -0.180870727997
88.5300809782 1.99749680424e-14 -0.180614319219
88.6557446843 2.00050896197e-14 -0.180358635938
88.7814083904 2.00880528001e-14 -0.18010367508
88.9070720966 1.98973975117e-14 -0.179849433591
89.0327358027 2.02014581409e-14 -0.179595908432
89.1583995089 2.00095683008e-14 -0.179343096583
89.284063215 2.02884281768e-14 -0.179090995037
89.4097269212 1.99524379383e-14 -0.178839600809
89.5353906273 1.99814192047e-14 -0.178588910928
89.6610543335 2.02348598156e-14 -0.178338922439
89.7867180396 1.99536418865e-14 -0.178089632404
89.9123817457 2.01221933541e-14 -0.177841037903
90.0380454519 1.99518274224e-14 -0.177593136031
90.163709158 2.0034611644e-14 -0.177345923898
90.2893728642 2.01767404452e-14 -0.177099398631
90.4150365703 1.98035312323e-14 -0.176853557375
90.5407002765 2.01742864899e-14 -0.176608397287
90.6663639826 2.00005208568e-14 -0.176363915542
90.7920276887 1.96230232111e-14 -0.176120109331
90.9176913949 1.99080008795e-14 -0.175876975859
91.043355101 1.99628461953e-14 -0.175634512348
91.1690188072 1.97577540409e-14 -0.175392716033
91.2946825133 2.01611667223e-14 -0.175151584166
91.4203462195 1.99830892896e-14 -0.174911114014
91.5460099256 1.9803809013e-14 -0.174671302858
91.6716736318 2.02100034251e-14 -0.174432147995
91.7973373379 2.00299126107e-14 -0.174193646735
91.923001044 1.98486132428e-14 -0.173955796406
92.0486647502 1.94579423805e-14 -0.173718594346
92.1743284563 1.98382416455e-14 -0.173482037911
92.2999921625 2.00396918847e-14 -0.17324612447
92.4256558686 1.95883426856e-14 -0.173010851407
92.5513195748 1.98806121457e-14 -0.172776216118
92.6769832809 2.0054335262e-14 -0.172542216017
92.802646987 1.98680676062e-14 -0.172308848529
92.9283106932 1.99216989638e-14 -0.172076111092
93.0539743993 1.98835784637e-14 -0.171844001161
93.1796381055 2.00583204087e-14 -0.171612516203
93.3053018116 2.00830284767e-14 -0.171381653697
93.4309655178 2.01369501277e-14 -0.17115141114
93.5566292239 1.99759389531e-14 -0.170921786037
93.68229293 2.01224926349e-14 -0.170692775911
93.8079566362 2.02058396125e-14 -0.170464378294
93.9336203423 1.98310511332e-14 -0.170236590735
94.0592840485 2.02841442359e-14 -0.170009410794
94.1849477546 2.0090508965e-14 -0.169782836045
94.3106114608 1.96473060517e-14 -0.169556864073
94.4362751669 2.00729722472e-14 -0.169331492478
94.5619388731 2.00014047588e-14 -0.169106718871
94.6876025792 1.99593382865e-14 -0.168882540878
94.8132662853 2.0107462779e-14 -0.168658956135
94.9389299915 2.00347826938e-14 -0.168435962291
95.0645936976 1.99615089256e-14 -0.168213557009
95.1902574038 2.00141193176e-14 -0.167991737963
95.3159211099 2.00667992086e-14 -0.167770502839
95.4415848161 1.98652577639e-14 -0.167549849336
95.5672485222 1.97899298744e-14 -0.167329775164
95.6929122283 2.01281762912e-14 -0.167110278046
95.8185759345 2.01500656663e-14 -0.166891355718
95.9442396406 1.97864128843e-14 -0.166673005924
96.0699033468 1.99000394835e-14 -0.166455226423
96.1955670529 2.00500402345e-14 -0.166238014986
96.3212307591 1.97137934022e-14 -0.166021369394
96.4468944652 1.992612559e-14 -0.165805287439
96.5725581714 1.96862633812e-14 -0.165589766926
96.6982218775 1.98678466335e-14 -0.165374805671
96.8238855836 1.99193314382e-14 -0.165160401501
96.9495492898 1.99708831066e-14 -0.164946552255
97.0752129959 1.97910918031e-14 -0.164733255782
97.2008767021 1.99423286326e-14 -0.164520509942
97.3265404082 1.98615426186e-14 -0.164308312608
97.4522041144 1.98120163338e-14 -0.164096661661
97.5778678205 2.00967648782e-14 -0.163885554996
97.7035315266 1.97487141347e-14 -0.163674990516
97.8291952328 1.97993670794e-14 -0.163464966137
97.9548589389 1.98822887745e-14 -0.163255479785
98.0805226451 2.00351154651e-14 -0.163046529395
98.2061863512 1.99193474812e-14 -0.162838112914
98.3318500574 1.98676962926e-14 -0.162630228301
98.4575137635 1.99183308836e-14 -0.162422873521
98.5831774696 1.98334082912e-14 -0.162216046555
98.7088411758 1.9916528657e-14 -0.162009745389
98.8345048819 1.97652145104e-14 -0.161803968023
98.9601685881 2.0017726364e-14 -0.161598712465
99.0858322942 1.9898466747e-14 -0.161393976733
99.2114960004 1.99487962972e-14 -0.161189758857
99.3371597065 2.01368866774e-14 -0.160986056876
99.4628234127 2.01876912084e-14 -0.160782868837
99.5884871188 1.99617754002e-14 -0.160580192799
99.7141508249 2.00453823854e-14 -0.160378026831
99.8398145311 1.95059544686e-14 -0.16017636901
99.9654782372 2.01126747323e-14 -0.159975217423
100.091141943 1.98835251281e-14 -0.159774570169
100.21680565 2.00734529597e-14 -0.159574425353
100.342469356 2.01236556613e-14 -0.159374781091
100.468133062 2.01739212738e-14 -0.15917563551
100.593796768 1.9800677322e-14 -0.158976986743
100.719460474 1.98500133744e-14 -0.158778832936
100.84512418 1.98994110202e-14 -0.15858117224
100.970787886 1.97724059489e-14 -0.158384002819
101.096451593 1.99983910918e-14 -0.158187322845
101.222115299 1.99050193305e-14 -0.157991130498
101.347779005 1.99543093597e-14 -0.157795423967
101.473442711 2.00036605431e-14 -0.157600201452
101.599106417 1.99090554059e-14 -0.15740546116
101.724770123 2.01025463725e-14 -0.157211201307
101.850433829 1.95731669014e-14 -0.157017420118
101.976097536 2.00565921033e-14 -0.156824115828
102.101761242 1.98150097515e-14 -0.156631286678
102.227424948 2.00094550717e-14 -0.15643893092
102.353088654 2.01695153592e-14 -0.156247046814
102.47875236 1.98498624037e-14 -0.156055632627
102.604416066 2.00099564323e-14 -0.155864686637
102.730079772 2.00942620023e-14 -0.155674207129
102.855743479 1.99601984774e-14 -0.155484192396
102.981407185 1.98253019055e-14 -0.155294640739
103.107070891 2.02058604983e-14 -0.15510555047
103.232734597 2.01420820768e-14 -0.154916919906
103.358398303 2.00061080546e-14 -0.154728747373
103.484062009 2.01680825935e-14 -0.154541031207
103.609725715 2.00671833905e-14 -0.154353769749
103.735389422 1.97014997304e-14 -0.15416696135
103.861053128 1.95986304429e-14 -0.15398060437
103.986716834 2.00984660567e-14 -0.153794697173
104.11238054 1.99957124896e-14 -0.153609238136
104.238044246 1.9740718093e-14 -0.153424225639
104.363707952 1.99401307421e-14 -0.153239658073
104.489371658 2.00246724689e-14 -0.153055533835
104.615035365 1.97306544804e-14 -0.152871851331
104.740699071 1.97779371891e-14 -0.152688608974
104.866362777 1.982527666e-14 -0.152505805184
104.992026483 2.00264378308e-14 -0.152323438389
105.117690189 1.99201258884e-14 -0.152141507026
105.243353895 2.02766350632e-14 -0.151960009536
105.369017601 1.96682046205e-14 -0.151778944372
105.494681308 2.02554126378e-14 -0.151598309989
105.620345014 1.99549003324e-14 -0.151418104854
105.74600872 2.01582422976e-14 -0.15123832744
105.871672426 1.96993845658e-14 -0.151058976225
105.997336132 2.02538861967e-14 -0.150880049696
106.122999838 1.97927404467e-14 -0.150701546349
106.248663544 2.01923007841e-14 -0.150523464683
106.374327251 1.99242940072e-14 -0.150345803207
106.499990957 2.02876552258e-14 -0.150168560436
106.625654663 1.99801162718e-14 -0.149991734893
106.751318369 2.01860438014e-14 -0.149815325106
106.876982075 2.01124722278e-14 -0.149639329612
107.002645781 1.9719004707e-14 -0.149463746953
107.128309487 1.98867610292e-14 -0.14928857568
107.253973194 1.99333058206e-14 -0.149113814349
107.3796369 2.014072137e-14 -0.148939461522
107.505300606 1.98653673996e-14 -0.148765515771
107.630964312 1.99116999399e-14 -0.148591975671
107.756628018 1.99580866071e-14 -0.148418839807
107.882291724 1.96798856626e-14 -0.148246106767
108.00795543 1.97256260491e-14 -0.148073775148
108.133619137 1.97714196842e-14 -0.147901843554
108.259282843 1.98172665679e-14 -0.147730310593
108.384946549 2.01908318483e-14 -0.147559174881
108.510610255 2.00535733277e-14 -0.147388435041
108.636273961 2.02843088337e-14 -0.147218089701
108.761937667 2.00011865888e-14 -0.147048137496
108.887601373 1.9716597104e-14 -0.146878577067
109.01326508 2.00735242929e-14 -0.146709407061
109.138928786 1.9973572408e-14 -0.146540626133
109.264592492 2.00394974605e-14 -0.146372232942
109.390256198 1.97316535145e-14 -0.146204226154
109.515919904 1.97768852711e-14 -0.146036604441
109.64158361 1.98423412571e-14 -0.145869366482
109.767247316 2.02035565683e-14 -0.14570251096
109.892911023 1.99331569964e-14 -0.145536036565
110.018574729 1.99380203733e-14 -0.145369941995
110.144238435 2.00241806718e-14 -0.145204225951
110.269902141 1.95406742066e-14 -0.145038887141
110.395565847 2.00745109885e-14 -0.144873924279
110.521229553 1.99702731254e-14 -0.144709336084
110.646893259 1.9844863565e-14 -0.144545121283
110.772556966 1.97393221743e-14 -0.144381278607
110.898220672 2.01270028098e-14 -0.144217806792
111.023884378 1.97873799708e-14 -0.144054704581
111.149548084 2.00250787104e-14 -0.143891970723
111.27521179 1.98975988824e-14 -0.143729603972
111.400875496 1.97693918556e-14 -0.143567603088
111.526539202 1.96404563126e-14 -0.143405966835
111.652202909 2.00113619558e-14 -0.143244693985
111.777866615 1.98820896504e-14 -0.143083783314
111.903530321 1.99266974067e-14 -0.142923233604
112.029194027 1.99713552842e-14 -0.142763043642
112.154857733 2.00371708297e-14 -0.14260321222
112.280521439 1.98850348544e-14 -0.142443738137
112.406185145 1.99294504564e-14 -0.142284620197
112.531848852 1.94654486041e-14 -0.142125857207
112.657512558 2.00184307066e-14 -0.141967447983
112.783176264 2.0261699766e-14 -0.141809391343
112.90883997 2.01503941937e-14 -0.141651686112
113.034503676 1.96392666731e-14 -0.14149433112
113.160167382 2.0061418307e-14 -0.141337325202
113.285831088 1.99054061719e-14 -0.141180667198
113.411494795 1.99494747204e-14 -0.141024355953
113.537158501 2.01733248299e-14 -0.140868390318
113.662822207 1.98359497821e-14 -0.140712769148
113.788485913 1.97209190938e-14 -0.140557491304
113.914149619 1.95616873024e-14 -0.140402555652
114.039813325 1.99892268482e-14 -0.140247961061
114.165477031 2.00331897485e-14 -0.140093706408
114.291140738 1.98731604142e-14 -0.139939790572
114.416804444 1.99167722635e-14 -0.13978621244
114.54246815 1.9960432038e-14 -0.1396329709
114.668131856 1.96595601367e-14 -0.13948006485
114.793795562 1.98641725831e-14 -0.139327493187
114.919459268 1.9929735511e-14 -0.139175254818
115.045122974 1.99510243235e-14 -0.139023348651
115.170786681 1.98541087017e-14 -0.138871773601
115.296450387 1.98527349008e-14 -0.138720528586
115.422114093 2.02673923667e-14 -0.138569612531
115.547777799 1.97530218243e-14 -0.138419024364
115.673441505 2.00048952187e-14 -0.138268763017
115.799105211 1.96518798237e-14 -0.138118827429
115.924768917 1.96944470293e-14 -0.137969216541
116.050432624 1.99474162472e-14 -0.1378199293
116.17609633 1.97797199459e-14 -0.137670964658
116.301760036 2.00336915459e-14 -0.137522321571
116.427423742 1.98879236489e-14 -0.137373998998
116.553087448 1.95292102442e-14 -0.137225995905
116.678751154 1.99508198006e-14 -0.137078311261
116.80441486 1.99937101855e-14 -0.136930944039
116.930078567 2.00595896509e-14 -0.136783893218
117.055742273 2.0102621705e-14 -0.13663715778
117.181405979 1.99312334296e-14 -0.136490736712
117.307069685 1.99969897887e-14 -0.136344629006
117.432733391 2.00166097406e-14 -0.136198833656
117.558397097 1.98667109478e-14 -0.136053349663
117.684060803 1.97160357135e-14 -0.13590817603
117.80972451 1.99981177274e-14 -0.135763311766
117.935388216 1.98001308819e-14 -0.135618755883
118.061051922 1.98422457424e-14 -0.135474507398
118.186715628 1.97131287129e-14 -0.135330565332
118.312379334 2.01217386585e-14 -0.13518692871
118.43804304 1.97733170661e-14 -0.135043596561
118.563706746 1.96192406475e-14 -0.134900567918
118.689370453 1.96843889517e-14 -0.134757841818
118.815034159 2.00958767737e-14 -0.134615417304
118.940697865 2.01620441789e-14 -0.134473293421
119.066361571 2.00069504728e-14 -0.134331469217
119.192025277 2.00729418705e-14 -0.134189943747
119.317688983 2.0091299729e-14 -0.134048716068
119.443352689 1.99586127428e-14 -0.133907785241
119.569016396 1.97532656006e-14 -0.133767150331
119.694680102 1.97947091849e-14 -0.133626810409
119.820343808 1.98602872651e-14 -0.133486764547
119.946007514 2.02788094874e-14 -0.133347011822
120.07167122 1.99193011374e-14 -0.133207551316
120.197334926 1.99851616297e-14 -0.133068382112
120.322998632 1.98250727155e-14 -0.1329295033
120.448662339 2.00929733856e-14 -0.132790913971
120.574326045 1.99077854613e-14 -0.132652613223
120.699989751 2.01522709904e-14 -0.132514600154
120.825653457 2.03731469419e-14 -0.132376873868
120.951317163 2.0032178183e-14 -0.132239433474
121.076980869 1.96404659616e-14 -0.132102278082
121.202644575 1.97058117358e-14 -0.131965406806
121.328308282 1.99270790013e-14 -0.131828818765
121.453971988 1.99682835291e-14 -0.131692513081
121.579635694 2.00343342118e-14 -0.13155648888
121.7052994 1.9869222087e-14 -0.13142074529
121.830963106 1.97033015125e-14 -0.131285281446
121.956626812 1.99511808747e-14 -0.131150096483
122.082290518 1.97594833725e-14 -0.131015189541
122.207954225 1.98251505314e-14 -0.130880559764
122.333617931 2.02579095601e-14 -0.130746206299
122.459281637 1.99065923581e-14 -0.130612128295
122.584945343 2.03410437487e-14 -0.130478324908
122.710609049 1.99882015028e-14 -0.130344795295
122.836272755 2.00037500054e-14 -0.130211538616
122.961936462 1.96485203509e-14 -0.130078554037
123.087600168 1.98997701629e-14 -0.129945840723
123.213263874 1.99403325579e-14 -0.129813397848
123.33892758 1.995540992e-14 -0.129681224585
123.464591286 1.97835517353e-14 -0.129549320111
123.590254992 1.98493850317e-14 -0.129417683609
123.715918698 1.98896808212e-14 -0.129286314263
123.841582405 1.99300175617e-14 -0.12915521126
123.967246111 2.01845761243e-14 -0.129024373792
124.092909817 2.00108138961e-14 -0.128893801053
124.218573523 1.98362252111e-14 -0.12876349224
124.344237229 1.98762913933e-14 -0.128633446555
124.469900935 1.99423947313e-14 -0.128503663201
124.595564641 2.01468488224e-14 -0.128374141386
124.721228348 1.95370545612e-14 -0.128244880321
124.846892054 1.97935824187e-14 -0.128115879218
124.97255576 1.9615700888e-14 -0.127987137295
125.098219466 1.96813431543e-14 -0.127858653772
125.223883172 2.0131576493e-14 -0.127730427871
125.349546878 1.99529405864e-14 -0.127602458819
125.475210584 1.99928801776e-14 -0.127474745846
125.600874291 2.00328597885e-14 -0.127347288183
125.726537997 1.96323001823e-14 -0.127220085066
125.852201703 1.98922098179e-14 -0.127093135734
125.977865409 1.9710700092e-14 -0.126966439427
126.103529115 1.99982520228e-14 -0.126839995391
126.229192821 1.98159931964e-14 -0.126713802873
126.354856527 1.96061013408e-14 -0.126587861123
126.480520234 1.98679696073e-14 -0.126462169396
126.60618394 2.01307611123e-14 -0.126336726947
126.731847646 1.99737891742e-14 -0.126211533036
126.857511352 1.99863327276e-14 -0.126086586925
126.983175058 1.99405694726e-14 -0.125961887879
127.108838764 2.00654371811e-14 -0.125837435167
127.23450247 1.99922510188e-14 -0.125713228059
127.360166177 1.99458769131e-14 -0.12558926583
127.485829883 1.97314185252e-14 -0.125465547756
127.611493589 1.99971855541e-14 -0.125342073117
127.737157295 1.99228186117e-14 -0.125218841195
127.862821001 2.01032998805e-14 -0.125095851276
127.988484707 2.01152655095e-14 -0.124973102648
128.114148413 1.9953526146e-14 -0.1248505946
128.23981212 1.98504304004e-14 -0.124728326428
128.365475826 1.98892725686e-14 -0.124606297427
128.491139532 1.99281527802e-14 -0.124484506897
128.616803238 1.9967071035e-14 -0.124362954139
128.742466944 1.98905463184e-14 -0.124241638458
128.86813065 1.98136094713e-14 -0.124120559161
128.993794356 1.98801116904e-14 -0.123999715558
129.119458063 1.98908106193e-14 -0.123879106963
129.245121769 2.00738796181e-14 -0.123758732689
129.370785475 1.99681621838e-14 -0.123638592056
129.496449181 2.00068943723e-14 -0.123518684384
129.622112887 1.96944804615e-14 -0.123399008996
129.747776593 1.99954314607e-14 -0.123279565218
129.873440299 1.98882871581e-14 -0.123160352378
129.999104006 2.0044457402e-14 -0.123041369808
130.124767712 1.99651812801e-14 -0.122922616842
130.250431418 1.98854875378e-14 -0.122804092814
130.376095124 1.98053755163e-14 -0.122685797066
130.50175883 1.9724844557e-14 -0.122567728936
130.627422536 1.97627743765e-14 -0.12244988777
130.753086242 1.99198494585e-14 -0.122332272914
130.878749949 1.99868231908e-14 -0.122214883717
131.004413655 1.98767828719e-14 -0.12209771953
131.130077361 1.97950634995e-14 -0.121980779707
131.255741067 1.98329465905e-14 -0.121864063604
131.381404773 1.99911199225e-14 -0.12174757058
131.507068479 1.99378405325e-14 -0.121631299997
131.632732185 1.99468135828e-14 -0.121515251218
131.758395892 1.98930280229e-14 -0.121399423609
131.884059598 2.00229063437e-14 -0.121283816538
132.009723304 1.97260343609e-14 -0.121168429377
132.13538701 1.9855873373e-14 -0.121053261499
132.261050716 2.00154511793e-14 -0.120938312279
132.386714422 2.00534296136e-14 -0.120823581096
132.512378128 1.98467858235e-14 -0.12070906733
132.638041835 1.9791332341e-14 -0.120594770364
132.763705541 2.00447886034e-14 -0.120480689582
132.889369247 1.99596543627e-14 -0.120366824373
133.015032953 1.98740913022e-14 -0.120253174125
133.140696659 1.98178430241e-14 -0.120139738232
133.266360365 1.99789214922e-14 -0.120026516087
133.392024071 1.97387780945e-14 -0.119913507087
133.517687778 2.00242924571e-14 -0.11980071063
133.643351484 1.98130870175e-14 -0.119688126118
133.76901519 1.98502939325e-14 -0.119575752955
133.894678896 2.00425075259e-14 -0.119463590545
134.020342602 2.00499364059e-14 -0.119351638297
134.146006308 1.98367664445e-14 -0.11923989562
134.271670014 1.99994712819e-14 -0.119128361928
134.397333721 1.97851983911e-14 -0.119017036633
134.522997427 2.00742697703e-14 -0.118905919154
134.648661133 1.99854239856e-14 -0.118795008908
134.774324839 2.0053153821e-14 -0.118684305318
134.899988545 1.98064242166e-14 -0.118573807804
135.025652251 1.98432732798e-14 -0.118463515795
135.151315957 1.98801566531e-14 -0.118353428715
135.276979664 2.00752573762e-14 -0.118243545996
135.40264337 1.98263131062e-14 -0.118133867068
135.528307076 1.98630626844e-14 -0.118024391366
135.653970782 1.97716594587e-14 -0.117915118324
135.779634488 2.0065088172e-14 -0.117806047382
135.905298194 1.9844854519e-14 -0.11769717798
136.0309619 1.99125523843e-14 -0.117588509558
136.156625607 1.99181850632e-14 -0.117480041562
136.282289313 1.99549011418e-14 -0.117371773437
136.407953019 1.97324247375e-14 -0.117263704632
136.533616725 2.00284349118e-14 -0.117155834597
136.659280431 2.01953429644e-14 -0.117048162784
136.784944137 2.00031695264e-14 -0.116940688648
136.910607843 2.00084211755e-14 -0.116833411644
137.03627155 1.98827832294e-14 -0.116726331232
137.161935256 1.99507673496e-14 -0.116619446871
137.287598962 2.00189005756e-14 -0.116512758023
137.413262668 1.98922884904e-14 -0.116406264153
137.538926374 2.00286483191e-14 -0.116299964727
137.66459008 1.99331901566e-14 -0.116193859212
137.790253786 1.98691417799e-14 -0.11608794708
137.915917493 2.00697399395e-14 -0.115982227801
138.041581199 1.99415603918e-14 -0.11587670085
138.167244905 2.0142823407e-14 -0.115771365703
138.292908611 1.98808975049e-14 -0.115666221836
138.418572317 2.00504357541e-14 -0.115561268731
138.544236023 2.00867935267e-14 -0.115456505868
138.669899729 1.98875711538e-14 -0.11535193273
138.795563436 2.00577504326e-14 -0.115247548803
138.921227142 1.98948328796e-14 -0.115143353574
139.046890848 2.0097887122e-14 -0.115039346532
139.172554554 1.99992562491e-14 -0.114935527167
139.29821826 2.00678841526e-14 -0.114831894973
139.423881966 1.96326173549e-14 -0.114728449443
139.549545672 1.97006378716e-14 -0.114625190074
139.675209379 2.00078428881e-14 -0.114522116363
139.800873085 1.99076687332e-14 -0.114419227812
139.926536791 1.99105586245e-14 -0.114316523921
140.052200497 1.98425686176e-14 -0.114214004193
140.177864203 2.00149942114e-14 -0.114111668135
140.303527909 1.98096475177e-14 -0.114009515253
140.429191615 1.98450876283e-14 -0.113907545056
140.554855322 1.97098115964e-14 -0.113805757053
140.680519028 2.00539078028e-14 -0.113704150759
140.806182734 1.96421494205e-14 -0.113602725686
140.93184644 1.99538384787e-14 -0.11350148135
141.057510146 2.00227641009e-14 -0.113400417269
141.183173852 1.99915029172e-14 -0.113299532962
141.308837558 2.00605513956e-14 -0.11319882795
141.434501265 1.99568619629e-14 -0.113098301755
141.560164971 1.9992280694e-14 -0.112997953901
141.685828677 2.00277308805e-14 -0.112897783915
141.811492383 1.992314631e-14 -0.112797791324
141.937156089 2.00987256196e-14 -0.112697975658
142.062819795 1.98531456085e-14 -0.112598336447
142.188483501 1.97813380302e-14 -0.112498873224
142.314147208 2.00643944139e-14 -0.112399585524
142.439810914 2.00997845294e-14 -0.112300472881
142.56547462 1.99595449282e-14 -0.112201534835
142.691138326 1.97452395714e-14 -0.112102770923
142.816802032 1.9956255002e-14 -0.112004180687
142.942465738 2.01336363879e-14 -0.111905763669
143.068129444 1.99920929556e-14 -0.111807519414
143.193793151 1.99187699152e-14 -0.111709447466
143.319456857 1.97761667177e-14 -0.111611547373
143.445120563 2.00974172104e-14 -0.111513818684
143.570784269 1.98454725975e-14 -0.111416260949
143.696447975 2.01677873633e-14 -0.111318873719
143.822111681 1.99148999071e-14 -0.11122165655
143.947775387 1.99496590979e-14 -0.111124608995
144.073439094 1.97301528232e-14 -0.111027730611
144.1991028 1.99093440895e-14 -0.110931020956
144.324766506 1.99090523794e-14 -0.110834479591
144.450430212 2.00889994355e-14 -0.110738106076
144.576093918 1.96871965463e-14 -0.110641899973
144.701757624 1.98320701411e-14 -0.110545860848
144.82742133 2.01938234415e-14 -0.110449988266
144.953085037 1.99361650592e-14 -0.110354281794
145.078748743 1.96775233747e-14 -0.110258741001
145.204412449 1.97115716016e-14 -0.110163365458
145.330076155 2.0039831547e-14 -0.110068154735
145.455739861 2.00744468793e-14 -0.109973108407
145.581403567 1.98138931563e-14 -0.109878226048
145.707067273 1.99959132989e-14 -0.109783507234
145.83273098 1.98822549213e-14 -0.109688951542
145.958394686 2.01005900368e-14 -0.109594558553
146.084058392 1.96534968903e-14 -0.109500327845
146.209722098 1.97231396954e-14 -0.109406259002
146.335385804 1.98702023412e-14 -0.109312351607
146.46104951 2.00536752164e-14 -0.109218605244
146.586713216 1.99384059737e-14 -0.1091250195
146.712376923 1.96727556623e-14 -0.109031593962
146.838040629 1.97064176486e-14 -0.10893832822
146.963704335 2.00409308682e-14 -0.108845221864
147.089368041 1.97738280818e-14 -0.108752274485
147.215031747 1.98075765288e-14 -0.108659485678
147.340695453 1.98049272513e-14 -0.108566855036
147.46635916 1.94208391692e-14 -0.108474382156
147.592022866 2.00606928359e-14 -0.108382066635
147.717686572 1.99428585188e-14 -0.108289908072
147.843350278 2.02811797017e-14 -0.108197906067
147.969013984 1.98581996521e-14 -0.108106060222
148.09467769 1.96232284918e-14 -0.108014370139
148.220341396 2.00786016325e-14 -0.107922835423
148.346005103 1.99593599638e-14 -0.107831455678
148.471668809 1.98396284273e-14 -0.107740230513
148.597332515 1.98361242843e-14 -0.107649159535
148.722996221 1.9752721304e-14 -0.107558242354
148.848659927 1.99403525968e-14 -0.10746747858
148.974323633 2.01657711964e-14 -0.107376867825
149.099987339 1.98155335474e-14 -0.107286409704
149.225651046 1.98862626781e-14 -0.107196103831
149.351314752 1.99197184252e-14 -0.107105949821
149.476978458 1.99532023337e-14 -0.107015947293
149.602642164 1.98308615837e-14 -0.106926095864
149.72830587 1.98641402751e-14 -0.106836395155
149.853969576 1.97410707887e-14 -0.106746844787
149.979633282 1.96175052858e-14 -0.106657444383
150.105296989 1.9650343405e-14 -0.106568193565
150.230960695 1.98403717429e-14 -0.10647909196
150.356624401 2.00688857633e-14 -0.106390139192
150.482288107 1.99067109902e-14 -0.106301334891
150.607951813 2.0097873486e-14 -0.106212678683
150.733615519 1.98149465409e-14 -0.1061241702
150.859279225 1.9847949676e-14 -0.106035809072
150.984942932 2.00397221517e-14 -0.105947594933
151.110606638 2.00730442477e-14 -0.105859527414
151.236270344 1.99471240971e-14 -0.105771606152
151.36193405 1.98207028793e-14 -0.105683830782
151.487597756 1.96552742779e-14 -0.105596200942
151.613261462 1.97264184183e-14 -0.10550871627
151.738925168 1.97590839648e-14 -0.105421376406
151.864588875 2.02735589904e-14 -0.10533418099
151.990252581 2.01074539184e-14 -0.105247129665
152.115916287 1.9696117641e-14 -0.105160222073
152.241579993 1.98900167849e-14 -0.10507345786
152.367243699 1.99228176486e-14 -0.10498683667
152.492907405 1.99946639506e-14 -0.104900358151
152.618571111 2.03128813445e-14 -0.104814021949
152.744234818 2.00213826202e-14 -0.104727827716
152.869898524 1.98915675082e-14 -0.1046417751
152.99556223 2.01265039239e-14 -0.104555863753
153.121225936 1.96304143185e-14 -0.104470093327
153.246889642 1.98064256276e-14 -0.104384463476
153.372553348 1.9898079536e-14 -0.104298973855
153.498217054 2.00551806033e-14 -0.104213624119
153.623880761 1.95751910741e-14 -0.104128413927
153.749544467 1.97916145727e-14 -0.104043342935
153.875208173 2.00086666614e-14 -0.103958410803
154.000871879 1.9856279507e-14 -0.103873617191
154.126535585 1.99285103549e-14 -0.103788961762
154.252199291 1.99609738506e-14 -0.103704444177
154.377862997 1.99534749433e-14 -0.103620064099
154.503526704 1.98197106293e-14 -0.103535821195
154.62919041 2.00184039241e-14 -0.10345171513
154.754854116 2.00509080215e-14 -0.10336774557
154.880517822 1.9936536785e-14 -0.103283912184
155.006181528 1.98015582591e-14 -0.10320021464
155.131845234 1.96458737828e-14 -0.10311665261
155.25750894 2.00335718527e-14 -0.103033225764
155.383172647 1.97297474109e-14 -0.102949933774
155.508836353 1.99097219329e-14 -0.102866776313
155.634500059 1.99621883781e-14 -0.102783753057
155.760163765 1.99740383139e-14 -0.102700863681
155.885827471 2.00266223693e-14 -0.102618107861
156.011491177 2.00588783529e-14 -0.102535485274
156.137154883 1.98805108376e-14 -0.1024529956
156.26281859 1.99124799811e-14 -0.102370638517
156.388482296 1.99649934375e-14 -0.102288413707
156.514146002 2.01676106278e-14 -0.102206320851
156.639809708 1.98582890782e-14 -0.102124359632
156.765473414 1.99107379292e-14 -0.102042529733
156.89113712 1.99013263545e-14 -0.10196083084
157.016800826 1.99538593229e-14 -0.101879262637
157.142464533 1.98138332157e-14 -0.101797824812
157.268128239 2.01899090744e-14 -0.101716517053
157.393791945 2.00496593039e-14 -0.101635339047
157.519455651 2.00816436834e-14 -0.101554290485
157.645119357 1.99614691398e-14 -0.101473371058
157.770783063 1.9799069655e-14 -0.101392580457
157.896446769 1.9809662819e-14 -0.101311918375
158.022110476 1.98411639334e-14 -0.101231384506
158.147774182 1.95453973413e-14 -0.101150978543
158.273437888 1.95764289879e-14 -0.101070700183
158.399101594 1.95864357435e-14 -0.100990549122
158.5247653 1.98135340848e-14 -0.100910525058
158.650429006 1.99990454139e-14 -0.10083062769
158.776092712 1.9700802053e-14 -0.100750856716
158.901756419 1.97107736039e-14 -0.100671211837
159.027420125 2.01152918795e-14 -0.100591692754
159.153083831 1.97730902624e-14 -0.100512299169
159.278747537 2.01575534088e-14 -0.100433030787
159.404411243 1.98568229615e-14 -0.10035388731
159.530074949 1.96895588503e-14 -0.100274868445
159.655738655 2.00754889842e-14 -0.100195973896
159.781402362 2.01284803372e-14 -0.100117203371
159.907066068 2.01386595344e-14 -0.100038556578
160.032729774 2.00134600669e-14 -0.0999600332251
160.15839348 1.98447540544e-14 -0.0998816330224
160.284057186 1.98974197608e-14 -0.0998033556804
160.409720892 1.99070029485e-14 -0.0997252009107
160.535384598 2.01175923126e-14 -0.0996471684253
160.661048305 1.98112954502e-14 -0.099569257938
160.786712011 1.96405796551e-14 -0.0994914691626
160.912375717 1.95127035925e-14 -0.0994138018142
161.038039423 1.9882500003e-14 -0.0993362556088
161.163703129 1.99135015383e-14 -0.0992588302636
161.289366835 1.98070610892e-14 -0.0991815254957
161.415030541 1.99974358298e-14 -0.099104341024
161.540694248 1.98468643339e-14 -0.099027276568
161.666357954 2.00816030837e-14 -0.0989503318481
161.79202166 1.99525099697e-14 -0.0988735065853
161.917685366 1.99174910887e-14 -0.098796800502
162.043349072 1.99483788387e-14 -0.0987202133209
162.169012778 1.97961967237e-14 -0.098643744766
162.294676484 1.98489464461e-14 -0.0985673945617
162.420340191 1.96959955485e-14 -0.0984911624335
162.546003897 1.98882244789e-14 -0.0984150481081
162.671667603 1.99189478833e-14 -0.0983390513124
162.797331309 1.97874161369e-14 -0.0982631717746
162.922995015 1.97956678011e-14 -0.0981874092233
163.048658721 2.00112605545e-14 -0.0981117633886
163.174322427 2.00867543663e-14 -0.0980362340009
163.299986134 1.97239867226e-14 -0.0979608207914
163.42564984 1.97543160752e-14 -0.0978855234925
163.551313546 1.99708931607e-14 -0.0978103418372
163.676977252 2.01880654071e-14 -0.0977352755593
163.802640958 1.98229340519e-14 -0.0976603243934
163.928304664 2.00629495961e-14 -0.097585488075
164.05396837 1.9696364225e-14 -0.0975107663406
164.179632077 1.97265121641e-14 -0.097436158927
164.305295783 1.99446263758e-14 -0.0973616655722
164.430959489 1.98095603659e-14 -0.0972872860148
164.556623195 2.00056123605e-14 -0.0972130199944
164.682286901 1.98700872221e-14 -0.0971388672513
164.807950607 1.99003853163e-14 -0.0970648275265
164.933614313 1.99078845673e-14 -0.0969909005618
165.05927802 1.99381940959e-14 -0.0969170861002
165.184941726 1.97785682786e-14 -0.0968433838846
165.310605432 1.99988824056e-14 -0.0967697936596
165.436269138 1.98387249969e-14 -0.09669631517
165.561932844 1.97010084078e-14 -0.0966229481617
165.68759655 1.99450353202e-14 -0.0965496923811
165.813260256 1.97607931018e-14 -0.0964765475756
165.938923963 1.99593128088e-14 -0.0964035134932
166.064587669 1.97975324912e-14 -0.0963305898827
166.190251375 2.00197439023e-14 -0.0962577764938
166.315915081 1.98574284799e-14 -0.0961850730766
166.441578787 2.01035076008e-14 -0.0961124793825
166.567242493 1.97242680699e-14 -0.0960399951632
166.692906199 1.99707536832e-14 -0.0959676201712
166.818569906 1.99774921972e-14 -0.0958953541599
166.944233612 1.98135435447e-14 -0.0958231968836
167.069897318 1.98667638232e-14 -0.0957511480968
167.195561024 1.98731726549e-14 -0.0956792075551
167.32122473 1.99265082855e-14 -0.095607375015
167.446888436 2.01751268119e-14 -0.0955356502334
167.572552142 1.9790859943e-14 -0.0954640329678
167.698215849 1.98441112014e-14 -0.0953925229771
167.823879555 1.9873826674e-14 -0.0953211200203
167.949543261 1.96598739983e-14 -0.0952498238572
168.075206967 1.99096248184e-14 -0.0951786342486
168.200870673 1.97424220975e-14 -0.0951075509558
168.326534379 1.97481265866e-14 -0.0950365737409
168.452198085 1.9998931914e-14 -0.0949657023666
168.577861792 1.98309131101e-14 -0.0948949365963
168.703525498 1.98365770508e-14 -0.0948242761943
168.829189204 1.96915952636e-14 -0.0947537209254
168.95485291 1.9895653958e-14 -0.0946832705554
169.080516616 1.99492093047e-14 -0.0946129248503
169.206180322 1.97795303928e-14 -0.0945426835771
169.331844028 2.01840380048e-14 -0.0944725465037
169.457507735 2.00140716068e-14 -0.0944025133982
169.583171441 1.98917883781e-14 -0.0943325840296
169.708835147 2.00734123485e-14 -0.0942627581679
169.834498853 1.97015373502e-14 -0.0941930355833
169.960162559 2.0132841035e-14 -0.094123416047
170.085826265 1.99854751197e-14 -0.0940538993305
170.211489971 1.99906771479e-14 -0.0939844852066
170.337153678 1.98181928165e-14 -0.0939151734481
170.462817384 1.98474105506e-14 -0.0938459638289
170.58848109 1.990106343e-14 -0.0937768561234
170.714144796 1.99059106598e-14 -0.0937078501065
170.839808502 2.01873346856e-14 -0.0936389455544
170.965472208 1.9761027821e-14 -0.0935701422432
171.091135915 2.00183801005e-14 -0.09350143995
171.216799621 1.98436961031e-14 -0.0934328384525
171.342463327 1.96684350577e-14 -0.0933643375294
171.468127033 1.96972622455e-14 -0.0932959369594
171.593790739 1.99310762574e-14 -0.0932276365221
171.719454445 2.01902497079e-14 -0.093159435998
171.845118151 1.97590960318e-14 -0.0930913351682
171.970781858 1.99938377697e-14 -0.093023333814
172.096445564 1.96355483136e-14 -0.0929554317177
172.22210927 1.96642014594e-14 -0.0928876286624
172.347772976 1.98996443207e-14 -0.0928199244313
172.473436682 1.9928640583e-14 -0.0927523188087
172.599100388 1.95179223447e-14 -0.0926848115795
172.724764094 1.97790231895e-14 -0.0926174025288
172.850427801 1.98077809088e-14 -0.0925500914427
172.976091507 2.00197352408e-14 -0.092482878108
173.101755213 1.98402208746e-14 -0.0924157623119
173.227418919 1.98690048289e-14 -0.0923487438421
173.353082625 1.98978096715e-14 -0.0922818224872
173.478746331 1.99266354023e-14 -0.0922149980363
173.604410037 1.97456904675e-14 -0.0921482702791
173.730073744 1.99843495286e-14 -0.0920816390059
173.85573745 2.0013237924e-14 -0.0920151040076
173.981401156 2.02782442069e-14 -0.0919486650758
174.107064862 1.98855016079e-14 -0.0918823220026
174.232728568 2.01000284397e-14 -0.0918160745807
174.358392274 2.01290003881e-14 -0.0917499226035
174.48405598 1.99460726778e-14 -0.0916838658648
174.609719687 1.97881338905e-14 -0.0916179041591
174.735383393 1.97909799486e-14 -0.0915520372818
174.861047099 2.00322607973e-14 -0.0914862650281
174.986710805 2.00867201436e-14 -0.0914205871946
175.112374511 1.98763750427e-14 -0.0913550035781
175.238038217 1.99048809721e-14 -0.091289513976
175.363701923 1.97451464854e-14 -0.0912241181865
175.48936563 1.99877905991e-14 -0.0911588160078
175.615029336 1.99905214546e-14 -0.0910936072396
175.740693042 2.00450196527e-14 -0.0910284916812
175.866356748 2.00477173547e-14 -0.0909634691331
175.992020454 1.98607506949e-14 -0.0908985393963
176.11768416 1.99151138607e-14 -0.0908337022721
176.243347866 1.99174537588e-14 -0.0907689575626
176.369011573 1.99458356348e-14 -0.0907043050704
176.494675279 1.97574105177e-14 -0.0906397445986
176.620338985 2.00288305628e-14 -0.090575275951
176.746002691 1.98136581298e-14 -0.0905108989316
176.871666397 1.96240584678e-14 -0.0904466133456
176.997330103 1.98699857812e-14 -0.0903824189982
177.122993809 2.01165517092e-14 -0.0903183156953
177.248657516 1.99527504792e-14 -0.0902543032434
177.374321222 1.99810217228e-14 -0.0901903814495
177.499984928 1.99828812019e-14 -0.0901265501213
177.625648634 2.02307670141e-14 -0.0900628090669
177.75131234 1.98195265288e-14 -0.0899991580947
177.876976046 1.96538407156e-14 -0.0899355970143
178.002639752 2.00960967801e-14 -0.089872125635
178.128303459 1.99035954085e-14 -0.0898087437676
178.253967165 1.97371480863e-14 -0.0897454512224
178.379630871 1.97649564041e-14 -0.0896822478112
178.505294577 2.00145744343e-14 -0.0896191333454
178.630958283 2.00427339938e-14 -0.0895561076378
178.756621989 1.98216915832e-14 -0.0894931705011
178.882285695 1.96536587307e-14 -0.0894303217488
179.007949402 1.98774091638e-14 -0.089367561195
179.133613108 1.99052973101e-14 -0.0893048886541
179.259276814 1.97095393337e-14 -0.089242303941
179.38494052 2.02121075019e-14 -0.0891798068716
179.510604226 1.99890791727e-14 -0.0891173972614
179.636267932 1.99318142013e-14 -0.0890550749275
179.761931638 2.00721413111e-14 -0.0889928396867
179.887595345 1.99604198141e-14 -0.0889306913568
180.013259051 1.99026986981e-14 -0.0888686297555
180.138922757 1.9790311234e-14 -0.0888066547018
180.264586463 1.99309925436e-14 -0.0887447660148
180.390250169 2.00720082162e-14 -0.0886829635138
180.515913875 1.97597401319e-14 -0.0886212470193
180.641577581 2.00143567895e-14 -0.0885596163515
180.767241288 1.9728436483e-14 -0.0884980713319
180.892904994 2.00700297087e-14 -0.088436611782
181.0185687 1.98698224089e-14 -0.0883752375238
181.144232406 1.98973908068e-14 -0.08831394838
181.269896112 2.00668976968e-14 -0.0882527441737
181.395559818 1.99525849969e-14 -0.0881916247284
181.521223524 1.99802107891e-14 -0.0881305898682
181.646887231 1.99207083154e-14 -0.0880696394178
181.772550937 2.01782266283e-14 -0.088008773202
181.898214643 1.97177642455e-14 -0.0879479910465
182.023878349 1.99756000478e-14 -0.0878872927772
182.149542055 1.99155326704e-14 -0.0878266782208
182.275205761 2.01463673026e-14 -0.087766147204
182.400869467 1.97389070765e-14 -0.0877056995544
182.526533174 1.98820289557e-14 -0.0876453350998
182.65219688 1.98813983957e-14 -0.0875850536688
182.777860586 1.97924751015e-14 -0.0875248550899
182.903524292 1.98196723123e-14 -0.0874647391928
183.029187998 1.99634692985e-14 -0.0874047058071
183.154851704 2.02243459895e-14 -0.0873447547632
183.28051541 2.01351783898e-14 -0.0872848858916
183.406179117 1.97227453472e-14 -0.0872250990238
183.531842823 2.01903820453e-14 -0.0871653939912
183.657506529 1.97484839873e-14 -0.087105770626
183.783170235 1.99213696595e-14 -0.0870462287609
183.908833941 1.98025164713e-14 -0.0869867682287
184.034497647 1.97401100797e-14 -0.0869273888632
184.160161353 1.97670504627e-14 -0.086868090498
184.28582506 1.98837037421e-14 -0.0868088729677
184.411488766 1.9910803111e-14 -0.0867497361072
184.537152472 1.97294739004e-14 -0.0866906797516
184.662816178 1.97277185846e-14 -0.0866317037367
184.788479884 1.98733813088e-14 -0.0865728078989
184.91414359 1.99003930547e-14 -0.0865139920745
185.039807296 1.99561480449e-14 -0.0864552561009
185.165471003 1.983515602e-14 -0.0863965998154
185.291134709 1.98908639715e-14 -0.086338023056
185.416798415 2.00086236669e-14 -0.0862795256612
185.542462121 1.99159257536e-14 -0.0862211074697
185.668125827 2.00628491502e-14 -0.0861627683209
185.793789533 1.98497375797e-14 -0.0861045080545
185.919453239 1.99055700649e-14 -0.0860463265106
186.045116946 2.01733629283e-14 -0.0859882235298
186.170780652 1.99593706738e-14 -0.085930198953
186.296444358 1.98364057434e-14 -0.0858722526218
186.422108064 1.98631493499e-14 -0.0858143843778
186.54777177 1.99191059331e-14 -0.0857565940636
186.673435476 2.00671899285e-14 -0.0856988815217
186.799099182 1.99434883704e-14 -0.0856412465953
186.924762889 1.99996171655e-14 -0.085583689128
187.050426595 1.98753830956e-14 -0.0855262089636
187.176090301 1.99314633411e-14 -0.0854688059468
187.301754007 2.01729414117e-14 -0.0854114799222
187.427417713 2.00777474071e-14 -0.085354230735
187.553081419 2.02270627226e-14 -0.0852970582309
187.678745125 2.01315772559e-14 -0.085239962256
187.804408832 1.99130444787e-14 -0.0851829426566
187.930072538 1.98167746645e-14 -0.0851259992798
188.055736244 1.99663257136e-14 -0.0850691319728
188.18139995 1.98697629001e-14 -0.0850123405831
188.307063656 1.99260317444e-14 -0.0849556249591
188.432727362 2.00463811699e-14 -0.0848989849492
188.558391068 1.99792056608e-14 -0.0848424204022
188.684054775 1.99460844256e-14 -0.0847859311675
188.809718481 1.9908396859e-14 -0.0847295170949
188.935382187 1.96564965017e-14 -0.0846731780343
189.061045893 2.00857662604e-14 -0.0846169138364
189.186709599 1.97388035825e-14 -0.084560724352
189.312373305 1.99843719038e-14 -0.0845046094325
189.438037011 1.99161131322e-14 -0.0844485689293
189.563700718 2.00374185864e-14 -0.0843926026949
189.689364424 2.00941548109e-14 -0.0843367105815
189.81502813 1.99651587138e-14 -0.0842808924421
189.940691836 1.99915777294e-14 -0.0842251481299
190.066355542 1.97665965233e-14 -0.0841694774986
190.192019248 1.99185932358e-14 -0.0841138804021
190.317682954 2.00709396831e-14 -0.0840583566949
190.443346661 1.98450135207e-14 -0.0840029062319
190.569010367 1.97448130371e-14 -0.0839475288682
190.694674073 1.98973778433e-14 -0.0838922244594
190.820337779 2.01770004038e-14 -0.0838369928615
190.946001485 2.01072730081e-14 -0.0837818339306
191.071665191 1.99760538137e-14 -0.0837267475236
191.197328897 1.98751057348e-14 -0.0836717334975
191.322992604 2.01559658305e-14 -0.0836167917097
191.44865631 1.99273428993e-14 -0.0835619220182
191.574320016 1.99534872142e-14 -0.0835071242811
191.699983722 2.01075257284e-14 -0.083452398357
191.825647428 2.01647421094e-14 -0.0833977441049
191.951311134 1.97755985709e-14 -0.083343161384
192.07697484 1.98014759618e-14 -0.083288650054
192.202638547 1.99869098546e-14 -0.083234209975
192.328302253 1.9724565645e-14 -0.0831798410075
192.453965959 1.98792097473e-14 -0.083125543012
192.579629665 1.99051548801e-14 -0.0830713158498
192.705293371 2.00603374872e-14 -0.0830171593826
192.830957077 1.9957095952e-14 -0.0829630734719
192.956620783 1.99830918912e-14 -0.0829090579802
193.08228449 1.96512022462e-14 -0.0828551127698
193.207948196 1.97753447333e-14 -0.082801237704
193.333611902 2.00611813216e-14 -0.0827474326459
193.459275608 2.00872450027e-14 -0.082693697459
193.584939314 1.99829237582e-14 -0.0826400320077
193.71060302 1.98782810501e-14 -0.0825864361559
193.836266726 1.99040569189e-14 -0.0825329097688
193.961930433 1.99298495037e-14 -0.0824794527111
194.087594139 1.98245794864e-14 -0.0824260648482
194.213257845 1.9881879277e-14 -0.0823727460459
194.338921551 1.98759088481e-14 -0.0823194961704
194.464585257 2.01965009245e-14 -0.0822663150882
194.590248963 1.9927304634e-14 -0.082213202666
194.715912669 1.98210988267e-14 -0.0821601587709
194.841576376 1.98466680472e-14 -0.0821071832704
194.967240082 1.97718742405e-14 -0.0820542760323
195.092903788 1.9897855977e-14 -0.0820014369249
195.218567494 2.00560847053e-14 -0.0819486658165
195.3442312 1.96835486001e-14 -0.081895962576
195.469894906 1.99747615937e-14 -0.0818433270728
195.595558613 2.0133552021e-14 -0.081790759176
195.721222319 1.97916647991e-14 -0.0817382587558
195.846886025 1.97848871741e-14 -0.0816858256823
195.972549731 2.0077533364e-14 -0.0816334598259
196.098213437 2.01032675472e-14 -0.0815811610574
196.223877143 2.00273420731e-14 -0.0815289292483
196.349540849 1.9918829514e-14 -0.0814767642697
196.475204556 1.97776053881e-14 -0.0814246659938
196.600868262 1.96683974282e-14 -0.0813726342924
196.726531968 1.99628563309e-14 -0.0813206690383
196.852195674 1.985350887e-14 -0.0812687701041
196.97785938 1.99813004948e-14 -0.081216937363
197.103523086 2.00719651766e-14 -0.0811651706887
197.229186792 1.99295578538e-14 -0.0811134699545
197.354850499 2.00904654575e-14 -0.0810618350349
197.480514205 1.97089418063e-14 -0.0810102658042
197.606177911 1.95981402231e-14 -0.0809587621371
197.731841617 2.00311828351e-14 -0.0809073239087
197.857505323 1.97841970149e-14 -0.0808559509944
197.983169029 2.03548706752e-14 -0.0808046432699
198.108832735 1.96978846739e-14 -0.0807534006111
198.234496442 1.98595957491e-14 -0.0807022228945
198.360160148 1.96109432934e-14 -0.0806511099966
198.485823854 2.00470233109e-14 -0.0806000617945
198.61148756 1.9902045226e-14 -0.0805490781652
198.737151266 2.00977797324e-14 -0.0804981589865
198.862814972 1.9881153059e-14 -0.0804473041362
198.988478678 1.9735270618e-14 -0.0803965134926
199.114142385 2.01740347927e-14 -0.080345786934
199.239806091 1.98184141268e-14 -0.0802951243392
199.365469797 1.99483544249e-14 -0.0802445255875
199.491133503 2.01119614365e-14 -0.0801939905582
199.616797209 1.97213438444e-14 -0.0801435191311
199.742460915 1.98849824211e-14 -0.0800931111861
199.868124621 1.96319967557e-14 -0.0800427666037
199.993788328 2.02469092376e-14 -0.0799924852642
200.119452034 1.99600506464e-14 -0.0799422670489
200.24511574 1.98455841061e-14 -0.0798921118386
200.370779446 1.97307832558e-14 -0.0798420195153
200.496443152 1.9895389536e-14 -0.0797919899604
200.622106858 1.96402234311e-14 -0.0797420230562
200.747770564 1.99452574375e-14 -0.0796921186851
200.873434271 1.97232717668e-14 -0.0796422767297
200.999097977 1.98546153131e-14 -0.0795924970732
201.124761683 1.9913363815e-14 -0.0795427795987
201.250425389 2.01861046175e-14 -0.0794931241898
201.376089095 1.99291006445e-14 -0.0794435307304
201.501752801 1.9671408371e-14 -0.0793939991047
201.627416507 1.9837383089e-14 -0.0793445291971
201.753080214 1.98620973385e-14 -0.0792951208923
201.87874392 1.99210174541e-14 -0.0792457740753
202.004407626 1.99458050766e-14 -0.0791964886315
202.130071332 1.97941749281e-14 -0.0791472644464
202.255735038 1.99611083196e-14 -0.0790981014059
202.381398744 1.98433885704e-14 -0.0790489993963
202.50706245 2.00107061999e-14 -0.0789999583038
202.632726157 2.00010819144e-14 -0.0789509780152
202.758389863 2.00603656734e-14 -0.0789020584175
202.884053569 1.99419993169e-14 -0.0788531993981
203.009717275 1.98232937096e-14 -0.0788044008445
203.135380981 1.98478224715e-14 -0.0787556626444
203.261044687 1.99070266766e-14 -0.0787069846861
203.386708393 1.98969255315e-14 -0.0786583668579
203.5123721 1.97773929179e-14 -0.0786098090485
203.638035806 2.01251630387e-14 -0.0785613111469
203.763699512 1.98262311931e-14 -0.0785128730421
203.889363218 1.99953137958e-14 -0.0784644946237
204.015026924 1.9730310679e-14 -0.0784161757817
204.14069063 1.98996016225e-14 -0.0783679164057
204.266354336 1.97789127699e-14 -0.0783197163864
204.392018043 1.98032362541e-14 -0.0782715756141
204.517681749 2.01186406467e-14 -0.0782234939798
204.643345455 2.0108218286e-14 -0.0781754713745
204.769009161 1.9876296461e-14 -0.0781275076896
204.894672867 1.97546102214e-14 -0.078079602817
205.020336573 1.99250780611e-14 -0.0780317566481
205.146000279 2.0242346965e-14 -0.0779839690755
205.271663986 1.9827312364e-14 -0.0779362399913
205.397327692 1.98515761101e-14 -0.0778885692887
205.522991398 2.00228207704e-14 -0.07784095686
205.648655104 2.01944395408e-14 -0.077793402599
205.77431881 1.97771310087e-14 -0.0777459063988
205.899982516 2.0096284873e-14 -0.0776984681535
206.025646222 1.95300618445e-14 -0.0776510877568
206.151309929 1.94416620889e-14 -0.077603765103
206.276973635 1.97257471249e-14 -0.0775565000868
206.402637341 2.02301863438e-14 -0.0775092926027
206.528301047 1.97380222421e-14 -0.0774621425461
206.653964753 2.01308572761e-14 -0.0774150498119
206.779628459 1.95243881327e-14 -0.0773680142959
206.905292165 2.00308654569e-14 -0.0773210358937
207.030955872 2.01683560957e-14 -0.0772741145017
207.156619578 1.97448982598e-14 -0.0772272500157
207.282283284 1.97688415721e-14 -0.0771804423325
207.40794699 1.99785603432e-14 -0.077133691349
207.533610696 1.98167717565e-14 -0.0770869969622
207.659274402 1.99546169422e-14 -0.0770403590694
207.784938108 1.95643275989e-14 -0.0769937775681
207.910601815 1.98887759323e-14 -0.076947252356
208.036265521 1.9424759897e-14 -0.0769007833313
208.161929227 1.97497382159e-14 -0.0768543703923
208.287592933 2.01118540838e-14 -0.0768080134374
208.413256639 1.95316087512e-14 -0.0767617123655
208.538920345 1.98577657918e-14 -0.0767154670755
208.664584051 2.00331763213e-14 -0.0766692774668
208.790247758 1.99056217333e-14 -0.0766231434389
208.915911464 1.96624776138e-14 -0.0765770648914
209.04157517 1.98014980961e-14 -0.0765310417244
209.167238876 1.98252937975e-14 -0.0764850738381
209.292902582 1.98491037992e-14 -0.0764391611331
209.418566288 1.98361361593e-14 -0.0763933035099
209.544229994 1.98967667036e-14 -0.0763475008696
209.669893701 1.96147159246e-14 -0.0763017531133
209.795557407 2.00976219037e-14 -0.0762560601425
209.921221113 1.99683683123e-14 -0.0762104218588
210.046884819 2.01457660473e-14 -0.0761648381641
210.172548525 1.97088031907e-14 -0.0761193089604
210.298212231 1.95784910016e-14 -0.0760738341503
210.423875937 2.01809443268e-14 -0.0760284136363
210.549539644 1.96252795652e-14 -0.0759830473213
210.67520335 1.99575366932e-14 -0.0759377351081
210.800867056 2.01359392435e-14 -0.0758924769003
210.926530762 2.01599351492e-14 -0.0758472726012
211.052194468 2.00289716845e-14 -0.0758021221147
211.177858174 1.98976535971e-14 -0.0757570253445
211.30352188 1.98034377711e-14 -0.0757119821951
211.429185587 1.99450070057e-14 -0.0756669925711
211.554849293 1.95015683046e-14 -0.0756220563767
211.680512999 1.99924167372e-14 -0.0755771735168
211.806176705 2.01722248107e-14 -0.0755323438969
211.931840411 2.0077563087e-14 -0.0754875674222
212.057504117 1.97130070743e-14 -0.0754428439981
212.183167823 1.97741296147e-14 -0.0753981735306
212.30883153 2.01111874784e-14 -0.0753535559255
212.434495236 1.99779750825e-14 -0.0753089910892
212.560158942 2.01966983795e-14 -0.075264478928
212.685822648 2.0025238657e-14 -0.0752200193487
212.811486354 2.00488914006e-14 -0.0751756122582
212.93715006 1.97570538708e-14 -0.0751312575635
213.062813766 1.99383005698e-14 -0.0750869551719
213.188477473 1.9803684559e-14 -0.0750427049911
213.314141179 1.982702053e-14 -0.074998506929
213.439804885 2.00088674673e-14 -0.0749543608931
213.565468591 1.97150499635e-14 -0.0749102667921
213.691132297 1.98971109511e-14 -0.0748662245341
213.816796003 2.0238616302e-14 -0.0748222340279
213.942459709 1.97846625906e-14 -0.0747782951823
214.068123416 2.01651999136e-14 -0.0747344079064
214.193787122 1.96715210683e-14 -0.0746905721094
214.319450828 1.98543979913e-14 -0.0746467877008
214.445114534 2.02362349959e-14 -0.0746030545903
214.57077824 1.95805962726e-14 -0.0745593726878
214.696441946 1.96035209005e-14 -0.0745157419036
214.822105652 1.99475695068e-14 -0.0744721621478
214.947769359 1.99708964895e-14 -0.074428633331
215.073433065 1.98333062146e-14 -0.074385155364
215.199096771 1.96953536312e-14 -0.0743417281577
215.324760477 2.02022662454e-14 -0.0742983516233
215.450424183 2.00643408352e-14 -0.0742550256722
215.576087889 1.98033563416e-14 -0.074211750216
215.701751595 1.96255292404e-14 -0.0741685251664
215.827415302 2.02966277267e-14 -0.0741253504355
215.953079008 1.98335053848e-14 -0.0740822259352
216.078742714 2.00190154276e-14 -0.0740391515783
216.20440642 1.97170367174e-14 -0.0739961272772
216.330070126 1.99223926649e-14 -0.0739531529447
216.455733832 1.97432173097e-14 -0.0739102284939
216.581397538 1.97858071025e-14 -0.073867353838
216.707061245 2.01552221484e-14 -0.0738245288903
216.832724951 1.98317205864e-14 -0.0737817535645
216.958388657 2.00184593503e-14 -0.0737390277744
217.084052363 1.96939683674e-14 -0.0736963514339
217.209716069 1.99006906532e-14 -0.0736537244575
217.335379775 1.99038942287e-14 -0.0736111467593
217.461043481 1.97623800691e-14 -0.0735686182541
217.586707188 1.99499216097e-14 -0.0735261388565
217.712370894 1.99928371119e-14 -0.0734837084818
217.8380346 2.00358118276e-14 -0.073441327045
217.963698306 1.95431439008e-14 -0.0733989944615
218.089362012 2.00620867332e-14 -0.0733567106469
218.215025718 1.98995595774e-14 -0.0733144755171
218.340689424 2.01283164904e-14 -0.0732722889879
218.466353131 1.97793468278e-14 -0.0732301509755
218.592016837 1.98421773649e-14 -0.0731880613963
218.717680543 1.98649813959e-14 -0.0731460201669
218.843344249 2.00142385338e-14 -0.073104027204
218.969007955 1.97237075605e-14 -0.0730620824244
219.094671661 1.97664715625e-14 -0.0730201857456
219.220335367 2.01235206272e-14 -0.0729783370846
219.345999074 2.01264004438e-14 -0.0729365363591
219.47166278 1.96265211483e-14 -0.0728947834865
219.597326486 1.98369817862e-14 -0.0728530783848
219.722990192 2.00478854515e-14 -0.0728114209723
219.848653898 1.97345051551e-14 -0.0727698111669
219.974317604 2.02417886884e-14 -0.0727282488874
220.099981311 1.95704434499e-14 -0.0726867340522
220.225645017 1.995058058e-14 -0.0726452665803
220.351308723 1.9973339287e-14 -0.0726038463905
220.476972429 1.99961109766e-14 -0.072562473402
220.602636135 1.9849589978e-14 -0.0725211475344
220.728299841 1.9851758332e-14 -0.0724798687069
220.853963547 2.04038867284e-14 -0.0724386368396
220.979627254 2.00668445039e-14 -0.0723974518522
221.10529096 1.96204378622e-14 -0.0723563136649
221.230954666 2.01330137517e-14 -0.0723152221978
221.356618372 1.99648591617e-14 -0.0722741773716
221.482282078 2.01581755269e-14 -0.0722331791068
221.607945784 1.96890868211e-14 -0.0721922273243
221.73360949 1.9519739337e-14 -0.072151321945
221.859273197 1.97130939518e-14 -0.0721104628902
221.984936903 2.02910537481e-14 -0.0720696500811
222.110600609 1.99707644366e-14 -0.0720288834396
222.236264315 1.98008156699e-14 -0.071988162887
222.361928021 2.01672292986e-14 -0.0719474883453
222.487591727 1.96733864899e-14 -0.0719068597367
222.613255433 1.96748140588e-14 -0.0718662769833
222.73891914 1.96970177116e-14 -0.0718257400077
222.864582846 2.01064878091e-14 -0.0717852487323
222.990246552 1.97414626081e-14 -0.07174480308
223.115910258 2.01309501547e-14 -0.0717044029736
223.241573964 1.96543889998e-14 -0.0716640483366
223.36723767 2.01553694716e-14 -0.0716237390916
223.492901376 2.00252223671e-14 -0.0715834751629
223.618565083 2.02007207775e-14 -0.0715432564733
223.744228789 1.99170955376e-14 -0.0715030829473
223.869892495 1.95697281661e-14 -0.0714629545084
223.995556201 1.95916894063e-14 -0.0714228710809
224.121219907 1.97884087187e-14 -0.0713828325893
224.246883613 1.99855321162e-14 -0.0713428389579
224.372547319 2.00079223088e-14 -0.0713028901114
224.498211026 2.018451825e-14 -0.0712629859746
224.623874732 1.98772103952e-14 -0.0712231264724
224.749538438 1.98994418987e-14 -0.0711833115301
224.875202144 2.02523196212e-14 -0.071143541073
225.00086585 1.97678229887e-14 -0.0711038150266
225.126529556 1.99449520013e-14 -0.0710641333167
225.252193262 2.01650048759e-14 -0.0710244958688
225.377856969 2.01874954167e-14 -0.0709849026091
225.503520675 1.98561855543e-14 -0.0709453534637
225.629184381 2.00340565222e-14 -0.070905848359
225.754848087 1.99218186176e-14 -0.0708663872213
225.880511793 1.99011852377e-14 -0.0708269699776
226.006175499 1.97670498172e-14 -0.0707875965543
226.131839205 1.96111300235e-14 -0.0707482668786
226.257502912 2.00105722575e-14 -0.0707089808778
226.383166618 2.01895829129e-14 -0.0706697384787
226.508830324 1.98550159796e-14 -0.0706305396091
226.63449403 2.00341775258e-14 -0.0705913841967
226.760157736 2.00779546433e-14 -0.070552272169
226.885821442 2.00786067739e-14 -0.0705132034542
227.011485148 1.99431775681e-14 -0.0704741779803
227.137148855 1.99436080788e-14 -0.0704351956757
227.262812561 2.0167007349e-14 -0.0703962564685
227.388476267 2.01893013353e-14 -0.0703573602875
227.514139973 2.00098222687e-14 -0.0703185070612
227.639803679 2.02339262796e-14 -0.0702796967188
227.765467385 1.99170758207e-14 -0.0702409291893
227.891131091 1.955592081e-14 -0.0702022044017
228.016794798 2.01200870236e-14 -0.0701635222855
228.142458504 1.99393548834e-14 -0.0701248827702
228.26812221 1.99613122921e-14 -0.0700862857855
228.393785916 2.01647490762e-14 -0.0700477312611
228.519449622 2.00052633828e-14 -0.0700092191273
228.645113328 2.0049185771e-14 -0.0699707493138
228.770777034 2.02532821087e-14 -0.0699323217511
228.896440741 1.98890143042e-14 -0.0698939363697
229.022104447 1.99328452819e-14 -0.0698555931002
229.147768153 1.99547113151e-14 -0.0698172918731
229.273431859 2.01594562288e-14 -0.0697790326196
229.399095565 1.99764058013e-14 -0.0697408152705
229.524759271 1.98371136215e-14 -0.0697026397571
229.650422977 1.98367050754e-14 -0.0696645060107
229.776086684 2.00420752277e-14 -0.0696264139631
229.90175039 2.02700292948e-14 -0.0695883635455
230.027414096 2.04540564051e-14 -0.06955035469
230.153077802 1.95550368823e-14 -0.0695123873284
230.278741508 1.99675723492e-14 -0.0694744613929
230.404405214 1.98046827877e-14 -0.0694365768157
230.53006892 1.98262780198e-14 -0.0693987335292
230.655732627 2.00329621569e-14 -0.0693609314658
230.781396333 2.0054782529e-14 -0.0693231705584
230.907060039 2.00542500763e-14 -0.0692854507399
231.032723745 1.97047054101e-14 -0.0692477719428
231.158387451 1.95402490867e-14 -0.0692101341007
231.284051157 1.97700105076e-14 -0.0691725371467
231.409714863 1.97690238432e-14 -0.0691349810143
231.53537857 1.97904866247e-14 -0.0690974656369
231.661042276 1.98344720558e-14 -0.0690599909482
231.786705982 2.00203425369e-14 -0.0690225568822
231.912369688 1.98775047469e-14 -0.0689851633728
232.038033394 2.00637549295e-14 -0.0689478103542
232.1636971 2.00854787683e-14 -0.0689104977608
232.289360806 1.99195080034e-14 -0.0688732255265
232.415024513 1.9775800728e-14 -0.0688359935864
232.540688219 1.99626083448e-14 -0.0687988018749
232.666351925 1.96075444989e-14 -0.068761650327
232.792015631 1.96287171056e-14 -0.0687245388777
232.917679337 2.00501021172e-14 -0.0686874674619
233.043343043 2.04495815159e-14 -0.0686504360152
233.169006749 1.97151085243e-14 -0.0686134444727
233.294670456 1.99028554348e-14 -0.0685764927701
233.420334162 1.99242890988e-14 -0.0685395808429
233.545997868 2.01583545906e-14 -0.0685027086272
233.671661574 2.01800400807e-14 -0.0684658760586
233.79732528 1.99886593435e-14 -0.0684290830736
233.922988986 1.98197850192e-14 -0.0683923296081
234.048652692 1.98410719488e-14 -0.0683556155987
234.174316399 1.95038460678e-14 -0.0683189409818
234.299980105 2.00746479256e-14 -0.0682823056941
234.425643811 1.97138287367e-14 -0.0682457096721
234.551307517 2.01177114693e-14 -0.068209152853
234.676971223 1.97791965283e-14 -0.0681726351739
234.802634929 1.98003716938e-14 -0.0681361565719
234.928298635 1.97984077709e-14 -0.0680997169841
235.053962342 2.02039770617e-14 -0.0680633163481
235.179626048 2.00795687323e-14 -0.0680269546016
235.305289754 2.00777948019e-14 -0.0679906316822
235.43095346 1.99064175572e-14 -0.0679543475277
235.556617166 1.99276607372e-14 -0.0679181020763
235.682280872 1.9925615997e-14 -0.0678818952659
235.807944578 1.97767487461e-14 -0.0678457270348
235.933608285 1.99914582914e-14 -0.0678095973214
236.059271991 1.98422760131e-14 -0.067773506064
236.184935697 2.00106479311e-14 -0.0677374532017
236.310599403 2.00553578673e-14 -0.067701438673
236.436263109 2.00532318331e-14 -0.0676654624166
236.561926815 1.98798702118e-14 -0.0676295243719
236.687590521 1.99009837184e-14 -0.067593624478
236.813254228 2.01407160022e-14 -0.0675577626738
236.938917934 1.97479532325e-14 -0.0675219388992
237.06458164 1.99643915145e-14 -0.0674861530935
237.190245346 1.97898444648e-14 -0.0674504051964
237.315909052 1.98108067353e-14 -0.0674146951478
237.441572758 1.94631882608e-14 -0.0673790228875
237.567236464 1.98764380064e-14 -0.0673433883555
237.692900171 2.00702954285e-14 -0.0673077914922
237.818563877 1.96980238433e-14 -0.0672722322379
237.944227583 1.99157846314e-14 -0.0672367105327
238.069891289 1.99368135193e-14 -0.0672012263176
238.195554995 1.99578535101e-14 -0.0671657795329
238.321218701 1.98051534697e-14 -0.0671303701197
238.446882407 2.00238158524e-14 -0.0670949980187
238.572546114 2.0044914295e-14 -0.0670596631713
238.69820982 1.98439242533e-14 -0.0670243655182
238.823873526 2.00871445286e-14 -0.0669891050012
238.949537232 2.01082763196e-14 -0.0669538815614
239.075200938 1.9707791467e-14 -0.0669186951405
239.200864644 2.01745733593e-14 -0.06688354568
239.32652835 1.99724939566e-14 -0.0668484331221
239.452192057 1.97940074469e-14 -0.0668133574083
239.577855763 1.97907004501e-14 -0.0667783184808
239.703519469 2.02353005048e-14 -0.0667433162818
239.829183175 2.02565101089e-14 -0.0667083507535
239.954846881 1.98529964622e-14 -0.0666734218385
240.080510587 1.98979605115e-14 -0.066638529479
240.206174293 2.00952924553e-14 -0.0666036736179
240.331838 1.9915390424e-14 -0.066568854198
240.457501706 1.97593322275e-14 -0.066534071162
240.583165412 1.97799780653e-14 -0.066499324453
240.708829118 2.00021859897e-14 -0.0664646140141
240.834492824 2.0023063775e-14 -0.0664299397886
240.96015653 2.00439524568e-14 -0.06639530172
241.085820236 1.98382894456e-14 -0.0663606997514
241.211483943 2.00857625102e-14 -0.0663261338266
241.337147649 1.98796489197e-14 -0.0662916038894
241.462811355 2.01520722919e-14 -0.0662571098835
241.588475061 1.99210514878e-14 -0.0662226517529
241.714138767 1.99662760096e-14 -0.0661882294417
241.839802473 1.97835810967e-14 -0.0661538428941
241.965466179 1.98041342266e-14 -0.0661194920542
242.091129886 1.98246980335e-14 -0.0660851768667
242.216793592 1.98206634105e-14 -0.066050897276
242.342457298 1.98412230308e-14 -0.0660166532268
242.468121004 1.96572867878e-14 -0.0659824446636
242.59378471 1.99070600306e-14 -0.0659482715316
242.719448416 1.99276772223e-14 -0.0659141337757
242.845112122 1.97431625011e-14 -0.0658800313408
242.970775829 1.99689436365e-14 -0.0658459641724
243.096439535 1.95536703291e-14 -0.0658119322157
243.222103241 2.02160323992e-14 -0.0657779354161
243.347766947 2.00060838866e-14 -0.0657439737192
243.473430653 2.00267394802e-14 -0.0657100470707
243.599094359 1.98409880576e-14 -0.0656761554163
243.724758065 1.98614520794e-14 -0.0656422987019
243.850421772 1.9881926655e-14 -0.0656084768735
243.976085478 2.01344363712e-14 -0.0655746898773
244.101749184 2.01551710093e-14 -0.0655409376594
244.22741289 1.99684330498e-14 -0.0655072201665
244.353076596 1.99889755935e-14 -0.0654735373442
244.478740302 2.00095287044e-14 -0.0654398891401
244.604404009 1.98219684335e-14 -0.0654062755001
244.730067715 2.00255441939e-14 -0.0653726963712
244.855731421 2.00712514399e-14 -0.0653391517005
244.981395127 2.00918468194e-14 -0.0653056414348
245.107058833 1.99034730474e-14 -0.065272165521
245.232722539 1.95307132083e-14 -0.0652387239068
245.358386245 1.99442880986e-14 -0.065205316539
245.484049952 2.01490565438e-14 -0.0651719433653
245.609713658 1.99598416291e-14 -0.0651386043333
245.735377364 1.97955372042e-14 -0.0651052993905
245.86104107 1.9815777022e-14 -0.0650720284846
245.986704776 2.00211276458e-14 -0.0650387915636
246.112368482 2.00415772062e-14 -0.0650055885754
246.238032188 2.00620372108e-14 -0.064972419468
246.363695895 1.96857129399e-14 -0.0649392841897
246.489359601 1.98916464087e-14 -0.0649061826888
246.615023307 2.01489907954e-14 -0.0648731149134
246.740687013 1.99322085674e-14 -0.0648400808122
246.866350719 1.9766079329e-14 -0.0648070803338
246.992014425 1.99728120633e-14 -0.0647741134269
247.117678131 1.97807089477e-14 -0.0647411800403
247.243341838 1.98008205578e-14 -0.0647082801227
247.369005544 1.98466095222e-14 -0.0646754136234
247.49466925 2.00798362804e-14 -0.0646425804915
247.620332956 1.98869360454e-14 -0.064609780676
247.745996662 1.99071146636e-14 -0.0645770141264
247.871660368 1.99015319757e-14 -0.064544280792
247.997324074 1.97077704462e-14 -0.0645115806223
248.122987781 1.9539409487e-14 -0.0644789135672
248.248651487 1.97735634331e-14 -0.0644462795761
248.374315193 2.0196870194e-14 -0.064413678599
248.499978899 1.97876968919e-14 -0.0643811105859
248.625642605 1.98077037901e-14 -0.0643485754865
248.751306311 2.02841487558e-14 -0.0643160732514
248.876970017 2.00891829266e-14 -0.0642836038304
249.002633724 1.9867785173e-14 -0.0642511671742
249.12829743 2.01037216498e-14 -0.0642187632331
249.253961136 1.99078900018e-14 -0.0641863919574
249.379624842 2.01442822788e-14 -0.0641540532982
249.505288548 1.99741476425e-14 -0.0641217472057
249.630952254 1.99942617673e-14 -0.0640894736312
249.75661596 2.001438602e-14 -0.0640572325254
249.882279667 2.00083290813e-14 -0.0640250238394
250.007943373 2.00546649092e-14 -0.0639928475241
250.133607079 1.98571855079e-14 -0.063960703531
250.259270785 2.00687139055e-14 -0.0639285918115
250.384934491 2.01151592028e-14 -0.0638965123168
250.510598197 1.98907308347e-14 -0.0638644649986
250.636261903 2.01291897621e-14 -0.0638324498083
250.76192561 2.01493686104e-14 -0.0638004666977
250.887589316 1.99770127143e-14 -0.0637685156187
251.013253022 1.99705900456e-14 -0.0637365965231
251.138916728 1.97711938775e-14 -0.063704709363
251.264580434 1.98174560924e-14 -0.0636728540906
