-1.800000000000201084e+01 1.798750422331315307e-05
-1.768637079511795918e+01 4.777278931275712507e-05
-1.738314684757837725e+01 6.409440431594855964e-05
-1.708981328123576660e+01 8.475617492005554476e-05
-1.680588863433072433e+01 1.106365279339242000e-04
-1.653092219204418001e+01 1.425938905964944958e-04
-1.626449157056260830e+01 1.815936016765520270e-04
-1.600620052541652782e+01 2.284220913180596570e-04
-1.575567696017295916e+01 2.845086847152561134e-04
-1.551257111443442049e+01 3.510126393405915289e-04
-1.527655391258613626e+01 4.286572162805313930e-04
-1.504731545689701200e+01 5.194580384442978611e-04
-1.482456365046278535e+01 6.238330751577722197e-04
-1.460802293712368716e+01 7.435672735012486580e-04
-1.439743314692604947e+01 8.794958105928634426e-04
-1.419254843695589230e+01 1.033347439275031929e-03
-1.399313631847824624e+01 1.205833676515979860e-03
-1.379897676228727654e+01 1.398380541159805184e-03
-1.360986137502872673e+01 1.612191373373608521e-03
-1.342559264001182306e+01 1.847791717939497886e-03
-1.324598321669588152e+01 2.107228827259491431e-03
-1.307085529362816168e+01 2.390610804575869081e-03
-1.290003999013476133e+01 2.698917567691219883e-03
-1.273337680253193582e+01 3.033210647912125153e-03
-1.257071309104041035e+01 3.393490334610427782e-03
-1.241190360395464154e+01 3.781377186506069098e-03
-1.225681003594876195e+01 4.195093333880030827e-03
-1.210530061769597765e+01 4.637541202606851667e-03
-1.195724973424155202e+01 5.107495310853800256e-03
-1.181253756980619762e+01 5.607817899462715430e-03
-1.167104977690866718e+01 6.136966659274091691e-03
-1.153267716788677255e+01 6.692085045262311654e-03
-1.139731542706779699e+01 7.278432772160077675e-03
-1.126486484199332239e+01 7.891435015849554771e-03
-1.113523005224293527e+01 8.533253299298552280e-03
-1.100831981452695096e+01 9.200520298546340653e-03
-1.088404678283180083e+01 9.895878414948766633e-03
-1.076232730250476877e+01 1.061747560790520482e-02
-1.064308121725769141e+01 1.136918485368630660e-02
-1.052623168815380517e+01 1.214475789492698923e-02
-1.041170502371859463e+01 1.294582897576653825e-02
-1.029943052038521678e+01 1.376739951604276889e-02
-1.018934031254830330e+01 1.461628724342717810e-02
-1.008136923155793951e+01 1.548574756220430157e-02
-9.975454673037956965e+00 1.637811556451658143e-02
-9.871536471960840942e+00 1.729039601683554292e-02
-9.769556784955334194e+00 1.822271475797474991e-02
-9.669459979362780899e+00 1.917468137813703108e-02
-9.571192528595137361e+00 2.014763178247257897e-02
-9.474702913380864899e+00 2.113119568969761691e-02
-9.379941528515811200e+00 2.213300013898261004e-02
-9.286860594764403842e+00 2.314897010581417128e-02
-9.195414075582201363e+00 2.418199642398982663e-02
-9.105557598354884874e+00 2.522355675825975127e-02
-9.017248379870389741e+00 2.628028920112426489e-02
-8.930445155761116638e+00 2.734177495114378104e-02
-8.845108113671695804e+00 2.841816199356950873e-02
-8.761198829924738973e+00 2.950029001194945377e-02
-8.678680209472876328e+00 3.059258240862356912e-02
-8.597516428939853128e+00 3.168646828971537210e-02
-8.517672882566811765e+00 3.278644770971220895e-02
-8.439116130892410084e+00 3.389383003391119309e-02
-8.361813852006719117e+00 3.499991946430568157e-02
-8.285734795229661387e+00 3.611264978647708151e-02
-8.210848737074378789e+00 3.722492396968761497e-02
-8.137126439365120589e+00 3.833402170845157109e-02
-8.064539609387715302e+00 3.944463244526597717e-02
-7.993060861958362295e+00 4.056059635634730320e-02
-7.922663683303976967e+00 4.166922254849636520e-02
-7.853322396653874549e+00 4.277085657323902168e-02
-7.785012129448951157e+00 4.386936191392741546e-02
-7.717708782080378249e+00 4.496135789425190210e-02
-7.651388998075133507e+00 4.605147823498361576e-02
-7.586030135650944750e+00 4.713383947356803577e-02
-7.521610240567749628e+00 4.821057150902222088e-02
-7.458108020207273370e+00 4.928232123730192510e-02
-7.395502818816379609e+00 5.034246024674100123e-02
-7.333774593853726209e+00 5.138675132913319427e-02
-7.272903893382695273e+00 5.242464415314732062e-02
-7.212871834457117437e+00 5.345741659403215745e-02
-7.153660082449187385e+00 5.447205200832655470e-02
-7.095250831272068126e+00 5.548170296913640387e-02
-7.037626784452278628e+00 5.648080866069339623e-02
-6.980771137009643468e+00 5.746225068982455109e-02
-6.924667558104775189e+00 5.842922334596500900e-02
-6.869300174416541616e+00 5.938501556486662503e-02
-6.814653554213885300e+00 6.032206650422865246e-02
-6.760712692088343800e+00 6.125139966143398895e-02
-6.707462994315648963e+00 6.216904663795472241e-02
-6.654890264816202716e+00 6.306406704682079867e-02
-6.602980691686176407e+00 6.394190911864984506e-02
-6.551720834272277472e+00 6.480388865427448575e-02
-6.501097610764786872e+00 6.565492979282987196e-02
-6.451098286284775440e+00 6.648828709829177064e-02
-6.401710461442654321e+00 6.730374503483164961e-02
-6.352922061346510496e+00 6.810735971538234290e-02
-6.304721325039668756e+00 6.889073195325332022e-02
-6.257096795348075169e+00 6.965288991412540986e-02
-6.210037309119101678e+00 7.039878669548299550e-02
-6.163531987834188541e+00 7.112652003556538260e-02
-6.117570228578837366e+00 7.184128708270527686e-02
-6.072141695354100754e+00 7.253868173715292966e-02
-6.027236310714632950e+00 7.321643509859540599e-02
-5.982844247719062203e+00 7.387404570723642150e-02
-5.938955922179146363e+00 7.451683578461194835e-02
-5.895561985194874843e+00 7.513835018014572431e-02
-5.852653315963272540e+00 7.574137113872013438e-02
-5.810221014849253685e+00 7.632639185913761559e-02
-5.768256396707496236e+00 7.689274052480638000e-02
-5.726750984444712422e+00 7.744323059116701991e-02
-5.685696502812374042e+00 7.797679608544394458e-02
-5.645084872420248701e+00 7.849119939301035798e-02
-5.604908203961667112e+00 7.898690101900514293e-02
-5.565158792641851981e+00 7.945996422354786870e-02
-5.525829112800970222e+00 7.991454029122048441e-02
-5.486911812724083681e+00 8.035662324733380824e-02
-5.448399709630409760e+00 8.078249490202757399e-02
-5.410285784834729661e+00 8.118570490114125626e-02
-5.372563179074079542e+00 8.156839182030364843e-02
-5.335225187993163587e+00 8.193641300442011666e-02
-5.298265257782246884e+00 8.228818209617255741e-02
-5.261676980961550676e+00 8.262243914670092115e-02
-5.225454092306433651e+00 8.293892278375292193e-02
-5.189590464907923639e+00 8.323543109711911692e-02
-5.154080106363324809e+00 8.351695414892137959e-02
-5.118917155092023386e+00 8.378213845353557621e-02
-5.084095876771596245e+00 8.402802034329853731e-02
-5.049610660889740643e+00 8.425682369124430637e-02
-5.015456017407655231e+00 8.446805785954572543e-02
-4.981626573530626878e+00 8.466290772761703165e-02
-4.948117070581910859e+00 8.484263441381022230e-02
-4.914922360976011539e+00 8.500607365996813714e-02
-4.882037405287712239e+00 8.515338628383892217e-02
-4.849457269413337102e+00 8.528567716016013933e-02
-4.817177121820895636e+00 8.540405045541228646e-02
-4.785192230885824571e+00 8.550722731220289363e-02
-4.753497962309302771e+00 8.559159898713049330e-02
-4.722089776616123835e+00 8.566007285068406862e-02
-4.690963226729293112e+00 8.571212426446553345e-02
-4.660113955618596648e+00 8.574936593425616649e-02
-4.629537694020590344e+00 8.577551729717108886e-02
-4.599230258227382961e+00 8.578738330239113474e-02
-4.569187547941903738e+00 8.578324435906514722e-02
-4.539405544197283149e+00 8.576621176332295537e-02
-4.509880307338105077e+00 8.573514054398592710e-02
-4.480607975061465353e+00 8.569035238799281584e-02
-4.451584760515686412e+00 8.563460261724914480e-02
-4.422806950454783781e+00 8.556422200766487796e-02
-4.394270903446768628e+00 8.547796392832014700e-02
-4.365973048133954926e+00 8.537961672120862600e-02
-4.337909881543509094e+00 8.526970936773035914e-02
-4.310077967446587444e+00 8.514649945786345597e-02
-4.282473934764412071e+00 8.501098784897181959e-02
-4.255094476019731786e+00 8.486547468106542258e-02
-4.227936345832168819e+00 8.471095203712170063e-02
-4.200996359456015128e+00 8.454335284718803023e-02
-4.174271391359062555e+00 8.436007359810133999e-02
-4.147758373841154089e+00 8.416447406120797226e-02
-4.121454295691163061e+00 8.395958256714991519e-02
-4.095356200881122177e+00 8.374599335676463641e-02
-4.069461187296388616e+00 8.352274440096152386e-02
-4.043766405500584860e+00 8.328951954749275188e-02
-4.018269057534298305e+00 8.304525368255542828e-02
-3.992966395746416985e+00 8.279008648777290424e-02
-3.967855721657088441e+00 8.252520111159353244e-02
-3.942934384851309204e+00 8.225115202594773800e-02
-3.918199781902168777e+00 8.196775140350770483e-02
-3.893649355322847061e+00 8.167394534604660583e-02
-3.869280592546462394e+00 8.137057260577727769e-02
-3.845091024932894896e+00 8.106000449965819477e-02
-3.821078226801797317e+00 8.074188260911546733e-02
-3.797239814490932730e+00 8.041384410356525181e-02
-3.773573445439120100e+00 8.007693820485417557e-02
-3.750076817293014120e+00 7.973243911978145082e-02
-3.726747667036997225e+00 7.937903496137896364e-02
-3.703583770145510101e+00 7.901624663068687604e-02
-3.680582939757102157e+00 7.864538383975011593e-02
-3.657743025869630404e+00 7.826745055831058062e-02
-3.635061914555887341e+00 7.788325991904802847e-02
-3.612537527199123133e+00 7.749406043296173940e-02
-3.590167819747855482e+00 7.709945637946138963e-02
-3.567950781989368547e+00 7.669796125637409756e-02
-3.545884436841426179e+00 7.628922249615448237e-02
-3.523966839661581307e+00 7.587431822429929751e-02
-3.502196077573649369e+00 7.545292850844972921e-02
-3.480570268810808887e+00 7.502404023251338372e-02
-3.459087562074850908e+00 7.458926043045524534e-02
-3.437746135911134981e+00 7.415125156148155705e-02
-3.416544198098792506e+00 7.371013674086306089e-02
-3.395479985055740890e+00 7.326462725592530756e-02
-3.374551761258098193e+00 7.281430627682375367e-02
-3.353757818673582580e+00 7.235941705153078884e-02
-3.333096476208523118e+00 7.189939203448859895e-02
-3.312566079168071553e+00 7.143282014406168723e-02
-3.292164998729279812e+00 7.095994915997186347e-02
-3.271891631426664837e+00 7.048190638129973873e-02
-3.251744398649922374e+00 6.999934869566007412e-02
-3.231721746153456643e+00 6.951272988325152280e-02
-3.211822143577407918e+00 6.902283348054338852e-02
-3.192044083979844071e+00 6.852977768370897838e-02
-3.172386083379843402e+00 6.803267608297397517e-02
-3.152846680311138350e+00 6.753113704342129930e-02
-3.133424435386072737e+00 6.702658874388577048e-02
-3.114117930869558570e+00 6.652066562862840593e-02
-3.094925770262795250e+00 6.601366394576073382e-02
-3.075846577896469647e+00 6.550506578310498484e-02
-3.056878998533198555e+00 6.499432907635782630e-02
-3.038021696978961295e+00 6.448084026008576997e-02
-3.019273357703287086e+00 6.396416238253269104e-02
-3.000632684467968048e+00 6.344461790269165236e-02
-2.982098399964077995e+00 6.292248216041387843e-02
-2.963669245457069223e+00 6.239805266986920423e-02
-2.945343980439752762e+00 6.187149545107264309e-02
-2.927121382292947160e+00 6.134376913538855391e-02
-2.909000245953597297e+00 6.081516499593844077e-02
-2.890979383590179363e+00 6.028533012461798762e-02
-2.873057624285205058e+00 5.975367324043008577e-02
-2.855233813724623815e+00 5.922027128343464175e-02
-2.837506813893987179e+00 5.868503813143056969e-02
-2.819875502781155951e+00 5.814792895001749673e-02
-2.802338774085429751e+00 5.760973451570373938e-02
-2.784895536932901372e+00 5.707183099782512509e-02
-2.767544715597910265e+00 5.653500632014592242e-02
-2.750285249230413953e+00 5.599870278706461924e-02
-2.733116091589155250e+00 5.546200057933239197e-02
-2.716036210780464089e+00 5.492412312360452770e-02
-2.699044589002566052e+00 5.438515247101760597e-02
-2.682140222295249732e+00 5.384583643173130457e-02
-2.665322120294779662e+00 5.330630706901468008e-02
-2.648589305993904297e+00 5.276647609648087156e-02
-2.631940815506855547e+00 5.222621064795163887e-02
-2.615375697839200431e+00 5.168599740469954906e-02
-2.598893014662444045e+00 5.114654470064249059e-02
-2.582491840093254609e+00 5.060820515050193369e-02
-2.566171260477212002e+00 5.007093311496951804e-02
-2.549930374176959447e+00 4.953441949076976825e-02
-2.533768291364664638e+00 4.899854588010969791e-02
-2.517684133818677505e+00 4.846367223441756800e-02
-2.501677034724291371e+00 4.793006084600062722e-02
-2.485746138478510670e+00 4.739726015861386865e-02
-2.469890600498723998e+00 4.686462261764819115e-02
-2.454109587035200768e+00 4.633235193519844031e-02
-2.438402274987315543e+00 4.580110986602537598e-02
-2.422767851723407695e+00 4.527170514073932533e-02
-2.407205514904207533e+00 4.474418014992828652e-02
-2.391714472309731221e+00 4.421809056594272480e-02
-2.376293941669569421e+00 4.369302505388024394e-02
-2.360943150496495058e+00 4.316884165864040557e-02
-2.345661335923311608e+00 4.264609620140523416e-02
-2.330447744542858413e+00 4.212560879023496269e-02
-2.315301632251118846e+00 4.160772849034306831e-02
-2.300222264093345625e+00 4.109224862871593831e-02
-2.285208914113144640e+00 4.057887268335801101e-02
-2.270260865204440481e+00 4.006767489043505659e-02
-2.255377408966269037e+00 3.955875552059563705e-02
-2.240557845560325223e+00 3.905197047670806720e-02
-2.225801483571210770e+00 3.854703882575716972e-02
-2.211107639869315467e+00 3.804356079673403002e-02
-2.196475639476279440e+00 3.754143102241827568e-02
-2.181904815432973432e+00 3.704060665079809272e-02
-2.167394508669943320e+00 3.654140133064591456e-02
-2.152944067880271817e+00 3.604448718696120352e-02
-2.138552849394784516e+00 3.555062129613350413e-02
-2.124220217059574090e+00 3.506049705350385709e-02
-2.109945542115772454e+00 3.457415239034056231e-02
-2.095728203081529628e+00 3.409099183195728189e-02
-2.081567585636154849e+00 3.361035114162491677e-02
-2.067463082506362237e+00 3.313205670088228971e-02
-2.053414093354584136e+00 3.265626601441679738e-02
-2.039420024669305942e+00 3.218339485841655023e-02
-2.025480289657382471e+00 3.171368334618762663e-02
-2.011594308138276332e+00 3.124703556213032779e-02
-1.997761506440205226e+00 3.078315528952721425e-02
-1.983981317298131319e+00 3.032173436091155361e-02
-1.970253179753569617e+00 2.986278063899126811e-02
-1.956576539056167352e+00 2.940658929093693807e-02
-1.942950846567025547e+00 2.895357879325177047e-02
-1.929375559663717654e+00 2.850410824714830899e-02
-1.915850141646975535e+00 2.805838603889911076e-02
-1.902374061649005244e+00 2.761658278236009401e-02
-1.888946794543396868e+00 2.717873623370739566e-02
-1.875567820856598900e+00 2.674457409867953689e-02
-1.862236626680921825e+00 2.631369143106928113e-02
-1.848952703589041180e+00 2.588569319586857265e-02
-1.835715548549967879e+00 2.546050042696927293e-02
-1.822524663846452730e+00 2.503837738082566322e-02
-1.809379556993800708e+00 2.461969059767247364e-02
-1.796279740660062796e+00 2.420462962618288166e-02
-1.783224732587581407e+00 2.379325279906730276e-02
-1.770214055515849871e+00 2.338555367389477668e-02
-1.757247237105675541e+00 2.298151063291627161e-02
-1.744323809864610553e+00 2.258129068386580118e-02
-1.731443311073621372e+00 2.218500355185153150e-02
-1.718605282714980698e+00 2.179257354165577143e-02
-1.705809271401351745e+00 2.140375661329948359e-02
-1.693054828306041149e+00 2.101831105795433710e-02
-1.680341509094399610e+00 2.063610755978417463e-02
-1.667668873856344547e+00 2.025718511231359292e-02
-1.655036487039980519e+00 1.988166609991291744e-02
-1.642443917386301022e+00 1.950972955593805597e-02
-1.629890737864948980e+00 1.914157672118778353e-02
-1.617376525611005755e+00 1.877739300039460088e-02
-1.604900861862805783e+00 1.841734078538156613e-02
-1.592463331900736856e+00 1.806149364544636093e-02
-1.580063524987020074e+00 1.770977129255198179e-02
-1.567701034306447028e+00 1.736195194866594488e-02
-1.555375456908052678e+00 1.701782126352975599e-02
-1.543086393647707277e+00 1.667728836330719527e-02
-1.530833449131608237e+00 1.634045172141150581e-02
-1.518616231660659732e+00 1.600751943985182987e-02
-1.506434353175712282e+00 1.567865699619878234e-02
-1.494287429203655870e+00 1.535388234852065950e-02
-1.482175078804342627e+00 1.503310394393154482e-02
-1.470096924518329295e+00 1.471620503279683773e-02
-1.458052592315416618e+00 1.440310319119613748e-02
-1.446041711543979202e+00 1.409375880127290703e-02
-1.434063914881057000e+00 1.378815498606955452e-02
-1.422118838283209508e+00 1.348626496591877680e-02
-1.410206120938107599e+00 1.318807888625140798e-02
-1.398325405216850115e+00 1.289362442625249794e-02
-1.386476336626996986e+00 1.260300203902855500e-02
-1.374658563766294916e+00 1.231637197991249447e-02
-1.362871738277095179e+00 1.203391026028980890e-02
-1.351115514801437101e+00 1.175572554270371169e-02
-1.339389550936797013e+00 1.148180584382576044e-02
-1.327693507192477362e+00 1.121199425398478229e-02
-1.316027046946637080e+00 1.094606214263312179e-02
-1.304389836403941239e+00 1.068381704459799367e-02
-1.292781544553817996e+00 1.042515078083716858e-02
-1.281201843129320173e+00 1.017007456940241875e-02
-1.269650406566570577e+00 9.918676138752340748e-03
-1.258126911964788874e+00 9.671045743134751294e-03
-1.246631039046874889e+00 9.427278726063314379e-03
-1.235162470120555911e+00 9.187423230505479405e-03
-1.223720890040073339e+00 8.951473645995775691e-03
-1.212305986168408234e+00 8.719387103977977588e-03
-1.200917448340022453e+00 8.491066307687960418e-03
-1.189554968824123149e+00 8.266429197098919268e-03
-1.178218242288426865e+00 8.045429079505943271e-03
-1.166906965763418569e+00 7.828057457146616813e-03
-1.155620838607101852e+00 7.614351119184675255e-03
-1.144359562470215863e+00 7.404365091476174283e-03
-1.133122841261928526e+00 7.198139746980792425e-03
-1.121910381115985400e+00 6.995660033830798305e-03
-1.110721890357309283e+00 6.796859170439106118e-03
-1.099557079469039467e+00 6.601650548222117582e-03
-1.088415661060010642e+00 6.409975796738813861e-03
-1.077297349832647466e+00 6.221828814928692664e-03
-1.066201862551285018e+00 6.037249284356817347e-03
-1.055128918010896033e+00 5.856281598554330739e-03
-1.044078237006218046e+00 5.678923977168889858e-03
-1.033049542301277102e+00 5.505122556591515379e-03
-1.022042558599299822e+00 5.334813047833904254e-03
-1.011057012512998066e+00 5.167977944840380228e-03
-1.000092632535235726e+00 5.004644891408301273e-03
-9.891491490100537964e-01 4.844841534089219803e-03
-9.782262941040561488e-01 4.688534556680573444e-03
-9.673238017781481402e-01 4.535611872275123815e-03
-9.564414077596213870e-01 4.385913513062122265e-03
-9.455788495145712735e-01 4.239287321188603928e-03
-9.347358662206534108e-01 4.095643037999849301e-03
-9.239121987401626157e-01 3.954974294359260914e-03
-9.131075895934324116e-01 3.817339541732107412e-03
-9.023217829325496098e-01 3.682845026651458079e-03
-8.915545245153719822e-01 3.551615983655328351e-03
-8.808055616798529108e-01 3.423750935268467851e-03
-8.700746433186589135e-01 3.299278595721066333e-03
-8.593615198540814903e-01 3.178136367449053198e-03
-8.486659432132259706e-01 3.060178904215313071e-03
-8.379876668034880183e-01 2.945222740327160631e-03
-8.273264454882990337e-01 2.833103820701341532e-03
-8.166820355631438932e-01 2.723717759485648482e-03
-8.060541947318363709e-01 2.617032900026972260e-03
-7.954426820830584610e-01 2.513076641599888174e-03
-7.848472580671504994e-01 2.411903591925485587e-03
-7.742676844731486430e-01 2.313562741973034138e-03
-7.637037244060699281e-01 2.218065598962053967e-03
-7.531551422644284788e-01 2.125377579987978126e-03
-7.426217037179922986e-01 2.035424515519345182e-03
-7.321031756857663275e-01 1.948106686569645333e-03
-7.215993263142009839e-01 1.863324981391767735e-03
-7.111099249556180890e-01 1.781005064855391458e-03
-7.006347421468592795e-01 1.701111190151686657e-03
-6.901735495881351490e-01 1.623643593908467462e-03
-6.797261201220911042e-01 1.548624820951085938e-03
-6.692922277130706199e-01 1.476070464193378947e-03
-6.588716474265783329e-01 1.405969954698280252e-03
-6.484641554089376481e-01 1.338281234028694186e-03
-6.380695288671385246e-01 1.272938626366146818e-03
-6.276875460488731129e-01 1.209870463153339074e-03
-6.173179862227488046e-01 1.149011407480358829e-03
-6.069606296586862459e-01 1.090307569368297513e-03
-5.966152576084875481e-01 1.033716902042439070e-03
-5.862816522865772484e-01 9.792065181361835242e-04
-5.759595968509094721e-01 9.267493985616619048e-04
-5.656488753840412942e-01 8.763204711373477618e-04
-5.553492728743597562e-01 8.278900749489931550e-04
-5.450605751974718638e-01 7.814177970596088152e-04
-5.347825690977430213e-01 7.368508884886143268e-04
-5.245150421699888987e-01 6.941286355859929268e-04
-5.142577828413065211e-01 6.531919103828382487e-04
-5.040105803530536832e-01 6.139893004182040998e-04
-4.937732247429644228e-01 5.764786966436234901e-04
-4.835455068274036594e-01 5.406244156997878176e-04
-4.733272181837471781e-01 5.063929153984973860e-04
-4.631181511328986700e-01 4.737490002693812855e-04
-4.529180987219272314e-01 4.426529252872467551e-04
-4.427268547068332061e-01 4.130591113832907373e-04
-4.325442135354257145e-01 3.849170315228111908e-04
-4.223699703303245845e-01 3.581749487039658127e-04
-4.122039208720716941e-01 3.327849714927053775e-04
-4.020458615823537807e-01 3.087053010908369886e-04
-3.918955895073323314e-01 2.858996079505734503e-04
-3.817529023010813316e-01 2.643342865796645879e-04
-3.716175982091194929e-01 2.439763962487421210e-04
-3.614894760520483419e-01 2.247924100112353568e-04
-3.513683352092828449e-01 2.067474076845196790e-04
-3.412539756028758475e-01 1.898040441489230300e-04
-3.311461976814312758e-01 1.739215595915148942e-04
-3.210448024041094306e-01 1.590562651675291863e-04
-3.109495912247085547e-01 1.451643069593066410e-04
-3.008603660758366605e-01 1.322050935304220265e-04
-2.907769293531580201e-01 1.201428107622008951e-04
-2.806990838997174276e-01 1.089441669946729650e-04
-2.706266329903371237e-01 9.857382106891871259e-05
-2.605593803160889399e-01 8.899077458563573102e-05
-2.504971299688272257e-01 8.014841242863111545e-05
-2.404396864257955790e-01 7.199806408900502868e-05
-2.303868545342923901e-01 6.449356924300854552e-05
-2.203384394963986970e-01 5.759411587679824651e-05
-2.102942468537628840e-01 5.126441208389463861e-05
-2.002540824724450275e-01 4.547316730659800869e-05
-1.902177525278067050e-01 4.019134236454474977e-05
-1.801850634894590075e-01 3.539104617180280463e-05
-1.701558221062540455e-01 3.104501373730806274e-05
-1.601298353913264694e-01 2.712630275280584474e-05
-1.501069106071708514e-01 2.360800058563356695e-05
-1.400868552507662790e-01 2.046290309156518494e-05
-1.300694770387391397e-01 1.766323629481235402e-05
-1.200545838925550501e-01 1.518054425866913231e-05
-1.100419839237516545e-01 1.298591764742970130e-05
-1.000314854191983877e-01 1.105069483689794835e-05
-9.002289682638489610e-02 9.347548999358420559e-06
-8.001602673873924043e-02 7.851656211566357792e-06
-7.001068388096250150e-02 6.541652549040698356e-06
-6.000667709439190534e-02 5.400244697062553614e-06
-5.000381532237931775e-02 4.414541477173869864e-06
-4.000190759568706539e-02 3.576198605746424574e-06
-3.000076301789707939e-02 2.881272291930895367e-06
-2.000019075083557876e-02 2.329501201910180852e-06
-9.999999999999974187e-03 1.922781666277293836e-06
0.000000000000000000e+00 1.663017567330926336e-06
9.999999999999974187e-03 1.550026996218553002e-06
2.000019075083557876e-02 1.580394484702714672e-06
3.000076301789707939e-02 1.747858339035531330e-06
4.000190759568635068e-02 2.045120176630650375e-06
5.000381532237860305e-02 2.466355746783636334e-06
6.000667709439118369e-02 3.009502932937146020e-06
7.001068388096322315e-02 3.677678604410582127e-06
8.001602673873996208e-02 4.479581087151952589e-06
9.002289682638561774e-02 5.429093500912314586e-06
1.000314854191983877e-01 6.544393679002897717e-06
1.100419839237516545e-01 7.846787059319543762e-06
1.200545838925550501e-01 9.359410914663487800e-06
1.300694770387391397e-01 1.110607386370248425e-05
1.400868552507662790e-01 1.311060596865319702e-05
1.501069106071708514e-01 1.539707524931961500e-05
1.601298353913264694e-01 1.799094575977188467e-05
1.701558221062540455e-01 2.092077054174253307e-05
1.801850634894582859e-01 2.421966884052001640e-05
1.902177525278067050e-01 2.792571569202512543e-05
2.002540824724450275e-01 3.208068881625836987e-05
2.102942468537628840e-01 3.672731281198658910e-05
2.203384394963986970e-01 4.190600081168105982e-05
2.303868545342923901e-01 4.765273331819628406e-05
2.404396864257955790e-01 5.399948370503939712e-05
2.504971299688272257e-01 6.097738795586776453e-05
2.605593803160889399e-01 6.862111966580168771e-05
2.706266329903371237e-01 7.697190318629359626e-05
2.806990838997167059e-01 8.607727104640859367e-05
2.907769293531572985e-01 9.598778884296153423e-05
3.008603660758359388e-01 1.067529960621926843e-04
3.109495912247092764e-01 1.184191078841629669e-04
3.210448024041101522e-01 1.310296005528185296e-04
3.311461976814320529e-01 1.446278474954667452e-04
3.412539756028758475e-01 1.592597931965941010e-04
3.513683352092828449e-01 1.749751575352316698e-04
3.614894760520483419e-01 1.918263549970924888e-04
3.716175982091194929e-01 2.098659315293383096e-04
3.817529023010813316e-01 2.291438922711016343e-04
3.918955895073323314e-01 2.497068874965396217e-04
4.020458615823530590e-01 2.716002221295665733e-04
4.122039208720709169e-01 2.948714922970937591e-04
4.223699703303238628e-01 3.195730866373453806e-04
4.325442135354264361e-01 3.457621349415943035e-04
4.427268547068339277e-01 3.734969538341503521e-04
4.529180987219279531e-01 4.028319664186359597e-04
4.631181511328986700e-01 4.338121113784301330e-04
4.733272181837471781e-01 4.664699759460188330e-04
4.835455068274036594e-01 5.008270459366720223e-04
4.937732247429644228e-01 5.368998575171390810e-04
5.040105803530536832e-01 5.747108979358776489e-04
5.142577828413065211e-01 6.143002104250056775e-04
5.245150421699888987e-01 6.557313499775492202e-04
5.347825690977430213e-01 6.990862650944155163e-04
5.450605751974710866e-01 7.444494881183415366e-04
5.553492728743597562e-01 7.918900920973915170e-04
5.656488753840412942e-01 8.414502419490363155e-04
5.759595968509094721e-01 8.931500109762341346e-04
5.862816522865772484e-01 9.470041165794680724e-04
5.966152576084875481e-01 1.003041094656110296e-03
6.069606296586862459e-01 1.061313522418871110e-03
6.173179862227488046e-01 1.121893245759800206e-03
6.276875460488731129e-01 1.184856856681316354e-03
6.380695288671385246e-01 1.250270879503824744e-03
6.484641554089369819e-01 1.318184368139014521e-03
6.588716474265774448e-01 1.388631329506319345e-03
6.692922277130698427e-01 1.461634774919021162e-03
6.797261201220904381e-01 1.537204275200997972e-03
6.901735495881360372e-01 1.615335506708991467e-03
7.006347421468600567e-01 1.696014933099533216e-03
7.111099249556188662e-01 1.779233884147040593e-03
7.215993263142009839e-01 1.865010783911922850e-03
7.321031756857663275e-01 1.953395728936610856e-03
7.426217037179922986e-01 2.044462762501305948e-03
7.531551422644284788e-01 2.138289840060089014e-03
7.637037244060699281e-01 2.234940158746922222e-03
7.742676844731486430e-01 2.334455197397283452e-03
7.848472580671498333e-01 2.436864369362860567e-03
7.954426820830577949e-01 2.542190557884441062e-03
8.060541947318363709e-01 2.650448183010683557e-03
8.166820355631446704e-01 2.761646203462397951e-03
8.273264454882999219e-01 2.875788046505703584e-03
8.379876668034880183e-01 2.992881997589715015e-03
8.486659432132259706e-01 3.112952144056929573e-03
8.593615198540814903e-01 3.236041580654502176e-03
8.700746433186589135e-01 3.362205454892826587e-03
8.808055616798529108e-01 3.491496458279352583e-03
8.915545245153719822e-01 3.623957043274666969e-03
9.023217829325496098e-01 3.759621167001199211e-03
9.131075895934324116e-01 3.898512553861979528e-03
9.239121987401619496e-01 4.040645406128570705e-03
9.347358662206525226e-01 4.186033406732185720e-03
9.455788495145712735e-01 4.334698314998441937e-03
9.564414077596213870e-01 4.486677492903753083e-03
9.673238017781488063e-01 4.642036053466106968e-03
9.782262941040561488e-01 4.800845409475523566e-03
9.891491490100537964e-01 4.963147931405354971e-03
1.000092632535235726e+00 5.128936648965104483e-03
1.011057012512998066e+00 5.298154418933473213e-03
1.022042558599299822e+00 5.470715273984506216e-03
1.033049542301277102e+00 5.646544616087536758e-03
1.044078237006217380e+00 5.825607759029912715e-03
1.055128918010895367e+00 6.007925474444959779e-03
1.066201862551284352e+00 6.193555493737382470e-03
1.077297349832648132e+00 6.382576046894285378e-03
1.088415661060011308e+00 6.575067633190613201e-03
1.099557079469040355e+00 6.771097536997275866e-03
1.110721890357309283e+00 6.970702438432958836e-03
1.121910381115985400e+00 7.173892732525503219e-03
1.133122841261928526e+00 7.380682453533849753e-03
1.144359562470215863e+00 7.591103627598521850e-03
1.155620838607101852e+00 7.805194816418939939e-03
1.166906965763418569e+00 8.022968655355046386e-03
1.178218242288425976e+00 8.244412353435402047e-03
1.189554968824123149e+00 8.469507326168966219e-03
1.200917448340022453e+00 8.698270580319611076e-03
1.212305986168408900e+00 8.930753070126858789e-03
1.223720890040074227e+00 9.167012267995669483e-03
1.235162470120555911e+00 9.407058862359162638e-03
1.246631039046874889e+00 9.650787809673225248e-03
1.258126911964788874e+00 9.898051085939425439e-03
1.269650406566570577e+00 1.014872128912925817e-02
1.281201843129320173e+00 1.040275455129083607e-02
1.292781544553817996e+00 1.066023582161758007e-02
1.304389836403941239e+00 1.092129571972776970e-02
1.316027046946637080e+00 1.118606623346541686e-02
1.327693507192476696e+00 1.145463262119140492e-02
1.339389550936796125e+00 1.172699825756992435e-02
1.351115514801436435e+00 1.200314596285783492e-02
1.362871738277095179e+00 1.228308851456460377e-02
1.374658563766295805e+00 1.256689335818244810e-02
1.386476336626997652e+00 1.285466237079212724e-02
1.398325405216850559e+00 1.314642575376620028e-02
1.410206120938107599e+00 1.344208379268059875e-02
1.422118838283209508e+00 1.374144375470357296e-02
1.434063914881057000e+00 1.404434830550108787e-02
1.446041711543979202e+00 1.435075698332743260e-02
1.458052592315416618e+00 1.466074593041921323e-02
1.470096924518328407e+00 1.497441056739319890e-02
1.482175078804341739e+00 1.529180729038033537e-02
1.494287429203654982e+00 1.561292052948011662e-02
1.506434353175713392e+00 1.593768056526602070e-02
1.518616231660660620e+00 1.626602921571541210e-02
1.530833449131608681e+00 1.659800229718386144e-02
1.543086393647707277e+00 1.693375008670129633e-02
1.555375456908052678e+00 1.727347832492186902e-02
1.567701034306447028e+00 1.761729758811603902e-02
1.580063524987019630e+00 1.796510983298880287e-02
1.592463331900736190e+00 1.831662962681109702e-02
1.604900861862805117e+00 1.867156099965630242e-02
1.617376525611005755e+00 1.902971286920063579e-02
1.629890737864948091e+00 1.939106196716646260e-02
1.642443917386300800e+00 1.975572107438049868e-02
1.655036487039980742e+00 2.012384922103323953e-02
1.667668873856345213e+00 2.049553827638643175e-02
1.680341509094400276e+00 2.087079393663048357e-02
1.693054828306040926e+00 2.124955528755465006e-02
1.705809271401351079e+00 2.163172256130514032e-02
1.718605282714980920e+00 2.201727174238467602e-02
1.731443311073621594e+00 2.240629090070241428e-02
1.744323809864610997e+00 2.279899418802316946e-02
1.757247237105675541e+00 2.319559347974453276e-02
1.770214055515848983e+00 2.359617070574880279e-02
1.783224732587580741e+00 2.400061523786048770e-02
1.796279740660062352e+00 2.440876078676040145e-02
1.809379556993800708e+00 2.482025994456972529e-02
1.822524663846453397e+00 2.523477020928597062e-02
1.835715548549968767e+00 2.565210082528074365e-02
1.848952703589041624e+00 2.607216965110707024e-02
1.862236626680921825e+00 2.649506110461922331e-02
1.875567820856598900e+00 2.692102910110033553e-02
1.888946794543396868e+00 2.735042732775477478e-02
1.902374061649005244e+00 2.778353121233806400e-02
1.915850141646975535e+00 2.822049363878302575e-02
1.929375559663716988e+00 2.866112466793132099e-02
1.942950846567024437e+00 2.910499813100027311e-02
1.956576539056166242e+00 2.955163894197122137e-02
1.970253179753570727e+00 3.000065111655612904e-02
1.983981317298132430e+00 3.045191650953940274e-02
1.997761506440205892e+00 3.090557138819931965e-02
2.011594308138276332e+00 3.136189940002892529e-02
2.025480289657382471e+00 3.182133600148273622e-02
2.039420024669305942e+00 3.228425059368837668e-02
2.053414093354583247e+00 3.275074030856683915e-02
2.067463082506361793e+00 3.322043580166081367e-02
2.081567585636154405e+00 3.369273987543605631e-02
2.095728203081529628e+00 3.416732096543675934e-02
2.109945542115771566e+00 3.464408122728775130e-02
2.124220217059573645e+00 3.512328922993849384e-02
2.138552849394784072e+00 3.560526310225073376e-02
2.152944067880272261e+00 3.609006555235436120e-02
2.167394508669943765e+00 3.657744840498774325e-02
2.181904815432972988e+00 3.706719839112659898e-02
2.196475639476278996e+00 3.755910693718764182e-02
2.211107639869315911e+00 3.805318092560597276e-02
2.225801483571211214e+00 3.854954798948566352e-02
2.240557845560325667e+00 3.904807642546115343e-02
2.255377408966268149e+00 3.954872997904581439e-02
2.270260865204440481e+00 4.005146127082243740e-02
2.285208914113143308e+00 4.055638951529678959e-02
2.300222264093344737e+00 4.106359745630526470e-02
2.315301632251118846e+00 4.157311282756380455e-02
2.330447744542859301e+00 4.208501899979653904e-02
2.345661335923311608e+00 4.259910617022882873e-02
2.360943150496495946e+00 4.311485412379331694e-02
2.376293941669568088e+00 4.363173285364967124e-02
2.391714472309731221e+00 4.414952672598123490e-02
2.407205514904206645e+00 4.466823907782219161e-02
2.422767851723407695e+00 4.518771699094085298e-02
2.438402274987316432e+00 4.570803780749015111e-02
2.454109587035200768e+00 4.622964170328515421e-02
2.469890600498723998e+00 4.675308985771314124e-02
2.485746138478509337e+00 4.727904817339093069e-02
2.501677034724291371e+00 4.780737901368889431e-02
2.517684133818678394e+00 4.833740221344520749e-02
2.533768291364664638e+00 4.886798349710146094e-02
2.549930374176959891e+00 4.939804886019980024e-02
2.566171260477213334e+00 4.992733592592835806e-02
2.582491840093254609e+00 5.045665301211094134e-02
2.598893014662444489e+00 5.098708631113361978e-02
2.615375697839199987e+00 5.151893384590411351e-02
2.631940815506855991e+00 5.205155337108208213e-02
2.648589305993903409e+00 5.258417957258428033e-02
2.665322120294779218e+00 5.311690541169350466e-02
2.682140222295247955e+00 5.365040619402729194e-02
2.699044589002565164e+00 5.418466434837704293e-02
2.716036210780464977e+00 5.471922956480524541e-02
2.733116091589157026e+00 5.525324321694549679e-02
2.750285249230413953e+00 5.578625470609382270e-02
2.767544715597911598e+00 5.631829918713769645e-02
2.784895536932901372e+00 5.684995085242980362e-02
2.802338774085429751e+00 5.738214676804234693e-02
2.819875502781155063e+00 5.791471928904968342e-02
2.837506813893987179e+00 5.844658296324110880e-02
2.855233813724622927e+00 5.897655238861186644e-02
2.873057624285204170e+00 5.950396574828915874e-02
2.890979383590180252e+00 6.002904663463327906e-02
2.909000245953595520e+00 6.055301088595577141e-02
2.927121382292947160e+00 6.107753200387394665e-02
2.945343980439754095e+00 6.160260832177733709e-02
2.963669245457068335e+00 6.212679965272613347e-02
2.982098399964077995e+00 6.264845117199606406e-02
3.000632684467967159e+00 6.316724231214171370e-02
3.019273357703287086e+00 6.368328545319917877e-02
3.038021696978962627e+00 6.419749360633955626e-02
3.056878998533198555e+00 6.471042088080795895e-02
3.075846577896470535e+00 6.522198308867896421e-02
3.094925770262794362e+00 6.573132441522586134e-02
3.114117930869559014e+00 6.623726969856966185e-02
3.133424435386071849e+00 6.673889349174003116e-02
3.152846680311138350e+00 6.723614420055853969e-02
3.172386083379844290e+00 6.773038879233125864e-02
3.192044083979846292e+00 6.822364843642442223e-02
3.211822143577407918e+00 6.871643181897556241e-02
3.231721746153457975e+00 6.920689966096747747e-02
3.251744398649921930e+00 6.969299068416942577e-02
3.271891631426665281e+00 7.017363093726947110e-02
3.292164998729279368e+00 7.064855446218817892e-02
3.312566079168071553e+00 7.111861101069627544e-02
3.333096476208521786e+00 7.158613204626186610e-02
3.353757818673582580e+00 7.205224137000321161e-02
3.374551761258096416e+00 7.251480636084903231e-02
3.395479985055740446e+00 7.297068986797554391e-02
3.416544198098793395e+00 7.341953264023842740e-02
3.437746135911136314e+00 7.386242119131111727e-02
3.459087562074850908e+00 7.430001901368911421e-02
3.480570268810810663e+00 7.473268257915124946e-02
3.502196077573649369e+00 7.516017076745612480e-02
3.523966839661581307e+00 7.558176607801841973e-02
3.545884436841424847e+00 7.599783447033899020e-02
3.567950781989368547e+00 7.640958343585080303e-02
3.590167819747851929e+00 7.681639673335552421e-02
3.612537527199123133e+00 7.721594456155773945e-02
3.635061914555887341e+00 7.760651057856675361e-02
3.657743025869628628e+00 7.798893490290600972e-02
3.680582939757102157e+00 7.836529795466704029e-02
3.703583770145510101e+00 7.873613683447132361e-02
3.726747667036997225e+00 7.910021931334611234e-02
3.750076817293014120e+00 7.945661762710352904e-02
3.773573445439117879e+00 7.980558294774264816e-02
3.797239814490932730e+00 8.014794599999458535e-02
3.821078226801799538e+00 8.048222741381159950e-02
3.845091024932894896e+00 8.080658932627805824e-02
3.869280592546462394e+00 8.112216759226019425e-02
3.893649355322847061e+00 8.142961344267801715e-02
3.918199781902168777e+00 8.172834823595337417e-02
3.942934384851307872e+00 8.201767828559888840e-02
3.967855721657088441e+00 8.229705845053017499e-02
3.992966395746416985e+00 8.256513129031881060e-02
4.018269057534300082e+00 8.282260074495714774e-02
4.043766405500584860e+00 8.307267745493880640e-02
4.069461187296391280e+00 8.331622263414717455e-02
4.095356200881122177e+00 8.355122494264126398e-02
4.121454295691163061e+00 8.377432900336863331e-02
4.147758373841154089e+00 8.398358402528076361e-02
4.174271391359062555e+00 8.417998051969735607e-02
4.200996359456013352e+00 8.436640870713769946e-02
4.227936345832168819e+00 8.454244522987187926e-02
4.255094476019727345e+00 8.470723697970131139e-02
4.282473934764413848e+00 8.486122027821767222e-02
4.310077967446587444e+00 8.500378526547361369e-02
4.337909881543510870e+00 8.513370207663865930e-02
4.365973048133954926e+00 8.525114714226061929e-02
4.394270903446770404e+00 8.535573204335614172e-02
4.422806950454781116e+00 8.544610163233422317e-02
4.451584760515686412e+00 8.552513859068180957e-02
4.480607975061463577e+00 8.559221988647186530e-02
4.509880307338105077e+00 8.564501391526409269e-02
4.539405544197283149e+00 8.568180396282963629e-02
4.569187547941903738e+00 8.570216943933794962e-02
4.599230258227382961e+00 8.570935803617930893e-02
4.629537694020593008e+00 8.570520387688740360e-02
4.660113955618596648e+00 8.568861945405638336e-02
4.690963226729293112e+00 8.565785400278652650e-02
4.722089776616123835e+00 8.561201408544211189e-02
4.753497962309302771e+00 8.554989726163919617e-02
4.785192230885826348e+00 8.547183277071304652e-02
4.817177121820895636e+00 8.537799694514353055e-02
4.849457269413340654e+00 8.526980340722391249e-02
4.882037405287709575e+00 8.514781614497222983e-02
4.914922360976011539e+00 8.501105119602531124e-02
4.948117070581908195e+00 8.485690054386607617e-02
4.981626573530626878e+00 8.468307009033045063e-02
5.015456017407652567e+00 8.449001162797672992e-02
5.049610660889745972e+00 8.428162656463364377e-02
5.084095876771596245e+00 8.406152912147799028e-02
5.118917155092026050e+00 8.382289248932983661e-02
5.154080106363324809e+00 8.356108600129270869e-02
5.189590464907923639e+00 8.328421454181492156e-02
5.225454092306433651e+00 8.299185436979326924e-02
5.261676980961550676e+00 8.268412727755153346e-02
5.298265257782244220e+00 8.236112173653015178e-02
5.335225187993163587e+00 8.201804205311108431e-02
5.372563179074077766e+00 8.165682049492835326e-02
5.410285784834729661e+00 8.127818685009587096e-02
5.448399709630405319e+00 8.088378758230334309e-02
5.486911812724086346e+00 8.046749572633421499e-02
5.525829112800970222e+00 8.002972192311054445e-02
5.565158792641854646e+00 7.957580306594427833e-02
5.604908203961667112e+00 7.910637339544822344e-02
5.645084872420248701e+00 7.861788343458249451e-02
5.685696502812371378e+00 7.810796015518667312e-02
5.726750984444712422e+00 7.758092001919073000e-02
5.768256396707492684e+00 7.703835714304474447e-02
5.810221014849253685e+00 7.648056197435945669e-02
5.852653315963272540e+00 7.590141354772494964e-02
5.895561985194872179e+00 7.530170396227811591e-02
5.938955922179146363e+00 7.468155636057365043e-02
5.982844247719065756e+00 7.404461601103264068e-02
6.027236310714632950e+00 7.339021411858956401e-02
6.072141695354100754e+00 7.271634227912128490e-02
6.117570228578833813e+00 7.202597032925006637e-02
6.163531987834188541e+00 7.131598391193808006e-02
6.210037309119105231e+00 7.058690117187224611e-02
6.257096795348075169e+00 6.984440512248471511e-02
6.304721325039668756e+00 6.908341799966621899e-02
6.352922061346506943e+00 6.830190504649505390e-02
6.401710461442654321e+00 6.750468665244957478e-02
6.451098286284771888e+00 6.669039031441512111e-02
6.501097610764786872e+00 6.585423791564899709e-02
6.551720834272277472e+00 6.500679378251431051e-02
6.602980691686179959e+00 6.414596409263262355e-02
6.654890264816202716e+00 6.326113963153412456e-02
6.707462994315653404e+00 6.235945144455527084e-02
6.760712692088343800e+00 6.145116932003080734e-02
6.814653554213885300e+00 6.052439091393303772e-02
6.869300174416541616e+00 5.958329084731521508e-02
6.924667558104775189e+00 5.863229533330562016e-02
6.980771137009639027e+00 5.766097816201774806e-02
7.037626784452278628e+00 5.667616555995493022e-02
7.095250831272059244e+00 5.568114663459441255e-02
7.153660082449184721e+00 5.467603731448344995e-02
7.212871834457117437e+00 5.365519439616245334e-02
7.272903893382699714e+00 5.262409702723525040e-02
7.333774593853726209e+00 5.158208111738039892e-02
7.395502818816384050e+00 5.053278431557711031e-02
7.458108020207268929e+00 4.947449912171363040e-02
7.521610240567749628e+00 4.840171834922536026e-02
7.586030135650939421e+00 4.732544980459008066e-02
7.651388998075133507e+00 4.624092837491526609e-02
7.717708782080382690e+00 4.515097117192421600e-02
7.785012129448951157e+00 4.404943383848458627e-02
7.853322396653874549e+00 4.294515073927663434e-02
7.922663683303971638e+00 4.183937653615750485e-02
7.993060861958362295e+00 4.072859593309598875e-02
8.064539609387720631e+00 3.961435762563411678e-02
8.137126439365120589e+00 3.850181567768882346e-02
8.210848737074378789e+00 3.738041712704427005e-02
8.285734795229668492e+00 3.626292701298836768e-02
8.361813852006719117e+00 3.515020987498252564e-02
8.439116130892415413e+00 3.403912561457705932e-02
8.517672882566811765e+00 3.292783110115097417e-02
8.597516428939853128e+00 3.182322995556287337e-02
8.678680209472870999e+00 3.072393538075869623e-02
8.761198829924738973e+00 2.963031568571383376e-02
8.845108113671690475e+00 2.854562767753086872e-02
8.930445155761116638e+00 2.746529100608269269e-02
9.017248379870389741e+00 2.639447737454580015e-02
9.105557598354891979e+00 2.533654383839931135e-02
9.195414075582201363e+00 2.428657853721696500e-02
9.286860594764410948e+00 2.325499951763769502e-02
9.379941528515811200e+00 2.223190735257825346e-02
9.474702913380864899e+00 2.122728501302515933e-02
9.571192528595130256e+00 2.023769390550315961e-02
9.669459979362780899e+00 1.926288207645184686e-02
9.769556784955327089e+00 1.830651828442305881e-02
9.871536471960840942e+00 1.736965301216788354e-02
9.975454673037942754e+00 1.645329879691935157e-02
1.008136923155793063e+01 1.555976305705451118e-02
1.018934031254830330e+01 1.468254649844739738e-02
1.029943052038522566e+01 1.383344730199460686e-02
1.041170502371859463e+01 1.300433380948119548e-02
1.052623168815380517e+01 1.219993013891668143e-02
1.064308121725768252e+01 1.142043713230795829e-02
1.076232730250476877e+01 1.066876413459652041e-02
1.088404678283179194e+01 9.941620724328104411e-03
1.100831981452695096e+01 9.243077987875766149e-03
1.113523005224294415e+01 8.570193946856635020e-03
1.126486484199331350e+01 7.926309006805451474e-03
1.139731542706779699e+01 7.309700914449135910e-03
1.153267716788676189e+01 6.722778958944442516e-03
1.167104977690866718e+01 6.163052095322358107e-03
1.181253756980620828e+01 5.632943232798517941e-03
1.195724973424156268e+01 5.132121537484641768e-03
1.210530061769597765e+01 4.657539690587709016e-03
1.225681003594877438e+01 4.214207294945851792e-03
1.241190360395464154e+01 3.797220616191093398e-03
1.257071309104042101e+01 3.408187182769459311e-03
1.273337680253192516e+01 3.045461859854602625e-03
1.290003999013476133e+01 2.710270537648485495e-03
1.307085529362815102e+01 2.401253217407536313e-03
1.324598321669588152e+01 2.116116142618069615e-03
1.342559264001181063e+01 1.856090749608418217e-03
1.360986137502873916e+01 1.619168968113742207e-03
1.379897676228727654e+01 1.404251033850511827e-03
1.399313631847826045e+01 1.210257032369334382e-03
1.419254843695589230e+01 1.037767756047019247e-03
1.439743314692606369e+01 8.834051664484367152e-04
1.460802293712368716e+01 7.467156280918313752e-04
1.482456365046278535e+01 6.265233324254501548e-04
1.504731545689699779e+01 5.216029372087443387e-04
1.527655391258613626e+01 4.308117610613118641e-04
1.551257111443440273e+01 3.525868012142728265e-04
1.575567696017295916e+01 2.857202423968115482e-04
1.600620052541652782e+01 2.294941427533525233e-04
1.626449157056262607e+01 1.821423204039292914e-04
1.653092219204418001e+01 1.429367462159954910e-04
1.680588863433074565e+01 1.112424723199037318e-04
1.708981328123576660e+01 8.511796395290217843e-05
1.738314684757837725e+01 6.428994127484599749e-05
1.768637079511793431e+01 4.803382043772922789e-05
1.800000000000201084e+01 1.801402227933185295e-05
