-1.800000000000201084e+01 1.738687472494563661e-05
-1.768637079511795918e+01 4.652275497647743232e-05
-1.738314684757837725e+01 6.235742212686414335e-05
-1.708981328123576660e+01 8.262290219140278503e-05
-1.680588863433072433e+01 1.077626479348959654e-04
-1.653092219204418001e+01 1.387959259802802343e-04
-1.626449157056260830e+01 1.767625176641254999e-04
-1.600620052541652782e+01 2.223903486340648040e-04
-1.575567696017295916e+01 2.771288431791334140e-04
-1.551257111443442049e+01 3.422341332033984151e-04
-1.527655391258613626e+01 4.183449660977802981e-04
-1.504731545689701200e+01 5.064300872501932777e-04
-1.482456365046278535e+01 6.084798585535963669e-04
-1.460802293712368716e+01 7.256875718793969528e-04
-1.439743314692604947e+01 8.588178815055877088e-04
-1.419254843695589230e+01 1.009857790724644905e-03
-1.399313631847824624e+01 1.178741049774278092e-03
-1.379897676228727654e+01 1.367126475315786054e-03
-1.360986137502872673e+01 1.577522487144580356e-03
-1.342559264001182306e+01 1.808527565067498313e-03
-1.324598321669588152e+01 2.062981029325319706e-03
-1.307085529362816168e+01 2.340325324001134820e-03
-1.290003999013476133e+01 2.643769094813336676e-03
-1.273337680253193582e+01 2.972616740719197324e-03
-1.257071309104041035e+01 3.326019375558318756e-03
-1.241190360395464154e+01 3.708699840962108307e-03
-1.225681003594876195e+01 4.118630711422309812e-03
-1.210530061769597765e+01 4.554629634214078966e-03
-1.195724973424155202e+01 5.019151392861714855e-03
-1.181253756980619762e+01 5.511998503909918724e-03
-1.167104977690866718e+01 6.035276319131224060e-03
-1.153267716788677255e+01 6.584822105889539048e-03
-1.139731542706779699e+01 7.163341213803538395e-03
-1.126486484199332239e+01 7.770621663120223788e-03
-1.113523005224293527e+01 8.406182232673271165e-03
-1.100831981452695096e+01 9.069126432563794082e-03
-1.088404678283180083e+01 9.759562579823759590e-03
-1.076232730250476877e+01 1.047896488434454584e-02
-1.064308121725769141e+01 1.122245619351821752e-02
-1.052623168815380517e+01 1.199180223664451928e-02
-1.041170502371859463e+01 1.278605698460013630e-02
-1.029943052038521678e+01 1.360705946211468453e-02
-1.018934031254830330e+01 1.445213044169711344e-02
-1.008136923155793951e+01 1.531737935574559173e-02
-9.975454673037956965e+00 1.620650997545051986e-02
-9.871536471960840942e+00 1.711747073225314275e-02
-9.769556784955334194e+00 1.804866625131550800e-02
-9.669459979362780899e+00 1.899833509046680233e-02
-9.571192528595137361e+00 1.996704005504621598e-02
-9.474702913380864899e+00 2.095361529200278489e-02
-9.379941528515811200e+00 2.195612946790488976e-02
-9.286860594764403842e+00 2.297168507663075593e-02
-9.195414075582201363e+00 2.400300501133768860e-02
-9.105557598354884874e+00 2.505211014904325934e-02
-9.017248379870389741e+00 2.611006642631430452e-02
-8.930445155761116638e+00 2.717743591438014431e-02
-8.845108113671695804e+00 2.825421058747254466e-02
-8.761198829924738973e+00 2.934250962802322643e-02
-8.678680209472876328e+00 3.043557902529479484e-02
-8.597516428939853128e+00 3.153516053586592760e-02
-8.517672882566811765e+00 3.264402990238467195e-02
-8.439116130892410084e+00 3.375910242176371340e-02
-8.361813852006719117e+00 3.487369040805308323e-02
-8.285734795229661387e+00 3.598975743113318193e-02
-8.210848737074378789e+00 3.711194161414712450e-02
-8.137126439365120589e+00 3.823088344114114467e-02
-8.064539609387715302e+00 3.935177932384165828e-02
-7.993060861958362295e+00 4.047382037802298854e-02
-7.922663683303976967e+00 4.159330190154340162e-02
-7.853322396653874549e+00 4.270315860725283630e-02
-7.785012129448951157e+00 4.381417228580428147e-02
-7.717708782080378249e+00 4.492171057486405578e-02
-7.651388998075133507e+00 4.602347924402264145e-02
-7.586030135650944750e+00 4.711827545383623361e-02
-7.521610240567749628e+00 4.820890301911817666e-02
-7.458108020207273370e+00 4.928209473382109962e-02
-7.395502818816379609e+00 5.035432370453696294e-02
-7.333774593853726209e+00 5.141596115816882834e-02
-7.272903893382695273e+00 5.246743657601453392e-02
-7.212871834457117437e+00 5.351441220450534053e-02
-7.153660082449187385e+00 5.454459632523444429e-02
-7.095250831272068126e+00 5.556426799939075123e-02
-7.037626784452278628e+00 5.657346640514669678e-02
-6.980771137009643468e+00 5.756450215081961724e-02
-6.924667558104775189e+00 5.854306550725840719e-02
-6.869300174416541616e+00 5.951004155543635626e-02
-6.814653554213885300e+00 6.046283758542346509e-02
-6.760712692088343800e+00 6.140295041739069620e-02
-6.707462994315648963e+00 6.232785473191804204e-02
-6.654890264816202716e+00 6.323374412896477781e-02
-6.602980691686176407e+00 6.412916874956478552e-02
-6.551720834272277472e+00 6.500964678221983484e-02
-6.501097610764786872e+00 6.587046566790508151e-02
-6.451098286284775440e+00 6.671120637367380923e-02
-6.401710461442654321e+00 6.753912745965574838e-02
-6.352922061346510496e+00 6.835201620994096894e-02
-6.304721325039668756e+00 6.914483884740207920e-02
-6.257096795348075169e+00 6.991923374014763493e-02
-6.210037309119101678e+00 7.067459462515121582e-02
-6.163531987834188541e+00 7.141640593171930118e-02
-6.117570228578837366e+00 7.213727730263029547e-02
-6.072141695354100754e+00 7.283755856017282149e-02
-6.027236310714632950e+00 7.352177853769041593e-02
-5.982844247719062203e+00 7.418881455115317047e-02
-5.938955922179146363e+00 7.483717086996312384e-02
-5.895561985194874843e+00 7.546823658247633904e-02
-5.852653315963272540e+00 7.607949428064950115e-02
-5.810221014849253685e+00 7.667067454621881439e-02
-5.768256396707496236e+00 7.724592350606659941e-02
-5.726750984444712422e+00 7.780169134015153809e-02
-5.685696502812374042e+00 7.833423974462630501e-02
-5.645084872420248701e+00 7.885085205792095875e-02
-5.604908203961667112e+00 7.934944638143417994e-02
-5.565158792641851981e+00 7.983038871260172975e-02
-5.525829112800970222e+00 8.029406242195577526e-02
-5.486911812724083681e+00 8.073381768975292083e-02
-5.448399709630409760e+00 8.115480505987734960e-02
-5.410285784834729661e+00 8.156059118901209937e-02
-5.372563179074079542e+00 8.194962827071985978e-02
-5.335225187993163587e+00 8.232060403556235029e-02
-5.298265257782246884e+00 8.267031204289375379e-02
-5.261676980961550676e+00 8.299878793849382874e-02
-5.225454092306433651e+00 8.331512288014981948e-02
-5.189590464907923639e+00 8.361664897423404241e-02
-5.154080106363324809e+00 8.389457482457585158e-02
-5.118917155092023386e+00 8.415417132661390243e-02
-5.084095876771596245e+00 8.439883388400100384e-02
-5.049610660889740643e+00 8.462580732603777744e-02
-5.015456017407655231e+00 8.483535535536619598e-02
-4.981626573530626878e+00 8.502829844268715298e-02
-4.948117070581910859e+00 8.520799539605318496e-02
-4.914922360976011539e+00 8.537175088482737428e-02
-4.882037405287712239e+00 8.551437629788624650e-02
-4.849457269413337102e+00 8.564042756550209468e-02
-4.817177121820895636e+00 8.575292253252485286e-02
-4.785192230885824571e+00 8.584888909163228277e-02
-4.753497962309302771e+00 8.592725492296357515e-02
-4.722089776616123835e+00 8.599126783906693716e-02
-4.690963226729293112e+00 8.603927237385104732e-02
-4.660113955618596648e+00 8.607346233844653804e-02
-4.629537694020590344e+00 8.609649879291637886e-02
-4.599230258227382961e+00 8.610475978020001864e-02
-4.569187547941903738e+00 8.609764871500280581e-02
-4.539405544197283149e+00 8.607557833699039374e-02
-4.509880307338105077e+00 8.603626949919737643e-02
-4.480607975061465353e+00 8.598211973258143570e-02
-4.451584760515686412e+00 8.591655995500445397e-02
-4.422806950454783781e+00 8.583663618160743136e-02
-4.394270903446768628e+00 8.574235079548919725e-02
-4.365973048133954926e+00 8.563746602470063973e-02
-4.337909881543509094e+00 8.552207347051518638e-02
-4.310077967446587444e+00 8.539409442632187042e-02
-4.282473934764412071e+00 8.525435753947946393e-02
-4.255094476019731786e+00 8.510134809667593836e-02
-4.227936345832168819e+00 8.493361659240698802e-02
-4.200996359456015128e+00 8.475294465743704597e-02
-4.174271391359062555e+00 8.456224611644891365e-02
-4.147758373841154089e+00 8.436344866732117809e-02
-4.121454295691163061e+00 8.415573232731683728e-02
-4.095356200881122177e+00 8.393543928925016606e-02
-4.069461187296388616e+00 8.370144539977925069e-02
-4.043766405500584860e+00 8.345765992382950249e-02
-4.018269057534298305e+00 8.320541751939708464e-02
-3.992966395746416985e+00 8.294406577463694918e-02
-3.967855721657088441e+00 8.267337416670625383e-02
-3.942934384851309204e+00 8.239308951216137156e-02
-3.918199781902168777e+00 8.210311633821704147e-02
-3.893649355322847061e+00 8.180431990729505887e-02
-3.869280592546462394e+00 8.149670681687974649e-02
-3.845091024932894896e+00 8.117830711240348052e-02
-3.821078226801797317e+00 8.084994844022637406e-02
-3.797239814490932730e+00 8.051314391583397345e-02
-3.773573445439120100e+00 8.016836389126366647e-02
-3.750076817293014120e+00 7.981674965056664850e-02
-3.726747667036997225e+00 7.945872891517952175e-02
-3.703583770145510101e+00 7.909367957436147512e-02
-3.680582939757102157e+00 7.872195982168930795e-02
-3.657743025869630404e+00 7.834452346976807091e-02
-3.635061914555887341e+00 7.796080899865051594e-02
-3.612537527199123133e+00 7.756939869073506411e-02
-3.590167819747855482e+00 7.717012098440903523e-02
-3.567950781989368547e+00 7.676334496543556207e-02
-3.545884436841426179e+00 7.634958480906126055e-02
-3.523966839661581307e+00 7.593117495447021525e-02
-3.502196077573649369e+00 7.550885101857562898e-02
-3.480570268810808887e+00 7.507999836382381331e-02
-3.459087562074850908e+00 7.464319547614080286e-02
-3.437746135911134981e+00 7.420065920963039852e-02
-3.416544198098792506e+00 7.375481276007828102e-02
-3.395479985055740890e+00 7.330553900190514560e-02
-3.374551761258098193e+00 7.285095586996351291e-02
-3.353757818673582580e+00 7.238992600485066875e-02
-3.333096476208523118e+00 7.192327438526108230e-02
-3.312566079168071553e+00 7.145231159635348495e-02
-3.292164998729279812e+00 7.097800770070991638e-02
-3.271891631426664837e+00 7.050001928627461223e-02
-3.251744398649922374e+00 7.001773448722330151e-02
-3.231721746153456643e+00 6.953215586279762328e-02
-3.211822143577407918e+00 6.904545681737071783e-02
-3.192044083979844071e+00 6.855758606332795768e-02
-3.172386083379843402e+00 6.806638698111650010e-02
-3.152846680311138350e+00 6.757142756828064811e-02
-3.133424435386072737e+00 6.707433062343540198e-02
-3.114117930869558570e+00 6.657505524389181750e-02
-3.094925770262795250e+00 6.607169616749215824e-02
-3.075846577896469647e+00 6.556356568257268314e-02
-3.056878998533198555e+00 6.505229316558670816e-02
-3.038021696978961295e+00 6.453987906336865199e-02
-3.019273357703287086e+00 6.402661104106532886e-02
-3.000632684467968048e+00 6.351134955648560232e-02
-2.982098399964077995e+00 6.299284436654323249e-02
-2.963669245457069223e+00 6.247123863468317939e-02
-2.945343980439752762e+00 6.194729569470598662e-02
-2.927121382292947160e+00 6.142253351595472477e-02
-2.909000245953597297e+00 6.089753262230733488e-02
-2.890979383590179363e+00 6.037177047565635279e-02
-2.873057624285205058e+00 5.984423137333988452e-02
-2.855233813724623815e+00 5.931529237957709061e-02
-2.837506813893987179e+00 5.878616923367727121e-02
-2.819875502781155951e+00 5.825750467822343737e-02
-2.802338774085429751e+00 5.772880546128121571e-02
-2.784895536932901372e+00 5.719913460668112071e-02
-2.767544715597910265e+00 5.666796136838049558e-02
-2.750285249230413953e+00 5.613547767665458266e-02
-2.733116091589155250e+00 5.560279750378030461e-02
-2.716036210780464089e+00 5.507052312738981714e-02
-2.699044589002566052e+00 5.453842922914457075e-02
-2.682140222295249732e+00 5.400607051699995304e-02
-2.665322120294779662e+00 5.347287244007507823e-02
-2.648589305993904297e+00 5.293906010423821140e-02
-2.631940815506855547e+00 5.240537715852911643e-02
-2.615375697839200431e+00 5.187299287259362207e-02
-2.598893014662444045e+00 5.134254059002162085e-02
-2.582491840093254609e+00 5.081337712841711013e-02
-2.566171260477212002e+00 5.028424777295814607e-02
-2.549930374176959447e+00 4.975462645062515149e-02
-2.533768291364664638e+00 4.922519835424039869e-02
-2.517684133818677505e+00 4.869687416975738287e-02
-2.501677034724291371e+00 4.816973485885471529e-02
-2.485746138478510670e+00 4.764331356972907605e-02
-2.469890600498723998e+00 4.711759742217371677e-02
-2.454109587035200768e+00 4.659337700624299056e-02
-2.438402274987315543e+00 4.607118574308459447e-02
-2.422767851723407695e+00 4.555118393087326939e-02
-2.407205514904207533e+00 4.503281286186525123e-02
-2.391714472309731221e+00 4.451542743958000758e-02
-2.376293941669569421e+00 4.399879868700409813e-02
-2.360943150496495058e+00 4.348299517210264808e-02
-2.345661335923311608e+00 4.296844705830169669e-02
-2.330447744542858413e+00 4.245561170328168016e-02
-2.315301632251118846e+00 4.194470422953024136e-02
-2.300222264093345625e+00 4.143577806904581717e-02
-2.285208914113144640e+00 4.092882961630019134e-02
-2.270260865204440481e+00 4.042395070930489276e-02
-2.255377408966269037e+00 3.992119284613550312e-02
-2.240557845560325223e+00 3.942066712862026673e-02
-2.225801483571210770e+00 3.892257270710283018e-02
-2.211107639869315467e+00 3.842676810058209130e-02
-2.196475639476279440e+00 3.793298780050068097e-02
-2.181904815432973432e+00 3.744081831659759607e-02
-2.167394508669943320e+00 3.695017482767107980e-02
-2.152944067880271817e+00 3.646125027542238689e-02
-2.138552849394784516e+00 3.597428524203302724e-02
-2.124220217059574090e+00 3.548975447508422032e-02
-2.109945542115772454e+00 3.500804469407370334e-02
-2.095728203081529628e+00 3.452926730537168865e-02
-2.081567585636154849e+00 3.405324096836214592e-02
-2.067463082506362237e+00 3.357969583767339561e-02
-2.053414093354584136e+00 3.310837521028517361e-02
-2.039420024669305942e+00 3.263950642470052343e-02
-2.025480289657382471e+00 3.217358679681769917e-02
-2.011594308138276332e+00 3.171103054889487516e-02
-1.997761506440205226e+00 3.125198493516395670e-02
-1.983981317298131319e+00 3.079624938401078621e-02
-1.970253179753569617e+00 3.034349011137038588e-02
-1.956576539056167352e+00 2.989335638596099867e-02
-1.942950846567025547e+00 2.944560427533912325e-02
-1.929375559663717654e+00 2.900008413813233779e-02
-1.915850141646975535e+00 2.855668939457056688e-02
-1.902374061649005244e+00 2.811556916523806973e-02
-1.888946794543396868e+00 2.767716529224308400e-02
-1.875567820856598900e+00 2.724197115278539916e-02
-1.862236626680921825e+00 2.681036455972196642e-02
-1.848952703589041180e+00 2.638233019608484872e-02
-1.835715548549967879e+00 2.595761453734422852e-02
-1.822524663846452730e+00 2.553600449801073785e-02
-1.809379556993800708e+00 2.511749161654190654e-02
-1.796279740660062796e+00 2.470216186979299136e-02
-1.783224732587581407e+00 2.429009008939653214e-02
-1.770214055515849871e+00 2.388119792294528254e-02
-1.757247237105675541e+00 2.347528423013341137e-02
-1.744323809864610553e+00 2.307238417560488614e-02
-1.731443311073621372e+00 2.267266729127944205e-02
-1.718605282714980698e+00 2.227633072255247662e-02
-1.705809271401351745e+00 2.188349644275767308e-02
-1.693054828306041149e+00 2.149420045315801608e-02
-1.680341509094399610e+00 2.110839672826911317e-02
-1.667668873856344547e+00 2.072605723309742243e-02
-1.655036487039980519e+00 2.034719232748158357e-02
-1.642443917386301022e+00 1.997186107980128064e-02
-1.629890737864948980e+00 1.960010523320940973e-02
-1.617376525611005755e+00 1.923191110492790401e-02
-1.604900861862805783e+00 1.886726649142856510e-02
-1.592463331900736856e+00 1.850615512006923216e-02
-1.580063524987020074e+00 1.814849690630976342e-02
-1.567701034306447028e+00 1.779412617016855672e-02
-1.555375456908052678e+00 1.744289878475311154e-02
-1.543086393647707277e+00 1.709477727616745546e-02
-1.530833449131608237e+00 1.674990051098481508e-02
-1.518616231660659732e+00 1.640853737854720482e-02
-1.506434353175712282e+00 1.607095369934014722e-02
-1.494287429203655870e+00 1.573727641724281118e-02
-1.482175078804342627e+00 1.540748809139648109e-02
-1.470096924518329295e+00 1.508151330745913232e-02
-1.458052592315416618e+00 1.475931426571571760e-02
-1.446041711543979202e+00 1.444089765189679811e-02
-1.434063914881057000e+00 1.412623823517939609e-02
-1.422118838283209508e+00 1.381521044077204524e-02
-1.410206120938107599e+00 1.350766245932034926e-02
-1.398325405216850115e+00 1.320351811665672163e-02
-1.386476336626996986e+00 1.290283511376678731e-02
-1.374658563766294916e+00 1.260574432400920000e-02
-1.362871738277095179e+00 1.231237023076103311e-02
-1.351115514801437101e+00 1.202278595411991960e-02
-1.339389550936797013e+00 1.173703592596495905e-02
-1.327693507192477362e+00 1.145513906488664427e-02
-1.316027046946637080e+00 1.117710676911070483e-02
-1.304389836403941239e+00 1.090295192040781520e-02
-1.292781544553817996e+00 1.063265539812925306e-02
-1.281201843129320173e+00 1.036617296495601429e-02
-1.269650406566570577e+00 1.010341376092595625e-02
-1.258126911964788874e+00 9.844223856615926666e-03
-1.246631039046874889e+00 9.588474178957261812e-03
-1.235162470120555911e+00 9.336103188085037238e-03
-1.223720890040073339e+00 9.087177619416937982e-03
-1.212305986168408234e+00 8.841895334080331764e-03
-1.200917448340022453e+00 8.600462535021821675e-03
-1.189554968824123149e+00 8.363027796538326925e-03
-1.178218242288426865e+00 8.129619994220693008e-03
-1.166906965763418569e+00 7.900158833171442435e-03
-1.155620838607101852e+00 7.674526141489354178e-03
-1.144359562470215863e+00 7.452608577858347433e-03
-1.133122841261928526e+00 7.234321635875411508e-03
-1.121910381115985400e+00 7.019611003537378109e-03
-1.110721890357309283e+00 6.808473284557309789e-03
-1.099557079469039467e+00 6.600960208614560856e-03
-1.088415661060010642e+00 6.397157548868383573e-03
-1.077297349832647466e+00 6.197140213535220175e-03
-1.066201862551285018e+00 6.000944931960825596e-03
-1.055128918010896033e+00 5.808568136362022433e-03
-1.044078237006218046e+00 5.619974458403486847e-03
-1.033049542301277102e+00 5.435112889401074246e-03
-1.022042558599299822e+00 5.253924764873673173e-03
-1.011057012512998066e+00 5.076351876538490876e-03
-1.000092632535235726e+00 4.902331905162224911e-03
-9.891491490100537964e-01 4.731816518187575114e-03
-9.782262941040561488e-01 4.564792976532791070e-03
-9.673238017781481402e-01 4.401297356290351584e-03
-9.564414077596213870e-01 4.241393617575351521e-03
-9.455788495145712735e-01 4.085127656712385022e-03
-9.347358662206534108e-01 3.932495272357505733e-03
-9.239121987401626157e-01 3.783438205242443779e-03
-9.131075895934324116e-01 3.637861684305821255e-03
-9.023217829325496098e-01 3.495687695670709333e-03
-8.915545245153719822e-01 3.356898128576140707e-03
-8.808055616798529108e-01 3.221537316396035251e-03
-8.700746433186589135e-01 3.089679377757756189e-03
-8.593615198540814903e-01 2.961378972480615754e-03
-8.486659432132259706e-01 2.836632962872789269e-03
-8.379876668034880183e-01 2.715382298313505968e-03
-8.273264454882990337e-01 2.597547014843204320e-03
-8.166820355631438932e-01 2.483061700182967978e-03
-8.060541947318363709e-01 2.371889685220019035e-03
-7.954426820830584610e-01 2.264009823434345869e-03
-7.848472580671504994e-01 2.159390118190416402e-03
-7.742676844731486430e-01 2.057974197634216892e-03
-7.637037244060699281e-01 1.959683432122676875e-03
-7.531551422644284788e-01 1.864444084239513626e-03
-7.426217037179922986e-01 1.772213041918547106e-03
-7.321031756857663275e-01 1.682982662314827949e-03
-7.215993263142009839e-01 1.596767879245685178e-03
-7.111099249556180890e-01 1.513578844422784099e-03
-7.006347421468592795e-01 1.433396062039168700e-03
-6.901735495881351490e-01 1.356162580509880349e-03
-6.797261201220911042e-01 1.281800884103198677e-03
-6.692922277130706199e-01 1.210234028257429952e-03
-6.588716474265783329e-01 1.141406894753819621e-03
-6.484641554089376481e-01 1.075292344177694853e-03
-6.380695288671385246e-01 1.011879688753812481e-03
-6.276875460488731129e-01 9.511567037961458047e-04
-6.173179862227488046e-01 8.930901129768364661e-04
-6.069606296586862459e-01 8.376151112833682584e-04
-5.966152576084875481e-01 7.846389858017859507e-04
-5.862816522865772484e-01 7.340557109480729328e-04
-5.759595968509094721e-01 6.857662884034759938e-04
-5.656488753840412942e-01 6.396962511083732804e-04
-5.553492728743597562e-01 5.958010180521998954e-04
-5.450605751974718638e-01 5.540576669191316257e-04
-5.347825690977430213e-01 5.144485294987426269e-04
-5.245150421699888987e-01 4.769451818160045211e-04
-5.142577828413065211e-01 4.415009671491407738e-04
-5.040105803530536832e-01 4.080513097011417801e-04
-4.937732247429644228e-01 3.765207923991536511e-04
-4.835455068274036594e-01 3.468323529732759763e-04
-4.733272181837471781e-01 3.189146216484720683e-04
-4.631181511328986700e-01 2.927044488985703556e-04
-4.529180987219272314e-01 2.681440216490198159e-04
-4.427268547068332061e-01 2.451751592308828564e-04
-4.325442135354257145e-01 2.237347728450261581e-04
-4.223699703303245845e-01 2.037543397534459185e-04
-4.122039208720716941e-01 1.851631064140618231e-04
-4.020458615823537807e-01 1.678912958188342000e-04
-3.918955895073323314e-01 1.518720137112097380e-04
-3.817529023010813316e-01 1.370414942378962058e-04
-3.716175982091194929e-01 1.233395245099425650e-04
-3.614894760520483419e-01 1.107103303619082690e-04
-3.513683352092828449e-01 9.910338812310510992e-05
-3.412539756028758475e-01 8.847261314305615966e-05
-3.311461976814312758e-01 7.877309787482602763e-05
-3.210448024041094306e-01 6.995650214060637718e-05
-3.109495912247085547e-01 6.196767099068820799e-05
-3.008603660758366605e-01 5.474458726319120434e-05
-2.907769293531580201e-01 4.822224492361868570e-05
-2.806990838997174276e-01 4.233846632319301884e-05
-2.706266329903371237e-01 3.703874071857483517e-05
-2.605593803160889399e-01 3.227776673226530042e-05
-2.504971299688272257e-01 2.801751097347215198e-05
-2.404396864257955790e-01 2.422358226953450362e-05
-2.303868545342923901e-01 2.086210118404733111e-05
-2.203384394963986970e-01 1.789826269406301904e-05
-2.102942468537628840e-01 1.529642795217526420e-05
-2.002540824724450275e-01 1.302101465838198725e-05
-1.902177525278067050e-01 1.103763131761222948e-05
-1.801850634894590075e-01 9.314211056319603307e-06
-1.701558221062540455e-01 7.821924287710342296e-06
-1.601298353913264694e-01 6.535500893899207742e-06
-1.501069106071708514e-01 5.432764566689397042e-06
-1.400868552507662790e-01 4.493594548126125508e-06
-1.300694770387391397e-01 3.698925362172500542e-06
-1.200545838925550501e-01 3.030313642229588874e-06
-1.100419839237516545e-01 2.470195113277773481e-06
-1.000314854191983877e-01 2.002498636231182840e-06
-9.002289682638489610e-02 1.613173985479377703e-06
-8.001602673873924043e-02 1.290389646914787843e-06
-7.001068388096250150e-02 1.024452707338986150e-06
-6.000667709439190534e-02 8.076388452393718188e-07
-5.000381532237931775e-02 6.340617262490086966e-07
-4.000190759568706539e-02 4.995724532515419686e-07
-3.000076301789707939e-02 4.015902600112274498e-07
-2.000019075083557876e-02 3.387988098173457764e-07
-9.999999999999974187e-03 3.107293391455316041e-07
0.000000000000000000e+00 3.173388795907006783e-07
9.999999999999974187e-03 3.587283688422589564e-07
2.000019075083557876e-02 4.351378650846908028e-07
3.000076301789707939e-02 5.472848808613536621e-07
4.000190759568635068e-02 6.969697792171107629e-07
5.000381532237860305e-02 8.877287772780248862e-07
6.000667709439118369e-02 1.125257196171594686e-06
7.001068388096322315e-02 1.417444645582642658e-06
8.001602673873996208e-02 1.774101986661843052e-06
9.002289682638561774e-02 2.206630847399472552e-06
1.000314854191983877e-01 2.727871341208207344e-06
1.100419839237516545e-01 3.352171720625890193e-06
1.200545838925550501e-01 4.095542748972339257e-06
1.300694770387391397e-01 4.975701699430304578e-06
1.400868552507662790e-01 6.011896598771904230e-06
1.501069106071708514e-01 7.224552045631117304e-06
1.601298353913264694e-01 8.634927179773688074e-06
1.701558221062540455e-01 1.026512701211949806e-05
1.801850634894582859e-01 1.213870699481091895e-05
1.902177525278067050e-01 1.428180703381395355e-05
2.002540824724450275e-01 1.672431806494247111e-05
2.102942468537628840e-01 1.950035584164271156e-05
2.203384394963986970e-01 2.264768410784106313e-05
2.303868545342923901e-01 2.620629548789592408e-05
2.404396864257955790e-01 3.021685642425383101e-05
2.504971299688272257e-01 3.471966547644837894e-05
2.605593803160889399e-01 3.975429781748566484e-05
2.706266329903371237e-01 4.535988890437948982e-05
2.806990838997167059e-01 5.157603435341346059e-05
2.907769293531572985e-01 5.844441019337030319e-05
3.008603660758359388e-01 6.601078438643373492e-05
3.109495912247092764e-01 7.432629999016600189e-05
3.210448024041101522e-01 8.344672483345431198e-05
3.311461976814320529e-01 9.342930121768113112e-05
3.412539756028758475e-01 1.043284835333448146e-04
3.513683352092828449e-01 1.161931952813929751e-04
3.614894760520483419e-01 1.290676798488418981e-04
3.716175982091194929e-01 1.429960905857568295e-04
3.817529023010813316e-01 1.580282151032385510e-04
3.918955895073323314e-01 1.742224479029644464e-04
4.020458615823530590e-01 1.916437315403861775e-04
4.122039208720709169e-01 2.103574045913787836e-04
4.223699703303238628e-01 2.304226974458782422e-04
4.325442135354264361e-01 2.518906244942802379e-04
4.427268547068339277e-01 2.748070409546600327e-04
4.529180987219279531e-01 2.992191495208118383e-04
4.631181511328986700e-01 3.251808964111812866e-04
4.733272181837471781e-01 3.527551088822461077e-04
4.835455068274036594e-01 3.820108201262913247e-04
4.937732247429644228e-01 4.130168650345062559e-04
5.040105803530536832e-01 4.458354993456220376e-04
5.142577828413065211e-01 4.805204350086963419e-04
5.245150421699888987e-01 5.171213618542683894e-04
5.347825690977430213e-01 5.556922197102037980e-04
5.450605751974710866e-01 5.962961313562516793e-04
5.553492728743597562e-01 6.390018345471526733e-04
5.656488753840412942e-01 6.838709248257329731e-04
5.759595968509094721e-01 7.309464079119456538e-04
5.862816522865772484e-01 7.802501586974587306e-04
5.966152576084875481e-01 8.317924385401298092e-04
6.069606296586862459e-01 8.855879010636457521e-04
6.173179862227488046e-01 9.416678984235546087e-04
6.276875460488731129e-01 1.000083814656955962e-03
6.380695288671385246e-01 1.060900403309092974e-03
6.484641554089369819e-01 1.124183328469883624e-03
6.588716474265774448e-01 1.189989215314626175e-03
6.692922277130698427e-01 1.258361722387617548e-03
6.797261201220904381e-01 1.329332267052833749e-03
6.901735495881360372e-01 1.402929081031900182e-03
7.006347421468600567e-01 1.479186879355149850e-03
7.111099249556188662e-01 1.558154538290516507e-03
7.215993263142009839e-01 1.639901285347033794e-03
7.321031756857663275e-01 1.724507456828985787e-03
7.426217037179922986e-01 1.812051153574774712e-03
7.531551422644284788e-01 1.902590403026717912e-03
7.637037244060699281e-01 1.996148043978507574e-03
7.742676844731486430e-01 2.092706182742029575e-03
7.848472580671498333e-01 2.192219694042045648e-03
7.954426820830577949e-01 2.294638596339992898e-03
8.060541947318363709e-01 2.399935571431323009e-03
8.166820355631446704e-01 2.508135984471621723e-03
8.273264454882999219e-01 2.619322289289313307e-03
8.379876668034880183e-01 2.733615122803900732e-03
8.486659432132259706e-01 2.851133668337753682e-03
8.593615198540814903e-01 2.971954335379963126e-03
8.700746433186589135e-01 3.096089836359186553e-03
8.808055616798529108e-01 3.223497075860832888e-03
8.915545245153719822e-01 3.354114021246013683e-03
9.023217829325496098e-01 3.487903925813448137e-03
9.131075895934324116e-01 3.624872478631213993e-03
9.239121987401619496e-01 3.765053687860743601e-03
9.347358662206525226e-01 3.908482274428064923e-03
9.455788495145712735e-01 4.055172367752964482e-03
9.564414077596213870e-01 4.205125158796711553e-03
9.673238017781488063e-01 4.358371095711435078e-03
9.782262941040561488e-01 4.514985948748889352e-03
9.891491490100537964e-01 4.675071687945431785e-03
1.000092632535235726e+00 4.838720267020459910e-03
1.011057012512998066e+00 5.005979172134586777e-03
1.022042558599299822e+00 5.176842763613806811e-03
1.033049542301277102e+00 5.351277866522014502e-03
1.044078237006217380e+00 5.529250082406067524e-03
1.055128918010895367e+00 5.710742177514253719e-03
1.066201862551284352e+00 5.895743445942361327e-03
1.077297349832648132e+00 6.084249028479664714e-03
1.088415661060011308e+00 6.276262652047460630e-03
1.099557079469040355e+00 6.471793961660648672e-03
1.110721890357309283e+00 6.670836397773095144e-03
1.121910381115985400e+00 6.873357902617210219e-03
1.133122841261928526e+00 7.079328829467919880e-03
1.144359562470215863e+00 7.288758489907761276e-03
1.155620838607101852e+00 7.501717652914862561e-03
1.166906965763418569e+00 7.718323293861445618e-03
1.178218242288425976e+00 7.938707434858334813e-03
1.189554968824123149e+00 8.162952884358351535e-03
1.200917448340022453e+00 8.391043052156745008e-03
1.212305986168408900e+00 8.622844112144504788e-03
1.223720890040074227e+00 8.858182386633188174e-03
1.235162470120555911e+00 9.096962186299481154e-03
1.246631039046874889e+00 9.339204105740675152e-03
1.258126911964788874e+00 9.585062063090538098e-03
1.269650406566570577e+00 9.834711769579999874e-03
1.281201843129320173e+00 1.008825329195801868e-02
1.292781544553817996e+00 1.034571707590618665e-02
1.304389836403941239e+00 1.060705626471995615e-02
1.316027046946637080e+00 1.087220198986587304e-02
1.327693507192476696e+00 1.114107240397356653e-02
1.339389550936796125e+00 1.141354773758506379e-02
1.351115514801436435e+00 1.168952017645247254e-02
1.362871738277095179e+00 1.196893322637462148e-02
1.374658563766295805e+00 1.225180395562223967e-02
1.386476336626997652e+00 1.253822101132266373e-02
1.398325405216850559e+00 1.282828445959210972e-02
1.410206120938107599e+00 1.312209290943416526e-02
1.422118838283209508e+00 1.341977053111720330e-02
1.434063914881057000e+00 1.372149461680878882e-02
1.446041711543979202e+00 1.402741838491098313e-02
1.458052592315416618e+00 1.433755144878060342e-02
1.470096924518328407e+00 1.465167961030944613e-02
1.482175078804341739e+00 1.496947115191062973e-02
1.494287429203654982e+00 1.529065523816612246e-02
1.506434353175713392e+00 1.561514144796834896e-02
1.518616231660660620e+00 1.594299564170086753e-02
1.530833449131608681e+00 1.627432756892977991e-02
1.543086393647707277e+00 1.660920566415016730e-02
1.555375456908052678e+00 1.694769173665279516e-02
1.567701034306447028e+00 1.728988382802830806e-02
1.580063524987019630e+00 1.763589121808422505e-02
1.592463331900736190e+00 1.798575600014556269e-02
1.604900861862805117e+00 1.833945139467821339e-02
1.617376525611005755e+00 1.869689101943602938e-02
1.629890737864948091e+00 1.905799115434589006e-02
1.642443917386300800e+00 1.942268576614840023e-02
1.655036487039980742e+00 1.979090538185026768e-02
1.667668873856345213e+00 2.016257347341716966e-02
1.680341509094400276e+00 2.053770170045755850e-02
1.693054828306040926e+00 2.091641901100992074e-02
1.705809271401351079e+00 2.129885555770837102e-02
1.718605282714980920e+00 2.168506046850172259e-02
1.731443311073621594e+00 2.207494567328349352e-02
1.744323809864610997e+00 2.246837577639953371e-02
1.757247237105675541e+00 2.286522981245901059e-02
1.770214055515848983e+00 2.326545799016411370e-02
1.783224732587580741e+00 2.366909080726117831e-02
1.796279740660062352e+00 2.407630007170834946e-02
1.809379556993800708e+00 2.448711552428728400e-02
1.822524663846453397e+00 2.490146677686271709e-02
1.835715548549968767e+00 2.531928778029415503e-02
1.848952703589041624e+00 2.574053325997832653e-02
1.862236626680921825e+00 2.616530131797263972e-02
1.875567820856598900e+00 2.659379980589513665e-02
1.888946794543396868e+00 2.702615322050700569e-02
1.902374061649005244e+00 2.746218308051440529e-02
1.915850141646975535e+00 2.790154617459204497e-02
1.929375559663716988e+00 2.834383251761581762e-02
1.942950846567024437e+00 2.878884114892036467e-02
1.956576539056166242e+00 2.923662247727456392e-02
1.970253179753570727e+00 2.968728052778736928e-02
1.983981317298132430e+00 3.014093869854383295e-02
1.997761506440205892e+00 3.059769646748200511e-02
2.011594308138276332e+00 3.105760605643404296e-02
2.025480289657382471e+00 3.152075280289090564e-02
2.039420024669305942e+00 3.198716043108383589e-02
2.053414093354583247e+00 3.245679404660203188e-02
2.067463082506361793e+00 3.292947927947804942e-02
2.081567585636154405e+00 3.340495104100468793e-02
2.095728203081529628e+00 3.388300007846027639e-02
2.109945542115771566e+00 3.436333015698578991e-02
2.124220217059573645e+00 3.484594445211490477e-02
2.138552849394784072e+00 3.533115390954638668e-02
2.152944067880272261e+00 3.581931527552847938e-02
2.167394508669943765e+00 3.631054270047268107e-02
2.181904815432972988e+00 3.680479221676480339e-02
2.196475639476278996e+00 3.730171713789422194e-02
2.211107639869315911e+00 3.780100586083319503e-02
2.225801483571211214e+00 3.830264771768623899e-02
2.240557845560325667e+00 3.880678515960074570e-02
2.255377408966268149e+00 3.931378754331127379e-02
2.270260865204440481e+00 3.982360492116383821e-02
2.285208914113143308e+00 4.033579706798754577e-02
2.300222264093344737e+00 4.084975103134153018e-02
2.315301632251118846e+00 4.136517257358150734e-02
2.330447744542859301e+00 4.188238108242056668e-02
2.345661335923311608e+00 4.240179889697345134e-02
2.360943150496495946e+00 4.292352661672432096e-02
2.376293941669568088e+00 4.344725433112742174e-02
2.391714472309731221e+00 4.397259853873934643e-02
2.407205514904206645e+00 4.449939001213591011e-02
2.422767851723407695e+00 4.502753887705440716e-02
2.438402274987316432e+00 4.555719544441133584e-02
2.454109587035200768e+00 4.608849348361584997e-02
2.469890600498723998e+00 4.662134609102445981e-02
2.485746138478509337e+00 4.715600671946522382e-02
2.501677034724291371e+00 4.769260654279570966e-02
2.517684133818678394e+00 4.823115660505355312e-02
2.533768291364664638e+00 4.877116206362101802e-02
2.549930374176959891e+00 4.931207932302397734e-02
2.566171260477213334e+00 4.985398768984375395e-02
2.582491840093254609e+00 5.039731370654898512e-02
2.598893014662444489e+00 5.094188996386984913e-02
2.615375697839199987e+00 5.148679610158661546e-02
2.631940815506855991e+00 5.203111691099540637e-02
2.648589305993903409e+00 5.257449199176286725e-02
2.665322120294779218e+00 5.311735619930040009e-02
2.682140222295247955e+00 5.366066662481048383e-02
2.699044589002565164e+00 5.420495538365609212e-02
2.716036210780464977e+00 5.475037645349948440e-02
2.733116091589157026e+00 5.529642553339614991e-02
2.750285249230413953e+00 5.584280199502332509e-02
2.767544715597911598e+00 5.638924303742887112e-02
2.784895536932901372e+00 5.693525035805023504e-02
2.802338774085429751e+00 5.748075110177999075e-02
2.819875502781155063e+00 5.802591210930221205e-02
2.837506813893987179e+00 5.857104029691703739e-02
2.855233813724622927e+00 5.911596525999793239e-02
2.873057624285204170e+00 5.965991137175279124e-02
2.890979383590180252e+00 6.020205784029165202e-02
2.909000245953595520e+00 6.074228334928553907e-02
2.927121382292947160e+00 6.128159346845819117e-02
2.945343980439754095e+00 6.182052701888686441e-02
2.963669245457068335e+00 6.235862120894188065e-02
2.982098399964077995e+00 6.289472615231479768e-02
3.000632684467967159e+00 6.342883508924983260e-02
3.019273357703287086e+00 6.396120094426197000e-02
3.038021696978962627e+00 6.449200910920652174e-02
3.056878998533198555e+00 6.502082534082501142e-02
3.075846577896470535e+00 6.554767770699167218e-02
3.094925770262794362e+00 6.607280295808726223e-02
3.114117930869559014e+00 6.659593334901808825e-02
3.133424435386071849e+00 6.711631513658164461e-02
3.152846680311138350e+00 6.763308325924895226e-02
3.172386083379844290e+00 6.814510737033785404e-02
3.192044083979846292e+00 6.865167672665170584e-02
3.211822143577407918e+00 6.915430803960868900e-02
3.231721746153457975e+00 6.965575583259257797e-02
3.251744398649921930e+00 7.015666372652080984e-02
3.271891631426665281e+00 7.065466962793087724e-02
3.292164998729279368e+00 7.114777645936520845e-02
3.312566079168071553e+00 7.163611384769573431e-02
3.333096476208521786e+00 7.211993314823797463e-02
3.353757818673582580e+00 7.259793756577476165e-02
3.374551761258096416e+00 7.306960481213573000e-02
3.395479985055740446e+00 7.353664834197867761e-02
3.416544198098793395e+00 7.400069931803773815e-02
3.437746135911136314e+00 7.446047426783394818e-02
3.459087562074850908e+00 7.491454526121450741e-02
3.480570268810810663e+00 7.536359996530411776e-02
3.502196077573649369e+00 7.580838190686203792e-02
3.523966839661581307e+00 7.624850713238823241e-02
3.545884436841424847e+00 7.668289369022465718e-02
3.567950781989368547e+00 7.710941968038237393e-02
3.590167819747851929e+00 7.752649652852275364e-02
3.612537527199123133e+00 7.793568110380183489e-02
3.635061914555887341e+00 7.833947305648819581e-02
3.657743025869628628e+00 7.873885727153517866e-02
3.680582939757102157e+00 7.913312322818152889e-02
3.703583770145510101e+00 7.952053359703921409e-02
3.726747667036997225e+00 7.990043406577557183e-02
3.750076817293014120e+00 8.027343213604416772e-02
3.773573445439117879e+00 8.063775088427860283e-02
3.797239814490932730e+00 8.099022925232726711e-02
3.821078226801799538e+00 8.133035390516073215e-02
3.845091024932894896e+00 8.166116546028538703e-02
3.869280592546462394e+00 8.198591151653054909e-02
3.893649355322847061e+00 8.230450379724657539e-02
3.918199781902168777e+00 8.261510455873513625e-02
3.942934384851307872e+00 8.291544471987144505e-02
3.967855721657088441e+00 8.320495599440227985e-02
3.992966395746416985e+00 8.348480902919819258e-02
4.018269057534300082e+00 8.375591159044354361e-02
4.043766405500584860e+00 8.401683008840804545e-02
4.069461187296391280e+00 8.426505543868838266e-02
4.095356200881122177e+00 8.450214950641626865e-02
4.121454295691163061e+00 8.472933466506701872e-02
4.147758373841154089e+00 8.494401866764211828e-02
4.174271391359062555e+00 8.514556071774229129e-02
4.200996359456013352e+00 8.533785898947439386e-02
4.227936345832168819e+00 8.552252514331630528e-02
4.255094476019727345e+00 8.569566628071785541e-02
4.282473934764413848e+00 8.585106636734692043e-02
4.310077967446587444e+00 8.599040314050195033e-02
4.337909881543510870e+00 8.611882963762398924e-02
4.365973048133954926e+00 8.623551476175109198e-02
4.394270903446770404e+00 8.634005641284892008e-02
4.422806950454781116e+00 8.643314468795221250e-02
4.451584760515686412e+00 8.651405205153518685e-02
4.480607975061463577e+00 8.657992833521184484e-02
4.509880307338105077e+00 8.663100752636185287e-02
4.539405544197283149e+00 8.666722630245168868e-02
4.569187547941903738e+00 8.668757742226176899e-02
4.599230258227382961e+00 8.669464592096302880e-02
4.629537694020593008e+00 8.668893729075824450e-02
4.660113955618596648e+00 8.666733947246191283e-02
4.690963226729293112e+00 8.662873722258158937e-02
4.722089776616123835e+00 8.657607310454559779e-02
4.753497962309302771e+00 8.650843636720279006e-02
4.785192230885826348e+00 8.642207723496996008e-02
4.817177121820895636e+00 8.631643494725110832e-02
4.849457269413340654e+00 8.619666039528536827e-02
4.882037405287709575e+00 8.606328306244762083e-02
4.914922360976011539e+00 8.591460184959222313e-02
4.948117070581908195e+00 8.574963909105992599e-02
4.981626573530626878e+00 8.556330811462237174e-02
5.015456017407652567e+00 8.535659571422553327e-02
5.049610660889745972e+00 8.513805004766239470e-02
5.084095876771596245e+00 8.490372427340753259e-02
5.118917155092026050e+00 8.464911626605794992e-02
5.154080106363324809e+00 8.437575344214431894e-02
5.189590464907923639e+00 8.408119211563400142e-02
5.225454092306433651e+00 8.376967393525250327e-02
5.261676980961550676e+00 8.344581837988870876e-02
5.298265257782244220e+00 8.310603711503597446e-02
5.335225187993163587e+00 8.274526680697719128e-02
5.372563179074077766e+00 8.236317312935027835e-02
5.410285784834729661e+00 8.196231293711210564e-02
5.448399709630405319e+00 8.153978182393398222e-02
5.486911812724086346e+00 8.109998481025508521e-02
5.525829112800970222e+00 8.064523121986595655e-02
5.565158792641854646e+00 8.017230987196882763e-02
5.604908203961667112e+00 7.968242953190191047e-02
5.645084872420248701e+00 7.917269573952423478e-02
5.685696502812371378e+00 7.863899626304939050e-02
5.726750984444712422e+00 7.808611369654520906e-02
5.768256396707492684e+00 7.751663149935621167e-02
5.810221014849253685e+00 7.692550922525165369e-02
5.852653315963272540e+00 7.631308382268059409e-02
5.895561985194872179e+00 7.568782264668194593e-02
5.938955922179146363e+00 7.504905202967548927e-02
5.982844247719065756e+00 7.438984837016632268e-02
6.027236310714632950e+00 7.370729609672192761e-02
6.072141695354100754e+00 7.300224351991110860e-02
6.117570228578833813e+00 7.228555835535994956e-02
6.163531987834188541e+00 7.154868326553401325e-02
6.210037309119105231e+00 7.078857389439927039e-02
6.257096795348075169e+00 7.001341794860758971e-02
6.304721325039668756e+00 6.922332967903320478e-02
6.352922061346506943e+00 6.841886358653680167e-02
6.401710461442654321e+00 6.759356009495447182e-02
6.451098286284771888e+00 6.675128982775674347e-02
6.501097610764786872e+00 6.589917479540219336e-02
6.551720834272277472e+00 6.502598265042752734e-02
6.602980691686179959e+00 6.412725546451145120e-02
6.654890264816202716e+00 6.321693210939974272e-02
6.707462994315653404e+00 6.229496083157755326e-02
6.760712692088343800e+00 6.135858437133030752e-02
6.814653554213885300e+00 6.040581809818625775e-02
6.869300174416541616e+00 5.944075737790496805e-02
6.924667558104775189e+00 5.845764946752302071e-02
6.980771137009639027e+00 5.746567808130703670e-02
7.037626784452278628e+00 5.645851594307360610e-02
7.095250831272059244e+00 5.543590810150389458e-02
7.153660082449184721e+00 5.440817967784158937e-02
7.212871834457117437e+00 5.336520516575499196e-02
7.272903893382699714e+00 5.231162592420132706e-02
7.333774593853726209e+00 5.124770489957637676e-02
7.395502818816384050e+00 5.017625016792058579e-02
7.458108020207268929e+00 4.910153445548109952e-02
7.521610240567749628e+00 4.801028669462766019e-02
7.586030135650939421e+00 4.691901252365417163e-02
7.651388998075133507e+00 4.582363301935288291e-02
7.717708782080382690e+00 4.471116315236021987e-02
7.785012129448951157e+00 4.359236951948344818e-02
7.853322396653874549e+00 4.247501326136230576e-02
7.922663683303971638e+00 4.135711908298522060e-02
7.993060861958362295e+00 4.023810010210193688e-02
8.064539609387720631e+00 3.911474336947188407e-02
8.137126439365120589e+00 3.799022430349534990e-02
8.210848737074378789e+00 3.686957741406027972e-02
8.285734795229668492e+00 3.574201642667417661e-02
8.361813852006719117e+00 3.462207305796694001e-02
8.439116130892415413e+00 3.350361250564624915e-02
8.517672882566811765e+00 3.238937822859296739e-02
8.597516428939853128e+00 3.128338260867850884e-02
8.678680209472870999e+00 3.018359312409693920e-02
8.761198829924738973e+00 2.908933915871913384e-02
8.845108113671690475e+00 2.800210077734305997e-02
8.930445155761116638e+00 2.692335031585835203e-02
9.017248379870389741e+00 2.585874187036532601e-02
9.105557598354891979e+00 2.480421774203356300e-02
9.195414075582201363e+00 2.376021643664161243e-02
9.286860594764410948e+00 2.273399158295572389e-02
9.379941528515811200e+00 2.172318238555405109e-02
9.474702913380864899e+00 2.072339638255716460e-02
9.571192528595130256e+00 1.974506292705230370e-02
9.669459979362780899e+00 1.878081096037401837e-02
9.769556784955327089e+00 1.783625582780645064e-02
9.871536471960840942e+00 1.690812834163808384e-02
9.975454673037942754e+00 1.600645004022498152e-02
1.008136923155793063e+01 1.512500116846864084e-02
1.018934031254830330e+01 1.426571392815736104e-02
1.029943052038522566e+01 1.342703543542137293e-02
1.041170502371859463e+01 1.261403867235788220e-02
1.052623168815380517e+01 1.182496114053491545e-02
1.064308121725768252e+01 1.106394964826939997e-02
1.076232730250476877e+01 1.032733299812979566e-02
1.088404678283179194e+01 9.616053910595469961e-03
1.100831981452695096e+01 8.935786372532138200e-03
1.113523005224294415e+01 8.278884136847873554e-03
1.126486484199331350e+01 7.650344156650801600e-03
1.139731542706779699e+01 7.050147965248863141e-03
1.153267716788676189e+01 6.478979694449629040e-03
1.167104977690866718e+01 5.936813995495962559e-03
1.181253756980620828e+01 5.421483397250857587e-03
1.195724973424156268e+01 4.934540701728452536e-03
1.210530061769597765e+01 4.477656467543238497e-03
1.225681003594877438e+01 4.046885259963349524e-03
1.241190360395464154e+01 3.644599103536495886e-03
1.257071309104042101e+01 3.269188187902567766e-03
1.273337680253192516e+01 2.919312913129520209e-03
1.290003999013476133e+01 2.595661384386264113e-03
1.307085529362815102e+01 2.298351888377038292e-03
1.324598321669588152e+01 2.024325435541820487e-03
1.342559264001181063e+01 1.774339432501536315e-03
1.360986137502873916e+01 1.546918019405912198e-03
1.379897676228727654e+01 1.340621007952581909e-03
1.399313631847826045e+01 1.154872793133553338e-03
1.419254843695589230e+01 9.896478289574545117e-04
1.439743314692606369e+01 8.415753981306679787e-04
1.460802293712368716e+01 7.111575314667907370e-04
1.482456365046278535e+01 5.965246233876290299e-04
1.504731545689699779e+01 4.962378441976545568e-04
1.527655391258613626e+01 4.092043703111830112e-04
1.551257111443440273e+01 3.350239800171786768e-04
1.575567696017295916e+01 2.714540138270171883e-04
1.600620052541652782e+01 2.176694061890274874e-04
1.626449157056262607e+01 1.727188397549471747e-04
1.653092219204418001e+01 1.359193309812000187e-04
1.680588863433074565e+01 1.055110326194217307e-04
1.708981328123576660e+01 8.071789682615899682e-05
1.738314684757837725e+01 6.093884542870019649e-05
1.768637079511793431e+01 4.541854864299587339e-05
1.800000000000201084e+01 1.708980115454265504e-05
