-1.800000000000201084e+01 3.669931721915968114e-05
-1.768637079511795918e+01 9.773189474651463476e-05
-1.738314684757837725e+01 1.296546749130015057e-04
-1.708981328123576660e+01 1.707493896681192924e-04
-1.680588863433072433e+01 2.193662320644709383e-04
-1.653092219204418001e+01 2.805857153907877037e-04
-1.626449157056260830e+01 3.600793882017641026e-04
-1.600620052541652782e+01 4.411325557283682754e-04
-1.575567696017295916e+01 5.427074670716304158e-04
-1.551257111443442049e+01 6.560100006838655642e-04
-1.527655391258613626e+01 7.916393831296214675e-04
-1.504731545689701200e+01 9.413270490644889575e-04
-1.482456365046278535e+01 1.113912365887115632e-03
-1.460802293712368716e+01 1.295645863360386004e-03
-1.439743314692604947e+01 1.499190911949001411e-03
-1.419254843695589230e+01 1.718009949565067144e-03
-1.399313631847824624e+01 1.948921707263230997e-03
-1.379897676228727654e+01 2.205050785948068845e-03
-1.360986137502872673e+01 2.457298855470457614e-03
-1.342559264001182306e+01 2.729725653704513817e-03
-1.324598321669588152e+01 3.002229742839671207e-03
-1.307085529362816168e+01 3.279302818870153541e-03
-1.290003999013476133e+01 3.535744294825137347e-03
-1.273337680253193582e+01 3.825535676319495332e-03
-1.257071309104041035e+01 4.097729283265637984e-03
-1.241190360395464154e+01 4.344904252488740112e-03
-1.225681003594876195e+01 4.588349758960483249e-03
-1.210530061769597765e+01 4.805748963826914424e-03
-1.195724973424155202e+01 5.007518652090145635e-03
-1.181253756980619762e+01 5.179925533128966475e-03
-1.167104977690866718e+01 5.313168112002508020e-03
-1.153267716788677255e+01 5.432295436155216289e-03
-1.139731542706779699e+01 5.511715830405041969e-03
-1.126486484199332239e+01 5.574749922109608659e-03
-1.113523005224293527e+01 5.589888362736757620e-03
-1.100831981452695096e+01 5.566000510970510462e-03
-1.088404678283180083e+01 5.523170987127225436e-03
-1.076232730250476877e+01 5.446105537978448811e-03
-1.064308121725769141e+01 5.338617262457558653e-03
-1.052623168815380517e+01 5.201870748393139926e-03
-1.041170502371859463e+01 5.027747358698092875e-03
-1.029943052038521678e+01 4.845963878962182558e-03
-1.018934031254830330e+01 4.657756273543074352e-03
-1.008136923155793951e+01 4.414486687388137313e-03
-9.975454673037956965e+00 4.184375598550393871e-03
-9.871536471960840942e+00 3.945581941715403662e-03
-9.769556784955334194e+00 3.698123931229639616e-03
-9.669459979362780899e+00 3.438009801359748641e-03
-9.571192528595137361e+00 3.189775192028580699e-03
-9.474702913380864899e+00 2.935092363523228703e-03
-9.379941528515811200e+00 2.698462653626254246e-03
-9.286860594764403842e+00 2.456761122773370044e-03
-9.195414075582201363e+00 2.227008629736465170e-03
-9.105557598354884874e+00 2.003735273774037706e-03
-9.017248379870389741e+00 1.801023114381717543e-03
-8.930445155761116638e+00 1.613591024369825759e-03
-8.845108113671695804e+00 1.433208038890044882e-03
-8.761198829924738973e+00 1.268021467682542251e-03
-8.678680209472876328e+00 1.110930488652586484e-03
-8.597516428939853128e+00 9.740866570902260730e-04
-8.517672882566811765e+00 8.487591096511353222e-04
-8.439116130892410084e+00 7.381068522979015089e-04
-8.361813852006719117e+00 6.366699741070717782e-04
-8.285734795229661387e+00 5.457207944626650065e-04
-8.210848737074378789e+00 4.679762980093131290e-04
-8.137126439365120589e+00 3.997872438146203751e-04
-8.064539609387715302e+00 3.346368460288670524e-04
-7.993060861958362295e+00 2.809574745924064173e-04
-7.922663683303976967e+00 2.386835701780087079e-04
-7.853322396653874549e+00 1.988401287995604136e-04
-7.785012129448951157e+00 1.635492597377842343e-04
-7.717708782080378249e+00 1.342313155175928023e-04
-7.651388998075133507e+00 1.104098839715206222e-04
-7.586030135650944750e+00 9.043964069256615890e-05
-7.521610240567749628e+00 7.395411281424770704e-05
-7.458108020207273370e+00 5.980456322104539616e-05
-7.395502818816379609e+00 4.769515812585477986e-05
-7.333774593853726209e+00 3.858834209947773066e-05
-7.272903893382695273e+00 3.105026463608166656e-05
-7.212871834457117437e+00 2.513931789293309839e-05
-7.153660082449187385e+00 1.975557159370704802e-05
-7.095250831272068126e+00 1.558226523002340368e-05
-7.037626784452278628e+00 1.244811432518032787e-05
-6.980771137009643468e+00 9.738176928105171369e-06
-6.924667558104775189e+00 7.548592490628653134e-06
-6.869300174416541616e+00 5.822956764667129348e-06
-6.814653554213885300e+00 4.416677925739167395e-06
-6.760712692088343800e+00 3.335058115624090751e-06
-6.707462994315648963e+00 2.667241211690330316e-06
-6.654890264816202716e+00 2.094447257539541372e-06
-6.602980691686176407e+00 1.581611525323651937e-06
-6.551720834272277472e+00 1.154119355875455035e-06
-6.501097610764786872e+00 8.548547222261851516e-07
-6.451098286284775440e+00 6.898480390081326083e-07
-6.401710461442654321e+00 5.375682799825730083e-07
-6.352922061346510496e+00 3.993659058920944419e-07
-6.304721325039668756e+00 2.765470632854753140e-07
-6.257096795348075169e+00 1.997936341198547035e-07
-6.210037309119101678e+00 1.329345634529805099e-07
-6.163531987834188541e+00 1.045690830708707420e-07
-6.117570228578837366e+00 1.010157069089880092e-07
-6.072141695354100754e+00 7.963295046556902544e-08
-6.027236310714632950e+00 7.396776044855957902e-08
-5.982844247719062203e+00 5.684826315546327076e-08
-5.938955922179146363e+00 3.430944609770508132e-08
-5.895561985194874843e+00 4.965430800892241482e-08
-5.852653315963272540e+00 6.719095674558031232e-08
-5.810221014849253685e+00 4.464383630036516222e-08
-5.768256396707496236e+00 2.209416346087258026e-08
-5.726750984444712422e+00 2.943046280478661109e-08
-5.685696502812374042e+00 3.795578375659046782e-08
-5.645084872420248701e+00 2.332804862552676173e-08
-5.604908203961667112e+00 1.725814244087708260e-08
-5.565158792641851981e+00 2.373696316224860272e-08
-5.525829112800970222e+00 2.325105527232631888e-08
-5.486911812724083681e+00 2.024178862560824682e-08
-5.448399709630409760e+00 1.686588442927130781e-08
-5.410285784834729661e+00 2.031507467081272289e-08
-5.372563179074079542e+00 2.628969146273278545e-08
-5.335225187993163587e+00 2.132442053678056238e-08
-5.298265257782246884e+00 1.936109919100064119e-08
-5.261676980961550676e+00 1.298064930309153918e-08
-5.225454092306433651e+00 6.152999684627991953e-09
-5.189590464907923639e+00 5.880614670172979123e-09
-5.154080106363324809e+00 7.450260552479189383e-09
-5.118917155092023386e+00 8.555068664311730782e-09
-5.084095876771596245e+00 9.398945569208886126e-09
-5.049610660889740643e+00 1.187213157088445273e-08
-5.015456017407655231e+00 1.264450989157524588e-08
-4.981626573530626878e+00 1.339765014657759026e-08
-4.948117070581910859e+00 2.009004257689326570e-08
-4.914922360976011539e+00 2.358173337044498566e-08
-4.882037405287712239e+00 1.553161113284735849e-08
-4.849457269413337102e+00 1.272409068524306920e-08
-4.817177121820895636e+00 1.578112382362774311e-08
-4.785192230885824571e+00 1.147208874816258975e-08
-4.753497962309302771e+00 6.096539080752494224e-09
-4.722089776616123835e+00 8.058563242806797829e-09
-4.690963226729293112e+00 1.823287604585930549e-08
-4.660113955618596648e+00 2.635825722117273940e-08
-4.629537694020590344e+00 2.319886798010804244e-08
-4.599230258227382961e+00 1.711417325781320733e-08
-4.569187547941903738e+00 1.354514891048019242e-08
-4.539405544197283149e+00 1.100723487602174564e-08
-4.509880307338105077e+00 8.549113225279062051e-09
-4.480607975061465353e+00 6.164051459710364692e-09
-4.451584760515686412e+00 6.227802113194635251e-09
-4.422806950454783781e+00 8.465683359188066132e-09
-4.394270903446768628e+00 8.836133990210916538e-09
-4.365973048133954926e+00 8.207591785698122007e-09
-4.337909881543509094e+00 1.062107955777356645e-08
-4.310077967446587444e+00 1.390105648002647640e-08
-4.282473934764412071e+00 1.539996527879455278e-08
-4.255094476019731786e+00 1.705487675973671563e-08
-4.227936345832168819e+00 1.697773564580526206e-08
-4.200996359456015128e+00 1.428166439275001571e-08
-4.174271391359062555e+00 1.227548835343099304e-08
-4.147758373841154089e+00 1.092078283251711432e-08
-4.121454295691163061e+00 9.624914779520782633e-09
-4.095356200881122177e+00 8.530997419537375350e-09
-4.069461187296388616e+00 7.423444414814060221e-09
-4.043766405500584860e+00 7.732837109096526550e-09
-4.018269057534298305e+00 1.031124532885300036e-08
-3.992966395746416985e+00 1.649449331137301088e-08
-3.967855721657088441e+00 3.430180577066648076e-08
-3.942934384851309204e+00 6.697642721174864561e-08
-3.918199781902168777e+00 8.531993158544251826e-08
-3.893649355322847061e+00 6.407942130374926352e-08
-3.869280592546462394e+00 3.047896924702333972e-08
-3.845091024932894896e+00 1.419383540225152116e-08
-3.821078226801797317e+00 1.293335882200846464e-08
-3.797239814490932730e+00 1.597103201789867454e-08
-3.773573445439120100e+00 1.751276895134025198e-08
-3.750076817293014120e+00 1.679372215225348613e-08
-3.726747667036997225e+00 1.457526355465084313e-08
-3.703583770145510101e+00 1.080369394428591859e-08
-3.680582939757102157e+00 7.132033269972432674e-09
-3.657743025869630404e+00 6.104346554247231703e-09
-3.635061914555887341e+00 8.087404871036608259e-09
-3.612537527199123133e+00 1.179516064513768661e-08
-3.590167819747855482e+00 1.477850316003381743e-08
-3.567950781989368547e+00 1.416670579655058166e-08
-3.545884436841426179e+00 1.052955625038731308e-08
-3.523966839661581307e+00 8.248858251309309708e-09
-3.502196077573649369e+00 9.924131978676513776e-09
-3.480570268810808887e+00 1.324277678601839592e-08
-3.459087562074850908e+00 1.487161199223058482e-08
-3.437746135911134981e+00 1.476365711373357443e-08
-3.416544198098792506e+00 1.414593903418393049e-08
-3.395479985055740890e+00 1.323567197026841385e-08
-3.374551761258098193e+00 1.268898473956969876e-08
-3.353757818673582580e+00 1.279247309642886270e-08
-3.333096476208523118e+00 1.210177381325838385e-08
-3.312566079168071553e+00 1.007338153622598395e-08
-3.292164998729279812e+00 8.193713917497957232e-09
-3.271891631426664837e+00 7.390632411726526870e-09
-3.251744398649922374e+00 7.594083892639601640e-09
-3.231721746153456643e+00 9.179198652054387721e-09
-3.211822143577407918e+00 1.240980242331996499e-08
-3.192044083979844071e+00 1.629390164781811536e-08
-3.172386083379843402e+00 1.909452913050271228e-08
-3.152846680311138350e+00 1.966844693053609660e-08
-3.133424435386072737e+00 1.789816016212194455e-08
-3.114117930869558570e+00 1.467020674564742581e-08
-3.094925770262795250e+00 1.155655194925205085e-08
-3.075846577896469647e+00 9.387264116023740580e-09
-3.056878998533198555e+00 8.076105308373709288e-09
-3.038021696978961295e+00 8.160091487834614361e-09
-3.019273357703287086e+00 1.077740181380344596e-08
-3.000632684467968048e+00 1.602759070234960310e-08
-2.982098399964077995e+00 2.219487167668410955e-08
-2.963669245457069223e+00 2.632438269085578227e-08
-2.945343980439752762e+00 2.567516057362165846e-08
-2.927121382292947160e+00 2.023766525224340875e-08
-2.909000245953597297e+00 1.377420715441144402e-08
-2.890979383590179363e+00 1.057545425401933721e-08
-2.873057624285205058e+00 1.167524626943152500e-08
-2.855233813724623815e+00 1.488302497930243530e-08
-2.837506813893987179e+00 1.732970407632462541e-08
-2.819875502781155951e+00 1.756533020793633293e-08
-2.802338774085429751e+00 1.574946924857690107e-08
-2.784895536932901372e+00 1.268679234652069524e-08
-2.767544715597910265e+00 9.420672196230945104e-09
-2.750285249230413953e+00 7.154234027046222796e-09
-2.733116091589155250e+00 6.550095337737770913e-09
-2.716036210780464089e+00 7.256373235763500810e-09
-2.699044589002566052e+00 8.629540670293941782e-09
-2.682140222295249732e+00 1.067403579268716916e-08
-2.665322120294779662e+00 1.366839716823231346e-08
-2.648589305993904297e+00 1.690339766060885051e-08
-2.631940815506855547e+00 1.867532697701396945e-08
-2.615375697839200431e+00 1.809992485194348068e-08
-2.598893014662444045e+00 1.626504228406976432e-08
-2.582491840093254609e+00 1.489598957309429275e-08
-2.566171260477212002e+00 1.434982253049010315e-08
-2.549930374176959447e+00 1.357440066661363721e-08
-2.533768291364664638e+00 1.178560700232805442e-08
-2.517684133818677505e+00 9.522227878107919654e-09
-2.501677034724291371e+00 8.093617924243770572e-09
-2.485746138478510670e+00 8.641387395806975644e-09
-2.469890600498723998e+00 1.172874165130413283e-08
-2.454109587035200768e+00 1.699295782215059496e-08
-2.438402274987315543e+00 2.280064724076631620e-08
-2.422767851723407695e+00 2.684057990273600776e-08
-2.407205514904207533e+00 2.766270634749862152e-08
-2.391714472309731221e+00 2.557882095886445319e-08
-2.376293941669569421e+00 2.203001038494613944e-08
-2.360943150496495058e+00 1.840298718768758728e-08
-2.345661335923311608e+00 1.542389001982096240e-08
-2.330447744542858413e+00 1.324049190728989748e-08
-2.315301632251118846e+00 1.179214465023304947e-08
-2.300222264093345625e+00 1.101888031886168913e-08
-2.285208914113144640e+00 1.075904253197927322e-08
-2.270260865204440481e+00 1.070480000505602371e-08
-2.255377408966269037e+00 1.065761818443519480e-08
-2.240557845560325223e+00 1.065881539162836020e-08
-2.225801483571210770e+00 1.069548804447345086e-08
-2.211107639869315467e+00 1.051402419727953877e-08
-2.196475639476279440e+00 9.968849005982987086e-09
-2.181904815432973432e+00 9.383559334001560166e-09
-2.167394508669943320e+00 9.317751055735406010e-09
-2.152944067880271817e+00 1.000494906927653798e-08
-2.138552849394784516e+00 1.113732078976264441e-08
-2.124220217059574090e+00 1.217363561771146223e-08
-2.109945542115772454e+00 1.276407453681503298e-08
-2.095728203081529628e+00 1.288553965712617425e-08
-2.081567585636154849e+00 1.268517427675946245e-08
-2.067463082506362237e+00 1.227405719764295178e-08
-2.053414093354584136e+00 1.165744601873751658e-08
-2.039420024669305942e+00 1.085288733873608403e-08
-2.025480289657382471e+00 1.007497603590192145e-08
-2.011594308138276332e+00 9.731038718914502481e-09
-1.997761506440205226e+00 1.011388664690351046e-08
-1.983981317298131319e+00 1.104783282792749224e-08
-1.970253179753569617e+00 1.189944065607234633e-08
-1.956576539056167352e+00 1.204740444998543103e-08
-1.942950846567025547e+00 1.138415762381230820e-08
-1.929375559663717654e+00 1.033079302434265506e-08
-1.915850141646975535e+00 9.392155473775779482e-09
-1.902374061649005244e+00 8.777683905181349581e-09
-1.888946794543396868e+00 8.411784557331297926e-09
-1.875567820856598900e+00 8.145995131885565044e-09
-1.862236626680921825e+00 7.901433439839297936e-09
-1.848952703589041180e+00 7.715547564610019606e-09
-1.835715548549967879e+00 7.731252390435112978e-09
-1.822524663846452730e+00 8.087601248241763558e-09
-1.809379556993800708e+00 8.752145469264598487e-09
-1.796279740660062796e+00 9.475686061463894416e-09
-1.783224732587581407e+00 9.962742993530703554e-09
-1.770214055515849871e+00 1.011296103578434626e-08
-1.757247237105675541e+00 1.010864353133643411e-08
-1.744323809864610553e+00 1.027293556489442310e-08
-1.731443311073621372e+00 1.081989376153794398e-08
-1.718605282714980698e+00 1.168463331308507645e-08
-1.705809271401351745e+00 1.254801061835041724e-08
-1.693054828306041149e+00 1.301348026913407609e-08
-1.680341509094399610e+00 1.281283704339918523e-08
-1.667668873856344547e+00 1.195339490228846436e-08
-1.655036487039980519e+00 1.075048377170291789e-08
-1.642443917386301022e+00 9.677503927796022816e-09
-1.629890737864948980e+00 9.067165890416410498e-09
-1.617376525611005755e+00 8.887991441319381033e-09
-1.604900861862805783e+00 8.807174368151587708e-09
-1.592463331900736856e+00 8.472478245262348631e-09
-1.580063524987020074e+00 7.749684125015367913e-09
-1.567701034306447028e+00 6.777176636238415483e-09
-1.555375456908052678e+00 5.927317154071545187e-09
-1.543086393647707277e+00 5.791341275835225330e-09
-1.530833449131608237e+00 7.145856485712046924e-09
-1.518616231660659732e+00 1.070061443173003172e-08
-1.506434353175712282e+00 1.655324201693649039e-08
-1.494287429203655870e+00 2.363466689454865898e-08
-1.482175078804342627e+00 2.976821771143351924e-08
-1.470096924518329295e+00 3.267824578572766570e-08
-1.458052592315416618e+00 3.138580426088206247e-08
-1.446041711543979202e+00 2.684726839725642883e-08
-1.434063914881057000e+00 2.127101136756060616e-08
-1.422118838283209508e+00 1.672839093417621093e-08
-1.410206120938107599e+00 1.416451149141243545e-08
-1.398325405216850115e+00 1.332350407121549258e-08
-1.386476336626996986e+00 1.330779724699519513e-08
-1.374658563766294916e+00 1.323679322499339449e-08
-1.362871738277095179e+00 1.267281471107957398e-08
-1.351115514801437101e+00 1.171695030843826366e-08
-1.339389550936797013e+00 1.082547015917931538e-08
-1.327693507192477362e+00 1.048737225285854454e-08
-1.316027046946637080e+00 1.095743198774484328e-08
-1.304389836403941239e+00 1.215998424323491673e-08
-1.292781544553817996e+00 1.374994308073396671e-08
-1.281201843129320173e+00 1.525669206434883822e-08
-1.269650406566570577e+00 1.625630175542500401e-08
-1.258126911964788874e+00 1.652597709045566206e-08
-1.246631039046874889e+00 1.611014156617916768e-08
-1.235162470120555911e+00 1.524412972787973612e-08
-1.223720890040073339e+00 1.417729326399247657e-08
-1.212305986168408234e+00 1.303407788897800309e-08
-1.200917448340022453e+00 1.182389776500095204e-08
-1.189554968824123149e+00 1.056982521476152628e-08
-1.178218242288426865e+00 9.416454406353589839e-09
-1.166906965763418569e+00 8.609285851852368902e-09
-1.155620838607101852e+00 8.364031961268745091e-09
-1.144359562470215863e+00 8.731190030324504036e-09
-1.133122841261928526e+00 9.545447791686623993e-09
-1.121910381115985400e+00 1.048169116196163796e-08
-1.110721890357309283e+00 1.118312339568074532e-08
-1.099557079469039467e+00 1.140281550563709560e-08
-1.088415661060010642e+00 1.110203289729309411e-08
-1.077297349832647466e+00 1.046254344062526599e-08
-1.066201862551285018e+00 9.800472118003003715e-09
-1.055128918010896033e+00 9.413500314084808268e-09
-1.044078237006218046e+00 9.435677093647930085e-09
-1.033049542301277102e+00 9.781940321768134967e-09
-1.022042558599299822e+00 1.021534464690362375e-08
-1.011057012512998066e+00 1.048844932860241861e-08
-1.000092632535235726e+00 1.046798407844917372e-08
-9.891491490100537964e-01 1.018047955762010427e-08
-9.782262941040561488e-01 9.781758116361227356e-09
-9.673238017781481402e-01 9.487808616253867948e-09
-9.564414077596213870e-01 9.490792019909504748e-09
-9.455788495145712735e-01 9.876453444296243929e-09
-9.347358662206534108e-01 1.057454939157245796e-08
-9.239121987401626157e-01 1.138444538621683265e-08
-9.131075895934324116e-01 1.208174050334715682e-08
-9.023217829325496098e-01 1.253981203326791524e-08
-8.915545245153719822e-01 1.278024987555748577e-08
-8.808055616798529108e-01 1.292126081447325275e-08
-8.700746433186589135e-01 1.308058409028128085e-08
-8.593615198540814903e-01 1.330821158838037431e-08
-8.486659432132259706e-01 1.357951799585607499e-08
-8.379876668034880183e-01 1.382479339698640074e-08
-8.273264454882990337e-01 1.396662805708555466e-08
-8.166820355631438932e-01 1.395542539958672221e-08
-8.060541947318363709e-01 1.380380176725773669e-08
-7.954426820830584610e-01 1.360629036954474787e-08
-7.848472580671504994e-01 1.351959018087032472e-08
-7.742676844731486430e-01 1.369008723552758118e-08
-7.637037244060699281e-01 1.414851738296255747e-08
-7.531551422644284788e-01 1.473436545086303192e-08
-7.426217037179922986e-01 1.512035161954929409e-08
-7.321031756857663275e-01 1.495304827326416815e-08
-7.215993263142009839e-01 1.403934108322353183e-08
-7.111099249556180890e-01 1.246118282820393919e-08
-7.006347421468592795e-01 1.054253638093356791e-08
-6.901735495881351490e-01 8.695237241077677332e-09
-6.797261201220911042e-01 7.246446855265496112e-09
-6.692922277130706199e-01 6.342223309946787166e-09
-6.588716474265783329e-01 5.953439983724604443e-09
-6.484641554089376481e-01 5.948928119770099988e-09
-6.380695288671385246e-01 6.187644362392133882e-09
-6.276875460488731129e-01 6.601117121806497567e-09
-6.173179862227488046e-01 7.249146621211005003e-09
-6.069606296586862459e-01 8.328410494649948353e-09
-5.966152576084875481e-01 1.012254283056318268e-08
-5.862816522865772484e-01 1.294536170047087647e-08
-5.759595968509094721e-01 1.726405345811186871e-08
-5.656488753840412942e-01 2.443889913654354634e-08
-5.553492728743597562e-01 3.911507069699490336e-08
-5.450605751974718638e-01 7.579017815880025749e-08
-5.347825690977430213e-01 1.764334985065730393e-07
-5.245150421699888987e-01 4.565492265364424231e-07
-5.142577828413065211e-01 1.223441164070662919e-06
-5.040105803530536832e-01 3.271152639640379729e-06
-4.937732247429644228e-01 8.593318609739755815e-06
-4.835455068274036594e-01 2.205080635328194374e-05
-4.733272181837471781e-01 5.513680819208475711e-05
-4.631181511328986700e-01 1.341726359574047954e-04
-4.529180987219272314e-01 3.174304074210509453e-04
-4.427268547068332061e-01 7.293696708963216813e-04
-4.325442135354257145e-01 1.625836481786863954e-03
-4.223699703303245845e-01 3.511861961515436517e-03
-4.122039208720716941e-01 7.341632778597238611e-03
-4.020458615823537807e-01 1.483389082181925563e-02
-3.918955895073323314e-01 2.892688740404419923e-02
-3.817529023010813316e-01 5.435630768099657117e-02
-3.716175982091194929e-01 9.825913951129140733e-02
-3.614894760520483419e-01 1.705829387072896886e-01
-3.513683352092828449e-01 2.839404792581440296e-01
-3.412539756028758475e-01 4.524925428289273133e-01
-3.311461976814312758e-01 6.895474802501411205e-01
-3.210448024041094306e-01 1.003911417918737836e+00
-3.109495912247085547e-01 1.395594579657623902e+00
-3.008603660758366605e-01 1.852017286130881901e+00
-2.907769293531580201e-01 2.346133268339693601e+00
-2.806990838997174276e-01 2.837645269413039628e+00
-2.706266329903371237e-01 3.277688036065926624e+00
-2.605593803160889399e-01 3.616367276288018573e+00
-2.504971299688272257e-01 3.811635034357514051e+00
-2.404396864257955790e-01 3.837504483845768366e+00
-2.303868545342923901e-01 3.689586651945208740e+00
-2.203384394963986970e-01 3.386404193435804011e+00
-2.102942468537628840e-01 2.965912420862521159e+00
-2.002540824724450275e-01 2.477964315184150834e+00
-1.902177525278067050e-01 1.974705583936207542e+00
-1.801850634894590075e-01 1.501494851689278320e+00
-1.701558221062540455e-01 1.090644469523479598e+00
-1.601298353913264694e-01 7.591644028672752675e-01
-1.501069106071708514e-01 5.103209816288662992e-01
-1.400868552507662790e-01 3.377497010994669480e-01
-1.300694770387391397e-01 2.303349975701598218e-01
-1.200545838925550501e-01 1.761934012989607445e-01
-1.100419839237516545e-01 1.646553426345330751e-01
-1.000314854191983877e-01 1.860485072067382673e-01
-9.002289682638489610e-02 2.301066855443750225e-01
-8.001602673873924043e-02 2.846129023384608714e-01
-7.001068388096250150e-02 3.358978170735710256e-01
-6.000667709439190534e-02 3.716544259882752499e-01
-5.000381532237931775e-02 3.847789258373591204e-01
-4.000190759568706539e-02 3.757725456096780436e-01
-3.000076301789707939e-02 3.518935161972282510e-01
-2.000019075083557876e-02 3.234553313142981557e-01
-9.999999999999974187e-03 2.995541314396177324e-01
0.000000000000000000e+00 2.855174974597917137e-01
9.999999999999974187e-03 2.825607056388557692e-01
2.000019075083557876e-02 2.885048512852613767e-01
3.000076301789707939e-02 2.984680117273810218e-01
4.000190759568635068e-02 3.056552038590469866e-01
5.000381532237860305e-02 3.030494728731537579e-01
6.000667709439118369e-02 2.860144486618737547e-01
7.001068388096322315e-02 2.545285159344620185e-01
8.001602673873996208e-02 2.136007264790113491e-01
9.002289682638561774e-02 1.715755180564122462e-01
1.000314854191983877e-01 1.375220068188805489e-01
1.100419839237516545e-01 1.193719891194012506e-01
1.200545838925550501e-01 1.236998226848484150e-01
1.300694770387391397e-01 1.568958146462859082e-01
1.400868552507662790e-01 2.267003304426520316e-01
1.501069106071708514e-01 3.430110940430568522e-01
1.601298353913264694e-01 5.172573845042590657e-01
1.701558221062540455e-01 7.601410350381094805e-01
1.801850634894582859e-01 1.078058580435292235e+00
1.902177525278067050e-01 1.468988017247998545e+00
2.002540824724450275e-01 1.919024007432012624e+00
2.102942468537628840e-01 2.400899829670339436e+00
2.203384394963986970e-01 2.875552183786334481e+00
2.303868545342923901e-01 3.297018562155325405e+00
2.404396864257955790e-01 3.619855225949466515e+00
2.504971299688272257e-01 3.807307760500404648e+00
2.605593803160889399e-01 3.838096622349595144e+00
2.706266329903371237e-01 3.710107263118404219e+00
2.806990838997167059e-01 3.440251354363824898e+00
2.907769293531572985e-01 3.060803515951949549e+00
3.008603660758359388e-01 2.613289342446370345e+00
3.109495912247092764e-01 2.141372900753066855e+00
3.210448024041101522e-01 1.684259177855842893e+00
3.311461976814320529e-01 1.271868281983291826e+00
3.412539756028758475e-01 9.225089176004417357e-01
3.513683352092828449e-01 6.430846970236091531e-01
3.614894760520483419e-01 4.312355502459702672e-01
3.716175982091194929e-01 2.784785935357013686e-01
3.817529023010813316e-01 1.734065789513203615e-01
3.918955895073323314e-01 1.042680322822122779e-01
4.020458615823530590e-01 6.062815600961686535e-02
4.122039208720709169e-01 3.413824365849107284e-02
4.223699703303238628e-01 1.863916545083144777e-02
4.325442135354264361e-01 9.880646321040548186e-03
4.427268547068339277e-01 5.091920015739421698e-03
4.529180987219279531e-01 2.554530230910642338e-03
4.631181511328986700e-01 1.249447000642323101e-03
4.733272181837471781e-01 5.967401080883696441e-04
4.835455068274036594e-01 2.787412814266641923e-04
4.937732247429644228e-01 1.275328029973640484e-04
5.040105803530536832e-01 5.723117403520759265e-05
5.142577828413065211e-01 2.521835897332515389e-05
5.245150421699888987e-01 1.092149102266711913e-05
5.347825690977430213e-01 4.654585416449078141e-06
5.450605751974710866e-01 1.957589775387896170e-06
5.553492728743597562e-01 8.192351829207964559e-07
5.656488753840412942e-01 3.490593972562526260e-07
5.759595968509094721e-01 1.598514703150772022e-07
5.862816522865772484e-01 8.585427640295710894e-08
5.966152576084875481e-01 5.723543380773868356e-08
6.069606296586862459e-01 4.521820602983354047e-08
6.173179862227488046e-01 3.859132038486078905e-08
6.276875460488731129e-01 3.353340318006584329e-08
6.380695288671385246e-01 2.914367379892373018e-08
6.484641554089369819e-01 2.543310847121247357e-08
6.588716474265774448e-01 2.250982901438574567e-08
6.692922277130698427e-01 2.035304924674866766e-08
6.797261201220904381e-01 1.883456094644915955e-08
6.901735495881360372e-01 1.778152924768446306e-08
7.006347421468600567e-01 1.701128921152134757e-08
7.111099249556188662e-01 1.635691785029932021e-08
7.215993263142009839e-01 1.570987454141915781e-08
7.321031756857663275e-01 1.506108045828650513e-08
7.426217037179922986e-01 1.449745463440951245e-08
7.531551422644284788e-01 1.414429400318743317e-08
7.637037244060699281e-01 1.409530353603220151e-08
7.742676844731486430e-01 1.437808719318551351e-08
7.848472580671498333e-01 1.495988130277452905e-08
7.954426820830577949e-01 1.575944962161187037e-08
8.060541947318363709e-01 1.664932846765422667e-08
8.166820355631446704e-01 1.747331123303301138e-08
8.273264454882999219e-01 1.810034783874088981e-08
8.379876668034880183e-01 1.848341407157765936e-08
8.486659432132259706e-01 1.865261003287323925e-08
8.593615198540814903e-01 1.862471402960303835e-08
8.700746433186589135e-01 1.831654570664856040e-08
8.808055616798529108e-01 1.758133422994980228e-08
8.915545245153719822e-01 1.637341617836814579e-08
9.023217829325496098e-01 1.489911387304705413e-08
9.131075895934324116e-01 1.359145639401220396e-08
9.239121987401619496e-01 1.289911856947416672e-08
9.347358662206525226e-01 1.305106634026800768e-08
9.455788495145712735e-01 1.398222393870353698e-08
9.564414077596213870e-01 1.545990382318298065e-08
9.673238017781488063e-01 1.727034794135457562e-08
9.782262941040561488e-01 1.928586837321007091e-08
9.891491490100537964e-01 2.136325872811922294e-08
1.000092632535235726e+00 2.320953064352703789e-08
1.011057012512998066e+00 2.439333043343615399e-08
1.022042558599299822e+00 2.453790469312571104e-08
1.033049542301277102e+00 2.354847329150917679e-08
1.044078237006217380e+00 2.168440538759050841e-08
1.055128918010895367e+00 1.942190602241041055e-08
1.066201862551284352e+00 1.721959724722116896e-08
1.077297349832648132e+00 1.534593759693433683e-08
1.088415661060011308e+00 1.385114881360371032e-08
1.099557079469040355e+00 1.265098377285934720e-08
1.110721890357309283e+00 1.163869547426181176e-08
1.121910381115985400e+00 1.075699010395992217e-08
1.133122841261928526e+00 1.001750784943986825e-08
1.144359562470215863e+00 9.490840509287536798e-09
1.155620838607101852e+00 9.286303491864995026e-09
1.166906965763418569e+00 9.519444450295003348e-09
1.178218242288425976e+00 1.025413270695298706e-08
1.189554968824123149e+00 1.143384909087969009e-08
1.200917448340022453e+00 1.284767842110666512e-08
1.212305986168408900e+00 1.417759146358880491e-08
1.223720890040074227e+00 1.512481461105525423e-08
1.235162470120555911e+00 1.555033702536817868e-08
1.246631039046874889e+00 1.554667311313149243e-08
1.258126911964788874e+00 1.539442656039134218e-08
1.269650406566570577e+00 1.541224701160127621e-08
1.281201843129320173e+00 1.575707114106513459e-08
1.292781544553817996e+00 1.628156664658476463e-08
1.304389836403941239e+00 1.657681599373701627e-08
1.316027046946637080e+00 1.624355012198626241e-08
1.327693507192476696e+00 1.523270558345814826e-08
1.339389550936796125e+00 1.396723049422659129e-08
1.351115514801436435e+00 1.309934236334777958e-08
1.362871738277095179e+00 1.307584756757994313e-08
1.374658563766295805e+00 1.385893484931421447e-08
1.386476336626997652e+00 1.499279836930646670e-08
1.398325405216850559e+00 1.590543272553918133e-08
1.410206120938107599e+00 1.619840104330921742e-08
1.422118838283209508e+00 1.576553912154048527e-08
1.434063914881057000e+00 1.474603944922049179e-08
1.446041711543979202e+00 1.339052389339206540e-08
1.458052592315416618e+00 1.192806048337452046e-08
1.470096924518328407e+00 1.049554082763000234e-08
1.482175078804341739e+00 9.162106396831188951e-09
1.494287429203654982e+00 8.013274780340320894e-09
1.506434353175713392e+00 7.202076951084655747e-09
1.518616231660660620e+00 6.894583889605849004e-09
1.530833449131608681e+00 7.139703047658841678e-09
1.543086393647707277e+00 7.790864201817246129e-09
1.555375456908052678e+00 8.572010901656383611e-09
1.567701034306447028e+00 9.227690638873093766e-09
1.580063524987019630e+00 9.607438115937100554e-09
1.592463331900736190e+00 9.640912314797076909e-09
1.604900861862805117e+00 9.302686936953061473e-09
1.617376525611005755e+00 8.638627493837812982e-09
1.629890737864948091e+00 7.792350097396460924e-09
1.642443917386300800e+00 6.955102278970974832e-09
1.655036487039980742e+00 6.274582753943572100e-09
1.667668873856345213e+00 5.810140129434504506e-09
1.680341509094400276e+00 5.561158638133672498e-09
1.693054828306040926e+00 5.534962469123679611e-09
1.705809271401351079e+00 5.810078415631631322e-09
1.718605282714980920e+00 6.556209639371234473e-09
1.731443311073621594e+00 7.973097577358735868e-09
1.744323809864610997e+00 1.012944927994195726e-08
1.757247237105675541e+00 1.276209187335038462e-08
1.770214055515848983e+00 1.522619032500921316e-08
1.783224732587580741e+00 1.678018631513406360e-08
1.796279740660062352e+00 1.707387871916473976e-08
1.809379556993800708e+00 1.637085413601438471e-08
1.822524663846453397e+00 1.523414014915883686e-08
1.835715548549968767e+00 1.400841052575334418e-08
1.848952703589041624e+00 1.265109363916786921e-08
1.862236626680921825e+00 1.101282400432870321e-08
1.875567820856598900e+00 9.184597149225119357e-09
1.888946794543396868e+00 7.554712016269130230e-09
1.902374061649005244e+00 6.556637016008042262e-09
1.915850141646975535e+00 6.353092442543876247e-09
1.929375559663716988e+00 6.721574811347414048e-09
1.942950846567024437e+00 7.232408469847356905e-09
1.956576539056166242e+00 7.568885051998888963e-09
1.970253179753570727e+00 7.712933378187380845e-09
1.983981317298132430e+00 7.833705751747447706e-09
1.997761506440205892e+00 8.001762952361503862e-09
2.011594308138276332e+00 8.054161204911842110e-09
2.025480289657382471e+00 7.791687536728785441e-09
2.039420024669305942e+00 7.297727499790618476e-09
2.053414093354583247e+00 6.979003311410129586e-09
2.067463082506361793e+00 7.228998743758517964e-09
2.081567585636154405e+00 8.079541428625451600e-09
2.095728203081529628e+00 9.234834554119585115e-09
2.109945542115771566e+00 1.038877173646623375e-08
2.124220217059573645e+00 1.138351329371020789e-08
2.138552849394784072e+00 1.208342191433063964e-08
2.152944067880272261e+00 1.228349644274886375e-08
2.167394508669943765e+00 1.183947847776071289e-08
2.181904815432972988e+00 1.083307809681438043e-08
2.196475639476278996e+00 9.571103101913943654e-09
2.211107639869315911e+00 8.422901194170863506e-09
2.225801483571211214e+00 7.641087819217172745e-09
2.240557845560325667e+00 7.338614185397472779e-09
2.255377408966268149e+00 7.585375379276599759e-09
2.270260865204440481e+00 8.373733530562919569e-09
2.285208914113143308e+00 9.410018825057911924e-09
2.300222264093344737e+00 1.005752204641785182e-08
2.315301632251118846e+00 9.687769985142006409e-09
2.330447744542859301e+00 8.219786824414846258e-09
2.345661335923311608e+00 6.306858805954325951e-09
2.360943150496495946e+00 4.896096675912963640e-09
2.376293941669568088e+00 4.511991338579376877e-09
2.391714472309731221e+00 4.901702822917413793e-09
2.407205514904206645e+00 5.356413149857015508e-09
2.422767851723407695e+00 5.438653755870106643e-09
2.438402274987316432e+00 5.409835657351037330e-09
2.454109587035200768e+00 5.854443384669221209e-09
2.469890600498723998e+00 6.914131014233894330e-09
2.485746138478509337e+00 8.105743735046308427e-09
2.501677034724291371e+00 8.980921873228153299e-09
2.517684133818678394e+00 9.721010779427503622e-09
2.533768291364664638e+00 1.081104419401182698e-08
2.549930374176959891e+00 1.225613891858402559e-08
2.566171260477213334e+00 1.343273896986217045e-08
2.582491840093254609e+00 1.365241248932299541e-08
2.598893014662444489e+00 1.274220528540967234e-08
2.615375697839199987e+00 1.133746468897711865e-08
2.631940815506855991e+00 1.063423557772983304e-08
2.648589305993903409e+00 1.141264026400664732e-08
2.665322120294779218e+00 1.318021462271311418e-08
2.682140222295247955e+00 1.448022632541490823e-08
2.699044589002565164e+00 1.407591913603738613e-08
2.716036210780464977e+00 1.184238490013230890e-08
2.733116091589157026e+00 8.726175546137629414e-09
2.750285249230413953e+00 6.051295655572250745e-09
2.767544715597911598e+00 4.741856642347639831e-09
2.784895536932901372e+00 4.986511309320293927e-09
2.802338774085429751e+00 6.513156842163184692e-09
2.819875502781155063e+00 8.868016914476692207e-09
2.837506813893987179e+00 1.117525536697409059e-08
2.855233813724622927e+00 1.219247740496571666e-08
2.873057624285204170e+00 1.143915581736550959e-08
2.890979383590180252e+00 9.922878878300511460e-09
2.909000245953595520e+00 9.064161182403574833e-09
2.927121382292947160e+00 9.198738033251685589e-09
2.945343980439754095e+00 9.463598524071336961e-09
2.963669245457068335e+00 9.028912679616441256e-09
2.982098399964077995e+00 7.981398465546784429e-09
3.000632684467967159e+00 6.700089588530038224e-09
3.019273357703287086e+00 5.222742266013107816e-09
3.038021696978962627e+00 3.772567225205993487e-09
3.056878998533198555e+00 3.221639157313136253e-09
3.075846577896470535e+00 4.787945943726731455e-09
3.094925770262794362e+00 9.153876964653468250e-09
3.114117930869559014e+00 1.511423179069151156e-08
3.133424435386071849e+00 1.961465751540428242e-08
3.152846680311138350e+00 2.066925523771383421e-08
3.172386083379844290e+00 1.934117349155381262e-08
3.192044083979846292e+00 1.744762874166087634e-08
3.211822143577407918e+00 1.516353829563465959e-08
3.231721746153457975e+00 1.202364051866105752e-08
3.251744398649921930e+00 8.472337172239106919e-09
3.271891631426665281e+00 5.566777339030252143e-09
3.292164998729279368e+00 4.014131092116456750e-09
3.312566079168071553e+00 3.707616855448176603e-09
3.333096476208521786e+00 3.789546706631974939e-09
3.353757818673582580e+00 3.592847209661004671e-09
3.374551761258096416e+00 3.539614888401286946e-09
3.395479985055740446e+00 4.248592407517266496e-09
3.416544198098793395e+00 5.387324499635281748e-09
3.437746135911136314e+00 6.432942032328148290e-09
3.459087562074850908e+00 7.382196386795690338e-09
3.480570268810810663e+00 8.161596691569990004e-09
3.502196077573649369e+00 8.649965210516241792e-09
3.523966839661581307e+00 8.795178132801882795e-09
3.545884436841424847e+00 8.419073793741458360e-09
3.567950781989368547e+00 7.596632837656643537e-09
3.590167819747851929e+00 6.966101496208894176e-09
3.612537527199123133e+00 7.305592111828094681e-09
3.635061914555887341e+00 8.085697194488009033e-09
3.657743025869628628e+00 8.350750784579548249e-09
3.680582939757102157e+00 9.342901513788293203e-09
3.703583770145510101e+00 1.217734547165374107e-08
3.726747667036997225e+00 1.399183818560018201e-08
3.750076817293014120e+00 1.196586676599196463e-08
3.773573445439117879e+00 8.417451409555302737e-09
3.797239814490932730e+00 6.533283773511049636e-09
3.821078226801799538e+00 6.595049341249792818e-09
3.845091024932894896e+00 7.320694321668581793e-09
3.869280592546462394e+00 7.697036072924119648e-09
3.893649355322847061e+00 7.653393510014308879e-09
3.918199781902168777e+00 6.888324517917536334e-09
3.942934384851307872e+00 5.265519958597717577e-09
3.967855721657088441e+00 4.355113004325934153e-09
3.992966395746416985e+00 5.406706676607587895e-09
4.018269057534300082e+00 7.767608353199998360e-09
4.043766405500584860e+00 9.382880369839393745e-09
4.069461187296391280e+00 9.125081021703975190e-09
4.095356200881122177e+00 8.602057148580236182e-09
4.121454295691163061e+00 8.055844774310426713e-09
4.147758373841154089e+00 6.510548307043115660e-09
4.174271391359062555e+00 5.854327776039692102e-09
4.200996359456013352e+00 7.319299483575292885e-09
4.227936345832168819e+00 8.629157118304623025e-09
4.255094476019727345e+00 7.858526594750495841e-09
4.282473934764413848e+00 6.886392576996114444e-09
4.310077967446587444e+00 9.327120518269880390e-09
4.337909881543510870e+00 1.186033621222570923e-08
4.365973048133954926e+00 8.961438502869354674e-09
4.394270903446770404e+00 4.693316502578341204e-09
4.422806950454781116e+00 2.908272195690267626e-09
4.451584760515686412e+00 2.449472947045236333e-09
4.480607975061463577e+00 2.526936202885616663e-09
4.509880307338105077e+00 2.747942892632117842e-09
4.539405544197283149e+00 2.633123995645186209e-09
4.569187547941903738e+00 2.261880666652486022e-09
4.599230258227382961e+00 2.689729939224737086e-09
4.629537694020593008e+00 5.956755670076531121e-09
4.660113955618596648e+00 1.058709573990233232e-08
4.690963226729293112e+00 1.076332808432946252e-08
4.722089776616123835e+00 6.397488615400482114e-09
4.753497962309302771e+00 2.824341784361297639e-09
4.785192230885826348e+00 2.670830696060647236e-09
4.817177121820895636e+00 5.331311393592199786e-09
4.849457269413340654e+00 7.579635211087821978e-09
4.882037405287709575e+00 6.670063734524770896e-09
4.914922360976011539e+00 5.487715555044335535e-09
4.948117070581908195e+00 5.920473986337648034e-09
4.981626573530626878e+00 6.851034116157738009e-09
5.015456017407652567e+00 6.923298526179765328e-09
5.049610660889745972e+00 4.681532634471088636e-09
5.084095876771596245e+00 2.993644387426516549e-09
5.118917155092026050e+00 2.654054627408228589e-09
5.154080106363324809e+00 2.730532986787393416e-09
5.189590464907923639e+00 3.957657916876168546e-09
5.225454092306433651e+00 4.654173759139040295e-09
5.261676980961550676e+00 3.933159430250391125e-09
5.298265257782244220e+00 4.147051095598757667e-09
5.335225187993163587e+00 3.256766249716896358e-09
5.372563179074077766e+00 2.093507830299065695e-09
5.410285784834729661e+00 3.227112883064353903e-09
5.448399709630405319e+00 5.201006938921679526e-09
5.486911812724086346e+00 4.084079424810752291e-09
5.525829112800970222e+00 1.965644183887864535e-09
5.565158792641854646e+00 9.586085541342327932e-10
5.604908203961667112e+00 1.326438254908514656e-09
5.645084872420248701e+00 4.494476807617888612e-09
5.685696502812371378e+00 8.834793896315547148e-09
5.726750984444712422e+00 5.937873633876771085e-09
5.768256396707492684e+00 2.271682664957250415e-09
5.810221014849253685e+00 2.232154087234972004e-09
5.852653315963272540e+00 3.231455859614502908e-09
5.895561985194872179e+00 3.274603511908545107e-09
5.938955922179146363e+00 5.354027960426685381e-09
5.982844247719065756e+00 9.239325591758302034e-09
6.027236310714632950e+00 1.190678816707358007e-08
6.072141695354100754e+00 7.631872497781783669e-09
6.117570228578833813e+00 6.449305410384164141e-09
6.163531987834188541e+00 6.645545063292301248e-09
6.210037309119105231e+00 7.727894854650292123e-09
6.257096795348075169e+00 6.393026985803166224e-09
6.304721325039668756e+00 2.834154518830100317e-09
6.352922061346506943e+00 2.996120131117086479e-09
6.401710461442654321e+00 5.300117308761014453e-09
6.451098286284771888e+00 1.061432351862893508e-08
6.501097610764786872e+00 1.090637601451119236e-08
6.551720834272277472e+00 5.902039892895045442e-09
6.602980691686179959e+00 8.697161284492888258e-09
6.654890264816202716e+00 1.034294300063274393e-08
6.707462994315653404e+00 9.280327085005560811e-09
6.760712692088343800e+00 3.706863583136010842e-09
6.814653554213885300e+00 3.124231649799859291e-09
6.869300174416541616e+00 6.369369117758335274e-09
6.924667558104775189e+00 3.957565145036509474e-09
6.980771137009639027e+00 6.079434402364813131e-09
7.037626784452278628e+00 7.459807456200699027e-09
7.095250831272059244e+00 1.090695763453825419e-08
7.153660082449184721e+00 6.093077734582917912e-09
7.212871834457117437e+00 7.714916296787531315e-09
7.272903893382699714e+00 3.436323072072361858e-09
7.333774593853726209e+00 3.032285358365934571e-09
7.395502818816384050e+00 2.858648414529323808e-09
7.458108020207268929e+00 3.731017118727607411e-09
7.521610240567749628e+00 4.639177779457302657e-09
7.586030135650939421e+00 3.136339898702924051e-09
7.651388998075133507e+00 1.008119653586421169e-09
7.717708782080382690e+00 1.009335189715451760e-09
7.785012129448951157e+00 3.767721173585427945e-09
7.853322396653874549e+00 4.136019865769335946e-09
7.922663683303971638e+00 6.912233604910603340e-09
7.993060861958362295e+00 9.641245568545430489e-09
8.064539609387720631e+00 1.296570243693198930e-08
8.137126439365120589e+00 5.373496339827379747e-09
8.210848737074378789e+00 2.925522519018314976e-09
8.285734795229668492e+00 5.302501479079059930e-09
8.361813852006719117e+00 5.410868321261079353e-09
8.439116130892415413e+00 1.007619527222270734e-08
8.517672882566811765e+00 3.673241850195120527e-09
8.597516428939853128e+00 4.186244404070252599e-09
8.678680209472870999e+00 2.007644400705018096e-09
8.761198829924738973e+00 2.998348545150060616e-09
8.845108113671690475e+00 1.404813708417464868e-08
8.930445155761116638e+00 5.181680470301851506e-09
9.017248379870389741e+00 4.745881539699066305e-09
9.105557598354891979e+00 1.131516320874967315e-08
9.195414075582201363e+00 3.244527207485985474e-09
9.286860594764410948e+00 7.172910387424082311e-09
9.379941528515811200e+00 2.017343161189935706e-09
9.474702913380864899e+00 3.471096897526215857e-09
9.571192528595130256e+00 3.457157796760816766e-09
9.669459979362780899e+00 1.049833764741080478e-09
9.769556784955327089e+00 3.222625992498268453e-09
9.871536471960840942e+00 3.221673959190355577e-09
9.975454673037942754e+00 6.156115151987447978e-09
1.008136923155793063e+01 9.707900588214758836e-09
1.018934031254830330e+01 8.434521223193191791e-09
1.029943052038522566e+01 8.230041069844680561e-09
1.041170502371859463e+01 1.429880106327098115e-08
1.052623168815380517e+01 1.629492868678498910e-08
1.064308121725768252e+01 3.075838579443177872e-09
1.076232730250476877e+01 7.583501864921287207e-09
1.088404678283179194e+01 2.769974770028693293e-09
1.100831981452695096e+01 6.831377398308569955e-09
1.113523005224294415e+01 5.927603247463359957e-09
1.126486484199331350e+01 2.154350719668615329e-09
1.139731542706779699e+01 2.411611362359934260e-09
1.153267716788676189e+01 3.957857689361746682e-09
1.167104977690866718e+01 2.711806265340786433e-08
1.181253756980620828e+01 2.919663828454729554e-09
1.195724973424156268e+01 1.128707271740249416e-09
1.210530061769597765e+01 9.978922306176467903e-09
1.225681003594877438e+01 1.306117711569689123e-09
1.241190360395464154e+01 1.014580747385457505e-09
1.257071309104042101e+01 1.935078409125335551e-09
1.273337680253192516e+01 8.966296040724979226e-10
1.290003999013476133e+01 6.080362636697153484e-09
1.307085529362815102e+01 7.022276608855729074e-09
1.324598321669588152e+01 7.511031833648227098e-09
1.342559264001181063e+01 1.295878541907128911e-08
1.360986137502873916e+01 9.032495746033301150e-09
1.379897676228727654e+01 3.243929749168876122e-09
1.399313631847826045e+01 1.832092505057049738e-09
1.419254843695589230e+01 1.902527400536718667e-09
1.439743314692606369e+01 1.012441898448760545e-09
1.460802293712368716e+01 7.110585222172122269e-09
1.482456365046278535e+01 5.040927492271753603e-09
1.504731545689699779e+01 3.305943053180917257e-09
1.527655391258613626e+01 7.567957803535241016e-09
1.551257111443440273e+01 6.077313723313502730e-09
1.575567696017295916e+01 1.614876742570424117e-09
1.600620052541652782e+01 8.717955097640076503e-09
1.626449157056262607e+01 4.218259997457986576e-09
1.653092219204418001e+01 1.859019792129527841e-09
1.680588863433074565e+01 2.119102327224239625e-09
1.708981328123576660e+01 4.007889682888274944e-09
1.738314684757837725e+01 4.235499010379848409e-09
1.768637079511793431e+01 1.276389144531030976e-09
1.800000000000201084e+01 5.993929356510487139e-10
