-1.800000000000201084e+01 5.026022176543757097e-09
-1.768637079511795918e+01 2.707231399913784618e-08
-1.738314684757837725e+01 8.679738007426121314e-08
-1.708981328123576660e+01 4.900039283439391329e-08
-1.680588863433072433e+01 5.058561496053532564e-08
-1.653092219204418001e+01 5.829987138270888908e-08
-1.626449157056260830e+01 1.157413999860822154e-07
-1.600620052541652782e+01 5.416059492867574056e-08
-1.575567696017295916e+01 1.607968530188566243e-07
-1.551257111443442049e+01 1.988079878792584431e-07
-1.527655391258613626e+01 2.361710544439816515e-07
-1.504731545689701200e+01 3.353613359216280473e-07
-1.482456365046278535e+01 3.593792133244124904e-07
-1.460802293712368716e+01 3.348522118347325837e-07
-1.439743314692604947e+01 4.210568436347035150e-07
-1.419254843695589230e+01 4.950351453090622405e-07
-1.399313631847824624e+01 6.222140410261495536e-07
-1.379897676228727654e+01 7.042048040655127330e-07
-1.360986137502872673e+01 8.041879073495047807e-07
-1.342559264001182306e+01 9.619314949899398510e-07
-1.324598321669588152e+01 1.029248666167037822e-06
-1.307085529362816168e+01 1.157137327755119591e-06
-1.290003999013476133e+01 1.323459719857896787e-06
-1.273337680253193582e+01 1.407556125205027989e-06
-1.257071309104041035e+01 1.585897037559705903e-06
-1.241190360395464154e+01 1.726057633015780041e-06
-1.225681003594876195e+01 1.917463834492497729e-06
-1.210530061769597765e+01 2.032916083290184224e-06
-1.195724973424155202e+01 2.394494183197253939e-06
-1.181253756980619762e+01 2.467746145282936212e-06
-1.167104977690866718e+01 2.720944275766571019e-06
-1.153267716788677255e+01 3.016575161320997587e-06
-1.139731542706779699e+01 3.096515566513234467e-06
-1.126486484199332239e+01 3.533572570769359346e-06
-1.113523005224293527e+01 3.717397666033522155e-06
-1.100831981452695096e+01 4.173320895163468479e-06
-1.088404678283180083e+01 4.275775416611471785e-06
-1.076232730250476877e+01 4.475789356071734716e-06
-1.064308121725769141e+01 4.662391001162896612e-06
-1.052623168815380517e+01 4.939049189248595787e-06
-1.041170502371859463e+01 5.474300609804093700e-06
-1.029943052038521678e+01 5.555644106642187686e-06
-1.018934031254830330e+01 5.814595636025572811e-06
-1.008136923155793951e+01 6.277437986684075423e-06
-9.975454673037956965e+00 6.641635798422705563e-06
-9.871536471960840942e+00 7.119433117639893300e-06
-9.769556784955334194e+00 7.547509426485390795e-06
-9.669459979362780899e+00 7.746472600587912859e-06
-9.571192528595137361e+00 8.311761222215233535e-06
-9.474702913380864899e+00 8.600240881059240434e-06
-9.379941528515811200e+00 8.630163805390010252e-06
-9.286860594764403842e+00 8.830607474219342995e-06
-9.195414075582201363e+00 9.048930948233219421e-06
-9.105557598354884874e+00 9.284813438982556804e-06
-9.017248379870389741e+00 9.653904530690566622e-06
-8.930445155761116638e+00 1.038377586350640522e-05
-8.845108113671695804e+00 1.082425697431432869e-05
-8.761198829924738973e+00 1.078372640262374282e-05
-8.678680209472876328e+00 1.104992058384948901e-05
-8.597516428939853128e+00 1.154105370789594425e-05
-8.517672882566811765e+00 1.139967430562240718e-05
-8.439116130892410084e+00 1.200836277298633783e-05
-8.361813852006719117e+00 1.254057107183854868e-05
-8.285734795229661387e+00 1.250380206114963535e-05
-8.210848737074378789e+00 1.310744080034652949e-05
-8.137126439365120589e+00 1.422014610309342230e-05
-8.064539609387715302e+00 1.464311458632502751e-05
-7.993060861958362295e+00 1.470183221085798948e-05
-7.922663683303976967e+00 1.489224251280732188e-05
-7.853322396653874549e+00 1.586912722427014750e-05
-7.785012129448951157e+00 1.545885156391543856e-05
-7.717708782080378249e+00 1.582351728496825841e-05
-7.651388998075133507e+00 1.610176053904541096e-05
-7.586030135650944750e+00 1.626542991472895320e-05
-7.521610240567749628e+00 1.667086662246186352e-05
-7.458108020207273370e+00 1.718831370012326317e-05
-7.395502818816379609e+00 1.728353055811304828e-05
-7.333774593853726209e+00 1.716016035625327833e-05
-7.272903893382695273e+00 1.783489639600577864e-05
-7.212871834457117437e+00 1.830991309338841265e-05
-7.153660082449187385e+00 1.810025389277331078e-05
-7.095250831272068126e+00 1.830582262657874188e-05
-7.037626784452278628e+00 1.870498165000525985e-05
-6.980771137009643468e+00 1.894624538585646187e-05
-6.924667558104775189e+00 1.921596552635490427e-05
-6.869300174416541616e+00 1.956042729779151266e-05
-6.814653554213885300e+00 1.976286899065837381e-05
-6.760712692088343800e+00 1.956109181040011416e-05
-6.707462994315648963e+00 2.043679818905020686e-05
-6.654890264816202716e+00 2.209383608643757463e-05
-6.602980691686176407e+00 2.252859765121919245e-05
-6.551720834272277472e+00 2.158608184877511911e-05
-6.501097610764786872e+00 2.156558148211923449e-05
-6.451098286284775440e+00 2.227114334621849512e-05
-6.401710461442654321e+00 2.224179371042146291e-05
-6.352922061346510496e+00 2.199205403882857634e-05
-6.304721325039668756e+00 2.244959602396484066e-05
-6.257096795348075169e+00 2.268011609278229872e-05
-6.210037309119101678e+00 2.280364421661978922e-05
-6.163531987834188541e+00 2.320684385558223080e-05
-6.117570228578837366e+00 2.367722038254950722e-05
-6.072141695354100754e+00 2.361071853694320110e-05
-6.027236310714632950e+00 2.368804057591717950e-05
-5.982844247719062203e+00 2.348375445222115765e-05
-5.938955922179146363e+00 2.342919369744848740e-05
-5.895561985194874843e+00 2.419368611764001519e-05
-5.852653315963272540e+00 2.521929249563314239e-05
-5.810221014849253685e+00 2.605990382309749618e-05
-5.768256396707496236e+00 2.510723326313074716e-05
-5.726750984444712422e+00 2.444667103659717140e-05
-5.685696502812374042e+00 2.489967268663678077e-05
-5.645084872420248701e+00 2.552678386223420146e-05
-5.604908203961667112e+00 2.583412238634595474e-05
-5.565158792641851981e+00 2.600008113408425507e-05
-5.525829112800970222e+00 2.612852641728192837e-05
-5.486911812724083681e+00 2.612258350909295063e-05
-5.448399709630409760e+00 2.641229735413818313e-05
-5.410285784834729661e+00 2.693236314591690076e-05
-5.372563179074079542e+00 2.698956948359468262e-05
-5.335225187993163587e+00 2.727637935895131047e-05
-5.298265257782246884e+00 2.785712310867452117e-05
-5.261676980961550676e+00 2.756512235160298838e-05
-5.225454092306433651e+00 2.789242737676159460e-05
-5.189590464907923639e+00 2.858897360902986181e-05
-5.154080106363324809e+00 2.725093696128872217e-05
-5.118917155092023386e+00 2.578612207323575662e-05
-5.084095876771596245e+00 2.631257275407803325e-05
-5.049610660889740643e+00 2.716410441552120491e-05
-5.015456017407655231e+00 2.779966264375249740e-05
-4.981626573530626878e+00 2.839001125080029708e-05
-4.948117070581910859e+00 2.837226672635933766e-05
-4.914922360976011539e+00 2.815989537449973493e-05
-4.882037405287712239e+00 2.824873536820944904e-05
-4.849457269413337102e+00 2.845597164310095331e-05
-4.817177121820895636e+00 2.840704632515108304e-05
-4.785192230885824571e+00 2.802154450198912579e-05
-4.753497962309302771e+00 2.786001046611406371e-05
-4.722089776616123835e+00 2.818729780761940860e-05
-4.690963226729293112e+00 2.871653722893390993e-05
-4.660113955618596648e+00 2.900875338566806736e-05
-4.629537694020590344e+00 2.907384494506765938e-05
-4.599230258227382961e+00 2.914456901648807634e-05
-4.569187547941903738e+00 2.947484483392870530e-05
-4.539405544197283149e+00 2.991728013151744129e-05
-4.509880307338105077e+00 3.019576101735750736e-05
-4.480607975061465353e+00 3.021367865134461095e-05
-4.451584760515686412e+00 2.993290943509832505e-05
-4.422806950454783781e+00 2.957854453126749944e-05
-4.394270903446768628e+00 2.941295486376230734e-05
-4.365973048133954926e+00 2.951873817131412094e-05
-4.337909881543509094e+00 2.982184773746653338e-05
-4.310077967446587444e+00 3.012777258376115816e-05
-4.282473934764412071e+00 3.026958673108194375e-05
-4.255094476019731786e+00 3.027125621966468525e-05
-4.227936345832168819e+00 3.024522034632717878e-05
-4.200996359456015128e+00 3.030300450495907301e-05
-4.174271391359062555e+00 3.049066568907071167e-05
-4.147758373841154089e+00 3.073976243523624110e-05
-4.121454295691163061e+00 3.103958990449855247e-05
-4.095356200881122177e+00 3.136707042379457608e-05
-4.069461187296388616e+00 3.160917242375002324e-05
-4.043766405500584860e+00 3.167654158560017139e-05
-4.018269057534298305e+00 3.158062243983425233e-05
-3.992966395746416985e+00 3.141114353729622659e-05
-3.967855721657088441e+00 3.125821572032651453e-05
-3.942934384851309204e+00 3.119268802657888172e-05
-3.918199781902168777e+00 3.137355435945477021e-05
-3.893649355322847061e+00 3.221062102703271465e-05
-3.869280592546462394e+00 3.386176562865118303e-05
-3.845091024932894896e+00 3.534279307343666962e-05
-3.821078226801797317e+00 3.538167308393481888e-05
-3.797239814490932730e+00 3.418269417412002028e-05
-3.773573445439120100e+00 3.286446466908169106e-05
-3.750076817293014120e+00 3.209039831847372381e-05
-3.726747667036997225e+00 3.198360528062655234e-05
-3.703583770145510101e+00 3.228347791930530900e-05
-3.680582939757102157e+00 3.257774956128821093e-05
-3.657743025869630404e+00 3.274688399845722034e-05
-3.635061914555887341e+00 3.283427220379555971e-05
-3.612537527199123133e+00 3.284291642047416915e-05
-3.590167819747855482e+00 3.286236017507608207e-05
-3.567950781989368547e+00 3.294901785464933095e-05
-3.545884436841426179e+00 3.291796264753456535e-05
-3.523966839661581307e+00 3.266661177217763029e-05
-3.502196077573649369e+00 3.247986959250732817e-05
-3.480570268810808887e+00 3.259858196276213516e-05
-3.459087562074850908e+00 3.292710176757581678e-05
-3.437746135911134981e+00 3.329884577211266302e-05
-3.416544198098792506e+00 3.367036252896596143e-05
-3.395479985055740890e+00 3.408230149905596963e-05
-3.374551761258098193e+00 3.445121474718494540e-05
-3.353757818673582580e+00 3.455653202154094345e-05
-3.333096476208523118e+00 3.439878338126096133e-05
-3.312566079168071553e+00 3.424293004667786387e-05
-3.292164998729279812e+00 3.428423175039868283e-05
-3.271891631426664837e+00 3.455810926428302260e-05
-3.251744398649922374e+00 3.504509420989188224e-05
-3.231721746153456643e+00 3.558990038617485967e-05
-3.211822143577407918e+00 3.586087349749256394e-05
-3.192044083979844071e+00 3.568745131013700660e-05
-3.172386083379843402e+00 3.527920219629383916e-05
-3.152846680311138350e+00 3.490849908155993194e-05
-3.133424435386072737e+00 3.464105725189324482e-05
-3.114117930869558570e+00 3.448872561259899711e-05
-3.094925770262795250e+00 3.456377178742358973e-05
-3.075846577896469647e+00 3.490675530558559375e-05
-3.056878998533198555e+00 3.533550167879284090e-05
-3.038021696978961295e+00 3.571684959707450437e-05
-3.019273357703287086e+00 3.616231279006024797e-05
-3.000632684467968048e+00 3.668985899993664569e-05
-2.982098399964077995e+00 3.704170086785007766e-05
-2.963669245457069223e+00 3.706534283009260060e-05
-2.945343980439752762e+00 3.695335169140524968e-05
-2.927121382292947160e+00 3.700293730556474263e-05
-2.909000245953597297e+00 3.731940434140341729e-05
-2.890979383590179363e+00 3.774443947442641045e-05
-2.873057624285205058e+00 3.799225265299324461e-05
-2.855233813724623815e+00 3.786968576262872963e-05
-2.837506813893987179e+00 3.740619434209611395e-05
-2.819875502781155951e+00 3.685341226860459798e-05
-2.802338774085429751e+00 3.655491781221565571e-05
-2.784895536932901372e+00 3.667299890142655092e-05
-2.767544715597910265e+00 3.702473725871443589e-05
-2.750285249230413953e+00 3.729757936289550740e-05
-2.733116091589155250e+00 3.739538193780369397e-05
-2.716036210780464089e+00 3.748444237439730204e-05
-2.699044589002566052e+00 3.776718546300695769e-05
-2.682140222295249732e+00 3.828717431226437841e-05
-2.665322120294779662e+00 3.888844644396248463e-05
-2.648589305993904297e+00 3.932716378402204834e-05
-2.631940815506855547e+00 3.949777517641293238e-05
-2.615375697839200431e+00 3.954409656618291272e-05
-2.598893014662444045e+00 3.968229421154181120e-05
-2.582491840093254609e+00 3.995815646931993544e-05
-2.566171260477212002e+00 4.021834690187972648e-05
-2.549930374176959447e+00 4.030104224253133760e-05
-2.533768291364664638e+00 4.025282175319749151e-05
-2.517684133818677505e+00 4.031789712676095471e-05
-2.501677034724291371e+00 4.067960396359554737e-05
-2.485746138478510670e+00 4.127608525652662677e-05
-2.469890600498723998e+00 4.191340643077056608e-05
-2.454109587035200768e+00 4.250288217049772376e-05
-2.438402274987315543e+00 4.312524381826266954e-05
-2.422767851723407695e+00 4.386361423192472545e-05
-2.407205514904207533e+00 4.462396467418224715e-05
-2.391714472309731221e+00 4.517581075915695448e-05
-2.376293941669569421e+00 4.537431218223675648e-05
-2.360943150496495058e+00 4.530962058983933330e-05
-2.345661335923311608e+00 4.523054706388081450e-05
-2.330447744542858413e+00 4.533988780786984410e-05
-2.315301632251118846e+00 4.565441070569849522e-05
-2.300222264093345625e+00 4.602924488356817867e-05
-2.285208914113144640e+00 4.630151097644092431e-05
-2.270260865204440481e+00 4.640469202488661186e-05
-2.255377408966269037e+00 4.635535373799082976e-05
-2.240557845560325223e+00 4.620052840498361211e-05
-2.225801483571210770e+00 4.603927373215869567e-05
-2.211107639869315467e+00 4.604188174774015896e-05
-2.196475639476279440e+00 4.635139545845170828e-05
-2.181904815432973432e+00 4.695148052431186760e-05
-2.167394508669943320e+00 4.767169044648974759e-05
-2.152944067880271817e+00 4.833346410746641969e-05
-2.138552849394784516e+00 4.889764387532713604e-05
-2.124220217059574090e+00 4.949181675272944529e-05
-2.109945542115772454e+00 5.027399427694027867e-05
-2.095728203081529628e+00 5.122535188938478958e-05
-2.081567585636154849e+00 5.209651604777195566e-05
-2.067463082506362237e+00 5.261293415970936870e-05
-2.053414093354584136e+00 5.272082012676171267e-05
-2.039420024669305942e+00 5.259427200695006353e-05
-2.025480289657382471e+00 5.243784089889565387e-05
-2.011594308138276332e+00 5.235621859803623625e-05
-1.997761506440205226e+00 5.240914162678085195e-05
-1.983981317298131319e+00 5.269866000689835968e-05
-1.970253179753569617e+00 5.332073601510838208e-05
-1.956576539056167352e+00 5.423843007772329028e-05
-1.942950846567025547e+00 5.526802145528687447e-05
-1.929375559663717654e+00 5.622693091049225998e-05
-1.915850141646975535e+00 5.708628314040314737e-05
-1.902374061649005244e+00 5.797397103169387724e-05
-1.888946794543396868e+00 5.904572494204266290e-05
-1.875567820856598900e+00 6.035291776273315459e-05
-1.862236626680921825e+00 6.180360640466356196e-05
-1.848952703589041180e+00 6.321990807203888788e-05
-1.835715548549967879e+00 6.444024425085524525e-05
-1.822524663846452730e+00 6.540774223131867596e-05
-1.809379556993800708e+00 6.619799003138271106e-05
-1.796279740660062796e+00 6.695441141319797987e-05
-1.783224732587581407e+00 6.775967188631505742e-05
-1.770214055515849871e+00 6.854735903991787931e-05
-1.757247237105675541e+00 6.914006926355590157e-05
-1.744323809864610553e+00 6.938390693231392655e-05
-1.731443311073621372e+00 6.926731788665230335e-05
-1.718605282714980698e+00 6.895015124296020848e-05
-1.705809271401351745e+00 6.870367283193332553e-05
-1.693054828306041149e+00 6.880518419161199800e-05
-1.680341509094399610e+00 6.943403047804273733e-05
-1.667668873856344547e+00 7.060818272963140599e-05
-1.655036487039980519e+00 7.218812187530172829e-05
-1.642443917386301022e+00 7.394732507883262896e-05
-1.629890737864948980e+00 7.567505932440638623e-05
-1.617376525611005755e+00 7.725934898818431198e-05
-1.604900861862805783e+00 7.870783382893313637e-05
-1.592463331900736856e+00 8.009947606041083917e-05
-1.580063524987020074e+00 8.150769418056627818e-05
-1.567701034306447028e+00 8.295262065921423726e-05
-1.555375456908052678e+00 8.440614623901034010e-05
-1.543086393647707277e+00 8.582641039067313306e-05
-1.530833449131608237e+00 8.718883327098241260e-05
-1.518616231660659732e+00 8.849625243460300709e-05
-1.506434353175712282e+00 8.976876847523529500e-05
-1.494287429203655870e+00 9.102657918698872619e-05
-1.482175078804342627e+00 9.228453131374861199e-05
-1.470096924518329295e+00 9.356639049727579621e-05
-1.458052592315416618e+00 9.492389703762277027e-05
-1.446041711543979202e+00 9.643059634301687504e-05
-1.434063914881057000e+00 9.813284184439190075e-05
-1.422118838283209508e+00 9.998323083026646255e-05
-1.410206120938107599e+00 1.018166060804980065e-04
-1.398325405216850115e+00 1.034118953063833956e-04
-1.386476336626996986e+00 1.046191788318425050e-04
-1.374658563766294916e+00 1.054732816561524192e-04
-1.362871738277095179e+00 1.062122524072782031e-04
-1.351115514801437101e+00 1.071771639837503057e-04
-1.339389550936797013e+00 1.086531099726383275e-04
-1.327693507192477362e+00 1.107571176922766433e-04
-1.316027046946637080e+00 1.134367013224098035e-04
-1.304389836403941239e+00 1.165522894658071096e-04
-1.292781544553817996e+00 1.199669793122796493e-04
-1.281201843129320173e+00 1.235947559552630240e-04
-1.269650406566570577e+00 1.274055772203729303e-04
-1.258126911964788874e+00 1.314067615863270247e-04
-1.246631039046874889e+00 1.356193769745481117e-04
-1.235162470120555911e+00 1.400605370276201381e-04
-1.223720890040073339e+00 1.447334879032436024e-04
-1.212305986168408234e+00 1.496179602470530429e-04
-1.200917448340022453e+00 1.546571009039728333e-04
-1.189554968824123149e+00 1.597519254811917595e-04
-1.178218242288426865e+00 1.647714585541895996e-04
-1.166906965763418569e+00 1.695779161515216635e-04
-1.155620838607101852e+00 1.740575403523945334e-04
-1.144359562470215863e+00 1.781510682232336038e-04
-1.133122841261928526e+00 1.818832235399181637e-04
-1.121910381115985400e+00 1.853905256141211687e-04
-1.110721890357309283e+00 1.889294609195053419e-04
-1.099557079469039467e+00 1.928394242636203171e-04
-1.088415661060010642e+00 1.974521155963424545e-04
-1.077297349832647466e+00 2.029834863022132924e-04
-1.066201862551285018e+00 2.094633179377537442e-04
-1.055128918010896033e+00 2.167384569961057364e-04
-1.044078237006218046e+00 2.245442135405167005e-04
-1.033049542301277102e+00 2.326179855331205653e-04
-1.022042558599299822e+00 2.408167985248318489e-04
-1.011057012512998066e+00 2.491851719741239269e-04
-1.000092632535235726e+00 2.579221674314162807e-04
-9.891491490100537964e-01 2.672527835347663608e-04
-9.782262941040561488e-01 2.772872051637367786e-04
-9.673238017781481402e-01 2.879799214563629828e-04
-9.564414077596213870e-01 2.992239648034357023e-04
-9.455788495145712735e-01 3.109964060470400823e-04
-9.347358662206534108e-01 3.234230058244979850e-04
-9.239121987401626157e-01 3.367088089212354044e-04
-9.131075895934324116e-01 3.510066370883093605e-04
-9.023217829325496098e-01 3.663452629570317087e-04
-8.915545245153719822e-01 3.826641088907765031e-04
-8.808055616798529108e-01 3.999090220198047579e-04
-8.700746433186589135e-01 4.181210446079724574e-04
-8.593615198540814903e-01 4.374822230140275976e-04
-8.486659432132259706e-01 4.583087093680470944e-04
-8.379876668034880183e-01 4.809814215831151600e-04
-8.273264454882990337e-01 5.058154056095260634e-04
-8.166820355631438932e-01 5.329132076941226273e-04
-8.060541947318363709e-01 5.620967930895508398e-04
-7.954426820830584610e-01 5.930007246470509093e-04
-7.848472580671504994e-01 6.253145060386195060e-04
-7.742676844731486430e-01 6.590395027026965712e-04
-7.637037244060699281e-01 6.945911840974349329e-04
-7.531551422644284788e-01 7.326848834917356560e-04
-7.426217037179922986e-01 7.741182206195986164e-04
-7.321031756857663275e-01 8.196214487750597350e-04
-7.215993263142009839e-01 8.698527853596462996e-04
-7.111099249556180890e-01 9.254471814858259652e-04
-7.006347421468592795e-01 9.870002425873376176e-04
-6.901735495881351490e-01 1.054980583971035007e-03
-6.797261201220911042e-01 1.129685704818936568e-03
-6.692922277130706199e-01 1.211326583957872492e-03
-6.588716474265783329e-01 1.300218454985248816e-03
-6.484641554089376481e-01 1.396953251045245179e-03
-6.380695288671385246e-01 1.502477192807410121e-03
-6.276875460488731129e-01 1.618089500696404115e-03
-6.173179862227488046e-01 1.745430295657283883e-03
-6.069606296586862459e-01 1.886485399479769171e-03
-5.966152576084875481e-01 2.043568608509511390e-03
-5.862816522865772484e-01 2.219244063377878891e-03
-5.759595968509094721e-01 2.416220625284255970e-03
-5.656488753840412942e-01 2.637308184619616570e-03
-5.553492728743597562e-01 2.885515630426252823e-03
-5.450605751974718638e-01 3.164297548160033800e-03
-5.347825690977430213e-01 3.477882350364155939e-03
-5.245150421699888987e-01 3.831551097340777680e-03
-5.142577828413065211e-01 4.231770401409370302e-03
-5.040105803530536832e-01 4.686139005352025870e-03
-4.937732247429644228e-01 5.203231594200945394e-03
-4.835455068274036594e-01 5.792531939658380688e-03
-4.733272181837471781e-01 6.464606765468755567e-03
-4.631181511328986700e-01 7.231531304886826099e-03
-4.529180987219272314e-01 8.107410973582977048e-03
-4.427268547068332061e-01 9.108780373712346140e-03
-4.325442135354257145e-01 1.025471344327864680e-02
-4.223699703303245845e-01 1.156677200756895708e-02
-4.122039208720716941e-01 1.306900615862243049e-02
-4.020458615823537807e-01 1.478816335254236509e-02
-3.918955895073323314e-01 1.675398398895888014e-02
-3.817529023010813316e-01 1.899911317589286774e-02
-3.716175982091194929e-01 2.155815218259680976e-02
-3.614894760520483419e-01 2.446577047454357237e-02
-3.513683352092828449e-01 2.775449542169378461e-02
-3.412539756028758475e-01 3.145312275384755385e-02
-3.311461976814312758e-01 3.558619922639270905e-02
-3.210448024041094306e-01 4.017382865622051019e-02
-3.109495912247085547e-01 4.523019302564201816e-02
-3.008603660758366605e-01 5.075904187900044662e-02
-2.907769293531580201e-01 5.674551779797094853e-02
-2.806990838997174276e-01 6.314385732952733365e-02
-2.706266329903371237e-01 6.986071067975682669e-02
-2.605593803160889399e-01 7.673491945883788301e-02
-2.504971299688272257e-01 8.351885603077263687e-02
-2.404396864257955790e-01 8.987350203596977671e-02
-2.303868545342923901e-01 9.539060871449174528e-02
-2.203384394963986970e-01 9.964821259689793376e-02
-2.102942468537628840e-01 1.022889349373668766e-01
-2.002540824724450275e-01 1.030954287936491631e-01
-1.902177525278067050e-01 1.020343965593205476e-01
-1.801850634894590075e-01 9.925424651517984753e-02
-1.701558221062540455e-01 9.504423203740025583e-02
-1.601298353913264694e-01 8.977980606483873527e-02
-1.501069106071708514e-01 8.388064695099065049e-02
-1.400868552507662790e-01 7.779725683020310978e-02
-1.300694770387391397e-01 7.203151277801139729e-02
-1.200545838925550501e-01 6.719409133069839668e-02
-1.100419839237516545e-01 6.409780073125467825e-02
-1.000314854191983877e-01 6.386733696752136535e-02
-9.002289682638489610e-02 6.799828723599066205e-02
-8.001602673873924043e-02 7.824802812079809100e-02
-7.001068388096250150e-02 9.623811841064561223e-02
-6.000667709439190534e-02 1.227481956852430195e-01
-5.000381532237931775e-02 1.568949323981422839e-01
-4.000190759568706539e-02 1.955972255457698039e-01
-3.000076301789707939e-02 2.337655385801345187e-01
-2.000019075083557876e-02 2.654069697500431313e-01
-9.999999999999974187e-03 2.853912770127680631e-01
0.000000000000000000e+00 2.912553211098868333e-01
9.999999999999974187e-03 2.843861057540946202e-01
2.000019075083557876e-02 2.702677188232959216e-01
3.000076301789707939e-02 2.579747341770864955e-01
4.000190759568635068e-02 2.593866744815049863e-01
5.000381532237860305e-02 2.884877827369057290e-01
6.000667709439118369e-02 3.606814082460290671e-01
7.001068388096322315e-02 4.916593407422981676e-01
8.001602673873996208e-02 6.953897445059538107e-01
9.002289682638561774e-02 9.812751190173745197e-01
1.000314854191983877e-01 1.351212244633470227e+00
1.100419839237516545e-01 1.797658404033246615e+00
1.200545838925550501e-01 2.303583110837618353e+00
1.300694770387391397e-01 2.844454397604480711e+00
1.400868552507662790e-01 3.391602337817217983e+00
1.501069106071708514e-01 3.915916104466568015e+00
1.601298353913264694e-01 4.390914752834531143e+00
1.701558221062540455e-01 4.794669239991765863e+00
1.801850634894582859e-01 5.110538639692746798e+00
1.902177525278067050e-01 5.327022545920728547e+00
2.002540824724450275e-01 5.437296970471448887e+00
2.102942468537628840e-01 5.438993918427222241e+00
2.203384394963986970e-01 5.334519604468628273e+00
2.303868545342923901e-01 5.131690424647452176e+00
2.404396864257955790e-01 4.843991515689126004e+00
2.504971299688272257e-01 4.489754787614517184e+00
2.605593803160889399e-01 4.090048710128064258e+00
2.706266329903371237e-01 3.665858076573249136e+00
2.806990838997167059e-01 3.235549163306275844e+00
2.907769293531572985e-01 2.813454369077911466e+00
3.008603660758359388e-01 2.409784551759167393e+00
3.109495912247092764e-01 2.031447760489187626e+00
3.210448024041101522e-01 1.683167330803622797e+00
3.311461976814320529e-01 1.368396156159159993e+00
3.412539756028758475e-01 1.089804470727474994e+00
3.513683352092828449e-01 8.493136298680128426e-01
3.614894760520483419e-01 6.477703779058771039e-01
3.716175982091194929e-01 4.844828571097179459e-01
3.817529023010813316e-01 3.569056057331354559e-01
3.918955895073323314e-01 2.607326061775934178e-01
4.020458615823530590e-01 1.904537601898858290e-01
4.122039208720709169e-01 1.401979318557134979e-01
4.223699703303238628e-01 1.045555210526215306e-01
4.325442135354264361e-01 7.911756131869690511e-02
4.427268547068339277e-01 6.064304938140741702e-02
4.529180987219279531e-01 4.693303662590541520e-02
4.631181511328986700e-01 3.656431025670205115e-02
4.733272181837471781e-01 2.862081796724280994e-02
4.835455068274036594e-01 2.249169326886088505e-02
4.937732247429644228e-01 1.774595913014649640e-02
5.040105803530536832e-01 1.406444516553445774e-02
5.142577828413065211e-01 1.120398009739042439e-02
5.245150421699888987e-01 8.977096123000851205e-03
5.347825690977430213e-01 7.238711275404648843e-03
5.450605751974710866e-01 5.876437740226237057e-03
5.553492728743597562e-01 4.803279566998830408e-03
5.656488753840412942e-01 3.952184698076554106e-03
5.759595968509094721e-01 3.272012095205371722e-03
5.862816522865772484e-01 2.724325316985030769e-03
5.966152576084875481e-01 2.280601639471553990e-03
6.069606296586862459e-01 1.919667455430572496e-03
6.173179862227488046e-01 1.625437230848808361e-03
6.276875460488731129e-01 1.385150325381103494e-03
6.380695288671385246e-01 1.188254007678064481e-03
6.484641554089369819e-01 1.025925578162920765e-03
6.588716474265774448e-01 8.909942755684690727e-04
6.692922277130698427e-01 7.779123984851619295e-04
6.797261201220904381e-01 6.825433198548116641e-04
6.901735495881360372e-01 6.017743157034552556e-04
7.006347421468600567e-01 5.331296144436642676e-04
7.111099249556188662e-01 4.745383457234952852e-04
7.215993263142009839e-01 4.242738468163300249e-04
7.321031756857663275e-01 3.809706052652431512e-04
7.426217037179922986e-01 3.436320513189734501e-04
7.531551422644284788e-01 3.115777638085588837e-04
7.637037244060699281e-01 2.843129711380256797e-04
7.742676844731486430e-01 2.613453364816173212e-04
7.848472580671498333e-01 2.420253996007239985e-04
7.954426820830577949e-01 2.255133181775887893e-04
8.060541947318363709e-01 2.109138959314438527e-04
8.166820355631446704e-01 1.974927976967397029e-04
8.273264454882999219e-01 1.848159819414517998e-04
8.379876668034880183e-01 1.727240677900884790e-04
8.486659432132259706e-01 1.611994153822248453e-04
8.593615198540814903e-01 1.502549579104109335e-04
8.700746433186589135e-01 1.399097388000090903e-04
8.808055616798529108e-01 1.302104207413719609e-04
8.915545245153719822e-01 1.212335186218911696e-04
9.023217829325496098e-01 1.130591157419995243e-04
9.131075895934324116e-01 1.057494300383212305e-04
9.239121987401619496e-01 9.934596154911807034e-05
9.347358662206525226e-01 9.385984691196779873e-05
9.455788495145712735e-01 8.923916745035920597e-05
9.564414077596213870e-01 8.534034911409866598e-05
9.673238017781488063e-01 8.194867513148668136e-05
9.782262941040561488e-01 7.885069766935897631e-05
9.891491490100537964e-01 7.591085814285307930e-05
1.000092632535235726e+00 7.309582238466098445e-05
1.011057012512998066e+00 7.043759862109094639e-05
1.022042558599299822e+00 6.797697608380389909e-05
1.033049542301277102e+00 6.573071259365370373e-05
1.044078237006217380e+00 6.368869792393060710e-05
1.055128918010895367e+00 6.182063651019538203e-05
1.066201862551284352e+00 6.008256656914573695e-05
1.077297349832648132e+00 5.843422720747335213e-05
1.088415661060011308e+00 5.686703144145116399e-05
1.099557079469040355e+00 5.541525464045657883e-05
1.110721890357309283e+00 5.412630795971859504e-05
1.121910381115985400e+00 5.301004896158924089e-05
1.133122841261928526e+00 5.201741853975844752e-05
1.144359562470215863e+00 5.107328721864971941e-05
1.155620838607101852e+00 5.013188265319194856e-05
1.166906965763418569e+00 4.920034634656952368e-05
1.178218242288425976e+00 4.831103462434927810e-05
1.189554968824123149e+00 4.747280960992515751e-05
1.200917448340022453e+00 4.664598306805017343e-05
1.212305986168408900e+00 4.576230124075899490e-05
1.223720890040074227e+00 4.477342693317246943e-05
1.235162470120555911e+00 4.369100432035920062e-05
1.246631039046874889e+00 4.258606929318902714e-05
1.258126911964788874e+00 4.154743163443345034e-05
1.269650406566570577e+00 4.063339766589672830e-05
1.281201843129320173e+00 3.986111521634146901e-05
1.292781544553817996e+00 3.924407299651137490e-05
1.304389836403941239e+00 3.883568418758407347e-05
1.316027046946637080e+00 3.872335531755498247e-05
1.327693507192476696e+00 3.896067774141668514e-05
1.339389550936796125e+00 3.949098299083191055e-05
1.351115514801436435e+00 4.013412144816149010e-05
1.362871738277095179e+00 4.066052749131243027e-05
1.374658563766295805e+00 4.090511015929821660e-05
1.386476336626997652e+00 4.084018307257994515e-05
1.398325405216850559e+00 4.055735821575547756e-05
1.410206120938107599e+00 4.018014260561362914e-05
1.422118838283209508e+00 3.978018673410199234e-05
1.434063914881057000e+00 3.935536457315766531e-05
1.446041711543979202e+00 3.886622540135384882e-05
1.458052592315416618e+00 3.828213982062855585e-05
1.470096924518328407e+00 3.760289123304990831e-05
1.482175078804341739e+00 3.686211033290145273e-05
1.494287429203654982e+00 3.613041404809829208e-05
1.506434353175713392e+00 3.551754075272240438e-05
1.518616231660660620e+00 3.515326612499906575e-05
1.530833449131608681e+00 3.513360154222692274e-05
1.543086393647707277e+00 3.544458491479874653e-05
1.555375456908052678e+00 3.591606655788591814e-05
1.567701034306447028e+00 3.627393495080361577e-05
1.580063524987019630e+00 3.630160161880100476e-05
1.592463331900736190e+00 3.600571399277819522e-05
1.604900861862805117e+00 3.563671318666072451e-05
1.617376525611005755e+00 3.552618961649200763e-05
1.629890737864948091e+00 3.587108403335750498e-05
1.642443917386300800e+00 3.663748986299516732e-05
1.655036487039980742e+00 3.762845300622594160e-05
1.667668873856345213e+00 3.861188117050838630e-05
1.680341509094400276e+00 3.939401716416387133e-05
1.693054828306040926e+00 3.982920306256522430e-05
1.705809271401351079e+00 3.983289631351167302e-05
1.718605282714980920e+00 3.942539189850650152e-05
1.731443311073621594e+00 3.875215670528888622e-05
1.744323809864610997e+00 3.802780776277921816e-05
1.757247237105675541e+00 3.743399478391217872e-05
1.770214055515848983e+00 3.705227801252112304e-05
1.783224732587580741e+00 3.686921945410517247e-05
1.796279740660062352e+00 3.682354661877254001e-05
1.809379556993800708e+00 3.685165232333464138e-05
1.822524663846453397e+00 3.691322298456510185e-05
1.835715548549968767e+00 3.699371587949605307e-05
1.848952703589041624e+00 3.708916456335180670e-05
1.862236626680921825e+00 3.719278248894446789e-05
1.875567820856598900e+00 3.729474781902796697e-05
1.888946794543396868e+00 3.738206126430558156e-05
1.902374061649005244e+00 3.743134144566059222e-05
1.915850141646975535e+00 3.741408335197176624e-05
1.929375559663716988e+00 3.732211296226712357e-05
1.942950846567024437e+00 3.718300730919572194e-05
1.956576539056166242e+00 3.703974001233743455e-05
1.970253179753570727e+00 3.691867561341079891e-05
1.983981317298132430e+00 3.682656062356560615e-05
1.997761506440205892e+00 3.677605148800446760e-05
2.011594308138276332e+00 3.680416014266897769e-05
2.025480289657382471e+00 3.695727255767162817e-05
2.039420024669305942e+00 3.724688852512575784e-05
2.053414093354583247e+00 3.761219456122949143e-05
2.067463082506361793e+00 3.794186864546586783e-05
2.081567585636154405e+00 3.816139565155180706e-05
2.095728203081529628e+00 3.829955473878432791e-05
2.109945542115771566e+00 3.844968967255215145e-05
2.124220217059573645e+00 3.867111453917519194e-05
2.138552849394784072e+00 3.894352909190549060e-05
2.152944067880272261e+00 3.920269620222410745e-05
2.167394508669943765e+00 3.939756374634083074e-05
2.181904815432972988e+00 3.952040697195238886e-05
2.196475639476278996e+00 3.959504070212139761e-05
2.211107639869315911e+00 3.962984483407175579e-05
2.225801483571211214e+00 3.958448409807209344e-05
2.240557845560325667e+00 3.941399881794863471e-05
2.255377408966268149e+00 3.917385861082151933e-05
2.270260865204440481e+00 3.905952140973709591e-05
2.285208914113143308e+00 3.928001736086219513e-05
2.300222264093344737e+00 3.985676153997813804e-05
2.315301632251118846e+00 4.057424585592719131e-05
2.330447744542859301e+00 4.114543485697343502e-05
2.345661335923311608e+00 4.139362886318999856e-05
2.360943150496495946e+00 4.128853800468788702e-05
2.376293941669568088e+00 4.091061216855308561e-05
2.391714472309731221e+00 4.044805320806290445e-05
2.407205514904206645e+00 4.017381000019211267e-05
2.422767851723407695e+00 4.035589248874599548e-05
2.438402274987316432e+00 4.116709881395334483e-05
2.454109587035200768e+00 4.259224978899610228e-05
2.469890600498723998e+00 4.429541144592078600e-05
2.485746138478509337e+00 4.563479662862433758e-05
2.501677034724291371e+00 4.600725237356924243e-05
2.517684133818678394e+00 4.526495690116761651e-05
2.533768291364664638e+00 4.380491577990639157e-05
2.549930374176959891e+00 4.231070225663926697e-05
2.566171260477213334e+00 4.136593895797062816e-05
2.582491840093254609e+00 4.115840800524933157e-05
2.598893014662444489e+00 4.146504029632288208e-05
2.615375697839199987e+00 4.191023075598873616e-05
2.631940815506855991e+00 4.224555084691005710e-05
2.648589305993903409e+00 4.244725127713058825e-05
2.665322120294779218e+00 4.266713052254569644e-05
2.682140222295247955e+00 4.312754100198874069e-05
2.699044589002565164e+00 4.393005206957879989e-05
2.716036210780464977e+00 4.486294708681821632e-05
2.733116091589157026e+00 4.548340887130086215e-05
2.750285249230413953e+00 4.548000560981285120e-05
2.767544715597911598e+00 4.492996749913061847e-05
2.784895536932901372e+00 4.417943913021995107e-05
2.802338774085429751e+00 4.354171124558494510e-05
2.819875502781155063e+00 4.318842511345642081e-05
2.837506813893987179e+00 4.319813149470664562e-05
2.855233813724622927e+00 4.350171322610903440e-05
2.873057624285204170e+00 4.384980093443031652e-05
2.890979383590180252e+00 4.401690852484768635e-05
2.909000245953595520e+00 4.402572931146313587e-05
2.927121382292947160e+00 4.405875145968088922e-05
2.945343980439754095e+00 4.416145854975926600e-05
2.963669245457068335e+00 4.415601512329754097e-05
2.982098399964077995e+00 4.390665756793502190e-05
3.000632684467967159e+00 4.356594676275457329e-05
3.019273357703287086e+00 4.339813464962126671e-05
3.038021696978962627e+00 4.344463577789892767e-05
3.056878998533198555e+00 4.355558696143618704e-05
3.075846577896470535e+00 4.364291927644550653e-05
3.094925770262794362e+00 4.374172299624434188e-05
3.114117930869559014e+00 4.392649721355723191e-05
3.133424435386071849e+00 4.421863279540581951e-05
3.152846680311138350e+00 4.455197365169393843e-05
3.172386083379844290e+00 4.487651371420871326e-05
3.192044083979846292e+00 4.518821227965783607e-05
3.211822143577407918e+00 4.541561172197969591e-05
3.231721746153457975e+00 4.547303356649740383e-05
3.251744398649921930e+00 4.540719023550334913e-05
3.271891631426665281e+00 4.529763763710429415e-05
3.292164998729279368e+00 4.518250363944439414e-05
3.312566079168071553e+00 4.517580823849486288e-05
3.333096476208521786e+00 4.537128302951864820e-05
3.353757818673582580e+00 4.570501139677882196e-05
3.374551761258096416e+00 4.605734462548209207e-05
3.395479985055740446e+00 4.630102785999523125e-05
3.416544198098793395e+00 4.637074612138612214e-05
3.437746135911136314e+00 4.643479586090671436e-05
3.459087562074850908e+00 4.670326660630390433e-05
3.480570268810810663e+00 4.704786918333428019e-05
3.502196077573649369e+00 4.708345411160747170e-05
3.523966839661581307e+00 4.665055918853919150e-05
3.545884436841424847e+00 4.608205267554277111e-05
3.567950781989368547e+00 4.586300603771950292e-05
3.590167819747851929e+00 4.613967364690632362e-05
3.612537527199123133e+00 4.676481578617006324e-05
3.635061914555887341e+00 4.754842023339522761e-05
3.657743025869628628e+00 4.814727013363926484e-05
3.680582939757102157e+00 4.802954905359486340e-05
3.703583770145510101e+00 4.715799934324343436e-05
3.726747667036997225e+00 4.612049566447377213e-05
3.750076817293014120e+00 4.528584011325291502e-05
3.773573445439117879e+00 4.499524284740847490e-05
3.797239814490932730e+00 4.552764617363491706e-05
3.821078226801799538e+00 4.633575667631888867e-05
3.845091024932894896e+00 4.669672864789904492e-05
3.869280592546462394e+00 4.643061569495042111e-05
3.893649355322847061e+00 4.581462088729573831e-05
3.918199781902168777e+00 4.546151281782743201e-05
3.942934384851307872e+00 4.574337750885432163e-05
3.967855721657088441e+00 4.634800209787154969e-05
3.992966395746416985e+00 4.671308999604614271e-05
4.018269057534300082e+00 4.670941612676247261e-05
4.043766405500584860e+00 4.678574118045789656e-05
4.069461187296391280e+00 4.704217132025131481e-05
4.095356200881122177e+00 4.704386153142453271e-05
4.121454295691163061e+00 4.683486743315634301e-05
4.147758373841154089e+00 4.695906515084205312e-05
4.174271391359062555e+00 4.733557914212242881e-05
4.200996359456013352e+00 4.743074398246347042e-05
4.227936345832168819e+00 4.723161426819436347e-05
4.255094476019727345e+00 4.680248895062935090e-05
4.282473934764413848e+00 4.628697160077579695e-05
4.310077967446587444e+00 4.612722333724476257e-05
4.337909881543510870e+00 4.616269629542449902e-05
4.365973048133954926e+00 4.596593915009468531e-05
4.394270903446770404e+00 4.562151486023160622e-05
4.422806950454781116e+00 4.567706630825962692e-05
4.451584760515686412e+00 4.581502499933083313e-05
4.480607975061463577e+00 4.555441842861000936e-05
4.509880307338105077e+00 4.539522916498028122e-05
4.539405544197283149e+00 4.557973175963360576e-05
4.569187547941903738e+00 4.595494637219094103e-05
4.599230258227382961e+00 4.611430490871654706e-05
4.629537694020593008e+00 4.524913725995877004e-05
4.660113955618596648e+00 4.293240493217025496e-05
4.690963226729293112e+00 4.122904725468651342e-05
4.722089776616123835e+00 4.220866993570578037e-05
4.753497962309302771e+00 4.350972215313912657e-05
4.785192230885826348e+00 4.378045750904962456e-05
4.817177121820895636e+00 4.385449363964327187e-05
4.849457269413340654e+00 4.377604639397759701e-05
4.882037405287709575e+00 4.389031487212453024e-05
4.914922360976011539e+00 4.409581301323913286e-05
4.948117070581908195e+00 4.387331595625816420e-05
4.981626573530626878e+00 4.341774953715867957e-05
5.015456017407652567e+00 4.330124354607556373e-05
5.049610660889745972e+00 4.345665867745083762e-05
5.084095876771596245e+00 4.360974315476762517e-05
5.118917155092026050e+00 4.365735076495751773e-05
5.154080106363324809e+00 4.364134829689016041e-05
5.189590464907923639e+00 4.343543764716843074e-05
5.225454092306433651e+00 4.305761144890275847e-05
5.261676980961550676e+00 4.260586070379134992e-05
5.298265257782244220e+00 4.218264778798420039e-05
5.335225187993163587e+00 4.200164991365844659e-05
5.372563179074077766e+00 4.213252699552708742e-05
5.410285784834729661e+00 4.216924577120608939e-05
5.448399709630405319e+00 4.242586880883346450e-05
5.486911812724086346e+00 4.244259074214241641e-05
5.525829112800970222e+00 4.159404691367682297e-05
5.565158792641854646e+00 4.137553175789513891e-05
5.604908203961667112e+00 4.159236374635608553e-05
5.645084872420248701e+00 4.086893468560932890e-05
5.685696502812371378e+00 3.957980695683242534e-05
5.726750984444712422e+00 3.906094094669192336e-05
5.768256396707492684e+00 3.974046100472173779e-05
5.810221014849253685e+00 4.078484313871662118e-05
5.852653315963272540e+00 3.994428896410670744e-05
5.895561985194872179e+00 3.878755735810341591e-05
5.938955922179146363e+00 3.873074750733802765e-05
5.982844247719065756e+00 3.857931368325131453e-05
6.027236310714632950e+00 3.778009192732966799e-05
6.072141695354100754e+00 3.771419557285092858e-05
6.117570228578833813e+00 3.719129331586589594e-05
6.163531987834188541e+00 3.711728996535252777e-05
6.210037309119105231e+00 3.697586771088813128e-05
6.257096795348075169e+00 3.595236040210040646e-05
6.304721325039668756e+00 3.542223290345052739e-05
6.352922061346506943e+00 3.487917945567795442e-05
6.401710461442654321e+00 3.467685994160874419e-05
6.451098286284771888e+00 3.410392386757371319e-05
6.501097610764786872e+00 3.376945284297118492e-05
6.551720834272277472e+00 3.377863623079186057e-05
6.602980691686179959e+00 3.314544970762902732e-05
6.654890264816202716e+00 3.252813203649288854e-05
6.707462994315653404e+00 3.215787047131640341e-05
6.760712692088343800e+00 3.168237505265344338e-05
6.814653554213885300e+00 3.084877699817364677e-05
6.869300174416541616e+00 3.102262913913986209e-05
6.924667558104775189e+00 3.039258795317787353e-05
6.980771137009639027e+00 2.986736469935254238e-05
7.037626784452278628e+00 2.971508486108565656e-05
7.095250831272059244e+00 2.943587234859619320e-05
7.153660082449184721e+00 2.951823696450099751e-05
7.212871834457117437e+00 2.947099463559156834e-05
7.272903893382699714e+00 2.849201811651163858e-05
7.333774593853726209e+00 2.781279823015689724e-05
7.395502818816384050e+00 2.713373529539032946e-05
7.458108020207268929e+00 2.689051580891272801e-05
7.521610240567749628e+00 2.620607488290432018e-05
7.586030135650939421e+00 2.577801462249284213e-05
7.651388998075133507e+00 2.505706232557071704e-05
7.717708782080382690e+00 2.453953165968312617e-05
7.785012129448951157e+00 2.368307239027335817e-05
7.853322396653874549e+00 2.291214806952643454e-05
7.922663683303971638e+00 2.255046070320466326e-05
7.993060861958362295e+00 2.195814696818596185e-05
8.064539609387720631e+00 2.157754082380600356e-05
8.137126439365120589e+00 2.184759819521258850e-05
8.210848737074378789e+00 2.101786245551900148e-05
8.285734795229668492e+00 1.998887869249253902e-05
8.361813852006719117e+00 1.911357282552006494e-05
8.439116130892415413e+00 1.876813407580135498e-05
8.517672882566811765e+00 1.826151761010915938e-05
8.597516428939853128e+00 1.793232295449480898e-05
8.678680209472870999e+00 1.736861640495503286e-05
8.761198829924738973e+00 1.633190665404511135e-05
8.845108113671690475e+00 1.634405352913738559e-05
8.930445155761116638e+00 1.582488401574999603e-05
9.017248379870389741e+00 1.475676729444967460e-05
9.105557598354891979e+00 1.475165487984774620e-05
9.195414075582201363e+00 1.416042951698068279e-05
9.286860594764410948e+00 1.350193868989385387e-05
9.379941528515811200e+00 1.315500385395357756e-05
9.474702913380864899e+00 1.258079515363705813e-05
9.571192528595130256e+00 1.157851916759034718e-05
9.669459979362780899e+00 1.147099271028020355e-05
9.769556784955327089e+00 1.082862932308726444e-05
9.871536471960840942e+00 1.029352614484752991e-05
9.975454673037942754e+00 1.001821960068948822e-05
1.008136923155793063e+01 9.557956943775441715e-06
1.018934031254830330e+01 8.642440857118802215e-06
1.029943052038522566e+01 8.141030447668192610e-06
1.041170502371859463e+01 7.743465246719937335e-06
1.052623168815380517e+01 7.236011562240487963e-06
1.064308121725768252e+01 6.880900060802551282e-06
1.076232730250476877e+01 6.679206421612097175e-06
1.088404678283179194e+01 6.040126383830265590e-06
1.100831981452695096e+01 5.417342349391645152e-06
1.113523005224294415e+01 5.361720784835356449e-06
1.126486484199331350e+01 5.016782673331084125e-06
1.139731542706779699e+01 4.707979981937605101e-06
1.153267716788676189e+01 4.312066359353917702e-06
1.167104977690866718e+01 4.024666270433723666e-06
1.181253756980620828e+01 3.682818847504010007e-06
1.195724973424156268e+01 3.515323643071734732e-06
1.210530061769597765e+01 3.125770663034137744e-06
1.225681003594877438e+01 2.844081547536467987e-06
1.241190360395464154e+01 2.525741626014131295e-06
1.257071309104042101e+01 2.294903922364831360e-06
1.273337680253192516e+01 2.125122916491185833e-06
1.290003999013476133e+01 1.767717582630319640e-06
1.307085529362815102e+01 1.656717432481994017e-06
1.324598321669588152e+01 1.420040457256189210e-06
1.342559264001181063e+01 1.304163258283992848e-06
1.360986137502873916e+01 1.147074828623734897e-06
1.379897676228727654e+01 9.521424992453547007e-07
1.399313631847826045e+01 8.116224320857348141e-07
1.419254843695589230e+01 7.533628073026557070e-07
1.439743314692606369e+01 6.307062996724793976e-07
1.460802293712368716e+01 5.164503844254059516e-07
1.482456365046278535e+01 4.570539330336445783e-07
1.504731545689699779e+01 3.817527847989781488e-07
1.527655391258613626e+01 2.684312918563824970e-07
1.551257111443440273e+01 2.440861628993572013e-07
1.575567696017295916e+01 2.156003565521336283e-07
1.600620052541652782e+01 1.259103115797655018e-07
1.626449157056262607e+01 1.249969849888001493e-07
1.653092219204418001e+01 1.196504674874451630e-07
1.680588863433074565e+01 7.410648975560934840e-08
1.708981328123576660e+01 6.877733504507526059e-08
1.738314684757837725e+01 5.304677471025212064e-08
1.768637079511793431e+01 3.628748592852538330e-08
1.800000000000201084e+01 2.169681644809653256e-08
