0.0628318530718 0.0 -0.994718394324
0.188495559215 0.0 -0.331572798108
0.314159265359 0.0 -0.198943678865
0.439822971503 0.0 -0.142102627761
0.565486677646 0.0 -0.110524266036
0.69115038379 0.0 -0.0904289449386
0.816814089933 0.0 -0.0765167995634
0.942477796077 0.0 -0.0663145596216
1.06814150222 0.0 -0.058512846725
1.19380520836 0.0 -0.0523535997013
1.31946891451 0.0 -0.0473675425869
1.44513262065 0.0 -0.0432486258402
1.57079632679 0.0 -0.039788735773
1.69646003294 0.0 -0.036841422012
1.82212373908 0.0 -0.034300634287
1.94778744523 0.0 -0.0320876901395
2.07345115137 0.0 -0.0301429816462
2.19911485751 0.0 -0.0284205255521
2.32477856366 0.0 -0.0268842809277
2.4504422698 0.0 -0.0255055998545
2.57610597594 0.0 -0.0242614242518
2.70176968209 0.0 -0.0231329859145
2.82743338823 0.0 -0.0221048532072
2.95309709437 0.0 -0.0211642211558
3.07876080052 0.0 -0.0203003753944
3.20442450666 0.0 -0.0195042822417
3.33008821281 0.0 -0.018768271591
3.45575191895 0.0 -0.0180857889877
3.58141562509 0.0 -0.0174511999004
3.70707933124 0.0 -0.0168596338021
3.83274303738 0.0 -0.0163068589234
3.95840674352 0.0 -0.0157891808623
4.08407044967 0.0 -0.0153033599127
4.20973415581 0.0 -0.0148465431989
4.33539786195 0.0 -0.0144162086134
4.4610615681 0.0 -0.0140101182299
4.58672527424 0.0 -0.0136262793743
4.71238898038 0.0 -0.0132629119243
4.83805268653 0.0 -0.0129184207055
4.96371639267 0.0 -0.0125913720801
5.08938009882 0.0 -0.012280474004
5.21504380496 0.0 -0.0119845589678
5.3407075111 0.0 -0.011702569345
5.46637121725 0.0 -0.0114335447623
5.59203492339 0.0 -0.0111766111722
5.71769862953 0.0 -0.0109309713662
5.84336233568 0.0 -0.0106958967132
5.96902604182 0.0 -0.0104707199403
6.09468974796 0.0 -0.0102548288075
6.22035345411 0.0 -0.0100476605487
6.34601716025 0.0 -0.00984869697351
6.47168086639 0.0 -0.00965746013907
6.59734457254 0.0 -0.00947350851738
6.72300827868 0.0 -0.00929643359182
6.84867198483 0.0 -0.00912585682866
6.97433569097 0.0 -0.00896142697589
7.09999939711 0.0 -0.00880281764889
7.22566310326 0.0 -0.00864972516804
7.3513268094 0.0 -0.00850186661816
7.47699051554 0.0 -0.00835897810357
7.60265422169 0.0 -0.00822081317623
7.72831792783 0.0 -0.00808714141727
7.85398163397 0.0 -0.0079577471546
7.97964534012 0.0 -0.00783242830177
8.10530904626 0.0 -0.00771099530484
8.23097275241 0.0 -0.00759327018568
8.35663645855 0.0 -0.00747908567161
8.48230016469 0.0 -0.0073682844024
8.60796387084 0.0 -0.00726071820675
8.73362757698 0.0 -0.00715624744118
8.85929128312 0.0 -0.00705474038528
8.98495498927 0.0 -0.00695607268758
9.11061869541 0.0 -0.00686012685741
9.23628240155 0.0 -0.00676679179812
9.3619461077 0.0 -0.00667596237802
9.48760981384 0.0 -0.00658753903526
9.61327351998 0.0 -0.00650142741389
9.73893722613 0.0 -0.0064175380279
9.86460093227 0.0 -0.00633578595111
9.99026463842 0.0 -0.00625609053034
10.1159283446 0.0 -0.00617837512003
10.2415920507 0.0 -0.00610256683635
10.3672557568 0.0 -0.00602859632924
10.492919463 0.0 -0.0059563975708
10.6185831691 0.0 -0.00588590765872
10.7442468753 0.0 -0.00581706663348
10.8699105814 0.0 -0.00574981730823
10.9955742876 0.0 -0.00568410511043
11.1212379937 0.0 -0.00561987793403
11.2469016999 0.0 -0.00555708600181
11.372565406 0.0 -0.0054956817366
11.4982291121 0.0 -0.00543561964112
11.6238928183 0.0 -0.00537685618553
11.7495565244 0.0 -0.00531934970227
11.8752202306 0.0 -0.00526306028743
12.0008839367 0.0 -0.0052079497085
12.1265476429 0.0 -0.00515398131774
12.252211349 0.0 -0.00510111997089
12.3778750551 0.0 -0.00504933195088
12.5035387613 0.0 -0.0049985848961
12.6292024674 0.0 -0.00494884773296
12.7548661736 0.0 -0.00490009061244
12.8805298797 0.0 -0.00485228485037
13.0061935859 0.0 -0.00480540287113
13.131857292 0.0 -0.00475941815466
13.2575209981 0.0 -0.00471430518637
13.3831847043 0.0 -0.00467003940997
13.5088484104 0.0 -0.0046265971829
13.6345121166 0.0 -0.00458395573422
13.7601758227 0.0 -0.00454209312477
13.8858395289 0.0 -0.00450098820961
14.011503235 0.0 -0.00446062060235
14.1371669412 0.0 -0.00442097064144
14.2628306473 0.0 -0.00438201935826
14.3884943534 0.0 -0.00434374844683
14.5141580596 0.0 -0.00430614023517
14.6398217657 0.0 -0.00426917765804
14.7654854719 0.0 -0.00423284423116
14.891149178 0.0 -0.00419712402669
15.0168128842 0.0 -0.00416200164989
15.1424765903 0.0 -0.00412746221711
15.2681402964 0.0 -0.00409349133467
15.3938040026 0.0 -0.00406007507888
15.5194677087 0.0 -0.00402719997702
15.6451314149 0.0 -0.00399485298925
15.770795121 0.0 -0.00396302149133
15.8964588272 0.0 -0.0039316932582
16.0221225333 0.0 -0.00390085644833
16.1477862395 0.0 -0.00387049958881
16.2734499456 0.0 -0.0038406115611
16.3991136517 0.0 -0.00381118158745
16.5247773579 0.0 -0.00378219921796
16.650441064 0.0 -0.00375365431821
16.7761047702 0.0 -0.0037255370574
16.9017684763 0.0 -0.00369783789712
17.0274321825 0.0 -0.00367054758053
17.1530958886 0.0 -0.00364365712207
17.2787595947 0.0 -0.00361715779754
17.4044233009 0.0 -0.00359104113474
17.530087007 0.0 -0.00356529890439
17.6557507132 0.0 -0.00353992311148
17.7814144193 0.0 -0.00351490598701
17.9070781255 0.0 -0.00349023998008
18.0327418316 0.0 -0.00346591775026
18.1584055377 0.0 -0.00344193216029
18.2840692439 0.0 -0.00341827626916
18.40973295 0.0 -0.00339494332534
18.5353966562 0.0 -0.00337192676042
18.6610603623 0.0 -0.00334922018292
18.7867240685 0.0 -0.00332681737232
18.9123877746 0.0 -0.0033047122735
19.0380514808 0.0 -0.00328289899117
19.1637151869 0.0 -0.00326137178467
19.289378893 0.0 -0.00324012506294
19.4150425992 0.0 -0.00321915337969
19.5407063053 0.0 -0.00319845142869
19.6663700115 0.0 -0.00317801403937
19.7920337176 0.0 -0.00315783617246
19.9176974238 0.0 -0.00313791291585
20.0433611299 0.0 -0.00311823948064
20.169024836 0.0 -0.00309881119727
20.2946885422 0.0 -0.00307962351184
20.4203522483 0.0 -0.00306067198253
20.5460159545 0.0 -0.00304195227622
20.6716796606 0.0 -0.00302346016512
20.7973433668 0.0 -0.00300519152363
20.9230070729 0.0 -0.0029871423253
21.0486707791 0.0 -0.00296930863977
21.1743344852 0.0 -0.00295168663004
21.2999981913 0.0 -0.00293427254963
21.4256618975 0.0 -0.00291706273995
21.5513256036 0.0 -0.00290005362777
21.6769893098 0.0 -0.00288324172268
21.8026530159 0.0 -0.00286662361477
21.9283167221 0.0 -0.00285019597228
22.0539804282 0.0 -0.00283395553938
22.1796441343 0.0 -0.00281789913407
22.3053078405 0.0 -0.00280202364598
22.4309715466 0.0 -0.00278632603452
22.5566352528 0.0 -0.00277080332681
22.6822989589 0.0 -0.00275545261586
22.8079626651 0.0 -0.00274027105874
22.9336263712 0.0 -0.00272525587486
23.0592900773 0.0 -0.00271040434421
23.1849537835 0.0 -0.00269571380576
23.3106174896 0.0 -0.00268118165586
23.4362811958 0.0 -0.00266680534671
23.5619449019 0.0 -0.00265258238487
23.6876086081 0.0 -0.00263851032978
23.8132723142 0.0 -0.00262458679241
23.9389360204 0.0 -0.00261080943392
24.0645997265 0.0 -0.00259717596429
24.1902634326 0.0 -0.0025836841411
24.3159271388 0.0 -0.00257033176828
24.4415908449 0.0 -0.00255711669492
24.5672545511 0.0 -0.00254403681413
24.6929182572 0.0 -0.00253109006189
24.8185819634 0.0 -0.00251827441601
24.9442456695 0.0 -0.00250558789502
25.0699093756 0.0 -0.0024930285572
25.1955730818 0.0 -0.00248059449956
25.3212367879 0.0 -0.00246828385688
25.4469004941 0.0 -0.00245609480081
25.5725642002 0.0 -0.00244402553888
25.6982279064 0.0 -0.00243207431375
25.8238916125 0.0 -0.00242023940225
25.9495553187 0.0 -0.00240851911459
26.0752190248 0.0 -0.00239691179355
26.2008827309 0.0 -0.00238541581372
26.3265464371 0.0 -0.00237402958073
26.4522101432 0.0 -0.00236275153046
26.5778738494 0.0 -0.00235158012843
26.7035375555 0.0 -0.002340513869
26.8292012617 0.0 -0.00232955127477
26.9548649678 0.0 -0.00231869089587
27.0805286739 0.0 -0.00230793130934
27.2061923801 0.0 -0.00229727111853
27.3318560862 0.0 -0.00228670895246
27.4575197924 0.0 -0.00227624346527
27.5831834985 0.0 -0.00226587333559
27.7088472047 0.0 -0.00225559726605
27.8345109108 0.0 -0.00224541398268
27.9601746169 0.0 -0.00223532223444
28.0858383231 0.0 -0.00222532079267
28.2115020292 0.0 -0.00221540845061
28.3371657354 0.0 -0.00220558402289
28.4628294415 0.0 -0.00219584634509
28.5884931477 0.0 -0.00218619427324
28.7141568538 0.0 -0.00217662668343
28.83982056 0.0 -0.00216714247129
28.9654842661 0.0 -0.00215774055168
29.0911479722 0.0 -0.00214841985815
29.2168116784 0.0 -0.00213917934264
29.3424753845 0.0 -0.002130017975
29.4681390907 0.0 -0.0021209347427
29.5938027968 0.0 -0.00211192865037
29.719466503 0.0 -0.00210299871949
29.8451302091 0.0 -0.00209414398805
29.9707939152 0.0 -0.00208536351012
30.0964576214 0.0 -0.00207665635558
30.2221213275 0.0 -0.00206802160982
30.3477850337 0.0 -0.00205945837334
30.4734487398 0.0 -0.00205096576149
30.599112446 0.0 -0.00204254290415
30.7247761521 0.0 -0.00203418894545
30.8504398583 0.0 -0.00202590304343
30.9761035644 0.0 -0.00201768436982
31.1017672705 0.0 -0.00200953210974
31.2274309767 0.0 -0.00200144546142
31.3530946828 0.0 -0.00199342363592
31.478758389 0.0 -0.00198546585694
31.6044220951 0.0 -0.00197757136048
31.7300858013 0.0 -0.00196973939471
31.8557495074 0.0 -0.00196196921957
31.9814132135 0.0 -0.00195426010673
32.1070769197 0.0 -0.00194661133919
32.2327406258 0.0 -0.00193902221116
32.358404332 0.0 -0.00193149202781
32.4840680381 0.0 -0.00192402010508
32.6097317443 0.0 -0.00191660576941
32.7353954504 0.0 -0.00190924835763
32.8610591565 0.0 -0.00190194721668
32.9867228627 0.0 -0.00189470170348
33.1123865688 0.0 -0.00188751118468
33.238050275 0.0 -0.00188037503653
33.3637139811 0.0 -0.00187329264468
33.4893776873 0.0 -0.00186626340398
33.6150413934 0.0 -0.00185928671836
33.7407050996 0.0 -0.00185236200061
33.8663688057 0.0 -0.00184548867222
33.9920325118 0.0 -0.00183866616326
34.117696218 0.0 -0.0018318939122
34.2433599241 0.0 -0.00182517136573
34.3690236303 0.0 -0.00181849797865
34.4946873364 0.0 -0.0018118732137
34.6203510426 0.0 -0.00180529654143
34.7460147487 0.0 -0.00179876744001
34.8716784548 0.0 -0.00179228539518
34.997342161 0.0 -0.00178584990005
35.1230058671 0.0 -0.00177946045496
35.2486695733 0.0 -0.00177311656742
35.3743332794 0.0 -0.00176681775191
35.4999969856 0.0 -0.00176056352978
35.6256606917 0.0 -0.00175435342913
35.7513243979 0.0 -0.00174818698476
35.876988104 0.0 -0.00174206373787
36.0026518101 0.0 -0.00173598323617
36.1283155163 0.0 -0.00172994503361
36.2539792224 0.0 -0.00172394869033
36.3796429286 0.0 -0.00171799377258
36.5053066347 0.0 -0.00171207985255
36.6309703409 0.0 -0.00170620650827
36.756634047 0.0 -0.00170037332363
36.8822977531 0.0 -0.00169457988812
37.0079614593 0.0 -0.00168882579682
37.1336251654 0.0 -0.0016831106503
37.2592888716 0.0 -0.00167743405451
37.3849525777 0.0 -0.00167179562071
37.5106162839 0.0 -0.00166619496537
37.63627999 0.0 -0.00166063171005
37.7619436961 0.0 -0.0016551054814
37.8876074023 0.0 -0.00164961591098
38.0132711084 0.0 -0.00164416263524
38.1389348146 0.0 -0.00163874529543
38.2645985207 0.0 -0.00163336353748
38.3902622269 0.0 -0.001628017012
38.515925933 0.0 -0.00162270537411
38.6415896392 0.0 -0.00161742828345
38.7672533453 0.0 -0.00161218540408
38.8929170514 0.0 -0.0016069764044
39.0185807576 0.0 -0.00160180095705
39.1442444637 0.0 -0.00159665873888
39.2699081699 0.0 -0.00159154943092
39.395571876 0.0 -0.00158647271822
39.5212355822 0.0 -0.00158142828986
39.6468992883 0.0 -0.00157641583887
39.7725629944 0.0 -0.00157143506213
39.8982267006 0.0 -0.00156648566035
40.0238904067 0.0 -0.00156156733803
40.1495541129 0.0 -0.00155667980332
40.275217819 0.0 -0.00155182276806
40.4008815252 0.0 -0.00154699594763
40.5265452313 0.0 -0.00154219906098
40.6522089375 0.0 -0.00153743183049
40.7778726436 0.0 -0.00153269398201
40.9035363497 0.0 -0.00152798524473
41.0292000559 0.0 -0.00152330535118
41.154863762 0.0 -0.00151865403713
41.2805274682 0.0 -0.00151403104159
41.4061911743 0.0 -0.00150943610672
41.5318548805 0.0 -0.0015048689778
41.6575185866 0.0 -0.00150032940321
41.7831822927 0.0 -0.00149581713431
41.9088459989 0.0 -0.00149133192552
42.034509705 0.0 -0.00148687353411
42.1601734112 0.0 -0.00148244172031
42.2858371173 0.0 -0.00147803624714
42.4115008235 0.0 -0.00147365688048
42.5371645296 0.0 -0.00146930338896
42.6628282357 0.0 -0.00146497554393
42.7884919419 0.0 -0.00146067311942
42.914155648 0.0 -0.00145639589213
43.0398193542 0.0 -0.00145214364134
43.1654830603 0.0 -0.00144791614894
43.2911467665 0.0 -0.00144371319931
43.4168104726 0.0 -0.00143953457934
43.5424741788 0.0 -0.00143538007839
43.6681378849 0.0 -0.00143124948823
43.793801591 0.0 -0.00142714260305
43.9194652972 0.0 -0.00142305921935
44.0451290033 0.0 -0.00141899913599
44.1707927095 0.0 -0.00141496215409
44.2964564156 0.0 -0.00141094807706
44.4221201218 0.0 -0.0014069567105
44.5477838279 0.0 -0.00140298786224
44.673447534 0.0 -0.00139904134222
44.7991112402 0.0 -0.00139511696258
44.9247749463 0.0 -0.00139121453752
45.0504386525 0.0 -0.0013873338833
45.1761023586 0.0 -0.00138347481825
45.3017660648 0.0 -0.00137963716273
45.4274297709 0.0 -0.00137582073904
45.5530934771 0.0 -0.00137202537148
45.6787571832 0.0 -0.00136825088628
45.8044208893 0.0 -0.00136449711155
45.9300845955 0.0 -0.00136076387732
46.0557483016 0.0 -0.00135705101545
46.1814120078 0.0 -0.00135335835962
46.3070757139 0.0 -0.00134968574535
46.4327394201 0.0 -0.00134603300991
46.5584031262 0.0 -0.00134239999234
46.6840668323 0.0 -0.00133878653341
46.8097305385 0.0 -0.00133519247561
46.9353942446 0.0 -0.00133161766308
47.0610579508 0.0 -0.00132806194168
47.1867216569 0.0 -0.00132452515889
47.3123853631 0.0 -0.00132100716377
47.4380490692 0.0 -0.00131750780704
47.5637127753 0.0 -0.00131402694098
47.6893764815 0.0 -0.0013105644194
47.8150401876 0.0 -0.00130712009766
47.9407038938 0.0 -0.00130369383267
48.0663675999 0.0 -0.00130028548278
48.1920313061 0.0 -0.00129689490785
48.3176950122 0.0 -0.00129352196922
48.4433587184 0.0 -0.00129016652961
48.5690224245 0.0 -0.00128682845321
48.6946861306 0.0 -0.00128350760559
48.8203498368 0.0 -0.00128020385369
48.9460135429 0.0 -0.00127691706589
49.0716772491 0.0 -0.00127364711181
49.1973409552 0.0 -0.00127039386249
49.3230046614 0.0 -0.00126715719022
49.4486683675 0.0 -0.00126393696865
49.5743320736 0.0 -0.00126073307266
49.6999957798 0.0 -0.00125754537841
49.8256594859 0.0 -0.00125437376333
49.9513231921 0.0 -0.00125121810606
50.0769868982 0.0 -0.00124807828648
50.2026506044 0.0 -0.00124495418564
50.3283143105 0.0 -0.0012418456858
50.4539780167 0.0 -0.00123875267038
50.5796417228 0.0 -0.00123567502401
50.7053054289 0.0 -0.00123261263237
50.8309691351 0.0 -0.00122956538235
50.9566328412 0.0 -0.00122653316193
51.0822965474 0.0 -0.00122351586017
51.2079602535 0.0 -0.00122051336726
51.3336239597 0.0 -0.00121752557445
51.4592876658 0.0 -0.00121455237403
51.5849513719 0.0 -0.00121159365934
51.7106150781 0.0 -0.00120864932481
51.8362787842 0.0 -0.00120571926585
51.9619424904 0.0 -0.00120280337887
52.0876061965 0.0 -0.00119990156131
52.2132699027 0.0 -0.00119701371158
52.3389336088 0.0 -0.00119413972909
52.4645973149 0.0 -0.00119127951416
52.5902610211 0.0 -0.00118843296813
52.7159247272 0.0 -0.00118559999324
52.8415884334 0.0 -0.00118278049266
52.9672521395 0.0 -0.00117997437049
53.0929158457 0.0 -0.00117718153174
53.2185795518 0.0 -0.00117440188231
53.344243258 0.0 -0.001171635329
53.4699069641 0.0 -0.00116888177946
53.5955706702 0.0 -0.00116614114224
53.7212343764 0.0 -0.00116341332669
53.8468980825 0.0 -0.00116069824308
53.9725617887 0.0 -0.00115799580247
54.0982254948 0.0 -0.00115530591675
54.223889201 0.0 -0.00115262849864
54.3495529071 0.0 -0.00114996346164
54.4752166132 0.0 -0.00114731072011
54.6008803194 0.0 -0.00114467018911
54.7265440255 0.0 -0.00114204178453
54.8522077317 0.0 -0.00113942542306
54.9778714378 0.0 -0.00113682102209
55.103535144 0.0 -0.00113422849979
55.2291988501 0.0 -0.0011316477751
55.3548625563 0.0 -0.00112907876766
55.4805262624 0.0 -0.00112652139787
55.6061899685 0.0 -0.00112397558681
55.7318536747 0.0 -0.00112144125628
55.8575173808 0.0 -0.00111891832883
55.983181087 0.0 -0.00111640672764
56.1088447931 0.0 -0.00111390637663
56.2345084993 0.0 -0.00111141720037
56.3601722054 0.0 -0.00110893912409
56.4858359115 0.0 -0.00110647207378
56.6114996177 0.0 -0.00110401597594
56.7371633238 0.0 -0.00110157075783
56.86282703 0.0 -0.00109913634732
56.9884907361 0.0 -0.00109671267292
57.1141544423 0.0 -0.00109429966371
57.2398181484 0.0 -0.00109189724953
57.3654818545 0.0 -0.0010895053607
57.4911455607 0.0 -0.00108712392822
57.6168092668 0.0 -0.00108475288368
57.742472973 0.0 -0.00108239215921
57.8681366791 0.0 -0.00108004168766
57.9938003853 0.0 -0.0010777014023
58.1194640914 0.0 -0.0010753712371
58.2451277976 0.0 -0.00107305112656
58.3707915037 0.0 -0.00107074100573
58.4964552098 0.0 -0.00106844081022
58.622118916 0.0 -0.00106615047623
58.7477826221 0.0 -0.00106386994045
58.8734463283 0.0 -0.00106159914016
58.9991100344 0.0 -0.00105933801313
59.1247737406 0.0 -0.0010570864977
59.2504374467 0.0 -0.00105484453268
59.3761011528 0.0 -0.00105261205749
59.501764859 0.0 -0.00105038901195
59.6274285651 0.0 -0.00104817533649
59.7530922713 0.0 -0.00104597097195
59.8787559774 0.0 -0.00104377585974
60.0044196836 0.0 -0.0010415899417
60.1300833897 0.0 -0.00103941316021
60.2557470959 0.0 -0.0010372454581
60.381410802 0.0 -0.00103508677869
60.5070745081 0.0 -0.00103293706576
60.6327382143 0.0 -0.00103079626355
60.7584019204 0.0 -0.00102866431677
60.8840656266 0.0 -0.00102654117061
61.0097293327 0.0 -0.00102442677068
61.1353930389 0.0 -0.00102232106302
61.261056745 0.0 -0.00102022399417
61.3867204511 0.0 -0.00101813551108
61.5123841573 0.0 -0.00101605556111
61.6380478634 0.0 -0.00101398409208
61.7637115696 0.0 -0.00101192105221
61.8893752757 0.0 -0.00100986639018
62.0150389819 0.0 -0.00100782005504
62.140702688 0.0 -0.00100578199628
62.2663663941 0.0 -0.00100375216379
62.3920301003 0.0 -0.00100173050788
62.5176938064 0.0 -0.000999716979223
62.6433575126 0.0 -0.000997711528917
62.7690212187 0.0 -0.000995714108434
62.8946849249 0.0 -0.000993724669648
63.020348631 0.0 -0.000991743164832
63.1460123372 0.0 -0.000989769546592
63.2716760433 0.0 -0.000987803767934
63.3973397494 0.0 -0.000985845782289
63.5230034556 0.0 -0.000983895543349
63.6486671617 0.0 -0.000981953005272
63.7743308679 0.0 -0.000980018122497
63.899994574 0.0 -0.000978090849877
64.0256582802 0.0 -0.000976171142611
64.1513219863 0.0 -0.000974258956248
64.2769856924 0.0 -0.000972354246656
64.4026493986 0.0 -0.000970456970066
64.5283131047 0.0 -0.000968567083078
64.6539768109 0.0 -0.00096668454259
64.779640517 0.0 -0.000964809305842
64.9053042232 0.0 -0.000962941330414
65.0309679293 0.0 -0.000961080574228
65.1566316355 0.0 -0.000959226995491
65.2822953416 0.0 -0.000957380552762
65.4079590477 0.0 -0.000955541204917
65.5336227539 0.0 -0.00095370891114
65.65928646 0.0 -0.000951883630933
65.7849501662 0.0 -0.000950065324091
65.9106138723 0.0 -0.000948253950739
66.0362775785 0.0 -0.000946449471286
66.1619412846 0.0 -0.000944651846467
66.2876049907 0.0 -0.000942861037274
66.4132686969 0.0 -0.000941077005038
66.538932403 0.0 -0.000939299711348
66.6645961092 0.0 -0.000937529118119
66.7902598153 0.0 -0.000935765187506
66.9159235215 0.0 -0.000934007881995
67.0415872276 0.0 -0.000932257164308
67.1672509337 0.0 -0.000930512997499
67.2929146399 0.0 -0.000928775344846
67.418578346 0.0 -0.000927044169927
67.5442420522 0.0 -0.000925319436575
67.6699057583 0.0 -0.000923601108937
67.7955694645 0.0 -0.000921889151371
67.9212331706 0.0 -0.000920183528521
68.0468968768 0.0 -0.000918484205286
68.1725605829 0.0 -0.00091679114685
68.298224289 0.0 -0.000915104318608
68.4238879952 0.0 -0.000913423686242
68.5495517013 0.0 -0.000911749215689
68.6752154075 0.0 -0.000910080873126
68.8008791136 0.0 -0.000908418624959
68.9265428198 0.0 -0.00090676243785
69.0522065259 0.0 -0.00090511227873
69.177870232 0.0 -0.000903468114743
69.3035339382 0.0 -0.000901829913261
69.4291976443 0.0 -0.000900197641926
69.5548613505 0.0 -0.000898571268593
69.6805250566 0.0 -0.000896950761344
69.8061887628 0.0 -0.000895336088504
69.9318524689 0.0 -0.000893727218624
70.0575161751 0.0 -0.000892124120469
70.1831798812 0.0 -0.000890526763044
70.3088435873 0.0 -0.000888935115569
70.4345072935 0.0 -0.000887349147476
70.5601709996 0.0 -0.000885768828425
70.6858347058 0.0 -0.00088419412829
70.8114984119 0.0 -0.000882625017141
70.9371621181 0.0 -0.000881061465307
71.0628258242 0.0 -0.000879503443258
71.1884895303 0.0 -0.000877950921733
71.3141532365 0.0 -0.000876403871658
71.4398169426 0.0 -0.000874862264141
71.5654806488 0.0 -0.000873326070518
71.6911443549 0.0 -0.000871795262341
71.8168080611 0.0 -0.000870269811301
71.9424717672 0.0 -0.00086874968936
72.0681354733 0.0 -0.000867234868636
72.1937991795 0.0 -0.000865725321447
72.3194628856 0.0 -0.000864221020265
72.4451265918 0.0 -0.000862721937835
72.5707902979 0.0 -0.000861228047043
72.6964540041 0.0 -0.000859739320944
72.8221177102 0.0 -0.000858255732808
72.9477814164 0.0 -0.000856777256089
73.0734451225 0.0 -0.000855303864427
73.1991088286 0.0 -0.000853835531615
73.3247725348 0.0 -0.000852372231634
73.4504362409 0.0 -0.000850913938692
73.5760999471 0.0 -0.000849460627094
73.7017636532 0.0 -0.000848012271376
73.8274273594 0.0 -0.000846568846214
73.9530910655 0.0 -0.000845130326525
74.0787547716 0.0 -0.000843696687312
74.2044184778 0.0 -0.000842267903749
74.3300821839 0.0 -0.000840843951252
74.4557458901 0.0 -0.000839424805335
74.5814095962 0.0 -0.000838010441726
74.7070733024 0.0 -0.000836600836266
74.8327370085 0.0 -0.000835195965024
74.9584007147 0.0 -0.000833795804127
75.0840644208 0.0 -0.000832400329983
75.2097281269 0.0 -0.000831009519047
75.3353918331 0.0 -0.000829623348039
75.4610555392 0.0 -0.000828241793769
75.5867192454 0.0 -0.000826864833172
75.7123829515 0.0 -0.000825492443425
75.8380466577 0.0 -0.000824124601777
75.9637103638 0.0 -0.000822761285633
76.0893740699 0.0 -0.00082140247261
76.2150377761 0.0 -0.000820048140412
76.3407014822 0.0 -0.00081869826694
76.4663651884 0.0 -0.000817352830182
76.5920288945 0.0 -0.000816011808311
76.7176926007 0.0 -0.000814675179612
76.8433563068 0.0 -0.000813342922584
76.9690200129 0.0 -0.000812015015768
77.0946837191 0.0 -0.00081069143792
77.2203474252 0.0 -0.000809372167879
77.3460111314 0.0 -0.00080805718467
77.4716748375 0.0 -0.000806746467433
77.5973385437 0.0 -0.000805439995403
77.7230022498 0.0 -0.000804137748034
77.848665956 0.0 -0.000802839704875
77.9743296621 0.0 -0.000801545845547
78.0999933682 0.0 -0.000800256149887
78.2256570744 0.0 -0.000798970597856
78.3513207805 0.0 -0.000797689169445
78.4769844867 0.0 -0.000796411844917
78.6026481928 0.0 -0.000795138604559
78.728311899 0.0 -0.000793869428819
78.8539756051 0.0 -0.000792604298269
78.9796393112 0.0 -0.000791343193583
79.1053030174 0.0 -0.000790086095577
79.2309667235 0.0 -0.000788832985194
79.3566304297 0.0 -0.00078758384349
79.4822941358 0.0 -0.000786338651622
79.607957842 0.0 -0.000785097390946
79.7336215481 0.0 -0.000783860042816
79.8592852543 0.0 -0.000782626588773
79.9849489604 0.0 -0.000781397010471
80.1106126665 0.0 -0.000780171289662
80.2362763727 0.0 -0.000778949408243
80.3619400788 0.0 -0.00077773134818
80.487603785 0.0 -0.000776517091609
80.6132674911 0.0 -0.000775306620667
80.7389311973 0.0 -0.000774099917777
80.8645949034 0.0 -0.000772896965287
80.9902586095 0.0 -0.000771697745776
81.1159223157 0.0 -0.00077050224192
81.2415860218 0.0 -0.000769310436439
81.367249728 0.0 -0.000768122312223
81.4929134341 0.0 -0.000766937852205
81.6185771403 0.0 -0.000765757039531
81.7442408464 0.0 -0.000764579857275
81.8699045526 0.0 -0.000763406288812
81.9955682587 0.0 -0.000762236317456
82.1212319648 0.0 -0.000761069926796
82.246895671 0.0 -0.000759907100345
82.3725593771 0.0 -0.000758747821763
82.4982230833 0.0 -0.000757592074876
82.6238867894 0.0 -0.000756439843599
82.7495504956 0.0 -0.000755291111858
82.8752142017 0.0 -0.00075414586378
83.0008779078 0.0 -0.000753004083521
83.126541614 0.0 -0.000751865755333
83.2522053201 0.0 -0.000750730863643
83.3778690263 0.0 -0.000749599392847
83.5035327324 0.0 -0.000748471327555
83.6291964386 0.0 -0.000747346652389
83.7548601447 0.0 -0.000746225352046
83.8805238508 0.0 -0.00074510741149
84.006187557 0.0 -0.000743992815501
84.1318512631 0.0 -0.000742881549158
84.2575149693 0.0 -0.000741773597525
84.3831786754 0.0 -0.00074066894588
84.5088423816 0.0 -0.00073956757943
84.6345060877 0.0 -0.000738469483537
84.7601697939 0.0 -0.000737374643677
84.8858335 0.0 -0.000736283045413
85.0114972061 0.0 -0.000735194674306
85.1371609123 0.0 -0.000734109516117
85.2628246184 0.0 -0.000733027556606
85.3884883246 0.0 -0.000731948781691
85.5141520307 0.0 -0.000730873177346
85.6398157369 0.0 -0.000729800729502
85.765479443 0.0 -0.000728731424417
85.8911431491 0.0 -0.00072766524822
86.0168068553 0.0 -0.000726602187228
86.1424705614 0.0 -0.000725542227812
86.2681342676 0.0 -0.000724485356386
86.3937979737 0.0 -0.000723431559521
86.5194616799 0.0 -0.00072238082376
86.645125386 0.0 -0.000721333135843
86.7707890922 0.0 -0.000720288482484
86.8964527983 0.0 -0.000719246850565
87.0221165044 0.0 -0.000718208226942
87.1477802106 0.0 -0.000717172598655
87.2734439167 0.0 -0.000716139952701
87.3991076229 0.0 -0.000715110276289
87.524771329 0.0 -0.000714083556588
87.6504350352 0.0 -0.000713059780892
87.7760987413 0.0 -0.000712038936527
87.9017624474 0.0 -0.000711021010957
88.0274261536 0.0 -0.000710005991664
88.1530898597 0.0 -0.00070899386624
88.2787535659 0.0 -0.000707984622309
88.404417272 0.0 -0.000706978247564
88.5300809782 0.0 -0.000705974729811
88.6557446843 0.0 -0.00070497405693
88.7814083904 0.0 -0.000703976216784
88.9070720966 0.0 -0.000702981197392
89.0327358027 0.0 -0.000701988986833
89.1583995089 0.0 -0.000700999573169
89.284063215 0.0 -0.000700012944634
89.4097269212 0.0 -0.000699029089475
89.5353906273 0.0 -0.000698047996011
89.6610543335 0.0 -0.000697069652645
89.7867180396 0.0 -0.000696094047811
89.9123817457 0.0 -0.00069512117004
90.0380454519 0.0 -0.000694151007906
90.163709158 0.0 -0.000693183550055
90.2893728642 0.0 -0.000692218785204
90.4150365703 0.0 -0.000691256702098
90.5407002765 0.0 -0.000690297289609
90.6663639826 0.0 -0.00068934053661
90.7920276887 0.0 -0.00068838643206
90.9176913949 0.0 -0.000687434964988
91.043355101 0.0 -0.000686486124437
91.1690188072 0.0 -0.000685539899607
91.2946825133 0.0 -0.00068459627964
91.4203462195 0.0 -0.000683655253837
91.5460099256 0.0 -0.000682716811497
91.6716736318 0.0 -0.00068178094196
91.7973373379 0.0 -0.000680847634754
91.923001044 0.0 -0.00067991687925
92.0486647502 0.0 -0.000678988665072
92.1743284563 0.0 -0.000678062981819
92.2999921625 0.0 -0.000677139819146
92.4256558686 0.0 -0.000676219166778
92.5513195748 0.0 -0.000675301014482
92.6769832809 0.0 -0.000674385352085
92.802646987 0.0 -0.000673472169495
92.9283106932 0.0 -0.000672561456611
93.0539743993 0.0 -0.000671653203455
93.1796381055 0.0 -0.000670747400051
93.3053018116 0.0 -0.000669844036608
93.4309655178 0.0 -0.000668943103108
93.5566292239 0.0 -0.000668044589872
93.68229293 0.0 -0.000667148487139
93.8079566362 0.0 -0.000666254785216
93.9336203423 0.0 -0.000665363474454
94.0592840485 0.0 -0.000664474545317
94.1849477546 0.0 -0.000663587988214
94.3106114608 0.0 -0.000662703793694
94.4362751669 0.0 -0.000661821952292
94.5619388731 0.0 -0.000660942454701
94.6876025792 0.0 -0.000660065291527
94.8132662853 0.0 -0.00065919045349
94.9389299915 0.0 -0.000658317931382
95.0645936976 0.0 -0.000657447716009
95.1902574038 0.0 -0.000656579798218
95.3159211099 0.0 -0.000655714168971
95.4415848161 0.0 -0.000654850819174
95.5672485222 0.0 -0.00065398973986
95.6929122283 0.0 -0.000653130922061
95.8185759345 0.0 -0.000652274356952
95.9442396406 0.0 -0.000651420035581
96.0699033468 0.0 -0.00065056794918
96.1955670529 0.0 -0.000649718089036
96.3212307591 0.0 -0.000648870446398
96.4468944652 0.0 -0.000648025012609
96.5725581714 0.0 -0.000647181779001
96.6982218775 0.0 -0.000646340737021
96.8238855836 0.0 -0.000645501878211
96.9495492898 0.0 -0.00064466519396
97.0752129959 0.0 -0.000643830675941
97.2008767021 0.0 -0.000642998315655
97.3265404082 0.0 -0.00064216810479
97.4522041144 0.0 -0.000641340035045
97.5778678205 0.0 -0.00064051409808
97.7035315266 0.0 -0.000639690285752
97.8291952328 0.0 -0.000638868589803
97.9548589389 0.0 -0.000638049002148
98.0805226451 0.0 -0.000637231514645
98.2061863512 0.0 -0.000636416119207
98.3318500574 0.0 -0.000635602807876
98.4575137635 0.0 -0.000634791572637
98.5831774696 0.0 -0.000633982405532
98.7088411758 0.0 -0.000633175298773
98.8345048819 0.0 -0.000632370244318
98.9601685881 0.0 -0.000631567234493
99.0858322942 0.0 -0.000630766261452
99.2114960004 0.0 -0.000629967317465
99.3371597065 0.0 -0.000629170394888
99.4628234127 0.0 -0.000628375486002
99.5884871188 0.0 -0.000627582583164
99.7141508249 0.0 -0.00062679167884
99.8398145311 0.0 -0.000626002765458
99.9654782372 0.0 -0.000625215835541
100.091141943 0.0 -0.000624430881558
100.21680565 0.0 -0.00062364789612
100.342469356 0.0 -0.000622866871865
100.468133062 0.0 -0.000622087801332
100.593796768 0.0 -0.000621310677275
100.719460474 0.0 -0.00062053549243
100.84512418 0.0 -0.000619762239452
100.970787886 0.0 -0.000618990911221
101.096451593 0.0 -0.000618221500517
101.222115299 0.0 -0.000617454000235
101.347779005 0.0 -0.00061668840317
101.473442711 0.0 -0.000615924702373
101.599106417 0.0 -0.000615162890739
101.724770123 0.0 -0.00061440296129
101.850433829 0.0 -0.000613644907034
101.976097536 0.0 -0.000612888721093
102.101761242 0.0 -0.000612134396491
102.227424948 0.0 -0.000611381926447
102.353088654 0.0 -0.000610631304085
102.47875236 0.0 -0.000609882522582
102.604416066 0.0 -0.000609135575218
102.730079772 0.0 -0.000608390455241
102.855743479 0.0 -0.000607647155974
102.981407185 0.0 -0.000606905670736
103.107070891 0.0 -0.000606165992863
103.232734597 0.0 -0.000605428115819
103.358398303 0.0 -0.000604692033022
103.484062009 0.0 -0.000603957737908
103.609725715 0.0 -0.000603225223969
103.735389422 0.0 -0.000602494484738
103.861053128 0.0 -0.000601765513821
103.986716834 0.0 -0.000601038304723
104.11238054 0.0 -0.000600312851134
104.238044246 0.0 -0.00059958914666
104.363707952 0.0 -0.000598867185019
104.489371658 0.0 -0.000598146959916
104.615035365 0.0 -0.000597428465056
104.740699071 0.0 -0.000596711694257
104.866362777 0.0 -0.000595996641295
104.992026483 0.0 -0.000595283300001
105.117690189 0.0 -0.000594571664266
105.243353895 0.0 -0.000593861727964
105.369017601 0.0 -0.000593153484971
105.494681308 0.0 -0.000592446929289
105.620345014 0.0 -0.000591742054937
105.74600872 0.0 -0.000591038855802
105.871672426 0.0 -0.000590337325974
105.997336132 0.0 -0.000589637459598
106.122999838 0.0 -0.000588939250633
106.248663544 0.0 -0.000588242693254
106.374327251 0.0 -0.000587547781635
106.499990957 0.0 -0.000586854509905
106.625654663 0.0 -0.000586162872338
106.751318369 0.0 -0.000585472863051
106.876982075 0.0 -0.000584784476388
107.002645781 0.0 -0.000584097706607
107.128309487 0.0 -0.000583412548025
107.253973194 0.0 -0.000582728994928
107.3796369 0.0 -0.000582047041718
107.505300606 0.0 -0.000581366682852
107.630964312 0.0 -0.000580687912631
107.756628018 0.0 -0.000580010725557
107.882291724 0.0 -0.0005793351161
108.00795543 0.0 -0.000578661078748
108.133619137 0.0 -0.000577988607958
108.259282843 0.0 -0.000577317698401
108.384946549 0.0 -0.000576648344548
108.510610255 0.0 -0.000575980541001
108.636273961 0.0 -0.000575314282415
108.761937667 0.0 -0.000574649563447
108.887601373 0.0 -0.000573986378726
109.01326508 0.0 -0.000573324722922
109.138928786 0.0 -0.000572664590862
109.264592492 0.0 -0.000572005977205
109.390256198 0.0 -0.00057134887669
109.515919904 0.0 -0.000570693284175
109.64158361 0.0 -0.000570039194457
109.767247316 0.0 -0.000569386602365
109.892911023 0.0 -0.000568735502753
110.018574729 0.0 -0.000568085890521
110.144238435 0.0 -0.000567437760608
110.269902141 0.0 -0.000566791107858
110.395565847 0.0 -0.000566145927351
110.521229553 0.0 -0.000565502213945
110.646893259 0.0 -0.000564859962694
110.772556966 0.0 -0.000564219168666
110.898220672 0.0 -0.000563579826846
111.023884378 0.0 -0.000562941932273
111.149548084 0.0 -0.000562305480116
111.27521179 0.0 -0.000561670465487
111.400875496 0.0 -0.000561036883425
111.526539202 0.0 -0.0005604047292
111.652202909 0.0 -0.000559773997935
111.777866615 0.0 -0.000559144684871
111.903530321 0.0 -0.000558516785134
112.029194027 0.0 -0.00055789029409
112.154857733 0.0 -0.000557265206893
112.280521439 0.0 -0.000556641518941
112.406185145 0.0 -0.000556019225414
112.531848852 0.0 -0.000555398321822
112.657512558 0.0 -0.000554778803291
112.783176264 0.0 -0.000554160665345
112.90883997 0.0 -0.000553543903351
113.034503676 0.0 -0.000552928512661
113.160167382 0.0 -0.000552314488786
113.285831088 0.0 -0.000551701827121
113.411494795 0.0 -0.000551090523174
113.537158501 0.0 -0.000550480572386
113.662822207 0.0 -0.000549871970364
113.788485913 0.0 -0.00054926471249
113.914149619 0.0 -0.000548658794457
114.039813325 0.0 -0.000548054211748
114.165477031 0.0 -0.000547450959971
114.291140738 0.0 -0.000546849034819
114.416804444 0.0 -0.000546248431789
114.54246815 0.0 -0.00054564914663
114.668131856 0.0 -0.000545051174967
114.793795562 0.0 -0.000544454512465
114.919459268 0.0 -0.000543859154917
115.045122974 0.0 -0.000543265097932
115.170786681 0.0 -0.000542672337318
115.296450387 0.0 -0.000542080868854
115.422114093 0.0 -0.000541490688249
115.547777799 0.0 -0.000540901791368
115.673441505 0.0 -0.000540314174003
115.799105211 0.0 -0.000539727831963
115.924768917 0.0 -0.000539142761156
116.050432624 0.0 -0.000538558957416
116.17609633 0.0 -0.000537976416624
116.301760036 0.0 -0.0005373951347
116.427423742 0.0 -0.000536815107552
116.553087448 0.0 -0.000536236331172
116.678751154 0.0 -0.000535658801468
116.80441486 0.0 -0.000535082514432
116.930078567 0.0 -0.000534507466071
117.055742273 0.0 -0.000533933652349
117.181405979 0.0 -0.000533361069344
117.307069685 0.0 -0.000532789713077
117.432733391 0.0 -0.000532219579625
117.558397097 0.0 -0.000531650665067
117.684060803 0.0 -0.000531082965466
117.80972451 0.0 -0.000530516476985
117.935388216 0.0 -0.000529951195702
118.061051922 0.0 -0.00052938711778
118.186715628 0.0 -0.00052882423941
118.312379334 0.0 -0.000528262556742
118.43804304 0.0 -0.000527702065966
118.563706746 0.0 -0.000527142763303
118.689370453 0.0 -0.000526584644959
118.815034159 0.0 -0.00052602770721
118.940697865 0.0 -0.000525471946304
119.066361571 0.0 -0.000524917358476
119.192025277 0.0 -0.000524363940087
119.317688983 0.0 -0.000523811687373
119.443352689 0.0 -0.000523260596694
119.569016396 0.0 -0.000522710664399
119.694680102 0.0 -0.000522161886778
119.820343808 0.0 -0.000521614260251
119.946007514 0.0 -0.000521067781207
120.07167122 0.0 -0.00052052244601
120.197334926 0.0 -0.000519978251091
120.322998632 0.0 -0.000519435192842
120.448662339 0.0 -0.000518893267795
120.574326045 0.0 -0.00051835247227
120.699989751 0.0 -0.000517812802869
120.825653457 0.0 -0.000517274256012
120.951317163 0.0 -0.000516736828203
121.076980869 0.0 -0.000516200516017
121.202644575 0.0 -0.000515665315874
121.328308282 0.0 -0.000515131224404
121.453971988 0.0 -0.000514598238141
121.579635694 0.0 -0.000514066353645
121.7052994 0.0 -0.000513535567535
121.830963106 0.0 -0.000513005876385
121.956626812 0.0 -0.000512477276828
122.082290518 0.0 -0.000511949765468
122.207954225 0.0 -0.000511423338963
122.333617931 0.0 -0.000510897993991
122.459281637 0.0 -0.000510373727224
122.584945343 0.0 -0.000509850535266
122.710609049 0.0 -0.000509328414907
122.836272755 0.0 -0.00050880736282
122.961936462 0.0 -0.000508287375723
123.087600168 0.0 -0.000507768450376
123.213263874 0.0 -0.000507250583524
123.33892758 0.0 -0.000506733771957
123.464591286 0.0 -0.00050621801239
123.590254992 0.0 -0.000505703301627
123.715918698 0.0 -0.000505189636527
123.841582405 0.0 -0.000504677013879
123.967246111 0.0 -0.000504165430456
124.092909817 0.0 -0.000503654883218
124.218573523 0.0 -0.00050314536891
124.344237229 0.0 -0.000502636884434
124.469900935 0.0 -0.000502129426735
124.595564641 0.0 -0.00050162299263
124.721228348 0.0 -0.000501117578992
124.846892054 0.0 -0.000500613182851
124.97255576 0.0 -0.000500109801095
125.098219466 0.0 -0.000499607430612
125.223883172 0.0 -0.000499106068418
125.349546878 0.0 -0.000498605711428
125.475210584 0.0 -0.000498106356702
125.600874291 0.0 -0.000497608001183
125.726537997 0.0 -0.000497110641831
125.852201703 0.0 -0.000496614275718
125.977865409 0.0 -0.000496118899918
126.103529115 0.0 -0.000495624511359
126.229192821 0.0 -0.000495131107144
126.354856527 0.0 -0.000494638684387
126.480520234 0.0 -0.000494147240119
126.60618394 0.0 -0.000493656771397
126.731847646 0.0 -0.000493167275323
126.857511352 0.0 -0.000492678749055
126.983175058 0.0 -0.000492191189679
127.108838764 0.0 -0.000491704594339
127.23450247 0.0 -0.000491218960164
127.360166177 0.0 -0.000490734284313
127.485829883 0.0 -0.000490250563985
127.611493589 0.0 -0.000489767796324
127.737157295 0.0 -0.000489285978489
127.862821001 0.0 -0.000488805107764
127.988484707 0.0 -0.000488325181294
128.114148413 0.0 -0.000487846196336
128.23981212 0.0 -0.00048736815009
128.365475826 0.0 -0.000486891039799
128.491139532 0.0 -0.000486414862763
128.616803238 0.0 -0.000485939616169
128.742466944 0.0 -0.000485465297373
128.86813065 0.0 -0.000484991903619
128.993794356 0.0 -0.000484519432206
129.119458063 0.0 -0.000484047880462
129.245121769 0.0 -0.00048357724566
129.370785475 0.0 -0.000483107525156
129.496449181 0.0 -0.000482638716306
129.622112887 0.0 -0.00048217081644
129.747776593 0.0 -0.000481703822913
129.873440299 0.0 -0.000481237733112
129.999104006 0.0 -0.000480772544392
130.124767712 0.0 -0.00048030825414
130.250431418 0.0 -0.000479844859768
130.376095124 0.0 -0.000479382358719
130.50175883 0.0 -0.00047892074835
130.627422536 0.0 -0.00047846002613
130.753086242 0.0 -0.000478000189474
130.878749949 0.0 -0.000477541235881
131.004413655 0.0 -0.000477083162735
131.130077361 0.0 -0.000476625967565
131.255741067 0.0 -0.00047616964784
131.381404773 0.0 -0.000475714201002
131.507068479 0.0 -0.000475259624608
131.632732185 0.0 -0.000474805916156
131.758395892 0.0 -0.000474353073116
131.884059598 0.0 -0.000473901093045
132.009723304 0.0 -0.000473449973498
132.13538701 0.0 -0.000472999712002
132.261050716 0.0 -0.000472550306085
132.386714422 0.0 -0.00047210175336
132.512378128 0.0 -0.000471654051353
132.638041835 0.0 -0.000471207197677
132.763705541 0.0 -0.000470761189945
132.889369247 0.0 -0.000470316025684
133.015032953 0.0 -0.000469871702563
133.140696659 0.0 -0.000469428218167
133.266360365 0.0 -0.000468985570166
133.392024071 0.0 -0.00046854375617
133.517687778 0.0 -0.000468102773794
133.643351484 0.0 -0.000467662620736
133.76901519 0.0 -0.000467223294663
133.894678896 0.0 -0.000466784793218
134.020342602 0.0 -0.00046634711407
134.146006308 0.0 -0.000465910254945
134.271670014 0.0 -0.000465474213541
134.397333721 0.0 -0.000465038987528
134.522997427 0.0 -0.00046460457466
134.648661133 0.0 -0.000464170972606
134.774324839 0.0 -0.000463738179178
134.899988545 0.0 -0.000463306192046
135.025652251 0.0 -0.000462875008992
135.151315957 0.0 -0.000462444627772
135.276979664 0.0 -0.000462015046139
135.40264337 0.0 -0.000461586261878
135.528307076 0.0 -0.000461158272742
135.653970782 0.0 -0.000460731076572
135.779634488 0.0 -0.000460304671122
135.905298194 0.0 -0.000459879054233
136.0309619 0.0 -0.000459454223716
136.156625607 0.0 -0.000459030177353
136.282289313 0.0 -0.000458606913014
136.407953019 0.0 -0.00045818442851
136.533616725 0.0 -0.000457762721737
136.659280431 0.0 -0.000457341790508
136.784944137 0.0 -0.000456921632662
136.910607843 0.0 -0.000456502246124
137.03627155 0.0 -0.000456083628762
137.161935256 0.0 -0.000455665778446
137.287598962 0.0 -0.000455248693044
137.413262668 0.0 -0.000454832370508
137.538926374 0.0 -0.000454416808736
137.66459008 0.0 -0.000454002005625
137.790253786 0.0 -0.0004535879591
137.915917493 0.0 -0.000453174667115
138.041581199 0.0 -0.000452762127594
138.167244905 0.0 -0.000452350338492
138.292908611 0.0 -0.000451939297704
138.418572317 0.0 -0.000451529003328
138.544236023 0.0 -0.000451119453203
138.669899729 0.0 -0.000450710645367
138.795563436 0.0 -0.000450302577775
138.921227142 0.0 -0.000449895248437
139.046890848 0.0 -0.000449488655363
139.172554554 0.0 -0.000449082796564
139.29821826 0.0 -0.000448677669965
139.423881966 0.0 -0.00044827327369
139.549545672 0.0 -0.000447869605722
139.675209379 0.0 -0.000447466664127
139.800873085 0.0 -0.000447064446888
139.926536791 0.0 -0.000446662952072
140.052200497 0.0 -0.000446262177803
140.177864203 0.0 -0.000445862122064
140.303527909 0.0 -0.000445462782949
140.429191615 0.0 -0.000445064158527
140.554855322 0.0 -0.000444666246892
140.680519028 0.0 -0.000444269046142
140.806182734 0.0 -0.000443872554371
140.93184644 0.0 -0.000443476769647
141.057510146 0.0 -0.000443081690122
141.183173852 0.0 -0.000442687313893
141.308837558 0.0 -0.000442293639082
141.434501265 0.0 -0.000441900663844
141.560164971 0.0 -0.000441508386302
141.685828677 0.0 -0.000441116804581
141.811492383 0.0 -0.000440725916889
141.937156089 0.0 -0.000440335721265
142.062819795 0.0 -0.000439946215977
142.188483501 0.0 -0.000439557399176
142.314147208 0.0 -0.000439169269015
142.439810914 0.0 -0.000438781823703
142.56547462 0.0 -0.000438395061394
142.691138326 0.0 -0.000438008980325
142.816802032 0.0 -0.000437623578676
142.942465738 0.0 -0.000437238854659
143.068129444 0.0 -0.000436854806452
143.193793151 0.0 -0.000436471432351
143.319456857 0.0 -0.00043608873051
143.445120563 0.0 -0.00043570669925
143.570784269 0.0 -0.000435325336696
143.696447975 0.0 -0.000434944641142
143.822111681 0.0 -0.000434564610913
143.947775387 0.0 -0.000434185244131
144.073439094 0.0 -0.000433806539178
144.1991028 0.0 -0.000433428494262
144.324766506 0.0 -0.000433051107677
144.450430212 0.0 -0.000432674377691
144.576093918 0.0 -0.000432298302627
144.701757624 0.0 -0.000431922880722
144.82742133 0.0 -0.000431548110328
144.953085037 0.0 -0.000431173989739
145.078748743 0.0 -0.00043080051725
145.204412449 0.0 -0.000430427691214
145.330076155 0.0 -0.000430055509867
145.455739861 0.0 -0.000429683971618
145.581403567 0.0 -0.000429313074818
145.707067273 0.0 -0.000428942817734
145.83273098 0.0 -0.000428573198775
145.958394686 0.0 -0.000428204216234
146.084058392 0.0 -0.000427835868521
146.209722098 0.0 -0.000427468153987
146.335385804 0.0 -0.000427101070983
146.46104951 0.0 -0.000426734617889
146.586713216 0.0 -0.000426368793114
146.712376923 0.0 -0.00042600359501
146.838040629 0.0 -0.000425639021955
146.963704335 0.0 -0.000425275072388
147.089368041 0.0 -0.000424911744688
147.215031747 0.0 -0.000424549037263
147.340695453 0.0 -0.00042418694855
147.46635916 0.0 -0.000423825476929
147.592022866 0.0 -0.000423464620837
147.717686572 0.0 -0.000423104378712
147.843350278 0.0 -0.00042274474896
147.969013984 0.0 -0.000422385730076
148.09467769 0.0 -0.000422027320468
148.220341396 0.0 -0.000421669518545
148.346005103 0.0 -0.000421312322857
148.471668809 0.0 -0.00042095573184
148.597332515 0.0 -0.000420599743904
148.722996221 0.0 -0.000420244357542
148.848659927 0.0 -0.000419889571276
148.974323633 0.0 -0.000419535383514
149.099987339 0.0 -0.000419181792807
149.225651046 0.0 -0.000418828797621
149.351314752 0.0 -0.000418476396447
149.476978458 0.0 -0.000418124587782
149.602642164 0.0 -0.000417773370145
149.72830587 0.0 -0.000417422742061
149.853969576 0.0 -0.000417072702021
149.979633282 0.0 -0.000416723248605
150.105296989 0.0 -0.000416374380222
150.230960695 0.0 -0.000416026095479
150.356624401 0.0 -0.000415678392955
150.482288107 0.0 -0.000415331271114
150.607951813 0.0 -0.000414984728536
150.733615519 0.0 -0.0004146387638
150.859279225 0.0 -0.0004142933754
150.984942932 0.0 -0.000413948561942
151.110606638 0.0 -0.000413604321977
151.236270344 0.0 -0.000413260654057
151.36193405 0.0 -0.000412917556787
151.487597756 0.0 -0.000412575028747
151.613261462 0.0 -0.000412233068516
151.738925168 0.0 -0.000411891674702
151.864588875 0.0 -0.00041155084574
151.990252581 0.0 -0.000411210580552
152.115916287 0.0 -0.00041087087746
152.241579993 0.0 -0.000410531735184
152.367243699 0.0 -0.000410193152334
152.492907405 0.0 -0.000409855127458
152.618571111 0.0 -0.00040951765925
152.744234818 0.0 -0.000409180746317
152.869898524 0.0 -0.000408844387323
152.99556223 0.0 -0.000408508580819
153.121225936 0.0 -0.000408173325525
153.246889642 0.0 -0.000407838620049
153.372553348 0.0 -0.000407504463055
153.498217054 0.0 -0.000407170853151
153.623880761 0.0 -0.000406837789086
153.749544467 0.0 -0.000406505269439
153.875208173 0.0 -0.000406173292902
154.000871879 0.0 -0.000405841858139
154.126535585 0.0 -0.000405510963844
154.252199291 0.0 -0.000405180608681
154.377862997 0.0 -0.000404850791341
154.503526704 0.0 -0.000404521510518
154.62919041 0.0 -0.000404192764904
154.754854116 0.0 -0.000403864553107
154.880517822 0.0 -0.000403536873961
155.006181528 0.0 -0.000403209726073
155.131845234 0.0 -0.000402883108279
155.25750894 0.0 -0.000402557019157
155.383172647 0.0 -0.000402231457485
155.508836353 0.0 -0.000401906421956
155.634500059 0.0 -0.000401581911348
155.760163765 0.0 -0.000401257924295
155.885827471 0.0 -0.000400934459634
156.011491177 0.0 -0.000400611516028
156.137154883 0.0 -0.000400289092312
156.26281859 0.0 -0.000399967187093
156.388482296 0.0 -0.000399645799234
156.514146002 0.0 -0.000399324927457
156.639809708 0.0 -0.000399004570539
156.765473414 0.0 -0.000398684727173
156.89113712 0.0 -0.000398365396194
157.016800826 0.0 -0.00039804657635
157.142464533 0.0 -0.000397728266421
157.268128239 0.0 -0.000397410465212
157.393791945 0.0 -0.000397093171387
157.519455651 0.0 -0.000396776383866
157.645119357 0.0 -0.000396460101371
157.770783063 0.0 -0.000396144322707
157.896446769 0.0 -0.000395829046681
158.022110476 0.0 -0.0003955142721
158.147774182 0.0 -0.000395199997712
158.273437888 0.0 -0.000394886222438
158.399101594 0.0 -0.00039457294497
158.5247653 0.0 -0.000394260164256
158.650429006 0.0 -0.000393947878962
158.776092712 0.0 -0.000393636087949
158.901756419 0.0 -0.000393324790167
159.027420125 0.0 -0.000393013984365
159.153083831 0.0 -0.000392703669291
159.278747537 0.0 -0.000392393843924
159.404411243 0.0 -0.000392084507013
159.530074949 0.0 -0.000391775657477
159.655738655 0.0 -0.000391467294094
159.781402362 0.0 -0.000391159415813
159.907066068 0.0 -0.000390852021354
160.032729774 0.0 -0.000390545109639
160.15839348 0.0 -0.000390238679614
160.284057186 0.0 -0.00038993273003
160.409720892 0.0 -0.000389627259835
160.535384598 0.0 -0.000389322267807
160.661048305 0.0 -0.000389017752951
160.786712011 0.0 -0.000388713714074
160.912375717 0.0 -0.000388410150066
161.038039423 0.0 -0.000388107059848
161.163703129 0.0 -0.000387804442198
161.289366835 0.0 -0.000387502296178
161.415030541 0.0 -0.000387200620594
161.540694248 0.0 -0.000386899414337
161.666357954 0.0 -0.000386598676386
161.79202166 0.0 -0.000386298405573
161.917685366 0.0 -0.000385998600791
162.043349072 0.0 -0.000385699261074
162.169012778 0.0 -0.000385400385284
162.294676484 0.0 -0.000385101972228
162.420340191 0.0 -0.000384804021024
162.546003897 0.0 -0.000384506530452
162.671667603 0.0 -0.000384209499543
162.797331309 0.0 -0.000383912927191
162.922995015 0.0 -0.000383616812314
163.048658721 0.0 -0.00038332115389
163.174322427 0.0 -0.000383025950839
163.299986134 0.0 -0.000382731202137
163.42564984 0.0 -0.000382436906705
163.551313546 0.0 -0.000382143063575
163.676977252 0.0 -0.000381849671527
163.802640958 0.0 -0.000381556729707
163.928304664 0.0 -0.000381264237006
164.05396837 0.0 -0.000380972192374
164.179632077 0.0 -0.000380680594844
164.305295783 0.0 -0.000380389443336
164.430959489 0.0 -0.000380098736855
164.556623195 0.0 -0.000379808474349
164.682286901 0.0 -0.000379518654825
164.807950607 0.0 -0.000379229277286
164.933614313 0.0 -0.000378940340681
165.05927802 0.0 -0.000378651844045
165.184941726 0.0 -0.00037836378641
165.310605432 0.0 -0.000378076166584
165.436269138 0.0 -0.000377788983798
165.561932844 0.0 -0.000377502236972
165.68759655 0.0 -0.000377215924999
165.813260256 0.0 -0.000376930047082
165.938923963 0.0 -0.00037664460217
166.064587669 0.0 -0.000376359589239
166.190251375 0.0 -0.000376075007296
166.315915081 0.0 -0.000375790855429
166.441578787 0.0 -0.000375507132588
166.567242493 0.0 -0.000375223837921
166.692906199 0.0 -0.000374940970318
166.818569906 0.0 -0.000374658528926
166.944233612 0.0 -0.000374376512724
167.069897318 0.0 -0.000374094920801
167.195561024 0.0 -0.000373813752105
167.32122473 0.0 -0.000373533005757
167.446888436 0.0 -0.000373252680788
167.572552142 0.0 -0.00037297277629
167.698215849 0.0 -0.00037269329124
167.823879555 0.0 -0.000372414224756
167.949543261 0.0 -0.000372135575873
168.075206967 0.0 -0.00037185734368
168.200870673 0.0 -0.000371579527211
168.326534379 0.0 -0.000371302125558
168.452198085 0.0 -0.000371025137753
168.577861792 0.0 -0.000370748562915
168.703525498 0.0 -0.000370472400164
168.829189204 0.0 -0.000370196648447
168.95485291 0.0 -0.000369921306913
169.080516616 0.0 -0.000369646374736
169.206180322 0.0 -0.000369371850837
169.331844028 0.0 -0.000369097734477
169.457507735 0.0 -0.000368824024576
169.583171441 0.0 -0.000368550720395
169.708835147 0.0 -0.00036827782094
169.834498853 0.0 -0.000368005325271
169.960162559 0.0 -0.00036773323265
170.085826265 0.0 -0.000367461542027
170.211489971 0.0 -0.000367190252575
170.337153678 0.0 -0.000366919363444
170.462817384 0.0 -0.000366648873694
170.58848109 0.0 -0.000366378782445
170.714144796 0.0 -0.000366109088816
170.839808502 0.0 -0.000365839791954
170.965472208 0.0 -0.000365570891006
171.091135915 0.0 -0.000365302384978
171.216799621 0.0 -0.000365034273159
171.342463327 0.0 -0.000364766554611
171.468127033 0.0 -0.000364499228425
171.593790739 0.0 -0.000364232293776
171.719454445 0.0 -0.000363965749841
171.845118151 0.0 -0.000363699595738
171.970781858 0.0 -0.000363433830586
172.096445564 0.0 -0.000363168453561
172.22210927 0.0 -0.00036290346381
172.347772976 0.0 -0.00036263886048
172.473436682 0.0 -0.000362374642748
172.599100388 0.0 -0.000362110809732
172.724764094 0.0 -0.000361847360608
172.850427801 0.0 -0.000361584294552
172.976091507 0.0 -0.000361321610711
173.101755213 0.0 -0.00036105930829
173.227418919 0.0 -0.000360797386435
173.353082625 0.0 -0.000360535844266
173.478746331 0.0 -0.000360274681071
173.604410037 0.0 -0.000360013895886
173.730073744 0.0 -0.000359753487999
173.85573745 0.0 -0.000359493456557
173.981401156 0.0 -0.000359233800737
174.107064862 0.0 -0.000358974519798
174.232728568 0.0 -0.000358715612776
174.358392274 0.0 -0.000358457079045
174.48405598 0.0 -0.000358198917695
174.609719687 0.0 -0.000357941127874
174.735383393 0.0 -0.000357683708813
174.861047099 0.0 -0.000357426659832
174.986710805 0.0 -0.00035716998002
175.112374511 0.0 -0.000356913668554
175.238038217 0.0 -0.000356657724694
175.363701923 0.0 -0.00035640214773
175.48936563 0.0 -0.000356146936753
175.615029336 0.0 -0.000355892090994
175.740693042 0.0 -0.000355637609687
175.866356748 0.0 -0.000355383492092
175.992020454 0.0 -0.000355129737329
176.11768416 0.0 -0.000354876344772
176.243347866 0.0 -0.000354623313513
176.369011573 0.0 -0.000354370642782
176.494675279 0.0 -0.000354118331927
176.620338985 0.0 -0.00035386638001
176.746002691 0.0 -0.000353614786491
176.871666397 0.0 -0.000353363550346
176.997330103 0.0 -0.000353112671064
177.122993809 0.0 -0.000352862147622
177.248657516 0.0 -0.000352611979594
177.374321222 0.0 -0.000352362165927
177.499984928 0.0 -0.000352112705968
177.625648634 0.0 -0.000351863598951
177.75131234 0.0 -0.000351614844249
177.876976046 0.0 -0.000351366440952
178.002639752 0.0 -0.000351118388437
178.128303459 0.0 -0.00035087068585
178.253967165 0.0 -0.000350623332537
178.379630871 0.0 -0.000350376327702
178.505294577 0.0 -0.000350129670665
178.630958283 0.0 -0.000349883360656
178.756621989 0.0 -0.000349637396965
178.882285695 0.0 -0.000349391778826
179.007949402 0.0 -0.000349146505528
179.133613108 0.0 -0.000348901576416
179.259276814 0.0 -0.00034865699061
179.38494052 0.0 -0.000348412747542
179.510604226 0.0 -0.000348168846443
179.636267932 0.0 -0.000347925286604
179.761931638 0.0 -0.000347682067229
179.887595345 0.0 -0.000347439187692
180.013259051 0.0 -0.000347196647255
180.138922757 0.0 -0.000346954445149
180.264586463 0.0 -0.000346712580807
180.390250169 0.0 -0.000346471053405
180.515913875 0.0 -0.000346229862288
180.641577581 0.0 -0.000345989006718
180.767241288 0.0 -0.000345748486041
180.892904994 0.0 -0.000345508299546
181.0185687 0.0 -0.000345268446495
181.144232406 0.0 -0.000345028926233
181.269896112 0.0 -0.000344789738108
181.395559818 0.0 -0.000344550881294
181.521223524 0.0 -0.000344312355253
181.646887231 0.0 -0.000344074159187
181.772550937 0.0 -0.000343836292529
181.898214643 0.0 -0.000343598754512
182.023878349 0.0 -0.000343361544481
182.149542055 0.0 -0.000343124661725
182.275205761 0.0 -0.000342888105592
182.400869467 0.0 -0.000342651875428
182.526533174 0.0 -0.000342415970465
182.65219688 0.0 -0.000342180390192
182.777860586 0.0 -0.00034194513384
182.903524292 0.0 -0.000341710200757
183.029187998 0.0 -0.000341475590233
183.154851704 0.0 -0.000341241301641
183.28051541 0.0 -0.000341007334356
183.406179117 0.0 -0.00034077368764
183.531842823 0.0 -0.000340540360924
183.657506529 0.0 -0.000340307353525
183.783170235 0.0 -0.000340074664706
183.908833941 0.0 -0.000339842293926
184.034497647 0.0 -0.000339610240474
184.160161353 0.0 -0.000339378503696
184.28582506 0.0 -0.00033914708294
184.411488766 0.0 -0.000338915977636
184.537152472 0.0 -0.000338685187074
184.662816178 0.0 -0.000338454710544
184.788479884 0.0 -0.000338224547505
184.91414359 0.0 -0.000337994697361
185.039807296 0.0 -0.000337765159401
185.165471003 0.0 -0.000337535932914
185.291134709 0.0 -0.000337307017389
185.416798415 0.0 -0.000337078412173
185.542462121 0.0 -0.000336850116582
185.668125827 0.0 -0.00033662213005
185.793789533 0.0 -0.000336394451921
185.919453239 0.0 -0.000336167081514
186.045116946 0.0 -0.000335940018317
186.170780652 0.0 -0.000335713261677
186.296444358 0.0 -0.000335486810911
186.422108064 0.0 -0.000335260665452
186.54777177 0.0 -0.000335034824616
186.673435476 0.0 -0.000334809287892
186.799099182 0.0 -0.000334584054627
186.924762889 0.0 -0.000334359124139
187.050426595 0.0 -0.000334134495887
187.176090301 0.0 -0.000333910169303
187.301754007 0.0 -0.000333686143676
187.427417713 0.0 -0.000333462418467
187.553081419 0.0 -0.000333238993107
187.678745125 0.0 -0.000333015866858
187.804408832 0.0 -0.000332793039263
187.930072538 0.0 -0.000332570509642
188.055736244 0.0 -0.000332348277453
188.18139995 0.0 -0.000332126342016
188.307063656 0.0 -0.000331904702819
188.432727362 0.0 -0.000331683359235
188.558391068 0.0 -0.000331462310669
188.684054775 0.0 -0.00033124155658
188.809718481 0.0 -0.000331021096287
188.935382187 0.0 -0.000330800929305
189.061045893 0.0 -0.000330581054953
189.186709599 0.0 -0.000330361472692
189.312373305 0.0 -0.00033014218198
189.438037011 0.0 -0.000329923182221
189.563700718 0.0 -0.000329704472762
189.689364424 0.0 -0.00032948605309
189.81502813 0.0 -0.000329267922666
189.940691836 0.0 -0.000329050080808
190.066355542 0.0 -0.000328832527089
190.192019248 0.0 -0.000328615260798
190.317682954 0.0 -0.000328398281397
190.443346661 0.0 -0.000328181588372
190.569010367 0.0 -0.000327965181128
190.694674073 0.0 -0.000327749059096
190.820337779 0.0 -0.000327533221736
190.946001485 0.0 -0.000327317668422
191.071665191 0.0 -0.000327102398643
191.197328897 0.0 -0.000326887411859
191.322992604 0.0 -0.00032667270753
191.44865631 0.0 -0.000326458284974
191.574320016 0.0 -0.000326244143736
191.699983722 0.0 -0.000326030283304
191.825647428 0.0 -0.000325816703025
191.951311134 0.0 -0.000325603402388
192.07697484 0.0 -0.000325390380908
192.202638547 0.0 -0.000325177637905
192.328302253 0.0 -0.000324965172922
192.453965959 0.0 -0.000324752985449
192.579629665 0.0 -0.000324541074832
192.705293371 0.0 -0.000324329440588
192.830957077 0.0 -0.000324118082204
192.956620783 0.0 -0.000323906999142
193.08228449 0.0 -0.000323696190804
193.207948196 0.0 -0.000323485656679
193.333611902 0.0 -0.000323275396283
193.459275608 0.0 -0.00032306540902
193.584939314 0.0 -0.000322855694321
193.71060302 0.0 -0.000322646251789
193.836266726 0.0 -0.000322437080825
193.961930433 0.0 -0.000322228180835
194.087594139 0.0 -0.000322019551419
194.213257845 0.0 -0.000321811191952
194.338921551 0.0 -0.00032160310198
194.464585257 0.0 -0.000321395280849
194.590248963 0.0 -0.000321187728247
194.715912669 0.0 -0.000320980443462
194.841576376 0.0 -0.000320773426125
194.967240082 0.0 -0.000320566675583
195.092903788 0.0 -0.000320360191409
195.218567494 0.0 -0.000320153973064
195.3442312 0.0 -0.000319948020035
195.469894906 0.0 -0.000319742331811
195.595558613 0.0 -0.000319536907909
195.721222319 0.0 -0.000319331747789
195.846886025 0.0 -0.000319126850911
195.972549731 0.0 -0.000318922216849
196.098213437 0.0 -0.000318717845033
196.223877143 0.0 -0.000318513734982
196.349540849 0.0 -0.000318309886183
196.475204556 0.0 -0.000318106298153
196.600868262 0.0 -0.000317902970409
196.726531968 0.0 -0.000317699902411
196.852195674 0.0 -0.000317497093619
196.97785938 0.0 -0.000317294543578
197.103523086 0.0 -0.000317092251919
197.229186792 0.0 -0.000316890217988
197.354850499 0.0 -0.000316688441359
197.480514205 0.0 -0.00031648692152
197.606177911 0.0 -0.000316285657959
197.731841617 0.0 -0.000316084650251
197.857505323 0.0 -0.000315883897855
197.983169029 0.0 -0.000315683400288
198.108832735 0.0 -0.000315483157095
198.234496442 0.0 -0.000315283167765
198.360160148 0.0 -0.000315083431843
198.485823854 0.0 -0.000314883948818
198.61148756 0.0 -0.000314684718234
198.737151266 0.0 -0.00031448573958
198.862814972 0.0 -0.000314287012458
198.988478678 0.0 -0.000314088536214
199.114142385 0.0 -0.000313890310622
199.239806091 0.0 -0.000313692334942
199.365469797 0.0 -0.000313494609003
199.491133503 0.0 -0.000313297132067
199.616797209 0.0 -0.000313099903821
199.742460915 0.0 -0.000312902923667
199.868124621 0.0 -0.000312706191266
199.993788328 0.0 -0.000312509706021
200.119452034 0.0 -0.000312313467646
200.24511574 0.0 -0.000312117475488
200.370779446 0.0 -0.000311921729178
200.496443152 0.0 -0.000311726228233
200.622106858 0.0 -0.000311530972255
200.747770564 0.0 -0.000311335960674
200.873434271 0.0 -0.000311141193094
200.999097977 0.0 -0.000310946669032
201.124761683 0.0 -0.000310752388117
201.250425389 0.0 -0.000310558349781
201.376089095 0.0 -0.000310364553627
201.501752801 0.0 -0.000310170999171
201.627416507 0.0 -0.000309977686015
201.753080214 0.0 -0.000309784613677
201.87874392 0.0 -0.000309591781615
202.004407626 0.0 -0.000309399189547
202.130071332 0.0 -0.000309206836931
202.255735038 0.0 -0.000309014723314
202.381398744 0.0 -0.000308822848297
202.50706245 0.0 -0.000308631211368
202.632726157 0.0 -0.000308439812187
202.758389863 0.0 -0.000308248650242
202.884053569 0.0 -0.000308057725107
203.009717275 0.0 -0.000307867036298
203.135380981 0.0 -0.000307676583418
203.261044687 0.0 -0.000307486366069
203.386708393 0.0 -0.000307296383795
203.5123721 0.0 -0.000307106636114
203.638035806 0.0 -0.0003069171226
203.763699512 0.0 -0.000306727842855
203.889363218 0.0 -0.000306538796394
204.015026924 0.0 -0.00030634998285
204.14069063 0.0 -0.000306161401767
204.266354336 0.0 -0.00030597305269
204.392018043 0.0 -0.00030578493525
204.517681749 0.0 -0.000305597048964
204.643345455 0.0 -0.000305409393377
204.769009161 0.0 -0.000305221968148
204.894672867 0.0 -0.000305034772907
205.020336573 0.0 -0.000304847807058
205.146000279 0.0 -0.000304661070231
205.271663986 0.0 -0.000304474562085
205.397327692 0.0 -0.000304288282138
205.522991398 0.0 -0.00030410222999
205.648655104 0.0 -0.000303916405244
205.77431881 0.0 -0.000303730807417
205.899982516 0.0 -0.000303545436168
206.025646222 0.0 -0.000303360291042
206.151309929 0.0 -0.000303175371641
206.276973635 0.0 -0.000302990677568
206.402637341 0.0 -0.00030280620831
206.528301047 0.0 -0.000302621963584
206.653964753 0.0 -0.000302437942935
206.779628459 0.0 -0.000302254145964
206.905292165 0.0 -0.000302070572189
207.030955872 0.0 -0.000301887221354
207.156619578 0.0 -0.000301704092891
207.282283284 0.0 -0.000301521186486
207.40794699 0.0 -0.000301338501771
207.533610696 0.0 -0.000301156038262
207.659274402 0.0 -0.000300973795532
207.784938108 0.0 -0.000300791773299
207.910601815 0.0 -0.000300609971077
208.036265521 0.0 -0.000300428388471
208.161929227 0.0 -0.000300247025166
208.287592933 0.0 -0.00030006588068
208.413256639 0.0 -0.000299884954615
208.538920345 0.0 -0.000299704246601
208.664584051 0.0 -0.000299523756183
208.790247758 0.0 -0.000299343483135
208.915911464 0.0 -0.00029916342686
209.04157517 0.0 -0.000298983587101
209.167238876 0.0 -0.000298803963489
209.292902582 0.0 -0.000298624555512
209.418566288 0.0 -0.000298445362802
209.544229994 0.0 -0.000298266385101
209.669893701 0.0 -0.0002980876219
209.795557407 0.0 -0.000297909072913
209.921221113 0.0 -0.000297730737628
210.046884819 0.0 -0.000297552615706
210.172548525 0.0 -0.000297374706832
210.298212231 0.0 -0.000297197010553
210.423875937 0.0 -0.000297019526499
210.549539644 0.0 -0.000296842254357
210.67520335 0.0 -0.000296665193645
210.800867056 0.0 -0.00029648834402
210.926530762 0.0 -0.000296311705227
211.052194468 0.0 -0.000296135276699
211.177858174 0.0 -0.000295959058121
211.30352188 0.0 -0.000295783049125
211.429185587 0.0 -0.000295607249427
211.554849293 0.0 -0.000295431658543
211.680512999 0.0 -0.000295256276161
211.806176705 0.0 -0.000295081101854
211.931840411 0.0 -0.000294906135252
212.057504117 0.0 -0.000294731376073
212.183167823 0.0 -0.000294556823945
212.30883153 0.0 -0.000294382478359
212.434495236 0.0 -0.000294208339028
212.560158942 0.0 -0.00029403440567
212.685822648 0.0 -0.0002938606778
212.811486354 0.0 -0.000293687155079
212.93715006 0.0 -0.000293513837249
213.062813766 0.0 -0.000293340723772
213.188477473 0.0 -0.000293167814419
213.314141179 0.0 -0.000292995108822
213.439804885 0.0 -0.000292822606497
213.565468591 0.0 -0.000292650307301
213.691132297 0.0 -0.000292478210611
213.816796003 0.0 -0.000292306316283
213.942459709 0.0 -0.000292134623862
214.068123416 0.0 -0.000291963133066
214.193787122 0.0 -0.000291791843466
214.319450828 0.0 -0.000291620754751
214.445114534 0.0 -0.000291449866467
214.57077824 0.0 -0.000291279178384
214.696441946 0.0 -0.000291108690163
214.822105652 0.0 -0.000290938401378
214.947769359 0.0 -0.000290768311658
215.073433065 0.0 -0.000290598420804
215.199096771 0.0 -0.000290428728249
215.324760477 0.0 -0.00029025923385
215.450424183 0.0 -0.000290089937067
215.576087889 0.0 -0.00028992083773
215.701751595 0.0 -0.000289751935497
215.827415302 0.0 -0.000289583229772
215.953079008 0.0 -0.00028941472047
216.078742714 0.0 -0.00028924640722
216.20440642 0.0 -0.000289078289569
216.330070126 0.0 -0.000288910367203
216.455733832 0.0 -0.000288742639839
216.581397538 0.0 -0.000288575107135
216.707061245 0.0 -0.000288407768778
216.832724951 0.0 -0.000288240624286
216.958388657 0.0 -0.000288073673403
217.084052363 0.0 -0.000287906915901
217.209716069 0.0 -0.000287740351297
217.335379775 0.0 -0.000287573979278
217.461043481 0.0 -0.00028740779959
217.586707188 0.0 -0.000287241811833
217.712370894 0.0 -0.000287076015667
217.8380346 0.0 -0.000286910410864
217.963698306 0.0 -0.000286744996913
218.089362012 0.0 -0.000286579773615
218.215025718 0.0 -0.0002864147406
218.340689424 0.0 -0.000286249897641
218.466353131 0.0 -0.000286085244284
218.592016837 0.0 -0.000285920780243
218.717680543 0.0 -0.00028575650515
218.843344249 0.0 -0.000285592418692
218.969007955 0.0 -0.000285428520641
219.094671661 0.0 -0.000285264810572
219.220335367 0.0 -0.000285101288142
219.345999074 0.0 -0.000284937953126
219.47166278 0.0 -0.000284774805124
219.597326486 0.0 -0.000284611843853
219.722990192 0.0 -0.000284449068999
219.848653898 0.0 -0.000284286480166
219.974317604 0.0 -0.00028412407724
220.099981311 0.0 -0.000283961859651
220.225645017 0.0 -0.000283799827201
220.351308723 0.0 -0.000283637979521
220.476972429 0.0 -0.000283476316412
220.602636135 0.0 -0.000283314837475
220.728299841 0.0 -0.00028315354237
220.853963547 0.0 -0.00028299243084
220.979627254 0.0 -0.000282831502517
221.10529096 0.0 -0.000282670757116
221.230954666 0.0 -0.000282510194353
221.356618372 0.0 -0.000282349813915
221.482282078 0.0 -0.000282189615405
221.607945784 0.0 -0.000282029598623
221.73360949 0.0 -0.000281869763171
221.859273197 0.0 -0.000281710108879
221.984936903 0.0 -0.000281550635208
222.110600609 0.0 -0.000281391342071
222.236264315 0.0 -0.000281232229099
222.361928021 0.0 -0.000281073295923
222.487591727 0.0 -0.000280914542287
222.613255433 0.0 -0.000280755967935
222.73891914 0.0 -0.000280597572441
222.864582846 0.0 -0.000280439355606
222.990246552 0.0 -0.00028028131706
223.115910258 0.0 -0.000280123456577
223.241573964 0.0 -0.000279965773814
223.36723767 0.0 -0.000279808268488
223.492901376 0.0 -0.000279650940257
223.618565083 0.0 -0.000279493788781
223.744228789 0.0 -0.000279336813918
223.869892495 0.0 -0.000279180015241
223.995556201 0.0 -0.000279023392494
224.121219907 0.0 -0.000278866945393
224.246883613 0.0 -0.000278710673626
224.372547319 0.0 -0.000278554576994
224.498211026 0.0 -0.000278398654984
224.623874732 0.0 -0.000278242907541
224.749538438 0.0 -0.000278087334152
224.875202144 0.0 -0.000277931934676
225.00086585 0.0 -0.000277776708856
225.126529556 0.0 -0.00027762165621
225.252193262 0.0 -0.000277466776708
225.377856969 0.0 -0.000277312069755
225.503520675 0.0 -0.000277157535351
225.629184381 0.0 -0.000277003173011
225.754848087 0.0 -0.000276848982594
225.880511793 0.0 -0.000276694963645
226.006175499 0.0 -0.000276541116079
226.131839205 0.0 -0.000276387439385
226.257502912 0.0 -0.000276233933448
226.383166618 0.0 -0.000276080597985
226.508830324 0.0 -0.000275927432511
226.63449403 0.0 -0.000275774437029
226.760157736 0.0 -0.000275621610996
226.885821442 0.0 -0.000275468954413
227.011485148 0.0 -0.000275316466741
227.137148855 0.0 -0.000275164147837
227.262812561 0.0 -0.000275011997303
227.388476267 0.0 -0.000274860014969
227.514139973 0.0 -0.000274708200578
227.639803679 0.0 -0.000274556553762
227.765467385 0.0 -0.000274405074293
227.891131091 0.0 -0.000274253761859
228.016794798 0.0 -0.000274102616174
228.142458504 0.0 -0.00027395163707
228.26812221 0.0 -0.000273800824203
228.393785916 0.0 -0.000273650177263
228.519449622 0.0 -0.000273499695965
228.645113328 0.0 -0.000273349380166
228.770777034 0.0 -0.00027319922944
228.896440741 0.0 -0.00027304924356
229.022104447 0.0 -0.000272899422328
229.147768153 0.0 -0.000272749765372
229.273431859 0.0 -0.000272600272524
229.399095565 0.0 -0.000272450943385
229.524759271 0.0 -0.000272301777812
229.650422977 0.0 -0.000272152775466
229.776086684 0.0 -0.00027200393609
229.90175039 0.0 -0.000271855259456
230.027414096 0.0 -0.000271706745252
230.153077802 0.0 -0.000271558393223
230.278741508 0.0 -0.000271410203084
230.404405214 0.0 -0.000271262174579
230.53006892 0.0 -0.000271114307566
230.655732627 0.0 -0.00027096660159
230.781396333 0.0 -0.000270819056425
230.907060039 0.0 -0.000270671671899
231.032723745 0.0 -0.000270524447672
231.158387451 0.0 -0.000270377383629
231.284051157 0.0 -0.000270230479288
231.409714863 0.0 -0.000270083734534
231.53537857 0.0 -0.000269937149113
231.661042276 0.0 -0.000269790722626
231.786705982 0.0 -0.00026964445496
231.912369688 0.0 -0.000269498345745
232.038033394 0.0 -0.000269352394895
232.1636971 0.0 -0.000269206601985
232.289360806 0.0 -0.000269060966787
232.415024513 0.0 -0.000268915489158
232.540688219 0.0 -0.000268770168645
232.666351925 0.0 -0.000268625005162
232.792015631 0.0 -0.000268479998454
232.917679337 0.0 -0.000268335148235
233.043343043 0.0 -0.000268190454108
233.169006749 0.0 -0.000268045916016
233.294670456 0.0 -0.000267901533647
233.420334162 0.0 -0.000267757306659
233.545997868 0.0 -0.000267613234968
233.671661574 0.0 -0.000267469318146
233.79732528 0.0 -0.000267325556052
233.922988986 0.0 -0.000267181948544
234.048652692 0.0 -0.00026703849511
234.174316399 0.0 -0.000266895195722
234.299980105 0.0 -0.00026675205001
234.425643811 0.0 -0.000266609057718
234.551307517 0.0 -0.000266466218676
234.676971223 0.0 -0.000266323532628
234.802634929 0.0 -0.000266180999319
234.928298635 0.0 -0.000266038618435
235.053962342 0.0 -0.000265896389863
235.179626048 0.0 -0.000265754313205
235.305289754 0.0 -0.000265612388375
235.43095346 0.0 -0.000265470615034
235.556617166 0.0 -0.000265328992896
235.682280872 0.0 -0.000265187521876
235.807944578 0.0 -0.00026504620152
235.933608285 0.0 -0.000264905031798
236.059271991 0.0 -0.000264764012343
236.184935697 0.0 -0.000264623142925
236.310599403 0.0 -0.000264482423376
236.436263109 0.0 -0.000264341853381
236.561926815 0.0 -0.000264201432771
236.687590521 0.0 -0.000264061161204
236.813254228 0.0 -0.00026392103851
236.938917934 0.0 -0.00026378106449
237.06458164 0.0 -0.000263641238917
237.190245346 0.0 -0.00026350156142
237.315909052 0.0 -0.000263362031887
237.441572758 0.0 -0.000263222650034
237.567236464 0.0 -0.000263083415547
237.692900171 0.0 -0.000262944328369
237.818563877 0.0 -0.000262805388218
237.944227583 0.0 -0.000262666594693
238.069891289 0.0 -0.000262527947854
238.195554995 0.0 -0.000262389447158
238.321218701 0.0 -0.000262251092607
238.446882407 0.0 -0.000262112883888
238.572546114 0.0 -0.000261974820745
238.69820982 0.0 -0.000261836902951
238.823873526 0.0 -0.000261699130249
238.949537232 0.0 -0.000261561502583
239.075200938 0.0 -0.000261424019499
239.200864644 0.0 -0.000261286680967
239.32652835 0.0 -0.000261149486562
239.452192057 0.0 -0.000261012436198
239.577855763 0.0 -0.000260875529619
239.703519469 0.0 -0.000260738766571
239.829183175 0.0 -0.000260602146824
239.954846881 0.0 -0.000260465670124
240.080510587 0.0 -0.000260329336385
240.206174293 0.0 -0.000260193145294
240.331838 0.0 -0.000260057096597
240.457501706 0.0 -0.000259921190064
240.583165412 0.0 -0.000259785425527
240.708829118 0.0 -0.000259649802729
240.834492824 0.0 -0.000259514321556
240.96015653 0.0 -0.000259378981553
241.085820236 0.0 -0.00025924378275
241.211483943 0.0 -0.000259108724748
241.337147649 0.0 -0.000258973807405
241.462811355 0.0 -0.000258839030522
241.588475061 0.0 -0.000258704393872
241.714138767 0.0 -0.000258569897142
241.839802473 0.0 -0.000258435540246
241.965466179 0.0 -0.000258301322816
242.091129886 0.0 -0.000258167244908
242.216793592 0.0 -0.000258033305869
242.342457298 0.0 -0.000257899505954
242.468121004 0.0 -0.000257765844594
242.59378471 0.0 -0.000257632321734
242.719448416 0.0 -0.000257498937174
242.845112122 0.0 -0.000257365690629
242.970775829 0.0 -0.000257232581959
243.096439535 0.0 -0.000257099610849
243.222103241 0.0 -0.000256966777215
243.347766947 0.0 -0.000256834080602
243.473430653 0.0 -0.000256701521124
243.599094359 0.0 -0.000256569098354
243.724758065 0.0 -0.000256436812151
243.850421772 0.0 -0.000256304662315
243.976085478 0.0 -0.000256172648562
244.101749184 0.0 -0.000256040770722
244.22741289 0.0 -0.000255909028652
244.353076596 0.0 -0.000255777422012
244.478740302 0.0 -0.000255645950773
244.604404009 0.0 -0.000255514614537
244.730067715 0.0 -0.00025538341319
244.855731421 0.0 -0.000255252346477
244.981395127 0.0 -0.000255121414256
245.107058833 0.0 -0.000254990616355
245.232722539 0.0 -0.000254859952491
245.358386245 0.0 -0.000254729422352
245.484049952 0.0 -0.000254599025908
245.609713658 0.0 -0.000254468762904
245.735377364 0.0 -0.000254338633198
245.86104107 0.0 -0.00025420863642
245.986704776 0.0 -0.000254078772485
246.112368482 0.0 -0.000253949041166
246.238032188 0.0 -0.000253819442264
246.363695895 0.0 -0.000253689975551
246.489359601 0.0 -0.000253560640942
246.615023307 0.0 -0.00025343143804
246.740687013 0.0 -0.000253302366815
246.866350719 0.0 -0.000253173426927
246.992014425 0.0 -0.000253044618233
247.117678131 0.0 -0.000252915940592
247.243341838 0.0 -0.000252787393691
247.369005544 0.0 -0.000252658977416
247.49466925 0.0 -0.000252530691625
247.620332956 0.0 -0.000252402535978
247.745996662 0.0 -0.000252274510331
247.871660368 0.0 -0.000252146614542
247.997324074 0.0 -0.000252018848329
248.122987781 0.0 -0.000251891211491
248.248651487 0.0 -0.000251763703915
248.374315193 0.0 -0.000251636325459
248.499978899 0.0 -0.000251509075781
248.625642605 0.0 -0.000251381954598
248.751306311 0.0 -0.000251254961938
248.876970017 0.0 -0.000251128097574
249.002633724 0.0 -0.000251001361079
249.12829743 0.0 -0.000250874752709
249.253961136 0.0 -0.00025074827181
249.379624842 0.0 -0.00025062191844
249.505288548 0.0 -0.000250495692313
249.630952254 0.0 -0.000250369593374
249.75661596 0.0 -0.000250243621224
249.882279667 0.0 -0.000250117775778
250.007943373 0.0 -0.000249992056894
250.133607079 0.0 -0.000249866464316
250.259270785 0.0 -0.000249740997816
250.384934491 0.0 -0.000249615657282
250.510598197 0.0 -0.000249490442485
250.636261903 0.0 -0.000249365353284
250.76192561 0.0 -0.000249240389451
250.887589316 0.0 -0.000249115550702
251.013253022 0.0 -0.000248990837093
251.138916728 0.0 -0.000248866248199
251.264580434 0.0 -0.00024874178402
