-1.800000000000201084e+01 1.401020942329473201e-05
-1.768637079511795918e+01 3.733623277856739367e-05
-1.738314684757837725e+01 5.017976039422099971e-05
-1.708981328123576660e+01 6.632141036373419502e-05
-1.680588863433072433e+01 8.669922742792515692e-05
-1.653092219204418001e+01 1.118314207910207144e-04
-1.626449157056260830e+01 1.424872212507402830e-04
-1.600620052541652782e+01 1.796494097663607495e-04
-1.575567696017295916e+01 2.239344214463062806e-04
-1.551257111443442049e+01 2.764192106954612652e-04
-1.527655391258613626e+01 3.379145895901322812e-04
-1.504731545689701200e+01 4.099818048557876660e-04
-1.482456365046278535e+01 4.931060543752145003e-04
-1.460802293712368716e+01 5.883631139251357684e-04
-1.439743314692604947e+01 6.969890896524475387e-04
-1.419254843695589230e+01 8.197436226312993304e-04
-1.399313631847824624e+01 9.574808459114859602e-04
-1.379897676228727654e+01 1.112078957931412863e-03
-1.360986137502872673e+01 1.283810223975666385e-03
-1.342559264001182306e+01 1.473502859995399344e-03
-1.324598321669588152e+01 1.682389187260229955e-03
-1.307085529362816168e+01 1.910982648844541335e-03
-1.290003999013476133e+01 2.160291533680843822e-03
-1.273337680253193582e+01 2.431232802876973423e-03
-1.257071309104041035e+01 2.724269714382963024e-03
-1.241190360395464154e+01 3.039161084494155021e-03
-1.225681003594876195e+01 3.377775951731751530e-03
-1.210530061769597765e+01 3.739971682435195080e-03
-1.195724973424155202e+01 4.125531776509482572e-03
-1.181253756980619762e+01 4.536406619506924698e-03
-1.167104977690866718e+01 4.970855422318419536e-03
-1.153267716788677255e+01 5.429692085151724065e-03
-1.139731542706779699e+01 5.912109802465828623e-03
-1.126486484199332239e+01 6.420588559212859689e-03
-1.113523005224293527e+01 6.953587439175446666e-03
-1.100831981452695096e+01 7.510402416528285177e-03
-1.088404678283180083e+01 8.091185999941531357e-03
-1.076232730250476877e+01 8.697130924783436426e-03
-1.064308121725769141e+01 9.325323396816605562e-03
-1.052623168815380517e+01 9.976556351814179491e-03
-1.041170502371859463e+01 1.065059744286744707e-02
-1.029943052038521678e+01 1.134657444589642211e-02
-1.018934031254830330e+01 1.206499011161750110e-02
-1.008136923155793951e+01 1.280265006396720182e-02
-9.975454673037956965e+00 1.356195425166432933e-02
-9.871536471960840942e+00 1.434142395109141814e-02
-9.769556784955334194e+00 1.513824730528707738e-02
-9.669459979362780899e+00 1.595277446099617816e-02
-9.571192528595137361e+00 1.678634867166707567e-02
-9.474702913380864899e+00 1.763729377932726078e-02
-9.379941528515811200e+00 1.850283987281359926e-02
-9.286860594764403842e+00 1.938244623860723576e-02
-9.195414075582201363e+00 2.027694364816400030e-02
-9.105557598354884874e+00 2.118680729921005104e-02
-9.017248379870389741e+00 2.210870936965185496e-02
-8.930445155761116638e+00 2.304243021505508748e-02
-8.845108113671695804e+00 2.398174218350175579e-02
-8.761198829924738973e+00 2.493325420635346054e-02
-8.678680209472876328e+00 2.589451266353879483e-02
-8.597516428939853128e+00 2.686444724353415428e-02
-8.517672882566811765e+00 2.783965420109900391e-02
-8.439116130892410084e+00 2.882255075982992354e-02
-8.361813852006719117e+00 2.980984987326916469e-02
-8.285734795229661387e+00 3.080320853451481294e-02
-8.210848737074378789e+00 3.179898588080745658e-02
-8.137126439365120589e+00 3.280033949321121273e-02
-8.064539609387715302e+00 3.380178020502490333e-02
-7.993060861958362295e+00 3.480478363799227592e-02
-7.922663683303976967e+00 3.580769728175511174e-02
-7.853322396653874549e+00 3.680748347743438564e-02
-7.785012129448951157e+00 3.780701998868628289e-02
-7.717708782080378249e+00 3.880690314909556599e-02
-7.651388998075133507e+00 3.980421246414115460e-02
-7.586030135650944750e+00 4.079744228639088643e-02
-7.521610240567749628e+00 4.178485322690528997e-02
-7.458108020207273370e+00 4.276803334559511893e-02
-7.395502818816379609e+00 4.374642561463153168e-02
-7.333774593853726209e+00 4.472011224013665992e-02
-7.272903893382695273e+00 4.568561777581631178e-02
-7.212871834457117437e+00 4.664339384481473033e-02
-7.153660082449187385e+00 4.759627648703915193e-02
-7.095250831272068126e+00 4.853837198043561840e-02
-7.037626784452278628e+00 4.947172321216289359e-02
-6.980771137009643468e+00 5.039489122323838333e-02
-6.924667558104775189e+00 5.130804000591009800e-02
-6.869300174416541616e+00 5.221002333475974894e-02
-6.814653554213885300e+00 5.310340305023855678e-02
-6.760712692088343800e+00 5.398350919054436398e-02
-6.707462994315648963e+00 5.484804421376306138e-02
-6.654890264816202716e+00 5.570472782961302660e-02
-6.602980691686176407e+00 5.654958791939145024e-02
-6.551720834272277472e+00 5.737981501962466369e-02
-6.501097610764786872e+00 5.819707272831314837e-02
-6.451098286284775440e+00 5.900191831829673661e-02
-6.401710461442654321e+00 5.979041251036437687e-02
-6.352922061346510496e+00 6.056162864156208747e-02
-6.304721325039668756e+00 6.132056950126583278e-02
-6.257096795348075169e+00 6.206728967164731881e-02
-6.210037309119101678e+00 6.279753368708426708e-02
-6.163531987834188541e+00 6.351058027702161102e-02
-6.117570228578837366e+00 6.420749818898116579e-02
-6.072141695354100754e+00 6.489187916073410611e-02
-6.027236310714632950e+00 6.556032465371075535e-02
-5.982844247719062203e+00 6.621222909312701743e-02
-5.938955922179146363e+00 6.684883719804311786e-02
-5.895561985194874843e+00 6.746814859500283035e-02
-5.852653315963272540e+00 6.806852260474299809e-02
-5.810221014849253685e+00 6.865402352669801311e-02
-5.768256396707496236e+00 6.922512535796737643e-02
-5.726750984444712422e+00 6.977737238147246890e-02
-5.685696502812374042e+00 7.031050110689648913e-02
-5.645084872420248701e+00 7.082861494750312958e-02
-5.604908203961667112e+00 7.133053496151862960e-02
-5.565158792641851981e+00 7.181460980206556821e-02
-5.525829112800970222e+00 7.228202385939558328e-02
-5.486911812724083681e+00 7.273207268907377898e-02
-5.448399709630409760e+00 7.316683452974009905e-02
-5.410285784834729661e+00 7.358109224602725484e-02
-5.372563179074079542e+00 7.397808897216341661e-02
-5.335225187993163587e+00 7.435828782392631120e-02
-5.298265257782246884e+00 7.472210287298011733e-02
-5.261676980961550676e+00 7.506886721613457991e-02
-5.225454092306433651e+00 7.539934083624913463e-02
-5.189590464907923639e+00 7.571395165418209894e-02
-5.154080106363324809e+00 7.601355752364140350e-02
-5.118917155092023386e+00 7.629723945884560321e-02
-5.084095876771596245e+00 7.656051462717930467e-02
-5.049610660889740643e+00 7.680642953949726182e-02
-5.015456017407655231e+00 7.703926911316390236e-02
-4.981626573530626878e+00 7.725568530173151927e-02
-4.948117070581910859e+00 7.745456852973703343e-02
-4.914922360976011539e+00 7.763811016387456299e-02
-4.882037405287712239e+00 7.780684163530031394e-02
-4.849457269413337102e+00 7.796174964511771999e-02
-4.817177121820895636e+00 7.810037021214444319e-02
-4.785192230885824571e+00 7.822051382067529701e-02
-4.753497962309302771e+00 7.832399271348804148e-02
-4.722089776616123835e+00 7.841394260886466738e-02
-4.690963226729293112e+00 7.848951115159132075e-02
-4.660113955618596648e+00 7.854940052325620758e-02
-4.629537694020590344e+00 7.859470803464398136e-02
-4.599230258227382961e+00 7.862667225708258600e-02
-4.569187547941903738e+00 7.864413902546704693e-02
-4.539405544197283149e+00 7.864814312698401033e-02
-4.509880307338105077e+00 7.863841544919802917e-02
-4.480607975061465353e+00 7.861469821111684297e-02
-4.451584760515686412e+00 7.857914081867196920e-02
-4.422806950454783781e+00 7.853051607722646987e-02
-4.394270903446768628e+00 7.846735132316658146e-02
-4.365973048133954926e+00 7.838909606829250198e-02
-4.337909881543509094e+00 7.829839370150085132e-02
-4.310077967446587444e+00 7.819678909474060691e-02
-4.282473934764412071e+00 7.808330407027294640e-02
-4.255094476019731786e+00 7.795717319852724092e-02
-4.227936345832168819e+00 7.781835576570766966e-02
-4.200996359456015128e+00 7.766666716841974516e-02
-4.174271391359062555e+00 7.750350666095373597e-02
-4.147758373841154089e+00 7.733136269576337818e-02
-4.121454295691163061e+00 7.714936146920486904e-02
-4.095356200881122177e+00 7.695550803727763123e-02
-4.069461187296388616e+00 7.674955843648868792e-02
-4.043766405500584860e+00 7.653393039776723583e-02
-4.018269057534298305e+00 7.630943212085188054e-02
-3.992966395746416985e+00 7.607511486827885083e-02
-3.967855721657088441e+00 7.583076314797101980e-02
-3.942934384851309204e+00 7.557679367393986547e-02
-3.918199781902168777e+00 7.531293716122297588e-02
-3.893649355322847061e+00 7.503852564331586761e-02
-3.869280592546462394e+00 7.475541949277816900e-02
-3.845091024932894896e+00 7.446515278967530405e-02
-3.821078226801797317e+00 7.416662743125859714e-02
-3.797239814490932730e+00 7.385868894436417587e-02
-3.773573445439120100e+00 7.354221967994528653e-02
-3.750076817293014120e+00 7.321846479968480148e-02
-3.726747667036997225e+00 7.288789389221327075e-02
-3.703583770145510101e+00 7.254935093686543102e-02
-3.680582939757102157e+00 7.220169497589459806e-02
-3.657743025869630404e+00 7.184626796738237398e-02
-3.635061914555887341e+00 7.148527161259307650e-02
-3.612537527199123133e+00 7.111961403173465424e-02
-3.590167819747855482e+00 7.074840678096697144e-02
-3.567950781989368547e+00 7.037032621107766617e-02
-3.545884436841426179e+00 6.998508026838780316e-02
-3.523966839661581307e+00 6.959387852200077385e-02
-3.502196077573649369e+00 6.919736114117708281e-02
-3.480570268810808887e+00 6.879508739243650473e-02
-3.459087562074850908e+00 6.838678362990073534e-02
-3.437746135911134981e+00 6.797244736899596407e-02
-3.416544198098792506e+00 6.755246783579449410e-02
-3.395479985055740890e+00 6.712854429546979973e-02
-3.374551761258098193e+00 6.670215080115637907e-02
-3.353757818673582580e+00 6.627236037904625510e-02
-3.333096476208523118e+00 6.583751346914207270e-02
-3.312566079168071553e+00 6.539766041151374998e-02
-3.292164998729279812e+00 6.495456580004740910e-02
-3.271891631426664837e+00 6.450897536274310951e-02
-3.251744398649922374e+00 6.406022206414549447e-02
-3.231721746153456643e+00 6.360777400884810862e-02
-3.211822143577407918e+00 6.315189915681738986e-02
-3.192044083979844071e+00 6.269270329768754368e-02
-3.172386083379843402e+00 6.223016462177956981e-02
-3.152846680311138350e+00 6.176480590115297764e-02
-3.133424435386072737e+00 6.129743767784663622e-02
-3.114117930869558570e+00 6.082795055790386762e-02
-3.094925770262795250e+00 6.035607815859524161e-02
-3.075846577896469647e+00 5.988248690235124100e-02
-3.056878998533198555e+00 5.940773147041585739e-02
-3.038021696978961295e+00 5.893139526581944732e-02
-3.019273357703287086e+00 5.845296463697439993e-02
-3.000632684467968048e+00 5.797272887797108587e-02
-2.982098399964077995e+00 5.749128227175680922e-02
-2.963669245457069223e+00 5.700939012645560300e-02
-2.945343980439752762e+00 5.652691191141855087e-02
-2.927121382292947160e+00 5.604384048764763510e-02
-2.909000245953597297e+00 5.556036986781816289e-02
-2.890979383590179363e+00 5.507697527604362570e-02
-2.873057624285205058e+00 5.459337335777731531e-02
-2.855233813724623815e+00 5.410907569984970550e-02
-2.837506813893987179e+00 5.362379536445022882e-02
-2.819875502781155951e+00 5.313782834875004080e-02
-2.802338774085429751e+00 5.265172524916483798e-02
-2.784895536932901372e+00 5.216580875644963311e-02
-2.767544715597910265e+00 5.168015574270520829e-02
-2.750285249230413953e+00 5.119485903488060763e-02
-2.733116091589155250e+00 5.071048893401082502e-02
-2.716036210780464089e+00 5.022712362348051574e-02
-2.699044589002566052e+00 4.974446639288786221e-02
-2.682140222295249732e+00 4.926265458687374699e-02
-2.665322120294779662e+00 4.878195757827858553e-02
-2.648589305993904297e+00 4.830277294636303731e-02
-2.631940815506855547e+00 4.782498988685927183e-02
-2.615375697839200431e+00 4.734842905594791040e-02
-2.598893014662444045e+00 4.687301046932499521e-02
-2.582491840093254609e+00 4.639879559207776144e-02
-2.566171260477212002e+00 4.592599838427076364e-02
-2.549930374176959447e+00 4.545470194810316555e-02
-2.533768291364664638e+00 4.498484201169287988e-02
-2.517684133818677505e+00 4.451650263562987458e-02
-2.501677034724291371e+00 4.405001085618234780e-02
-2.485746138478510670e+00 4.358577025520112003e-02
-2.469890600498723998e+00 4.312408237062796690e-02
-2.454109587035200768e+00 4.266510322445921793e-02
-2.438402274987315543e+00 4.220851163445207832e-02
-2.422767851723407695e+00 4.175423949355534792e-02
-2.407205514904207533e+00 4.130230761064157541e-02
-2.391714472309731221e+00 4.085278613758927535e-02
-2.376293941669569421e+00 4.040561467578011878e-02
-2.360943150496495058e+00 3.996050534077177224e-02
-2.345661335923311608e+00 3.951747811675208194e-02
-2.330447744542858413e+00 3.907686581526728653e-02
-2.315301632251118846e+00 3.863900335754108517e-02
-2.300222264093345625e+00 3.820413852770170038e-02
-2.285208914113144640e+00 3.777246862878752554e-02
-2.270260865204440481e+00 3.734420863263877843e-02
-2.255377408966269037e+00 3.691927656802215796e-02
-2.240557845560325223e+00 3.649731837512434907e-02
-2.225801483571210770e+00 3.607807778945502919e-02
-2.211107639869315467e+00 3.566151029741752854e-02
-2.196475639476279440e+00 3.524802733263916743e-02
-2.181904815432973432e+00 3.483791233806331905e-02
-2.167394508669943320e+00 3.443124154960922750e-02
-2.152944067880271817e+00 3.402787831855787204e-02
-2.138552849394784516e+00 3.362760087248266999e-02
-2.124220217059574090e+00 3.323046172068572224e-02
-2.109945542115772454e+00 3.283653212821685541e-02
-2.095728203081529628e+00 3.244585268297298097e-02
-2.081567585636154849e+00 3.205853619318978914e-02
-2.067463082506362237e+00 3.167478471334518597e-02
-2.053414093354584136e+00 3.129453623773222060e-02
-2.039420024669305942e+00 3.091765043463848284e-02
-2.025480289657382471e+00 3.054397760982755644e-02
-2.011594308138276332e+00 3.017355832405101135e-02
-1.997761506440205226e+00 2.980670315206076712e-02
-1.983981317298131319e+00 2.944371451748751742e-02
-1.970253179753569617e+00 2.908472339958240865e-02
-1.956576539056167352e+00 2.872962578837835040e-02
-1.942950846567025547e+00 2.837829440385116614e-02
-1.929375559663717654e+00 2.803070067451226069e-02
-1.915850141646975535e+00 2.768680538077952086e-02
-1.902374061649005244e+00 2.734656232420622224e-02
-1.888946794543396868e+00 2.700988711733911390e-02
-1.875567820856598900e+00 2.667664713135346755e-02
-1.862236626680921825e+00 2.634686808448420681e-02
-1.848952703589041180e+00 2.602065781521889845e-02
-1.835715548549967879e+00 2.569820276723903257e-02
-1.822524663846452730e+00 2.537967886669864961e-02
-1.809379556993800708e+00 2.506517042041933596e-02
-1.796279740660062796e+00 2.475461839369861444e-02
-1.783224732587581407e+00 2.444793839049378553e-02
-1.770214055515849871e+00 2.414500857727278765e-02
-1.757247237105675541e+00 2.384565741036659067e-02
-1.744323809864610553e+00 2.354994426616451378e-02
-1.731443311073621372e+00 2.325803455683232018e-02
-1.718605282714980698e+00 2.297009038746282428e-02
-1.705809271401351745e+00 2.268616340344141100e-02
-1.693054828306041149e+00 2.240619666564624968e-02
-1.680341509094399610e+00 2.213005497312181893e-02
-1.667668873856344547e+00 2.185763716012227575e-02
-1.655036487039980519e+00 2.158889808514717623e-02
-1.642443917386301022e+00 2.132386845005104781e-02
-1.629890737864948980e+00 2.106259148363937711e-02
-1.617376525611005755e+00 2.080505382791984076e-02
-1.604900861862805783e+00 2.055122539652903466e-02
-1.592463331900736856e+00 2.030109131267630179e-02
-1.580063524987020074e+00 2.005466037236010649e-02
-1.567701034306447028e+00 1.981196636256795165e-02
-1.555375456908052678e+00 1.957310354027433363e-02
-1.543086393647707277e+00 1.933816603046250443e-02
-1.530833449131608237e+00 1.910720801649623546e-02
-1.518616231660659732e+00 1.888021443808379080e-02
-1.506434353175712282e+00 1.865711481240497210e-02
-1.494287429203655870e+00 1.843780215450601528e-02
-1.482175078804342627e+00 1.822217981195909872e-02
-1.470096924518329295e+00 1.801018306840478089e-02
-1.458052592315416618e+00 1.780179935105232619e-02
-1.446041711543979202e+00 1.759708610162758272e-02
-1.434063914881057000e+00 1.739616114119237750e-02
-1.422118838283209508e+00 1.719913410508965707e-02
-1.410206120938107599e+00 1.700608011736541580e-02
-1.398325405216850115e+00 1.681700441982182659e-02
-1.386476336626996986e+00 1.663185061900820591e-02
-1.374658563766294916e+00 1.645051035909637221e-02
-1.362871738277095179e+00 1.627286645045460112e-02
-1.351115514801437101e+00 1.609882776484935010e-02
-1.339389550936797013e+00 1.592837857407001026e-02
-1.327693507192477362e+00 1.576156119126534416e-02
-1.316027046946637080e+00 1.559846257419037104e-02
-1.304389836403941239e+00 1.543917323325567914e-02
-1.292781544553817996e+00 1.528371198932908931e-02
-1.281201843129320173e+00 1.513205581548964646e-02
-1.269650406566570577e+00 1.498417148280127738e-02
-1.258126911964788874e+00 1.484002697919985757e-02
-1.246631039046874889e+00 1.469966521222380168e-02
-1.235162470120555911e+00 1.456314231735116559e-02
-1.223720890040073339e+00 1.443050679215307497e-02
-1.212305986168408234e+00 1.430180880626733854e-02
-1.200917448340022453e+00 1.417703346840352291e-02
-1.189554968824123149e+00 1.405616286683010127e-02
-1.178218242288426865e+00 1.393918322473357806e-02
-1.166906965763418569e+00 1.382609473100509037e-02
-1.155620838607101852e+00 1.371694761227005427e-02
-1.144359562470215863e+00 1.361182457170469901e-02
-1.133122841261928526e+00 1.351080472007832288e-02
-1.121910381115985400e+00 1.341393196499195660e-02
-1.110721890357309283e+00 1.332125029401448266e-02
-1.099557079469039467e+00 1.323283438520824612e-02
-1.088415661060010642e+00 1.314879031398064752e-02
-1.077297349832647466e+00 1.306919576046253195e-02
-1.066201862551285018e+00 1.299406862505140745e-02
-1.055128918010896033e+00 1.292338376352168347e-02
-1.044078237006218046e+00 1.285711261342287887e-02
-1.033049542301277102e+00 1.279527338444729455e-02
-1.022042558599299822e+00 1.273795406714261884e-02
-1.011057012512998066e+00 1.268531929584420723e-02
-1.000092632535235726e+00 1.263754946956624492e-02
-9.891491490100537964e-01 1.259479914414549616e-02
-9.782262941040561488e-01 1.255718097217169149e-02
-9.673238017781481402e-01 1.252478949806333508e-02
-9.564414077596213870e-01 1.249771947026074789e-02
-9.455788495145712735e-01 1.247607093705969603e-02
-9.347358662206534108e-01 1.245996930232743001e-02
-9.239121987401626157e-01 1.244957414190967469e-02
-9.131075895934324116e-01 1.244503757356320989e-02
-9.023217829325496098e-01 1.244651511804316553e-02
-8.915545245153719822e-01 1.245417947864558249e-02
-8.808055616798529108e-01 1.246822373003690296e-02
-8.700746433186589135e-01 1.248886348515847872e-02
-8.593615198540814903e-01 1.251635458031723734e-02
-8.486659432132259706e-01 1.255098715038417169e-02
-8.379876668034880183e-01 1.259309457250618047e-02
-8.273264454882990337e-01 1.264305923565521572e-02
-8.166820355631438932e-01 1.270128370388836497e-02
-8.060541947318363709e-01 1.276815894065174220e-02
-7.954426820830584610e-01 1.284405732493256770e-02
-7.848472580671504994e-01 1.292935023337643020e-02
-7.742676844731486430e-01 1.302443868019703688e-02
-7.637037244060699281e-01 1.312974508815991856e-02
-7.531551422644284788e-01 1.324572421127448267e-02
-7.426217037179922986e-01 1.337288641894712922e-02
-7.321031756857663275e-01 1.351178342742039712e-02
-7.215993263142009839e-01 1.366304273872244804e-02
-7.111099249556180890e-01 1.382739385106225918e-02
-7.006347421468592795e-01 1.400566784814591750e-02
-6.901735495881351490e-01 1.419877673768708132e-02
-6.797261201220911042e-01 1.440772445231329121e-02
-6.692922277130706199e-01 1.463355463511936509e-02
-6.588716474265783329e-01 1.487736068853512915e-02
-6.484641554089376481e-01 1.514028051063548257e-02
-6.380695288671385246e-01 1.542350260139629600e-02
-6.276875460488731129e-01 1.572830057332617534e-02
-6.173179862227488046e-01 1.605606181142646069e-02
-6.069606296586862459e-01 1.640832199017011259e-02
-5.966152576084875481e-01 1.678680701169501382e-02
-5.862816522865772484e-01 1.719345111966119957e-02
-5.759595968509094721e-01 1.763038746167270437e-02
-5.656488753840412942e-01 1.809992037392087541e-02
-5.553492728743597562e-01 1.860449677454219589e-02
-5.450605751974718638e-01 1.914670633198102545e-02
-5.347825690977430213e-01 1.972933467439822591e-02
-5.245150421699888987e-01 2.035541821664054243e-02
-5.142577828413065211e-01 2.102834446789168810e-02
-5.040105803530536832e-01 2.175189675442961573e-02
-4.937732247429644228e-01 2.253025758305142109e-02
-4.835455068274036594e-01 2.336799136667178436e-02
-4.733272181837471781e-01 2.427001090877549394e-02
-4.631181511328986700e-01 2.524155577020528035e-02
-4.529180987219272314e-01 2.628820810391447466e-02
-4.427268547068332061e-01 2.741597693556151183e-02
-4.325442135354257145e-01 2.863133905804766260e-02
-4.223699703303245845e-01 2.994130875713922266e-02
-4.122039208720716941e-01 3.135348025924240833e-02
-4.020458615823537807e-01 3.287599956736254880e-02
-3.918955895073323314e-01 3.451750965398990567e-02
-3.817529023010813316e-01 3.628703669159302758e-02
-3.716175982091194929e-01 3.819388841975560750e-02
-3.614894760520483419e-01 4.024752670185297032e-02
-3.513683352092828449e-01 4.245747303291941277e-02
-3.412539756028758475e-01 4.483321921670030408e-02
-3.311461976814312758e-01 4.738409966998569783e-02
-3.210448024041094306e-01 5.011904585963078418e-02
-3.109495912247085547e-01 5.304620521577307901e-02
-3.008603660758366605e-01 5.617238660473081874e-02
-2.907769293531580201e-01 5.950243344220482178e-02
-2.806990838997174276e-01 6.303849086554301484e-02
-2.706266329903371237e-01 6.677922377590322922e-02
-2.605593803160889399e-01 7.071896401488811379e-02
-2.504971299688272257e-01 7.484678314232351415e-02
-2.404396864257955790e-01 7.914552998346806312e-02
-2.303868545342923901e-01 8.359089514232573292e-02
-2.203384394963986970e-01 8.815058996250027534e-02
-2.102942468537628840e-01 9.278374934846934929e-02
-2.002540824724450275e-01 9.744072513069694519e-02
-1.902177525278067050e-01 1.020635080728352767e-01
-1.801850634894590075e-01 1.065871029170208512e-01
-1.701558221062540455e-01 1.109422541014793429e-01
-1.601298353913264694e-01 1.150599793449554598e-01
-1.501069106071708514e-01 1.188784044387080630e-01
-1.400868552507662790e-01 1.223525027004690180e-01
-1.300694770387391397e-01 1.254674848180237778e-01
-1.200545838925550501e-01 1.282565404684442023e-01
-1.100419839237516545e-01 1.308227463235644150e-01
-1.000314854191983877e-01 1.333621388426562970e-01
-9.002289682638489610e-02 1.361791791130723128e-01
-8.001602673873924043e-02 1.396776463903822707e-01
-7.001068388096250150e-02 1.443036620353024546e-01
-6.000667709439190534e-02 1.504220317129047191e-01
-5.000381532237931775e-02 1.581327273120893828e-01
-4.000190759568706539e-02 1.670803599152925201e-01
-3.000076301789707939e-02 1.763547289728715772e-01
-2.000019075083557876e-02 1.845853345301039228e-01
-9.999999999999974187e-03 1.902655830753787747e-01
0.000000000000000000e+00 1.922194204254207839e-01
9.999999999999974187e-03 1.900160064238592961e-01
2.000019075083557876e-02 1.841311727750913896e-01
3.000076301789707939e-02 1.757719376216740348e-01
4.000190759568635068e-02 1.664532579057816652e-01
5.000381532237860305e-02 1.575314120359368464e-01
6.000667709439118369e-02 1.498877888738603115e-01
7.001068388096322315e-02 1.438461275057366096e-01
8.001602673873996208e-02 1.392820866110533184e-01
9.002289682638561774e-02 1.358186720837755990e-01
1.000314854191983877e-01 1.330090845840469493e-01
1.100419839237516545e-01 1.304564069616555022e-01
1.200545838925550501e-01 1.278660270348931649e-01
1.300694770387391397e-01 1.250513371058297185e-01
1.400868552507662790e-01 1.219164807901069181e-01
1.501069106071708514e-01 1.184327282508042117e-01
1.601298353913264694e-01 1.146167339824808729e-01
1.701558221062540455e-01 1.105133190308641433e-01
1.801850634894582859e-01 1.061827659444805061e-01
1.902177525278067050e-01 1.016917821868573851e-01
2.002540824724450275e-01 9.710723790052751270e-02
2.102942468537628840e-01 9.249196646287186074e-02
2.203384394963986970e-01 8.790212848370013154e-02
2.303868545342923901e-01 8.338578260052394164e-02
2.404396864257955790e-01 7.898239909549086002e-02
2.504971299688272257e-01 7.472306821275515043e-02
2.605593803160889399e-01 7.063115837402103581e-02
2.706266329903371237e-01 6.672320454737554196e-02
2.806990838997167059e-01 6.300986958006807304e-02
2.907769293531572985e-01 5.949687847449493944e-02
3.008603660758359388e-01 5.618587427340933360e-02
3.109495912247092764e-01 5.307517826575949837e-02
3.210448024041101522e-01 5.016047629439373406e-02
3.311461976814320529e-01 4.743546552259904348e-02
3.412539756028758475e-01 4.489241299685863690e-02
3.513683352092828449e-01 4.252266892067556314e-02
3.614894760520483419e-01 4.031704869533468683e-02
3.716175982091194929e-01 3.826612539519176626e-02
3.817529023010813316e-01 3.636043145431454293e-02
3.918955895073323314e-01 3.459060813754055719e-02
4.020458615823530590e-01 3.294751510676723755e-02
4.122039208720709169e-01 3.142232943193165595e-02
4.223699703303238628e-01 3.000660622335298011e-02
4.325442135354264361e-01 2.869236720357365433e-02
4.427268547068339277e-01 2.747215178647656464e-02
4.529180987219279531e-01 2.633905227300654961e-02
4.631181511328986700e-01 2.528668189568630126e-02
4.733272181837471781e-01 2.430912111212041316e-02
4.835455068274036594e-01 2.340090116155610703e-02
4.937732247429644228e-01 2.255694102787316260e-02
5.040105803530536832e-01 2.177252993001037307e-02
5.142577828413065211e-01 2.104331164256361547e-02
5.245150421699888987e-01 2.036525333226224879e-02
5.347825690977430213e-01 1.973460212599451383e-02
5.450605751974710866e-01 1.914786197293918274e-02
5.553492728743597562e-01 1.860178937705929750e-02
5.656488753840412942e-01 1.809338009328946908e-02
5.759595968509094721e-01 1.761990495664304476e-02
5.862816522865772484e-01 1.717890270194003324e-02
5.966152576084875481e-01 1.676815841686341360e-02
6.069606296586862459e-01 1.638566087179493813e-02
6.173179862227488046e-01 1.602955469162724647e-02
6.276875460488731129e-01 1.569811213201829231e-02
6.380695288671385246e-01 1.538973018447305219e-02
6.484641554089369819e-01 1.510294021705792765e-02
6.588716474265774448e-01 1.483642779223982161e-02
6.692922277130698427e-01 1.458903167751300287e-02
6.797261201220904381e-01 1.435969638767173144e-02
6.901735495881360372e-01 1.414742122455315415e-02
7.006347421468600567e-01 1.395121703946297642e-02
7.111099249556188662e-01 1.377007380025389166e-02
7.215993263142009839e-01 1.360302780199803586e-02
7.321031756857663275e-01 1.344918852661523834e-02
7.426217037179922986e-01 1.330779344019102257e-02
7.531551422644284788e-01 1.317821984077617928e-02
7.637037244060699281e-01 1.305994401505254122e-02
7.742676844731486430e-01 1.295247367757937362e-02
7.848472580671498333e-01 1.285532766253098119e-02
7.954426820830577949e-01 1.276800268122742048e-02
8.060541947318363709e-01 1.268999384552443183e-02
8.166820355631446704e-01 1.262086226841942563e-02
8.273264454882999219e-01 1.256024971139155233e-02
8.379876668034880183e-01 1.250785526816428420e-02
8.486659432132259706e-01 1.246339149168417676e-02
8.593615198540814903e-01 1.242656211737689156e-02
8.700746433186589135e-01 1.239706836097301257e-02
8.808055616798529108e-01 1.237461271516552240e-02
8.915545245153719822e-01 1.235890955977255595e-02
9.023217829325496098e-01 1.234970564069022558e-02
9.131075895934324116e-01 1.234677250962761680e-02
9.239121987401619496e-01 1.234991401343644296e-02
9.347358662206525226e-01 1.235897122680917545e-02
9.455788495145712735e-01 1.237380970316773535e-02
9.564414077596213870e-01 1.239429824297204503e-02
9.673238017781488063e-01 1.242032852545300881e-02
9.782262941040561488e-01 1.245178139822814348e-02
9.891491490100537964e-01 1.248849405466058438e-02
1.000092632535235726e+00 1.253026863388914322e-02
1.011057012512998066e+00 1.257689432224361539e-02
1.022042558599299822e+00 1.262817342265365461e-02
1.033049542301277102e+00 1.268396532126851023e-02
1.044078237006217380e+00 1.274421196212230725e-02
1.055128918010895367e+00 1.280894226095915037e-02
1.066201862551284352e+00 1.287820249832847402e-02
1.077297349832648132e+00 1.295200668917466380e-02
1.088415661060011308e+00 1.303031449052535068e-02
1.099557079469040355e+00 1.311305052464477663e-02
1.110721890357309283e+00 1.320013296582484355e-02
1.121910381115985400e+00 1.329150617658145239e-02
1.133122841261928526e+00 1.338716585483035355e-02
1.144359562470215863e+00 1.348711663491430207e-02
1.155620838607101852e+00 1.359131386002023281e-02
1.166906965763418569e+00 1.369962270003854954e-02
1.178218242288425976e+00 1.381186294341763161e-02
1.189554968824123149e+00 1.392787464958185686e-02
1.200917448340022453e+00 1.404757411312324532e-02
1.212305986168408900e+00 1.417095469959166014e-02
1.223720890040074227e+00 1.429809415043462734e-02
1.235162470120555911e+00 1.442912698867344738e-02
1.246631039046874889e+00 1.456412696109779178e-02
1.258126911964788874e+00 1.470311447255634625e-02
1.269650406566570577e+00 1.484602748632120675e-02
1.281201843129320173e+00 1.499277189019825041e-02
1.292781544553817996e+00 1.514333249022569404e-02
1.304389836403941239e+00 1.529773264319881330e-02
1.316027046946637080e+00 1.545602573081565623e-02
1.327693507192476696e+00 1.561824485076831158e-02
1.339389550936796125e+00 1.578434619603509906e-02
1.351115514801436435e+00 1.595425762656054597e-02
1.362871738277095179e+00 1.612790162566005853e-02
1.374658563766295805e+00 1.630520828618109777e-02
1.386476336626997652e+00 1.648615841440705457e-02
1.398325405216850559e+00 1.667078138913159063e-02
1.410206120938107599e+00 1.685916075047969032e-02
1.422118838283209508e+00 1.705139530048132429e-02
1.434063914881057000e+00 1.724755921822844831e-02
1.446041711543979202e+00 1.744765762194798453e-02
1.458052592315416618e+00 1.765163725841752129e-02
1.470096924518328407e+00 1.785939669295026969e-02
1.482175078804341739e+00 1.807084863916619613e-02
1.494287429203654982e+00 1.828594550987356487e-02
1.506434353175713392e+00 1.850469317182491455e-02
1.518616231660660620e+00 1.872715499599753725e-02
1.530833449131608681e+00 1.895343406658795554e-02
1.543086393647707277e+00 1.918361750637318994e-02
1.555375456908052678e+00 1.941774233405138550e-02
1.567701034306447028e+00 1.965576106445297844e-02
1.580063524987019630e+00 1.989755641504967545e-02
1.592463331900736190e+00 2.014299372178887659e-02
1.604900861862805117e+00 2.039202353857372946e-02
1.617376525611005755e+00 2.064468772850753392e-02
1.629890737864948091e+00 2.090111778936793591e-02
1.642443917386300800e+00 2.116147731847822788e-02
1.655036487039980742e+00 2.142587002104709773e-02
1.667668873856345213e+00 2.169427070643222683e-02
1.680341509094400276e+00 2.196659560669842609e-02
1.693054828306040926e+00 2.224277256359123017e-02
1.705809271401351079e+00 2.252273640149504708e-02
1.718605282714980920e+00 2.280646127875947740e-02
1.731443311073621594e+00 2.309393967726195568e-02
1.744323809864610997e+00 2.338521167688317748e-02
1.757247237105675541e+00 2.368032203549945078e-02
1.770214055515848983e+00 2.397930068716667973e-02
1.783224732587580741e+00 2.428215935899859582e-02
1.796279740660062352e+00 2.458899647851314763e-02
1.809379556993800708e+00 2.489977806075309441e-02
1.822524663846453397e+00 2.521442651754796094e-02
1.835715548549968767e+00 2.553289613351165249e-02
1.848952703589041624e+00 2.585509898267693285e-02
1.862236626680921825e+00 2.618096083855528389e-02
1.875567820856598900e+00 2.651045797050732150e-02
1.888946794543396868e+00 2.684363605051115834e-02
1.902374061649005244e+00 2.718054489351105080e-02
1.915850141646975535e+00 2.752127042245666386e-02
1.929375559663716988e+00 2.786574884850355829e-02
1.942950846567024437e+00 2.821387406037362960e-02
1.956576539056166242e+00 2.856562831948813302e-02
1.970253179753570727e+00 2.892107008579072186e-02
1.983981317298132430e+00 2.928033995086688768e-02
1.997761506440205892e+00 2.964348377047593477e-02
2.011594308138276332e+00 3.001030494774546351e-02
2.025480289657382471e+00 3.038051338907254983e-02
2.039420024669305942e+00 3.075387969495316232e-02
2.053414093354583247e+00 3.113043316956299461e-02
2.067463082506361793e+00 3.151035080113047393e-02
2.081567585636154405e+00 3.189381431889017071e-02
2.095728203081529628e+00 3.228098143410652876e-02
2.109945542115771566e+00 3.267174132215294041e-02
2.124220217059573645e+00 3.306600196420429044e-02
2.138552849394784072e+00 3.346373525241780333e-02
2.152944067880272261e+00 3.386497239836361306e-02
2.167394508669943765e+00 3.426976725621587450e-02
2.181904815432972988e+00 3.467820873967766837e-02
2.196475639476278996e+00 3.509000262040325169e-02
2.211107639869315911e+00 3.550465585125413964e-02
2.225801483571211214e+00 3.592187170353169229e-02
2.240557845560325667e+00 3.634164315933163802e-02
2.255377408966268149e+00 3.676443445248424313e-02
2.270260865204440481e+00 3.719054910822047061e-02
2.285208914113143308e+00 3.762002619967746986e-02
2.300222264093344737e+00 3.805262264165021335e-02
2.315301632251118846e+00 3.848809144696298257e-02
2.330447744542859301e+00 3.892646766244416134e-02
2.345661335923311608e+00 3.936775354373994729e-02
2.360943150496495946e+00 3.981173760801029471e-02
2.376293941669568088e+00 4.025811617641829321e-02
2.391714472309731221e+00 4.070680903522398697e-02
2.407205514904206645e+00 4.115793678904403063e-02
2.422767851723407695e+00 4.161145971681211309e-02
2.438402274987316432e+00 4.206747770187964364e-02
2.454109587035200768e+00 4.252622515188006491e-02
2.469890600498723998e+00 4.298766120824960846e-02
2.485746138478509337e+00 4.345155002052406706e-02
2.501677034724291371e+00 4.391720795840831776e-02
2.517684133818678394e+00 4.438430092362928570e-02
2.533768291364664638e+00 4.485282073771412747e-02
2.549930374176959891e+00 4.532285732176084825e-02
2.566171260477213334e+00 4.579457243833500585e-02
2.582491840093254609e+00 4.626822969211458192e-02
2.598893014662444489e+00 4.674391620256088120e-02
2.615375697839199987e+00 4.722132333696269640e-02
2.631940815506855991e+00 4.770001415502973796e-02
2.648589305993903409e+00 4.817980352951254513e-02
2.665322120294779218e+00 4.866090628126026191e-02
2.682140222295247955e+00 4.914346500365220083e-02
2.699044589002565164e+00 4.962697221076291243e-02
2.716036210780464977e+00 5.011115250538296373e-02
2.733116091589157026e+00 5.059592362999082438e-02
2.750285249230413953e+00 5.108145234408571767e-02
2.767544715597911598e+00 5.156749489526485375e-02
2.784895536932901372e+00 5.205346700919000202e-02
2.802338774085429751e+00 5.253938569129243397e-02
2.819875502781155063e+00 5.302552804256911029e-02
2.837506813893987179e+00 5.351221705031446174e-02
2.855233813724622927e+00 5.399949956655704375e-02
2.873057624285204170e+00 5.448707933555002603e-02
2.890979383590180252e+00 5.497434859903636839e-02
2.909000245953595520e+00 5.546074170297857209e-02
2.927121382292947160e+00 5.594661182611646716e-02
2.945343980439754095e+00 5.643243493211698436e-02
2.963669245457068335e+00 5.691816718180370965e-02
2.982098399964077995e+00 5.740282004100204921e-02
3.000632684467967159e+00 5.788588663336211027e-02
3.019273357703287086e+00 5.836724312934655351e-02
3.038021696978962627e+00 5.884748230096569638e-02
3.056878998533198555e+00 5.932660998185973478e-02
3.075846577896470535e+00 5.980402905086128901e-02
3.094925770262794362e+00 6.027894924836445234e-02
3.114117930869559014e+00 6.075109859445748661e-02
3.133424435386071849e+00 6.122109822896545928e-02
3.152846680311138350e+00 6.168979577016017735e-02
3.172386083379844290e+00 6.215690088706796179e-02
3.192044083979846292e+00 6.262130322529374515e-02
3.211822143577407918e+00 6.308273710461949346e-02
3.231721746153457975e+00 6.354144932995460515e-02
3.251744398649921930e+00 6.399718492603645448e-02
3.271891631426665281e+00 6.444940021971466704e-02
3.292164998729279368e+00 6.489810088603208127e-02
3.312566079168071553e+00 6.534345534120727939e-02
3.333096476208521786e+00 6.578506866461196478e-02
3.353757818673582580e+00 6.622182845415214292e-02
3.374551761258096416e+00 6.665341770448914016e-02
3.395479985055740446e+00 6.708087978758721370e-02
3.416544198098793395e+00 6.750545986399450471e-02
3.437746135911136314e+00 6.792628354328367202e-02
3.459087562074850908e+00 6.834160042792493395e-02
3.480570268810810663e+00 6.875104415719524020e-02
3.502196077573649369e+00 6.915493401251540662e-02
3.523966839661581307e+00 6.955308778374252876e-02
3.545884436841424847e+00 6.994532632387517879e-02
3.567950781989368547e+00 7.033196431998783860e-02
3.590167819747851929e+00 7.071311476804505169e-02
3.612537527199123133e+00 7.108871560942203738e-02
3.635061914555887341e+00 7.145817597177030189e-02
3.657743025869628628e+00 7.182055991880713364e-02
3.680582939757102157e+00 7.217526704778702562e-02
3.703583770145510101e+00 7.252229521568095971e-02
3.726747667036997225e+00 7.286191020773488680e-02
3.750076817293014120e+00 7.319432775713757833e-02
3.773573445439117879e+00 7.351924751783510403e-02
3.797239814490932730e+00 7.383701729216363141e-02
3.821078226801799538e+00 7.414808410133127969e-02
3.845091024932894896e+00 7.445191601866646414e-02
3.869280592546462394e+00 7.474753323841459851e-02
3.893649355322847061e+00 7.503328866117779661e-02
3.918199781902168777e+00 7.530777920938494518e-02
3.942934384851307872e+00 7.557115639473369062e-02
3.967855721657088441e+00 7.582551117571070809e-02
3.992966395746416985e+00 7.607184982902311099e-02
4.018269057534300082e+00 7.630954912235654586e-02
4.043766405500584860e+00 7.653713510934140318e-02
4.069461187296391280e+00 7.675407828236287255e-02
4.095356200881122177e+00 7.696090750251080581e-02
4.121454295691163061e+00 7.715682866928229300e-02
4.147758373841154089e+00 7.734159093165232646e-02
4.174271391359062555e+00 7.751545010522344070e-02
4.200996359456013352e+00 7.767822740784814661e-02
4.227936345832168819e+00 7.782859099536514058e-02
4.255094476019727345e+00 7.796678146717894720e-02
4.282473934764413848e+00 7.809334907084249100e-02
4.310077967446587444e+00 7.820860716482164188e-02
4.337909881543510870e+00 7.831226824377833517e-02
4.365973048133954926e+00 7.840346799966763092e-02
4.394270903446770404e+00 7.848219004368760243e-02
4.422806950454781116e+00 7.854710040737042376e-02
4.451584760515686412e+00 7.859757459157959425e-02
4.480607975061463577e+00 7.863425747637763086e-02
4.509880307338105077e+00 7.865863662872374373e-02
4.539405544197283149e+00 7.866987179762612026e-02
4.569187547941903738e+00 7.866698003778256620e-02
4.599230258227382961e+00 7.865035406684979524e-02
4.629537694020593008e+00 7.861968797295151856e-02
4.660113955618596648e+00 7.857454612327945120e-02
4.690963226729293112e+00 7.851531561221392064e-02
4.722089776616123835e+00 7.844209128524798347e-02
4.753497962309302771e+00 7.835429700055904223e-02
4.785192230885826348e+00 7.824889457614034316e-02
4.817177121820895636e+00 7.812567864992243927e-02
4.849457269413340654e+00 7.798932303964487001e-02
4.882037405287709575e+00 7.783860055433750036e-02
4.914922360976011539e+00 7.767200805314769529e-02
4.948117070581908195e+00 7.748815192803557017e-02
4.981626573530626878e+00 7.728699394439908499e-02
5.015456017407652567e+00 7.707061261380809825e-02
5.049610660889745972e+00 7.683975726147967977e-02
5.084095876771596245e+00 7.659258125303267106e-02
5.118917155092026050e+00 7.632881416298537003e-02
5.154080106363324809e+00 7.604848794635114817e-02
5.189590464907923639e+00 7.575036999096813883e-02
5.225454092306433651e+00 7.543451060413672304e-02
5.261676980961550676e+00 7.510257395675845604e-02
5.298265257782244220e+00 7.475592402428010708e-02
5.335225187993163587e+00 7.439204430563363390e-02
5.372563179074077766e+00 7.401048899278375726e-02
5.410285784834729661e+00 7.361180050609669734e-02
5.448399709630405319e+00 7.319608927836009082e-02
5.486911812724086346e+00 7.276296130894997771e-02
5.525829112800970222e+00 7.231318608543513271e-02
5.565158792641854646e+00 7.184737422940207230e-02
5.604908203961667112e+00 7.136445705998817335e-02
5.645084872420248701e+00 7.086513389948873032e-02
5.685696502812371378e+00 7.034676027232743267e-02
5.726750984444712422e+00 6.981030191870885027e-02
5.768256396707492684e+00 6.925752857337658108e-02
5.810221014849253685e+00 6.868862590485602659e-02
5.852653315963272540e+00 6.810343614088575082e-02
5.895561985194872179e+00 6.750282358940359884e-02
5.938955922179146363e+00 6.688457482090094663e-02
5.982844247719065756e+00 6.625099744335749552e-02
6.027236310714632950e+00 6.559834800816316536e-02
6.072141695354100754e+00 6.493027857633582034e-02
6.117570228578833813e+00 6.424669774701786962e-02
6.163531987834188541e+00 6.354511642957427764e-02
6.210037309119105231e+00 6.283023382170846438e-02
6.257096795348075169e+00 6.210018449479136338e-02
6.304721325039668756e+00 6.135411788711978009e-02
6.352922061346506943e+00 6.059295682259178278e-02
6.401710461442654321e+00 5.981883781396694910e-02
6.451098286284771888e+00 5.902963364314820632e-02
6.501097610764786872e+00 5.822726219020137733e-02
6.551720834272277472e+00 5.741018284617810385e-02
6.602980691686179959e+00 5.657580496931102071e-02
6.654890264816202716e+00 5.573084592879101740e-02
6.707462994315653404e+00 5.487682471669209916e-02
6.760712692088343800e+00 5.401072888227845953e-02
6.814653554213885300e+00 5.312809928863349018e-02
6.869300174416541616e+00 5.223577861796083188e-02
6.924667558104775189e+00 5.133241069059191197e-02
6.980771137009639027e+00 5.041789923701320286e-02
7.037626784452278628e+00 4.949315714739686844e-02
7.095250831272059244e+00 4.856095609779484401e-02
7.153660082449184721e+00 4.761801404753265854e-02
7.212871834457117437e+00 4.666754383203838147e-02
7.272903893382699714e+00 4.571024269262419920e-02
7.333774593853726209e+00 4.474115949637499923e-02
7.395502818816384050e+00 4.376756661044006042e-02
7.458108020207268929e+00 4.278892401600000589e-02
7.521610240567749628e+00 4.180283663532169403e-02
7.586030135650939421e+00 4.081440193560231106e-02
7.651388998075133507e+00 3.982244055491631490e-02
7.717708782080382690e+00 3.882710231806364709e-02
7.785012129448951157e+00 3.782635958547826693e-02
7.853322396653874549e+00 3.682630166899503177e-02
7.922663683303971638e+00 3.582339820357340054e-02
7.993060861958362295e+00 3.482193767152182151e-02
8.064539609387720631e+00 3.381584358452755651e-02
8.137126439365120589e+00 3.281323576896952310e-02
8.210848737074378789e+00 3.181493652322802540e-02
8.285734795229668492e+00 3.081873396934589268e-02
8.361813852006719117e+00 2.982453142383868772e-02
8.439116130892415413e+00 2.883711244897777665e-02
8.517672882566811765e+00 2.785357066971019466e-02
8.597516428939853128e+00 2.687662567418220433e-02
8.678680209472870999e+00 2.590589514980801839e-02
8.761198829924738973e+00 2.494492496818147970e-02
8.845108113671690475e+00 2.399201442550697588e-02
8.930445155761116638e+00 2.304892653266253644e-02
9.017248379870389741e+00 2.211582258930137532e-02
9.105557598354891979e+00 2.119585262942803860e-02
9.195414075582201363e+00 2.028722740273320932e-02
9.286860594764410948e+00 1.939150488639820175e-02
9.379941528515811200e+00 1.850914442523736089e-02
9.474702913380864899e+00 1.764429752935090662e-02
9.571192528595130256e+00 1.679359123810632987e-02
9.669459979362780899e+00 1.596102330228886534e-02
9.769556784955327089e+00 1.514636834038519432e-02
9.871536471960840942e+00 1.434707521303391423e-02
9.975454673037942754e+00 1.356703459043894638e-02
1.008136923155793063e+01 1.280847052068086883e-02
1.018934031254830330e+01 1.206858853318918193e-02
1.029943052038522566e+01 1.135130695141843213e-02
1.041170502371859463e+01 1.065517458474181389e-02
1.052623168815380517e+01 9.981457915532050348e-03
1.064308121725768252e+01 9.329941442397094234e-03
1.076232730250476877e+01 8.700561239067237246e-03
1.088404678283179194e+01 8.094948383777895995e-03
1.100831981452695096e+01 7.514284967019877783e-03
1.113523005224294415e+01 6.956862557711137110e-03
1.126486484199331350e+01 6.424023867935840446e-03
1.139731542706779699e+01 5.915423279726815878e-03
1.153267716788676189e+01 5.432273847266295801e-03
1.167104977690866718e+01 4.973104895680383053e-03
1.181253756980620828e+01 4.537661011172191769e-03
1.195724973424156268e+01 4.127507998383783509e-03
1.210530061769597765e+01 3.741021163400231470e-03
1.225681003594877438e+01 3.379249747983516239e-03
1.241190360395464154e+01 3.041163809214757208e-03
1.257071309104042101e+01 2.725341646480663321e-03
1.273337680253192516e+01 2.432581628067091023e-03
1.290003999013476133e+01 2.161993250433623566e-03
1.307085529362815102e+01 1.912007219838881764e-03
1.324598321669588152e+01 1.683079940762035199e-03
1.342559264001181063e+01 1.474257379908781819e-03
1.360986137502873916e+01 1.284262498728124327e-03
1.379897676228727654e+01 1.112475799042540823e-03
1.399313631847826045e+01 9.581476481533883960e-04
1.419254843695589230e+01 8.201078255971866850e-04
1.439743314692606369e+01 6.973298672102484948e-04
1.460802293712368716e+01 5.886948423557011000e-04
1.482456365046278535e+01 4.933344063516649936e-04
1.504731545689699779e+01 4.104572383833681977e-04
1.527655391258613626e+01 3.383003189465893373e-04
1.551257111443440273e+01 2.765273356324786142e-04
1.575567696017295916e+01 2.240071178715537432e-04
1.600620052541652782e+01 1.796858641875787141e-04
1.626449157056262607e+01 1.426130363998925519e-04
1.653092219204418001e+01 1.118622434482496853e-04
1.680588863433074565e+01 8.677996136660293320e-05
1.708981328123576660e+01 6.643891286199996992e-05
1.738314684757837725e+01 5.014603224916825146e-05
1.768637079511793431e+01 3.733437346381358396e-05
1.800000000000201084e+01 1.401706480952110541e-05
