-1.800000000000201084e+01 1.535384262597843613e-07
-1.768637079511795918e+01 4.122869716194829642e-07
-1.738314684757837725e+01 5.446156098255964713e-07
-1.708981328123576660e+01 7.399755658888550850e-07
-1.680588863433072433e+01 9.651427918177931432e-07
-1.653092219204418001e+01 1.246911479566737997e-06
-1.626449157056260830e+01 1.605693403740446593e-06
-1.600620052541652782e+01 2.009547373207250107e-06
-1.575567696017295916e+01 2.519924623580045902e-06
-1.551257111443442049e+01 3.103213329800242594e-06
-1.527655391258613626e+01 3.851271530793119022e-06
-1.504731545689701200e+01 4.659198939182058582e-06
-1.482456365046278535e+01 5.630670671006225857e-06
-1.460802293712368716e+01 6.775439416184122311e-06
-1.439743314692604947e+01 8.075778987312843090e-06
-1.419254843695589230e+01 9.506114319979520213e-06
-1.399313631847824624e+01 1.114247782232990987e-05
-1.379897676228727654e+01 1.303253017125178607e-05
-1.360986137502872673e+01 1.517683982869901411e-05
-1.342559264001182306e+01 1.747829914604106933e-05
-1.324598321669588152e+01 2.007947741806423455e-05
-1.307085529362816168e+01 2.291048851809113516e-05
-1.290003999013476133e+01 2.605511610107453854e-05
-1.273337680253193582e+01 2.952629692206826679e-05
-1.257071309104041035e+01 3.321071001970735760e-05
-1.241190360395464154e+01 3.725412133254309924e-05
-1.225681003594876195e+01 4.176097536323174328e-05
-1.210530061769597765e+01 4.646021490523227386e-05
-1.195724973424155202e+01 5.158591803906817440e-05
-1.181253756980619762e+01 5.704161242943942163e-05
-1.167104977690866718e+01 6.314467034157888038e-05
-1.153267716788677255e+01 6.934301302037418379e-05
-1.139731542706779699e+01 7.601093989462737719e-05
-1.126486484199332239e+01 8.315532648522913693e-05
-1.113523005224293527e+01 9.063626109496927125e-05
-1.100831981452695096e+01 9.869224785573097142e-05
-1.088404678283180083e+01 1.070680345193634000e-04
-1.076232730250476877e+01 1.159959629455797230e-04
-1.064308121725769141e+01 1.253532906063671809e-04
-1.052623168815380517e+01 1.352599570545019606e-04
-1.041170502371859463e+01 1.453735138068768115e-04
-1.029943052038521678e+01 1.561459321418591463e-04
-1.018934031254830330e+01 1.674834888787583398e-04
-1.008136923155793951e+01 1.790802890173597407e-04
-9.975454673037956965e+00 1.914312883888046892e-04
-9.871536471960840942e+00 2.040267883988781928e-04
-9.769556784955334194e+00 2.174226210685635682e-04
-9.669459979362780899e+00 2.310944604030720241e-04
-9.571192528595137361e+00 2.453199054397559682e-04
-9.474702913380864899e+00 2.600382062215419923e-04
-9.379941528515811200e+00 2.750882669340244105e-04
-9.286860594764403842e+00 2.911345995438801128e-04
-9.195414075582201363e+00 3.072330161653052233e-04
-9.105557598354884874e+00 3.243464164212858962e-04
-9.017248379870389741e+00 3.416759362569172609e-04
-8.930445155761116638e+00 3.593025998560611277e-04
-8.845108113671695804e+00 3.777057417153178434e-04
-8.761198829924738973e+00 3.965875919261867798e-04
-8.678680209472876328e+00 4.160551451860542869e-04
-8.597516428939853128e+00 4.359300218060825562e-04
-8.517672882566811765e+00 4.567370503241071061e-04
-8.439116130892410084e+00 4.778720596959074593e-04
-8.361813852006719117e+00 4.991394926820674587e-04
-8.285734795229661387e+00 5.211358948068266607e-04
-8.210848737074378789e+00 5.438172641500276308e-04
-8.137126439365120589e+00 5.670725210892669588e-04
-8.064539609387715302e+00 5.909865644815902102e-04
-7.993060861958362295e+00 6.153492216641054261e-04
-7.922663683303976967e+00 6.395795193874607033e-04
-7.853322396653874549e+00 6.650922058629134617e-04
-7.785012129448951157e+00 6.907543672180767140e-04
-7.717708782080378249e+00 7.172414666432923389e-04
-7.651388998075133507e+00 7.443439714637976011e-04
-7.586030135650944750e+00 7.718375214958435142e-04
-7.521610240567749628e+00 7.997558616386652320e-04
-7.458108020207273370e+00 8.276802984315942326e-04
-7.395502818816379609e+00 8.570474855839042448e-04
-7.333774593853726209e+00 8.866133882162905658e-04
-7.272903893382695273e+00 9.167392005068298547e-04
-7.212871834457117437e+00 9.472992830761074474e-04
-7.153660082449187385e+00 9.785952673129348807e-04
-7.095250831272068126e+00 1.010631493885829919e-03
-7.037626784452278628e+00 1.042507522719716712e-03
-6.980771137009643468e+00 1.075364500307595794e-03
-6.924667558104775189e+00 1.108799378051654808e-03
-6.869300174416541616e+00 1.142528231820756461e-03
-6.814653554213885300e+00 1.177264549253837639e-03
-6.760712692088343800e+00 1.212512505866104222e-03
-6.707462994315648963e+00 1.248466771348627925e-03
-6.654890264816202716e+00 1.284637834620300104e-03
-6.602980691686176407e+00 1.321122870633664650e-03
-6.551720834272277472e+00 1.358841071969212663e-03
-6.501097610764786872e+00 1.396897149685780723e-03
-6.451098286284775440e+00 1.434908272915998758e-03
-6.401710461442654321e+00 1.473544186840718053e-03
-6.352922061346510496e+00 1.513099592161396478e-03
-6.304721325039668756e+00 1.553619497923435996e-03
-6.257096795348075169e+00 1.594592302378989830e-03
-6.210037309119101678e+00 1.635866356549006174e-03
-6.163531987834188541e+00 1.678008081494325975e-03
-6.117570228578837366e+00 1.720513763649625643e-03
-6.072141695354100754e+00 1.763464013993820819e-03
-6.027236310714632950e+00 1.807432589055172571e-03
-5.982844247719062203e+00 1.851705655511607165e-03
-5.938955922179146363e+00 1.896374722892610722e-03
-5.895561985194874843e+00 1.941855262940902051e-03
-5.852653315963272540e+00 1.988035905233546084e-03
-5.810221014849253685e+00 2.035109264428206118e-03
-5.768256396707496236e+00 2.082864413178378473e-03
-5.726750984444712422e+00 2.131020141240486717e-03
-5.685696502812374042e+00 2.179636584144133658e-03
-5.645084872420248701e+00 2.228698518964668859e-03
-5.604908203961667112e+00 2.278585923944390253e-03
-5.565158792641851981e+00 2.329123928522194679e-03
-5.525829112800970222e+00 2.380510599084418970e-03
-5.486911812724083681e+00 2.432514664541385232e-03
-5.448399709630409760e+00 2.484745510261220439e-03
-5.410285784834729661e+00 2.537569712008613896e-03
-5.372563179074079542e+00 2.591507517158496421e-03
-5.335225187993163587e+00 2.646049934423412922e-03
-5.298265257782246884e+00 2.700957454890017938e-03
-5.261676980961550676e+00 2.757054364414008620e-03
-5.225454092306433651e+00 2.814663664493571513e-03
-5.189590464907923639e+00 2.872688943536355361e-03
-5.154080106363324809e+00 2.930075431262782731e-03
-5.118917155092023386e+00 2.988124443995721254e-03
-5.084095876771596245e+00 3.047292327289799051e-03
-5.049610660889740643e+00 3.107253775934720481e-03
-5.015456017407655231e+00 3.168437343898287961e-03
-4.981626573530626878e+00 3.230678705599168352e-03
-4.948117070581910859e+00 3.293294720628352126e-03
-4.914922360976011539e+00 3.356304363590152835e-03
-4.882037405287712239e+00 3.420103176169547558e-03
-4.849457269413337102e+00 3.485115799438349721e-03
-4.817177121820895636e+00 3.550946890276975541e-03
-4.785192230885824571e+00 3.617080490555919185e-03
-4.753497962309302771e+00 3.684011769932910019e-03
-4.722089776616123835e+00 3.752245312760089067e-03
-4.690963226729293112e+00 3.821338320760665937e-03
-4.660113955618596648e+00 3.891157079654134973e-03
-4.629537694020590344e+00 3.962067863969014059e-03
-4.599230258227382961e+00 4.033337434171999254e-03
-4.569187547941903738e+00 4.104875049456412073e-03
-4.539405544197283149e+00 4.177445886175812535e-03
-4.509880307338105077e+00 4.251085080557472085e-03
-4.480607975061465353e+00 4.325666936281351641e-03
-4.451584760515686412e+00 4.401345226314575670e-03
-4.422806950454783781e+00 4.478313498929931483e-03
-4.394270903446768628e+00 4.556475631025434098e-03
-4.365973048133954926e+00 4.635335329229129178e-03
-4.337909881543509094e+00 4.714462026309002712e-03
-4.310077967446587444e+00 4.794229684669480511e-03
-4.282473934764412071e+00 4.875277247431451105e-03
-4.255094476019731786e+00 4.957674998188653717e-03
-4.227936345832168819e+00 5.041214769816561650e-03
-4.200996359456015128e+00 5.125444046101802764e-03
-4.174271391359062555e+00 5.210062521018089463e-03
-4.147758373841154089e+00 5.295590723046752005e-03
-4.121454295691163061e+00 5.382646904566417909e-03
-4.095356200881122177e+00 5.471152109740818822e-03
-4.069461187296388616e+00 5.560713444669174860e-03
-4.043766405500584860e+00 5.651242550119102946e-03
-4.018269057534298305e+00 5.742699377868917127e-03
-3.992966395746416985e+00 5.834974176378191282e-03
-3.967855721657088441e+00 5.928177787500348538e-03
-3.942934384851309204e+00 6.022725296280361830e-03
-3.918199781902168777e+00 6.118708554756362855e-03
-3.893649355322847061e+00 6.215543043348351407e-03
-3.869280592546462394e+00 6.313114105027738121e-03
-3.845091024932894896e+00 6.411892893910029097e-03
-3.821078226801797317e+00 6.512049585977085220e-03
-3.797239814490932730e+00 6.613614255179627727e-03
-3.773573445439120100e+00 6.716680553856093847e-03
-3.750076817293014120e+00 6.821102207995969301e-03
-3.726747667036997225e+00 6.926676984701379998e-03
-3.703583770145510101e+00 7.033407815394825645e-03
-3.680582939757102157e+00 7.141316112377449343e-03
-3.657743025869630404e+00 7.250218371311782650e-03
-3.635061914555887341e+00 7.360050657874200354e-03
-3.612537527199123133e+00 7.471199198761799103e-03
-3.590167819747855482e+00 7.584093553725326092e-03
-3.567950781989368547e+00 7.698816882827474138e-03
-3.545884436841426179e+00 7.815124846884222154e-03
-3.523966839661581307e+00 7.932825855954353522e-03
-3.502196077573649369e+00 8.051783751543686515e-03
-3.480570268810808887e+00 8.171785649252073097e-03
-3.459087562074850908e+00 8.292909397931593277e-03
-3.437746135911134981e+00 8.415593866212243285e-03
-3.416544198098792506e+00 8.540053692443805994e-03
-3.395479985055740890e+00 8.666172134362328319e-03
-3.374551761258098193e+00 8.793812231241876151e-03
-3.353757818673582580e+00 8.922900755838006001e-03
-3.333096476208523118e+00 9.053446064703801061e-03
-3.312566079168071553e+00 9.185468464243467038e-03
-3.292164998729279812e+00 9.319098640074494760e-03
-3.271891631426664837e+00 9.454579398715485389e-03
-3.251744398649922374e+00 9.592065409827590580e-03
-3.231721746153456643e+00 9.731497146155863864e-03
-3.211822143577407918e+00 9.872783722089767747e-03
-3.192044083979844071e+00 1.001576905515098176e-02
-3.172386083379843402e+00 1.016021405888652834e-02
-3.152846680311138350e+00 1.030603815126039657e-02
-3.133424435386072737e+00 1.045347073994967735e-02
-3.114117930869558570e+00 1.060293069248883016e-02
-3.094925770262795250e+00 1.075474496632331141e-02
-3.075846577896469647e+00 1.090886181320727122e-02
-3.056878998533198555e+00 1.106495899843667162e-02
-3.038021696978961295e+00 1.122278927800161516e-02
-3.019273357703287086e+00 1.138225050537421471e-02
-3.000632684467968048e+00 1.154331254183793565e-02
-2.982098399964077995e+00 1.170608914804836288e-02
-2.963669245457069223e+00 1.187099887802564417e-02
-2.945343980439752762e+00 1.203835531093848041e-02
-2.927121382292947160e+00 1.220830315167755094e-02
-2.909000245953597297e+00 1.238073923356050252e-02
-2.890979383590179363e+00 1.255539609159523132e-02
-2.873057624285205058e+00 1.273189254279926547e-02
-2.855233813724623815e+00 1.291020583559292396e-02
-2.837506813893987179e+00 1.309072376930072584e-02
-2.819875502781155951e+00 1.327386295199521268e-02
-2.802338774085429751e+00 1.345967640496261060e-02
-2.784895536932901372e+00 1.364794294800720023e-02
-2.767544715597910265e+00 1.383852952396448857e-02
-2.750285249230413953e+00 1.403147357067150054e-02
-2.733116091589155250e+00 1.422694792682789935e-02
-2.716036210780464089e+00 1.442504026649068724e-02
-2.699044589002566052e+00 1.462584673381702935e-02
-2.682140222295249732e+00 1.482954192748051590e-02
-2.665322120294779662e+00 1.503616272040837060e-02
-2.648589305993904297e+00 1.524563559728336730e-02
-2.631940815506855547e+00 1.545765873608379547e-02
-2.615375697839200431e+00 1.567205337221832390e-02
-2.598893014662444045e+00 1.588907543445238629e-02
-2.582491840093254609e+00 1.610926771586169981e-02
-2.566171260477212002e+00 1.633292957907146042e-02
-2.549930374176959447e+00 1.655981845082837509e-02
-2.533768291364664638e+00 1.678953583013291159e-02
-2.517684133818677505e+00 1.702200424368616877e-02
-2.501677034724291371e+00 1.725741244447230247e-02
-2.485746138478510670e+00 1.749593672857094676e-02
-2.469890600498723998e+00 1.773772160146182275e-02
-2.454109587035200768e+00 1.798300412593936692e-02
-2.438402274987315543e+00 1.823193356248732286e-02
-2.422767851723407695e+00 1.848467638255451781e-02
-2.407205514904207533e+00 1.874125466421171574e-02
-2.391714472309731221e+00 1.900164837198998688e-02
-2.376293941669569421e+00 1.926580712977570692e-02
-2.360943150496495058e+00 1.953352906467372904e-02
-2.345661335923311608e+00 1.980468737639389659e-02
-2.330447744542858413e+00 2.007939913085981382e-02
-2.315301632251118846e+00 2.035797641751022763e-02
-2.300222264093345625e+00 2.064075336610813466e-02
-2.285208914113144640e+00 2.092789418796324810e-02
-2.270260865204440481e+00 2.121940271324997823e-02
-2.255377408966269037e+00 2.151512075863538237e-02
-2.240557845560325223e+00 2.181491367127786490e-02
-2.225801483571210770e+00 2.211887169282140964e-02
-2.211107639869315467e+00 2.242718134197883156e-02
-2.196475639476279440e+00 2.274015768648765187e-02
-2.181904815432973432e+00 2.305798350733374510e-02
-2.167394508669943320e+00 2.338076306144413682e-02
-2.152944067880271817e+00 2.370848164264479502e-02
-2.138552849394784516e+00 2.404099689014591035e-02
-2.124220217059574090e+00 2.437831808611293227e-02
-2.109945542115772454e+00 2.472055271679657676e-02
-2.095728203081529628e+00 2.506792764245289323e-02
-2.081567585636154849e+00 2.542078972420741198e-02
-2.067463082506362237e+00 2.577947691077567965e-02
-2.053414093354584136e+00 2.614394833164997850e-02
-2.039420024669305942e+00 2.651401264348333259e-02
-2.025480289657382471e+00 2.688951806312736559e-02
-2.011594308138276332e+00 2.727054694197575055e-02
-1.997761506440205226e+00 2.765742600205964297e-02
-1.983981317298131319e+00 2.805047354026300732e-02
-1.970253179753569617e+00 2.844993879646425666e-02
-1.956576539056167352e+00 2.885598319792810618e-02
-1.942950846567025547e+00 2.926879510069621201e-02
-1.929375559663717654e+00 2.968858684206610726e-02
-1.915850141646975535e+00 3.011545176475100005e-02
-1.902374061649005244e+00 3.054943673039954566e-02
-1.888946794543396868e+00 3.099057522785060234e-02
-1.875567820856598900e+00 3.143881217197386224e-02
-1.862236626680921825e+00 3.189415425320769881e-02
-1.848952703589041180e+00 3.235662282360084879e-02
-1.835715548549967879e+00 3.282644009319976575e-02
-1.822524663846452730e+00 3.330407673430339083e-02
-1.809379556993800708e+00 3.379011139970004157e-02
-1.796279740660062796e+00 3.428495530936731539e-02
-1.783224732587581407e+00 3.478883957173838082e-02
-1.770214055515849871e+00 3.530179399825549708e-02
-1.757247237105675541e+00 3.582363826030157683e-02
-1.744323809864610553e+00 3.635439278292618148e-02
-1.731443311073621372e+00 3.689418004528147166e-02
-1.718605282714980698e+00 3.744320842525310222e-02
-1.705809271401351745e+00 3.800179955332594339e-02
-1.693054828306041149e+00 3.857042140888210235e-02
-1.680341509094399610e+00 3.914954560630240499e-02
-1.667668873856344547e+00 3.973955477234522582e-02
-1.655036487039980519e+00 4.034067006476174666e-02
-1.642443917386301022e+00 4.095306427520598730e-02
-1.629890737864948980e+00 4.157691818872581713e-02
-1.617376525611005755e+00 4.221230841899981101e-02
-1.604900861862805783e+00 4.285924588538873869e-02
-1.592463331900736856e+00 4.351779185550477824e-02
-1.580063524987020074e+00 4.418819613752491410e-02
-1.567701034306447028e+00 4.487096619911540296e-02
-1.555375456908052678e+00 4.556686003619168923e-02
-1.543086393647707277e+00 4.627658298434159795e-02
-1.530833449131608237e+00 4.700058435302858356e-02
-1.518616231660659732e+00 4.773903460324137316e-02
-1.506434353175712282e+00 4.849204623604817799e-02
-1.494287429203655870e+00 4.925982368774015074e-02
-1.482175078804342627e+00 5.004275024313853404e-02
-1.470096924518329295e+00 5.084130721980870127e-02
-1.458052592315416618e+00 5.165596284412098116e-02
-1.446041711543979202e+00 5.248715597540558331e-02
-1.434063914881057000e+00 5.333535299172138811e-02
-1.422118838283209508e+00 5.420099825764729262e-02
-1.410206120938107599e+00 5.508457867233011035e-02
-1.398325405216850115e+00 5.598658223315208099e-02
-1.386476336626996986e+00 5.690749113092899436e-02
-1.374658563766294916e+00 5.784777885208959580e-02
-1.362871738277095179e+00 5.880797636262043854e-02
-1.351115514801437101e+00 5.978864301809079518e-02
-1.339389550936797013e+00 6.079039409922382120e-02
-1.327693507192477362e+00 6.181376811816510775e-02
-1.316027046946637080e+00 6.285929354650274248e-02
-1.304389836403941239e+00 6.392757743080380861e-02
-1.292781544553817996e+00 6.501930758752988426e-02
-1.281201843129320173e+00 6.613541706721232094e-02
-1.269650406566570577e+00 6.727698130539797039e-02
-1.258126911964788874e+00 6.844492841931262839e-02
-1.246631039046874889e+00 6.964013904150564982e-02
-1.235162470120555911e+00 7.086318255951987166e-02
-1.223720890040073339e+00 7.211436347148184045e-02
-1.212305986168408234e+00 7.339404737567783998e-02
-1.200917448340022453e+00 7.470257990751016930e-02
-1.189554968824123149e+00 7.604071836994386047e-02
-1.178218242288426865e+00 7.740961842591055631e-02
-1.166906965763418569e+00 7.881062944356866107e-02
-1.155620838607101852e+00 8.024521650333352185e-02
-1.144359562470215863e+00 8.171479093195643806e-02
-1.133122841261928526e+00 8.322052961520666481e-02
-1.121910381115985400e+00 8.476333390520524036e-02
-1.110721890357309283e+00 8.634406053904641887e-02
-1.099557079469039467e+00 8.796364205541248871e-02
-1.088415661060010642e+00 8.962316281387779082e-02
-1.077297349832647466e+00 9.132367357977806688e-02
-1.066201862551285018e+00 9.306624206503325003e-02
-1.055128918010896033e+00 9.485208772364302210e-02
-1.044078237006218046e+00 9.668256784507642254e-02
-1.033049542301277102e+00 9.855908192704482262e-02
-1.022042558599299822e+00 1.004829768885296681e-01
-1.011057012512998066e+00 1.024557248284332922e-01
-1.000092632535235726e+00 1.044787898474851540e-01
-9.891491490100537964e-01 1.065535877151178867e-01
-9.782262941040561488e-01 1.086814934468341015e-01
-9.673238017781481402e-01 1.108639677705767906e-01
-9.564414077596213870e-01 1.131025338561411908e-01
-9.455788495145712735e-01 1.153986821505801896e-01
-9.347358662206534108e-01 1.177540254907785688e-01
-9.239121987401626157e-01 1.201704447560248135e-01
-9.131075895934324116e-01 1.226497219152876683e-01
-9.023217829325496098e-01 1.251935452018641537e-01
-8.915545245153719822e-01 1.278034992206657505e-01
-8.808055616798529108e-01 1.304810829493035507e-01
-8.700746433186589135e-01 1.332277819452030720e-01
-8.593615198540814903e-01 1.360453181167617931e-01
-8.486659432132259706e-01 1.389354478056119557e-01
-8.379876668034880183e-01 1.418998460545403684e-01
-8.273264454882990337e-01 1.449401356520979012e-01
-8.166820355631438932e-01 1.480578098221610184e-01
-8.060541947318363709e-01 1.512542119834232590e-01
-7.954426820830584610e-01 1.545306031221385656e-01
-7.848472580671504994e-01 1.578881992070076401e-01
-7.742676844731486430e-01 1.613281820949245549e-01
-7.637037244060699281e-01 1.648514115722123363e-01
-7.531551422644284788e-01 1.684585397628974301e-01
-7.426217037179922986e-01 1.721503710949582877e-01
-7.321031756857663275e-01 1.759274884393274840e-01
-7.215993263142009839e-01 1.797902835835661350e-01
-7.111099249556180890e-01 1.837388712110909483e-01
-7.006347421468592795e-01 1.877728709523648898e-01
-6.901735495881351490e-01 1.918912290366268369e-01
-6.797261201220911042e-01 1.960926535307639385e-01
-6.692922277130706199e-01 2.003752089184636376e-01
-6.588716474265783329e-01 2.047366267366581005e-01
-6.484641554089376481e-01 2.091741512880015974e-01
-6.380695288671385246e-01 2.136843330491294268e-01
-6.276875460488731129e-01 2.182630056683228792e-01
-6.173179862227488046e-01 2.229051148337504173e-01
-6.069606296586862459e-01 2.276046522226790048e-01
-5.966152576084875481e-01 2.323547980089906151e-01
-5.862816522865772484e-01 2.371479131509387495e-01
-5.759595968509094721e-01 2.419753615124800306e-01
-5.656488753840412942e-01 2.468272652622159891e-01
-5.553492728743597562e-01 2.516922481760511809e-01
-5.450605751974718638e-01 2.565573029758354551e-01
-5.347825690977430213e-01 2.614078853854739926e-01
-5.245150421699888987e-01 2.662276469298557879e-01
-5.142577828413065211e-01 2.709986802625874991e-01
-5.040105803530536832e-01 2.757012956614086630e-01
-4.937732247429644228e-01 2.803138849533470256e-01
-4.835455068274036594e-01 2.848129857002234533e-01
-4.733272181837471781e-01 2.891733146770316676e-01
-4.631181511328986700e-01 2.933677328693046205e-01
-4.529180987219272314e-01 2.973672045655662011e-01
-4.427268547068332061e-01 3.011410919367309980e-01
-4.325442135354257145e-01 3.046569038675250862e-01
-4.223699703303245845e-01 3.078804579899495075e-01
-4.122039208720716941e-01 3.107762320728564287e-01
-4.020458615823537807e-01 3.133075170537142906e-01
-3.918955895073323314e-01 3.154369335155571274e-01
-3.817529023010813316e-01 3.171268531078375030e-01
-3.716175982091194929e-01 3.183401897929196145e-01
-3.614894760520483419e-01 3.190408839166548050e-01
-3.513683352092828449e-01 3.191945277739429154e-01
-3.412539756028758475e-01 3.187691573740939477e-01
-3.311461976814312758e-01 3.177362180211226184e-01
-3.210448024041094306e-01 3.160715562458373817e-01
-3.109495912247085547e-01 3.137566072945192075e-01
-3.008603660758366605e-01 3.107794333835567913e-01
-2.907769293531580201e-01 3.071360635074848466e-01
-2.806990838997174276e-01 3.028316116446270745e-01
-2.706266329903371237e-01 2.978814552641809721e-01
-2.605593803160889399e-01 2.923122876791994784e-01
-2.504971299688272257e-01 2.861629305953476976e-01
-2.404396864257955790e-01 2.794849473792657690e-01
-2.303868545342923901e-01 2.723430513109480477e-01
-2.203384394963986970e-01 2.648153036242067992e-01
-2.102942468537628840e-01 2.569930892023143398e-01
-2.002540824724450275e-01 2.489809255592468629e-01
-1.902177525278067050e-01 2.408961466119811101e-01
-1.801850634894590075e-01 2.328684891769803589e-01
-1.701558221062540455e-01 2.250395188320568618e-01
-1.601298353913264694e-01 2.175617209546084341e-01
-1.501069106071708514e-01 2.105969222744711600e-01
-1.400868552507662790e-01 2.043135281631855982e-01
-1.300694770387391397e-01 1.988816793418137774e-01
-1.200545838925550501e-01 1.944648049752100150e-01
-1.100419839237516545e-01 1.912053434221577530e-01
-1.000314854191983877e-01 1.892022544537499407e-01
-9.002289682638489610e-02 1.884795086564627631e-01
-8.001602673873924043e-02 1.889491972567521327e-01
-7.001068388096250150e-02 1.903802940784266040e-01
-6.000667709439190534e-02 1.923914200427377652e-01
-5.000381532237931775e-02 1.944873051233458883e-01
-4.000190759568706539e-02 1.961475791457472084e-01
-3.000076301789707939e-02 1.969525606461071110e-01
-2.000019075083557876e-02 1.967041296116348315e-01
-9.999999999999974187e-03 1.954882556361131618e-01
0.000000000000000000e+00 1.936430216897845613e-01
9.999999999999974187e-03 1.916380119470389998e-01
2.000019075083557876e-02 1.899147110305266783e-01
3.000076301789707939e-02 1.887557329071802570e-01
4.000190759568635068e-02 1.882317416680852062e-01
5.000381532237860305e-02 1.882322941129147553e-01
6.000667709439118369e-02 1.885480651449424339e-01
7.001068388096322315e-02 1.889580125745275452e-01
8.001602673873996208e-02 1.892876614539505398e-01
9.002289682638561774e-02 1.894290868199273725e-01
1.000314854191983877e-01 1.893326289416563113e-01
1.100419839237516545e-01 1.889870170986357456e-01
1.200545838925550501e-01 1.884007177521764831e-01
1.300694770387391397e-01 1.875900104104205324e-01
1.400868552507662790e-01 1.865736411182723486e-01
1.501069106071708514e-01 1.853715472093407368e-01
1.601298353913264694e-01 1.840051763118702999e-01
1.701558221062540455e-01 1.824978643565441649e-01
1.801850634894582859e-01 1.808746721324175910e-01
1.902177525278067050e-01 1.791616817301689701e-01
2.002540824724450275e-01 1.773850327209004207e-01
2.102942468537628840e-01 1.755699995141802305e-01
2.203384394963986970e-01 1.737403043204693298e-01
2.303868545342923901e-01 1.719176815212991594e-01
2.404396864257955790e-01 1.701216255876347172e-01
2.504971299688272257e-01 1.683692425067828680e-01
2.605593803160889399e-01 1.666751719214785432e-01
2.706266329903371237e-01 1.650515693590427213e-01
2.806990838997167059e-01 1.635081669734076426e-01
2.907769293531572985e-01 1.620524123027068386e-01
3.008603660758359388e-01 1.606896787442672891e-01
3.109495912247092764e-01 1.594235074228972093e-01
3.210448024041101522e-01 1.582558853390931830e-01
3.311461976814320529e-01 1.571875791890084972e-01
3.412539756028758475e-01 1.562183334535524881e-01
3.513683352092828449e-01 1.553471560340198288e-01
3.614894760520483419e-01 1.545724745272723522e-01
3.716175982091194929e-01 1.538923195573411729e-01
3.817529023010813316e-01 1.533044213120957344e-01
3.918955895073323314e-01 1.528062586834182945e-01
4.020458615823530590e-01 1.523950696917620029e-01
4.122039208720709169e-01 1.520678616892710000e-01
4.223699703303238628e-01 1.518212664080401675e-01
4.325442135354264361e-01 1.516516226908051490e-01
4.427268547068339277e-01 1.515550571258633683e-01
4.529180987219279531e-01 1.515277608033038237e-01
4.631181511328986700e-01 1.515660848313331588e-01
4.733272181837471781e-01 1.516666240938637222e-01
4.835455068274036594e-01 1.518263396922047703e-01
4.937732247429644228e-01 1.520423384275182144e-01
5.040105803530536832e-01 1.523117994617790849e-01
5.142577828413065211e-01 1.526319538009502930e-01
5.245150421699888987e-01 1.530000847368506167e-01
5.347825690977430213e-01 1.534135055576868467e-01
5.450605751974710866e-01 1.538695678733499328e-01
5.553492728743597562e-01 1.543657105292488563e-01
5.656488753840412942e-01 1.548992371634175247e-01
5.759595968509094721e-01 1.554674671167654565e-01
5.862816522865772484e-01 1.560677417405752498e-01
5.966152576084875481e-01 1.566974936646222671e-01
6.069606296586862459e-01 1.573542850436364382e-01
6.173179862227488046e-01 1.580357547899029491e-01
6.276875460488731129e-01 1.587396149820489710e-01
6.380695288671385246e-01 1.594636580324625408e-01
6.484641554089369819e-01 1.602057209937871873e-01
6.588716474265774448e-01 1.609637904907189887e-01
6.692922277130698427e-01 1.617360885453542063e-01
6.797261201220904381e-01 1.625209142437911702e-01
6.901735495881360372e-01 1.633166713041360463e-01
7.006347421468600567e-01 1.641218218034172505e-01
7.111099249556188662e-01 1.649346190510746490e-01
7.215993263142009839e-01 1.657534762033512354e-01
7.321031756857663275e-01 1.665766594065268003e-01
7.426217037179922986e-01 1.674024868905337748e-01
7.531551422644284788e-01 1.682294717618890711e-01
7.637037244060699281e-01 1.690562862550202827e-01
7.742676844731486430e-01 1.698816041967106116e-01
7.848472580671498333e-01 1.707043754557625026e-01
7.954426820830577949e-01 1.715235228380621035e-01
8.060541947318363709e-01 1.723377497771645395e-01
8.166820355631446704e-01 1.731458452560560024e-01
8.273264454882999219e-01 1.739466108328011906e-01
8.379876668034880183e-01 1.747388928222124993e-01
8.486659432132259706e-01 1.755216101407415241e-01
8.593615198540814903e-01 1.762938408758418785e-01
8.700746433186589135e-01 1.770548565565386312e-01
8.808055616798529108e-01 1.778038745165457513e-01
8.915545245153719822e-01 1.785399475422931037e-01
9.023217829325496098e-01 1.792621262804616200e-01
9.131075895934324116e-01 1.799693253476155885e-01
9.239121987401619496e-01 1.806604647873599756e-01
9.347358662206525226e-01 1.813346969113876495e-01
9.455788495145712735e-01 1.819914063920974601e-01
9.564414077596213870e-01 1.826300260033898726e-01
9.673238017781488063e-01 1.832503868187440876e-01
9.782262941040561488e-01 1.838523424063154277e-01
9.891491490100537964e-01 1.844354575523925455e-01
1.000092632535235726e+00 1.849992192890819731e-01
1.011057012512998066e+00 1.855431668529579636e-01
1.022042558599299822e+00 1.860667700754919107e-01
1.033049542301277102e+00 1.865694794058994632e-01
1.044078237006217380e+00 1.870507472304800412e-01
1.055128918010895367e+00 1.875102310853020426e-01
1.066201862551284352e+00 1.879474232910192666e-01
1.077297349832648132e+00 1.883617810939340886e-01
1.088415661060011308e+00 1.887529741542524342e-01
1.099557079469040355e+00 1.891210737023108490e-01
1.110721890357309283e+00 1.894662959716535977e-01
1.121910381115985400e+00 1.897887145313433277e-01
1.133122841261928526e+00 1.900883618419651477e-01
1.144359562470215863e+00 1.903650691409025097e-01
1.155620838607101852e+00 1.906184920193333410e-01
1.166906965763418569e+00 1.908480807808788371e-01
1.178218242288425976e+00 1.910534853148067314e-01
1.189554968824123149e+00 1.912346610317142148e-01
1.200917448340022453e+00 1.913917382194705863e-01
1.212305986168408900e+00 1.915246192655060131e-01
1.223720890040074227e+00 1.916332997310869479e-01
1.235162470120555911e+00 1.917181957096465439e-01
1.246631039046874889e+00 1.917794505815881012e-01
1.258126911964788874e+00 1.918175895645333473e-01
1.269650406566570577e+00 1.918329712020200861e-01
1.281201843129320173e+00 1.918257033177757365e-01
1.292781544553817996e+00 1.917962398786101641e-01
1.304389836403941239e+00 1.917446052656376076e-01
1.316027046946637080e+00 1.916707163200321029e-01
1.327693507192476696e+00 1.915744498858391598e-01
1.339389550936796125e+00 1.914553519816163674e-01
1.351115514801436435e+00 1.913131456602059077e-01
1.362871738277095179e+00 1.911477905577673997e-01
1.374658563766295805e+00 1.909594203917589217e-01
1.386476336626997652e+00 1.907486869537132756e-01
1.398325405216850559e+00 1.905164758320542218e-01
1.410206120938107599e+00 1.902637402617277096e-01
1.422118838283209508e+00 1.899910570866551740e-01
1.434063914881057000e+00 1.896985245105986817e-01
1.446041711543979202e+00 1.893858411823626797e-01
1.458052592315416618e+00 1.890528136890491373e-01
1.470096924518328407e+00 1.886994974365120425e-01
1.482175078804341739e+00 1.883264896976060421e-01
1.494287429203654982e+00 1.879345208125151323e-01
1.506434353175713392e+00 1.875240364342629085e-01
1.518616231660660620e+00 1.870950974684001122e-01
1.530833449131608681e+00 1.866475231250125932e-01
1.543086393647707277e+00 1.861810571515102042e-01
1.555375456908052678e+00 1.856958972237517935e-01
1.567701034306447028e+00 1.851927886531175571e-01
1.580063524987019630e+00 1.846728343193229649e-01
1.592463331900736190e+00 1.841368964676975972e-01
1.604900861862805117e+00 1.835854538433268901e-01
1.617376525611005755e+00 1.830183778385160998e-01
1.629890737864948091e+00 1.824355379995707127e-01
1.642443917386300800e+00 1.818372607281883990e-01
1.655036487039980742e+00 1.812241896638306093e-01
1.667668873856345213e+00 1.805968030081207543e-01
1.680341509094400276e+00 1.799556078692563510e-01
1.693054828306040926e+00 1.793010360996994956e-01
1.705809271401351079e+00 1.786330552019480544e-01
1.718605282714980920e+00 1.779514025547428990e-01
1.731443311073621594e+00 1.772557182552544908e-01
1.744323809864610997e+00 1.765460687071273016e-01
1.757247237105675541e+00 1.758227864426146758e-01
1.770214055515848983e+00 1.750863576203735561e-01
1.783224732587580741e+00 1.743374851242837364e-01
1.796279740660062352e+00 1.735777770619379434e-01
1.809379556993800708e+00 1.728080445222267003e-01
1.822524663846453397e+00 1.720287142626269472e-01
1.835715548549968767e+00 1.712401021053006622e-01
1.848952703589041624e+00 1.704420342684205281e-01
1.862236626680921825e+00 1.696344325964193045e-01
1.875567820856598900e+00 1.688174124625616557e-01
1.888946794543396868e+00 1.679911009416482637e-01
1.902374061649005244e+00 1.671553529781948377e-01
1.915850141646975535e+00 1.663106762039030517e-01
1.929375559663716988e+00 1.654575612192276113e-01
1.942950846567024437e+00 1.645966609681088211e-01
1.956576539056166242e+00 1.637284285121092253e-01
1.970253179753570727e+00 1.628526418440822687e-01
1.983981317298132430e+00 1.619693224024024159e-01
1.997761506440205892e+00 1.610790821268756612e-01
2.011594308138276332e+00 1.601827168778681698e-01
2.025480289657382471e+00 1.592809876385873347e-01
2.039420024669305942e+00 1.583739123759412837e-01
2.053414093354583247e+00 1.574612369473373796e-01
2.067463082506361793e+00 1.565426339833899116e-01
2.081567585636154405e+00 1.556182263942181843e-01
2.095728203081529628e+00 1.546890510247543871e-01
2.109945542115771566e+00 1.537555718771146662e-01
2.124220217059573645e+00 1.528183343343303691e-01
2.138552849394784072e+00 1.518773005997681169e-01
2.152944067880272261e+00 1.509316104558550142e-01
2.167394508669943765e+00 1.499804118411111054e-01
2.181904815432972988e+00 1.490245564945326118e-01
2.196475639476278996e+00 1.480654383414914954e-01
2.211107639869315911e+00 1.471044433067337787e-01
2.225801483571211214e+00 1.461422367747361450e-01
2.240557845560325667e+00 1.451780543585635963e-01
2.255377408966268149e+00 1.442114437765603663e-01
2.270260865204440481e+00 1.432417658111752867e-01
2.285208914113143308e+00 1.422690978408642226e-01
2.300222264093344737e+00 1.412939418070439102e-01
2.315301632251118846e+00 1.403171241765343025e-01
2.330447744542859301e+00 1.393398642329068682e-01
2.345661335923311608e+00 1.383625955100381832e-01
2.360943150496495946e+00 1.373848490088078189e-01
2.376293941669568088e+00 1.364058443675660592e-01
2.391714472309731221e+00 1.354255522230243813e-01
2.407205514904206645e+00 1.344445966483332200e-01
2.422767851723407695e+00 1.334629041496847857e-01
2.438402274987316432e+00 1.324805008380023075e-01
2.454109587035200768e+00 1.314978166023624828e-01
2.469890600498723998e+00 1.305151515948501650e-01
2.485746138478509337e+00 1.295333296278717294e-01
2.501677034724291371e+00 1.285523009818909101e-01
2.517684133818678394e+00 1.275724112180384451e-01
2.533768291364664638e+00 1.265938032147201353e-01
2.549930374176959891e+00 1.256160668045849527e-01
2.566171260477213334e+00 1.246387026748572296e-01
2.582491840093254609e+00 1.236616538071744209e-01
2.598893014662444489e+00 1.226852775602968737e-01
2.615375697839199987e+00 1.217101159075711508e-01
2.631940815506855991e+00 1.207365575880476327e-01
2.648589305993903409e+00 1.197643927148469012e-01
2.665322120294779218e+00 1.187934631711368427e-01
2.682140222295247955e+00 1.178241187050090705e-01
2.699044589002565164e+00 1.168564818660029064e-01
2.716036210780464977e+00 1.158913940462552999e-01
2.733116091589157026e+00 1.149290418384784629e-01
2.750285249230413953e+00 1.139694421480237363e-01
2.767544715597911598e+00 1.130122416226146398e-01
2.784895536932901372e+00 1.120571799409180169e-01
2.802338774085429751e+00 1.111049196338463191e-01
2.819875502781155063e+00 1.101552548037523782e-01
2.837506813893987179e+00 1.092076007839747620e-01
2.855233813724622927e+00 1.082617206615683059e-01
2.873057624285204170e+00 1.073176961246820466e-01
2.890979383590180252e+00 1.063757384103162784e-01
2.909000245953595520e+00 1.054365477123281325e-01
2.927121382292947160e+00 1.045016256919692743e-01
2.945343980439754095e+00 1.035710103872360677e-01
2.963669245457068335e+00 1.026436410462974458e-01
2.982098399964077995e+00 1.017184280944585795e-01
3.000632684467967159e+00 1.007964004274330000e-01
3.019273357703287086e+00 9.987829702515060859e-02
3.038021696978962627e+00 9.896413279394292162e-02
3.056878998533198555e+00 9.805292417401695326e-02
3.075846577896470535e+00 9.714472482483196836e-02
3.094925770262794362e+00 9.624005618583508781e-02
3.114117930869559014e+00 9.533855803142508856e-02
3.133424435386071849e+00 9.443998585850560401e-02
3.152846680311138350e+00 9.354565748898294175e-02
3.172386083379844290e+00 9.265650030083036337e-02
3.192044083979846292e+00 9.177110620062065016e-02
3.211822143577407918e+00 9.088781055152601873e-02
3.231721746153457975e+00 9.000664826277407493e-02
3.251744398649921930e+00 8.912887026878188457e-02
3.271891631426665281e+00 8.825586838268993650e-02
3.292164998729279368e+00 8.738854613715824060e-02
3.312566079168071553e+00 8.652603961341229222e-02
3.333096476208521786e+00 8.566665850213278643e-02
3.353757818673582580e+00 8.481005286745942062e-02
3.374551761258096416e+00 8.395766555655551078e-02
3.395479985055740446e+00 8.311021343801855421e-02
3.416544198098793395e+00 8.226673363578146381e-02
3.437746135911136314e+00 8.142602512359299605e-02
3.459087562074850908e+00 8.058901156505943186e-02
3.480570268810810663e+00 7.975697826540990854e-02
3.502196077573649369e+00 7.892958460616653071e-02
3.523966839661581307e+00 7.810586036488439965e-02
3.545884436841424847e+00 7.728524933977842792e-02
3.567950781989368547e+00 7.646796515807949279e-02
3.590167819747851929e+00 7.565476955141270388e-02
3.612537527199123133e+00 7.484621258925998333e-02
3.635061914555887341e+00 7.404158664379012489e-02
3.657743025869628628e+00 7.324023463663242861e-02
3.680582939757102157e+00 7.244294901012526822e-02
3.703583770145510101e+00 7.165098729282340373e-02
3.726747667036997225e+00 7.086399743062379852e-02
3.750076817293014120e+00 7.008096685824670435e-02
3.773573445439117879e+00 6.930145337524354354e-02
3.797239814490932730e+00 6.852597052984654713e-02
3.821078226801799538e+00 6.775454389319229831e-02
3.845091024932894896e+00 6.698647773576214826e-02
3.869280592546462394e+00 6.622227664440433204e-02
3.893649355322847061e+00 6.546270737357591518e-02
3.918199781902168777e+00 6.470813735189981375e-02
3.942934384851307872e+00 6.395781665969993424e-02
3.967855721657088441e+00 6.321059764784756063e-02
3.992966395746416985e+00 6.246682278381258946e-02
4.018269057534300082e+00 6.172805403429236504e-02
4.043766405500584860e+00 6.099392006294507285e-02
4.069461187296391280e+00 6.026271556679348856e-02
4.095356200881122177e+00 5.953482338534191176e-02
4.121454295691163061e+00 5.881147603707748139e-02
4.147758373841154089e+00 5.809272826655189487e-02
4.174271391359062555e+00 5.737819598125190601e-02
4.200996359456013352e+00 5.666775198035858135e-02
4.227936345832168819e+00 5.596148022174374237e-02
4.255094476019727345e+00 5.526072367826205534e-02
4.282473934764413848e+00 5.456446733261220011e-02
4.310077967446587444e+00 5.387033932084517307e-02
4.337909881543510870e+00 5.317923792655882692e-02
4.365973048133954926e+00 5.249205349649180286e-02
4.394270903446770404e+00 5.180890256575194919e-02
4.422806950454781116e+00 5.113013719525443673e-02
4.451584760515686412e+00 5.045552581001908066e-02
4.480607975061463577e+00 4.978505772586895584e-02
4.509880307338105077e+00 4.911954076681267906e-02
4.539405544197283149e+00 4.845857599490790979e-02
4.569187547941903738e+00 4.780195747693428282e-02
4.599230258227382961e+00 4.714863806984442851e-02
4.629537694020593008e+00 4.649805329713468244e-02
4.660113955618596648e+00 4.584944350041650352e-02
4.690963226729293112e+00 4.520362239962182060e-02
4.722089776616123835e+00 4.456395881030188189e-02
4.753497962309302771e+00 4.393004197971260572e-02
4.785192230885826348e+00 4.329970306837964411e-02
4.817177121820895636e+00 4.267163948259060369e-02
4.849457269413340654e+00 4.204784809522892769e-02
4.882037405287709575e+00 4.142906517436156094e-02
4.914922360976011539e+00 4.081284472653700507e-02
4.948117070581908195e+00 4.019955572788916354e-02
4.981626573530626878e+00 3.959137399003730129e-02
5.015456017407652567e+00 3.898676714305162466e-02
5.049610660889745972e+00 3.838552055412326747e-02
5.084095876771596245e+00 3.778793952017688029e-02
5.118917155092026050e+00 3.719450790635882298e-02
5.154080106363324809e+00 3.660450188968313728e-02
5.189590464907923639e+00 3.601808173939154145e-02
5.225454092306433651e+00 3.543691363653833637e-02
5.261676980961550676e+00 3.485923285513233688e-02
5.298265257782244220e+00 3.428455590050735052e-02
5.335225187993163587e+00 3.371448708414438028e-02
5.372563179074077766e+00 3.314954234554406964e-02
5.410285784834729661e+00 3.258665244205419947e-02
5.448399709630405319e+00 3.202650656144458152e-02
5.486911812724086346e+00 3.146997635632497320e-02
5.525829112800970222e+00 3.091551729267229959e-02
5.565158792641854646e+00 3.036580405902652643e-02
5.604908203961667112e+00 2.982199508555736719e-02
5.645084872420248701e+00 2.928130336726295774e-02
5.685696502812371378e+00 2.874385576923416813e-02
5.726750984444712422e+00 2.821080612651769015e-02
5.768256396707492684e+00 2.768191591887663588e-02
5.810221014849253685e+00 2.715772495564897776e-02
5.852653315963272540e+00 2.663647733269746895e-02
5.895561985194872179e+00 2.611726210086608158e-02
5.938955922179146363e+00 2.560295297137447912e-02
5.982844247719065756e+00 2.509430865502502994e-02
6.027236310714632950e+00 2.458929529149647339e-02
6.072141695354100754e+00 2.408579376305750377e-02
6.117570228578833813e+00 2.358631446310797963e-02
6.163531987834188541e+00 2.309200430812161434e-02
6.210037309119105231e+00 2.260184079019184750e-02
6.257096795348075169e+00 2.211637008994013498e-02
6.304721325039668756e+00 2.163508546514637115e-02
6.352922061346506943e+00 2.115484420860212766e-02
6.401710461442654321e+00 2.067780855455313149e-02
6.451098286284771888e+00 2.020747341776068379e-02
6.501097610764786872e+00 1.974187738281487497e-02
6.551720834272277472e+00 1.928027126037222191e-02
6.602980691686179959e+00 1.882407413540339997e-02
6.654890264816202716e+00 1.837107871639322154e-02
6.707462994315653404e+00 1.792084335422601885e-02
6.760712692088343800e+00 1.747467235838453398e-02
6.814653554213885300e+00 1.703501771854065705e-02
6.869300174416541616e+00 1.659748955766503220e-02
6.924667558104775189e+00 1.616487158867460638e-02
6.980771137009639027e+00 1.573832776391723490e-02
7.037626784452278628e+00 1.531604193133971961e-02
7.095250831272059244e+00 1.489799644151975494e-02
7.153660082449184721e+00 1.448346994558013211e-02
7.212871834457117437e+00 1.407532406757096635e-02
7.272903893382699714e+00 1.367112234187508636e-02
7.333774593853726209e+00 1.327057864297344347e-02
7.395502818816384050e+00 1.287736694995298380e-02
7.458108020207268929e+00 1.248800549599048126e-02
7.521610240567749628e+00 1.210354764455497285e-02
7.586030135650939421e+00 1.172348149519729550e-02
7.651388998075133507e+00 1.134802781038522258e-02
7.717708782080382690e+00 1.097935443789170920e-02
7.785012129448951157e+00 1.061432561855581852e-02
7.853322396653874549e+00 1.025542169992911187e-02
7.922663683303971638e+00 9.900876757857626775e-03
7.993060861958362295e+00 9.553533537032490863e-03
8.064539609387720631e+00 9.212284595960440123e-03
8.137126439365120589e+00 8.874412038215878304e-03
8.210848737074378789e+00 8.544216983016109795e-03
8.285734795229668492e+00 8.219368386720448533e-03
8.361813852006719117e+00 7.899410100178980501e-03
8.439116130892415413e+00 7.586032249119612457e-03
8.517672882566811765e+00 7.279140409805485469e-03
8.597516428939853128e+00 6.977024447177433177e-03
8.678680209472870999e+00 6.680135984720996824e-03
8.761198829924738973e+00 6.391265863651353699e-03
8.845108113671690475e+00 6.107827420493285725e-03
8.930445155761116638e+00 5.831549738256588782e-03
9.017248379870389741e+00 5.560830112465839706e-03
9.105557598354891979e+00 5.297298817326091119e-03
9.195414075582201363e+00 5.039894609894042012e-03
9.286860594764410948e+00 4.789143288867066597e-03
9.379941528515811200e+00 4.545803146921757049e-03
9.474702913380864899e+00 4.308306031917347699e-03
9.571192528595130256e+00 4.077854071186787048e-03
9.669459979362780899e+00 3.854253222458792032e-03
9.769556784955327089e+00 3.637311466492312937e-03
9.871536471960840942e+00 3.427168353374480253e-03
9.975454673037942754e+00 3.224458531544248212e-03
1.008136923155793063e+01 3.028076908435741767e-03
1.018934031254830330e+01 2.839192785152022322e-03
1.029943052038522566e+01 2.656386305587819970e-03
1.041170502371859463e+01 2.481638967612841834e-03
1.052623168815380517e+01 2.313926348158359351e-03
1.064308121725768252e+01 2.152463811265286145e-03
1.076232730250476877e+01 1.998220594952954295e-03
1.088404678283179194e+01 1.850603484512869205e-03
1.100831981452695096e+01 1.710194352845282890e-03
1.113523005224294415e+01 1.577089633720648275e-03
1.126486484199331350e+01 1.449911210112420860e-03
1.139731542706779699e+01 1.329344342619465016e-03
1.153267716788676189e+01 1.215940166905394009e-03
1.167104977690866718e+01 1.108959785327423607e-03
1.181253756980620828e+01 1.008090880980182583e-03
1.195724973424156268e+01 9.131238349865403647e-04
1.210530061769597765e+01 8.248684170537316958e-04
1.225681003594877438e+01 7.421762216896269325e-04
1.241190360395464154e+01 6.656499717708997885e-04
1.257071309104042101e+01 5.945933155631843384e-04
1.273337680253192516e+01 5.289978379319143021e-04
1.290003999013476133e+01 4.685354660807050219e-04
1.307085529362815102e+01 4.133963052819097884e-04
1.324598321669588152e+01 3.626783386183983623e-04
1.342559264001181063e+01 3.167507916473503494e-04
1.360986137502873916e+01 2.750475567546631491e-04
1.379897676228727654e+01 2.374104501016187558e-04
1.399313631847826045e+01 2.041350498254592522e-04
1.419254843695589230e+01 1.740409630614379779e-04
1.439743314692606369e+01 1.477228806363579234e-04
1.460802293712368716e+01 1.244370289058779910e-04
1.482456365046278535e+01 1.039516280012394388e-04
1.504731545689699779e+01 8.624450222128017074e-05
1.527655391258613626e+01 7.091692293188358383e-05
1.551257111443440273e+01 5.791780716698215973e-05
1.575567696017295916e+01 4.686329891427126651e-05
1.600620052541652782e+01 3.743216183931339779e-05
1.626449157056262607e+01 2.969956291122814328e-05
1.653092219204418001e+01 2.326120637190577349e-05
1.680588863433074565e+01 1.800021556800427390e-05
1.708981328123576660e+01 1.373068246214828223e-05
1.738314684757837725e+01 1.038028977864703019e-05
1.768637079511793431e+01 7.716835634989808659e-06
1.800000000000201084e+01 2.899974767158057011e-06
