-1.800000000000201084e+01 3.235278423112561461e-08
-1.768637079511795918e+01 1.041888348062979954e-07
-1.738314684757837725e+01 1.351376851284755993e-07
-1.708981328123576660e+01 1.887873343673597532e-07
-1.680588863433072433e+01 2.563179739769309164e-07
-1.653092219204418001e+01 3.232794339034544752e-07
-1.626449157056260830e+01 4.189363154257942424e-07
-1.600620052541652782e+01 4.891485998081908844e-07
-1.575567696017295916e+01 6.463006762688554315e-07
-1.551257111443442049e+01 7.975073726581192371e-07
-1.527655391258613626e+01 9.659473721607920923e-07
-1.504731545689701200e+01 1.202251910670256062e-06
-1.482456365046278535e+01 1.494634754329888546e-06
-1.460802293712368716e+01 1.743657960652350361e-06
-1.439743314692604947e+01 2.018980662673172668e-06
-1.419254843695589230e+01 2.432864597049958680e-06
-1.399313631847824624e+01 2.813466374839084425e-06
-1.379897676228727654e+01 3.286588170541443871e-06
-1.360986137502872673e+01 3.754283488338593822e-06
-1.342559264001182306e+01 4.325665953388011809e-06
-1.324598321669588152e+01 4.984055156832784815e-06
-1.307085529362816168e+01 5.700051130563657473e-06
-1.290003999013476133e+01 6.437700081270769306e-06
-1.273337680253193582e+01 7.267639114537524457e-06
-1.257071309104041035e+01 8.140405033911151609e-06
-1.241190360395464154e+01 9.106140054433518844e-06
-1.225681003594876195e+01 1.009752234113075725e-05
-1.210530061769597765e+01 1.123459932753953264e-05
-1.195724973424155202e+01 1.239544223373162146e-05
-1.181253756980619762e+01 1.373597189743351092e-05
-1.167104977690866718e+01 1.507420251074943148e-05
-1.153267716788677255e+01 1.653087606763463106e-05
-1.139731542706779699e+01 1.803614370413305376e-05
-1.126486484199332239e+01 1.962947231528447295e-05
-1.113523005224293527e+01 2.119652862942953531e-05
-1.100831981452695096e+01 2.301628726623841642e-05
-1.088404678283180083e+01 2.496411983903723308e-05
-1.076232730250476877e+01 2.687049704708542797e-05
-1.064308121725769141e+01 2.886672102117016217e-05
-1.052623168815380517e+01 3.101835000703390144e-05
-1.041170502371859463e+01 3.321108524804212997e-05
-1.029943052038521678e+01 3.555011839866963584e-05
-1.018934031254830330e+01 3.783372922563466527e-05
-1.008136923155793951e+01 4.031184183738346796e-05
-9.975454673037956965e+00 4.293244290746760694e-05
-9.871536471960840942e+00 4.557804450171091312e-05
-9.769556784955334194e+00 4.819796675708306471e-05
-9.669459979362780899e+00 5.099592355604664381e-05
-9.571192528595137361e+00 5.394990043086273949e-05
-9.474702913380864899e+00 5.704086690741267274e-05
-9.379941528515811200e+00 6.008304079698708635e-05
-9.286860594764403842e+00 6.314672781219996098e-05
-9.195414075582201363e+00 6.634442959655686891e-05
-9.105557598354884874e+00 6.953353435254716825e-05
-9.017248379870389741e+00 7.303588356203981151e-05
-8.930445155761116638e+00 7.636883117831979977e-05
-8.845108113671695804e+00 7.984534287995540447e-05
-8.761198829924738973e+00 8.331514045565426637e-05
-8.678680209472876328e+00 8.702839734479258800e-05
-8.597516428939853128e+00 9.063206515872889899e-05
-8.517672882566811765e+00 9.443884804471655570e-05
-8.439116130892410084e+00 9.811942573369254890e-05
-8.361813852006719117e+00 1.021608874578266383e-04
-8.285734795229661387e+00 1.065302879149302849e-04
-8.210848737074378789e+00 1.108852877531992724e-04
-8.137126439365120589e+00 1.144471988911972642e-04
-8.064539609387715302e+00 1.186933853415484617e-04
-7.993060861958362295e+00 1.226559817185673843e-04
-7.922663683303976967e+00 1.269270936463989439e-04
-7.853322396653874549e+00 1.310649696550755436e-04
-7.785012129448951157e+00 1.355460710639092936e-04
-7.717708782080378249e+00 1.400485262127920477e-04
-7.651388998075133507e+00 1.446106964694657444e-04
-7.586030135650944750e+00 1.490900433186244552e-04
-7.521610240567749628e+00 1.535937747723734731e-04
-7.458108020207273370e+00 1.584133781275204409e-04
-7.395502818816379609e+00 1.628891614716637497e-04
-7.333774593853726209e+00 1.676231619886245177e-04
-7.272903893382695273e+00 1.723804630988385461e-04
-7.212871834457117437e+00 1.771362635137770352e-04
-7.153660082449187385e+00 1.819433978172894212e-04
-7.095250831272068126e+00 1.869791363969325803e-04
-7.037626784452278628e+00 1.922673109891980241e-04
-6.980771137009643468e+00 1.967224383810872951e-04
-6.924667558104775189e+00 2.013542827962320938e-04
-6.869300174416541616e+00 2.067142339528608411e-04
-6.814653554213885300e+00 2.120247226515224455e-04
-6.760712692088343800e+00 2.173971667215399812e-04
-6.707462994315648963e+00 2.227410804578584347e-04
-6.654890264816202716e+00 2.276827461171234269e-04
-6.602980691686176407e+00 2.327093226776144434e-04
-6.551720834272277472e+00 2.382713533612520931e-04
-6.501097610764786872e+00 2.437385024362738635e-04
-6.451098286284775440e+00 2.490051479404268957e-04
-6.401710461442654321e+00 2.541366413949503562e-04
-6.352922061346510496e+00 2.594332960100944143e-04
-6.304721325039668756e+00 2.651076108206702970e-04
-6.257096795348075169e+00 2.707976156567038157e-04
-6.210037309119101678e+00 2.763257011027169061e-04
-6.163531987834188541e+00 2.818827112395998311e-04
-6.117570228578837366e+00 2.873616742242311077e-04
-6.072141695354100754e+00 2.929450695394019821e-04
-6.027236310714632950e+00 2.985405237964080735e-04
-5.982844247719062203e+00 3.040661596319456004e-04
-5.938955922179146363e+00 3.099791777704886454e-04
-5.895561985194874843e+00 3.157031893173022010e-04
-5.852653315963272540e+00 3.213050736017138359e-04
-5.810221014849253685e+00 3.269637138600493538e-04
-5.768256396707496236e+00 3.329043563048211200e-04
-5.726750984444712422e+00 3.389879694400872463e-04
-5.685696502812374042e+00 3.452072126625111261e-04
-5.645084872420248701e+00 3.512695964741077638e-04
-5.604908203961667112e+00 3.573579289794398019e-04
-5.565158792641851981e+00 3.634988668752412084e-04
-5.525829112800970222e+00 3.694701988450940344e-04
-5.486911812724083681e+00 3.753826028730547059e-04
-5.448399709630409760e+00 3.816819214295444612e-04
-5.410285784834729661e+00 3.880052093696666465e-04
-5.372563179074079542e+00 3.941724869362648893e-04
-5.335225187993163587e+00 4.005014677653496134e-04
-5.298265257782246884e+00 4.068156155316738493e-04
-5.261676980961550676e+00 4.128115277756753379e-04
-5.225454092306433651e+00 4.188123019057992573e-04
-5.189590464907923639e+00 4.254125521497169652e-04
-5.154080106363324809e+00 4.321355861979648389e-04
-5.118917155092023386e+00 4.384734747635131587e-04
-5.084095876771596245e+00 4.445898127857412802e-04
-5.049610660889740643e+00 4.507614031765129438e-04
-5.015456017407655231e+00 4.572412145435523524e-04
-4.981626573530626878e+00 4.640734566489051723e-04
-4.948117070581910859e+00 4.711296251711428627e-04
-4.914922360976011539e+00 4.781370682799896332e-04
-4.882037405287712239e+00 4.847130870334333632e-04
-4.849457269413337102e+00 4.910561188849885735e-04
-4.817177121820895636e+00 4.977022374477042257e-04
-4.785192230885824571e+00 5.044905593081664211e-04
-4.753497962309302771e+00 5.111103452338455842e-04
-4.722089776616123835e+00 5.178488907425280287e-04
-4.690963226729293112e+00 5.248543504129763587e-04
-4.660113955618596648e+00 5.318217118439963215e-04
-4.629537694020590344e+00 5.387437299788273327e-04
-4.599230258227382961e+00 5.459637323699632894e-04
-4.569187547941903738e+00 5.533438574332361515e-04
-4.539405544197283149e+00 5.606536720075218274e-04
-4.509880307338105077e+00 5.678761372094931524e-04
-4.480607975061465353e+00 5.751828273499507392e-04
-4.451584760515686412e+00 5.825693415600930467e-04
-4.422806950454783781e+00 5.898043508287929707e-04
-4.394270903446768628e+00 5.970284678034890784e-04
-4.365973048133954926e+00 6.045185787008664846e-04
-4.337909881543509094e+00 6.122439313990210054e-04
-4.310077967446587444e+00 6.199322022960951448e-04
-4.282473934764412071e+00 6.276494319183362550e-04
-4.255094476019731786e+00 6.355021158765206471e-04
-4.227936345832168819e+00 6.433776736311611500e-04
-4.200996359456015128e+00 6.511056274782223976e-04
-4.174271391359062555e+00 6.586262044584163897e-04
-4.147758373841154089e+00 6.662361721040431029e-04
-4.121454295691163061e+00 6.741179900651116108e-04
-4.095356200881122177e+00 6.822365988013512957e-04
-4.069461187296388616e+00 6.904985584230331850e-04
-4.043766405500584860e+00 6.988045039657921932e-04
-4.018269057534298305e+00 7.070602049890630739e-04
-3.992966395746416985e+00 7.151126316507177942e-04
-3.967855721657088441e+00 7.231294634716677093e-04
-3.942934384851309204e+00 7.315472728397226379e-04
-3.918199781902168777e+00 7.402949504093366906e-04
-3.893649355322847061e+00 7.488823494689207921e-04
-3.869280592546462394e+00 7.571717034789851933e-04
-3.845091024932894896e+00 7.655871525935155960e-04
-3.821078226801797317e+00 7.745526039070766561e-04
-3.797239814490932730e+00 7.839122786095628279e-04
-3.773573445439120100e+00 7.932704899109768032e-04
-3.750076817293014120e+00 8.025539396375477950e-04
-3.726747667036997225e+00 8.118012807695322054e-04
-3.703583770145510101e+00 8.209374453030180829e-04
-3.680582939757102157e+00 8.300433041117949180e-04
-3.657743025869630404e+00 8.392785724035181898e-04
-3.635061914555887341e+00 8.486335269453409904e-04
-3.612537527199123133e+00 8.580535621293401520e-04
-3.590167819747855482e+00 8.676145570846024654e-04
-3.567950781989368547e+00 8.774698432180561133e-04
-3.545884436841426179e+00 8.875694568113278587e-04
-3.523966839661581307e+00 8.976395482792884958e-04
-3.502196077573649369e+00 9.075873550337149476e-04
-3.480570268810808887e+00 9.176051730150654303e-04
-3.459087562074850908e+00 9.278712470367082897e-04
-3.437746135911134981e+00 9.383524176478597002e-04
-3.416544198098792506e+00 9.488200343636764679e-04
-3.395479985055740890e+00 9.591504686869130412e-04
-3.374551761258098193e+00 9.695159020845553867e-04
-3.353757818673582580e+00 9.801036076984449147e-04
-3.333096476208523118e+00 9.909202930511572943e-04
-3.312566079168071553e+00 1.001967798462984841e-03
-3.292164998729279812e+00 1.013281220425138202e-03
-3.271891631426664837e+00 1.024778264765154523e-03
-3.251744398649922374e+00 1.036323830829374935e-03
-3.231721746153456643e+00 1.047872403453558362e-03
-3.211822143577407918e+00 1.059453121991520965e-03
-3.192044083979844071e+00 1.071051095484331110e-03
-3.172386083379843402e+00 1.082661587452756098e-03
-3.152846680311138350e+00 1.094426501713973657e-03
-3.133424435386072737e+00 1.106516813822403878e-03
-3.114117930869558570e+00 1.118930633146483777e-03
-3.094925770262795250e+00 1.131512275938823973e-03
-3.075846577896469647e+00 1.144128008053492233e-03
-3.056878998533198555e+00 1.156805819294361853e-03
-3.038021696978961295e+00 1.169659477518743274e-03
-3.019273357703287086e+00 1.182716918035859460e-03
-3.000632684467968048e+00 1.195918876006152841e-03
-2.982098399964077995e+00 1.209216175033449043e-03
-2.963669245457069223e+00 1.222645155565893135e-03
-2.945343980439752762e+00 1.236271236047446070e-03
-2.927121382292947160e+00 1.250058341029550374e-03
-2.909000245953597297e+00 1.263853462045348274e-03
-2.890979383590179363e+00 1.277614941149002314e-03
-2.873057624285205058e+00 1.291519510094932092e-03
-2.855233813724623815e+00 1.305798615957812474e-03
-2.837506813893987179e+00 1.320517249290817591e-03
-2.819875502781155951e+00 1.335572303643173904e-03
-2.802338774085429751e+00 1.350827491889536021e-03
-2.784895536932901372e+00 1.366232647155512766e-03
-2.767544715597910265e+00 1.381884205318411468e-03
-2.750285249230413953e+00 1.397920392662221293e-03
-2.733116091589155250e+00 1.414313623945413941e-03
-2.716036210780464089e+00 1.430834495635162872e-03
-2.699044589002566052e+00 1.447288762202661363e-03
-2.682140222295249732e+00 1.463692860488169595e-03
-2.665322120294779662e+00 1.480196192521746838e-03
-2.648589305993904297e+00 1.496939647520313275e-03
-2.631940815506855547e+00 1.513972121144372893e-03
-2.615375697839200431e+00 1.531290734840705468e-03
-2.598893014662444045e+00 1.548902499681838445e-03
-2.582491840093254609e+00 1.566846021994850596e-03
-2.566171260477212002e+00 1.585145136827371308e-03
-2.549930374176959447e+00 1.603749231033408783e-03
-2.533768291364664638e+00 1.622581362360507162e-03
-2.517684133818677505e+00 1.641647724779570546e-03
-2.501677034724291371e+00 1.661035698709992367e-03
-2.485746138478510670e+00 1.680793172799680251e-03
-2.469890600498723998e+00 1.700864222702649139e-03
-2.454109587035200768e+00 1.721168186700131834e-03
-2.438402274987315543e+00 1.741698839527723889e-03
-2.422767851723407695e+00 1.762560726193922091e-03
-2.407205514904207533e+00 1.783852491259683157e-03
-2.391714472309731221e+00 1.805547135785728376e-03
-2.376293941669569421e+00 1.827498654276976664e-03
-2.360943150496495058e+00 1.849599009622726392e-03
-2.345661335923311608e+00 1.871926143060826525e-03
-2.330447744542858413e+00 1.894676696989317476e-03
-2.315301632251118846e+00 1.917979400144029668e-03
-2.300222264093345625e+00 1.941799534246221610e-03
-2.285208914113144640e+00 1.965990227312291744e-03
-2.270260865204440481e+00 1.990434607318322929e-03
-2.255377408966269037e+00 2.015150709035134699e-03
-2.240557845560325223e+00 2.040278190301618184e-03
-2.225801483571210770e+00 2.065946339042281157e-03
-2.211107639869315467e+00 2.092153042315818626e-03
-2.196475639476279440e+00 2.118816141408208856e-03
-2.181904815432973432e+00 2.145868132517288369e-03
-2.167394508669943320e+00 2.173299481825547840e-03
-2.152944067880271817e+00 2.201117374637675313e-03
-2.138552849394784516e+00 2.229336381594746418e-03
-2.124220217059574090e+00 2.258016888665821762e-03
-2.109945542115772454e+00 2.287208225771743958e-03
-2.095728203081529628e+00 2.316876704480989868e-03
-2.081567585636154849e+00 2.346939999915871600e-03
-2.067463082506362237e+00 2.377387458009575915e-03
-2.053414093354584136e+00 2.408317510698402934e-03
-2.039420024669305942e+00 2.439886723670834246e-03
-2.025480289657382471e+00 2.472204309301214396e-03
-2.011594308138276332e+00 2.505299100079154059e-03
-1.997761506440205226e+00 2.539146134233885230e-03
-1.983981317298131319e+00 2.573673833852337285e-03
-1.970253179753569617e+00 2.608774277278705540e-03
-1.956576539056167352e+00 2.644343683823348161e-03
-1.942950846567025547e+00 2.680359197146859815e-03
-1.929375559663717654e+00 2.716908950320456526e-03
-1.915850141646975535e+00 2.754142062057411515e-03
-1.902374061649005244e+00 2.792201877655663654e-03
-1.888946794543396868e+00 2.831164992337609383e-03
-1.875567820856598900e+00 2.871011342245232290e-03
-1.862236626680921825e+00 2.911663601837526962e-03
-1.848952703589041180e+00 2.953030510314066763e-03
-1.835715548549967879e+00 2.995056317182476745e-03
-1.822524663846452730e+00 3.037736623741431850e-03
-1.809379556993800708e+00 3.081118335124738601e-03
-1.796279740660062796e+00 3.125292763866627938e-03
-1.783224732587581407e+00 3.170391287450701097e-03
-1.770214055515849871e+00 3.216536285159919423e-03
-1.757247237105675541e+00 3.263771000484149126e-03
-1.744323809864610553e+00 3.312063960070205267e-03
-1.731443311073621372e+00 3.361341615521445773e-03
-1.718605282714980698e+00 3.411569645779002902e-03
-1.705809271401351745e+00 3.462799009099580810e-03
-1.693054828306041149e+00 3.515132038063561223e-03
-1.680341509094399610e+00 3.568638604385826821e-03
-1.667668873856344547e+00 3.623321098645746613e-03
-1.655036487039980519e+00 3.679142342525182525e-03
-1.642443917386301022e+00 3.736080711255446163e-03
-1.629890737864948980e+00 3.794148554925011116e-03
-1.617376525611005755e+00 3.853373527557298842e-03
-1.604900861862805783e+00 3.913795997017481890e-03
-1.592463331900736856e+00 3.975476867843672282e-03
-1.580063524987020074e+00 4.038506811601906207e-03
-1.567701034306447028e+00 4.103010032136040174e-03
-1.555375456908052678e+00 4.169132019683972207e-03
-1.543086393647707277e+00 4.236976564717782022e-03
-1.530833449131608237e+00 4.306544838142620235e-03
-1.518616231660659732e+00 4.377730217059115289e-03
-1.506434353175712282e+00 4.450393156289033335e-03
-1.494287429203655870e+00 4.524450636821888798e-03
-1.482175078804342627e+00 4.599926001555595771e-03
-1.470096924518329295e+00 4.676931175712661926e-03
-1.458052592315416618e+00 4.755621326838088518e-03
-1.446041711543979202e+00 4.836169359743465457e-03
-1.434063914881057000e+00 4.918762653633492951e-03
-1.422118838283209508e+00 5.003581557841379861e-03
-1.410206120938107599e+00 5.090767152700804640e-03
-1.398325405216850115e+00 5.180373974132556139e-03
-1.386476336626996986e+00 5.272347023276364487e-03
-1.374658563766294916e+00 5.366540688946302290e-03
-1.362871738277095179e+00 5.462795742902697149e-03
-1.351115514801437101e+00 5.561041068718216088e-03
-1.339389550936797013e+00 5.661370517231300963e-03
-1.327693507192477362e+00 5.764006513036473885e-03
-1.316027046946637080e+00 5.869191782372310331e-03
-1.304389836403941239e+00 5.977088178579675545e-03
-1.292781544553817996e+00 6.087763217622669393e-03
-1.281201843129320173e+00 6.201284583655653805e-03
-1.269650406566570577e+00 6.317797274474046786e-03
-1.258126911964788874e+00 6.437516373565106698e-03
-1.246631039046874889e+00 6.560683263129687623e-03
-1.235162470120555911e+00 6.687465882446342637e-03
-1.223720890040073339e+00 6.817925488798606479e-03
-1.212305986168408234e+00 6.952068089652691137e-03
-1.200917448340022453e+00 7.089886104118036346e-03
-1.189554968824123149e+00 7.231430669630873817e-03
-1.178218242288426865e+00 7.376807907713693255e-03
-1.166906965763418569e+00 7.526144846389880294e-03
-1.155620838607101852e+00 7.679581005937051626e-03
-1.144359562470215863e+00 7.837265928990097899e-03
-1.133122841261928526e+00 7.999356448465871211e-03
-1.121910381115985400e+00 8.166025750713106629e-03
-1.110721890357309283e+00 8.337497071660794623e-03
-1.099557079469039467e+00 8.514055419009722292e-03
-1.088415661060010642e+00 8.696026285191858773e-03
-1.077297349832647466e+00 8.883702864016553014e-03
-1.066201862551285018e+00 9.077302289806771229e-03
-1.055128918010896033e+00 9.276970858176296353e-03
-1.044078237006218046e+00 9.482822341049686882e-03
-1.033049542301277102e+00 9.694990716896698807e-03
-1.022042558599299822e+00 9.913673882023316813e-03
-1.011057012512998066e+00 1.013917248117033806e-02
-1.000092632535235726e+00 1.037185371916213815e-02
-9.891491490100537964e-01 1.061208991892280754e-02
-9.782262941040561488e-01 1.086020582528584785e-02
-9.673238017781481402e-01 1.111649076597192448e-02
-9.564414077596213870e-01 1.138125648813047459e-02
-9.455788495145712735e-01 1.165489577350959857e-02
-9.347358662206534108e-01 1.193790575229114123e-02
-9.239121987401626157e-01 1.223083929793410650e-02
-9.131075895934324116e-01 1.253419877335420346e-02
-9.023217829325496098e-01 1.284843277506518208e-02
-8.915545245153719822e-01 1.317400112395167994e-02
-8.808055616798529108e-01 1.351144451024297380e-02
-8.700746433186589135e-01 1.386139341104087805e-02
-8.593615198540814903e-01 1.422453318682543807e-02
-8.486659432132259706e-01 1.460152404507399082e-02
-8.379876668034880183e-01 1.499299336397210899e-02
-8.273264454882990337e-01 1.539960878298889287e-02
-8.166820355631438932e-01 1.582214948985848427e-02
-8.060541947318363709e-01 1.626153486845534693e-02
-7.954426820830584610e-01 1.671880019321349969e-02
-7.848472580671504994e-01 1.719504426779024098e-02
-7.742676844731486430e-01 1.769139895012792479e-02
-7.637037244060699281e-01 1.820901848678434243e-02
-7.531551422644284788e-01 1.874914384197999204e-02
-7.426217037179922986e-01 1.931319321577098722e-02
-7.321031756857663275e-01 1.990273763309090282e-02
-7.215993263142009839e-01 2.051949599003742575e-02
-7.111099249556180890e-01 2.116530828584193419e-02
-7.006347421468592795e-01 2.184210015755354631e-02
-6.901735495881351490e-01 2.255186662385909313e-02
-6.797261201220911042e-01 2.329675133838315232e-02
-6.692922277130706199e-01 2.407905455993198177e-02
-6.588716474265783329e-01 2.490134659785771254e-02
-6.484641554089376481e-01 2.576651742297016850e-02
-6.380695288671385246e-01 2.667780275983397745e-02
-6.276875460488731129e-01 2.763880876125134750e-02
-6.173179862227488046e-01 2.865350951543983032e-02
-6.069606296586862459e-01 2.972625049641929376e-02
-5.966152576084875481e-01 3.086177236707444982e-02
-5.862816522865772484e-01 3.206523108547915113e-02
-5.759595968509094721e-01 3.334224033974542839e-02
-5.656488753840412942e-01 3.469895697954421265e-02
-5.553492728743597562e-01 3.614220806861742630e-02
-5.450605751974718638e-01 3.767964622131415864e-02
-5.347825690977430213e-01 3.931993944480880604e-02
-5.245150421699888987e-01 4.107289139022514413e-02
-5.142577828413065211e-01 4.294962439004295501e-02
-5.040105803530536832e-01 4.496267713430762702e-02
-4.937732247429644228e-01 4.712607636040497261e-02
-4.835455068274036594e-01 4.945545944896710677e-02
-4.733272181837471781e-01 5.196824872538932660e-02
-4.631181511328986700e-01 5.468389678407239995e-02
-4.529180987219272314e-01 5.762420956931382093e-02
-4.427268547068332061e-01 6.081380736509385543e-02
-4.325442135354257145e-01 6.428051068443949023e-02
-4.223699703303245845e-01 6.805589988784366273e-02
-4.122039208720716941e-01 7.217596747447185823e-02
-4.020458615823537807e-01 7.668177808211407154e-02
-3.918955895073323314e-01 8.162020943199453649e-02
-3.817529023010813316e-01 8.704467116474010058e-02
-3.716175982091194929e-01 9.301592524629914704e-02
-3.614894760520483419e-01 9.960286461544358427e-02
-3.513683352092828449e-01 1.068833581569580693e-01
-3.412539756028758475e-01 1.149451592458729521e-01
-3.311461976814312758e-01 1.238869246036170962e-01
-3.210448024041094306e-01 1.338192303634875846e-01
-3.109495912247085547e-01 1.448653736570846839e-01
-3.008603660758366605e-01 1.571614262936626982e-01
-2.907769293531580201e-01 1.708552241629535950e-01
-2.806990838997174276e-01 1.861037207444832808e-01
-2.706266329903371237e-01 2.030684433730201577e-01
-2.605593803160889399e-01 2.219084575535835713e-01
-2.504971299688272257e-01 2.427699087461611394e-01
-2.404396864257955790e-01 2.657708781769971274e-01
-2.303868545342923901e-01 2.909801785961864118e-01
-2.203384394963986970e-01 3.183889721981072451e-01
-2.102942468537628840e-01 3.478748208300437295e-01
-2.002540824724450275e-01 3.791590374130162644e-01
-1.902177525278067050e-01 4.117603395695617063e-01
-1.801850634894590075e-01 4.449507638824292677e-01
-1.701558221062540455e-01 4.777233190411713792e-01
-1.601298353913264694e-01 5.087843559861083831e-01
-1.501069106071708514e-01 5.365855176319422881e-01
-1.400868552507662790e-01 5.594099340858116332e-01
-1.300694770387391397e-01 5.755226744059753763e-01
-1.200545838925550501e-01 5.833848047121146241e-01
-1.100419839237516545e-01 5.819130134051796466e-01
-1.000314854191983877e-01 5.707454848797316460e-01
-9.002289682638489610e-02 5.504563990118641614e-01
-8.001602673873924043e-02 5.226524700599163298e-01
-7.001068388096250150e-02 4.898898562492314257e-01
-6.000667709439190534e-02 4.553727324500604912e-01
-5.000381532237931775e-02 4.224398596372931913e-01
-4.000190759568706539e-02 3.939183037150607025e-01
-3.000076301789707939e-02 3.715092355169963279e-01
-2.000019075083557876e-02 3.554238155124975762e-01
-9.999999999999974187e-03 3.444495213308712001e-01
0.000000000000000000e+00 3.364747300533023067e-01
9.999999999999974187e-03 3.292903598584627778e-01
2.000019075083557876e-02 3.213425563953458686e-01
3.000076301789707939e-02 3.121313433587863395e-01
4.000190759568635068e-02 3.021351920577602934e-01
5.000381532237860305e-02 2.923772717943984856e-01
6.000667709439118369e-02 2.838931617433255172e-01
7.001068388096322315e-02 2.773440982549344458e-01
8.001602673873996208e-02 2.728858863158344361e-01
9.002289682638561774e-02 2.702567423614652964e-01
1.000314854191983877e-01 2.689687418716782408e-01
1.100419839237516545e-01 2.684924587890150649e-01
1.200545838925550501e-01 2.683762942516797478e-01
1.300694770387391397e-01 2.682937551377475027e-01
1.400868552507662790e-01 2.680403822381721701e-01
1.501069106071708514e-01 2.675071746131835182e-01
1.601298353913264694e-01 2.666498580418280584e-01
1.701558221062540455e-01 2.654635118695970464e-01
1.801850634894582859e-01 2.639650706660798818e-01
1.902177525278067050e-01 2.621824066836070388e-01
2.002540824724450275e-01 2.601477506582515753e-01
2.102942468537628840e-01 2.578937011027481740e-01
2.203384394963986970e-01 2.554509328908606824e-01
2.303868545342923901e-01 2.528472598369758684e-01
2.404396864257955790e-01 2.501077943035648343e-01
2.504971299688272257e-01 2.472557252906007474e-01
2.605593803160889399e-01 2.443131055595491874e-01
2.706266329903371237e-01 2.413011603157407536e-01
2.806990838997167059e-01 2.382400706850777428e-01
2.907769293531572985e-01 2.351485347158649986e-01
3.008603660758359388e-01 2.320434599383162932e-01
3.109495912247092764e-01 2.289398989525533723e-01
3.210448024041101522e-01 2.258511558896271476e-01
3.311461976814320529e-01 2.227889791170137301e-01
3.412539756028758475e-01 2.197635510721721031e-01
3.513683352092828449e-01 2.167836777738854082e-01
3.614894760520483419e-01 2.138569415008794439e-01
3.716175982091194929e-01 2.109900108705657917e-01
3.817529023010813316e-01 2.081888692741427072e-01
3.918955895073323314e-01 2.054589247513040062e-01
4.020458615823530590e-01 2.028049758795085755e-01
4.122039208720709169e-01 2.002311395629137181e-01
4.223699703303238628e-01 1.977405928360551068e-01
4.325442135354264361e-01 1.953356238390102084e-01
4.427268547068339277e-01 1.930176575130054806e-01
4.529180987219279531e-01 1.907875078547883185e-01
4.631181511328986700e-01 1.886454661584742176e-01
4.733272181837471781e-01 1.865914736343325941e-01
4.835455068274036594e-01 1.846254616186815689e-01
4.937732247429644228e-01 1.827472172707021170e-01
5.040105803530536832e-01 1.809563577356264885e-01
5.142577828413065211e-01 1.792522888417336646e-01
5.245150421699888987e-01 1.776341692815497086e-01
5.347825690977430213e-01 1.761008679157735624e-01
5.450605751974710866e-01 1.746509761604125577e-01
5.553492728743597562e-01 1.732828274759463105e-01
5.656488753840412942e-01 1.719942324468100858e-01
5.759595968509094721e-01 1.707827058472301263e-01
5.862816522865772484e-01 1.696456086646753181e-01
5.966152576084875481e-01 1.685804423421446985e-01
6.069606296586862459e-01 1.675850813259419092e-01
6.173179862227488046e-01 1.666577924808108346e-01
6.276875460488731129e-01 1.657971240808232549e-01
6.380695288671385246e-01 1.650016976601849372e-01
6.484641554089369819e-01 1.642699725380865339e-01
6.588716474265774448e-01 1.636002512048122526e-01
6.692922277130698427e-01 1.629907700473173515e-01
6.797261201220904381e-01 1.624396102358627303e-01
6.901735495881360372e-01 1.619447936020222412e-01
7.006347421468600567e-01 1.615043465891427832e-01
7.111099249556188662e-01 1.611161495133705546e-01
7.215993263142009839e-01 1.607784255848567212e-01
7.321031756857663275e-01 1.604894695050752829e-01
7.426217037179922986e-01 1.602477408430369177e-01
7.531551422644284788e-01 1.600518234333361267e-01
7.637037244060699281e-01 1.599002557604344565e-01
7.742676844731486430e-01 1.597913875640650239e-01
7.848472580671498333e-01 1.597237701164355428e-01
7.954426820830577949e-01 1.596959767014233811e-01
8.060541947318363709e-01 1.597064602496350849e-01
8.166820355631446704e-01 1.597537774364093388e-01
8.273264454882999219e-01 1.598364777282961779e-01
8.379876668034880183e-01 1.599531511240220860e-01
8.486659432132259706e-01 1.601025076173551720e-01
8.593615198540814903e-01 1.602834558446967206e-01
8.700746433186589135e-01 1.604950572278085463e-01
8.808055616798529108e-01 1.607362330393022343e-01
8.915545245153719822e-01 1.610057034478765692e-01
9.023217829325496098e-01 1.613022572504134444e-01
9.131075895934324116e-01 1.616247047417101457e-01
9.239121987401619496e-01 1.619719393180891476e-01
9.347358662206525226e-01 1.623429519396259457e-01
9.455788495145712735e-01 1.627366849343284683e-01
9.564414077596213870e-01 1.631518971360163828e-01
9.673238017781488063e-01 1.635876681774386943e-01
9.782262941040561488e-01 1.640432458359956103e-01
9.891491490100537964e-01 1.645177928148468527e-01
1.000092632535235726e+00 1.650104458481395642e-01
1.011057012512998066e+00 1.655203006719137004e-01
1.022042558599299822e+00 1.660462906231965630e-01
1.033049542301277102e+00 1.665873212296365979e-01
1.044078237006217380e+00 1.671423673002206400e-01
1.055128918010895367e+00 1.677106493960125455e-01
1.066201862551284352e+00 1.682912204706394355e-01
1.077297349832648132e+00 1.688829939764339427e-01
1.088415661060011308e+00 1.694849513577347533e-01
1.099557079469040355e+00 1.700964139352203752e-01
1.110721890357309283e+00 1.707169677318326750e-01
1.121910381115985400e+00 1.713462890976515662e-01
1.133122841261928526e+00 1.719841627600498524e-01
1.144359562470215863e+00 1.726301497278138752e-01
1.155620838607101852e+00 1.732834153666679977e-01
1.166906965763418569e+00 1.739426333536927549e-01
1.178218242288425976e+00 1.746064554538835356e-01
1.189554968824123149e+00 1.752738017526907777e-01
1.200917448340022453e+00 1.759439292965680190e-01
1.212305986168408900e+00 1.766160918554626480e-01
1.223720890040074227e+00 1.772896900622239480e-01
1.235162470120555911e+00 1.779643603238012517e-01
1.246631039046874889e+00 1.786392068717995996e-01
1.258126911964788874e+00 1.793134942171749902e-01
1.269650406566570577e+00 1.799864017792643933e-01
1.281201843129320173e+00 1.806572056764946810e-01
1.292781544553817996e+00 1.813259548398265530e-01
1.304389836403941239e+00 1.819926181478018212e-01
1.316027046946637080e+00 1.826570742198670994e-01
1.327693507192476696e+00 1.833188198529788204e-01
1.339389550936796125e+00 1.839765232665445671e-01
1.351115514801436435e+00 1.846286964235826500e-01
1.362871738277095179e+00 1.852741423819038447e-01
1.374658563766295805e+00 1.859121975261974202e-01
1.386476336626997652e+00 1.865429994278445247e-01
1.398325405216850559e+00 1.871668778489050666e-01
1.410206120938107599e+00 1.877839260458121218e-01
1.422118838283209508e+00 1.883936004849304235e-01
1.434063914881057000e+00 1.889948508483383360e-01
1.446041711543979202e+00 1.895863368427657958e-01
1.458052592315416618e+00 1.901669078671100466e-01
1.470096924518328407e+00 1.907356694763788496e-01
1.482175078804341739e+00 1.912923238169085549e-01
1.494287429203654982e+00 1.918369083031684630e-01
1.506434353175713392e+00 1.923694337055329440e-01
1.518616231660660620e+00 1.928897333061187491e-01
1.530833449131608681e+00 1.933975699942737103e-01
1.543086393647707277e+00 1.938927290718389651e-01
1.555375456908052678e+00 1.943752614414242519e-01
1.567701034306447028e+00 1.948451212333315308e-01
1.580063524987019630e+00 1.953017121107171739e-01
1.592463331900736190e+00 1.957436038282578394e-01
1.604900861862805117e+00 1.961691610054329127e-01
1.617376525611005755e+00 1.965769337159678221e-01
1.629890737864948091e+00 1.969663781435701810e-01
1.642443917386300800e+00 1.973379604905723950e-01
1.655036487039980742e+00 1.976925383576909612e-01
1.667668873856345213e+00 1.980305319987714641e-01
1.680341509094400276e+00 1.983520649142106185e-01
1.693054828306040926e+00 1.986570206386663318e-01
1.705809271401351079e+00 1.989448349954767714e-01
1.718605282714980920e+00 1.992148729672242879e-01
1.731443311073621594e+00 1.994663741666527490e-01
1.744323809864610997e+00 1.996986931910741392e-01
1.757247237105675541e+00 1.999110002749054926e-01
1.770214055515848983e+00 2.001024468174021631e-01
1.783224732587580741e+00 2.002726423607292527e-01
1.796279740660062352e+00 2.004226521388622895e-01
1.809379556993800708e+00 2.005529373920450220e-01
1.822524663846453397e+00 2.006636728355906674e-01
1.835715548549968767e+00 2.007550464156223624e-01
1.848952703589041624e+00 2.008267247449782023e-01
1.862236626680921825e+00 2.008783205897498036e-01
1.875567820856598900e+00 2.009093504094572324e-01
1.888946794543396868e+00 2.009190812595892939e-01
1.902374061649005244e+00 2.009064795473354814e-01
1.915850141646975535e+00 2.008716408560906053e-01
1.929375559663716988e+00 2.008150846685326785e-01
1.942950846567024437e+00 2.007376587833424042e-01
1.956576539056166242e+00 2.006396762435480596e-01
1.970253179753570727e+00 2.005202169574782645e-01
1.983981317298132430e+00 2.003785321216887683e-01
1.997761506440205892e+00 2.002147323129900847e-01
2.011594308138276332e+00 2.000292171716473444e-01
2.025480289657382471e+00 1.998222768679329964e-01
2.039420024669305942e+00 1.995934680682852902e-01
2.053414093354583247e+00 1.993426520288339443e-01
2.067463082506361793e+00 1.990701424530292307e-01
2.081567585636154405e+00 1.987765055292489702e-01
2.095728203081529628e+00 1.984624052305829778e-01
2.109945542115771566e+00 1.981269647433858694e-01
2.124220217059573645e+00 1.977697188221232416e-01
2.138552849394784072e+00 1.973908059802790826e-01
2.152944067880272261e+00 1.969905258432519957e-01
2.167394508669943765e+00 1.965689268270047474e-01
2.181904815432972988e+00 1.961264741425065850e-01
2.196475639476278996e+00 1.956626065007303350e-01
2.211107639869315911e+00 1.951767470206056121e-01
2.225801483571211214e+00 1.946690045892500720e-01
2.240557845560325667e+00 1.941393129839242004e-01
2.255377408966268149e+00 1.935886530452401444e-01
2.270260865204440481e+00 1.930172679398333702e-01
2.285208914113143308e+00 1.924253537019584570e-01
2.300222264093344737e+00 1.918127351468428832e-01
2.315301632251118846e+00 1.911792699175099974e-01
2.330447744542859301e+00 1.905259583408226154e-01
2.345661335923311608e+00 1.898542702477660493e-01
2.360943150496495946e+00 1.891655649607204004e-01
2.376293941669568088e+00 1.884599773863854244e-01
2.391714472309731221e+00 1.877365213379753595e-01
2.407205514904206645e+00 1.869938887189334653e-01
2.422767851723407695e+00 1.862304059465513528e-01
2.438402274987316432e+00 1.854456585088446463e-01
2.454109587035200768e+00 1.846403797686966275e-01
2.469890600498723998e+00 1.838156021117220984e-01
2.485746138478509337e+00 1.829737666357556525e-01
2.501677034724291371e+00 1.821161853876630543e-01
2.517684133818678394e+00 1.812437869692045678e-01
2.533768291364664638e+00 1.803561163084731189e-01
2.549930374176959891e+00 1.794518955142333505e-01
2.566171260477213334e+00 1.785305621718463742e-01
2.582491840093254609e+00 1.775924380264622959e-01
2.598893014662444489e+00 1.766375567994709073e-01
2.615375697839199987e+00 1.756658248535768463e-01
2.631940815506855991e+00 1.746782324115022655e-01
2.648589305993903409e+00 1.736761607728345425e-01
2.665322120294779218e+00 1.726601835246128203e-01
2.682140222295247955e+00 1.716298137093799636e-01
2.699044589002565164e+00 1.705840307839422976e-01
2.716036210780464977e+00 1.695242857503445055e-01
2.733116091589157026e+00 1.684522996225509550e-01
2.750285249230413953e+00 1.673691985122479908e-01
2.767544715597911598e+00 1.662739594517508857e-01
2.784895536932901372e+00 1.651648817282312942e-01
2.802338774085429751e+00 1.640425280336424430e-01
2.819875502781155063e+00 1.629071670991013854e-01
2.837506813893987179e+00 1.617587428505945779e-01
2.855233813724622927e+00 1.605981854473693404e-01
2.873057624285204170e+00 1.594273436908919539e-01
2.890979383590180252e+00 1.582473660474883470e-01
2.909000245953595520e+00 1.570582139686522161e-01
2.927121382292947160e+00 1.558600203443001320e-01
2.945343980439754095e+00 1.546518993968932498e-01
2.963669245457068335e+00 1.534334808129271810e-01
2.982098399964077995e+00 1.522049178090296717e-01
3.000632684467967159e+00 1.509682441529013319e-01
3.019273357703287086e+00 1.497241900006699433e-01
3.038021696978962627e+00 1.484728587368371600e-01
3.056878998533198555e+00 1.472134390243922120e-01
3.075846577896470535e+00 1.459467607624645447e-01
3.094925770262794362e+00 1.446742334764253568e-01
3.114117930869559014e+00 1.433954137819578034e-01
3.133424435386071849e+00 1.421088297467477668e-01
3.152846680311138350e+00 1.408145675865048463e-01
3.172386083379844290e+00 1.395136490657615802e-01
3.192044083979846292e+00 1.382071415197284603e-01
3.211822143577407918e+00 1.368972931058668185e-01
3.231721746153457975e+00 1.355861564011471287e-01
3.251744398649921930e+00 1.342735071201836550e-01
3.271891631426665281e+00 1.329566891867594580e-01
3.292164998729279368e+00 1.316329695364786279e-01
3.312566079168071553e+00 1.303019590016245566e-01
3.333096476208521786e+00 1.289669530267688602e-01
3.353757818673582580e+00 1.276320937994445404e-01
3.374551761258096416e+00 1.262987453048677322e-01
3.395479985055740446e+00 1.249650008188101374e-01
3.416544198098793395e+00 1.236286549753798092e-01
3.437746135911136314e+00 1.222877641214980132e-01
3.459087562074850908e+00 1.209430029741187795e-01
3.480570268810810663e+00 1.195975065951339761e-01
3.502196077573649369e+00 1.182536745404963452e-01
3.523966839661581307e+00 1.169124326040550943e-01
3.545884436841424847e+00 1.155727845282181060e-01
3.567950781989368547e+00 1.142324539777903880e-01
3.590167819747851929e+00 1.128909722401440219e-01
3.612537527199123133e+00 1.115497739005653771e-01
3.635061914555887341e+00 1.102089513725621195e-01
3.657743025869628628e+00 1.088679637621688123e-01
3.680582939757102157e+00 1.075273473463920215e-01
3.703583770145510101e+00 1.061888803336497877e-01
3.726747667036997225e+00 1.048542260507784596e-01
3.750076817293014120e+00 1.035245582627748184e-01
3.773573445439117879e+00 1.021996029341330908e-01
3.797239814490932730e+00 1.008785181376626594e-01
3.821078226801799538e+00 9.956111905151042440e-02
3.845091024932894896e+00 9.824660400129615889e-02
3.869280592546462394e+00 9.693427184160033350e-02
3.893649355322847061e+00 9.562412558787505845e-02
3.918199781902168777e+00 9.431710166436288456e-02
3.942934384851307872e+00 9.301525509900739064e-02
3.967855721657088441e+00 9.172042632628139847e-02
3.992966395746416985e+00 9.043136775265397942e-02
4.018269057534300082e+00 8.914759977076611164e-02
4.043766405500584860e+00 8.787094817954749226e-02
4.069461187296391280e+00 8.659941546013026625e-02
4.095356200881122177e+00 8.532887594182056445e-02
4.121454295691163061e+00 8.406123540972777752e-02
4.147758373841154089e+00 8.280394020294593038e-02
4.174271391359062555e+00 8.155726767730997473e-02
4.200996359456013352e+00 8.031471777170627602e-02
4.227936345832168819e+00 7.907498903745574514e-02
4.255094476019727345e+00 7.784056340274111974e-02
4.282473934764413848e+00 7.661343791639546597e-02
4.310077967446587444e+00 7.539716301348597938e-02
4.337909881543510870e+00 7.419286192745679076e-02
4.365973048133954926e+00 7.299738660533834633e-02
4.394270903446770404e+00 7.180777308542940496e-02
4.422806950454781116e+00 7.062151848330314174e-02
4.451584760515686412e+00 6.944030937506714962e-02
4.480607975061463577e+00 6.826827217236094980e-02
4.509880307338105077e+00 6.710795300513393291e-02
4.539405544197283149e+00 6.595939634767883364e-02
4.569187547941903738e+00 6.482129331302803610e-02
4.599230258227382961e+00 6.369016252192183369e-02
4.629537694020593008e+00 6.256706581168353098e-02
4.660113955618596648e+00 6.145262805247152238e-02
4.690963226729293112e+00 6.034561313570357272e-02
4.722089776616123835e+00 5.924689674588440313e-02
4.753497962309302771e+00 5.815682039040867557e-02
4.785192230885826348e+00 5.707697922945008384e-02
4.817177121820895636e+00 5.600873496521358019e-02
4.849457269413340654e+00 5.495266989755373532e-02
4.882037405287709575e+00 5.390468531408290631e-02
4.914922360976011539e+00 5.286352996497292733e-02
4.948117070581908195e+00 5.183234196968609930e-02
4.981626573530626878e+00 5.081365027035952830e-02
5.015456017407652567e+00 4.980581449330070964e-02
5.049610660889745972e+00 4.880602204668105237e-02
5.084095876771596245e+00 4.781481929421015770e-02
5.118917155092026050e+00 4.683620761934774446e-02
5.154080106363324809e+00 4.586875335076736476e-02
5.189590464907923639e+00 4.491269859951367571e-02
5.225454092306433651e+00 4.396638298556933278e-02
5.261676980961550676e+00 4.302818986541134122e-02
5.298265257782244220e+00 4.210203926248802520e-02
5.335225187993163587e+00 4.118547392658766793e-02
5.372563179074077766e+00 4.028179102407968004e-02
5.410285784834729661e+00 3.938822391828575298e-02
5.448399709630405319e+00 3.850390673619796117e-02
5.486911812724086346e+00 3.763054616649293832e-02
5.525829112800970222e+00 3.676801819658551129e-02
5.565158792641854646e+00 3.591655984251281714e-02
5.604908203961667112e+00 3.507762118816138558e-02
5.645084872420248701e+00 3.424785660973682366e-02
5.685696502812371378e+00 3.342898599222578898e-02
5.726750984444712422e+00 3.261780329998793804e-02
5.768256396707492684e+00 3.181728875357191233e-02
5.810221014849253685e+00 3.103126410132531210e-02
5.852653315963272540e+00 3.025625060007790940e-02
5.895561985194872179e+00 2.949349023044593385e-02
5.938955922179146363e+00 2.874372818973658372e-02
5.982844247719065756e+00 2.800189722460847547e-02
6.027236310714632950e+00 2.726639778880186535e-02
6.072141695354100754e+00 2.654474415672954113e-02
6.117570228578833813e+00 2.583629433752276244e-02
6.163531987834188541e+00 2.513685173439437343e-02
6.210037309119105231e+00 2.444797221757181657e-02
6.257096795348075169e+00 2.377093667039918007e-02
6.304721325039668756e+00 2.310265326714469603e-02
6.352922061346506943e+00 2.244963634666969840e-02
6.401710461442654321e+00 2.180423107439326269e-02
6.451098286284771888e+00 2.116964796003602961e-02
6.501097610764786872e+00 2.054820853073537068e-02
6.551720834272277472e+00 1.993591691960024115e-02
6.602980691686179959e+00 1.933546364039853346e-02
6.654890264816202716e+00 1.874317656893842096e-02
6.707462994315653404e+00 1.816076306184444614e-02
6.760712692088343800e+00 1.759185085773808110e-02
6.814653554213885300e+00 1.703448265481814078e-02
6.869300174416541616e+00 1.648580319263241722e-02
6.924667558104775189e+00 1.594798932542997386e-02
6.980771137009639027e+00 1.541901186020462958e-02
7.037626784452278628e+00 1.490107469195964610e-02
7.095250831272059244e+00 1.439421346833718793e-02
7.153660082449184721e+00 1.389965169256147243e-02
7.212871834457117437e+00 1.341445533493988186e-02
7.272903893382699714e+00 1.293987255684514448e-02
7.333774593853726209e+00 1.247356725595119217e-02
7.395502818816384050e+00 1.201658279601723958e-02
7.458108020207268929e+00 1.157006153312600122e-02
7.521610240567749628e+00 1.113498038103725649e-02
7.586030135650939421e+00 1.071222333249997535e-02
7.651388998075133507e+00 1.029573623591089476e-02
7.717708782080382690e+00 9.888201787664856190e-03
7.785012129448951157e+00 9.492135903651055528e-03
7.853322396653874549e+00 9.104436728386271910e-03
7.922663683303971638e+00 8.729790203960516304e-03
7.993060861958362295e+00 8.363594683800892882e-03
8.064539609387720631e+00 8.005321454085939994e-03
8.137126439365120589e+00 7.655125609260112450e-03
8.210848737074378789e+00 7.317480487889437522e-03
8.285734795229668492e+00 6.988551718725579884e-03
8.361813852006719117e+00 6.668515228156020845e-03
8.439116130892415413e+00 6.357236690386140233e-03
8.517672882566811765e+00 6.057356343810880658e-03
8.597516428939853128e+00 5.764946697156886866e-03
8.678680209472870999e+00 5.479844249045071232e-03
8.761198829924738973e+00 5.203260924180021924e-03
8.845108113671690475e+00 4.938480191187024845e-03
8.930445155761116638e+00 4.682318681462510970e-03
9.017248379870389741e+00 4.433143775843968563e-03
9.105557598354891979e+00 4.193208337818429832e-03
9.195414075582201363e+00 3.961994902236280411e-03
9.286860594764410948e+00 3.736706732727130935e-03
9.379941528515811200e+00 3.521858436683234818e-03
9.474702913380864899e+00 3.313761797673549312e-03
9.571192528595130256e+00 3.114278011745664609e-03
9.669459979362780899e+00 2.922154056876409989e-03
9.769556784955327089e+00 2.738395019073679940e-03
9.871536471960840942e+00 2.563446681883719235e-03
9.975454673037942754e+00 2.394842435687273476e-03
1.008136923155793063e+01 2.232633964724961735e-03
1.018934031254830330e+01 2.079007882314337381e-03
1.029943052038522566e+01 1.932320082717017221e-03
1.041170502371859463e+01 1.792371258016209161e-03
1.052623168815380517e+01 1.660652137137322206e-03
1.064308121725768252e+01 1.535280051495979117e-03
1.076232730250476877e+01 1.415352595422588334e-03
1.088404678283179194e+01 1.301745300250272547e-03
1.100831981452695096e+01 1.195785591371749954e-03
1.113523005224294415e+01 1.094684574509842325e-03
1.126486484199331350e+01 1.000414234017662487e-03
1.139731542706779699e+01 9.120710885007917400e-04
1.153267716788676189e+01 8.282164444553286606e-04
1.167104977690866718e+01 7.508368256491108807e-04
1.181253756980620828e+01 6.781708278084917513e-04
1.195724973424156268e+01 6.108456522681216189e-04
1.210530061769597765e+01 5.482805722705984784e-04
1.225681003594877438e+01 4.902535359299107576e-04
1.241190360395464154e+01 4.371814213247425919e-04
1.257071309104042101e+01 3.886533785331728859e-04
1.273337680253192516e+01 3.436781322761030873e-04
1.290003999013476133e+01 3.024824447887943597e-04
1.307085529362815102e+01 2.650318024956086925e-04
1.324598321669588152e+01 2.315520380032751635e-04
1.342559264001181063e+01 2.013124405729602346e-04
1.360986137502873916e+01 1.739143205675072203e-04
1.379897676228727654e+01 1.494569661738787906e-04
1.399313631847826045e+01 1.277588975541559500e-04
1.419254843695589230e+01 1.083678291313069887e-04
1.439743314692606369e+01 9.138656620912065463e-05
1.460802293712368716e+01 7.672836478951942062e-05
1.482456365046278535e+01 6.372601034513408443e-05
1.504731545689699779e+01 5.272638427510011966e-05
1.527655391258613626e+01 4.319776281257754877e-05
1.551257111443440273e+01 3.512735445047181248e-05
1.575567696017295916e+01 2.823258756656171975e-05
1.600620052541652782e+01 2.262485576279867270e-05
1.626449157056262607e+01 1.782272245779972710e-05
1.653092219204418001e+01 1.386883961966284471e-05
1.680588863433074565e+01 1.068617324870971939e-05
1.708981328123576660e+01 8.199447889756443809e-06
1.738314684757837725e+01 6.134258805225281368e-06
1.768637079511793431e+01 4.538696384288395094e-06
1.800000000000201084e+01 1.707497779755211453e-06
