0.0314159265359 -0.0017054242928 -0.00457824550044
0.0942477796077 -0.0016808020593 -0.0137121080007
0.157079632679 -0.00159284825681 -0.0227311063079
0.219911485751 -0.00170898052184 -0.0318647527485
0.282743338823 -0.0011159579048 -0.0402897372402
0.345575191895 -0.00141873978208 -0.0490177080292
0.408407044967 -0.00142798699339 -0.0575517350149
0.471238898038 -0.00106657642858 -0.065635864197
0.53407075111 -0.00065353285305 -0.0732861593375
0.596902604182 -0.000376367697411 -0.0805831784646
0.659734457254 -0.000244215632001 -0.0875757867552
0.722566310326 -0.000182805063193 -0.0942681408885
0.785398163397 -0.000113292715331 -0.100635942291
0.848230016469 1.27043755871e-05 -0.106645194056
0.911061869541 0.000208498260666 -0.112265128949
0.973893722613 0.000461427613901 -0.117474778041
1.03672557568 0.000744968841247 -0.122264954302
1.09955742876 0.00102888740679 -0.126637562591
1.16238928183 0.00128596495313 -0.130603653116
1.2252211349 0.00149552504728 -0.1341810997
1.28805298797 0.00164457367501 -0.137392379493
1.35088484104 0.00172742096457 -0.140262670709
1.41371669412 0.00174449021704 -0.142818335074
1.47654854719 0.00170081221581 -0.145085773932
1.53938040026 0.00160451721548 -0.147090611889
1.60221225333 0.00146549819528 -0.148857150333
1.6650441064 0.00129432087741 -0.150408033617
1.72787595947 0.00110139741379 -0.151764076602
1.79070781255 0.000896405225178 -0.15294421024
1.85353966562 0.000687916189212 -0.153965510047
1.91637151869 0.000483195669891 -0.154843279853
1.97920337176 0.000288131234996 -0.155591169786
2.04203522483 0.00010725589989 -0.156221312875
2.10486707791 -5.61645146174e-05 -0.156744469041
2.16769893098 -0.000200003816999 -0.157170168692
2.23053078405 -0.00032312640899 -0.157506850764
2.29336263712 -0.00042523066175 -0.157761992001
2.35619449019 -0.000506694546588 -0.157942225713
2.41902634326 -0.000568430090881 -0.158053449224
2.48185819634 -0.00061175089968 -0.158100919954
2.54469004941 -0.000638254882204 -0.158089340501
2.60752190248 -0.000649723122836 -0.158022933377
2.67035375555 -0.000648034642872 -0.157905506224
2.73318560862 -0.000635096399115 -0.157740508375
2.79601746169 -0.000612787222536 -0.157531079668
2.85884931477 -0.000582914269283 -0.157280092393
2.92168116784 -0.000547180501071 -0.156990187161
2.98451302091 -0.00050716163158 -0.156663803502
3.04734487398 -0.000464291065025 -0.15630320584
3.11017672705 -0.000419851470808 -0.155910505507
3.17300858013 -0.000374971758213 -0.155487679324
3.2358404332 -0.000330628349777 -0.155036585259
3.29867228627 -0.000287649749147 -0.15455897559
3.36150413934 -0.000246723650565 -0.154056507947
3.42433599241 -0.00020840578571 -0.153530754573
3.48716784548 -0.00017313002289 -0.152983210072
3.54999969856 -0.00014121913654 -0.152415297911
3.61283155163 -0.000112895930715 -0.151828375862
3.6756634047 -8.82943613261e-05 -0.151223740583
3.73849525777 -6.74704197768e-05 -0.150602631484
3.80132711084 -5.04126217928e-05 -0.149966233998
3.86415896392 -3.70519212937e-05 -0.14931568238
3.92699081699 -2.7271002449e-05 -0.148652062118
3.98982267006 -2.09128596555e-05 -0.147976412026
4.05265452313 -1.77886459221e-05 -0.147289726096
4.1154863762 -1.76847871361e-05 -0.146592955146
4.17831822927 -2.03693445391e-05 -0.145887008315
4.24115008235 -2.55976852085e-05 -0.145172754435
4.30398193542 -3.31174531883e-05 -0.144451023311
4.36681378849 -4.26728971902e-05 -0.14372260693
4.42964564156 -5.40086009824e-05 -0.142988260615
4.49247749463 -6.68726447943e-05 -0.142248704132
4.55530934771 -8.10192605081e-05 -0.141504622777
4.61814120078 -9.6211016373e-05 -0.140756668432
4.68097305385 -0.000112220579994 -0.140005460606
4.74380490692 -0.00012883210201 -0.139251587458
4.80663675999 -0.00014584226658 -0.138495606818
4.86946861306 -0.000163061042363 -0.137738047187
4.93230046614 -0.000180312173568 -0.136979408733
4.99513231921 -0.000197433448952 -0.136220164281
5.05796417228 -0.000214276772159 -0.135460760283
5.12079602535 -0.000230708072243 -0.134701617788
5.18362787842 -0.0002466070703 -0.133943133392
5.24645973149 -0.000261866935602 -0.133185680181
5.30929158457 -0.000276393845621 -0.132429608658
5.37212343764 -0.000290106470298 -0.131675247649
5.43495529071 -0.000302935401637 -0.130922905204
5.49778714378 -0.000314822535946 -0.130172869468
5.56061899685 -0.000325720426813 -0.129425409543
5.62345084993 -0.000335591620135 -0.128680776326
5.686282703 -0.00034440797764 -0.127939203322
5.74911455607 -0.000352149999914 -0.127200907447
5.81194640914 -0.000358806153621 -0.126466089799
5.87477826221 -0.000364372211611 -0.125734936411
5.93761011528 -0.000368850607499 -0.125007618982
6.00044196836 -0.000372249811818 -0.124284295579
6.06327382143 -0.00037458372915 -0.123565111327
6.1261056745 -0.00037587112216 -0.122850199062
6.18893752757 -0.000376135062815 -0.122139679975
6.25176938064 -0.000375402411846 -0.121433664217
6.31460123372 -0.000373703325488 -0.120732251499
6.37743308679 -0.000371070796057 -0.120035531652
6.44026493986 -0.000367540217475 -0.119343585174
6.50309679293 -0.00036314898485 -0.118656483756
6.565928646 -0.000357936117563 -0.117974290781
6.62876049907 -0.000351941916311 -0.117297061803
6.69159235215 -0.000345207643992 -0.116624845006
6.75442420522 -0.000337775234192 -0.115957681647
6.81725605829 -0.000329687024844 -0.115295606467
6.88008791136 -0.000320985516558 -0.114638648099
6.94291976443 -0.000311713154686 -0.113986829443
7.00575161751 -0.000301912131818 -0.113340168028
7.06858347058 -0.000291624212702 -0.112698676363
7.13141532365 -0.000280890578014 -0.112062362259
7.19424717672 -0.000269751685571 -0.111431229145
7.25707902979 -0.000258247150563 -0.11080527636
7.31991088286 -0.000246415640593 -0.110184499436
7.38274273594 -0.000234294785342 -0.109568890366
7.44557458901 -0.000221921100928 -0.108958437851
7.50840644208 -0.00020932992649 -0.108353127543
7.57123829515 -0.000196555371483 -0.107752942268
7.63407014822 -0.000183630275624 -0.10715786224
7.69690200129 -0.000170586177027 -0.106567865265
7.75973385437 -0.000157453290017 -0.105982926926
7.82256570744 -0.000144260490812 -0.105403020767
7.88539756051 -0.000131035310216 -0.104828118459
7.94822941358 -0.000117803933922 -0.104258189961
8.01106126665 -0.000104591206508 -0.103693203669
8.07389311973 -9.14206440685e-05 -0.103133126558
8.1367249728 -7.83144480122e-05 -0.102577924311
8.19955682587 -6.529352484e-05 -0.10202756145
8.26238867894 -5.23775097028e-05 -0.101482001446
8.32522053201 -3.9584792209e-05 -0.100941206831
8.38805238508 -2.6932544848e-05 -0.100405139304
8.45088423816 -1.4436754247e-05 -0.0998737598213
8.51371609123 -2.11225447911e-06 -0.0993470286895
8.5765479443 1.00272388644e-05 -0.0988249056498
8.63937979737 2.1969092701e-05 -0.0983073499557
8.70221165044 3.37017201742e-05 -0.0977943204467
8.76504350352 4.52145428658e-05 -0.0972857756161
8.82787535659 5.64979528128e-05 -0.096781673675
8.89070720966 6.75432750478e-05 -0.0962819726118
8.95353906273 7.83427283634e-05 -0.0957866302465
9.0163709158 8.88893882701e-05 -0.0952956042829
9.07920276887 9.91771483745e-05 -0.094808852355
9.14203462195 0.000109200682751 -0.0943263320718
9.20486647502 0.000118955409588 -0.0938480010575
9.26769832809 0.000128437453974 -0.0933738169892
9.33053018116 0.000137643612418 -0.0929037376318
9.39336203423 0.000146571317785 -0.0924377208699
9.45619388731 0.00015521860519 -0.0919757247371
9.51902574038 0.000163584077844 -0.0915177074432
9.58185759345 0.000171666875581 -0.0910636273987
9.64468944652 0.000179466642662 -0.0906134432379
9.70752129959 0.000186983497366 -0.0901671138392
9.77035315266 0.000194218002118 -0.0897245983439
9.83318500574 0.000201171135562 -0.0892858561739
9.89601685881 0.000207844264237 -0.0888508470463
9.95884871188 0.000214239116305 -0.088419530988
10.021680565 0.000220357756022 -0.0879918683479
10.084512418 0.0002262025595 -0.0875678198084
10.1473442711 0.000231776190353 -0.0871473463952
10.2101761242 0.000237081577862 -0.0867304094859
10.2730079772 0.000242121895619 -0.0863169708185
10.3358398303 0.000246900539622 -0.0859069924973
10.3986716834 0.000251421110434 -0.0855004369993
10.4615035365 0.00025568739306 -0.0850972671792
10.5243353895 0.000259703339569 -0.0846974462731
10.5871672426 0.000263473052397 -0.0843009379025
10.6499990957 0.000267000767993 -0.0839077060766
10.7128309487 0.000270290841777 -0.083517715195
10.7756628018 0.000273347732441 -0.0831309300483
10.8384946549 0.000276175992274 -0.0827473158206
10.901326508 0.00027878024513 -0.0823668380871
10.964158361 0.000281165192868 -0.0819894628202
11.0269902141 0.000283335567909 -0.081615156377
11.0898220672 0.000285296188191 -0.0812438855208
11.1526539202 0.00028705183421 -0.0808756173811
11.2154857733 0.000288607419656 -0.0805103195166
11.2783176264 0.000289967716191 -0.0801479598127
11.3411494795 0.000291137706255 -0.0797885066261
11.4039813325 0.00029212213382 -0.0794319285854
11.4668131856 0.000292925967981 -0.0790781948304
11.5296450387 0.000293553987512 -0.0787272747424
11.5924768917 0.000294011001811 -0.0783791382014
11.6553087448 0.000294301910897 -0.0780337553662
11.7181405979 0.000294431290422 -0.0776910968186
11.780972451 0.000294404081618 -0.0773511334824
11.843804304 0.000294224783979 -0.0770138366586
11.9066361571 0.000293898119033 -0.0766791779741
11.9694680102 0.000293428693684 -0.0763471294681
12.0322998632 0.000292820943426 -0.0760176634696
12.0951317163 0.000292079437635 -0.0756907526774
12.1579635694 0.000291208544828 -0.0753663701791
12.2207954225 0.000290212604258 -0.0750444893039
12.2836272755 0.000289095929381 -0.0747250838021
12.3464591286 0.000287862728838 -0.0744081277506
12.4092909817 0.000286517149921 -0.0740935954669
12.4721228348 0.000285063256949 -0.0737814617002
12.5349546878 0.000283505095122 -0.0734717014863
12.5977865409 0.000278314749207 -0.0731603999956
12.660618394 0.000273241012539 -0.0728514951044
12.723450247 0.000268280797164 -0.0725449624153
12.7862821001 0.000263431109196 -0.0722407778581
12.8491139532 0.000258689045353 -0.0719389176368
12.9119458063 0.000254051789224 -0.0716393580862
12.9747776593 0.000249516608999 -0.0713420758121
13.0376095124 0.000245080854806 -0.0710470477344
13.1004413655 0.000240741955925 -0.0707542510811
13.1632732185 0.000236497417949 -0.0704636633444
13.2261050716 0.000232344819735 -0.0701752621597
13.2889369247 0.000228281811482 -0.0698890254229
13.3517687778 0.000224306112515 -0.0696049313248
13.4146006308 0.000220415508983 -0.0693229583458
13.4774324839 0.000216607851492 -0.0690430852136
13.540264337 0.000212881052555 -0.0687652907868
13.60309619 0.000209233085028 -0.068489554168
13.6659280431 0.000205661980281 -0.068215854737
13.7287598962 0.000202165826286 -0.0679441721465
13.7915917493 0.000198742765774 -0.0676744863172
13.8544236023 0.000195390994332 -0.0674067773974
13.9172554554 0.000192108758324 -0.0671410256518
13.9800873085 0.000188894353676 -0.0668772115697
14.0429191615 0.000185746124411 -0.0666153158975
14.1057510146 0.000182662461117 -0.0663553196343
14.1685828677 0.000179641799457 -0.0660972040276
14.2314147208 0.000176682618661 -0.0658409505429
14.2942465738 0.000173783439908 -0.065586540783
14.3570784269 0.000170942825271 -0.0653339565651
14.41991028 0.000168159376528 -0.0650831799431
14.482742133 0.000165431733909 -0.0648341932042
14.5455739861 0.000162758574843 -0.0645869788418
14.6084058392 0.000160138612599 -0.0643415194853
14.6712376923 0.000157570595403 -0.0640977979665
14.7340695453 0.000155053305426 -0.0638557973392
14.7969013984 0.000152585557738 -0.0636155008757
14.8597332515 0.00015016619931 -0.0633768920629
14.9225651046 0.000147794107974 -0.0631399545779
14.9853969576 0.000145468191325 -0.0629046722208
15.0482288107 0.000143187386006 -0.0626710289781
15.1110606638 0.000140950656888 -0.0624390090414
15.1738925168 0.000138756996221 -0.0622085968035
15.2367243699 0.000136605422819 -0.0619797768559
15.299556223 0.000134494981211 -0.061752533965
15.3623880761 0.000132424740738 -0.0615268530103
15.4252199291 0.000130393794975 -0.0613027190434
15.4880517822 0.000128401261067 -0.0610801173051
15.5508836353 0.000126446279029 -0.0608590332225
15.6137154883 0.000124528011081 -0.060639452406
15.6765473414 0.000122645640996 -0.060421360646
15.7393791945 0.000120798373434 -0.0602047438943
15.8022110476 0.000118985433233 -0.0599895882118
15.8650429006 0.000117206064937 -0.0597758798174
15.9278747537 0.000115459532274 -0.0595636051019
15.9907066068 0.000113745117593 -0.0593527506254
16.0535384598 0.00011206212134 -0.0591433031146
16.1163703129 0.000110409861506 -0.0589352494465
16.179202166 0.000108787673053 -0.0587285766048
16.2420340191 0.000107194907517 -0.0585232717206
16.3048658721 0.000105630932571 -0.0583193220837
16.3676977252 0.000104095131567 -0.0581167151401
16.4305295783 0.0001025869031 -0.0579154384895
16.4933614313 0.000101105660576 -0.0577154798834
16.5561932844 9.96508317802e-05 -0.0575168272101
16.6190251375 9.82218584128e-05 -0.0573194684577
16.6818569906 9.68181957729e-05 -0.0571233917484
16.7446888436 9.54393124054e-05 -0.0569285853488
16.8075206967 9.4084689736e-05 -0.0567350376679
16.8703525498 9.27538217168e-05 -0.0565427372541
16.9331844028 9.14462144677e-05 -0.0563516727843
16.9960162559 9.01613858965e-05 -0.056161833032
17.058848109 8.88988654311e-05 -0.0559732068962
17.1216799621 8.76581937236e-05 -0.0557857834091
17.1845118151 8.64389223471e-05 -0.055599551734
17.2473436682 8.5240613501e-05 -0.0554145011634
17.3101755213 8.40628397261e-05 -0.0552306211172
17.3730073744 8.29051836132e-05 -0.0550479011314
17.4358392274 8.17672374949e-05 -0.0548663308291
17.4986710805 8.0648603231e-05 -0.0546858999469
17.5615029336 7.95488919701e-05 -0.0545065983429
17.6243347866 7.84677239039e-05 -0.0543284159948
17.6871666397 7.74047280286e-05 -0.0541513429978
17.7499984928 7.63595419138e-05 -0.0539753695633
17.8128303459 7.53318114662e-05 -0.0538004860085
17.8756621989 7.43211906785e-05 -0.0536266827299
17.938494052 7.33273414562e-05 -0.053453950228
18.0013259051 7.23499334232e-05 -0.0532822791135
18.0641577581 7.13886437226e-05 -0.0531116601066
18.1269896112 7.04431568223e-05 -0.0529420840346
18.1898214643 6.95131643267e-05 -0.0527735418308
18.2526533174 6.85983647936e-05 -0.0526060245327
18.3154851704 6.7698463548e-05 -0.052439523274
18.3783170235 6.68131724845e-05 -0.0522740292615
18.4411488766 6.59422099283e-05 -0.0521095337961
18.5039807296 6.50853004805e-05 -0.0519460282783
18.5668125827 6.42421748598e-05 -0.0517835042064
18.6296444358 6.34125697483e-05 -0.0516219531756
18.6924762889 6.25962276416e-05 -0.0514613668764
18.7553081419 6.17928966971e-05 -0.0513017370875
18.818139995 6.10023305742e-05 -0.0511430556574
18.8809718481 6.02242883175e-05 -0.0509853145212
18.9438037011 5.94585342299e-05 -0.0508285057047
19.0066355542 5.87048377424e-05 -0.0506726213234
19.0694674073 5.79629732871e-05 -0.0505176535809
19.1322992604 5.72327201747e-05 -0.0503635947681
19.1951311134 5.65138624745e-05 -0.0502104372616
19.2579629665 5.58061888929e-05 -0.0500581735176
19.3207948196 5.51094926443e-05 -0.0499067960539
19.3836266726 5.44235713592e-05 -0.0497562974661
19.4464585257 5.37482269823e-05 -0.0496066704319
19.5092903788 5.30832656681e-05 -0.0494579077097
19.5721222319 5.24284976794e-05 -0.0493100021375
19.6349540849 5.17837372889e-05 -0.0491629466322
19.697785938 5.11488026822e-05 -0.049016734188
19.7606177911 5.05235158612e-05 -0.0488713578712
19.8234496442 4.99077025415e-05 -0.0487268108063
19.8862814972 4.93011920766e-05 -0.0485830861881
19.9491133503 4.87038173754e-05 -0.0484401772855
20.0119452034 4.81154148189e-05 -0.0482980774405
20.0747770564 4.75358241772e-05 -0.0481567800669
20.1376089095 4.6964888531e-05 -0.0480162786497
20.2004407626 4.64024541932e-05 -0.0478765667439
20.2632726157 4.58483706304e-05 -0.04773763797
20.3261044687 4.53024903813e-05 -0.0475994860016
20.3889363218 4.47646689942e-05 -0.0474621045764
20.4517681749 4.42347649606e-05 -0.0473254874988
20.5146000279 4.37126396472e-05 -0.0471896286396
20.577431881 4.31981572293e-05 -0.0470545219343
20.6402637341 4.26911846265e-05 -0.0469201613831
20.7030955872 4.21915914398e-05 -0.0467865410493
20.7659274402 4.16992498876e-05 -0.0466536550559
20.8287592933 4.12140347403e-05 -0.0465214975751
20.8915911464 4.07358232687e-05 -0.0463900628373
20.9544229994 4.02644951899e-05 -0.0462593451337
21.0172548525 3.97999326119e-05 -0.0461293388149
21.0800867056 3.93420199796e-05 -0.0460000382909
21.1429185587 3.88906440222e-05 -0.0458714380296
21.2057504117 3.84456937021e-05 -0.0457435325565
21.2685822648 3.80070601629e-05 -0.0456163164511
21.3314141179 3.75746366753e-05 -0.0454897843372
21.3942459709 3.71483185962e-05 -0.0453639308915
21.457077824 3.67280033234e-05 -0.0452387508456
21.5199096771 3.63135902512e-05 -0.0451142389854
21.5827415302 3.59049807256e-05 -0.0449903901502
21.6455733832 3.55020780019e-05 -0.0448671992322
21.7084052363 3.51047872023e-05 -0.0447446611757
21.7712370894 3.47130152754e-05 -0.0446227709767
21.8340689424 3.43266709543e-05 -0.0445015236792
21.8969007955 3.3945664714e-05 -0.0443809143673
21.9597326486 3.3569908738e-05 -0.0442609381723
22.0225645017 3.31993168826e-05 -0.0441415902748
22.0853963547 3.2833804641e-05 -0.0440228659041
22.1482282078 3.24732891076e-05 -0.0439047603375
22.2110600609 3.21176889438e-05 -0.0437872688995
22.273891914 3.17669243446e-05 -0.0436703869619
22.336723767 3.1420917005e-05 -0.0435541099424
22.3995556201 3.10795900879e-05 -0.0434384333023
22.4623874732 3.0742868189e-05 -0.0433233525396
22.5252193262 3.04106773099e-05 -0.0432088631948
22.5880511793 3.00829448297e-05 -0.0430949608529
22.6508830324 2.97595994758e-05 -0.0429816411423
22.7137148855 2.94405712951e-05 -0.0428688997348
22.7765467385 2.91257916266e-05 -0.0427567323448
22.8393785916 2.88151930743e-05 -0.0426451347289
22.9022104447 2.85087094806e-05 -0.042534102685
22.9650422977 2.82062758997e-05 -0.0424236320507
23.0278741508 2.790782857e-05 -0.0423137186967
23.0907060039 2.76133048923e-05 -0.0422043585326
23.153537857 2.73226434062e-05 -0.0420955475075
23.21636971 2.70357837667e-05 -0.0419872816101
23.2792015631 2.67526667214e-05 -0.0418795568677
23.3420334162 2.64732340877e-05 -0.0417723693463
23.4048652692 2.61974287309e-05 -0.0416657151496
23.4676971223 2.5925194543e-05 -0.0415595904189
23.5305289754 2.5656476421e-05 -0.0414539913308
23.5933608285 2.53912202444e-05 -0.0413489140922
23.6561926815 2.51293728577e-05 -0.0412443549447
23.7190245346 2.4870882051e-05 -0.0411403101656
23.7818563877 2.46156965412e-05 -0.041036776068
23.8446882407 2.43637659533e-05 -0.0409337489998
23.9075200938 2.41150408018e-05 -0.0408312253436
23.9703519469 2.38694724735e-05 -0.0407292015164
24.0331838 2.36270132093e-05 -0.0406276739689
24.096015653 2.33876160876e-05 -0.0405266391852
24.1588475061 2.31512350071e-05 -0.0404260936811
24.2216793592 2.29178246687e-05 -0.0403260339993
24.2845112122 2.26873405619e-05 -0.0402264567133
24.3473430653 2.24597389488e-05 -0.0401273584289
24.4101749184 2.22349768496e-05 -0.0400287357834
24.4730067715 2.20130120273e-05 -0.0399305854456
24.5358386245 2.17938029732e-05 -0.0398329041152
24.5986704776 2.15773088925e-05 -0.0397356885224
24.6615023307 2.13634896905e-05 -0.0396389354277
24.7243341838 2.11523059591e-05 -0.0395426416215
24.7871660368 2.09437189627e-05 -0.0394468039227
24.8499978899 2.07376906242e-05 -0.0393514191745
24.912829743 2.05341835139e-05 -0.0392564842478
24.975661596 2.03331608367e-05 -0.0391619960424
25.0384934491 2.013458642e-05 -0.0390679514865
25.1013253022 1.99384247022e-05 -0.038974347536
25.1641571553 1.97446407202e-05 -0.0388811811749
25.2269890083 1.95532000988e-05 -0.0387884494143
25.2898208614 1.93640690386e-05 -0.0386961492926
25.3526527145 1.91772143059e-05 -0.0386042778749
25.4154845675 1.89926032209e-05 -0.0385128322517
25.4783164206 1.8810203647e-05 -0.0384218095359
25.5411482737 1.86299839812e-05 -0.0383312068652
25.6039801268 1.84519131441e-05 -0.0382410214032
25.6668119798 1.82759605703e-05 -0.0381512503388
25.7296438329 1.81020961985e-05 -0.038061890886
25.792475686 1.79302904622e-05 -0.0379729402837
25.855307539 1.77605142805e-05 -0.0378843957955
25.9181393921 1.75927390488e-05 -0.0377962547091
25.9809712452 1.74269366302e-05 -0.0377085143365
26.0438030983 1.72630793464e-05 -0.0376211720123
26.1066349513 1.71011399687e-05 -0.0375342250912
26.1694668044 1.69410917104e-05 -0.0374476709504
26.2322986575 1.67829082187e-05 -0.0373615069901
26.2951305105 1.66265635669e-05 -0.0372757306334
26.3579623636 1.64720322461e-05 -0.0371903393258
26.4207942167 1.63192891584e-05 -0.0371053305355
26.4836260698 1.61683096084e-05 -0.0370207017525
26.5464579228 1.60190692966e-05 -0.0369364504889
26.6092897759 1.58715443117e-05 -0.0368525742781
26.672121629 1.5725711124e-05 -0.0367690706752
26.734953482 1.55815465778e-05 -0.0366859372555
26.7977853351 1.54390278847e-05 -0.0366031716121
26.8606171882 1.52981326172e-05 -0.0365207713582
26.9234490413 1.51588387022e-05 -0.0364387341272
26.9862808943 1.50211244151e-05 -0.0363570575733
27.0491127474 1.4884968373e-05 -0.0362757393705
27.1119446005 1.4750349529e-05 -0.0361947772128
27.1747764536 1.46172471659e-05 -0.0361141688141
27.2376083066 1.44856408907e-05 -0.0360339119074
27.3004401597 1.43555106283e-05 -0.0359540042454
27.3632720128 1.42268366164e-05 -0.0358744435995
27.4261038658 1.40995993995e-05 -0.0357952277597
27.4889357189 1.39737798234e-05 -0.0357163545318
27.551767572 1.38493590299e-05 -0.0356378217396
27.6145994251 1.37263184522e-05 -0.0355596272253
27.6774312781 1.36046398094e-05 -0.0354817688493
27.7402631312 1.34843051015e-05 -0.0354042444897
27.8030949843 1.33652966047e-05 -0.0353270520428
27.8659268373 1.32475968664e-05 -0.0352501894221
27.9287586904 1.31311887006e-05 -0.0351736545587
27.9915905435 1.30160551831e-05 -0.0350974454011
28.0544223966 1.29021796472e-05 -0.0350215599144
28.1172542496 1.27895456789e-05 -0.0349459960805
28.1800861027 1.26781371127e-05 -0.0348707518953
28.2429179558 1.25679380271e-05 -0.0347958253708
28.3057498088 1.24589327407e-05 -0.0347212145354
28.3685816619 1.23511058083e-05 -0.0346469174338
28.431413515 1.22444420166e-05 -0.0345729321268
28.4942453681 1.21389263801e-05 -0.034499256691
28.5570772211 1.20345441377e-05 -0.0344258892189
28.6199090742 1.19312807482e-05 -0.0343528278184
28.6827409273 1.18291218873e-05 -0.0342800706132
28.7455727803 1.17280534435e-05 -0.0342076157418
28.8084046334 1.16280615145e-05 -0.0341354613581
28.8712364865 1.15291324038e-05 -0.0340636056306
28.9340683396 1.14312526168e-05 -0.0339920467404
28.9969001926 1.1334408858e-05 -0.0339207828831
29.0597320457 1.12385880274e-05 -0.0338498122686
29.1225638988 1.11437772173e-05 -0.0337791331216
29.1853957518 1.10499637091e-05 -0.0337087436807
29.2482276049 1.09571349701e-05 -0.0336386421988
29.311059458 1.08652786504e-05 -0.0335688269428
29.3738913111 1.07743825802e-05 -0.0334992961935
29.4367231641 1.06844347662e-05 -0.0334300482454
29.4995550172 1.05954233892e-05 -0.0333610814063
29.5623868703 1.05073368009e-05 -0.0332923939975
29.6252187234 1.04201635212e-05 -0.0332239843516
29.6880505764 1.03338922354e-05 -0.033155850814
29.7508824295 1.02485117915e-05 -0.0330879917432
29.8137142826 1.01640111978e-05 -0.0330204055108
29.8765461356 1.00803796198e-05 -0.0329530905011
29.9393779887 9.99760637823e-06 -0.0328860451111
30.0022098418 9.91568094597e-06 -0.0328192677506
30.0650416949 9.83459294596e-06 -0.0327527568415
30.1278735479 9.7543321486e-06 -0.0326865108183
30.190705401 9.67488846941e-06 -0.0326205281277
30.2535372541 9.59625196668e-06 -0.0325548072284
30.3163691071 9.51841283914e-06 -0.0324893465911
30.3792009602 9.44136142375e-06 -0.0324241446981
30.4420328133 9.36508819333e-06 -0.0323592000418
30.5048646664 9.28958375453e-06 -0.0322945111259
30.5676965194 9.21483884568e-06 -0.0322300764659
30.6305283725 9.14084433472e-06 -0.0321658945883
30.6933602256 9.06759121707e-06 -0.0321019640315
30.7561920786 8.9950706137e-06 -0.0320382833446
30.8190239317 8.92327376904e-06 -0.0319748510881
30.8818557848 8.85219204912e-06 -0.0319116658335
30.9446876379 8.78181693956e-06 -0.0318487261632
31.0075194909 8.71214004376e-06 -0.0317860306705
31.070351344 8.64315308098e-06 -0.0317235779591
31.1331831971 8.57484788456e-06 -0.0316613666433
31.1960150501 8.50721640006e-06 -0.0315993953465
31.2588469032 8.44025068357e-06 -0.0315376627025
31.3216787563 8.37394289999e-06 -0.0314761673551
31.3845106094 8.30828532132e-06 -0.0314149079585
31.4473424624 8.24327032502e-06 -0.031353883177
31.5101743155 8.17889039235e-06 -0.031293091685
31.5730061686 8.11513810678e-06 -0.0312325321668
31.6358380216 8.0520061524e-06 -0.0311722033166
31.6986698747 7.98948731235e-06 -0.0311121038383
31.7615017278 7.92757446732e-06 -0.0310522324456
31.8243335809 7.86626059403e-06 -0.0309925878616
31.8871654339 7.80553876378e-06 -0.030933168819
31.949997287 7.74540214094e-06 -0.0308739740598
32.0128291401 7.68584398158e-06 -0.0308150023338
32.0756609932 7.62685763202e-06 -0.0307562524003
32.1384928462 7.56843652753e-06 -0.0306977230272
32.2013246993 7.51057419094e-06 -0.0306394129919
32.2641565524 7.4532642313e-06 -0.0305813210808
32.3269884054 7.39650034262e-06 -0.030523446089
32.3898202585 7.34027630253e-06 -0.0304657868206
32.4526521116 7.28458597106e-06 -0.0304083420884
32.5154839647 7.22942328938e-06 -0.0303511107138
32.5783158177 7.17478227857e-06 -0.0302940915271
32.6411476708 7.12065703843e-06 -0.0302372833669
32.7039795239 7.06704174633e-06 -0.0301806850802
32.7668113769 7.01393065596e-06 -0.0301242955222
32.82964323 6.9613180963e-06 -0.0300681135555
32.8924750831 6.9091984704e-06 -0.0300121380508
32.9553069362 6.85756625436e-06 -0.0299563678869
33.0181387892 6.8064159962e-06 -0.0299008019506
33.0809706423 6.75574231482e-06 -0.0298454391368
33.1438024954 6.70553989892e-06 -0.0297902783484
33.2066343484 6.65580350601e-06 -0.0297353184961
33.2694662015 6.60652796137e-06 -0.0296805584984
33.3322980546 6.55770815706e-06 -0.0296259972815
33.3951299077 6.50933905091e-06 -0.0295716337795
33.4579617607 6.46141566562e-06 -0.0295174669338
33.5207936138 6.41393308774e-06 -0.0294634956935
33.5836254669 6.36688646677e-06 -0.0294097190149
33.6464573199 6.32027101427e-06 -0.0293561358609
33.709289173 6.27408200288e-06 -0.0293027452016
33.7721210261 6.22831476552e-06 -0.0292495460143
33.8349528792 6.18296469446e-06 -0.0291965372836
33.8977847322 6.13802724049e-06 -0.0291437180012
33.9606165853 6.09349791203e-06 -0.0290910871659
34.0234484384 6.04937227438e-06 -0.0290386437836
34.0862802914 6.00564594881e-06 -0.0289863868671
34.1491121445 5.96231461181e-06 -0.0289343154361
34.2119439976 5.91937399427e-06 -0.0288824285173
34.2747758507 5.87681988074e-06 -0.0288307251438
34.3376077037 5.83464810862e-06 -0.028779204356
34.4004395568 5.7928545674e-06 -0.0287278652005
34.4632714099 5.75143519797e-06 -0.0286767067306
34.526103263 5.71038599185e-06 -0.0286257280052
34.588935116 5.66970299048e-06 -0.0285749280899
34.6517669691 5.62938228451e-06 -0.0285243060565
34.7145988222 5.58942001311e-06 -0.0284738609831
34.7774306752 5.54981236327e-06 -0.0284235919546
34.8402625283 5.51055556915e-06 -0.0283734980616
34.9030943814 5.47164591139e-06 -0.0283235784014
34.9659262345 5.43307971646e-06 -0.0282738320774
35.0287580875 5.39485335605e-06 -0.0282242581989
35.0915899406 5.35696324637e-06 -0.0281748558816
35.1544217937 5.31940584761e-06 -0.0281256242469
35.2172536467 5.28217766326e-06 -0.0280765624225
35.2800854998 5.24527523952e-06 -0.0280276695419
35.3429173529 5.20869516474e-06 -0.0279789447441
35.405749206 5.17243406881e-06 -0.0279303871738
35.468581059 5.13648862258e-06 -0.0278819959811
35.5314129121 5.10085553732e-06 -0.0278337703217
35.5942447652 5.06553156411e-06 -0.0277857093572
35.6570766182 5.03051349334e-06 -0.0277378122548
35.7199084713 4.99579815416e-06 -0.0276900781873
35.7827403244 4.96138241391e-06 -0.027642506333
35.8455721775 4.92726317763e-06 -0.0275950958758
35.9084040305 4.89343738756e-06 -0.0275478460049
35.9712358836 4.85990202256e-06 -0.0275007559152
36.0340677367 4.8266540977e-06 -0.0274538248066
36.0968995897 4.79369066369e-06 -0.0274070518846
36.1597314428 4.76100880646e-06 -0.0273604363599
36.2225632959 4.72860564661e-06 -0.0273139774483
36.285395149 4.69647833903e-06 -0.0272676743701
36.348227002 4.66462407236e-06 -0.027221526351
36.4110588551 4.63304006858e-06 -0.0271755326216
36.4738907082 4.60172358253e-06 -0.0271296924175
36.5367225612 4.57067190146e-06 -0.0270840049796
36.5995544143 4.53988234464e-06 -0.0270384695534
36.6623862674 4.50935226287e-06 -0.0269930853897
36.7252181205 4.47907903812e-06 -0.0269478517441
36.7880499735 4.44906008304e-06 -0.026902767877
36.8508818266 4.41929284062e-06 -0.0268578330537
36.9137136797 4.38977478374e-06 -0.0268130465443
36.9765455328 4.36050341479e-06 -0.0267684076237
37.0393773858 4.33147626527e-06 -0.0267239155713
37.1022092389 4.30269089542e-06 -0.0266795696713
37.165041092 4.27414489381e-06 -0.0266353692126
37.227872945 4.24583587701e-06 -0.026591313488
37.2907047981 4.21776148919e-06 -0.026547401795
37.3535366512 4.18991940176e-06 -0.0265036334353
37.4163685043 4.16230731299e-06 -0.0264600077154
37.4792003573 4.13492294772e-06 -0.0264165239461
37.5420322104 4.10776405692e-06 -0.0263731814428
37.6048640635 4.08082841742e-06 -0.0263299795251
37.6676959165 4.05411383154e-06 -0.026286917517
37.7305277696 4.02761812677e-06 -0.0262439947469
37.7933596227 4.00133915542e-06 -0.0262012105475
37.8561914758 3.97527479433e-06 -0.0261585642556
37.9190233288 3.94942294451e-06 -0.0261160552123
37.9818551819 3.92378153087e-06 -0.026073682763
38.044687035 3.89834850187e-06 -0.0260314462571
38.107518888 3.87312182926e-06 -0.025989345048
38.1703507411 3.84809950774e-06 -0.025947378493
38.2331825942 3.82327955471e-06 -0.0259055459533
38.2960144473 3.79866000993e-06 -0.0258638467938
38.3588463003 3.77423893524e-06 -0.025822280384
38.4216781534 3.7500144143e-06 -0.0257808460968
38.4845100065 3.72598455228e-06 -0.0257395433094
38.5473418595 3.70214747563e-06 -0.0256983714027
38.6101737126 3.67850133174e-06 -0.0256573297616
38.6730055657 3.65504428872e-06 -0.0256164177749
38.7358374188 3.63177453515e-06 -0.0255756348349
38.7986692718 3.60869027977e-06 -0.0255349803381
38.8615011249 3.58578975126e-06 -0.0254944536845
38.924332978 3.56307119797e-06 -0.0254540542778
38.987164831 3.5405328877e-06 -0.0254137815255
39.0499966841 3.5181731074e-06 -0.0253736348388
39.1128285372 3.49599016299e-06 -0.0253336136325
39.1756603903 3.4739823791e-06 -0.0252937173244
39.2384922433 3.45214809882e-06 -0.025253945336
39.3013240964 3.43048568349e-06 -0.0252142970925
39.3641559495 3.40899351245e-06 -0.0251747720223
39.4269878026 3.38766998282e-06 -0.0251353695577
39.4898196556 3.36651350927e-06 -0.0250960891341
39.5526515087 3.34552252383e-06 -0.0250569301906
39.6154833618 3.32469547563e-06 -0.0250178921697
39.6783152148 3.30403083073e-06 -0.0249789745172
39.7411470679 3.28352707188e-06 -0.0249401766823
39.803978921 3.26318269832e-06 -0.0249014981178
39.8668107741 3.24299622559e-06 -0.0248629382794
39.9296426271 3.22296618531e-06 -0.0248244966264
39.9924744802 3.20309112498e-06 -0.0247861726213
40.0553063333 3.1833696078e-06 -0.0247479657298
40.1181381863 3.16380021248e-06 -0.0247098754209
40.1809700394 3.14438153304e-06 -0.0246719011663
40.2438018925 3.12511217864e-06 -0.0246340424411
40.3066337456 3.10599077334e-06 -0.0245962987233
40.3694655986 3.087015956e-06 -0.0245586694941
40.4322974517 3.06818638001e-06 -0.024521154238
40.4951293048 3.04950071319e-06 -0.0244837524423
40.5579611578 3.03095763755e-06 -0.0244464635975
40.6207930109 3.01255584917e-06 -0.0244092871972
40.683624864 2.99429405799e-06 -0.024372222738
40.7464567171 2.97617098767e-06 -0.0243352697194
40.8092885701 2.95818537538e-06 -0.024298427644
40.8721204232 2.94033597172e-06 -0.0242616960173
40.9349522763 2.92262154046e-06 -0.0242250743476
40.9977841293 2.90504085844e-06 -0.0241885621464
41.0606159824 2.88759271542e-06 -0.0241521589278
41.1234478355 2.87027591388e-06 -0.0241158642089
41.1862796886 2.85308926892e-06 -0.0240796775093
41.2491115416 2.83603160807e-06 -0.0240435983514
41.3119433947 2.81910177117e-06 -0.0240076262604
41.3747752478 2.80229861019e-06 -0.0239717607643
41.4376071008 2.78562098911e-06 -0.0239360013939
41.5004389539 2.76906778375e-06 -0.0239003476827
41.563270807 2.75263788168e-06 -0.023864799167
41.6261026601 2.736330182e-06 -0.0238293553856
41.6889345131 2.72014359529e-06 -0.0237940158802
41.7517663662 2.70407704341e-06 -0.0237587801951
41.8145982193 2.68812945941e-06 -0.0237236478773
41.8774300724 2.67229978736e-06 -0.0236886184764
41.9402619254 2.65658698224e-06 -0.0236536915445
42.0030937785 2.64099000982e-06 -0.0236188666364
42.0659256316 2.62550784651e-06 -0.0235841433096
42.1287574846 2.61013947927e-06 -0.0235495211238
42.1915893377 2.59488390544e-06 -0.0235149996414
42.2544211908 2.57974013268e-06 -0.0234805784273
42.3172530439 2.56470717878e-06 -0.0234462570485
42.3800848969 2.54978407161e-06 -0.0234120350747
42.44291675 2.53496984895e-06 -0.023377912078
42.5057486031 2.5202635584e-06 -0.023343887633
42.5685804561 2.50566425723e-06 -0.0233099613165
42.6314123092 2.49117101234e-06 -0.0232761327081
42.6942441623 2.47678290006e-06 -0.0232424013896
42.7570760154 2.4624990061e-06 -0.023208766945
42.8199078684 2.44831842544e-06 -0.0231752289611
42.8827397215 2.43424026219e-06 -0.0231417870266
42.9455715746 2.42026362951e-06 -0.0231084407328
43.0084034276 2.4063876495e-06 -0.0230751896732
43.0712352807 2.39261145309e-06 -0.0230420334437
43.1340671338 2.37893417995e-06 -0.0230089716423
43.1968989869 2.36535497839e-06 -0.0229760038695
43.2597308399 2.35187300526e-06 -0.0229431297279
43.322562693 2.33848742584e-06 -0.0229103488221
43.3853945461 2.32519741377e-06 -0.0228776607589
43.4482263991 2.31200215093e-06 -0.0228450651473
43.5110582522 2.29890082738e-06 -0.0228125615986
43.5738901053 2.28589264119e-06 -0.0227801497261
43.6367219584 2.27297679845e-06 -0.0227478291454
43.6995538114 2.2601525131e-06 -0.0227155994742
43.7623856645 2.24741900687e-06 -0.0226834603322
43.8252175176 2.23477550921e-06 -0.0226514113415
43.8880493706 2.22222125717e-06 -0.0226194521261
43.9508812237 2.20975549533e-06 -0.0225875823121
44.0137130768 2.19737747573e-06 -0.0225558015276
44.0765449299 2.18508645774e-06 -0.022524109403
44.1393767829 2.17288170803e-06 -0.0224925055706
44.202208636 2.16076250047e-06 -0.0224609896646
44.2650404891 2.14872811604e-06 -0.0224295613213
44.3278723422 2.13677784275e-06 -0.0223982201793
44.3907041952 2.12491097558e-06 -0.0223669658786
44.4535360483 2.1131268164e-06 -0.0223357980615
44.5163679014 2.10142467387e-06 -0.0223047163719
44.5791997544 2.0898038634e-06 -0.0222737204558
44.6420316075 2.07826370703e-06 -0.0222428099612
44.7048634606 2.06680353341e-06 -0.0222119845379
44.7676953137 2.05542267767e-06 -0.0221812438376
44.8305271667 2.0441204814e-06 -0.0221505875139
44.8933590198 2.03289629252e-06 -0.0221200152225
44.9561908729 2.02174946528e-06 -0.0220895266206
45.0190227259 2.01067936013e-06 -0.0220591213676
45.081854579 1.99968534369e-06 -0.0220287991245
45.1446864321 1.98876678867e-06 -0.0219985595543
45.2075182852 1.97792307377e-06 -0.0219684023217
45.2703501382 1.9671535837e-06 -0.0219383270933
45.3331819913 1.95645770902e-06 -0.0219083335374
45.3960138444 1.94583484613e-06 -0.0218784213242
45.4588456974 1.9352843972e-06 -0.0218485901257
45.5216775505 1.92480577008e-06 -0.0218188396154
45.5845094036 1.91439837829e-06 -0.0217891694686
45.6473412567 1.90406164093e-06 -0.0217595793623
45.7101731097 1.89379498259e-06 -0.0217300689751
45.7730049628 1.88359783333e-06 -0.0217006379875
45.8358368159 1.87346962863e-06 -0.0216712860816
45.8986686689 1.86340980929e-06 -0.0216420129412
45.961500522 1.85341782138e-06 -0.0216128182518
46.0243323751 1.84349311621e-06 -0.0215837017005
46.0871642282 1.83363515026e-06 -0.0215546629762
46.1499960812 1.82384338512e-06 -0.0215257017692
46.2128279343 1.81411728745e-06 -0.0214968177718
46.2756597874 1.80445632888e-06 -0.0214680106777
46.3384916404 1.79485998603e-06 -0.0214392801821
46.4013234935 1.78532774039e-06 -0.0214106259821
46.4641553466 1.77585907832e-06 -0.0213820477763
46.5269871997 1.76645349096e-06 -0.0213535452646
46.5898190527 1.75711047418e-06 -0.0213251181489
46.6526509058 1.74782952856e-06 -0.0212967661325
46.7154827589 1.73861015933e-06 -0.02126848892
46.778314612 1.72945187631e-06 -0.0212402862178
46.841146465 1.72035419385e-06 -0.0212121577335
46.9039783181 1.71131663084e-06 -0.0211841031765
46.9668101712 1.70233871057e-06 -0.0211561222574
47.0296420242 1.69341996077e-06 -0.0211282146887
47.0924738773 1.6845599135e-06 -0.0211003801839
47.1553057304 1.67575810516e-06 -0.0210726184585
47.2181375835 1.66701407637e-06 -0.0210449292291
47.2809694365 1.65832737202e-06 -0.0210173122139
47.3438012896 1.64969754114e-06 -0.0209897671327
47.4066331427 1.6411241369e-06 -0.0209622937064
47.4694649957 1.63260671657e-06 -0.0209348916577
47.5322968488 1.62414484146e-06 -0.0209075607104
47.5951287019 1.61573807688e-06 -0.0208803005901
47.657960555 1.60738599211e-06 -0.0208531110236
47.720792408 1.59908816034e-06 -0.0208259917389
47.7836242611 1.59084415865e-06 -0.0207989424658
47.8464561142 1.58265356796e-06 -0.0207719629352
47.9092879672 1.57451597299e-06 -0.0207450528795
47.9721198203 1.56643096222e-06 -0.0207182120322
48.0349516734 1.55839812786e-06 -0.0206914401283
48.0977835265 1.55041706582e-06 -0.0206647369041
48.1606153795 1.54248737561e-06 -0.0206381020973
48.2234472326 1.53460866041e-06 -0.0206115354468
48.2862790857 1.52678052692e-06 -0.0205850366928
48.3491109387 1.51900258539e-06 -0.0205586055771
48.4119427918 1.51127444959e-06 -0.0205322418426
48.4747746449 1.50359573672e-06 -0.0205059452334
48.537606498 1.49596606743e-06 -0.0204797154951
48.600438351 1.48838506575e-06 -0.0204535523744
48.6632702041 1.48085235908e-06 -0.0204274556195
48.7261020572 1.47336757812e-06 -0.0204014249797
48.7889339102 1.46593035688e-06 -0.0203754602055
48.8517657633 1.45854033263e-06 -0.020349561049
48.9145976164 1.45119714584e-06 -0.020323727263
48.9774294695 1.44390044019e-06 -0.020297958602
49.0402613225 1.43664986251e-06 -0.0202722548216
49.1030931756 1.42944506276e-06 -0.0202466156784
49.1659250287 1.422285694e-06 -0.0202210409304
49.2287568818 1.41517141236e-06 -0.0201955303366
49.2915887348 1.40810187699e-06 -0.0201700836574
49.3544205879 1.40107675005e-06 -0.0201447006542
49.417252441 1.39409569666e-06 -0.0201193810896
49.480084294 1.38715838491e-06 -0.0200941247274
49.5429161471 1.38026448578e-06 -0.0200689313328
49.6057480002 1.37341367313e-06 -0.0200438006717
49.6685798533 1.36660562369e-06 -0.0200187325116
49.7314117063 1.359840017e-06 -0.0199937266208
49.7942435594 1.35311653541e-06 -0.0199687827691
49.8570754125 1.34643486404e-06 -0.019943900727
49.9199072655 1.33979469075e-06 -0.0199190802666
49.9827391186 1.33319570611e-06 -0.0198943211608
50.0455709717 1.32663760338e-06 -0.0198696231837
50.1084028248 1.32012007849e-06 -0.0198449861104
50.1712346778 1.31364282999e-06 -0.0198204097174
50.2340665309 1.30720555905e-06 -0.019795893782
50.296898384 1.30080796943e-06 -0.0197714380827
50.359730237 1.29444976743e-06 -0.019747042399
50.4225620901 1.2881306619e-06 -0.0197227065116
50.4853939432 1.28185036419e-06 -0.0196984302021
50.5482257963 1.27560858813e-06 -0.0196742132532
50.6110576493 1.26940505004e-06 -0.0196500554485
50.6738895024 1.26323946865e-06 -0.0196259565728
50.7367213555 1.25711156508e-06 -0.019601916412
50.7995532085 1.25102106289e-06 -0.0195779347529
50.8623850616 1.24496768796e-06 -0.0195540113833
50.9252169147 1.23895116853e-06 -0.0195301460922
50.9880487678 1.23297123515e-06 -0.0195063386694
51.0508806208 1.22702762067e-06 -0.0194825889059
51.1137124739 1.22112006022e-06 -0.0194588965936
51.176544327 1.21524829116e-06 -0.0194352615254
51.23937618 1.2094120531e-06 -0.0194116834953
51.3022080331 1.20361108786e-06 -0.0193881622981
51.3650398862 1.19784513942e-06 -0.0193646977297
51.4278717393 1.19211395395e-06 -0.0193412895871
51.4907035923 1.18641727976e-06 -0.0193179376681
51.5535354454 1.18075486728e-06 -0.0192946417714
51.6163672985 1.17512646903e-06 -0.0192714016967
51.6791991516 1.16953183963e-06 -0.0192482172449
51.7420310046 1.16397073578e-06 -0.0192250882175
51.8048628577 1.15844291619e-06 -0.0192020144169
51.8676947108 1.15294814163e-06 -0.0191789956467
51.9305265638 1.14748617483e-06 -0.0191560317112
51.9933584169 1.14205678055e-06 -0.0191331224157
52.05619027 1.13665972549e-06 -0.0191102675664
52.1190221231 1.13129477831e-06 -0.0190874669705
52.1818539761 1.12596170958e-06 -0.019064720436
52.2446858292 1.1206602918e-06 -0.0190420277719
52.3075176823 1.11539029936e-06 -0.0190193887879
52.3703495353 1.11015150851e-06 -0.0189968032949
52.4331813884 1.10494369737e-06 -0.0189742711045
52.4960132415 1.0997666459e-06 -0.0189517920291
52.5588450946 1.09462013588e-06 -0.0189293658823
52.6216769476 1.08950395087e-06 -0.0189069924781
52.6845088007 1.08441787626e-06 -0.0188846716318
52.7473406538 1.07936169918e-06 -0.0188624031594
52.8101725068 1.07433520853e-06 -0.0188401868777
52.8730043599 1.06933819493e-06 -0.0188180226044
52.935836213 1.06437045073e-06 -0.0187959101581
52.9986680661 1.05943177e-06 -0.0187738493581
53.0614999191 1.05452194848e-06 -0.0187518400245
53.1243317722 1.04964078359e-06 -0.0187298819785
53.1871636253 1.04478807442e-06 -0.0187079750417
53.2499954783 1.03996362169e-06 -0.0186861190369
53.3128273314 1.03516722774e-06 -0.0186643137874
53.3756591845 1.03039869654e-06 -0.0186425591175
53.4384910376 1.02565783364e-06 -0.0186208548524
53.5013228906 1.02094444618e-06 -0.0185992008179
53.5641547437 1.01625834288e-06 -0.0185775968406
53.6269865968 1.01159933398e-06 -0.0185560427481
53.6898184498 1.00696723128e-06 -0.0185345383686
53.7526503029 1.00236184811e-06 -0.0185130835312
53.815482156 9.97782999289e-07 -0.0184916780658
53.8783140091 9.93230501146e-07 -0.0184703218028
53.9411458621 9.88704171489e-07 -0.0184490145738
54.0039777152 9.84203829594e-07 -0.0184277562109
54.0668095683 9.79729296191e-07 -0.0184065465469
54.1296414214 9.75280393454e-07 -0.0183853854157
54.1924732744 9.70856944981e-07 -0.0183642726516
54.2553051275 9.66458775791e-07 -0.0183432080899
54.3181369806 9.620857123e-07 -0.0183221915664
54.3809688336 9.57737582317e-07 -0.0183012229178
54.4438006867 9.53414215029e-07 -0.0182803019816
54.5066325398 9.4911544099e-07 -0.0182594285957
54.5694643929 9.44841092104e-07 -0.0182386025991
54.6322962459 9.40591001614e-07 -0.0182178238312
54.695128099 9.36365004091e-07 -0.0181970921323
54.7579599521 9.32162935422e-07 -0.0181764073434
54.8207918051 9.27984632795e-07 -0.0181557693063
54.8836236582 9.23829934691e-07 -0.0181351778632
54.9464555113 9.19698680871e-07 -0.0181146328575
55.0092873644 9.15590712363e-07 -0.0180941341328
55.0721192174 9.11505871452e-07 -0.0180736815337
55.1349510705 9.07444001668e-07 -0.0180532749054
55.1977829236 9.03404947778e-07 -0.0180329140939
55.2606147766 8.99388555767e-07 -0.0180125989456
55.3234466297 8.95394672835e-07 -0.017992329308
55.3862784828 8.91423147384e-07 -0.017972105029
55.4491103359 8.87473829005e-07 -0.0179519259571
55.5119421889 8.83546568468e-07 -0.0179317919418
55.574774042 8.79641217713e-07 -0.017911702833
55.6376058951 8.7575762984e-07 -0.0178916584812
55.7004377481 8.71895659094e-07 -0.017871658738
55.7632696012 8.68055160862e-07 -0.0178517034551
55.8261014543 8.64235991659e-07 -0.0178317924852
55.8889333074 8.60438009121e-07 -0.0178119256814
55.9517651604 8.56661071989e-07 -0.0177921028977
56.0145970135 8.52905040103e-07 -0.0177723239885
56.0774288666 8.49169774393e-07 -0.0177525888089
56.1402607196 8.45455136867e-07 -0.0177328972148
56.2030925727 8.41760990599e-07 -0.0177132490625
56.2659244258 8.38087199728e-07 -0.017693644209
56.3287562789 8.34433629439e-07 -0.0176740825122
56.3915881319 8.30800145961e-07 -0.0176545638301
56.454419985 8.27186616552e-07 -0.0176350880217
56.5172518381 8.23592909495e-07 -0.0176156549466
56.5800836912 8.20018894087e-07 -0.0175962644649
56.6429155442 8.16464440627e-07 -0.0175769164374
56.7057473973 8.12929420414e-07 -0.0175576107253
56.7685792504 8.09413705731e-07 -0.0175383471906
56.8314111034 8.05917169842e-07 -0.0175191256959
56.8942429565 8.0243968698e-07 -0.0174999461044
56.9570748096 7.98981132339e-07 -0.0174808082797
57.0199066627 7.95541382069e-07 -0.0174617120863
57.0827385157 7.92120313262e-07 -0.0174426573889
57.1455703688 7.88717803947e-07 -0.0174236440532
57.2084022219 7.85333733084e-07 -0.0174046719452
57.2712340749 7.81967980555e-07 -0.0173857409315
57.334065928 7.78620427154e-07 -0.0173668508793
57.3968977811 7.75290954579e-07 -0.0173480016564
57.4597296342 7.71979445427e-07 -0.017329193131
57.5225614872 7.68685783182e-07 -0.0173104251721
57.5853933403 7.65409852211e-07 -0.0172916976491
57.6482251934 7.62151537753e-07 -0.017273010432
57.7110570464 7.58910725914e-07 -0.0172543633914
57.7738888995 7.55687303659e-07 -0.0172357563984
57.8367207526 7.52481158802e-07 -0.0172171893246
57.8995526057 7.49292180005e-07 -0.0171986620424
57.9623844587 7.46120256763e-07 -0.0171801744244
58.0252163118 7.42965279404e-07 -0.017161726344
58.0880481649 7.39827139074e-07 -0.0171433176749
58.1508800179 7.3670572774e-07 -0.0171249482916
58.213711871 7.33600938171e-07 -0.017106618069
58.2765437241 7.30512663943e-07 -0.0170883268825
58.3393755772 7.27440799424e-07 -0.0170700746081
58.4022074302 7.24385239771e-07 -0.0170518611222
58.4650392833 7.2134588092e-07 -0.017033686302
58.5278711364 7.18322619585e-07 -0.0170155500249
58.5907029894 7.15315353245e-07 -0.0169974521689
58.6535348425 7.12323980143e-07 -0.0169793926127
58.7163666956 7.09348399277e-07 -0.0169613712352
58.7791985487 7.06388510396e-07 -0.0169433879161
58.8420304017 7.03444213988e-07 -0.0169254425353
58.9048622548 7.0051541128e-07 -0.0169075349734
58.9676941079 6.97602004229e-07 -0.0168896651114
59.030525961 6.94703895512e-07 -0.016871832831
59.093357814 6.91820988528e-07 -0.0168540380141
59.1561896671 6.88953187384e-07 -0.0168362805432
59.2190215202 6.86100396893e-07 -0.0168185603015
59.2818533732 6.83262522571e-07 -0.0168008771724
59.3446852263 6.80439470623e-07 -0.0167832310398
59.4075170794 6.77631147944e-07 -0.0167656217884
59.4703489325 6.74837462112e-07 -0.016748049303
59.5331807855 6.72058321378e-07 -0.0167305134692
59.5960126386 6.6929363467e-07 -0.0167130141727
59.6588444917 6.66543311574e-07 -0.0166955513
59.7216763447 6.6380726234e-07 -0.016678124738
59.7845081978 6.61085397872e-07 -0.016660734374
59.8473400509 6.58377629721e-07 -0.0166433800957
59.910171904 6.55683870081e-07 -0.0166260617915
59.973003757 6.53004031786e-07 -0.01660877935
60.0358356101 6.50338028301e-07 -0.0165915326604
60.0986674632 6.4768577372e-07 -0.0165743216123
60.1614993162 6.45047182758e-07 -0.0165571460959
60.2243311693 6.42422170748e-07 -0.0165400060016
60.2871630224 6.39810653638e-07 -0.0165229012203
60.3499948755 6.37212547981e-07 -0.0165058316435
60.4128267285 6.34627770932e-07 -0.016488797163
60.4756585816 6.32056240243e-07 -0.016471797671
60.5384904347 6.29497874259e-07 -0.0164548330604
60.6013222877 6.2695259191e-07 -0.0164379032242
60.6641541408 6.24420312712e-07 -0.016421008056
60.7269859939 6.21900956753e-07 -0.0164041474499
60.789817847 6.193944447e-07 -0.0163873213003
60.8526497 6.16900697784e-07 -0.0163705295021
60.9154815531 6.14419637801e-07 -0.0163537719506
60.9783134062 6.11951187105e-07 -0.0163370485416
61.0411452592 6.09495268605e-07 -0.0163203591712
61.1039771123 6.07051805761e-07 -0.016303703736
61.1668089654 6.04620722576e-07 -0.016287082133
61.2296408185 6.02201943595e-07 -0.0162704942596
61.2924726715 5.99795393899e-07 -0.0162539400136
61.3553045246 5.97400999103e-07 -0.0162374192934
61.4181363777 5.95018685349e-07 -0.0162209319974
61.4809682308 5.926483793e-07 -0.0162044780249
61.5438000838 5.90290008141e-07 -0.0161880572752
61.6066319369 5.87943499572e-07 -0.0161716696482
61.66946379 5.85608781803e-07 -0.0161553150443
61.732295643 5.83285783552e-07 -0.016138993364
61.7951274961 5.80974434041e-07 -0.0161227045084
61.8579593492 5.78674662989e-07 -0.0161064483789
61.9207912023 5.76386400613e-07 -0.0160902248774
61.9836230553 5.74109577618e-07 -0.0160740339061
62.0464549084 5.71844125197e-07 -0.0160578753676
62.1092867615 5.69589975025e-07 -0.0160417491648
62.1721186145 5.67347059257e-07 -0.0160256552013
62.2349504676 5.65115310523e-07 -0.0160095933806
62.2977823207 5.62894661923e-07 -0.0159935636071
62.3606141738 5.60685047026e-07 -0.0159775657851
62.4234460268 5.58486399866e-07 -0.0159615998197
62.4862778799 5.56298654933e-07 -0.0159456656161
62.549109733 5.54121747178e-07 -0.0159297630799
62.611941586 5.51955612002e-07 -0.0159138921172
62.6747734391 5.49800185256e-07 -0.0158980526345
62.7376052922 5.47655403238e-07 -0.0158822445384
62.8004371453 5.45521202686e-07 -0.0158664677361
62.8632689983 5.43397520778e-07 -0.0158507221352
62.9261008514 5.41284295127e-07 -0.0158350076435
62.9889327045 5.39181463777e-07 -0.0158193241692
63.0517645575 5.37088965202e-07 -0.0158036716209
63.1145964106 5.35006738298e-07 -0.0157880499076
63.1774282637 5.32934722386e-07 -0.0157724589385
63.2402601168 5.30872857203e-07 -0.0157568986235
63.3030919698 5.28821082903e-07 -0.0157413688723
63.3659238229 5.2677934005e-07 -0.0157258695955
63.428755676 5.24747569618e-07 -0.0157104007037
63.491587529 5.22725712989e-07 -0.015694962108
63.5544193821 5.20713711943e-07 -0.0156795537196
63.6172512352 5.18711508661e-07 -0.0156641754505
63.6800830883 5.1671904572e-07 -0.0156488272125
63.7429149413 5.14736266087e-07 -0.0156335089183
63.8057467944 5.12763113124e-07 -0.0156182204804
63.8685786475 5.10799530573e-07 -0.015602961812
63.9314105006 5.08845462565e-07 -0.0155877328266
63.9942423536 5.06900853609e-07 -0.0155725334379
64.0570742067 5.04965648593e-07 -0.0155573635599
64.1199060598 5.03039792777e-07 -0.0155422231073
64.1827379128 5.01123231796e-07 -0.0155271119946
64.2455697659 4.99215911653e-07 -0.015512030137
64.308401619 4.97317778716e-07 -0.01549697745
64.3712334721 4.95428779717e-07 -0.0154819538492
64.4340653251 4.93548861747e-07 -0.0154669592507
64.4968971782 4.91677972258e-07 -0.0154519935709
64.5597290313 4.89816059054e-07 -0.0154370567266
64.6225608843 4.87963070292e-07 -0.0154221486348
64.6853927374 4.86118954478e-07 -0.0154072692127
64.7482245905 4.84283660465e-07 -0.0153924183782
64.8110564436 4.8245713745e-07 -0.0153775960491
64.8738882966 4.80639334972e-07 -0.0153628021438
64.9367201497 4.78830202908e-07 -0.0153480365808
64.9995520028 4.77029691472e-07 -0.0153332992791
65.0623838558 4.75237751214e-07 -0.0153185901578
65.1252157089 4.73454333013e-07 -0.0153039091365
65.188047562 4.71679388077e-07 -0.015289256135
65.2508794151 4.69912867939e-07 -0.0152746310734
65.3137112681 4.68154724458e-07 -0.015260033872
65.3765431212 4.66404909812e-07 -0.0152454644518
65.4393749743 4.64663376498e-07 -0.0152309227336
65.5022068273 4.62930077329e-07 -0.0152164086388
65.5650386804 4.61204965434e-07 -0.015201922089
65.6278705335 4.59487994249e-07 -0.0151874630061
65.6907023866 4.57779117524e-07 -0.0151730313124
65.7535342396 4.56078289312e-07 -0.0151586269303
65.8163660927 4.54385463973e-07 -0.0151442497827
65.8791979458 4.52700596166e-07 -0.0151298997926
65.9420297988 4.51023640852e-07 -0.0151155768834
66.0048616519 4.4935455329e-07 -0.0151012809788
66.067693505 4.47693289033e-07 -0.0150870120027
66.1305253581 4.46039803928e-07 -0.0150727698794
66.1933572111 4.44394054111e-07 -0.0150585545333
66.2561890642 4.42755996008e-07 -0.0150443658893
66.3190209173 4.41125586332e-07 -0.0150302038725
66.3818527704 4.3950278208e-07 -0.0150160684083
66.4446846234 4.37887540531e-07 -0.0150019594222
66.5075164765 4.36279819243e-07 -0.0149878768402
66.5703483296 4.34679576054e-07 -0.0149738205885
66.6331801826 4.33086769076e-07 -0.0149597905935
66.6960120357 4.31501356698e-07 -0.014945786782
66.7588438888 4.2992329758e-07 -0.014931809081
66.8216757419 4.28352550649e-07 -0.0149178574178
66.8845075949 4.26789075105e-07 -0.0149039317198
66.947339448 4.2523283041e-07 -0.0148900319149
67.0101713011 4.2368377629e-07 -0.0148761579312
67.0730031541 4.22141872734e-07 -0.0148623096969
67.1358350072 4.20607079991e-07 -0.0148484871408
67.1986668603 4.19079358566e-07 -0.0148346901916
67.2614987134 4.17558669223e-07 -0.0148209187785
67.3243305664 4.16044972978e-07 -0.0148071728309
67.3871624195 4.14538231099e-07 -0.0147934522785
67.4499942726 4.13038405107e-07 -0.014779757051
67.5128261256 4.11545456768e-07 -0.0147660870788
67.5756579787 4.10059348097e-07 -0.0147524422922
67.6384898318 4.08580041354e-07 -0.0147388226219
67.7013216849 4.07107499041e-07 -0.0147252279989
67.7641535379 4.05641683902e-07 -0.0147116583542
67.826985391 4.0418255892e-07 -0.0146981136195
67.8898172441 4.02730087316e-07 -0.0146845937263
67.9526490971 4.01284232548e-07 -0.0146710986065
68.0154809502 3.99844958306e-07 -0.0146576281925
68.0783128033 3.98412228515e-07 -0.0146441824165
68.1411446564 3.96986007329e-07 -0.0146307612113
68.2039765094 3.95566259133e-07 -0.0146173645099
68.2668083625 3.94152948538e-07 -0.0146039922453
68.3296402156 3.92746040381e-07 -0.014590644351
68.3924720686 3.91345499726e-07 -0.0145773207605
68.4553039217 3.89951291856e-07 -0.0145640214079
68.5181357748 3.88563382279e-07 -0.0145507462272
68.5809676279 3.87181736719e-07 -0.0145374951527
68.6437994809 3.85806321121e-07 -0.0145242681191
68.706631334 3.84437101642e-07 -0.0145110650612
68.7694631871 3.83074044657e-07 -0.014497885914
68.8322950402 3.81717116752e-07 -0.0144847306128
68.8951268932 3.80366284727e-07 -0.0144715990932
68.9579587463 3.7902151559e-07 -0.0144584912909
69.0207905994 3.77682776557e-07 -0.0144454071419
69.0836224524 3.76350035053e-07 -0.0144323465824
69.1464543055 3.75023258706e-07 -0.014419309549
69.2092861586 3.7370241535e-07 -0.0144062959782
69.2721180117 3.72387473021e-07 -0.0143933058069
69.3349498647 3.71078399955e-07 -0.0143803389724
69.3977817178 3.69775164589e-07 -0.0143673954119
69.4606135709 3.68477735558e-07 -0.0143544750631
69.5234454239 3.67186081693e-07 -0.0143415778637
69.586277277 3.6590017202e-07 -0.0143287037517
69.6491091301 3.6461997576e-07 -0.0143158526655
69.7119409832 3.63345462327e-07 -0.0143030245435
69.7747728362 3.62076601324e-07 -0.0142902193243
69.8376046893 3.60813362547e-07 -0.0142774369469
69.9004365424 3.59555715977e-07 -0.0142646773504
69.9632683954 3.58303631785e-07 -0.0142519404742
70.0261002485 3.57057080326e-07 -0.0142392262577
70.0889321016 3.5581603214e-07 -0.0142265346407
70.1517639547 3.54580457951e-07 -0.0142138655633
70.2145958077 3.53350328666e-07 -0.0142012189655
70.2774276608 3.52125615369e-07 -0.0141885947878
70.3402595139 3.50906289327e-07 -0.0141759929708
70.4030913669 3.49692321983e-07 -0.0141634134553
70.46592322 3.48483684959e-07 -0.0141508561823
70.5287550731 3.4728035005e-07 -0.0141383210929
70.5915869262 3.46082289226e-07 -0.0141258081288
70.6544187792 3.44889474629e-07 -0.0141133172314
70.7172506323 3.43701878576e-07 -0.0141008483426
70.7800824854 3.42519473552e-07 -0.0140884014045
70.8429143384 3.41342232211e-07 -0.0140759763594
70.9057461915 3.40170127377e-07 -0.0140635731496
70.9685780446 3.3900313204e-07 -0.0140511917178
71.0314098977 3.37841219356e-07 -0.0140388320069
71.0942417507 3.36684362646e-07 -0.01402649396
71.1570736038 3.35532535394e-07 -0.0140141775202
71.2199054569 3.34385711246e-07 -0.0140018826311
71.28273731 3.33243864011e-07 -0.0139896092363
71.345569163 3.32106967656e-07 -0.0139773572795
71.4084010161 3.30974996309e-07 -0.013965126705
71.4712328692 3.29847924254e-07 -0.0139529174568
71.5340647222 3.28725725933e-07 -0.0139407294795
71.5968965753 3.27608375943e-07 -0.0139285627176
71.6597284284 3.26495849036e-07 -0.013916417116
71.7225602815 3.25388120118e-07 -0.0139042926196
71.7853921345 3.24285164247e-07 -0.0138921891736
71.8482239876 3.23186956632e-07 -0.0138801067236
71.9110558407 3.22093472634e-07 -0.0138680452149
71.9738876937 3.21004687761e-07 -0.0138560045933
72.0367195468 3.19920577672e-07 -0.0138439848049
72.0995513999 3.18841118172e-07 -0.0138319857956
72.162383253 3.17766285212e-07 -0.0138200075119
72.225215106 3.1669605489e-07 -0.0138080499001
72.2880469591 3.15630403446e-07 -0.0137961129071
72.3508788122 3.14569307264e-07 -0.0137841964795
72.4137106652 3.13512742871e-07 -0.0137723005646
72.4765425183 3.12460686935e-07 -0.0137604251094
72.5393743714 3.11413116263e-07 -0.0137485700614
72.6022062245 3.10370007804e-07 -0.0137367353682
72.6650380775 3.09331338642e-07 -0.0137249209775
72.7278699306 3.08297086e-07 -0.0137131268373
72.7907017837 3.07267227239e-07 -0.0137013528958
72.8535336367 3.06241739854e-07 -0.0136895991011
72.9163654898 3.05220601474e-07 -0.0136778654017
72.9791973429 3.04203789863e-07 -0.0136661517464
73.042029196 3.03191282916e-07 -0.0136544580839
73.104861049 3.02183058663e-07 -0.0136427843632
73.1676929021 3.01179095263e-07 -0.0136311305336
73.2305247552 3.00179371004e-07 -0.0136194965442
73.2933566082 2.99183864305e-07 -0.0136078823447
73.3561884613 2.98192553712e-07 -0.0135962878848
73.4190203144 2.97205417901e-07 -0.0135847131142
73.4818521675 2.96222435672e-07 -0.013573157983
73.5446840205 2.9524358595e-07 -0.0135616224415
73.6075158736 2.94268847789e-07 -0.0135501064399
73.6703477267 2.93298200363e-07 -0.0135386099288
73.7331795798 2.92331622971e-07 -0.0135271328589
73.7960114328 2.91369095034e-07 -0.0135156751811
73.8588432859 2.90410596096e-07 -0.0135042368463
73.921675139 2.89456105819e-07 -0.0134928178057
73.984506992 2.88505603989e-07 -0.0134814180107
74.0473388451 2.87559070508e-07 -0.0134700374128
74.1101706982 2.86616485396e-07 -0.0134586759637
74.1730025513 2.85677828792e-07 -0.0134473336152
74.2358344043 2.84743080951e-07 -0.0134360103192
74.2986662574 2.83812222246e-07 -0.013424706028
74.3614981105 2.8288523316e-07 -0.0134134206939
74.4243299635 2.81962094297e-07 -0.0134021542693
74.4871618166 2.81042786369e-07 -0.0133909067069
74.5499936697 2.80127290204e-07 -0.0133796779594
74.6128255228 2.79215586741e-07 -0.0133684679798
74.6756573758 2.78307657031e-07 -0.0133572767213
74.7384892289 2.77403482234e-07 -0.013346104137
74.801321082 2.76503043623e-07 -0.0133349501804
74.864152935 2.75606322575e-07 -0.0133238148051
74.9269847881 2.74713300581e-07 -0.0133126979648
74.9898166412 2.73823959236e-07 -0.0133015996133
75.0526484943 2.72938280244e-07 -0.0132905197048
75.1154803473 2.72056245414e-07 -0.0132794581933
75.1783122004 2.71177836661e-07 -0.0132684150332
75.2411440535 2.70303036004e-07 -0.0132573901791
75.3039759065 2.69431825568e-07 -0.0132463835854
75.3668077596 2.6856418758e-07 -0.0132353952072
75.4296396127 2.6770010437e-07 -0.0132244249991
75.4924714658 2.6683955837e-07 -0.0132134729165
75.5553033188 2.65982532114e-07 -0.0132025389144
75.6181351719 2.65129008237e-07 -0.0131916229483
75.680967025 2.64278969473e-07 -0.0131807249736
75.743798878 2.63432398658e-07 -0.0131698449461
75.8066307311 2.62589278723e-07 -0.0131589828215
75.8694625842 2.61749592701e-07 -0.0131481385559
75.9322944373 2.6091332372e-07 -0.0131373121052
75.9951262903 2.60080455005e-07 -0.0131265034258
76.0579581434 2.5925096988e-07 -0.013115712474
76.1207899965 2.5842485176e-07 -0.0131049392063
76.1836218496 2.57602084159e-07 -0.0130941835795
76.2464537026 2.56782650683e-07 -0.0130834455503
76.3092855557 2.55966535032e-07 -0.0130727250756
76.3721174088 2.55153721e-07 -0.0130620221127
76.4349492618 2.54344192473e-07 -0.0130513366186
76.4977811149 2.53537933429e-07 -0.0130406685508
76.560612968 2.52734927936e-07 -0.0130300178668
76.6234448211 2.51935160156e-07 -0.0130193845242
76.6862766741 2.51138614336e-07 -0.0130087684808
76.7491085272 2.50345274818e-07 -0.0129981696946
76.8119403803 2.49555126029e-07 -0.0129875881235
76.8747722333 2.48768152487e-07 -0.0129770237259
76.9376040864 2.47984338795e-07 -0.0129664764599
77.0004359395 2.47203669646e-07 -0.0129559462841
77.0632677926 2.46426129817e-07 -0.012945433157
77.1260996456 2.45651704174e-07 -0.0129349370375
77.1889314987 2.44880377666e-07 -0.0129244578843
77.2517633518 2.44112135328e-07 -0.0129139956565
77.3145952048 2.4334696228e-07 -0.0129035503132
77.3774270579 2.42584843725e-07 -0.0128931218136
77.440258911 2.4182576495e-07 -0.0128827101171
77.5030907641 2.41069711323e-07 -0.0128723151833
77.5659226171 2.40316668299e-07 -0.0128619369719
77.6287544702 2.39566621408e-07 -0.0128515754424
77.6915863233 2.38819556268e-07 -0.012841230555
77.7544181763 2.38075458573e-07 -0.0128309022696
77.8172500294 2.373343141e-07 -0.0128205905463
77.8800818825 2.36596108704e-07 -0.0128102953455
77.9429137356 2.3586082832e-07 -0.0128000166276
78.0057455886 2.35128458962e-07 -0.012789754353
78.0685774417 2.34398986722e-07 -0.0127795084825
78.1314092948 2.33672397767e-07 -0.0127692789769
78.1942411478 2.32948678346e-07 -0.012759065797
78.2570730009 2.3222781478e-07 -0.0127488689039
78.319904854 2.3150979347e-07 -0.0127386882588
78.3827367071 2.30794600889e-07 -0.0127285238229
78.4455685601 2.3008222359e-07 -0.0127183755577
78.5084004132 2.29372648195e-07 -0.0127082434246
78.5712322663 2.28665861405e-07 -0.0126981273854
78.6340641194 2.27961849991e-07 -0.0126880274018
78.6968959724 2.27260600801e-07 -0.0126779434357
78.7597278255 2.26562100754e-07 -0.0126678754491
78.8225596786 2.25866336841e-07 -0.0126578234042
78.8853915316 2.25173296125e-07 -0.0126477872632
78.9482233847 2.24482965741e-07 -0.0126377669884
79.0110552378 2.23795332896e-07 -0.0126277625425
79.0738870909 2.23110384865e-07 -0.0126177738879
79.1367189439 2.22428108996e-07 -0.0126078009874
79.199550797 2.21748492704e-07 -0.0125978438039
79.2623826501 2.21071523475e-07 -0.0125879023003
79.3252145031 2.20397188864e-07 -0.0125779764397
79.3880463562 2.19725476494e-07 -0.0125680661852
79.4508782093 2.19056374054e-07 -0.0125581715003
79.5137100624 2.18389869303e-07 -0.0125482923483
79.5765419154 2.17725950068e-07 -0.0125384286927
79.6393737685 2.17064604239e-07 -0.0125285804973
79.7022056216 2.16405819776e-07 -0.0125187477257
79.7650374746 2.15749584703e-07 -0.0125089303418
79.8278693277 2.15095887111e-07 -0.0124991283097
79.8907011808 2.14444715153e-07 -0.0124893415933
79.9535330339 2.13796057049e-07 -0.012479570157
80.0163648869 2.13149901084e-07 -0.012469813965
80.07919674 2.12506235605e-07 -0.0124600729818
80.1420285931 2.11865049022e-07 -0.012450347172
80.2048604461 2.11226329811e-07 -0.0124406365
80.2676922992 2.10590066507e-07 -0.0124309409309
80.3305241523 2.0995624771e-07 -0.0124212604293
80.3933560054 2.0932486208e-07 -0.0124115949602
80.4561878584 2.08695898339e-07 -0.0124019444889
80.5190197115 2.08069345272e-07 -0.0123923089804
80.5818515646 2.07445191721e-07 -0.0123826884001
80.6446834176 2.06823426592e-07 -0.0123730827133
80.7075152707 2.06204038849e-07 -0.0123634918856
80.7703471238 2.05587017515e-07 -0.0123539158827
80.8331789769 2.04972351675e-07 -0.0123443546702
80.8960108299 2.0436003047e-07 -0.0123348082139
80.958842683 2.03750043101e-07 -0.0123252764799
81.0216745361 2.03142378825e-07 -0.0123157594342
81.0845063892 2.02537026961e-07 -0.0123062570428
81.1473382422 2.01933976882e-07 -0.0122967692722
81.2101700953 2.01333218018e-07 -0.0122872960885
81.2730019484 2.00734739858e-07 -0.0122778374583
81.3358338014 2.00138531946e-07 -0.0122683933482
81.3986656545 1.99544583881e-07 -0.0122589637248
81.4614975076 1.9895288532e-07 -0.0122495485548
81.5243293607 1.98363425974e-07 -0.0122401478052
81.5871612137 1.97776195609e-07 -0.012230761443
81.6499930668 1.97191184046e-07 -0.0122213894351
81.7128249199 1.9660838116e-07 -0.0122120317487
81.7756567729 1.96027776881e-07 -0.0122026883511
81.838488626 1.95449361192e-07 -0.0121933592098
81.9013204791 1.94873124129e-07 -0.012184044292
81.9641523322 1.94299055782e-07 -0.0121747435655
82.0269841852 1.93727146293e-07 -0.0121654569978
82.0898160383 1.93157385857e-07 -0.0121561845568
82.1526478914 1.9258976472e-07 -0.0121469262102
82.2154797444 1.9202427318e-07 -0.012137681926
82.2783115975 1.91460901588e-07 -0.0121284516724
82.3411434506 1.90899640345e-07 -0.0121192354173
82.4039753037 1.90340479902e-07 -0.0121100331292
82.4668071567 1.89783410761e-07 -0.0121008447762
82.5296390098 1.89228423475e-07 -0.0120916703269
82.5924708629 1.88675508646e-07 -0.0120825097498
82.6553027159 1.88124656927e-07 -0.0120733630135
82.718134569 1.87575859017e-07 -0.0120642300867
82.7809664221 1.87029105668e-07 -0.0120551109383
82.8437982752 1.86484387679e-07 -0.0120460055371
82.9066301282 1.85941695897e-07 -0.0120369138522
82.9694619813 1.85401021217e-07 -0.0120278358526
83.0322938344 1.84862354582e-07 -0.0120187715075
83.0951256875 1.84325686984e-07 -0.0120097207863
83.1579575405 1.8379100946e-07 -0.0120006836582
83.2207893936 1.83258313096e-07 -0.0119916600928
83.2836212467 1.82727589023e-07 -0.0119826500596
83.3464530997 1.82198828419e-07 -0.0119736535282
83.4092849528 1.8167202251e-07 -0.0119646704684
83.4721168059 1.81147162564e-07 -0.0119557008501
83.534948659 1.80624239897e-07 -0.0119467446431
83.597780512 1.80103245871e-07 -0.0119378018174
83.6606123651 1.79584171892e-07 -0.0119288723431
83.7234442182 1.7906700941e-07 -0.0119199561905
83.7862760712 1.78551749921e-07 -0.0119110533297
83.8491079243 1.78038384965e-07 -0.0119021637312
83.9119397774 1.77526906125e-07 -0.0118932873654
83.9747716305 1.7701730503e-07 -0.0118844242029
84.0376034835 1.76509573349e-07 -0.0118755742141
84.1004353366 1.76003702798e-07 -0.0118667373699
84.1632671897 1.75499685133e-07 -0.0118579136411
84.2260990427 1.74997512154e-07 -0.0118491029985
84.2889308958 1.74497175703e-07 -0.011840305413
84.3517627489 1.73998667665e-07 -0.0118315208559
84.414594602 1.73501979966e-07 -0.0118227492981
84.477426455 1.73007104573e-07 -0.0118139907109
84.5402583081 1.72514033497e-07 -0.0118052450656
84.6030901612 1.72022758787e-07 -0.0117965123336
84.6659220142 1.71533272537e-07 -0.0117877924864
84.7287538673 1.71045566877e-07 -0.0117790854956
84.7915857204 1.70559633981e-07 -0.0117703913327
84.8544175735 1.70075466061e-07 -0.0117617099696
84.9172494265 1.6959305537e-07 -0.011753041378
84.9800812796 1.69112394203e-07 -0.0117443855298
85.0429131327 1.68633474889e-07 -0.011735742397
85.1057449857 1.68156289802e-07 -0.0117271119517
85.1685768388 1.67680831352e-07 -0.0117184941659
85.2314086919 1.67207091988e-07 -0.011709889012
85.294240545 1.66735064198e-07 -0.0117012964621
85.357072398 1.6626474051e-07 -0.0116927164888
85.4199042511 1.65796113486e-07 -0.0116841490644
85.4827361042 1.65329175731e-07 -0.0116755941616
85.5455679573 1.64863919884e-07 -0.0116670517529
85.6083998103 1.64400338623e-07 -0.011658521811
85.6712316634 1.63938424664e-07 -0.0116500043087
85.7340635165 1.63478170757e-07 -0.0116414992189
85.7968953695 1.63019569693e-07 -0.0116330065145
85.8597272226 1.62562614297e-07 -0.0116245261686
85.9225590757 1.62107297431e-07 -0.0116160581542
85.9853909288 1.61653611993e-07 -0.0116076024445
86.0482227818 1.61201550918e-07 -0.0115991590127
86.1110546349 1.60751107176e-07 -0.0115907278323
86.173886488 1.60302273773e-07 -0.0115823088765
86.236718341 1.5985504375e-07 -0.0115739021189
86.2995501941 1.59409410182e-07 -0.011565507533
86.3623820472 1.58965366183e-07 -0.0115571250925
86.4252139003 1.58522904897e-07 -0.011548754771
86.4880457533 1.58082019504e-07 -0.0115403965424
86.5508776064 1.57642703221e-07 -0.0115320503806
86.6137094595 1.57204949296e-07 -0.0115237162593
86.6765413125 1.56768751012e-07 -0.0115153941527
86.7393731656 1.56334101685e-07 -0.0115070840349
86.8022050187 1.55900994668e-07 -0.01149878588
86.8650368718 1.55469423343e-07 -0.0114904996622
86.9278687248 1.55039381127e-07 -0.0114822253559
86.9907005779 1.5461086147e-07 -0.0114739629354
87.053532431 1.54183857855e-07 -0.0114657123753
87.116364284 1.53758363798e-07 -0.0114574736499
87.1791961371 1.53334372846e-07 -0.0114492467339
87.2420279902 1.5291187858e-07 -0.0114410316021
87.3048598433 1.52490874612e-07 -0.0114328282291
87.3676916963 1.52071354586e-07 -0.0114246365897
87.4305235494 1.51653312178e-07 -0.0114164566589
87.4933554025 1.51236741094e-07 -0.0114082884117
87.5561872555 1.50821635075e-07 -0.0114001318229
87.6190191086 1.50407987888e-07 -0.0113919868679
87.6818509617 1.49995793337e-07 -0.0113838535216
87.7446828148 1.49585045252e-07 -0.0113757317594
87.8075146678 1.49175737494e-07 -0.0113676215567
87.8703465209 1.48767863958e-07 -0.0113595228887
87.933178374 1.48361418566e-07 -0.0113514357309
87.9960102271 1.47956395271e-07 -0.0113433600589
88.0588420801 1.47552788057e-07 -0.0113352958482
88.1216739332 1.47150590936e-07 -0.0113272430746
88.1845057863 1.46749797951e-07 -0.0113192017137
88.2473376393 1.46350403174e-07 -0.0113111717413
88.3101694924 1.45952400707e-07 -0.0113031531334
88.3730013455 1.45555784679e-07 -0.0112951458658
88.4358331986 1.45160549251e-07 -0.0112871499145
88.4986650516 1.4476668861e-07 -0.0112791652557
88.5614969047 1.44374196973e-07 -0.0112711918654
88.6243287578 1.43983068586e-07 -0.0112632297198
88.6871606108 1.43593297722e-07 -0.0112552787953
88.7499924639 1.43204878682e-07 -0.0112473390682
88.812824317 1.42817805797e-07 -0.0112394105148
88.8756561701 1.42432073424e-07 -0.0112314931116
88.9384880231 1.42047675947e-07 -0.0112235868353
89.0013198762 1.41664607781e-07 -0.0112156916623
89.0641517293 1.41282863363e-07 -0.0112078075693
89.1269835823 1.40902437163e-07 -0.0111999345332
89.1898154354 1.40523323674e-07 -0.0111920725306
89.2526472885 1.40145517418e-07 -0.0111842215385
89.3154791416 1.39769012942e-07 -0.0111763815337
89.3783109946 1.3939380482e-07 -0.0111685524933
89.4411428477 1.39019887654e-07 -0.0111607343943
89.5039747008 1.38647256072e-07 -0.0111529272138
89.5668065538 1.38275904725e-07 -0.0111451309291
89.6296384069 1.37905828295e-07 -0.0111373455173
89.69247026 1.37537021487e-07 -0.0111295709558
89.7553021131 1.3716947903e-07 -0.011121807222
89.8181339661 1.36803195682e-07 -0.0111140542933
89.8809658192 1.36438166226e-07 -0.0111063121471
89.9437976723 1.36074385468e-07 -0.0110985807611
90.0066295253 1.35711848241e-07 -0.0110908601129
90.0694613784 1.35350549403e-07 -0.0110831501802
90.1322932315 1.34990483835e-07 -0.0110754509406
90.1951250846 1.34631646445e-07 -0.0110677623721
90.2579569376 1.34274032165e-07 -0.0110600844525
90.3207887907 1.33917635952e-07 -0.0110524171596
90.3836206438 1.33562452785e-07 -0.0110447604716
90.4464524969 1.33208477669e-07 -0.0110371143665
90.5092843499 1.32855705635e-07 -0.0110294788224
90.572116203 1.32504131734e-07 -0.0110218538173
90.6349480561 1.32153751043e-07 -0.0110142393297
90.6977799091 1.31804558663e-07 -0.0110066353377
90.7606117622 1.31456549717e-07 -0.0109990418198
90.8234436153 1.31109719353e-07 -0.0109914587542
90.8862754684 1.30764062741e-07 -0.0109838861196
90.9491073214 1.30419575075e-07 -0.0109763238944
91.0119391745 1.30076251573e-07 -0.0109687720572
91.0747710276 1.29734087472e-07 -0.0109612305866
91.1376028806 1.29393078037e-07 -0.0109536994615
91.2004347337 1.29053218552e-07 -0.0109461786604
91.2632665868 1.28714504325e-07 -0.0109386681623
91.3260984399 1.28376930686e-07 -0.010931167946
91.3889302929 1.28040492986e-07 -0.0109236779905
91.451762146 1.27705186601e-07 -0.0109161982747
91.5145939991 1.27371006927e-07 -0.0109087287778
91.5774258521 1.27037949383e-07 -0.0109012694787
91.6402577052 1.26706009408e-07 -0.0108938203568
91.7030895583 1.26375182465e-07 -0.0108863813911
91.7659214114 1.26045464037e-07 -0.010878952561
91.8287532644 1.25716849629e-07 -0.0108715338459
91.8915851175 1.25389334768e-07 -0.010864125225
91.9544169706 1.25062915e-07 -0.0108567266779
92.0172488236 1.24737585894e-07 -0.0108493381841
92.0800806767 1.2441334304e-07 -0.010841959723
92.1429125298 1.24090182048e-07 -0.0108345912744
92.2057443829 1.2376809855e-07 -0.0108272328179
92.2685762359 1.23447088197e-07 -0.0108198843332
92.331408089 1.23127146661e-07 -0.0108125458001
92.3942399421 1.22808269636e-07 -0.0108052171985
92.4570717951 1.22490452834e-07 -0.0107978985081
92.5199036482 1.22173691989e-07 -0.010790589709
92.5827355013 1.21857982854e-07 -0.0107832907812
92.6455673544 1.21543321202e-07 -0.0107760017047
92.7083992074 1.21229702827e-07 -0.0107687224596
92.7712310605 1.20917123542e-07 -0.010761453026
92.8340629136 1.20605579179e-07 -0.0107541933843
92.8968947667 1.20295065592e-07 -0.0107469435145
92.9597266197 1.19985578651e-07 -0.0107397033971
93.0225584728 1.19677114248e-07 -0.0107324730124
93.0853903259 1.19369668293e-07 -0.0107252523408
93.1482221789 1.19063236716e-07 -0.0107180413628
93.211054032 1.18757815466e-07 -0.010710840059
93.2738858851 1.18453400509e-07 -0.0107036484098
93.3367177382 1.18149987833e-07 -0.010696466396
93.3995495912 1.17847573442e-07 -0.0106892939982
93.4623814443 1.17546153359e-07 -0.0106821311971
93.5252132974 1.17245723628e-07 -0.0106749779736
93.5880451504 1.16946280309e-07 -0.0106678343084
93.6508770035 1.16647819481e-07 -0.0106607001824
93.7137088566 1.1635033724e-07 -0.0106535755767
93.7765407097 1.16053829704e-07 -0.010646460472
93.8393725627 1.15758293004e-07 -0.0106393548496
93.9022044158 1.15463723293e-07 -0.0106322586905
93.9650362689 1.15170116739e-07 -0.0106251719758
94.0278681219 1.1487746953e-07 -0.0106180946868
94.090699975 1.14585777871e-07 -0.0106110268045
94.1535318281 1.14295037983e-07 -0.0106039683105
94.2163636812 1.14005246106e-07 -0.0105969191859
94.2791955342 1.13716398498e-07 -0.0105898794121
94.3420273873 1.13428491433e-07 -0.0105828489707
94.4048592404 1.13141521202e-07 -0.0105758278431
94.4676910934 1.12855484114e-07 -0.0105688160108
94.5305229465 1.12570376496e-07 -0.0105618134554
94.5933547996 1.12286194689e-07 -0.0105548201585
94.6561866527 1.12002935054e-07 -0.0105478361018
94.7190185057 1.11720593966e-07 -0.0105408612671
94.7818503588 1.11439167818e-07 -0.0105338956361
94.8446822119 1.11158653021e-07 -0.0105269391907
94.9075140649 1.10879045999e-07 -0.0105199919127
94.970345918 1.10600343197e-07 -0.010513053784
95.0331777711 1.10322541071e-07 -0.0105061247866
95.0960096242 1.10045636098e-07 -0.0104992049026
95.1588414772 1.09769624769e-07 -0.0104922941139
95.2216733303 1.0949450359e-07 -0.0104853924027
95.2845051834 1.09220269086e-07 -0.0104784997511
95.3473370365 1.08946917795e-07 -0.0104716161414
95.4101688895 1.08674446272e-07 -0.0104647415558
95.4730007426 1.08402851088e-07 -0.0104578759765
95.5358325957 1.0813212883e-07 -0.010451019386
95.5986644487 1.07862276099e-07 -0.0104441717665
95.6614963018 1.07593289513e-07 -0.0104373331006
95.7243281549 1.07325165704e-07 -0.0104305033708
95.787160008 1.0705790132e-07 -0.0104236825594
95.849991861 1.06791493026e-07 -0.0104168706491
95.9128237141 1.06525937499e-07 -0.0104100676226
95.9756555672 1.06261231434e-07 -0.0104032734625
96.0384874202 1.05997371538e-07 -0.0103964881514
96.1013192733 1.05734354535e-07 -0.0103897116721
96.1641511264 1.05472177165e-07 -0.0103829440075
96.2269829795 1.05210836179e-07 -0.0103761851403
96.2898148325 1.04950328346e-07 -0.0103694350535
96.3526466856 1.04690650449e-07 -0.01036269373
96.4154785387 1.04431799284e-07 -0.0103559611527
96.4783103917 1.04173771663e-07 -0.0103492373047
96.5411422448 1.03916564411e-07 -0.010342522169
96.6039740979 1.0366017437e-07 -0.0103358157287
96.666805951 1.03404598393e-07 -0.010329117967
96.729637804 1.0314983335e-07 -0.010322428867
96.7924696571 1.02895876122e-07 -0.0103157484121
96.8553015102 1.02642723608e-07 -0.0103090765854
96.9181333632 1.02390372717e-07 -0.0103024133703
96.9809652163 1.02138820374e-07 -0.0102957587502
97.0437970694 1.01888063518e-07 -0.0102891127085
97.1066289225 1.016380991e-07 -0.0102824752285
97.1694607755 1.01388924088e-07 -0.0102758462939
97.2322926286 1.01140535459e-07 -0.0102692258881
97.2951244817 1.00892930208e-07 -0.0102626139947
97.3579563347 1.0064610534e-07 -0.0102560105974
97.4207881878 1.00400057876e-07 -0.0102494156798
97.4836200409 1.00154784848e-07 -0.0102428292255
97.546451894 9.99102833034e-08 -0.0102362512184
97.609283747 9.96665503018e-08 -0.0102296816422
97.6721156001 9.94235829158e-08 -0.0102231204808
97.7349474532 9.91813782312e-08 -0.010216567718
97.7977793063 9.89399333471e-08 -0.0102100233377
97.8606111593 9.86992453751e-08 -0.0102034873238
97.9234430124 9.84593114398e-08 -0.0101969596605
97.9862748655 9.82201286787e-08 -0.0101904403316
98.0491067185 9.79816942419e-08 -0.0101839293213
98.1119385716 9.77440052924e-08 -0.0101774266136
98.1747704247 9.75070590053e-08 -0.0101709321928
98.2376022778 9.72708525687e-08 -0.010164446043
98.3004341308 9.70353831829e-08 -0.0101579681484
98.3632659839 9.68006480608e-08 -0.0101514984933
98.426097837 9.65666444273e-08 -0.0101450370621
98.48892969 9.63333695204e-08 -0.0101385838391
98.5517615431 9.61008205891e-08 -0.0101321388087
98.6145933962 9.58689948954e-08 -0.0101257019552
98.6774252493 9.56378897134e-08 -0.0101192732633
98.7402571023 9.54075023288e-08 -0.0101128527173
98.8030889554 9.51778300395e-08 -0.0101064403019
98.8659208085 9.49488701553e-08 -0.0101000360015
98.9287526615 9.4720619998e-08 -0.010093639801
98.9915845146 9.44930769009e-08 -0.0100872516849
99.0544163677 9.42662382092e-08 -0.0100808716379
99.1172482208 9.40401012799e-08 -0.0100744996447
99.1800800738 9.38146634812e-08 -0.0100681356902
99.2429119269 9.35899221932e-08 -0.0100617797592
99.30574378 9.33658748079e-08 -0.0100554318365
99.368575633 9.31425187275e-08 -0.010049091907
99.4314074861 9.29198513668e-08 -0.0100427599557
99.4942393392 9.26978701513e-08 -0.0100364359676
99.5570711923 9.24765725179e-08 -0.0100301199275
99.6199030453 9.2255955915e-08 -0.0100238118207
99.6827348984 9.20360178015e-08 -0.0100175116321
99.7455667515 9.18167556482e-08 -0.0100112193469
99.8083986045 9.15981669364e-08 -0.0100049349503
99.8712304576 9.13802491584e-08 -0.00999865842739
99.9340623107 9.11629998178e-08 -0.00999238976349
99.9968941638 9.09464164288e-08 -0.00998612894384
100.059726017 9.07304965164e-08 -0.00997987595376
100.12255787 9.05152376166e-08 -0.00997363077857
100.185389723 9.0300637276e-08 -0.00996739340367
100.248221576 9.00866930521e-08 -0.00996116381446
100.311053429 8.98734025122e-08 -0.0099549419964
100.373885282 8.96607632355e-08 -0.00994872793497
100.436717135 8.94487728105e-08 -0.0099425216157
100.499548988 8.92374288368e-08 -0.00993632302415
100.562380841 8.90267289241e-08 -0.00993013214591
100.625212694 8.88166706928e-08 -0.00992394896662
100.688044548 8.8607251773e-08 -0.00991777347193
100.750876401 8.83984698058e-08 -0.00991160564757
100.813708254 8.8190322442e-08 -0.00990544547925
100.876540107 8.79828073424e-08 -0.00989929295276
100.93937196 8.77759221786e-08 -0.0098931480539
101.002203813 8.75696646316e-08 -0.00988701076852
101.065035666 8.73640323924e-08 -0.0098808810825
101.127867519 8.71590231623e-08 -0.00987475898174
101.190699372 8.69546346525e-08 -0.00986864445221
101.253531225 8.6750864584e-08 -0.00986253747988
101.316363078 8.6547710687e-08 -0.00985643805076
101.379194931 8.63451707025e-08 -0.00985034615092
101.442026784 8.61432423803e-08 -0.00984426176643
101.504858637 8.59419234804e-08 -0.00983818488342
101.567690491 8.57412117719e-08 -0.00983211548805
101.630522344 8.55411050342e-08 -0.00982605356649
101.693354197 8.53416010558e-08 -0.00981999910498
101.75618605 8.51426976345e-08 -0.00981395208977
101.819017903 8.49443925778e-08 -0.00980791250716
101.881849756 8.47466837024e-08 -0.00980188034346
101.944681609 8.45495688345e-08 -0.00979585558503
102.007513462 8.43530458093e-08 -0.00978983821827
102.070345315 8.41571124717e-08 -0.00978382822959
102.133177168 8.39617666754e-08 -0.00977782560546
102.196009021 8.37670062833e-08 -0.00977183033237
102.258840874 8.35728291676e-08 -0.00976584239684
102.321672727 8.33792332094e-08 -0.00975986178542
102.38450458 8.31862162989e-08 -0.00975388848471
102.447336434 8.29937763353e-08 -0.00974792248133
102.510168287 8.28019112265e-08 -0.00974196376193
102.57300014 8.26106188895e-08 -0.0097360123132
102.635831993 8.24198972503e-08 -0.00973006812186
102.698663846 8.22297442433e-08 -0.00972413117466
102.761495699 8.20401578119e-08 -0.00971820145837
102.824327552 8.18511359085e-08 -0.00971227895983
102.887159405 8.16626764937e-08 -0.00970636366586
102.949991258 8.14747775368e-08 -0.00970045556336
103.012823111 8.1287437016e-08 -0.00969455463923
103.075654964 8.11006529176e-08 -0.00968866088041
103.138486817 8.0914423237e-08 -0.00968277427388
103.20131867 8.07287459773e-08 -0.00967689480664
103.264150523 8.05436191508e-08 -0.00967102246574
103.326982377 8.03590407776e-08 -0.00966515723823
103.38981423 8.01750088865e-08 -0.00965929911122
103.452646083 7.99915215144e-08 -0.00965344807183
103.515477936 7.98085767065e-08 -0.00964760410724
103.578309789 7.96261725163e-08 -0.00964176720463
103.641141642 7.94443070053e-08 -0.00963593735123
103.703973495 7.92629782433e-08 -0.00963011453428
103.766805348 7.90821843083e-08 -0.00962429874109
103.829637201 7.89019232863e-08 -0.00961848995895
103.892469054 7.87221932711e-08 -0.00961268817523
103.955300907 7.85429923644e-08 -0.00960689337728
104.01813276 7.83643186766e-08 -0.00960110555253
104.080964613 7.81861703253e-08 -0.00959532468841
104.143796467 7.80085454362e-08 -0.00958955077239
104.20662832 7.78314421428e-08 -0.00958378379196
104.269460173 7.76548585862e-08 -0.00957802373465
104.332292026 7.74787929159e-08 -0.00957227058801
104.395123879 7.73032432883e-08 -0.00956652433965
104.457955732 7.71282078682e-08 -0.00956078497717
104.520787585 7.69536848275e-08 -0.00955505248821
104.583619438 7.67796723463e-08 -0.00954932686046
104.646451291 7.66061686113e-08 -0.00954360808163
104.709283144 7.6433171818e-08 -0.00953789613943
104.772114997 7.62606801685e-08 -0.00953219102165
104.83494685 7.60886918726e-08 -0.00952649271607
104.897778703 7.59172051478e-08 -0.00952080121051
104.960610556 7.57462182185e-08 -0.00951511649283
105.02344241 7.55757293168e-08 -0.00950943855091
105.086274263 7.54057366822e-08 -0.00950376737265
105.149106116 7.52362385611e-08 -0.00949810294599
105.211937969 7.50672332076e-08 -0.00949244525891
105.274769822 7.48987188831e-08 -0.00948679429939
105.337601675 7.47306938555e-08 -0.00948115005545
105.400433528 7.45631564007e-08 -0.00947551251515
105.463265381 7.43961048011e-08 -0.00946988166656
105.526097234 7.42295373466e-08 -0.0094642574978
105.588929087 7.4063452334e-08 -0.009458639997
105.65176094 7.3897848067e-08 -0.00945302915231
105.714592793 7.37327228563e-08 -0.00944742495194
105.777424646 7.356807502e-08 -0.00944182738411
105.840256499 7.34039028824e-08 -0.00943623643705
105.903088353 7.32402047751e-08 -0.00943065209905
105.965920206 7.30769790369e-08 -0.0094250743584
106.028752059 7.29142240126e-08 -0.00941950320345
106.091583912 7.27519380548e-08 -0.00941393862253
106.154415765 7.25901195215e-08 -0.00940838060405
106.217247618 7.2428766779e-08 -0.00940282913641
106.280079471 7.22678781992e-08 -0.00939728420806
106.342911324 7.21074521609e-08 -0.00939174580745
106.405743177 7.19474870498e-08 -0.00938621392309
106.46857503 7.1787981258e-08 -0.0093806885435
106.531406883 7.16289331842e-08 -0.00937516965721
106.594238736 7.14703412336e-08 -0.00936965725282
106.657070589 7.13122038181e-08 -0.00936415131891
106.719902442 7.11545193559e-08 -0.00935865184412
106.782734296 7.09972862716e-08 -0.0093531588171
106.845566149 7.08405029963e-08 -0.00934767222654
106.908398002 7.06841679677e-08 -0.00934219206114
106.971229855 7.05282796296e-08 -0.00933671830964
107.034061708 7.03728364323e-08 -0.00933125096079
107.096893561 7.02178368317e-08 -0.00932579000339
107.159725414 7.00632792914e-08 -0.00932033542625
107.222557267 6.99091622801e-08 -0.0093148872182
107.28538912 6.9755484273e-08 -0.00930944536812
107.348220973 6.96022437514e-08 -0.00930400986488
107.411052826 6.94494392031e-08 -0.00929858069742
107.473884679 6.92970691216e-08 -0.00929315785467
107.536716532 6.91451320071e-08 -0.00928774132561
107.599548385 6.89936263649e-08 -0.00928233109921
107.662380239 6.88425507074e-08 -0.00927692716452
107.725212092 6.86919035524e-08 -0.00927152951056
107.788043945 6.85416834237e-08 -0.00926613812641
107.850875798 6.83918888512e-08 -0.00926075300117
107.913707651 6.82425183708e-08 -0.00925537412396
107.976539504 6.80935705243e-08 -0.00925000148393
108.039371357 6.79450438596e-08 -0.00924463507023
108.10220321 6.77969369295e-08 -0.00923927487207
108.165035063 6.76492482939e-08 -0.00923392087867
108.227866916 6.75019765177e-08 -0.00922857307928
108.290698769 6.73551201717e-08 -0.00922323146315
108.353530622 6.72086778326e-08 -0.0092178960196
108.416362475 6.70626480829e-08 -0.00921256673793
108.479194328 6.69170295106e-08 -0.00920724360749
108.542026182 6.67718207093e-08 -0.00920192661765
108.604858035 6.66270202781e-08 -0.0091966157578
108.667689888 6.64826268223e-08 -0.00919131101736
108.730521741 6.63386389523e-08 -0.00918601238577
108.793353594 6.61950552843e-08 -0.0091807198525
108.856185447 6.60518744397e-08 -0.00917543340703
108.9190173 6.5909095046e-08 -0.00917015303888
108.981849153 6.57667157355e-08 -0.0091648787376
109.044681006 6.56247351464e-08 -0.00915961049273
109.107512859 6.54831519221e-08 -0.00915434829387
109.170344712 6.53419647118e-08 -0.00914909213063
109.233176565 6.52011721696e-08 -0.00914384199264
109.296008418 6.50607729552e-08 -0.00913859786956
109.358840271 6.49207657338e-08 -0.00913335975107
109.421672125 6.47811491756e-08 -0.00912812762688
109.484503978 6.4641921956e-08 -0.00912290148671
109.547335831 6.45030827563e-08 -0.00911768132031
109.610167684 6.43646302622e-08 -0.00911246711747
109.672999537 6.42265631652e-08 -0.00910725886797
109.73583139 6.40888801619e-08 -0.00910205656165
109.798663243 6.3951579954e-08 -0.00909686018834
109.861495096 6.38146612482e-08 -0.00909166973791
109.924326949 6.36781227565e-08 -0.00908648520026
109.987158802 6.35419631961e-08 -0.0090813065653
110.049990655 6.34061812889e-08 -0.00907613382297
110.112822508 6.32707757623e-08 -0.00907096696322
110.175654361 6.31357453484e-08 -0.00906580597603
110.238486214 6.30010887845e-08 -0.00906065085143
110.301318068 6.28668048125e-08 -0.00905550157942
110.364149921 6.273289218e-08 -0.00905035815007
110.426981774 6.2599349639e-08 -0.00904522055344
110.489813627 6.24661759463e-08 -0.00904008877964
110.55264548 6.23333698641e-08 -0.00903496281877
110.615477333 6.22009301589e-08 -0.00902984266099
110.678309186 6.20688556027e-08 -0.00902472829645
110.741141039 6.19371449716e-08 -0.00901961971533
110.803972892 6.18057970471e-08 -0.00901451690785
110.866804745 6.16748106151e-08 -0.00900941986424
110.929636598 6.15441844666e-08 -0.00900432857474
110.992468451 6.1413917397e-08 -0.00899924302964
111.055300304 6.12840082066e-08 -0.00899416321921
111.118132157 6.11544557005e-08 -0.0089890891338
111.180964011 6.10252586882e-08 -0.00898402076372
111.243795864 6.08964159843e-08 -0.00897895809934
111.306627717 6.07679264075e-08 -0.00897390113105
111.36945957 6.06397887814e-08 -0.00896884984925
111.432291423 6.0512001934e-08 -0.00896380424436
111.495123276 6.03845646986e-08 -0.00895876430684
111.557955129 6.02574759119e-08 -0.00895373002714
111.620786982 6.01307344161e-08 -0.00894870139577
111.683618835 6.00043390574e-08 -0.00894367840322
111.746450688 5.98782886867e-08 -0.00893866104004
111.809282541 5.97525821591e-08 -0.00893364929678
111.872114394 5.96272183348e-08 -0.008928643164
111.934946247 5.95021960775e-08 -0.00892364263232
111.9977781 5.93775142562e-08 -0.00891864769233
112.060609954 5.92531717439e-08 -0.00891365833469
112.123441807 5.91291674178e-08 -0.00890867455005
112.18627366 5.90055001596e-08 -0.00890369632909
112.249105513 5.88821688555e-08 -0.00889872366251
112.311937366 5.87591723959e-08 -0.00889375654102
112.374769219 5.86365096756e-08 -0.00888879495538
112.437601072 5.85141795932e-08 -0.00888383889635
112.500432925 5.83921810523e-08 -0.0088788883547
112.563264778 5.82705129604e-08 -0.00887394332124
112.626096631 5.81491742289e-08 -0.00886900378679
112.688928484 5.80281637738e-08 -0.0088640697422
112.751760337 5.79074805154e-08 -0.00885914117834
112.81459219 5.77871233777e-08 -0.00885421808607
112.877424043 5.76670912892e-08 -0.00884930045632
112.940255897 5.75473831824e-08 -0.00884438828001
113.00308775 5.7427997994e-08 -0.00883948154807
113.065919603 5.73089346646e-08 -0.00883458025148
113.128751456 5.7190192139e-08 -0.00882968438123
113.191583309 5.70717693663e-08 -0.0088247939283
113.254415162 5.69536652992e-08 -0.00881990888374
113.317247015 5.68358788947e-08 -0.00881502923858
113.380078868 5.67184091137e-08 -0.00881015498389
113.442910721 5.66012549212e-08 -0.00880528611075
113.505742574 5.64844152858e-08 -0.00880042261027
113.568574427 5.63678891809e-08 -0.00879556447357
113.63140628 5.62516755829e-08 -0.00879071169178
113.694238133 5.61357734727e-08 -0.00878586425607
113.757069986 5.60201818352e-08 -0.00878102215761
113.81990184 5.59048996591e-08 -0.00877618538759
113.882733693 5.57899259364e-08 -0.00877135393723
113.945565546 5.56752596639e-08 -0.00876652779777
114.008397399 5.55608998415e-08 -0.00876170696046
114.071229252 5.54468454734e-08 -0.00875689141657
114.134061105 5.53330955671e-08 -0.00875208115739
114.196892958 5.52196491342e-08 -0.00874727617424
114.259724811 5.51065051901e-08 -0.00874247645844
114.322556664 5.49936627538e-08 -0.00873768200134
114.385388517 5.48811208481e-08 -0.00873289279431
114.44822037 5.47688784994e-08 -0.00872810882874
114.511052223 5.46569347382e-08 -0.00872333009603
114.573884076 5.45452885981e-08 -0.00871855658761
114.636715929 5.44339391167e-08 -0.00871378829493
114.699547783 5.43228853353e-08 -0.00870902520943
114.762379636 5.42121262984e-08 -0.00870426732261
114.825211489 5.4101661055e-08 -0.00869951462595
114.888043342 5.39914886568e-08 -0.00869476711099
114.950875195 5.38816081595e-08 -0.00869002476926
115.013707048 5.37720186225e-08 -0.0086852875923
115.076538901 5.36627191083e-08 -0.00868055557169
115.139370754 5.35537086834e-08 -0.00867582869903
115.202202607 5.34449864175e-08 -0.00867110696592
115.26503446 5.33365513842e-08 -0.00866639036399
115.327866313 5.322840266e-08 -0.00866167888489
115.390698166 5.31205393256e-08 -0.00865697252028
115.453530019 5.30129604645e-08 -0.00865227126184
115.516361872 5.29056651642e-08 -0.00864757510127
115.579193726 5.27986525151e-08 -0.00864288403029
115.642025579 5.26919216115e-08 -0.00863819804064
115.704857432 5.2585471551e-08 -0.00863351712406
115.767689285 5.24793014341e-08 -0.00862884127234
115.830521138 5.23734103654e-08 -0.00862417047726
115.893352991 5.22677974527e-08 -0.00861950473063
115.956184844 5.21624618067e-08 -0.00861484402426
116.019016697 5.20574025417e-08 -0.00861018835002
116.08184855 5.19526187755e-08 -0.00860553769974
116.144680403 5.18481096289e-08 -0.00860089206533
116.207512256 5.17438742264e-08 -0.00859625143865
116.270344109 5.16399116952e-08 -0.00859161581164
116.333175962 5.15362211663e-08 -0.00858698517622
116.396007816 5.14328017735e-08 -0.00858235952433
116.458839669 5.13296526543e-08 -0.00857773884795
116.521671522 5.12267729485e-08 -0.00857312313907
116.584503375 5.11241617998e-08 -0.0085685123897
116.647335228 5.10218183545e-08 -0.00856390659187
116.710167081 5.09197417622e-08 -0.00855930573764
116.772998934 5.08179311762e-08 -0.00855470981907
116.835830787 5.07163857519e-08 -0.00855011882823
116.89866264 5.0615104649e-08 -0.00854553275723
116.961494493 5.05140870295e-08 -0.00854095159819
117.024326346 5.04133320588e-08 -0.00853637534324
117.087158199 5.03128389058e-08 -0.00853180398452
117.149990052 5.02126067415e-08 -0.00852723751421
117.212821905 5.01126347409e-08 -0.00852267592448
117.275653759 5.00129220818e-08 -0.00851811920755
117.338485612 4.99134679447e-08 -0.00851356735561
117.401317465 4.98142715138e-08 -0.00850902036091
117.464149318 4.97153319758e-08 -0.0085044782157
117.526981171 4.96166485204e-08 -0.00849994091224
117.589813024 4.95182203406e-08 -0.00849540844281
117.652644877 4.94200466322e-08 -0.00849088079972
117.71547673 4.93221265941e-08 -0.00848635797527
117.778308583 4.92244594279e-08 -0.00848183996181
117.841140436 4.91270443385e-08 -0.00847732675167
117.903972289 4.90298805334e-08 -0.00847281833722
117.966804142 4.89329672233e-08 -0.00846831471084
118.029635995 4.88363036218e-08 -0.00846381586493
118.092467848 4.8739888945e-08 -0.0084593217919
118.155299702 4.86437224122e-08 -0.00845483248418
118.218131555 4.85478032457e-08 -0.00845034793421
118.280963408 4.84521306706e-08 -0.00844586813445
118.343795261 4.83567039145e-08 -0.00844139307738
118.406627114 4.82615222083e-08 -0.00843692275549
118.469458967 4.81665847854e-08 -0.0084324571613
118.53229082 4.80718908821e-08 -0.00842799628731
118.595122673 4.79774397377e-08 -0.00842354012608
118.657954526 4.7883230594e-08 -0.00841908867015
118.720786379 4.77892626958e-08 -0.0084146419121
118.783618232 4.76955352905e-08 -0.00841019984452
118.846450085 4.76020476282e-08 -0.00840576246001
118.909281938 4.75087989621e-08 -0.00840132975118
118.972113791 4.74157885479e-08 -0.00839690171066
119.034945645 4.73230156439e-08 -0.00839247833112
119.097777498 4.72304795113e-08 -0.0083880596052
119.160609351 4.71381794137e-08 -0.0083836455256
119.223441204 4.70461146181e-08 -0.00837923608499
119.286273057 4.69542843932e-08 -0.00837483127611
119.34910491 4.68626880112e-08 -0.00837043109166
119.411936763 4.67713247464e-08 -0.0083660355244
119.474768616 4.66801938763e-08 -0.00836164456706
119.537600469 4.65892946816e-08 -0.00835725821237
119.600432322 4.64986264461e-08 -0.00835287645307
119.663264175 4.64081884561e-08 -0.0083484992819
119.726096028 4.63179800004e-08 -0.00834412669163
119.788927881 4.62280003705e-08 -0.00833975867502
119.851759734 4.61382488604e-08 -0.00833539522488
119.914591588 4.60487247667e-08 -0.00833103633401
119.977423441 4.59594273884e-08 -0.00832668199523
120.040255294 4.58703560273e-08 -0.00832233220138
120.103087147 4.57815099875e-08 -0.00831798694532
120.165919 4.56928885756e-08 -0.00831364621991
120.228750853 4.5604491101e-08 -0.00830931001803
120.291582706 4.55163168753e-08 -0.00830497833259
120.354414559 4.54283652126e-08 -0.00830065115649
120.417246412 4.53406354297e-08 -0.00829632848267
120.480078265 4.52531268455e-08 -0.00829201030405
120.542910118 4.51658387817e-08 -0.00828769661361
120.605741971 4.50787705622e-08 -0.00828338740431
120.668573824 4.49919215136e-08 -0.00827908266914
120.731405677 4.49052909646e-08 -0.0082747824011
120.794237531 4.48188782465e-08 -0.00827048659321
120.857069384 4.4732682693e-08 -0.00826619523849
120.919901237 4.46467036402e-08 -0.00826190832998
120.98273309 4.45609404264e-08 -0.00825762586076
121.045564943 4.44753923926e-08 -0.00825334782389
121.108396796 4.43900588818e-08 -0.00824907421246
121.171228649 4.43049392396e-08 -0.00824480501957
121.234060502 4.4220032814e-08 -0.00824054023834
121.296892355 4.41353389551e-08 -0.00823627986189
121.359724208 4.40508570153e-08 -0.00823202388338
121.422556061 4.39665863497e-08 -0.00822777229597
121.485387914 4.38825263153e-08 -0.00822352509282
121.548219767 4.37986762716e-08 -0.00821928226712
121.61105162 4.37150355803e-08 -0.00821504381208
121.673883474 4.36316036054e-08 -0.00821080972091
121.736715327 4.35483797134e-08 -0.00820657998684
121.79954718 4.34653632725e-08 -0.00820235460312
121.862379033 4.33825536537e-08 -0.008198133563
121.925210886 4.329995023e-08 -0.00819391685975
121.988042739 4.32175523766e-08 -0.00818970448666
122.050874592 4.3135359471e-08 -0.00818549643704
122.113706445 4.30533708931e-08 -0.00818129270418
122.176538298 4.29715860243e-08 -0.00817709328143
122.239370151 4.28900042493e-08 -0.00817289816211
122.302202004 4.28086249539e-08 -0.00816870733959
122.365033857 4.27274475268e-08 -0.00816452080723
122.42786571 4.26464713587e-08 -0.00816033855841
122.490697563 4.25656958421e-08 -0.00815616058654
122.553529417 4.24851203715e-08 -0.00815198688504
122.61636127 4.24047443402e-08 -0.0081478174475
122.679193123 4.23245671437e-08 -0.00814365226753
122.742024976 4.22445881785e-08 -0.00813949133878
122.804856829 4.21648068446e-08 -0.00813533465488
122.867688682 4.20852225433e-08 -0.00813118220949
122.930520535 4.20058346781e-08 -0.00812703399629
122.993352388 4.19266426548e-08 -0.00812289000896
123.056184241 4.18476458812e-08 -0.00811875024119
123.119016094 4.17688437674e-08 -0.00811461468669
123.181847947 4.16902357252e-08 -0.00811048333919
123.2446798 4.16118211689e-08 -0.00810635619242
123.307511653 4.15335995148e-08 -0.00810223324012
123.370343506 4.14555701811e-08 -0.00809811447606
123.43317536 4.1377732588e-08 -0.008093999894
123.496007213 4.13000861581e-08 -0.00808988948772
123.558839066 4.12226303156e-08 -0.00808578325103
123.621670919 4.11453644871e-08 -0.00808168117773
123.684502772 4.10682881013e-08 -0.00807758326164
123.747334625 4.09914005884e-08 -0.00807348949659
123.810166478 4.09147013812e-08 -0.00806939987643
123.872998331 4.0838189914e-08 -0.00806531439501
123.935830184 4.07618656234e-08 -0.00806123304621
123.998662037 4.0685727948e-08 -0.00805715582389
124.06149389 4.06097763283e-08 -0.00805308272197
124.124325743 4.05340102067e-08 -0.00804901373434
124.187157596 4.04584290277e-08 -0.00804494885491
124.249989449 4.03830322376e-08 -0.00804088807762
124.312821303 4.03078192849e-08 -0.00803683139641
124.375653156 4.02327896196e-08 -0.00803277880523
124.438485009 4.01579426942e-08 -0.00802873029805
124.501316862 4.00832779627e-08 -0.00802468586883
124.564148715 4.00087948811e-08 -0.00802064551158
124.626980568 3.99344929075e-08 -0.00801660922029
124.689812421 3.98603715015e-08 -0.00801257698897
124.752644274 3.97864301252e-08 -0.00800854881165
124.815476127 3.9712668242e-08 -0.00800452468236
124.87830798 3.96390853175e-08 -0.00800050459515
124.941139833 3.95656808191e-08 -0.00799648854407
125.003971686 3.94924542159e-08 -0.00799247652321
125.066803539 3.94194049793e-08 -0.00798846852663
125.129635392 3.93465325821e-08 -0.00798446454844
125.192467246 3.9273836499e-08 -0.00798046458274
125.255299099 3.92013162066e-08 -0.00797646862364
125.318130952 3.91289711836e-08 -0.00797247666528
125.380962805 3.90568009103e-08 -0.00796848870179
125.443794658 3.89848048684e-08 -0.00796450472732
125.506626511 3.89129825422e-08 -0.00796052473604
125.569458364 3.88413334172e-08 -0.00795654872212
125.632290217 3.87698569808e-08 -0.00795257667974
