0.0314159265359 -5.29071961004e-06 -1.12500212246
0.0942477796077 -2.14334621272e-05 -1.09198250732
0.157079632679 -1.5816295336e-05 -1.05566581411
0.219911485751 0.000126455537351 -1.01751051641
0.282743338823 2.47705846804e-05 -0.978361463409
0.345575191895 0.000101287832137 -0.9393274075
0.408407044967 0.000155294990959 -0.900974727656
0.471238898038 0.000140623353197 -0.863738127028
0.53407075111 0.000104716063934 -0.827955006593
0.596902604182 8.56089304608e-05 -0.793845322682
0.659734457254 9.06906586873e-05 -0.761521424415
0.722566310326 0.000109959088179 -0.731014330063
0.785398163397 0.000130606397121 -0.702300069192
0.848230016469 0.000144264169957 -0.675320061394
0.911061869541 0.000148310111075 -0.649995267992
0.973893722613 0.000144345262709 -0.626235588563
1.03672557568 0.000136031175486 -0.603946011266
1.09955742876 0.000127327837052 -0.58303062944
1.16238928183 0.000121423130237 -0.563395256646
1.2252211349 0.000120281431148 -0.544949105014
1.28805298797 0.000124620715234 -0.52760582347
1.35088484104 0.00013412862142 -0.511284090548
1.41371669412 0.000147774140924 -0.495907894441
1.47654854719 0.000164122594462 -0.48140659389
1.53938040026 0.000181604624755 -0.467714827712
1.60221225333 0.000198719163218 -0.454772322745
1.6650441064 0.000214168783351 -0.442523636974
1.72787595947 0.000226935574538 -0.430917864816
1.79070781255 0.000236309720089 -0.419908324158
1.85353966562 0.000241883587988 -0.409452239106
1.91637151869 0.00024352296976 -0.399510428145
1.97920337176 0.000241325054411 -0.390047004183
2.04203522483 0.000235570524341 -0.381029090581
2.10486707791 0.000226675083426 -0.372426555496
2.16769893098 0.000215144008439 -0.364211765627
2.23053078405 0.000201531875398 -0.356359359562
2.29336263712 0.000186408551817 -0.34884604029
2.35619449019 0.00017033177985 -0.341650386091
2.41902634326 0.000153826177092 -0.334752678733
2.48185819634 0.000137368108748 -0.328134747786
2.54469004941 0.000121375720938 -0.32177982981
2.60752190248 0.000106203367532 -0.315672441159
2.67035375555 9.21396085558e-05 -0.309798263204
2.73318560862 7.94080503863e-05 -0.304144038793
2.79601746169 6.81703111992e-05 -0.29869747889
2.85884931477 5.85305519545e-05 -0.293447178372
2.92168116784 5.05410173097e-05 -0.288382540065
2.98451302091 4.42082049535e-05 -0.283493706188
3.04734487398 3.9499271419e-05 -0.278771496422
3.11017672705 3.6348467484e-05 -0.274207351943
3.17300858013 3.46633401483e-05 -0.26979328477
3.2358404332 3.4330588641e-05 -0.265521831896
3.29867228627 3.52214728329e-05 -0.261386013697
3.36150413934 3.71966940846e-05 -0.257379296173
3.42433599241 4.01107284479e-05 -0.253495556626
3.48716784548 4.38155996299e-05 -0.249729052423
3.54999969856 4.81641054536e-05 -0.246074392536
3.61283155163 5.30125185703e-05 -0.242526511563
3.6756634047 5.82227906983e-05 -0.239080646003
3.73849525777 6.36643042535e-05 -0.235732312536
3.80132711084 6.92152155976e-05 -0.232477288143
3.86415896392 7.47634266182e-05 -0.229311591858
3.92699081699 8.02072334504e-05 -0.226231468015
3.98982267006 8.54556971409e-05 -0.223233370847
4.05265452313 9.04287716465e-05 -0.220313950302
4.1154863762 9.50572323178e-05 -0.217470038975
4.17831822927 9.92824354647e-05 -0.214698640051
4.24115008235 0.000103055943306 -0.21199691617
4.30398193542 0.000106339047704 -0.209362179126
4.36681378849 0.000109102204773 -0.206791880342
4.42964564156 0.000111324418701 -0.204283602041
4.49247749463 0.000112992582719 -0.201835049064
4.55530934771 0.000114100799778 -0.199444041274
4.61814120078 0.000114649691293 -0.197108506505
4.68097305385 0.00011464571495 -0.194826474001
4.74380490692 0.000114100489644 -0.192596068326
4.80663675999 0.000113030146968 -0.190415503682
4.86946861306 0.000111454703097 -0.188283078625
4.93230046614 0.000109397467661 -0.186197171132
4.99513231921 0.00010688448503 -0.18415623401
5.05796417228 0.000103944012604 -0.182158790602
5.12079602535 0.000100606038155 -0.180203430783
5.18362787842 9.69018369153e-05 -0.178288807212
5.24645973149 9.2863565257e-05 -0.176413631839
5.30929158457 8.85238964982e-05 -0.174576672622
5.37212343764 8.3915690798e-05 -0.172776750471
5.43495529071 7.9071701803e-05 -0.171012736373
5.49778714378 7.40243202214e-05 -0.169283548706
5.56061899685 6.88053475977e-05 -0.167588150718
5.62345084993 6.34457999469e-05 -0.165925548163
5.686282703 5.79757437633e-05 -0.164294787085
5.74911455607 5.2424155803e-05 -0.162694951734
5.81194640914 4.68188068159e-05 -0.161125162613
5.87477826221 4.11861719473e-05 -0.15958457464
5.93761011528 3.55513569298e-05 -0.158072375421
6.00044196836 2.99380453987e-05 -0.156587783624
6.06327382143 2.43684635731e-05 -0.155130047454
6.1261056745 1.8863358132e-05 -0.153698443212
6.18893752757 1.34419890389e-05 -0.152292273942
6.25176938064 8.12213225874e-06 -0.150910868151
6.31460123372 2.92009643683e-06 -0.149553578611
6.37743308679 -2.14925689803e-06 -0.148219781217
6.44026493986 -7.07247983068e-06 -0.146908873922
6.50309679293 -1.18375028743e-05 -0.145620275724
6.565928646 -1.64335897318e-05 -0.144353425711
6.62876049907 -2.08512919074e-05 -0.14310778216
6.69159235215 -2.50823970303e-05 -0.141882821683
6.75442420522 -2.91198751636e-05 -0.140678038423
6.81725605829 -3.29578232416e-05 -0.139492943288
6.88008791136 -3.65914069912e-05 -0.138327063232
6.94291976443 -4.0016804299e-05 -0.137179940569
7.00575161751 -4.32311455982e-05 -0.136051132327
7.06858347058 -4.62324561268e-05 -0.13494020963
7.13141532365 -4.90195982488e-05 -0.133846757119
7.19424717672 -5.15922130902e-05 -0.132770372401
7.25707902979 -5.39506662148e-05 -0.131710665517
7.31991088286 -5.6095992186e-05 -0.130667258452
7.38274273594 -5.80298412984e-05 -0.129639784656
7.44557458901 -5.97544282422e-05 -0.128627888596
7.50840644208 -6.12724831903e-05 -0.127631225329
7.57123829515 -6.25872027115e-05 -0.126649460092
7.63407014822 -6.37022054968e-05 -0.125682267917
7.69690200129 -6.46214876403e-05 -0.12472933326
7.75973385437 -6.53493821032e-05 -0.123790349649
7.82256570744 -6.58905184173e-05 -0.122865019351
7.88539756051 -6.62497857012e-05 -0.121953053049
7.94822941358 -6.64322981597e-05 -0.121054169539
8.01106126665 -6.64433600955e-05 -0.120168095438
8.07389311973 -6.62884370249e-05 -0.119294564905
8.1367249728 -6.59731249958e-05 -0.118433319377
8.19955682587 -6.55031235718e-05 -0.117584107313
8.26238867894 -6.48842112644e-05 -0.116746683952
8.32522053201 -6.41222215949e-05 -0.11592081108
8.38805238508 -6.32230211584e-05 -0.115106256809
8.45088423816 -6.21924894864e-05 -0.114302795362
8.51371609123 -6.10365013083e-05 -0.113510206869
8.5765479443 -5.97609088865e-05 -0.112728277174
8.63937979737 -5.83715273606e-05 -0.111956797644
8.70221165044 -5.68741196891e-05 -0.111195564993
8.76504350352 -5.52743848983e-05 -0.110444381106
8.82787535659 -5.35779462808e-05 -0.109703052876
8.89070720966 -5.17903408905e-05 -0.108971392041
8.95353906273 -4.99170110302e-05 -0.108249215039
9.0163709158 -4.79632954304e-05 -0.107536342852
9.07920276887 -4.59344226667e-05 -0.106832600872
9.14203462195 -4.38355050512e-05 -0.106137818762
9.20486647502 -4.16715328174e-05 -0.105451830326
9.26769832809 -3.94473701573e-05 -0.104774473384
9.33053018116 -3.71677512027e-05 -0.104105589651
9.39336203423 -3.4837277048e-05 -0.103445024621
9.45619388731 -3.24604130652e-05 -0.102792627452
9.51902574038 -3.00414879117e-05 -0.102148250863
9.58185759345 -2.75846911789e-05 -0.101511751026
9.64468944652 -2.50940733941e-05 -0.100882987467
9.70752129959 -2.25735453311e-05 -0.100261822968
9.77035315266 -2.00268785313e-05 -0.0996481234754
9.83318500574 -1.74577052691e-05 -0.0990417580098
9.89601685881 -1.48695197825e-05 -0.0984425985772
9.95884871188 -1.22656795256e-05 -0.097850520086
10.021680565 -9.64940636896e-06 -0.0972654002662
10.084512418 -7.02378807463e-06 -0.0966871195905
10.1473442711 -4.39178102279e-06 -0.0961155611988
10.2101761242 -1.7562117044e-06 -0.0955506108247
10.2730079772 8.80221212168e-07 -0.094992156725
10.3358398303 3.51494318754e-06 -0.0944400896113
10.3986716834 6.14550289807e-06 -0.0938943025833
10.4615035365 8.76956819088e-06 -0.0933546910653
10.5243353895 1.13849238012e-05 -0.0928211527437
10.5871672426 1.3989468457e-05 -0.0922935875076
10.6499990957 1.65812121948e-05 -0.0917718973899
10.7128309487 1.91582724218e-05 -0.0912559865116
10.7756628018 2.17188723394e-05 -0.0907457610274
10.8384946549 2.4261335744e-05 -0.0902411290722
10.901326508 2.67840878221e-05 -0.0897420007109
10.964158361 2.92856445451e-05 -0.0892482878872
11.0269902141 3.17646237001e-05 -0.0887599043803
11.0898220672 3.42197168386e-05 -0.0882767657442
11.1526539202 3.66497280983e-05 -0.0877987892988
11.2154857733 3.90535047759e-05 -0.0873258940027
11.2783176264 4.14300327989e-05 -0.0868580005853
11.3411494795 4.37782997731e-05 -0.0863950311693
11.4039813325 4.60974566647e-05 -0.0859369098271
11.4668131856 4.83866375976e-05 -0.0854835615695
11.5296450387 5.06451138472e-05 -0.0850349137579
11.5924768917 5.28721998212e-05 -0.0845908941103
11.6553087448 5.50672325292e-05 -0.0841514330158
11.7181405979 5.72297179447e-05 -0.0837164610739
11.780972451 5.93590665822e-05 -0.0832859110573
11.843804304 6.14549009574e-05 -0.0828597168773
11.9066361571 6.35167886541e-05 -0.0824378131876
11.9694680102 6.55443763493e-05 -0.0820201369844
12.0322998632 6.75374066251e-05 -0.0816066253808
12.0951317163 6.94955867378e-05 -0.0811972172402
12.1579635694 7.1418732477e-05 -0.080791852955
12.2207954225 7.33066845847e-05 -0.0803904730138
12.2836272755 7.51593019467e-05 -0.0799930200489
12.3464591286 7.69765106634e-05 -0.0795994375526
12.4092909817 7.8758259242e-05 -0.0792096693335
12.4721228348 8.05045319078e-05 -0.0788236613517
12.5349546878 8.22153406094e-05 -0.0784413601096
12.5977865409 8.06338542625e-05 -0.0780625321629
12.660618394 7.90901701742e-05 -0.0776872948278
12.723450247 7.7583210436e-05 -0.0773155979377
12.7862821001 7.61119328909e-05 -0.0769473922541
12.8491139532 7.46753297065e-05 -0.0765826294388
12.9119458063 7.32724258667e-05 -0.0762212620136
12.9747776593 7.19022781758e-05 -0.0758632433604
13.0376095124 7.05639741472e-05 -0.0755085277093
13.1004413655 6.92566308638e-05 -0.0751570701187
13.1632732185 6.79793938255e-05 -0.0748088264515
13.2261050716 6.67314357321e-05 -0.07446375334
13.2889369247 6.55119556727e-05 -0.0741218081866
13.3517687778 6.4320178224e-05 -0.0737829491514
13.4146006308 6.31553525257e-05 -0.0734471351359
13.4774324839 6.20167513382e-05 -0.0731143257613
13.540264337 6.0903670033e-05 -0.0727844813364
13.60309619 5.98154259553e-05 -0.0724575628591
13.6659280431 5.87513576962e-05 -0.0721335320071
13.7287598962 5.7710824339e-05 -0.0718123511229
13.7915917493 5.66932047352e-05 -0.0714939831997
13.8544236023 5.56978967589e-05 -0.071178391862
13.9172554554 5.47243164954e-05 -0.0708655413367
13.9800873085 5.37718977618e-05 -0.0705553964562
14.0429191615 5.28400915424e-05 -0.0702479226506
14.1057510146 5.19283653945e-05 -0.0699430859354
14.1685828677 5.10362028785e-05 -0.0696408528989
14.2314147208 5.01631029749e-05 -0.0693411906864
14.2942465738 4.93085794571e-05 -0.0690440669776
14.3570784269 4.84721604968e-05 -0.0687494499866
14.41991028 4.76533882109e-05 -0.0684573084552
14.482742133 4.68518181917e-05 -0.0681676116413
14.5455739861 4.60670190254e-05 -0.0678803293057
14.6084058392 4.52985717745e-05 -0.0675954316915
14.6712376923 4.45460696519e-05 -0.0673128895246
14.7340695453 4.38091176469e-05 -0.067032674007
14.7969013984 4.30873321368e-05 -0.0667547568072
14.8597332515 4.23803405122e-05 -0.0664791100512
14.9225651046 4.16877807906e-05 -0.0662057063097
14.9853969576 4.10093011946e-05 -0.06593451858
15.0482288107 4.03445599007e-05 -0.0656655202872
15.1110606638 3.96932247431e-05 -0.0653986852789
15.1738925168 3.90549729031e-05 -0.0651339878166
15.2367243699 3.84294906086e-05 -0.0648714025676
15.299556223 3.7816472822e-05 -0.0646109045944
15.3623880761 3.72156228953e-05 -0.064352469338
15.4252199291 3.6626652375e-05 -0.0640960726194
15.4880517822 3.60492807669e-05 -0.0638416906353
15.5508836353 3.54832352852e-05 -0.0635892999509
15.6137154883 3.4928250611e-05 -0.0633388774927
15.6765473414 3.43840686597e-05 -0.0630904005417
15.7393791945 3.38504383369e-05 -0.0628438467239
15.8022110476 3.33271152702e-05 -0.0625991939968
15.8650429006 3.28138616572e-05 -0.0623564206504
15.9278747537 3.23104460817e-05 -0.0621155053035
15.9907066068 3.18166433182e-05 -0.0618764268972
16.0535384598 3.13322341428e-05 -0.0616391646891
16.1163703129 3.08570051368e-05 -0.0614036982453
16.179202166 3.03907484681e-05 -0.0611700074286
16.2420340191 2.99332617679e-05 -0.060938072399
16.3048658721 2.94843479808e-05 -0.0607078736107
16.3676977252 2.90438152057e-05 -0.0604793918062
16.4305295783 2.86114765417e-05 -0.0602526080112
16.4933614313 2.81871499402e-05 -0.0600275035296
16.5561932844 2.77706580485e-05 -0.0598040599362
16.6190251375 2.73618280371e-05 -0.059582259067
16.6818569906 2.69604915032e-05 -0.0593620830197
16.7446888436 2.65664843531e-05 -0.0591435141506
16.8075206967 2.61796466766e-05 -0.05892653507
16.8703525498 2.57998226249e-05 -0.0587111286378
16.9331844028 2.54268602839e-05 -0.0584972779576
16.9960162559 2.50606115332e-05 -0.0582849663677
17.058848109 2.47009319659e-05 -0.0580741774417
17.1216799621 2.43476807915e-05 -0.0578648949859
17.1845118151 2.40007207326e-05 -0.0576571030347
17.2473436682 2.36599179247e-05 -0.057450785847
17.3101755213 2.33251418197e-05 -0.0572459279024
17.3730073744 2.29962650834e-05 -0.0570425138953
17.4358392274 2.26731634811e-05 -0.0568405287281
17.4986710805 2.23557158159e-05 -0.0566399575107
17.5615029336 2.20438038526e-05 -0.0564407855592
17.6243347866 2.17373122345e-05 -0.0562429983917
17.6871666397 2.14361284042e-05 -0.0560465817253
17.7499984928 2.11401425254e-05 -0.0558515214723
17.8128303459 2.08492474012e-05 -0.0556578037361
17.8756621989 2.05633383798e-05 -0.0554654148036
17.938494052 2.02823133075e-05 -0.0552743411467
18.0013259051 2.00060724676e-05 -0.0550845694196
18.0641577581 1.97345185141e-05 -0.0548960864564
18.1269896112 1.94675564074e-05 -0.0547088792676
18.1898214643 1.9205093352e-05 -0.0545229350376
18.2526533174 1.8947038736e-05 -0.0543382411214
18.3154851704 1.86933040667e-05 -0.0541547850411
18.3783170235 1.84438028973e-05 -0.0539725544796
18.4411488766 1.81984507895e-05 -0.0537915372817
18.5039807296 1.79571652666e-05 -0.0536117214517
18.5668125827 1.7719865761e-05 -0.0534330951516
18.6296444358 1.74864735637e-05 -0.053255646698
18.6924762889 1.72569117759e-05 -0.0530793645598
18.7553081419 1.70311052565e-05 -0.0529042373548
18.818139995 1.68089805632e-05 -0.0527302538449
18.8809718481 1.65904659223e-05 -0.052557402936
18.9438037011 1.63754911893e-05 -0.0523856736769
19.0066355542 1.61639878071e-05 -0.0522150552571
19.0694674073 1.59558887647e-05 -0.052045537004
19.1322992604 1.57511285578e-05 -0.0518771083812
19.1951311134 1.55496431498e-05 -0.0517097589864
19.2579629665 1.53513699304e-05 -0.0515434785481
19.3207948196 1.51562476675e-05 -0.0513782569212
19.3836266726 1.49642164845e-05 -0.0512140840876
19.4464585257 1.47752178299e-05 -0.0510509501552
19.5092903788 1.45891944441e-05 -0.0508888453555
19.5721222319 1.44060903264e-05 -0.050727760042
19.6349540849 1.42258507041e-05 -0.050567684688
19.697785938 1.40484220012e-05 -0.0504086098853
19.7606177911 1.38737518057e-05 -0.050250526341
19.8234496442 1.37017888313e-05 -0.0500934248744
19.8862814972 1.35324828995e-05 -0.0499372964167
19.9491133503 1.3365784915e-05 -0.0497821320105
20.0119452034 1.32016468392e-05 -0.0496279228078
20.0747770564 1.30400216639e-05 -0.0494746600682
20.1376089095 1.28808633867e-05 -0.0493223351576
20.2004407626 1.27241269859e-05 -0.0491709395465
20.2632726157 1.25697683942e-05 -0.0490204648076
20.3261044687 1.24177444683e-05 -0.048870902613
20.3889363218 1.22680129742e-05 -0.0487222447341
20.4517681749 1.21205325679e-05 -0.0485744830408
20.5146000279 1.19752627738e-05 -0.0484276094999
20.577431881 1.18321639643e-05 -0.048281616174
20.6402637341 1.1691197339e-05 -0.0481364952196
20.7030955872 1.15523249053e-05 -0.0479922388864
20.7659274402 1.14155094572e-05 -0.0478488395145
20.8287592933 1.12807145507e-05 -0.0477062895327
20.8915911464 1.11479044921e-05 -0.0475645814578
20.9544229994 1.1017044322e-05 -0.0474237078941
21.0172548525 1.08880997985e-05 -0.0472836615325
21.0800867056 1.076103738e-05 -0.0471444351485
21.1429185587 1.06358242092e-05 -0.0470060216016
21.2057504117 1.05124280969e-05 -0.0468684138338
21.2685822648 1.03908175049e-05 -0.0467316048679
21.3314141179 1.02709615257e-05 -0.0465955878054
21.3942459709 1.01528298731e-05 -0.0464603558262
21.457077824 1.00363928704e-05 -0.0463259021885
21.5199096771 9.9216214355e-06 -0.0461922202271
21.5827415302 9.8084870679e-06 -0.0460593033527
21.6455733832 9.69696183522e-06 -0.0459271450508
21.7084052363 9.5870183603e-06 -0.0457957388802
21.7712370894 9.47862980861e-06 -0.0456650784728
21.8340689424 9.37176987445e-06 -0.0455351575313
21.8969007955 9.2664127646e-06 -0.0454059698276
21.9597326486 9.16253319146e-06 -0.045277509203
22.0225645017 9.06010636313e-06 -0.0451497695672
22.0853963547 8.9591079724e-06 -0.0450227448979
22.1482282078 8.85951418589e-06 -0.0448964292395
22.2110600609 8.76130163348e-06 -0.0447708167021
22.273891914 8.66444739812e-06 -0.0446459014611
22.336723767 8.5689290057e-06 -0.0445216777558
22.3995556201 8.47472441417e-06 -0.0443981398883
22.4623874732 8.38181200053e-06 -0.0442752822219
22.5252193262 8.29017055523e-06 -0.0441530991811
22.5880511793 8.19977927438e-06 -0.0440315852509
22.6508830324 8.11061775082e-06 -0.0439107349763
22.7137148855 8.02266596554e-06 -0.0437905429614
22.7765467385 7.93590427921e-06 -0.0436710038686
22.8393785916 7.85031342401e-06 -0.0435521124176
22.9022104447 7.76587449553e-06 -0.043433863385
22.9650422977 7.68256894409e-06 -0.0433162516029
23.0278741508 7.60037856429e-06 -0.0431992719577
23.0907060039 7.51928549058e-06 -0.0430829193899
23.153537857 7.43927219087e-06 -0.0429671888939
23.21636971 7.36032145948e-06 -0.0428520755171
23.2792015631 7.2824164102e-06 -0.0427375743592
23.3420334162 7.20554046948e-06 -0.0426236805718
23.4048652692 7.12967736988e-06 -0.0425103893572
23.4676971223 7.05481114354e-06 -0.0423976959683
23.5305289754 6.98092611515e-06 -0.0422855957073
23.5933608285 6.90800689337e-06 -0.0421740839244
23.6561926815 6.83603836739e-06 -0.0420631560181
23.7190245346 6.76500570191e-06 -0.0419528074347
23.7818563877 6.69489433139e-06 -0.0418430336676
23.8446882407 6.62568995444e-06 -0.0417338302567
23.9075200938 6.55737852838e-06 -0.041625192788
23.9703519469 6.48994626387e-06 -0.0415171168928
24.0331838 6.42337961972e-06 -0.0414095982472
24.096015653 6.35766529774e-06 -0.0413026325717
24.1588475061 6.29279023715e-06 -0.0411962156299
24.2216793592 6.22874160761e-06 -0.041090343228
24.2845112122 6.16550680674e-06 -0.0409850112142
24.3473430653 6.10307345605e-06 -0.0408802154791
24.4101749184 6.04142939652e-06 -0.0407759519545
24.4730067715 5.98056268405e-06 -0.0406722166134
24.5358386245 5.9204615852e-06 -0.0405690054693
24.5986704776 5.86111457291e-06 -0.0404663145755
24.6615023307 5.80251032239e-06 -0.0403641400249
24.7243341838 5.74463770701e-06 -0.0402624779494
24.7871660368 5.68748579385e-06 -0.0401613245192
24.8499978899 5.63104383823e-06 -0.0400606759416
24.912829743 5.57530128162e-06 -0.0399605284617
24.975661596 5.5202477485e-06 -0.0398608783612
25.0384934491 5.46587304273e-06 -0.0397617219589
25.1013253022 5.412167144e-06 -0.0396630556096
25.1641571553 5.35912020439e-06 -0.0395648757038
25.2269890083 5.30672254497e-06 -0.0394671786675
25.2898208614 5.2549646525e-06 -0.0393699609614
25.3526527145 5.20383717616e-06 -0.0392732190808
25.4154845675 5.15333092401e-06 -0.0391769495549
25.4783164206 5.10343685858e-06 -0.0390811489458
25.5411482737 5.05414609521e-06 -0.0389858138488
25.6039801268 5.00544989952e-06 -0.038890940892
25.6668119798 4.95733968452e-06 -0.038796526736
25.7296438329 4.90980700775e-06 -0.0387025680735
25.792475686 4.86284356852e-06 -0.0386090616287
25.855307539 4.81644120518e-06 -0.0385160041573
25.9181393921 4.77059189246e-06 -0.0384233924459
25.9809712452 4.72528773889e-06 -0.0383312233115
26.0438030983 4.68052098385e-06 -0.0382394936013
26.1066349513 4.63628399404e-06 -0.0381482001918
26.1694668044 4.59256926215e-06 -0.0380573399889
26.2322986575 4.54936940488e-06 -0.0379669099275
26.2951305105 4.50667716061e-06 -0.0378769069715
26.3579623636 4.46448538706e-06 -0.0377873281131
26.4207942167 4.42278705909e-06 -0.0376981703728
26.4836260698 4.38157526652e-06 -0.0376094307988
26.5464579228 4.34084321193e-06 -0.037521106467
26.6092897759 4.30058420861e-06 -0.0374331944802
26.672121629 4.26079167847e-06 -0.0373456919682
26.734953482 4.22145914973e-06 -0.0372585960873
26.7977853351 4.18258025402e-06 -0.0371719040195
26.8606171882 4.14414872543e-06 -0.0370856129724
26.9234490413 4.10615839894e-06 -0.0369997201797
26.9862808943 4.06860320856e-06 -0.0369142229001
27.0491127474 4.03147718552e-06 -0.0368291184176
27.1119446005 3.99477445647e-06 -0.0367444040408
27.1747764536 3.95848924176e-06 -0.036660077103
27.2376083066 3.92261585372e-06 -0.0365761349615
27.3004401597 3.88714869501e-06 -0.0364925749979
27.3632720128 3.85208225694e-06 -0.036409394617
27.4261038658 3.81741111768e-06 -0.0363265912474
27.4889357189 3.78312993993e-06 -0.0362441623402
27.551767572 3.74923347018e-06 -0.0361621053692
27.6145994251 3.71571653741e-06 -0.0360804178313
27.6774312781 3.68257405163e-06 -0.0359990972452
27.7402631312 3.64980100242e-06 -0.0359181411522
27.8030949843 3.6173924575e-06 -0.0358375471154
27.8659268373 3.58534356137e-06 -0.0357573127193
27.9287586904 3.55364953391e-06 -0.0356774355701
27.9915905435 3.52230566908e-06 -0.0355979132952
28.0544223966 3.49130733357e-06 -0.0355187435427
28.1172542496 3.46064996534e-06 -0.0354399239815
28.1800861027 3.43032907171e-06 -0.0353614523006
28.2429179558 3.40034022884e-06 -0.0352833262093
28.3057498088 3.37067908067e-06 -0.0352055434366
28.3685816619 3.34134133778e-06 -0.0351281017317
28.431413515 3.31232277617e-06 -0.0350509988632
28.4942453681 3.2836192362e-06 -0.0349742326192
28.5570772211 3.25522662138e-06 -0.0348978008071
28.6199090742 3.22714089736e-06 -0.0348217012529
28.6827409273 3.19935809078e-06 -0.0347459318019
28.7455727803 3.17187428827e-06 -0.0346704903176
28.8084046334 3.1446856354e-06 -0.0345953746821
28.8712364865 3.11778833549e-06 -0.0345205827953
28.9340683396 3.09117864816e-06 -0.0344461125752
28.9969001926 3.06485288885e-06 -0.0343719619572
29.0597320457 3.03880742804e-06 -0.0342981288946
29.1225638988 3.01303869028e-06 -0.0342246113578
29.1853957518 2.98754315333e-06 -0.0341514073347
29.2482276049 2.96231734718e-06 -0.0340785148302
29.311059458 2.93735785321e-06 -0.034005931866
29.3738913111 2.91266130332e-06 -0.0339336564805
29.4367231641 2.88822437907e-06 -0.0338616867288
29.4995550172 2.86404381085e-06 -0.0337900206822
29.5623868703 2.8401163769e-06 -0.033718656428
29.6252187234 2.81643890214e-06 -0.0336475920696
29.6880505764 2.79300825778e-06 -0.0335768257258
29.7508824295 2.76982136068e-06 -0.0335063555314
29.8137142826 2.74687517262e-06 -0.0334361796365
29.8765461356 2.72416669952e-06 -0.0333662962066
29.9393779887 2.70169299073e-06 -0.0332967034226
30.0022098418 2.67945113828e-06 -0.0332273994801
30.0650416949 2.65743827623e-06 -0.0331583825899
30.1278735479 2.63565157992e-06 -0.0330896509775
30.190705401 2.61408826531e-06 -0.0330212028827
30.2535372541 2.59274558832e-06 -0.0329530365601
30.3163691071 2.57162084418e-06 -0.0328851502783
30.3792009602 2.55071136665e-06 -0.0328175423202
30.4420328133 2.53001452709e-06 -0.0327502109824
30.5048646664 2.50952773413e-06 -0.0326831545753
30.5676965194 2.48924843326e-06 -0.0326163714229
30.6305283725 2.46917410618e-06 -0.0325498598629
30.6933602256 2.44930227022e-06 -0.0324836182465
30.7561920786 2.42963047777e-06 -0.0324176449381
30.8190239317 2.41015631574e-06 -0.0323519383154
30.8818557848 2.39087740496e-06 -0.032286496769
30.9446876379 2.37179139964e-06 -0.0322213187024
31.0075194909 2.35289598688e-06 -0.0321564025321
31.070351344 2.33418888611e-06 -0.032091746687
31.1331831971 2.31566784846e-06 -0.0320273496087
31.1960150501 2.29733065606e-06 -0.0319632097508
31.2588469032 2.27917512176e-06 -0.0318993255794
31.3216787563 2.26119908874e-06 -0.0318356955725
31.3845106094 2.24340043007e-06 -0.0317723182203
31.4473424624 2.22577704818e-06 -0.0317091920249
31.5101743155 2.20832687443e-06 -0.0316463155002
31.5730061686 2.19104786866e-06 -0.0315836871718
31.6358380216 2.17393801871e-06 -0.0315213055768
31.6986698747 2.15699534002e-06 -0.031459169264
31.7615017278 2.14021787517e-06 -0.0313972767932
31.8243335809 2.12360369346e-06 -0.0313356267358
31.8871654339 2.1071508905e-06 -0.031274217674
31.949997287 2.09085758774e-06 -0.0312130482013
32.0128291401 2.07472193181e-06 -0.0311521169217
32.0756609932 2.05874209437e-06 -0.03109142245
32.1384928462 2.04291627182e-06 -0.0310309634119
32.2013246993 2.0272426849e-06 -0.0309707384435
32.2641565524 2.01171957832e-06 -0.0309107461916
32.3269884054 1.99634522039e-06 -0.0308509853131
32.3898202585 1.98111790267e-06 -0.0307914544756
32.4526521116 1.96603593957e-06 -0.0307321523565
32.5154839647 1.95109766806e-06 -0.0306730776437
32.5783158177 1.93630144729e-06 -0.0306142290349
32.6411476708 1.92164565826e-06 -0.0305556052376
32.7039795239 1.90712870348e-06 -0.0304972049695
32.7668113769 1.8927490066e-06 -0.0304390269575
32.82964323 1.87850501191e-06 -0.0303810699384
32.8924750831 1.86439518419e-06 -0.0303233326584
32.9553069362 1.8504180085e-06 -0.0302658138732
33.0181387892 1.83657198981e-06 -0.0302085123476
33.0809706423 1.82285565277e-06 -0.030151426856
33.1438024954 1.80926754138e-06 -0.030094556182
33.2066343484 1.79580621869e-06 -0.030037899118
33.2694662015 1.78247026654e-06 -0.0299814544658
33.3322980546 1.76925828527e-06 -0.0299252210358
33.3951299077 1.75616889344e-06 -0.0298691976476
33.4579617607 1.74320072754e-06 -0.0298133831293
33.5207936138 1.73035244179e-06 -0.0297577763177
33.5836254669 1.71762270774e-06 -0.0297023760585
33.6464573199 1.70501021393e-06 -0.0296471812055
33.709289173 1.69251366578e-06 -0.0295921906209
33.7721210261 1.68013178536e-06 -0.0295374031756
33.8349528792 1.66786331117e-06 -0.0294828177484
33.8977847322 1.65570699791e-06 -0.0294284332267
33.9606165853 1.64366161621e-06 -0.0293742485057
34.0234484384 1.63172595243e-06 -0.029320262489
34.0862802914 1.61989880841e-06 -0.029266474088
34.1491121445 1.60817900124e-06 -0.0292128822221
34.2119439976 1.59656536306e-06 -0.0291594858186
34.2747758507 1.58505674082e-06 -0.0291062838125
34.3376077037 1.57365199608e-06 -0.0290532751465
34.4004395568 1.56235000479e-06 -0.0290004587711
34.4632714099 1.55114965705e-06 -0.0289478336443
34.526103263 1.54004985677e-06 -0.0288953987313
34.588935116 1.52904952161e-06 -0.028843153005
34.6517669691 1.5181475828e-06 -0.0287910954455
34.7145988222 1.507342985e-06 -0.0287392250402
34.7774306752 1.49663468602e-06 -0.028687540784
34.8402625283 1.48602165674e-06 -0.0286360416786
34.9030943814 1.47550288083e-06 -0.0285847267332
34.9659262345 1.46507735462e-06 -0.0285335949637
35.0287580875 1.4547440869e-06 -0.0284826453933
35.0915899406 1.44450209874e-06 -0.0284318770519
35.1544217937 1.43435042334e-06 -0.0283812889764
35.2172536467 1.42428810584e-06 -0.0283308802105
35.2800854998 1.41431420315e-06 -0.0282806498045
35.3429173529 1.40442778376e-06 -0.0282305968157
35.405749206 1.39462792747e-06 -0.0281807203075
35.468581059 1.38491372534e-06 -0.0281310193502
35.5314129121 1.37528427957e-06 -0.0280814930205
35.5942447652 1.36573870333e-06 -0.0280321404015
35.6570766182 1.35627612062e-06 -0.0279829605828
35.7199084713 1.34689566609e-06 -0.0279339526603
35.7827403244 1.33759648494e-06 -0.0278851157362
35.8455721775 1.32837773273e-06 -0.0278364489189
35.9084040305 1.31923857526e-06 -0.0277879513231
35.9712358836 1.31017818843e-06 -0.0277396220694
36.0340677367 1.30119575808e-06 -0.0276914602848
36.0968995897 1.29229047987e-06 -0.027643465102
36.1597314428 1.28346155913e-06 -0.0275956356599
36.2225632959 1.27470821073e-06 -0.0275479711033
36.285395149 1.26602965882e-06 -0.0275004705826
36.348227002 1.25742513684e-06 -0.0274531332541
36.4110588551 1.24889388739e-06 -0.02740595828
36.4738907082 1.24043516208e-06 -0.027358944828
36.5367225612 1.23204822148e-06 -0.0273120920718
36.5995544143 1.22373233491e-06 -0.0272653991902
36.6623862674 1.21548678041e-06 -0.0272188653682
36.7252181205 1.20731084453e-06 -0.0271724897958
36.7880499735 1.1992038223e-06 -0.0271262716688
36.8508818266 1.19116501706e-06 -0.0270802101884
36.9137136797 1.18319374036e-06 -0.027034304561
36.9765455328 1.17528931187e-06 -0.0269885539986
37.0393773858 1.16745105924e-06 -0.0269429577184
37.1022092389 1.15967831802e-06 -0.0268975149428
37.165041092 1.1519704315e-06 -0.0268522248994
37.227872945 1.14432675059e-06 -0.026807086821
37.2907047981 1.13674663373e-06 -0.0267620999455
37.3535366512 1.12922944684e-06 -0.0267172635157
37.4163685043 1.12177456324e-06 -0.0266725767797
37.4792003573 1.1143813635e-06 -0.0266280389904
37.5420322104 1.10704923539e-06 -0.0265836494059
37.6048640635 1.09977757378e-06 -0.0265394072888
37.6676959165 1.09256578051e-06 -0.0264953119071
37.7305277696 1.08541326433e-06 -0.0264513625332
37.7933596227 1.07831944082e-06 -0.0264075584446
37.8561914758 1.07128373226e-06 -0.0263638989233
37.9190233288 1.06430556757e-06 -0.0263203832562
37.9818551819 1.05738438221e-06 -0.0262770107349
38.044687035 1.05051961812e-06 -0.0262337806555
38.107518888 1.04371072357e-06 -0.0261906923187
38.1703507411 1.03695715307e-06 -0.0261477450299
38.2331825942 1.03025836732e-06 -0.0261049380989
38.2960144473 1.02361383316e-06 -0.0260622708398
38.3588463003 1.01702302346e-06 -0.0260197425716
38.4216781534 1.01048541709e-06 -0.0259773526172
38.4845100065 1.00400049881e-06 -0.0259351003042
38.5473418595 9.97567759185e-07 -0.0258929849646
38.6101737126 9.91186694552e-07 -0.0258510059346
38.6730055657 9.84856806901e-07 -0.0258091625545
38.7358374188 9.78577603829e-07 -0.0257674541693
38.7986692718 9.72348598458e-07 -0.0257258801277
38.8615011249 9.66169309364e-07 -0.025684439783
38.924332978 9.60039260513e-07 -0.0256431324923
38.987164831 9.53957981185e-07 -0.0256019576172
39.0499966841 9.47925005913e-07 -0.0255609145229
39.1128285372 9.41939874394e-07 -0.0255200025791
39.1756603903 9.36002131382e-07 -0.0254792211592
39.2384922433 9.3011132667e-07 -0.0254385696405
39.3013240964 9.2426701504e-07 -0.0253980474044
39.3641559495 9.18468756203e-07 -0.0253576538363
39.4269878026 9.12716114731e-07 -0.0253173883254
39.4898196556 9.0700866e-07 -0.0252772502646
39.5526515087 9.01345966132e-07 -0.0252372390508
39.6154833618 8.95727611927e-07 -0.0251973540847
39.6783152148 8.90153180812e-07 -0.0251575947707
39.7411470679 8.84622260779e-07 -0.025117960517
39.803978921 8.79134444328e-07 -0.0250784507355
39.8668107741 8.73689328412e-07 -0.0250390648417
39.9296426271 8.68286514385e-07 -0.0249998022548
39.9924744802 8.62925607934e-07 -0.0249606623977
40.0553063333 8.57606219042e-07 -0.0249216446968
40.1181381863 8.52327961912e-07 -0.024882748582
40.1809700394 8.47090454881e-07 -0.024843973487
40.2438018925 8.41893320408e-07 -0.0248053188485
40.3066337456 8.3673618503e-07 -0.0247667841072
40.3694655986 8.31618679317e-07 -0.0247283687069
40.4322974517 8.2654043782e-07 -0.024690072095
40.4951293048 8.2150109902e-07 -0.0246518937222
40.5579611578 8.16500305285e-07 -0.0246138330428
40.6207930109 8.11537702815e-07 -0.0245758895141
40.683624864 8.06612941602e-07 -0.024538062597
40.7464567171 8.01725675378e-07 -0.0245003517557
40.8092885701 7.96875561574e-07 -0.0244627564575
40.8721204232 7.9206226127e-07 -0.0244252761731
40.9349522763 7.87285439157e-07 -0.0243879103763
40.9977841293 7.82544763486e-07 -0.0243506585443
41.0606159824 7.7783990603e-07 -0.0243135201574
41.1234478355 7.7317054203e-07 -0.0242764946988
41.1862796886 7.68536350119e-07 -0.0242395816552
41.2491115416 7.63937012318e-07 -0.024202780516
41.3119433947 7.59372214003e-07 -0.0241660907741
41.3747752478 7.54841643863e-07 -0.0241295119251
41.4376071008 7.50344993858e-07 -0.0240930434678
41.5004389539 7.45881959187e-07 -0.024056684904
41.563270807 7.41452238243e-07 -0.0240204357385
41.6261026601 7.37055532575e-07 -0.0239842954791
41.6889345131 7.32691546854e-07 -0.0239482636364
41.7517663662 7.28359988833e-07 -0.023912339724
41.8145982193 7.2406056931e-07 -0.0238765232586
41.8774300724 7.19793002091e-07 -0.0238408137595
41.9402619254 7.15557003961e-07 -0.0238052107489
42.0030937785 7.11352294636e-07 -0.0237697137521
42.0659256316 7.07178596742e-07 -0.0237343222969
42.1287574846 7.0303563577e-07 -0.023699035914
42.1915893377 6.9892314004e-07 -0.023663854137
42.2544211908 6.94840840639e-07 -0.0236287765021
42.3172530439 6.9078847142e-07 -0.0235938025482
42.3800848969 6.86765768968e-07 -0.023558931817
42.44291675 6.82772472577e-07 -0.0235241638529
42.5057486031 6.78808324212e-07 -0.0234894982028
42.5685804561 6.74873068481e-07 -0.0234549344166
42.6314123092 6.70966452604e-07 -0.0234204720464
42.6942441623 6.67088226381e-07 -0.0233861106473
42.7570760154 6.63238142161e-07 -0.0233518497768
42.8199078684 6.59415954816e-07 -0.0233176889951
42.8827397215 6.5562142171e-07 -0.0232836278648
42.9455715746 6.51854302667e-07 -0.0232496659512
43.0084034276 6.48114359945e-07 -0.023215802822
43.0712352807 6.4440135821e-07 -0.0231820380475
43.1340671338 6.40715064505e-07 -0.0231483712004
43.1968989869 6.37055248226e-07 -0.023114801856
43.2597308399 6.3342168108e-07 -0.023081329592
43.322562693 6.29814137049e-07 -0.0230479539884
43.3853945461 6.26232392376e-07 -0.0230146746276
43.4482263991 6.22676225553e-07 -0.0229814910946
43.5110582522 6.19145417287e-07 -0.0229484029767
43.5738901053 6.15639750483e-07 -0.0229154098635
43.6367219584 6.12159010211e-07 -0.0228825113469
43.6995538114 6.08702983689e-07 -0.0228497070213
43.7623856645 6.05271460252e-07 -0.0228169964833
43.8252175176 6.01864231332e-07 -0.0227843793318
43.8880493706 5.98481090429e-07 -0.022751855168
43.9508812237 5.951218331e-07 -0.0227194235955
44.0137130768 5.91786256916e-07 -0.02268708422
44.0765449299 5.88474161458e-07 -0.0226548366493
44.1393767829 5.85185348282e-07 -0.0226226804938
44.202208636 5.81919620906e-07 -0.0225906153657
44.2650404891 5.78676784778e-07 -0.0225586408796
44.3278723422 5.7545664726e-07 -0.0225267566524
44.3907041952 5.72259017604e-07 -0.0224949623028
44.4535360483 5.69083706906e-07 -0.0224632574519
44.5163679014 5.65930528111e-07 -0.0224316417229
44.5791997544 5.62799295989e-07 -0.0224001147409
44.6420316075 5.59689827123e-07 -0.0223686761334
44.7048634606 5.56601939883e-07 -0.0223373255297
44.7676953137 5.53535454409e-07 -0.0223060625613
44.8305271667 5.50490192591e-07 -0.0222748868618
44.8933590198 5.47465978045e-07 -0.0222437980667
44.9561908729 5.44462636102e-07 -0.0222127958138
45.0190227259 5.41479993783e-07 -0.0221818797425
45.081854579 5.38517879782e-07 -0.0221510494945
45.1446864321 5.35576124448e-07 -0.0221203047135
45.2075182852 5.32654559767e-07 -0.022089645045
45.2703501382 5.29753019339e-07 -0.0220590701365
45.3331819913 5.26871338371e-07 -0.0220285796374
45.3960138444 5.24009353647e-07 -0.0219981731993
45.4588456974 5.2116690352e-07 -0.0219678504754
45.5216775505 5.18343827885e-07 -0.0219376111209
45.5845094036 5.1553996815e-07 -0.021907454793
45.6473412567 5.12755167237e-07 -0.0218773811505
45.7101731097 5.09989269563e-07 -0.0218473898543
45.7730049628 5.07242121028e-07 -0.0218174805671
45.8358368159 5.04513569e-07 -0.0217876529533
45.8986686689 5.01803462294e-07 -0.0217579066794
45.961500522 4.99111651163e-07 -0.0217282414134
46.0243323751 4.96437987277e-07 -0.0216986568254
46.0871642282 4.9378232371e-07 -0.021669152587
46.1499960812 4.91144514923e-07 -0.0216397283719
46.2128279343 4.88524416752e-07 -0.0216103838552
46.2756597874 4.85921886392e-07 -0.0215811187141
46.3384916404 4.83336782381e-07 -0.0215519326272
46.4013234935 4.80768964586e-07 -0.0215228252752
46.4641553466 4.78218294189e-07 -0.0214937963403
46.5269871997 4.75684633676e-07 -0.0214648455063
46.5898190527 4.73167846816e-07 -0.021435972459
46.6526509058 4.70667798654e-07 -0.0214071768857
46.7154827589 4.6818435549e-07 -0.0213784584753
46.778314612 4.65717384856e-07 -0.0213498169184
46.841146465 4.63266755514e-07 -0.0213212519074
46.9039783181 4.60832337447e-07 -0.0212927631362
46.9668101712 4.58414001843e-07 -0.0212643503004
47.0296420242 4.56011621086e-07 -0.021236013097
47.0924738773 4.53625068744e-07 -0.0212077512249
47.1553057304 4.5125421955e-07 -0.0211795643844
47.2181375835 4.48898949399e-07 -0.0211514522775
47.2809694365 4.46559135327e-07 -0.0211234146077
47.3438012896 4.44234655505e-07 -0.0210954510801
47.4066331427 4.41925389223e-07 -0.0210675614014
47.4694649957 4.39631216884e-07 -0.0210397452798
47.5322968488 4.37352019983e-07 -0.021012002425
47.5951287019 4.35087681104e-07 -0.0209843325482
47.657960555 4.32838083906e-07 -0.0209567353623
47.720792408 4.30603113111e-07 -0.0209292105815
47.7836242611 4.28382654491e-07 -0.0209017579216
47.8464561142 4.26176594862e-07 -0.0208743770998
47.9092879672 4.23984822067e-07 -0.020847067835
47.9721198203 4.21807224955e-07 -0.0208198298471
48.0349516734 4.19643693384e-07 -0.0207926628579
48.0977835265 4.17494118211e-07 -0.0207655665906
48.1606153795 4.15358391279e-07 -0.0207385407694
48.2234472326 4.13236405411e-07 -0.0207115851206
48.2862790857 4.11128054401e-07 -0.0206846993713
48.3491109387 4.09033232995e-07 -0.0206578832504
48.4119427918 4.06951836894e-07 -0.020631136488
48.4747746449 4.04883762732e-07 -0.0206044588158
48.537606498 4.02828908075e-07 -0.0205778499666
48.600438351 4.00787171409e-07 -0.0205513096748
48.6632702041 3.98758452127e-07 -0.0205248376761
48.7261020572 3.96742650526e-07 -0.0204984337076
48.7889339102 3.94739667793e-07 -0.0204720975075
48.8517657633 3.92749405996e-07 -0.0204458288157
48.9145976164 3.90771768078e-07 -0.0204196273733
48.9774294695 3.88806657846e-07 -0.0203934929225
49.0402613225 3.86853979963e-07 -0.0203674252072
49.1030931756 3.84913639935e-07 -0.0203414239723
49.1659250287 3.82985544098e-07 -0.0203154889641
49.2287568818 3.81069599615e-07 -0.0202896199301
49.2915887348 3.7916571447e-07 -0.0202638166193
49.3544205879 3.77273797463e-07 -0.0202380787817
49.417252441 3.75393758195e-07 -0.0202124061688
49.480084294 3.73525507067e-07 -0.0201867985331
49.5429161471 3.71668955269e-07 -0.0201612556287
49.6057480002 3.6982401477e-07 -0.0201357772105
49.6685798533 3.67990598315e-07 -0.020110363035
49.7314117063 3.66168619413e-07 -0.0200850128598
49.7942435594 3.6435799233e-07 -0.0200597264437
49.8570754125 3.62558632085e-07 -0.0200345035467
49.9199072655 3.60770454435e-07 -0.0200093439301
49.9827391186 3.58993375877e-07 -0.0199842473562
50.0455709717 3.57227313634e-07 -0.0199592135887
50.1084028248 3.55472185649e-07 -0.0199342423923
50.1712346778 3.53727910579e-07 -0.019909333533
50.2340665309 3.51994407789e-07 -0.0198844867779
50.296898384 3.50271597341e-07 -0.0198597018954
50.359730237 3.48559399989e-07 -0.0198349786548
50.4225620901 3.46857737177e-07 -0.0198103168268
50.4853939432 3.45166531009e-07 -0.0197857161829
50.5482257963 3.4348570427e-07 -0.0197611764961
50.6110576493 3.41815180403e-07 -0.0197366975404
50.6738895024 3.40154883514e-07 -0.0197122790906
50.7367213555 3.38504738361e-07 -0.0196879209232
50.7995532085 3.36864670349e-07 -0.0196636228152
50.8623850616 3.3523460552e-07 -0.0196393845451
50.9252169147 3.33614470553e-07 -0.0196152058924
50.9880487678 3.32004192754e-07 -0.0195910866376
51.0508806208 3.30403700047e-07 -0.0195670265623
51.1137124739 3.28812920976e-07 -0.0195430254492
51.176544327 3.27231784691e-07 -0.019519083082
51.23937618 3.25660220947e-07 -0.0194951992456
51.3022080331 3.24098160094e-07 -0.0194713737259
51.3650398862 3.22545533077e-07 -0.0194476063096
51.4278717393 3.21002271425e-07 -0.0194238967848
51.4907035923 3.19468307246e-07 -0.0194002449403
51.5535354454 3.17943573226e-07 -0.0193766505663
51.6163672985 3.16428002617e-07 -0.0193531134537
51.6791991516 3.14921529233e-07 -0.0193296333945
51.7420310046 3.13424087442e-07 -0.0193062101818
51.8048628577 3.11935612163e-07 -0.0192828436095
51.8676947108 3.10456038858e-07 -0.0192595334727
51.9305265638 3.08985303538e-07 -0.0192362795673
51.9933584169 3.07523342747e-07 -0.0192130816903
52.05619027 3.06070093563e-07 -0.0191899396398
52.1190221231 3.04625493588e-07 -0.0191668532145
52.1818539761 3.03189480948e-07 -0.0191438222143
52.2446858292 3.01761994285e-07 -0.0191208464402
52.3075176823 3.00342972754e-07 -0.0190979256939
52.3703495353 2.98932356017e-07 -0.0190750597782
52.4331813884 2.97530084235e-07 -0.0190522484967
52.4960132415 2.96136098072e-07 -0.0190294916541
52.5588450946 2.94750338677e-07 -0.0190067890558
52.6216769476 2.93372747695e-07 -0.0189841405085
52.6845088007 2.9200326725e-07 -0.0189615458194
52.7473406538 2.90641839945e-07 -0.018939004797
52.8101725068 2.89288408857e-07 -0.0189165172503
52.8730043599 2.87942917535e-07 -0.0188940829895
52.935836213 2.86605309991e-07 -0.0188717018257
52.9986680661 2.85275530698e-07 -0.0188493735707
53.0614999191 2.83953524579e-07 -0.0188270980374
53.1243317722 2.82639237009e-07 -0.0188048750393
53.1871636253 2.81332613811e-07 -0.0187827043911
53.2499954783 2.80033601253e-07 -0.0187605859082
53.3128273314 2.7874214604e-07 -0.0187385194067
53.3756591845 2.77458195316e-07 -0.018716504704
53.4384910376 2.76181696655e-07 -0.0186945416179
53.5013228906 2.74912598059e-07 -0.0186726299673
53.5641547437 2.73650847954e-07 -0.0186507695719
53.6269865968 2.72396395185e-07 -0.0186289602523
53.6898184498 2.71149189012e-07 -0.0186072018299
53.7526503029 2.69909179109e-07 -0.0185854941267
53.815482156 2.68676315558e-07 -0.0185638369659
53.8783140091 2.67450548843e-07 -0.0185422301714
53.9411458621 2.66231829851e-07 -0.0185206735677
54.0039777152 2.65020109865e-07 -0.0184991669804
54.0668095683 2.63815340561e-07 -0.0184777102358
54.1296414214 2.62617474005e-07 -0.0184563031609
54.1924732744 2.61426462649e-07 -0.0184349455837
54.2553051275 2.60242259327e-07 -0.0184136373328
54.3181369806 2.59064817251e-07 -0.0183923782378
54.3809688336 2.57894090011e-07 -0.0183711681289
54.4438006867 2.5673003156e-07 -0.018350006837
54.5066325398 2.55572596222e-07 -0.0183288941941
54.5694643929 2.54421738685e-07 -0.0183078300327
54.6322962459 2.53277413999e-07 -0.0182868141862
54.695128099 2.52139577573e-07 -0.0182658464886
54.7579599521 2.51008185171e-07 -0.0182449267749
54.8207918051 2.4988319291e-07 -0.0182240548806
54.8836236582 2.48764557255e-07 -0.0182032306421
54.9464555113 2.47652235017e-07 -0.0181824538966
55.0092873644 2.46546183351e-07 -0.0181617244818
55.0721192174 2.45446359749e-07 -0.0181410422365
55.1349510705 2.44352722042e-07 -0.0181204069999
55.1977829236 2.43265228393e-07 -0.0180998186121
55.2606147766 2.42183837296e-07 -0.0180792769138
55.3234466297 2.41108507573e-07 -0.0180587817466
55.3862784828 2.40039198367e-07 -0.0180383329527
55.4491103359 2.38975869149e-07 -0.018017930375
55.5119421889 2.37918479702e-07 -0.0179975738571
55.574774042 2.3686699013e-07 -0.0179772632435
55.6376058951 2.35821360846e-07 -0.0179569983791
55.7004377481 2.34781552576e-07 -0.0179367791096
55.7632696012 2.33747526351e-07 -0.0179166052816
55.8261014543 2.32719243503e-07 -0.0178964767421
55.8889333074 2.31696665667e-07 -0.0178763933389
55.9517651604 2.30679754774e-07 -0.0178563549206
56.0145970135 2.29668473055e-07 -0.0178363613362
56.0774288666 2.28662783032e-07 -0.0178164124355
56.1402607196 2.27662647523e-07 -0.0177965080692
56.2030925727 2.26668029628e-07 -0.0177766480883
56.2659244258 2.25678892739e-07 -0.0177568323447
56.3287562789 2.24695200529e-07 -0.0177370606908
56.3915881319 2.23716916954e-07 -0.0177173329798
56.454419985 2.22744006246e-07 -0.0176976490656
56.5172518381 2.21776432915e-07 -0.0176780088025
56.5800836912 2.20814161744e-07 -0.0176584120455
56.6429155442 2.1985715779e-07 -0.0176388586506
56.7057473973 2.18905386374e-07 -0.0176193484739
56.7685792504 2.17958813089e-07 -0.0175998813725
56.8314111034 2.17017403788e-07 -0.0175804572041
56.8942429565 2.16081124588e-07 -0.0175610758268
56.9570748096 2.15149941866e-07 -0.0175417370996
57.0199066627 2.14223822255e-07 -0.017522440882
57.0827385157 2.13302732645e-07 -0.0175031870339
57.1455703688 2.12386640176e-07 -0.0174839754163
57.2084022219 2.1147551224e-07 -0.0174648058904
57.2712340749 2.10569316475e-07 -0.0174456783181
57.334065928 2.09668020764e-07 -0.017426592562
57.3968977811 2.08771593233e-07 -0.0174075484852
57.4597296342 2.07880002254e-07 -0.0173885459515
57.5225614872 2.06993216433e-07 -0.0173695848252
57.5853933403 2.0611120462e-07 -0.0173506649711
57.6482251934 2.05233935897e-07 -0.0173317862548
57.7110570464 2.0436137958e-07 -0.0173129485424
57.7738888995 2.0349350522e-07 -0.0172941517005
57.8367207526 2.02630282595e-07 -0.0172753955964
57.8995526057 2.01771681711e-07 -0.0172566800979
57.9623844587 2.00917672801e-07 -0.0172380050733
58.0252163118 2.00068226322e-07 -0.0172193703918
58.0880481649 1.99223312951e-07 -0.0172007759226
58.1508800179 1.98382903587e-07 -0.017182221536
58.213711871 1.97546969347e-07 -0.0171637071026
58.2765437241 1.96715481564e-07 -0.0171452324936
58.3393755772 1.95888411785e-07 -0.0171267975807
58.4022074302 1.95065731771e-07 -0.0171084022363
58.4650392833 1.94247413492e-07 -0.0170900463331
58.5278711364 1.93433429129e-07 -0.0170717297446
58.5907029894 1.92623751068e-07 -0.0170534523447
58.6535348425 1.91818351903e-07 -0.0170352140079
58.7163666956 1.91017204427e-07 -0.0170170146091
58.7791985487 1.90220281634e-07 -0.016998854024
58.8420304017 1.8942755672e-07 -0.0169807321285
58.9048622548 1.88639003079e-07 -0.0169626487993
58.9676941079 1.87854594303e-07 -0.0169446039135
59.030525961 1.87074304177e-07 -0.0169265973486
59.093357814 1.86298106682e-07 -0.016908628983
59.1561896671 1.85525975989e-07 -0.0168906986951
59.2190215202 1.84757886461e-07 -0.0168728063643
59.2818533732 1.83993812649e-07 -0.0168549518702
59.3446852263 1.83233729292e-07 -0.0168371350929
59.4075170794 1.82477611313e-07 -0.0168193559133
59.4703489325 1.8172543382e-07 -0.0168016142125
59.5331807855 1.80977172105e-07 -0.0167839098723
59.5960126386 1.80232801639e-07 -0.0167662427747
59.6588444917 1.79492298072e-07 -0.0167486128026
59.7216763447 1.78755637233e-07 -0.0167310198392
59.7845081978 1.7802279513e-07 -0.016713463768
59.8473400509 1.7729374794e-07 -0.0166959444733
59.910171904 1.7656847202e-07 -0.0166784618397
59.973003757 1.75846943895e-07 -0.0166610157524
60.0358356101 1.75129140261e-07 -0.0166436060969
60.0986674632 1.74415037986e-07 -0.0166262327594
60.1614993162 1.73704614102e-07 -0.0166088956265
60.2243311693 1.72997845807e-07 -0.0165915945851
60.2871630224 1.72294710465e-07 -0.0165743295227
60.3499948755 1.71595185601e-07 -0.0165571003274
60.4128267285 1.70899248903e-07 -0.0165399068875
60.4756585816 1.70206878222e-07 -0.016522749092
60.5384904347 1.69518051568e-07 -0.0165056268301
60.6013222877 1.68832747108e-07 -0.0164885399918
60.6641541408 1.68150943167e-07 -0.0164714884673
60.7269859939 1.67472618227e-07 -0.0164544721472
60.789817847 1.66797750922e-07 -0.0164374909228
60.8526497 1.66126320042e-07 -0.0164205446857
60.9154815531 1.65458304526e-07 -0.0164036333279
60.9783134062 1.64793683467e-07 -0.0163867567419
61.0411452592 1.64132436105e-07 -0.0163699148208
61.1039771123 1.6347454183e-07 -0.0163531074578
61.1668089654 1.62819980178e-07 -0.0163363345468
61.2296408185 1.62168730831e-07 -0.0163195959821
61.2924726715 1.61520773617e-07 -0.0163028916583
61.3553045246 1.60876088506e-07 -0.0162862214706
61.4181363777 1.6023465561e-07 -0.0162695853144
61.4809682308 1.59596455185e-07 -0.0162529830859
61.5438000838 1.58961467623e-07 -0.0162364146813
61.6066319369 1.58329673459e-07 -0.0162198799976
61.66946379 1.57701053363e-07 -0.0162033789318
61.732295643 1.57075588141e-07 -0.0161869113818
61.7951274961 1.56453258736e-07 -0.0161704772455
61.8579593492 1.55834046222e-07 -0.0161540764214
61.9207912023 1.55217931809e-07 -0.0161377088084
61.9836230553 1.54604896837e-07 -0.0161213743058
62.0464549084 1.53994922778e-07 -0.0161050728133
62.1092867615 1.53387991235e-07 -0.0160888042311
62.1721186145 1.52784083941e-07 -0.0160725684595
62.2349504676 1.52183182754e-07 -0.0160563653996
62.2977823207 1.51585269662e-07 -0.0160401949526
62.3606141738 1.50990326777e-07 -0.0160240570203
62.4234460268 1.50398336339e-07 -0.0160079515047
62.4862778799 1.49809280709e-07 -0.0159918783084
62.549109733 1.49223142373e-07 -0.0159758373342
62.611941586 1.48639903939e-07 -0.0159598284853
62.6747734391 1.48059548134e-07 -0.0159438516655
62.7376052922 1.47482057809e-07 -0.0159279067788
62.8004371453 1.4690741593e-07 -0.0159119937296
62.8632689983 1.46335605585e-07 -0.0158961124228
62.9261008514 1.45766609977e-07 -0.0158802627634
62.9889327045 1.45200412426e-07 -0.0158644446571
63.0517645575 1.44636996368e-07 -0.0158486580098
63.1145964106 1.44076345353e-07 -0.0158329027278
63.1774282637 1.43518443045e-07 -0.0158171787179
63.2402601168 1.4296327322e-07 -0.015801485887
63.3030919698 1.42410819767e-07 -0.0157858241425
63.3659238229 1.41861066683e-07 -0.0157701933923
63.428755676 1.41313998077e-07 -0.0157545935446
63.491587529 1.40769598164e-07 -0.0157390245077
63.5544193821 1.40227851271e-07 -0.0157234861906
63.6172512352 1.3968874183e-07 -0.0157079785025
63.6800830883 1.39152254381e-07 -0.015692501353
63.7429149413 1.38618373571e-07 -0.0156770546521
63.8057467944 1.38087084148e-07 -0.01566163831
63.8685786475 1.37558370969e-07 -0.0156462522374
63.9314105006 1.37032218991e-07 -0.0156308963452
63.9942423536 1.36508613275e-07 -0.0156155705449
64.0570742067 1.35987538985e-07 -0.0156002747481
64.1199060598 1.35468981383e-07 -0.0155850088668
64.1827379128 1.34952925835e-07 -0.0155697728135
64.2455697659 1.34439357803e-07 -0.0155545665008
64.308401619 1.33928262849e-07 -0.0155393898419
64.3712334721 1.33419626634e-07 -0.01552424275
64.4340653251 1.32913434914e-07 -0.0155091251391
64.4968971782 1.32409673544e-07 -0.015494036923
64.5597290313 1.31908328472e-07 -0.0154789780163
64.6225608843 1.31409385743e-07 -0.0154639483337
64.6853927374 1.30912831496e-07 -0.0154489477902
64.7482245905 1.30418651961e-07 -0.0154339763013
64.8110564436 1.29926833464e-07 -0.0154190337827
64.8738882966 1.29437362421e-07 -0.0154041201503
64.9367201497 1.2895022534e-07 -0.0153892353207
64.9995520028 1.28465408817e-07 -0.0153743792105
65.0623838558 1.27982899541e-07 -0.0153595517366
65.1252157089 1.27502684286e-07 -0.0153447528165
65.188047562 1.27024749918e-07 -0.0153299823678
65.2508794151 1.26549083389e-07 -0.0153152403084
65.3137112681 1.26075671739e-07 -0.0153005265567
65.3765431212 1.25604502094e-07 -0.0152858410312
65.4393749743 1.25135561666e-07 -0.0152711836509
65.5022068273 1.24668837753e-07 -0.0152565543349
65.5650386804 1.24204317737e-07 -0.0152419530028
65.6278705335 1.23741989084e-07 -0.0152273795744
65.6907023866 1.23281839343e-07 -0.0152128339699
65.7535342396 1.22823856145e-07 -0.0151983161096
65.8163660927 1.22368027206e-07 -0.0151838259145
65.8791979458 1.2191434032e-07 -0.0151693633054
65.9420297988 1.21462783364e-07 -0.0151549282037
66.0048616519 1.21013344293e-07 -0.0151405205312
66.067693505 1.20566011144e-07 -0.0151261402097
66.1305253581 1.20120772033e-07 -0.0151117871614
66.1933572111 1.19677615151e-07 -0.015097461309
66.2561890642 1.1923652877e-07 -0.0150831625752
66.3190209173 1.18797501239e-07 -0.0150688908832
66.3818527704 1.18360520983e-07 -0.0150546461564
66.4446846234 1.17925576502e-07 -0.0150404283184
66.5075164765 1.17492656373e-07 -0.0150262372932
66.5703483296 1.17061749247e-07 -0.0150120730052
66.6331801826 1.16632843851e-07 -0.0149979353789
66.6960120357 1.16205928981e-07 -0.0149838243391
66.7588438888 1.15780993511e-07 -0.0149697398109
66.8216757419 1.15358026383e-07 -0.0149556817198
66.8845075949 1.14937016615e-07 -0.0149416499913
66.947339448 1.14517953295e-07 -0.0149276445516
67.0101713011 1.1410082558e-07 -0.0149136653268
67.0730031541 1.13685622702e-07 -0.0148997122434
67.1358350072 1.1327233396e-07 -0.0148857852282
67.1986668603 1.12860948723e-07 -0.0148718842082
67.2614987134 1.1245145643e-07 -0.0148580091109
67.3243305664 1.12043846586e-07 -0.0148441598638
67.3871624195 1.11638108766e-07 -0.0148303363947
67.4499942726 1.11234232614e-07 -0.0148165386319
67.5128261256 1.10832207838e-07 -0.0148027665036
67.5756579787 1.10432024213e-07 -0.0147890199386
67.6384898318 1.10033671582e-07 -0.0147752988659
67.7013216849 1.09637139851e-07 -0.0147616032145
67.7641535379 1.09242418993e-07 -0.0147479329141
67.826985391 1.08849499044e-07 -0.0147342878942
67.8898172441 1.08458370104e-07 -0.0147206680849
67.9526490971 1.0806902234e-07 -0.0147070734164
68.0154809502 1.07681445977e-07 -0.0146935038193
68.0783128033 1.07295631306e-07 -0.0146799592241
68.1411446564 1.06911568679e-07 -0.0146664395621
68.2039765094 1.06529248511e-07 -0.0146529447644
68.2668083625 1.06148661277e-07 -0.0146394747625
68.3296402156 1.05769797513e-07 -0.0146260294882
68.3924720686 1.05392647815e-07 -0.0146126088735
68.4553039217 1.05017202838e-07 -0.0145992128507
68.5181357748 1.04643453297e-07 -0.0145858413523
68.5809676279 1.04271389967e-07 -0.014572494311
68.6437994809 1.03901003681e-07 -0.0145591716598
68.706631334 1.0353228533e-07 -0.014545873332
68.7694631871 1.03165225863e-07 -0.0145325992611
68.8322950402 1.02799816286e-07 -0.0145193493808
68.8951268932 1.02436047662e-07 -0.014506123625
68.9579587463 1.02073911112e-07 -0.014492921928
69.0207905994 1.01713397812e-07 -0.0144797442243
69.0836224524 1.01354498994e-07 -0.0144665904484
69.1464543055 1.00997205945e-07 -0.0144534605354
69.2092861586 1.00641510006e-07 -0.0144403544204
69.2721180117 1.00287402576e-07 -0.0144272720388
69.3349498647 9.99348751045e-08 -0.0144142133262
69.3977817178 9.95839190968e-08 -0.0144011782185
69.4606135709 9.92345261111e-08 -0.0143881666517
69.5234454239 9.88866877581e-08 -0.0143751785623
69.586277277 9.85403957019e-08 -0.0143622138867
69.6491091301 9.81956416583e-08 -0.0143492725617
69.7119409832 9.78524173955e-08 -0.0143363545244
69.7747728362 9.75107147327e-08 -0.014323459712
69.8376046893 9.71705255402e-08 -0.0143105880619
69.9004365424 9.68318417398e-08 -0.0142977395118
69.9632683954 9.64946553026e-08 -0.0142849139996
70.0261002485 9.61589582508e-08 -0.0142721114635
70.0889321016 9.58247426559e-08 -0.0142593318418
70.1517639547 9.54920006375e-08 -0.0142465750731
70.2145958077 9.51607243646e-08 -0.0142338410962
70.2774276608 9.48309060546e-08 -0.01422112985
70.3402595139 9.45025379742e-08 -0.0142084412738
70.4030913669 9.41756124359e-08 -0.014195775307
70.46592322 9.38501218018e-08 -0.0141831318894
70.5287550731 9.3526058481e-08 -0.0141705109607
70.5915869262 9.32034149288e-08 -0.014157912461
70.6544187792 9.28821836474e-08 -0.0141453363307
70.7172506323 9.25623571851e-08 -0.0141327825103
70.7800824854 9.22439281371e-08 -0.0141202509404
70.8429143384 9.19268891433e-08 -0.014107741562
70.9057461915 9.16112328886e-08 -0.0140952543162
70.9685780446 9.12969521042e-08 -0.0140827891445
71.0314098977 9.09840395651e-08 -0.0140703459882
71.0942417507 9.06724880908e-08 -0.0140579247893
71.1570736038 9.03622905447e-08 -0.0140455254896
71.2199054569 9.00534398343e-08 -0.0140331480314
71.28273731 8.97459289101e-08 -0.0140207923569
71.345569163 8.94397507665e-08 -0.0140084584088
71.4084010161 8.91348984393e-08 -0.0139961461299
71.4712328692 8.88313650086e-08 -0.0139838554631
71.5340647222 8.85291435956e-08 -0.0139715863516
71.5968965753 8.82282273634e-08 -0.0139593387388
71.6597284284 8.79286095175e-08 -0.0139471125682
71.7225602815 8.7630283304e-08 -0.0139349077837
71.7853921345 8.73332420105e-08 -0.0139227243291
71.8482239876 8.70374789654e-08 -0.0139105621487
71.9110558407 8.67429875371e-08 -0.0138984211868
71.9738876937 8.64497611339e-08 -0.013886301388
72.0367195468 8.61577932045e-08 -0.0138742026969
72.0995513999 8.58670772365e-08 -0.0138621250586
72.162383253 8.5577606757e-08 -0.0138500684182
72.225215106 8.52893753326e-08 -0.0138380327209
72.2880469591 8.50023765688e-08 -0.0138260179124
72.3508788122 8.47166041093e-08 -0.0138140239382
72.4137106652 8.44320516361e-08 -0.0138020507442
72.4765425183 8.41487128695e-08 -0.0137900982767
72.5393743714 8.38665815672e-08 -0.0137781664817
72.6022062245 8.35856515257e-08 -0.0137662553057
72.6650380775 8.33059165768e-08 -0.0137543646954
72.7278699306 8.30273705909e-08 -0.0137424945975
72.7907017837 8.27500074747e-08 -0.0137306449592
72.8535336367 8.24738211708e-08 -0.0137188157274
72.9163654898 8.2198805659e-08 -0.0137070068497
72.9791973429 8.19249549542e-08 -0.0136952182735
73.042029196 8.16522631084e-08 -0.0136834499466
73.104861049 8.13807242075e-08 -0.0136717018168
73.1676929021 8.11103323736e-08 -0.0136599738323
73.2305247552 8.08410817642e-08 -0.0136482659412
73.2933566082 8.05729665704e-08 -0.0136365780921
73.3561884613 8.03059810192e-08 -0.0136249102335
73.4190203144 8.00401193708e-08 -0.0136132623143
73.4818521675 7.97753759203e-08 -0.0136016342833
73.5446840205 7.95117449962e-08 -0.0135900260897
73.6075158736 7.92492209605e-08 -0.0135784376828
73.6703477267 7.89877982097e-08 -0.0135668690121
73.7331795798 7.87274711715e-08 -0.0135553200272
73.7960114328 7.84682343078e-08 -0.013543790678
73.8588432859 7.82100821128e-08 -0.0135322809145
73.921675139 7.79530091126e-08 -0.0135207906868
73.984506992 7.76970098657e-08 -0.0135093199452
74.0473388451 7.74420789637e-08 -0.0134978686403
74.1101706982 7.71882110289e-08 -0.0134864367226
74.1730025513 7.69354007158e-08 -0.0134750241431
74.2358344043 7.668364271e-08 -0.0134636308527
74.2986662574 7.64329317289e-08 -0.0134522568026
74.3614981105 7.61832625205e-08 -0.0134409019442
74.4243299635 7.59346298633e-08 -0.0134295662288
74.4871618166 7.56870285668e-08 -0.0134182496082
74.5499936697 7.54404534708e-08 -0.0134069520342
74.6128255228 7.51948994461e-08 -0.0133956734588
74.6756573758 7.49503613918e-08 -0.013384413834
74.7384892289 7.47068342379e-08 -0.0133731731123
74.801321082 7.44643129438e-08 -0.0133619512461
74.864152935 7.42227924988e-08 -0.0133507481879
74.9269847881 7.39822679202e-08 -0.0133395638906
74.9898166412 7.37427342552e-08 -0.0133283983071
75.0526484943 7.35041865795e-08 -0.0133172513905
75.1154803473 7.3266619998e-08 -0.013306123094
75.1783122004 7.30300296426e-08 -0.0132950133711
75.2411440535 7.27944106753e-08 -0.0132839221753
75.3039759065 7.25597582848e-08 -0.0132728494604
75.3668077596 7.23260676877e-08 -0.0132617951801
75.4296396127 7.20933341291e-08 -0.0132507592886
75.4924714658 7.18615528808e-08 -0.01323974174
75.5553033188 7.16307192428e-08 -0.0132287424886
75.6181351719 7.14008285413e-08 -0.0132177614889
75.680967025 7.11718761289e-08 -0.0132067986956
75.743798878 7.09438573865e-08 -0.0131958540634
75.8066307311 7.07167677198e-08 -0.0131849275473
75.8694625842 7.04906025614e-08 -0.0131740191023
75.9322944373 7.02653573714e-08 -0.0131631286836
75.9951262903 7.00410276344e-08 -0.0131522562467
76.0579581434 6.98176088615e-08 -0.013141401747
76.1207899965 6.95950965898e-08 -0.0131305651403
76.1836218496 6.93734863817e-08 -0.0131197463823
76.2464537026 6.91527738248e-08 -0.013108945429
76.3092855557 6.89329545324e-08 -0.0130981622365
76.3721174088 6.87140241422e-08 -0.013087396761
76.4349492618 6.8495978318e-08 -0.013076648959
76.4977811149 6.82788127473e-08 -0.013065918787
76.560612968 6.80625231422e-08 -0.0130552062016
76.6234448211 6.78471052398e-08 -0.0130445111597
76.6862766741 6.76325548012e-08 -0.0130338336182
76.7491085272 6.74188676117e-08 -0.0130231735343
76.8119403803 6.72060394801e-08 -0.0130125308651
76.8747722333 6.69940662392e-08 -0.0130019055682
76.9376040864 6.67829437462e-08 -0.0129912976008
77.0004359395 6.65726678809e-08 -0.0129807069209
77.0632677926 6.63632345464e-08 -0.012970133486
77.1260996456 6.61546396695e-08 -0.0129595772542
77.1889314987 6.59468791998e-08 -0.0129490381836
77.2517633518 6.573994911e-08 -0.0129385162323
77.3145952048 6.55338453949e-08 -0.0129280113586
77.3774270579 6.53285640728e-08 -0.0129175235212
77.440258911 6.51241011834e-08 -0.0129070526785
77.5030907641 6.49204527897e-08 -0.0128965987893
77.5659226171 6.47176149759e-08 -0.0128861618125
77.6287544702 6.4515583849e-08 -0.0128757417071
77.6915863233 6.43143555368e-08 -0.0128653384323
77.7544181763 6.41139261896e-08 -0.0128549519472
77.8172500294 6.39142919787e-08 -0.0128445822114
77.8800818825 6.37154490967e-08 -0.0128342291844
77.9429137356 6.35173937587e-08 -0.0128238928258
78.0057455886 6.33201221999e-08 -0.0128135730954
78.0685774417 6.31236306766e-08 -0.0128032699532
78.1314092948 6.29279154665e-08 -0.0127929833591
78.1942411478 6.27329728675e-08 -0.0127827132735
78.2570730009 6.25387991994e-08 -0.0127724596565
78.319904854 6.23453908005e-08 -0.0127622224687
78.3827367071 6.21527440313e-08 -0.0127520016706
78.4455685601 6.19608552714e-08 -0.0127417972228
78.5084004132 6.17697209215e-08 -0.0127316090862
78.5712322663 6.15793374013e-08 -0.0127214372218
78.6340641194 6.13897011506e-08 -0.0127112815906
78.6968959724 6.12008086299e-08 -0.0127011421538
78.7597278255 6.1012656318e-08 -0.0126910188727
78.8225596786 6.08252407142e-08 -0.0126809117087
78.8853915316 6.06385583364e-08 -0.0126708206234
78.9482233847 6.04526057225e-08 -0.0126607455785
79.0110552378 6.02673794288e-08 -0.0126506865358
79.0738870909 6.00828760308e-08 -0.0126406434571
79.1367189439 5.98990921233e-08 -0.0126306163047
79.199550797 5.97160243198e-08 -0.0126206050405
79.2623826501 5.95336692516e-08 -0.0126106096269
79.3252145031 5.93520235695e-08 -0.0126006300264
79.3880463562 5.91710839425e-08 -0.0125906662013
79.4508782093 5.89908470578e-08 -0.0125807181144
79.5137100624 5.88113096203e-08 -0.0125707857284
79.5765419154 5.86324683539e-08 -0.0125608690062
79.6393737685 5.84543199993e-08 -0.0125509679108
79.7022056216 5.82768613158e-08 -0.0125410824053
79.7650374746 5.81000890797e-08 -0.0125312124529
79.8278693277 5.79240000852e-08 -0.012521358017
79.8907011808 5.77485911445e-08 -0.012511519061
79.9535330339 5.75738590862e-08 -0.0125016955484
80.0163648869 5.73998007573e-08 -0.012491887443
80.07919674 5.7226413021e-08 -0.0124820947086
80.1420285931 5.70536927586e-08 -0.012472317309
80.2048604461 5.68816368673e-08 -0.0124625552083
80.2676922992 5.67102422621e-08 -0.0124528083707
80.3305241523 5.65395058739e-08 -0.0124430767603
80.3933560054 5.6369424651e-08 -0.0124333603416
80.4561878584 5.61999955577e-08 -0.0124236590789
80.5190197115 5.60312155755e-08 -0.012413972937
80.5818515646 5.58630817011e-08 -0.0124043018804
80.6446834176 5.56955909486e-08 -0.012394645874
80.7075152707 5.55287403477e-08 -0.0123850048827
80.7703471238 5.53625269438e-08 -0.0123753788715
80.8331789769 5.51969477993e-08 -0.0123657678056
80.8960108299 5.50319999911e-08 -0.0123561716501
80.958842683 5.48676806131e-08 -0.0123465903704
81.0216745361 5.47039867741e-08 -0.012337023932
81.0845063892 5.45409155987e-08 -0.0123274723004
81.1473382422 5.43784642265e-08 -0.0123179354413
81.2101700953 5.42166298139e-08 -0.0123084133205
81.2730019484 5.40554095307e-08 -0.0122989059038
81.3358338014 5.38948005632e-08 -0.0122894131572
81.3986656545 5.37348001119e-08 -0.0122799350469
81.4614975076 5.35754053932e-08 -0.0122704715389
81.5243293607 5.34166136376e-08 -0.0122610225996
81.5871612137 5.32584220911e-08 -0.0122515881954
81.6499930668 5.31008280136e-08 -0.0122421682928
81.7128249199 5.29438286804e-08 -0.0122327628584
81.7756567729 5.278742138e-08 -0.0122233718589
81.838488626 5.26316034171e-08 -0.0122139952611
81.9013204791 5.24763721089e-08 -0.0122046330319
81.9641523322 5.23217247885e-08 -0.0121952851383
82.0269841852 5.21676588022e-08 -0.0121859515475
82.0898160383 5.20141715105e-08 -0.0121766322267
82.1526478914 5.18612602886e-08 -0.0121673271431
82.2154797444 5.17089225244e-08 -0.0121580362642
82.2783115975 5.15571556211e-08 -0.0121487595574
82.3411434506 5.14059569947e-08 -0.0121394969905
82.4039753037 5.12553240748e-08 -0.0121302485311
82.4668071567 5.11052543055e-08 -0.012121014147
82.5296390098 5.09557451435e-08 -0.0121117938062
82.5924708629 5.08067940593e-08 -0.0121025874765
82.6553027159 5.06583985369e-08 -0.0120933951262
82.718134569 5.05105560731e-08 -0.0120842167234
82.7809664221 5.03632641788e-08 -0.0120750522364
82.8437982752 5.02165203766e-08 -0.0120659016337
82.9066301282 5.00703222037e-08 -0.0120567648836
82.9694619813 4.99246672091e-08 -0.0120476419548
83.0322938344 4.97795529552e-08 -0.0120385328159
83.0951256875 4.96349770171e-08 -0.0120294374358
83.1579575405 4.94909369829e-08 -0.0120203557832
83.2207893936 4.93474304526e-08 -0.0120112878272
83.2836212467 4.92044550395e-08 -0.0120022335368
83.3464530997 4.90620083691e-08 -0.0119931928811
83.4092849528 4.89200880792e-08 -0.0119841658293
83.4721168059 4.87786918201e-08 -0.0119751523509
83.534948659 4.86378172546e-08 -0.0119661524152
83.597780512 4.84974620574e-08 -0.0119571659917
83.6606123651 4.83576239153e-08 -0.0119481930501
83.7234442182 4.82183005273e-08 -0.01193923356
83.7862760712 4.80794896042e-08 -0.0119302874912
83.8491079243 4.79411888686e-08 -0.0119213548136
83.9119397774 4.78033960549e-08 -0.0119124354972
83.9747716305 4.76661089095e-08 -0.011903529512
84.0376034835 4.75293251904e-08 -0.0118946368282
84.1004353366 4.73930426667e-08 -0.011885757416
84.1632671897 4.72572591203e-08 -0.0118768912457
84.2260990427 4.71219723433e-08 -0.0118680382877
84.2889308958 4.698718014e-08 -0.0118591985126
84.3517627489 4.6852880326e-08 -0.0118503718909
84.414594602 4.67190707274e-08 -0.0118415583933
84.477426455 4.65857491829e-08 -0.0118327579905
84.5402583081 4.64529135414e-08 -0.0118239706535
84.6030901612 4.6320561663e-08 -0.0118151963531
84.6659220142 4.61886914188e-08 -0.0118064350604
84.7287538673 4.60573006913e-08 -0.0117976867465
84.7915857204 4.59263873731e-08 -0.0117889513825
84.8544175735 4.57959493688e-08 -0.0117802289398
84.9172494265 4.56659845924e-08 -0.0117715193897
84.9800812796 4.55364909702e-08 -0.0117628227036
85.0429131327 4.54074664372e-08 -0.0117541388531
85.1057449857 4.52789089408e-08 -0.0117454678098
85.1685768388 4.51508164377e-08 -0.0117368095455
85.2314086919 4.50231868957e-08 -0.0117281640318
85.294240545 4.48960182929e-08 -0.0117195312407
85.357072398 4.47693086174e-08 -0.011710911144
85.4199042511 4.46430558679e-08 -0.0117023037139
85.4827361042 4.45172580533e-08 -0.0116937089225
85.5455679573 4.43919131925e-08 -0.0116851267418
85.6083998103 4.42670193147e-08 -0.0116765571443
85.6712316634 4.41425744588e-08 -0.0116680001023
85.7340635165 4.4018576674e-08 -0.0116594555881
85.7968953695 4.38950240193e-08 -0.0116509235744
85.8597272226 4.37719145636e-08 -0.0116424040338
85.9225590757 4.36492463851e-08 -0.0116338969388
85.9853909288 4.35270175724e-08 -0.0116254022623
86.0482227818 4.34052262236e-08 -0.011616919977
86.1110546349 4.3283870446e-08 -0.011608450056
86.173886488 4.31629483569e-08 -0.0115999924722
86.236718341 4.30424580829e-08 -0.0115915471987
86.2995501941 4.29223977599e-08 -0.0115831142087
86.3623820472 4.28027655339e-08 -0.0115746934753
86.4252139003 4.26835595598e-08 -0.0115662849719
86.4880457533 4.25647780017e-08 -0.0115578886718
86.5508776064 4.2446419033e-08 -0.0115495045486
86.6137094595 4.23284808366e-08 -0.0115411325757
86.6765413125 4.22109616047e-08 -0.0115327727268
86.7393731656 4.20938595373e-08 -0.0115244249756
86.8022050187 4.1977172845e-08 -0.0115160892958
86.8650368718 4.18608997467e-08 -0.0115077656613
86.9278687248 4.17450384707e-08 -0.011499454046
86.9907005779 4.1629587253e-08 -0.0114911544239
87.053532431 4.15145443396e-08 -0.0114828667691
87.116364284 4.13999079851e-08 -0.0114745910557
87.1791961371 4.12856764524e-08 -0.011466327258
87.2420279902 4.11718480136e-08 -0.0114580753501
87.3048598433 4.10584209491e-08 -0.0114498353066
87.3676916963 4.09453935478e-08 -0.0114416071018
87.4305235494 4.08327641073e-08 -0.0114333907102
87.4933554025 4.07205309338e-08 -0.0114251861065
87.5561872555 4.06086923419e-08 -0.0114169932653
87.6190191086 4.04972466543e-08 -0.0114088121613
87.6818509617 4.03861922023e-08 -0.0114006427693
87.7446828148 4.02755273256e-08 -0.0113924850643
87.8075146678 4.01652503718e-08 -0.0113843390211
87.8703465209 4.00553596971e-08 -0.0113762046148
87.933178374 3.99458536657e-08 -0.0113680818204
87.9960102271 3.98367306497e-08 -0.0113599706132
88.0588420801 3.97279890294e-08 -0.0113518709684
88.1216739332 3.96196271933e-08 -0.0113437828612
88.1845057863 3.95116435372e-08 -0.0113357062671
88.2473376393 3.94040364654e-08 -0.0113276411615
88.3101694924 3.92968043902e-08 -0.0113195875199
88.3730013455 3.91899457308e-08 -0.0113115453178
88.4358331986 3.90834589153e-08 -0.011303514531
88.4986650516 3.89773423788e-08 -0.0112954951352
88.5614969047 3.88715945648e-08 -0.0112874871061
88.6243287578 3.87662139235e-08 -0.0112794904196
88.6871606108 3.86611989136e-08 -0.0112715050516
88.7499924639 3.85565480012e-08 -0.0112635309782
88.812824317 3.84522596594e-08 -0.0112555681753
88.8756561701 3.83483323693e-08 -0.0112476166192
88.9384880231 3.82447646196e-08 -0.011239676286
89.0013198762 3.81415549058e-08 -0.011231747152
89.0641517293 3.80387017311e-08 -0.0112238291935
89.1269835823 3.79362036064e-08 -0.0112159223869
89.1898154354 3.78340590488e-08 -0.0112080267087
89.2526472885 3.77322665841e-08 -0.0112001421354
89.3154791416 3.76308247443e-08 -0.0111922686436
89.3783109946 3.75297320686e-08 -0.01118440621
89.4411428477 3.74289871037e-08 -0.0111765548113
89.5039747008 3.73285884033e-08 -0.0111687144242
89.5668065538 3.72285345279e-08 -0.0111608850257
89.6296384069 3.71288240456e-08 -0.0111530665927
89.69247026 3.70294555304e-08 -0.0111452591022
89.7553021131 3.69304275641e-08 -0.0111374625311
89.8181339661 3.68317387356e-08 -0.0111296768567
89.8809658192 3.67333876394e-08 -0.0111219020561
89.9437976723 3.66353728784e-08 -0.0111141381065
90.0066295253 3.6537693061e-08 -0.0111063849854
90.0694613784 3.64403468029e-08 -0.0110986426699
90.1322932315 3.63433327265e-08 -0.0110909111376
90.1951250846 3.62466494606e-08 -0.0110831903659
90.2579569376 3.61502956413e-08 -0.0110754803325
90.3207887907 3.60542699102e-08 -0.0110677810149
90.3836206438 3.59585709162e-08 -0.0110600923908
90.4464524969 3.58631973144e-08 -0.011052414438
90.5092843499 3.57681477667e-08 -0.0110447471343
90.572116203 3.56734209409e-08 -0.0110370904575
90.6349480561 3.55790155115e-08 -0.0110294443856
90.6977799091 3.54849301592e-08 -0.0110218088965
90.7606117622 3.53911635717e-08 -0.0110141839684
90.8234436153 3.5297714442e-08 -0.0110065695792
90.8862754684 3.52045814702e-08 -0.0109989657073
90.9491073214 3.51117633621e-08 -0.0109913723308
91.0119391745 3.50192588302e-08 -0.010983789428
91.0747710276 3.49270665925e-08 -0.0109762169773
91.1376028806 3.48351853738e-08 -0.010968654957
91.2004347337 3.47436139045e-08 -0.0109611033457
91.2632665868 3.46523509213e-08 -0.0109535621219
91.3260984399 3.45613951672e-08 -0.0109460312642
91.3889302929 3.44707453904e-08 -0.0109385107512
91.451762146 3.43804003463e-08 -0.0109310005616
91.5145939991 3.42903587948e-08 -0.0109235006742
91.5774258521 3.42006195028e-08 -0.0109160110678
91.6402577052 3.41111812425e-08 -0.0109085317214
91.7030895583 3.40220427923e-08 -0.0109010626137
91.7659214114 3.3933202936e-08 -0.0108936037239
91.8287532644 3.38446604636e-08 -0.010886155031
91.8915851175 3.37564141707e-08 -0.0108787165141
91.9544169706 3.36684628582e-08 -0.0108712881523
92.0172488236 3.35808053335e-08 -0.010863869925
92.0800806767 3.34934404088e-08 -0.0108564618113
92.1429125298 3.34063669026e-08 -0.0108490637906
92.2057443829 3.33195836385e-08 -0.0108416758424
92.2685762359 3.3233089446e-08 -0.010834297946
92.331408089 3.314688316e-08 -0.0108269300809
92.3942399421 3.30609636206e-08 -0.0108195722268
92.4570717951 3.29753296739e-08 -0.0108122243633
92.5199036482 3.28899801713e-08 -0.0108048864699
92.5827355013 3.28049139692e-08 -0.0107975585265
92.6455673544 3.27201299299e-08 -0.0107902405128
92.7083992074 3.26356269208e-08 -0.0107829324087
92.7712310605 3.25514038144e-08 -0.0107756341941
92.8340629136 3.24674594885e-08 -0.0107683458488
92.8968947667 3.23837928268e-08 -0.0107610673529
92.9597266197 3.23004027174e-08 -0.0107537986865
93.0225584728 3.22172880543e-08 -0.0107465398297
93.0853903259 3.21344477359e-08 -0.0107392907626
93.1482221789 3.20518806666e-08 -0.0107320514654
93.211054032 3.19695857555e-08 -0.0107248219185
93.2738858851 3.18875619167e-08 -0.0107176021021
93.3367177382 3.18058080699e-08 -0.0107103919965
93.3995495912 3.17243231388e-08 -0.0107031915824
93.4623814443 3.16431060532e-08 -0.01069600084
93.5252132974 3.15621557476e-08 -0.01068881975
93.5880451504 3.1481471161e-08 -0.0106816482929
93.6508770035 3.14010512379e-08 -0.0106744864493
93.7137088566 3.13208949275e-08 -0.0106673342
93.7765407097 3.12410011837e-08 -0.0106601915257
93.8393725627 3.11613689656e-08 -0.0106530584072
93.9022044158 3.1081997237e-08 -0.0106459348254
93.9650362689 3.10028849663e-08 -0.010638820761
94.0278681219 3.09240311269e-08 -0.0106317161951
94.090699975 3.08454346971e-08 -0.0106246211087
94.1535318281 3.07670946597e-08 -0.0106175354827
94.2163636812 3.0689010002e-08 -0.0106104592984
94.2791955342 3.06111797165e-08 -0.0106033925369
94.3420273873 3.05336028002e-08 -0.0105963351792
94.4048592404 3.04562782542e-08 -0.0105892872068
94.4676910934 3.03792050851e-08 -0.0105822486009
94.5305229465 3.03023823034e-08 -0.0105752193428
94.5933547996 3.02258089245e-08 -0.0105681994139
94.6561866527 3.01494839679e-08 -0.0105611887957
94.7190185057 3.00734064584e-08 -0.0105541874697
94.7818503588 2.99975754244e-08 -0.0105471954175
94.8446822119 2.99219898993e-08 -0.0105402126205
94.9075140649 2.98466489212e-08 -0.0105332390605
94.970345918 2.97715515317e-08 -0.0105262747191
95.0331777711 2.96966967778e-08 -0.0105193195781
95.0960096242 2.962208371e-08 -0.0105123736193
95.1588414772 2.95477113835e-08 -0.0105054368245
95.2216733303 2.9473578858e-08 -0.0104985091756
95.2845051834 2.9399685197e-08 -0.0104915906544
95.3473370365 2.93260294691e-08 -0.0104846812431
95.4101688895 2.92526107462e-08 -0.0104777809236
95.4730007426 2.91794281049e-08 -0.010470889678
95.5358325957 2.91064806264e-08 -0.0104640074883
95.5986644487 2.90337673952e-08 -0.0104571343369
95.6614963018 2.89612875008e-08 -0.0104502702058
95.7243281549 2.88890400364e-08 -0.0104434150774
95.787160008 2.88170240994e-08 -0.0104365689339
95.849991861 2.87452387914e-08 -0.0104297317578
95.9128237141 2.86736832179e-08 -0.0104229035313
95.9756555672 2.8602356489e-08 -0.010416084237
96.0384874202 2.85312577178e-08 -0.0104092738573
96.1013192733 2.84603860226e-08 -0.0104024723748
96.1641511264 2.83897405249e-08 -0.010395679772
96.2269829795 2.83193203505e-08 -0.0103888960316
96.2898148325 2.82491246289e-08 -0.0103821211363
96.3526466856 2.8179152494e-08 -0.0103753550687
96.4154785387 2.81094030832e-08 -0.0103685978117
96.4783103917 2.8039875538e-08 -0.010361849348
96.5411422448 2.79705690036e-08 -0.0103551096605
96.6039740979 2.79014826293e-08 -0.010348378732
96.666805951 2.78326155682e-08 -0.0103416565456
96.729637804 2.77639669768e-08 -0.0103349430843
96.7924696571 2.76955360161e-08 -0.0103282383309
96.8553015102 2.76273218501e-08 -0.0103215422687
96.9181333632 2.75593236474e-08 -0.0103148548807
96.9809652163 2.74915405795e-08 -0.0103081761501
97.0437970694 2.74239718223e-08 -0.0103015060601
97.1066289225 2.73566165553e-08 -0.010294844594
97.1694607755 2.7289473961e-08 -0.010288191735
97.2322926286 2.72225432262e-08 -0.0102815474664
97.2951244817 2.71558235415e-08 -0.0102749117717
97.3579563347 2.70893141006e-08 -0.0102682846343
97.4207881878 2.7023014101e-08 -0.0102616660376
97.4836200409 2.69569227441e-08 -0.0102550559651
97.546451894 2.68910392344e-08 -0.0102484544005
97.609283747 2.68253627798e-08 -0.0102418613272
97.6721156001 2.67598925925e-08 -0.0102352767289
97.7349474532 2.66946278874e-08 -0.0102287005893
97.7977793063 2.66295678833e-08 -0.010222132892
97.8606111593 2.65647118026e-08 -0.010215573621
97.9234430124 2.65000588707e-08 -0.0102090227599
97.9862748655 2.6435608317e-08 -0.0102024802925
98.0491067185 2.63713593738e-08 -0.0101959462029
98.1119385716 2.63073112772e-08 -0.0101894204748
98.1747704247 2.62434632667e-08 -0.0101829030924
98.2376022778 2.61798145848e-08 -0.0101763940394
98.3004341308 2.61163644774e-08 -0.0101698933001
98.3632659839 2.60531121945e-08 -0.0101634008585
98.426097837 2.59900569883e-08 -0.0101569166988
98.48892969 2.59271981151e-08 -0.010150440805
98.5517615431 2.58645348344e-08 -0.0101439731614
98.6145933962 2.58020664085e-08 -0.0101375137523
98.6774252493 2.57397921034e-08 -0.010131062562
98.7402571023 2.56777111885e-08 -0.0101246195747
98.8030889554 2.56158229356e-08 -0.0101181847748
98.8659208085 2.55541266206e-08 -0.0101117581468
98.9287526615 2.54926215223e-08 -0.0101053396751
98.9915845146 2.54313069224e-08 -0.0100989293441
99.0544163677 2.53701821062e-08 -0.0100925271385
99.1172482208 2.53092463616e-08 -0.0100861330428
99.1800800738 2.52484989804e-08 -0.0100797470415
99.2429119269 2.51879392567e-08 -0.0100733691194
99.30574378 2.51275664882e-08 -0.010066999261
99.368575633 2.50673799756e-08 -0.0100606374512
99.4314074861 2.50073790224e-08 -0.0100542836747
99.4942393392 2.49475629355e-08 -0.0100479379162
99.5570711923 2.48879310246e-08 -0.0100416001607
99.6199030453 2.48284826026e-08 -0.010035270393
99.6827348984 2.47692169854e-08 -0.010028948598
99.7455667515 2.47101334915e-08 -0.0100226347606
99.8083986045 2.46512314431e-08 -0.0100163288659
99.8712304576 2.45925101646e-08 -0.0100100308989
99.9340623107 2.45339689837e-08 -0.0100037408446
99.9968941638 2.44756072311e-08 -0.00999745868811
100.059726017 2.44174242403e-08 -0.00999118441462
100.12255787 2.43594193478e-08 -0.00998491800929
100.185389723 2.43015918924e-08 -0.00997865945732
100.248221576 2.42439412168e-08 -0.00997240874397
100.311053429 2.41864666656e-08 -0.00996616585453
100.373885282 2.41291675868e-08 -0.00995993077431
100.436717135 2.4072043331e-08 -0.00995370348867
100.499548988 2.4015093252e-08 -0.00994748398302
100.562380841 2.39583167056e-08 -0.00994127224279
100.625212694 2.3901713051e-08 -0.00993506825344
100.688044548 2.38452816503e-08 -0.00992887200048
100.750876401 2.37890218679e-08 -0.00992268346946
100.813708254 2.37329330712e-08 -0.00991650264595
100.876540107 2.36770146304e-08 -0.00991032951557
100.93937196 2.3621265918e-08 -0.00990416406396
101.002203813 2.35656863098e-08 -0.00989800627681
101.065035666 2.35102751839e-08 -0.00989185613985
101.127867519 2.34550319212e-08 -0.00988571363882
101.190699372 2.33999559053e-08 -0.00987957875953
101.253531225 2.33450465222e-08 -0.00987345148779
101.316363078 2.3290303161e-08 -0.00986733180947
101.379194931 2.32357252131e-08 -0.00986121971046
101.442026784 2.31813120726e-08 -0.00985511517671
101.504858637 2.31270631361e-08 -0.00984901819417
101.567690491 2.30729778029e-08 -0.00984292874884
101.630522344 2.30190554749e-08 -0.00983684682677
101.693354197 2.29652955565e-08 -0.00983077241401
101.75618605 2.29116974545e-08 -0.00982470549669
101.819017903 2.28582605786e-08 -0.00981864606093
101.881849756 2.28049843409e-08 -0.00981259409291
101.944681609 2.27518681557e-08 -0.00980654957884
102.007513462 2.26989114402e-08 -0.00980051250495
102.070345315 2.26461136139e-08 -0.00979448285753
102.133177168 2.25934740987e-08 -0.00978846062288
102.196009021 2.25409923191e-08 -0.00978244578734
102.258840874 2.24886677022e-08 -0.0097764383373
102.321672727 2.24364996773e-08 -0.00977043825915
102.38450458 2.23844876761e-08 -0.00976444553934
102.447336434 2.23326311326e-08 -0.00975846016436
102.510168287 2.2280929484e-08 -0.00975248212069
102.57300014 2.22293821688e-08 -0.0097465113949
102.635831993 2.21779886284e-08 -0.00974054797355
102.698663846 2.21267483068e-08 -0.00973459184326
102.761495699 2.20756606498e-08 -0.00972864299065
102.824327552 2.20247251059e-08 -0.00972270140241
102.887159405 2.19739411258e-08 -0.00971676706524
102.949991258 2.19233081628e-08 -0.00971083996587
103.012823111 2.1872825672e-08 -0.00970492009108
103.075654964 2.18224931113e-08 -0.00969900742767
103.138486817 2.17723099407e-08 -0.00969310196248
103.20131867 2.17222756222e-08 -0.00968720368237
103.264150523 2.16723896205e-08 -0.00968131257423
103.326982377 2.16226514025e-08 -0.00967542862501
103.38981423 2.15730604373e-08 -0.00966955182165
103.452646083 2.15236161959e-08 -0.00966368215117
103.515477936 2.14743181519e-08 -0.00965781960057
103.578309789 2.1425165781e-08 -0.00965196415692
103.641141642 2.13761585613e-08 -0.0096461158073
103.703973495 2.13272959729e-08 -0.00964027453883
103.766805348 2.12785774977e-08 -0.00963444033867
103.829637201 2.12300026206e-08 -0.009628613194
103.892469054 2.1181570828e-08 -0.00962279309202
103.955300907 2.11332816087e-08 -0.00961698001999
104.01813276 2.10851344537e-08 -0.00961117396517
104.080964613 2.10371288561e-08 -0.00960537491487
104.143796467 2.09892643109e-08 -0.00959958285643
104.20662832 2.09415403157e-08 -0.0095937977772
104.269460173 2.08939563696e-08 -0.0095880196646
104.332292026 2.0846511974e-08 -0.00958224850604
104.395123879 2.07992066326e-08 -0.00957648428898
104.457955732 2.07520398512e-08 -0.00957072700091
104.520787585 2.07050111372e-08 -0.00956497662934
104.583619438 2.06581200003e-08 -0.00955923316183
104.646451291 2.06113659527e-08 -0.00955349658594
104.709283144 2.05647485078e-08 -0.00954776688929
104.772114997 2.05182671816e-08 -0.00954204405952
104.83494685 2.04719214919e-08 -0.00953632808428
104.897778703 2.04257109585e-08 -0.00953061895128
104.960610556 2.03796351034e-08 -0.00952491664823
105.02344241 2.03336934502e-08 -0.0095192211629
105.086274263 2.02878855247e-08 -0.00951353248306
105.149106116 2.02422108549e-08 -0.00950785059654
105.211937969 2.01966689703e-08 -0.00950217549116
105.274769822 2.01512594026e-08 -0.00949650715481
105.337601675 2.01059816854e-08 -0.00949084557537
105.400433528 2.00608353541e-08 -0.00948519074079
105.463265381 2.00158199461e-08 -0.00947954263901
105.526097234 1.99709350009e-08 -0.00947390125803
105.588929087 1.99261800595e-08 -0.00946826658585
105.65176094 1.98815546652e-08 -0.00946263861052
105.714592793 1.98370583628e-08 -0.00945701732011
105.777424646 1.97926906993e-08 -0.00945140270273
105.840256499 1.97484512235e-08 -0.00944579474648
105.903088353 1.97043394858e-08 -0.00944019343955
105.965920206 1.96603550388e-08 -0.0094345987701
106.028752059 1.96164974366e-08 -0.00942901072635
106.091583912 1.95727662355e-08 -0.00942342929653
106.154415765 1.95291609932e-08 -0.00941785446893
106.217247618 1.94856812698e-08 -0.00941228623182
106.280079471 1.94423266264e-08 -0.00940672457355
106.342911324 1.93990966266e-08 -0.00940116948244
106.405743177 1.93559908356e-08 -0.00939562094689
106.46857503 1.93130088202e-08 -0.0093900789553
106.531406883 1.9270150149e-08 -0.0093845434961
106.594238736 1.92274143925e-08 -0.00937901455775
106.657070589 1.91848011229e-08 -0.00937349212874
106.719902442 1.9142309914e-08 -0.00936797619758
106.782734296 1.90999403418e-08 -0.00936246675282
106.845566149 1.90576919834e-08 -0.00935696378302
106.908398002 1.90155644181e-08 -0.00935146727678
106.971229855 1.89735572266e-08 -0.00934597722271
107.034061708 1.89316699916e-08 -0.00934049360948
107.096893561 1.88899022973e-08 -0.00933501642574
107.159725414 1.88482537295e-08 -0.00932954566021
107.222557267 1.88067238759e-08 -0.00932408130161
107.28538912 1.87653123261e-08 -0.0093186233387
107.348220973 1.87240186704e-08 -0.00931317176026
107.411052826 1.86828425019e-08 -0.00930772655509
107.473884679 1.86417834147e-08 -0.00930228771203
107.536716532 1.8600841005e-08 -0.00929685521994
107.599548385 1.85600148697e-08 -0.00929142906769
107.662380239 1.85193046087e-08 -0.00928600924421
107.725212092 1.84787098222e-08 -0.00928059573843
107.788043945 1.84382301128e-08 -0.00927518853932
107.850875798 1.83978650848e-08 -0.00926978763585
107.913707651 1.83576143435e-08 -0.00926439301705
107.976539504 1.83174774959e-08 -0.00925900467195
108.039371357 1.82774541513e-08 -0.00925362258963
108.10220321 1.82375439196e-08 -0.00924824675916
108.165035063 1.81977464126e-08 -0.00924287716967
108.227866916 1.8158061244e-08 -0.00923751381029
108.290698769 1.81184880289e-08 -0.00923215667019
108.353530622 1.80790263835e-08 -0.00922680573857
108.416362475 1.80396759262e-08 -0.00922146100464
108.479194328 1.80004362764e-08 -0.00921612245763
108.542026182 1.79613070555e-08 -0.00921079008682
108.604858035 1.79222878857e-08 -0.0092054638815
108.667689888 1.78833783918e-08 -0.00920014383098
108.730521741 1.78445781992e-08 -0.0091948299246
108.793353594 1.7805886935e-08 -0.00918952215173
108.856185447 1.77673042279e-08 -0.00918422050176
108.9190173 1.77288297082e-08 -0.00917892496409
108.981849153 1.76904630076e-08 -0.00917363552818
109.044681006 1.76522037589e-08 -0.00916835218347
109.107512859 1.76140515968e-08 -0.00916307491946
109.170344712 1.75760061574e-08 -0.00915780372566
109.233176565 1.75380670782e-08 -0.0091525385916
109.296008418 1.75002339981e-08 -0.00914727950684
109.358840271 1.74625065576e-08 -0.00914202646097
109.421672125 1.74248843982e-08 -0.00913677944359
109.484503978 1.73873671631e-08 -0.00913153844433
109.547335831 1.73499544974e-08 -0.00912630345285
109.610167684 1.73126460466e-08 -0.00912107445883
109.672999537 1.72754414584e-08 -0.00911585145196
109.73583139 1.72383403819e-08 -0.00911063442197
109.798663243 1.7201342467e-08 -0.00910542335862
109.861495096 1.71644473655e-08 -0.00910021825167
109.924326949 1.71276547303e-08 -0.00909501909092
109.987158802 1.70909642158e-08 -0.00908982586619
110.049990655 1.70543754779e-08 -0.00908463856731
110.112822508 1.70178881735e-08 -0.00907945718417
110.175654361 1.69815019611e-08 -0.00907428170664
110.238486214 1.69452165009e-08 -0.00906911212463
110.301318068 1.69090314535e-08 -0.00906394842808
110.364149921 1.68729464817e-08 -0.00905879060695
110.426981774 1.68369612492e-08 -0.00905363865122
110.489813627 1.68010754215e-08 -0.00904849255089
110.55264548 1.67652886646e-08 -0.00904335229599
110.615477333 1.67296006465e-08 -0.00903821787656
110.678309186 1.66940110363e-08 -0.00903308928268
110.741141039 1.66585195044e-08 -0.00902796650443
110.803972892 1.66231257224e-08 -0.00902284953194
110.866804745 1.65878293634e-08 -0.00901773835534
110.929636598 1.65526301017e-08 -0.0090126329648
110.992468451 1.65175276126e-08 -0.00900753335049
111.055300304 1.64825215732e-08 -0.00900243950263
111.118132157 1.64476116615e-08 -0.00899735141143
111.180964011 1.64127975567e-08 -0.00899226906715
111.243795864 1.63780789395e-08 -0.00898719246006
111.306627717 1.63434554917e-08 -0.00898212158045
111.36945957 1.63089268966e-08 -0.00897705641864
111.432291423 1.62744928383e-08 -0.00897199696496
111.495123276 1.62401530023e-08 -0.00896694320978
111.557955129 1.62059070755e-08 -0.00896189514347
111.620786982 1.61717547461e-08 -0.00895685275643
111.683618835 1.61376957029e-08 -0.0089518160391
111.746450688 1.61037296369e-08 -0.0089467849819
111.809282541 1.60698562392e-08 -0.00894175957532
111.872114394 1.60360752028e-08 -0.00893673980984
111.934946247 1.60023862218e-08 -0.00893172567596
111.9977781 1.59687889914e-08 -0.00892671716422
112.060609954 1.5935283208e-08 -0.00892171426517
112.123441807 1.59018685693e-08 -0.00891671696939
112.18627366 1.58685447739e-08 -0.00891172526746
112.249105513 1.58353115217e-08 -0.00890673915
112.311937366 1.58021685139e-08 -0.00890175860765
112.374769219 1.57691154528e-08 -0.00889678363107
112.437601072 1.57361520416e-08 -0.00889181421093
112.500432925 1.5703277985e-08 -0.00888685033793
112.563264778 1.56704929886e-08 -0.00888189200279
112.626096631 1.56377967593e-08 -0.00887693919625
112.688928484 1.5605189005e-08 -0.00887199190908
112.751760337 1.55726694348e-08 -0.00886705013204
112.81459219 1.5540237759e-08 -0.00886211385595
112.877424043 1.55078936888e-08 -0.00885718307163
112.940255897 1.54756369367e-08 -0.00885225776992
113.00308775 1.54434672161e-08 -0.00884733794168
113.065919603 1.54113842419e-08 -0.00884242357779
113.128751456 1.53793877297e-08 -0.00883751466917
113.191583309 1.53474773964e-08 -0.00883261120673
113.254415162 1.53156529597e-08 -0.00882771318141
113.317247015 1.5283914139e-08 -0.00882282058419
113.380078868 1.5252260654e-08 -0.00881793340604
113.442910721 1.5220692226e-08 -0.00881305163797
113.505742574 1.51892085775e-08 -0.008808175271
113.568574427 1.51578094313e-08 -0.00880330429617
113.63140628 1.5126494512e-08 -0.00879843870456
113.694238133 1.50952635448e-08 -0.00879357848724
113.757069986 1.50641162559e-08 -0.0087887236353
113.81990184 1.50330523731e-08 -0.00878387413989
113.882733693 1.50020716243e-08 -0.00877902999212
113.945565546 1.49711737392e-08 -0.00877419118318
114.008397399 1.49403584484e-08 -0.00876935770423
114.071229252 1.49096254833e-08 -0.00876452954648
114.134061105 1.48789745765e-08 -0.00875970670114
114.196892958 1.48484054615e-08 -0.00875488915945
114.259724811 1.48179178731e-08 -0.00875007691267
114.322556664 1.47875115467e-08 -0.00874526995209
114.385388517 1.47571862189e-08 -0.00874046826898
114.44822037 1.47269416274e-08 -0.00873567185467
114.511052223 1.46967775109e-08 -0.0087308807005
114.573884076 1.46666936087e-08 -0.0087260947978
114.636715929 1.46366896617e-08 -0.00872131413797
114.699547783 1.46067654112e-08 -0.00871653871238
114.762379636 1.45769206e-08 -0.00871176851245
114.825211489 1.45471549714e-08 -0.00870700352961
114.888043342 1.45174682702e-08 -0.0087022437553
114.950875195 1.44878602414e-08 -0.00869748918098
115.013707048 1.44583306319e-08 -0.00869273979815
115.076538901 1.44288791889e-08 -0.00868799559831
115.139370754 1.43995056607e-08 -0.00868325657297
115.202202607 1.43702097967e-08 -0.00867852271368
115.26503446 1.4340991347e-08 -0.008673794012
115.327866313 1.43118500629e-08 -0.0086690704595
115.390698166 1.42827856966e-08 -0.00866435204778
115.453530019 1.4253798001e-08 -0.00865963876845
115.516361872 1.42248867301e-08 -0.00865493061315
115.579193726 1.41960516388e-08 -0.00865022757352
115.642025579 1.4167292483e-08 -0.00864552964123
115.704857432 1.41386090194e-08 -0.00864083680797
115.767689285 1.41100010058e-08 -0.00863614906544
115.830521138 1.40814682008e-08 -0.00863146640536
115.893352991 1.40530103637e-08 -0.00862678881948
115.956184844 1.4024627255e-08 -0.00862211629955
116.019016697 1.39963186359e-08 -0.00861744883735
116.08184855 1.39680842686e-08 -0.00861278642467
116.144680403 1.39399239162e-08 -0.00860812905332
116.207512256 1.3911837343e-08 -0.00860347671513
116.270344109 1.38838243132e-08 -0.00859882940195
116.333175962 1.38558845929e-08 -0.00859418710565
116.396007816 1.38280179488e-08 -0.0085895498181
116.458839669 1.38002241483e-08 -0.00858491753121
116.521671522 1.37725029599e-08 -0.00858029023688
116.584503375 1.37448541533e-08 -0.00857566792707
116.647335228 1.37172774986e-08 -0.00857105059372
116.710167081 1.36897727674e-08 -0.00856643822881
116.772998934 1.36623397314e-08 -0.00856183082432
116.835830787 1.36349781638e-08 -0.00855722837226
116.89866264 1.36076878383e-08 -0.00855263086465
116.961494493 1.35804685294e-08 -0.00854803829353
117.024326346 1.35533200126e-08 -0.00854345065096
117.087158199 1.35262420643e-08 -0.00853886792902
117.149990052 1.34992344615e-08 -0.00853429011979
117.212821905 1.34722969823e-08 -0.00852971721538
117.275653759 1.34454294051e-08 -0.00852514920792
117.338485612 1.34186315098e-08 -0.00852058608955
117.401317465 1.33919030765e-08 -0.00851602785243
117.464149318 1.33652438869e-08 -0.00851147448873
117.526981171 1.33386537224e-08 -0.00850692599064
117.589813024 1.33121323663e-08 -0.00850238235038
117.652644877 1.32856796021e-08 -0.00849784356017
117.71547673 1.32592952138e-08 -0.00849330961225
117.778308583 1.32329789872e-08 -0.00848878049888
117.841140436 1.3206730708e-08 -0.00848425621234
117.903972289 1.31805501632e-08 -0.00847973674491
117.966804142 1.31544371402e-08 -0.0084752220889
118.029635995 1.31283914273e-08 -0.00847071223664
118.092467848 1.31024128138e-08 -0.00846620718047
118.155299702 1.30765010895e-08 -0.00846170691275
118.218131555 1.30506560452e-08 -0.00845721142585
118.280963408 1.30248774724e-08 -0.00845272071215
118.343795261 1.29991651632e-08 -0.00844823476406
118.406627114 1.29735189104e-08 -0.00844375357401
118.469458967 1.29479385082e-08 -0.00843927713444
118.53229082 1.29224237507e-08 -0.00843480543778
118.595122673 1.28969744332e-08 -0.00843033847652
118.657954526 1.28715903519e-08 -0.00842587624315
118.720786379 1.28462713035e-08 -0.00842141873015
118.783618232 1.28210170851e-08 -0.00841696593005
118.846450085 1.27958274956e-08 -0.00841251783539
118.909281938 1.27707023335e-08 -0.0084080744387
118.972113791 1.27456413986e-08 -0.00840363573256
119.034945645 1.27206444912e-08 -0.00839920170955
119.097777498 1.26957114128e-08 -0.00839477236225
119.160609351 1.2670841965e-08 -0.00839034768329
119.223441204 1.26460359505e-08 -0.00838592766529
119.286273057 1.26212931726e-08 -0.00838151230089
119.34910491 1.25966134352e-08 -0.00837710158275
119.411936763 1.25719965434e-08 -0.00837269550354
119.474768616 1.25474423022e-08 -0.00836829405595
119.537600469 1.25229505169e-08 -0.00836389723268
119.600432322 1.24985209934e-08 -0.00835950502644
119.663264175 1.24741535382e-08 -0.00835511742995
119.726096028 1.24498479585e-08 -0.00835073443595
119.788927881 1.24256040623e-08 -0.00834635603721
119.851759734 1.24014216583e-08 -0.00834198222649
119.914591588 1.23773005556e-08 -0.00833761299659
119.977423441 1.23532405644e-08 -0.00833324834029
120.040255294 1.23292414954e-08 -0.00832888825043
120.103087147 1.23053031602e-08 -0.00832453271983
120.165919 1.22814253705e-08 -0.00832018174134
120.228750853 1.22576079394e-08 -0.00831583530782
120.291582706 1.22338506802e-08 -0.00831149341214
120.354414559 1.22101534072e-08 -0.00830715604721
120.417246412 1.21865159348e-08 -0.00830282320593
120.480078265 1.21629380792e-08 -0.00829849488121
120.542910118 1.2139419656e-08 -0.008294171066
120.605741971 1.2115960482e-08 -0.00828985175325
120.668573824 1.20925603751e-08 -0.00828553693592
120.731405677 1.2069219153e-08 -0.00828122660699
120.794237531 1.20459366349e-08 -0.00827692075946
120.857069384 1.202271264e-08 -0.00827261938633
120.919901237 1.19995469885e-08 -0.00826832248064
120.98273309 1.19764395011e-08 -0.00826403003541
121.045564943 1.19533899994e-08 -0.00825974204371
121.108396796 1.19303983053e-08 -0.00825545849859
121.171228649 1.19074642415e-08 -0.00825117939315
121.234060502 1.18845876313e-08 -0.00824690472047
121.296892355 1.18617682988e-08 -0.00824263447368
121.359724208 1.18390060686e-08 -0.00823836864588
121.422556061 1.18163007658e-08 -0.00823410723023
121.485387914 1.17936522164e-08 -0.00822985021988
121.548219767 1.17710602469e-08 -0.00822559760798
121.61105162 1.17485246842e-08 -0.00822134938773
121.673883474 1.17260453564e-08 -0.00821710555232
121.736715327 1.17036220916e-08 -0.00821286609495
121.79954718 1.16812547189e-08 -0.00820863100886
121.862379033 1.16589430679e-08 -0.00820440028728
121.925210886 1.16366869687e-08 -0.00820017392346
121.988042739 1.16144862521e-08 -0.00819595191067
122.050874592 1.15923407495e-08 -0.00819173424218
122.113706445 1.15702502931e-08 -0.0081875209113
122.176538298 1.15482147155e-08 -0.00818331191132
122.239370151 1.15262338497e-08 -0.00817910723556
122.302202004 1.15043075295e-08 -0.00817490687737
122.365033857 1.14824355896e-08 -0.00817071083008
122.42786571 1.14606178648e-08 -0.00816651908707
122.490697563 1.14388541908e-08 -0.0081623316417
122.553529417 1.14171444041e-08 -0.00815814848738
122.61636127 1.13954883447e-08 -0.00815396961752
122.679193123 1.1373885853e-08 -0.00814979502557
122.742024976 1.13523367704e-08 -0.00814562470499
122.804856829 1.13308409388e-08 -0.00814145864926
122.867688682 1.13093982005e-08 -0.00813729685185
122.930520535 1.12880083984e-08 -0.00813313930627
122.993352388 1.1266671376e-08 -0.00812898600603
123.056184241 1.12453869774e-08 -0.00812483694465
123.119016094 1.1224155047e-08 -0.00812069211568
123.181847947 1.12029754301e-08 -0.00811655151265
123.2446798 1.1181847972e-08 -0.00811241512915
123.307511653 1.11607725191e-08 -0.00810828295873
123.370343506 1.1139748918e-08 -0.00810415499501
123.43317536 1.11187770159e-08 -0.00810003123157
123.496007213 1.10978566606e-08 -0.00809591166203
123.558839066 1.10769877004e-08 -0.00809179628003
123.621670919 1.10561699838e-08 -0.00808768507921
123.684502772 1.10354033605e-08 -0.00808357805321
123.747334625 1.101468768e-08 -0.00807947519571
123.810166478 1.09940227928e-08 -0.0080753765004
123.872998331 1.09734085496e-08 -0.00807128196095
123.935830184 1.0952844802e-08 -0.00806719157109
123.998662037 1.09323314017e-08 -0.00806310532452
124.06149389 1.09118682009e-08 -0.00805902321499
124.124325743 1.0891455053e-08 -0.00805494523622
124.187157596 1.08710918107e-08 -0.00805087138199
124.249989449 1.08507783285e-08 -0.00804680164606
124.312821303 1.08305144605e-08 -0.00804273602221
124.375653156 1.08103000615e-08 -0.00803867450423
124.438485009 1.07901349872e-08 -0.00803461708594
124.501316862 1.07700190931e-08 -0.00803056376115
124.564148715 1.07499522358e-08 -0.00802651452369
124.626980568 1.0729934272e-08 -0.00802246936742
124.689812421 1.07099650593e-08 -0.00801842828617
124.752644274 1.06900444551e-08 -0.00801439127383
124.815476127 1.06701723182e-08 -0.00801035832428
124.87830798 1.0650348507e-08 -0.0080063294314
124.941139833 1.0630572881e-08 -0.00800230458911
125.003971686 1.06108453e-08 -0.00799828379132
125.066803539 1.05911656238e-08 -0.00799426703196
125.129635392 1.05715337136e-08 -0.00799025430498
125.192467246 1.05519494304e-08 -0.00798624560432
125.255299099 1.05324126359e-08 -0.00798224092396
125.318130952 1.05129231921e-08 -0.00797824025787
125.380962805 1.04934809615e-08 -0.00797424360004
125.443794658 1.04740858075e-08 -0.00797025094448
125.506626511 1.04547375932e-08 -0.0079662622852
125.569458364 1.04354361828e-08 -0.00796227761622
125.632290217 1.04161814409e-08 -0.00795829693159
