-1.800000000000201084e+01 5.408781036881887827e-03
-1.768637079511795918e+01 1.372395688087367782e-01
-1.738314684757837725e+01 1.630745303596786988e-01
-1.708981328123576660e+01 6.547366203564775056e-02
-1.680588863433072433e+01 4.162750654122353983e-02
-1.653092219204418001e+01 1.882240713376647293e-02
-1.626449157056260830e+01 1.851823724679073531e-03
-1.600620052541652782e+01 9.231494436357828154e-03
-1.575567696017295916e+01 6.793968274598487667e-04
-1.551257111443442049e+01 2.214201111957748470e-03
-1.527655391258613626e+01 4.170313315663625809e-04
-1.504731545689701200e+01 2.490128848529898778e-04
-1.482456365046278535e+01 3.467673022756144734e-05
-1.460802293712368716e+01 8.503735613621675503e-05
-1.439743314692604947e+01 1.014078617606175366e-04
-1.419254843695589230e+01 8.479286476962451789e-05
-1.399313631847824624e+01 9.248921327748805209e-05
-1.379897676228727654e+01 2.841091886453892131e-05
-1.360986137502872673e+01 7.527577636282827347e-05
-1.342559264001182306e+01 3.563449078876128014e-05
-1.324598321669588152e+01 6.905654699634095540e-06
-1.307085529362816168e+01 2.847680448197626083e-05
-1.290003999013476133e+01 1.855635726036066523e-05
-1.273337680253193582e+01 3.759865363195550794e-05
-1.257071309104041035e+01 2.526775835651053371e-05
-1.241190360395464154e+01 2.752362273622049421e-05
-1.225681003594876195e+01 2.062988388951117924e-05
-1.210530061769597765e+01 1.169951078504598459e-05
-1.195724973424155202e+01 2.314194140938760996e-05
-1.181253756980619762e+01 1.304094864084576175e-05
-1.167104977690866718e+01 6.123721347561521812e-06
-1.153267716788677255e+01 4.500342282084941936e-06
-1.139731542706779699e+01 1.051993480402198506e-05
-1.126486484199332239e+01 1.769291266978063461e-05
-1.113523005224293527e+01 1.493453393813595978e-05
-1.100831981452695096e+01 2.103951331548839160e-05
-1.088404678283180083e+01 1.787510725549521689e-05
-1.076232730250476877e+01 8.683088094483554315e-06
-1.064308121725769141e+01 1.455932001944359325e-05
-1.052623168815380517e+01 1.197153619410877795e-05
-1.041170502371859463e+01 4.762474279031065899e-06
-1.029943052038521678e+01 8.637765576349031970e-06
-1.018934031254830330e+01 5.491838440038960319e-06
-1.008136923155793951e+01 8.666259989811958114e-06
-9.975454673037956965e+00 2.762943963666392931e-05
-9.871536471960840942e+00 7.898967775094767514e-06
-9.769556784955334194e+00 6.407481328578707401e-06
-9.669459979362780899e+00 5.933614815945213689e-06
-9.571192528595137361e+00 4.736666058684423178e-06
-9.474702913380864899e+00 5.766749825243772687e-06
-9.379941528515811200e+00 3.905966715840306682e-06
-9.286860594764403842e+00 2.872609243555064924e-06
-9.195414075582201363e+00 3.526377337612480290e-06
-9.105557598354884874e+00 3.146435975073044959e-06
-9.017248379870389741e+00 7.770746309393402912e-06
-8.930445155761116638e+00 1.105008421930554503e-05
-8.845108113671695804e+00 1.589804312564522537e-05
-8.761198829924738973e+00 1.045088955115635981e-05
-8.678680209472876328e+00 1.511196853104836621e-05
-8.597516428939853128e+00 7.779833316479183242e-06
-8.517672882566811765e+00 9.217291204661726383e-06
-8.439116130892410084e+00 3.774550065238747093e-06
-8.361813852006719117e+00 3.448050203893916602e-06
-8.285734795229661387e+00 5.990623630858957726e-06
-8.210848737074378789e+00 3.661071370873717548e-06
-8.137126439365120589e+00 9.831838084342745229e-06
-8.064539609387715302e+00 1.625764168807793849e-05
-7.993060861958362295e+00 1.929449694943983915e-05
-7.922663683303976967e+00 3.908983873602443141e-05
-7.853322396653874549e+00 1.540105279396870752e-05
-7.785012129448951157e+00 6.043038202404387799e-06
-7.717708782080378249e+00 5.289340297361485154e-06
-7.651388998075133507e+00 3.248729005568085508e-06
-7.586030135650944750e+00 2.542658418404722041e-06
-7.521610240567749628e+00 4.840638772056543167e-06
-7.458108020207273370e+00 2.810608576654766224e-06
-7.395502818816379609e+00 1.686591910550438601e-06
-7.333774593853726209e+00 6.645959291456940616e-06
-7.272903893382695273e+00 1.469350817307087708e-05
-7.212871834457117437e+00 7.466815452239706897e-06
-7.153660082449187385e+00 5.935030452397811419e-06
-7.095250831272068126e+00 5.364181541222028604e-06
-7.037626784452278628e+00 3.975885973001579040e-06
-6.980771137009643468e+00 1.665821152129867800e-06
-6.924667558104775189e+00 1.937442881072286518e-06
-6.869300174416541616e+00 6.109526611313278296e-06
-6.814653554213885300e+00 8.285873069750111390e-06
-6.760712692088343800e+00 5.076796463628729494e-06
-6.707462994315648963e+00 2.157059319625846795e-06
-6.654890264816202716e+00 2.473972369630560107e-06
-6.602980691686176407e+00 4.711500318281343057e-06
-6.551720834272277472e+00 7.341946037665230017e-06
-6.501097610764786872e+00 5.781388848075147519e-06
-6.451098286284775440e+00 6.694671874376689820e-06
-6.401710461442654321e+00 5.558417062869920057e-06
-6.352922061346510496e+00 4.657158080192733497e-06
-6.304721325039668756e+00 2.402486810591023258e-06
-6.257096795348075169e+00 2.084521026025335123e-06
-6.210037309119101678e+00 2.613691752766008531e-06
-6.163531987834188541e+00 1.956922861581416628e-06
-6.117570228578837366e+00 2.225538504840570121e-06
-6.072141695354100754e+00 3.033223685056646466e-06
-6.027236310714632950e+00 2.704064523310668634e-06
-5.982844247719062203e+00 2.764311532471829387e-06
-5.938955922179146363e+00 4.601180729442540796e-06
-5.895561985194874843e+00 5.296732247106099580e-06
-5.852653315963272540e+00 4.082423043943919882e-06
-5.810221014849253685e+00 3.737662028385281112e-06
-5.768256396707496236e+00 3.902221713056284471e-06
-5.726750984444712422e+00 5.382696746642769251e-06
-5.685696502812374042e+00 3.739820694137636994e-06
-5.645084872420248701e+00 1.831904979030862646e-06
-5.604908203961667112e+00 1.845585066340955742e-06
-5.565158792641851981e+00 1.846143989362212256e-06
-5.525829112800970222e+00 1.172411630864545391e-06
-5.486911812724083681e+00 8.170712393426398005e-07
-5.448399709630409760e+00 1.342464742993840765e-06
-5.410285784834729661e+00 3.128405916130808411e-06
-5.372563179074079542e+00 4.056876751404039919e-06
-5.335225187993163587e+00 3.280209507874744716e-06
-5.298265257782246884e+00 3.509282565846940384e-06
-5.261676980961550676e+00 4.695443825648643453e-06
-5.225454092306433651e+00 4.866476730338477742e-06
-5.189590464907923639e+00 3.810696156067911530e-06
-5.154080106363324809e+00 2.439442294375212933e-06
-5.118917155092023386e+00 2.173646521990301706e-06
-5.084095876771596245e+00 2.739767713505568652e-06
-5.049610660889740643e+00 3.592005753419626569e-06
-5.015456017407655231e+00 3.706592762538728638e-06
-4.981626573530626878e+00 3.827693536762931953e-06
-4.948117070581910859e+00 5.730240935410655703e-06
-4.914922360976011539e+00 7.572997217564215978e-06
-4.882037405287712239e+00 6.044784902140896938e-06
-4.849457269413337102e+00 3.756836682332288534e-06
-4.817177121820895636e+00 2.475577690630023769e-06
-4.785192230885824571e+00 2.673447013963190670e-06
-4.753497962309302771e+00 3.822699005132051949e-06
-4.722089776616123835e+00 4.635842882252948666e-06
-4.690963226729293112e+00 5.148785007480897109e-06
-4.660113955618596648e+00 4.587708990632484511e-06
-4.629537694020590344e+00 3.561418597197677925e-06
-4.599230258227382961e+00 3.684244844552031552e-06
-4.569187547941903738e+00 3.858981528766046155e-06
-4.539405544197283149e+00 3.613713455411261194e-06
-4.509880307338105077e+00 3.515762828439791913e-06
-4.480607975061465353e+00 3.113671689597605084e-06
-4.451584760515686412e+00 2.537379836794899513e-06
-4.422806950454783781e+00 1.642525862179133018e-06
-4.394270903446768628e+00 8.861594534667521750e-07
-4.365973048133954926e+00 7.729839586916625291e-07
-4.337909881543509094e+00 1.338252181423369123e-06
-4.310077967446587444e+00 2.311719140726106084e-06
-4.282473934764412071e+00 3.212495659470009877e-06
-4.255094476019731786e+00 3.877711213057904091e-06
-4.227936345832168819e+00 4.111532385398193994e-06
-4.200996359456015128e+00 3.645748493015929015e-06
-4.174271391359062555e+00 2.744363211165814739e-06
-4.147758373841154089e+00 2.394423432661520640e-06
-4.121454295691163061e+00 2.388344003010999278e-06
-4.095356200881122177e+00 1.856127296985344133e-06
-4.069461187296388616e+00 1.229601338384829338e-06
-4.043766405500584860e+00 1.059383397598380697e-06
-4.018269057534298305e+00 1.330760679123915005e-06
-3.992966395746416985e+00 2.173393536761020640e-06
-3.967855721657088441e+00 3.403767879581597783e-06
-3.942934384851309204e+00 4.139844785224026541e-06
-3.918199781902168777e+00 3.697120689090369647e-06
-3.893649355322847061e+00 2.696365079817927399e-06
-3.869280592546462394e+00 2.325927155184082679e-06
-3.845091024932894896e+00 2.680067011680926663e-06
-3.821078226801797317e+00 2.815732538483115058e-06
-3.797239814490932730e+00 2.286342647601250923e-06
-3.773573445439120100e+00 1.675475797126979204e-06
-3.750076817293014120e+00 1.370475758266103227e-06
-3.726747667036997225e+00 1.152849494859110969e-06
-3.703583770145510101e+00 1.098245612887161763e-06
-3.680582939757102157e+00 1.708331472716272280e-06
-3.657743025869630404e+00 2.987592511538684615e-06
-3.635061914555887341e+00 3.946318103650832949e-06
-3.612537527199123133e+00 3.763864393519633944e-06
-3.590167819747855482e+00 2.847028373146720425e-06
-3.567950781989368547e+00 1.953866317136690093e-06
-3.545884436841426179e+00 1.309411298014515200e-06
-3.523966839661581307e+00 8.850633572918364805e-07
-3.502196077573649369e+00 8.067373691738947736e-07
-3.480570268810808887e+00 1.156975260294463949e-06
-3.459087562074850908e+00 1.677462321401632361e-06
-3.437746135911134981e+00 2.058310631173487990e-06
-3.416544198098792506e+00 2.226130316455433123e-06
-3.395479985055740890e+00 2.120958833700891133e-06
-3.374551761258098193e+00 1.764450466893436056e-06
-3.353757818673582580e+00 1.468869795538158195e-06
-3.333096476208523118e+00 1.515009776054987890e-06
-3.312566079168071553e+00 2.007667878855357596e-06
-3.292164998729279812e+00 2.946247389921634222e-06
-3.271891631426664837e+00 3.900907711702306267e-06
-3.251744398649922374e+00 4.118504454330946675e-06
-3.231721746153456643e+00 3.454719019639942917e-06
-3.211822143577407918e+00 2.573749984051340860e-06
-3.192044083979844071e+00 2.044285994550105412e-06
-3.172386083379843402e+00 1.879981247027365147e-06
-3.152846680311138350e+00 1.873845173235953972e-06
-3.133424435386072737e+00 1.899949815600399168e-06
-3.114117930869558570e+00 1.875304609382363968e-06
-3.094925770262795250e+00 1.706008845513218170e-06
-3.075846577896469647e+00 1.442984910594289636e-06
-3.056878998533198555e+00 1.279811032062319822e-06
-3.038021696978961295e+00 1.286136203310180069e-06
-3.019273357703287086e+00 1.352742300534116855e-06
-3.000632684467968048e+00 1.379737550902642935e-06
-2.982098399964077995e+00 1.355377158123110434e-06
-2.963669245457069223e+00 1.358286597338017139e-06
-2.945343980439752762e+00 1.576081708727447318e-06
-2.927121382292947160e+00 2.172021745246198299e-06
-2.909000245953597297e+00 3.068299306727280001e-06
-2.890979383590179363e+00 3.987532560580756171e-06
-2.873057624285205058e+00 4.733494261357052248e-06
-2.855233813724623815e+00 5.254395130259197961e-06
-2.837506813893987179e+00 5.448208197819098407e-06
-2.819875502781155951e+00 5.230672117227828280e-06
-2.802338774085429751e+00 4.776729261468157325e-06
-2.784895536932901372e+00 4.396764361446231974e-06
-2.767544715597910265e+00 4.273269396743351636e-06
-2.750285249230413953e+00 4.430640302600662679e-06
-2.733116091589155250e+00 4.748595295973069891e-06
-2.716036210780464089e+00 4.982122844027938091e-06
-2.699044589002566052e+00 4.898745601037034748e-06
-2.682140222295249732e+00 4.390402068941844538e-06
-2.665322120294779662e+00 3.525830289228533993e-06
-2.648589305993904297e+00 2.575841803595138998e-06
-2.631940815506855547e+00 1.874149715365701190e-06
-2.615375697839200431e+00 1.593757576050017025e-06
-2.598893014662444045e+00 1.704259135450096819e-06
-2.582491840093254609e+00 2.070940148200404496e-06
-2.566171260477212002e+00 2.507793805848130937e-06
-2.549930374176959447e+00 2.817901641989385381e-06
-2.533768291364664638e+00 2.903834878796125569e-06
-2.517684133818677505e+00 2.848581104511460717e-06
-2.501677034724291371e+00 2.833173213018337376e-06
-2.485746138478510670e+00 2.942025028692931083e-06
-2.469890600498723998e+00 3.081302744324627327e-06
-2.454109587035200768e+00 3.129486444752515735e-06
-2.438402274987315543e+00 3.121431385143424821e-06
-2.422767851723407695e+00 3.210862014735319989e-06
-2.407205514904207533e+00 3.461614024348734553e-06
-2.391714472309731221e+00 3.743585889025134422e-06
-2.376293941669569421e+00 3.869851850007300188e-06
-2.360943150496495058e+00 3.787748321969261089e-06
-2.345661335923311608e+00 3.570806145476000676e-06
-2.330447744542858413e+00 3.276839787112487379e-06
-2.315301632251118846e+00 2.927726109752845946e-06
-2.300222264093345625e+00 2.606436032820524618e-06
-2.285208914113144640e+00 2.435613080061862243e-06
-2.270260865204440481e+00 2.422574456779775128e-06
-2.255377408966269037e+00 2.424220900113890800e-06
-2.240557845560325223e+00 2.319536448327046259e-06
-2.225801483571210770e+00 2.159516473718352729e-06
-2.211107639869315467e+00 2.102749663370291942e-06
-2.196475639476279440e+00 2.234184086821381201e-06
-2.181904815432973432e+00 2.473242816547744636e-06
-2.167394508669943320e+00 2.642383930987666082e-06
-2.152944067880271817e+00 2.623085704333130592e-06
-2.138552849394784516e+00 2.472606017119724680e-06
-2.124220217059574090e+00 2.398164475708057455e-06
-2.109945542115772454e+00 2.599265978206666592e-06
-2.095728203081529628e+00 3.116825354460566356e-06
-2.081567585636154849e+00 3.824051569897008230e-06
-2.067463082506362237e+00 4.552617802603285909e-06
-2.053414093354584136e+00 5.212948535595068680e-06
-2.039420024669305942e+00 5.781447369204010873e-06
-2.025480289657382471e+00 6.195331619178722502e-06
-2.011594308138276332e+00 6.331241223070926068e-06
-1.997761506440205226e+00 6.129004562923854946e-06
-1.983981317298131319e+00 5.690494154551899302e-06
-1.970253179753569617e+00 5.199748531781263726e-06
-1.956576539056167352e+00 4.769211635669357592e-06
-1.942950846567025547e+00 4.402555406626956227e-06
-1.929375559663717654e+00 4.072137521672576765e-06
-1.915850141646975535e+00 3.780180141682734490e-06
-1.902374061649005244e+00 3.556411389036002365e-06
-1.888946794543396868e+00 3.432764157216889437e-06
-1.875567820856598900e+00 3.416651120123703204e-06
-1.862236626680921825e+00 3.469191265769944202e-06
-1.848952703589041180e+00 3.518830111326491970e-06
-1.835715548549967879e+00 3.517073447476523045e-06
-1.822524663846452730e+00 3.481318227982277608e-06
-1.809379556993800708e+00 3.471240590469119850e-06
-1.796279740660062796e+00 3.522971474908245531e-06
-1.783224732587581407e+00 3.617741803031637763e-06
-1.770214055515849871e+00 3.713251813397938719e-06
-1.757247237105675541e+00 3.789235306175346866e-06
-1.744323809864610553e+00 3.851672115745149781e-06
-1.731443311073621372e+00 3.897571035771761181e-06
-1.718605282714980698e+00 3.882922124327548401e-06
-1.705809271401351745e+00 3.735244214762282557e-06
-1.693054828306041149e+00 3.412286537541235527e-06
-1.680341509094399610e+00 2.956201451045252349e-06
-1.667668873856344547e+00 2.486444752403410613e-06
-1.655036487039980519e+00 2.136237477474553044e-06
-1.642443917386301022e+00 1.995396605411744681e-06
-1.629890737864948980e+00 2.104501395101692244e-06
-1.617376525611005755e+00 2.482131897409971892e-06
-1.604900861862805783e+00 3.135280490765106681e-06
-1.592463331900736856e+00 4.028128515457030833e-06
-1.580063524987020074e+00 5.037453222303355091e-06
-1.567701034306447028e+00 5.953520947872322503e-06
-1.555375456908052678e+00 6.561322082754793205e-06
-1.543086393647707277e+00 6.760099020271616489e-06
-1.530833449131608237e+00 6.620297752234649574e-06
-1.518616231660659732e+00 6.316362324570466011e-06
-1.506434353175712282e+00 5.987071007954200610e-06
-1.494287429203655870e+00 5.648751835784444737e-06
-1.482175078804342627e+00 5.235770547425806755e-06
-1.470096924518329295e+00 4.714784542085335382e-06
-1.458052592315416618e+00 4.147953696643788757e-06
-1.446041711543979202e+00 3.644868273618542457e-06
-1.434063914881057000e+00 3.267172029125166377e-06
-1.422118838283209508e+00 2.991120004212742675e-06
-1.410206120938107599e+00 2.754253842312754313e-06
-1.398325405216850115e+00 2.522362187955716944e-06
-1.386476336626996986e+00 2.312774604235910430e-06
-1.374658563766294916e+00 2.170256899174490726e-06
-1.362871738277095179e+00 2.130644276639165211e-06
-1.351115514801437101e+00 2.198206276368230506e-06
-1.339389550936797013e+00 2.343147982199385891e-06
-1.327693507192477362e+00 2.519964252195404929e-06
-1.316027046946637080e+00 2.700151377489010451e-06
-1.304389836403941239e+00 2.898184433775721471e-06
-1.292781544553817996e+00 3.165882409198239671e-06
-1.281201843129320173e+00 3.553089713521664483e-06
-1.269650406566570577e+00 4.062834642543898883e-06
-1.258126911964788874e+00 4.635261975486722212e-06
-1.246631039046874889e+00 5.172515562002710022e-06
-1.235162470120555911e+00 5.584736489253178771e-06
-1.223720890040073339e+00 5.827177897306639115e-06
-1.212305986168408234e+00 5.910326281591665981e-06
-1.200917448340022453e+00 5.882802808299475114e-06
-1.189554968824123149e+00 5.800707769713268571e-06
-1.178218242288426865e+00 5.702339075553925659e-06
-1.166906965763418569e+00 5.604535139304524405e-06
-1.155620838607101852e+00 5.519663491294597721e-06
-1.144359562470215863e+00 5.474801710484559740e-06
-1.133122841261928526e+00 5.512568323846873632e-06
-1.121910381115985400e+00 5.672793558324430407e-06
-1.110721890357309283e+00 5.972524984655600949e-06
-1.099557079469039467e+00 6.399245130400931704e-06
-1.088415661060010642e+00 6.915216037477238615e-06
-1.077297349832647466e+00 7.461294916352878812e-06
-1.066201862551285018e+00 7.962072603043920569e-06
-1.055128918010896033e+00 8.351537325683903060e-06
-1.044078237006218046e+00 8.622014014228372795e-06
-1.033049542301277102e+00 8.862009301348639385e-06
-1.022042558599299822e+00 9.226906591648540514e-06
-1.011057012512998066e+00 9.837870548211450516e-06
-1.000092632535235726e+00 1.067526795405064293e-05
-9.891491490100537964e-01 1.155963425817142232e-05
-9.782262941040561488e-01 1.223836396939724284e-05
-9.673238017781481402e-01 1.251526389921894263e-05
-9.564414077596213870e-01 1.233497947540950045e-05
-9.455788495145712735e-01 1.178701398652618332e-05
-9.347358662206534108e-01 1.104897776581676605e-05
-9.239121987401626157e-01 1.030712174421248251e-05
-9.131075895934324116e-01 9.688759936712800066e-06
-9.023217829325496098e-01 9.231433728582509417e-06
-8.915545245153719822e-01 8.900091688390954038e-06
-8.808055616798529108e-01 8.634870829723748220e-06
-8.700746433186589135e-01 8.396581545346684308e-06
-8.593615198540814903e-01 8.187276535427325216e-06
-8.486659432132259706e-01 8.046845525841484512e-06
-8.379876668034880183e-01 8.036850963217199759e-06
-8.273264454882990337e-01 8.219780297813673032e-06
-8.166820355631438932e-01 8.635087963019129586e-06
-8.060541947318363709e-01 9.276278768026095898e-06
-7.954426820830584610e-01 1.007884187261802088e-05
-7.848472580671504994e-01 1.093073769234653828e-05
-7.742676844731486430e-01 1.170962844083049158e-05
-7.637037244060699281e-01 1.233756932761658964e-05
-7.531551422644284788e-01 1.282904183024817369e-05
-7.426217037179922986e-01 1.330762561044474885e-05
-7.321031756857663275e-01 1.397723994912786360e-05
-7.215993263142009839e-01 1.505609766050645299e-05
-7.111099249556180890e-01 1.669471036568422032e-05
-7.006347421468592795e-01 1.890570181078300032e-05
-6.901735495881351490e-01 2.153437329103968160e-05
-6.797261201220911042e-01 2.429267503727470837e-05
-6.692922277130706199e-01 2.685123480838255369e-05
-6.588716474265783329e-01 2.895020209154951463e-05
-6.484641554089376481e-01 3.047494586926345061e-05
-6.380695288671385246e-01 3.147121108491994669e-05
-6.276875460488731129e-01 3.212269348438541059e-05
-6.173179862227488046e-01 3.273317596369470551e-05
-6.069606296586862459e-01 3.373111275395009701e-05
-5.966152576084875481e-01 3.567538545083022970e-05
-5.862816522865772484e-01 3.921296743576103473e-05
-5.759595968509094721e-01 4.495279450417738617e-05
-5.656488753840412942e-01 5.329640067852181411e-05
-5.553492728743597562e-01 6.433333621255449654e-05
-5.450605751974718638e-01 7.789783380316236830e-05
-5.347825690977430213e-01 9.373463674332540500e-05
-5.245150421699888987e-01 1.115628906004729809e-04
-5.142577828413065211e-01 1.308678549254579070e-04
-5.040105803530536832e-01 1.506485706564071364e-04
-4.937732247429644228e-01 1.696710342467883028e-04
-4.835455068274036594e-01 1.875742042283234110e-04
-4.733272181837471781e-01 2.066432500538987636e-04
-4.631181511328986700e-01 2.338163026006813546e-04
-4.529180987219272314e-01 2.831934243648303283e-04
-4.427268547068332061e-01 3.799144429559846853e-04
-4.325442135354257145e-01 5.663519279705327581e-04
-4.223699703303245845e-01 9.083917417081551100e-04
-4.122039208720716941e-01 1.496503631007034974e-03
-4.020458615823537807e-01 2.436190357022062058e-03
-3.918955895073323314e-01 3.825729310464823923e-03
-3.817529023010813316e-01 5.733853250288621986e-03
-3.716175982091194929e-01 8.207851892805557298e-03
-3.614894760520483419e-01 1.135194299075773482e-02
-3.513683352092828449e-01 1.550370627883868729e-02
-3.412539756028758475e-01 2.147438615166644138e-02
-3.311461976814312758e-01 3.075042063583724797e-02
-3.210448024041094306e-01 4.547756070450916649e-02
-3.109495912247085547e-01 6.809076640018807414e-02
-3.008603660758366605e-01 1.006142470926204707e-01
-2.907769293531580201e-01 1.438840471819760602e-01
-2.806990838997174276e-01 1.971649265699587095e-01
-2.706266329903371237e-01 2.585176879472605993e-01
-2.605593803160889399e-01 3.259221410369066985e-01
-2.504971299688272257e-01 3.986665096119901830e-01
-2.404396864257955790e-01 4.782454715811452761e-01
-2.303868545342923901e-01 5.682444641854438316e-01
-2.203384394963986970e-01 6.732543872896853410e-01
-2.102942468537628840e-01 7.975005424344500105e-01
-2.002540824724450275e-01 9.440260816686167900e-01
-1.902177525278067050e-01 1.114893655863065103e+00
-1.801850634894590075e-01 1.312111494694760516e+00
-1.701558221062540455e-01 1.538396303196384318e+00
-1.601298353913264694e-01 1.796995832780728053e+00
-1.501069106071708514e-01 2.090428826498778481e+00
-1.400868552507662790e-01 2.418981144872502931e+00
-1.300694770387391397e-01 2.779949701100856707e+00
-1.200545838925550501e-01 3.167868008544115099e+00
-1.100419839237516545e-01 3.574698983564688071e+00
-1.000314854191983877e-01 3.988303389217029871e+00
-9.002289682638489610e-02 4.388745140483843343e+00
-8.001602673873924043e-02 4.744238252256292476e+00
-7.001068388096250150e-02 5.010369122878095105e+00
-6.000667709439190534e-02 5.135786455855704702e+00
-5.000381532237931775e-02 5.074529008116019924e+00
-4.000190759568706539e-02 4.801335696639124961e+00
-3.000076301789707939e-02 4.323803776818717637e+00
-2.000019075083557876e-02 3.685683021578208596e+00
-9.999999999999974187e-03 2.958959364639392575e+00
0.000000000000000000e+00 2.226916753323273657e+00
9.999999999999974187e-03 1.564224427294074182e+00
2.000019075083557876e-02 1.021179399800073995e+00
3.000076301789707939e-02 6.171321596351280192e-01
4.000190759568635068e-02 3.439483647764306484e-01
5.000381532237860305e-02 1.761678950088001461e-01
6.000667709439118369e-02 8.265577313552180394e-02
7.001068388096322315e-02 3.541982089876283268e-02
8.001602673873996208e-02 1.382628600653599063e-02
9.002289682638561774e-02 4.904256161976804432e-03
1.000314854191983877e-01 1.577433709639298543e-03
1.100419839237516545e-01 4.599580631446547100e-04
1.200545838925550501e-01 1.219167091420978567e-04
1.300694770387391397e-01 2.992565340780915757e-05
1.400868552507662790e-01 7.514127026797682450e-06
1.501069106071708514e-01 2.723701270203672055e-06
1.601298353913264694e-01 1.933971397017489891e-06
1.701558221062540455e-01 1.974900592586807868e-06
1.801850634894582859e-01 2.181010078212061777e-06
1.902177525278067050e-01 2.406903359268994154e-06
2.002540824724450275e-01 2.606730172920983302e-06
2.102942468537628840e-01 2.750743128428753617e-06
2.203384394963986970e-01 2.815444084685585088e-06
2.303868545342923901e-01 2.784320142203729396e-06
2.404396864257955790e-01 2.652386746713181622e-06
2.504971299688272257e-01 2.431187389792194769e-06
2.605593803160889399e-01 2.149380319146905993e-06
2.706266329903371237e-01 1.846168648582127191e-06
2.806990838997167059e-01 1.560080834154047380e-06
2.907769293531572985e-01 1.318768922377981362e-06
3.008603660758359388e-01 1.134360788671482564e-06
3.109495912247092764e-01 1.004703725571439928e-06
3.210448024041101522e-01 9.185301772505759174e-07
3.311461976814320529e-01 8.618303722334059718e-07
3.412539756028758475e-01 8.229698860180955091e-07
3.513683352092828449e-01 7.947216628900031460e-07
3.614894760520483419e-01 7.732957137831252470e-07
3.716175982091194929e-01 7.563909698137920193e-07
3.817529023010813316e-01 7.424405116640954006e-07
3.918955895073323314e-01 7.311284215251399389e-07
4.020458615823530590e-01 7.237348707022268615e-07
4.122039208720709169e-01 7.224323082406629704e-07
4.223699703303238628e-01 7.296069916713077272e-07
4.325442135354264361e-01 7.484668772661752647e-07
4.427268547068339277e-01 7.840585239218526745e-07
4.529180987219279531e-01 8.421966751505856958e-07
4.631181511328986700e-01 9.250654930288653149e-07
4.733272181837471781e-01 1.025786667270031571e-06
4.835455068274036594e-01 1.126716718658856769e-06
4.937732247429644228e-01 1.204380463354316662e-06
5.040105803530536832e-01 1.238867242218996427e-06
5.142577828413065211e-01 1.222099879171427189e-06
5.245150421699888987e-01 1.160171769985014935e-06
5.347825690977430213e-01 1.069458652865112471e-06
5.450605751974710866e-01 9.700195650624015097e-07
5.553492728743597562e-01 8.803663251238352617e-07
5.656488753840412942e-01 8.152253624618588349e-07
5.759595968509094721e-01 7.853406402317543112e-07
5.862816522865772484e-01 7.972307994596058864e-07
5.966152576084875481e-01 8.511881105952108597e-07
6.069606296586862459e-01 9.379450919003434389e-07
6.173179862227488046e-01 1.037005774477793037e-06
6.276875460488731129e-01 1.120843850546056690e-06
6.380695288671385246e-01 1.165723344495390282e-06
6.484641554089369819e-01 1.163522567449510618e-06
6.588716474265774448e-01 1.125530503087757979e-06
6.692922277130698427e-01 1.074287394633929030e-06
6.797261201220904381e-01 1.029328806896430350e-06
6.901735495881360372e-01 9.979748483632236550e-07
7.006347421468600567e-01 9.770316352148825274e-07
7.111099249556188662e-01 9.611993159731984595e-07
7.215993263142009839e-01 9.489455081290010479e-07
7.321031756857663275e-01 9.410195195894262403e-07
7.426217037179922986e-01 9.348770051450910851e-07
7.531551422644284788e-01 9.218845114454809370e-07
7.637037244060699281e-01 8.906892544844367615e-07
7.742676844731486430e-01 8.344699042993957625e-07
7.848472580671498333e-01 7.566786246470400591e-07
7.954426820830577949e-01 6.714663172701863021e-07
8.060541947318363709e-01 5.985434398810557123e-07
8.166820355631446704e-01 5.553898140380135805e-07
8.273264454882999219e-01 5.508392382490703721e-07
8.379876668034880183e-01 5.833720626810242081e-07
8.486659432132259706e-01 6.449242188634307988e-07
8.593615198540814903e-01 7.280082349631504358e-07
8.700746433186589135e-01 8.313508856801676921e-07
8.808055616798529108e-01 9.593929787104169286e-07
8.915545245153719822e-01 1.115214036990994688e-06
9.023217829325496098e-01 1.291950994466535137e-06
9.131075895934324116e-01 1.469656785016460104e-06
9.239121987401619496e-01 1.620629677685339195e-06
9.347358662206525226e-01 1.719371270271110866e-06
9.455788495145712735e-01 1.750550358038035317e-06
9.564414077596213870e-01 1.711699415554327957e-06
9.673238017781488063e-01 1.612431075421856053e-06
9.782262941040561488e-01 1.473109413700249207e-06
9.891491490100537964e-01 1.322328895020852176e-06
1.000092632535235726e+00 1.190775427882355711e-06
1.011057012512998066e+00 1.102296176310800862e-06
1.022042558599299822e+00 1.068076915962173734e-06
1.033049542301277102e+00 1.087667599099447885e-06
1.044078237006217380e+00 1.153931925550299682e-06
1.055128918010895367e+00 1.254829609908163717e-06
1.066201862551284352e+00 1.370212062370093207e-06
1.077297349832648132e+00 1.469863493189096637e-06
1.088415661060011308e+00 1.519879738811652412e-06
1.099557079469040355e+00 1.497001737798614081e-06
1.110721890357309283e+00 1.402096453978751904e-06
1.121910381115985400e+00 1.263188145592581409e-06
1.133122841261928526e+00 1.124784699057414318e-06
1.144359562470215863e+00 1.028838576564523282e-06
1.155620838607101852e+00 9.970483554893200408e-07
1.166906965763418569e+00 1.022997042843688919e-06
1.178218242288425976e+00 1.077768399779447458e-06
1.189554968824123149e+00 1.126342885420270586e-06
1.200917448340022453e+00 1.145970916534743412e-06
1.212305986168408900e+00 1.136145905457380415e-06
1.223720890040074227e+00 1.115043734041272478e-06
1.235162470120555911e+00 1.106787486900689373e-06
1.246631039046874889e+00 1.128813041644355408e-06
1.258126911964788874e+00 1.186420197165986779e-06
1.269650406566570577e+00 1.274098019702810468e-06
1.281201843129320173e+00 1.378655875151957026e-06
1.292781544553817996e+00 1.480735601753623994e-06
1.304389836403941239e+00 1.556625830333602177e-06
1.316027046946637080e+00 1.584420744426747793e-06
1.327693507192476696e+00 1.554302881836453992e-06
1.339389550936796125e+00 1.475817965939896100e-06
1.351115514801436435e+00 1.374179032483146398e-06
1.362871738277095179e+00 1.275736471186219317e-06
1.374658563766295805e+00 1.192851455660389900e-06
1.386476336626997652e+00 1.120263864819726181e-06
1.398325405216850559e+00 1.045637930373080261e-06
1.410206120938107599e+00 9.647212408120164170e-07
1.422118838283209508e+00 8.889811695009383181e-07
1.434063914881057000e+00 8.407511349868759084e-07
1.446041711543979202e+00 8.402439094536404102e-07
1.458052592315416618e+00 8.914030447936303578e-07
1.470096924518328407e+00 9.735979393954177680e-07
1.482175078804341739e+00 1.045838936495733237e-06
1.494287429203654982e+00 1.065722580806436543e-06
1.506434353175713392e+00 1.013636095548627990e-06
1.518616231660660620e+00 9.049123422590488208e-07
1.530833449131608681e+00 7.802702474085986692e-07
1.543086393647707277e+00 6.819211147050071466e-07
1.555375456908052678e+00 6.327388758377718947e-07
1.567701034306447028e+00 6.315601708569891379e-07
1.580063524987019630e+00 6.648711637360453540e-07
1.592463331900736190e+00 7.219913217687322648e-07
1.604900861862805117e+00 7.988549350172989453e-07
1.617376525611005755e+00 8.898468488724103109e-07
1.629890737864948091e+00 9.827846585396681683e-07
1.642443917386300800e+00 1.067548524959962338e-06
1.655036487039980742e+00 1.148440918762858069e-06
1.667668873856345213e+00 1.242808237793493166e-06
1.680341509094400276e+00 1.362956095627158010e-06
1.693054828306040926e+00 1.496055987790485734e-06
1.705809271401351079e+00 1.600130244013877954e-06
1.718605282714980920e+00 1.624689051651460739e-06
1.731443311073621594e+00 1.546479835175892478e-06
1.744323809864610997e+00 1.392675502546873789e-06
1.757247237105675541e+00 1.227547154429295836e-06
1.770214055515848983e+00 1.108631952698704914e-06
1.783224732587580741e+00 1.047476502571186315e-06
1.796279740660062352e+00 1.007197246783077547e-06
1.809379556993800708e+00 9.381271683484579667e-07
1.822524663846453397e+00 8.221382760489659903e-07
1.835715548549968767e+00 6.892976805693215089e-07
1.848952703589041624e+00 5.960807431412025329e-07
1.862236626680921825e+00 5.876245054300335984e-07
1.875567820856598900e+00 6.763656839449363219e-07
1.888946794543396868e+00 8.467311702229412636e-07
1.902374061649005244e+00 1.069282144426075465e-06
1.915850141646975535e+00 1.305156721024358165e-06
1.929375559663716988e+00 1.503460211924749982e-06
1.942950846567024437e+00 1.610575754021478231e-06
1.956576539056166242e+00 1.595550218105927254e-06
1.970253179753570727e+00 1.469293822708010585e-06
1.983981317298132430e+00 1.279697256226408945e-06
1.997761506440205892e+00 1.089452400680238001e-06
2.011594308138276332e+00 9.487714268547346237e-07
2.025480289657382471e+00 8.708002930211396061e-07
2.039420024669305942e+00 8.278175973771163550e-07
2.053414093354583247e+00 7.818481376539641697e-07
2.067463082506361793e+00 7.260215163502864840e-07
2.081567585636154405e+00 6.952225351683249665e-07
2.095728203081529628e+00 7.349719697990419847e-07
2.109945542115771566e+00 8.551578496257509582e-07
2.124220217059573645e+00 1.005502000866768603e-06
2.138552849394784072e+00 1.099832833804281529e-06
2.152944067880272261e+00 1.081029511235529699e-06
2.167394508669943765e+00 9.684747109706308057e-07
2.181904815432972988e+00 8.376775169726081324e-07
2.196475639476278996e+00 7.581850155620088594e-07
2.211107639869315911e+00 7.538997427334985682e-07
2.225801483571211214e+00 8.047055443382261781e-07
2.240557845560325667e+00 8.679299621459948484e-07
2.255377408966268149e+00 9.030840276106989567e-07
2.270260865204440481e+00 8.903417256711074081e-07
2.285208914113143308e+00 8.348382191220964918e-07
2.300222264093344737e+00 7.628834476128898759e-07
2.315301632251118846e+00 7.173799378390800146e-07
2.330447744542859301e+00 7.409820973270808645e-07
2.345661335923311608e+00 8.440795004935701859e-07
2.360943150496495946e+00 9.922281414078509348e-07
2.376293941669568088e+00 1.134944060859412632e-06
2.391714472309731221e+00 1.234549609171441227e-06
2.407205514904206645e+00 1.259802263558954972e-06
2.422767851723407695e+00 1.185193588332334362e-06
2.438402274987316432e+00 1.025220648574196527e-06
2.454109587035200768e+00 8.451689072752744278e-07
2.469890600498723998e+00 7.115172246172510105e-07
2.485746138478509337e+00 6.480022363652781315e-07
2.501677034724291371e+00 6.483479183312922379e-07
2.517684133818678394e+00 6.991608397961373261e-07
2.533768291364664638e+00 7.734902900731499965e-07
2.549930374176959891e+00 8.276752438571606154e-07
2.566171260477213334e+00 8.252055437699045037e-07
2.582491840093254609e+00 7.622033012187785444e-07
2.598893014662444489e+00 6.690963936337874473e-07
2.615375697839199987e+00 5.874058618275552769e-07
2.631940815506855991e+00 5.404702607046233742e-07
2.648589305993903409e+00 5.217889039164876440e-07
2.665322120294779218e+00 5.060620291587512539e-07
2.682140222295247955e+00 4.743331194549323677e-07
2.699044589002565164e+00 4.370766005647089730e-07
2.716036210780464977e+00 4.277423655983805958e-07
2.733116091589157026e+00 4.681249322728112429e-07
2.750285249230413953e+00 5.535762052332390544e-07
2.767544715597911598e+00 6.768911041569614019e-07
2.784895536932901372e+00 8.423019838406190668e-07
2.802338774085429751e+00 1.045020562123254938e-06
2.819875502781155063e+00 1.257031975801721811e-06
2.837506813893987179e+00 1.433961366851736299e-06
2.855233813724622927e+00 1.539022849107081255e-06
2.873057624285204170e+00 1.587495494878797113e-06
2.890979383590180252e+00 1.626543174669280679e-06
2.909000245953595520e+00 1.639162687173337644e-06
2.927121382292947160e+00 1.560575035037535740e-06
2.945343980439754095e+00 1.398026430266328281e-06
2.963669245457068335e+00 1.229941292200620325e-06
2.982098399964077995e+00 1.107413592106071760e-06
3.000632684467967159e+00 1.027095140790523599e-06
3.019273357703287086e+00 9.713557199834024121e-07
3.038021696978962627e+00 9.269325569055841097e-07
3.056878998533198555e+00 8.929379518619492827e-07
3.075846577896470535e+00 9.094479970987647507e-07
3.094925770262794362e+00 1.032411190017541834e-06
3.114117930869559014e+00 1.226169292065071824e-06
3.133424435386071849e+00 1.334574329496120166e-06
3.152846680311138350e+00 1.248170787189324763e-06
3.172386083379844290e+00 1.032994210580808652e-06
3.192044083979846292e+00 8.159497130727597218e-07
3.211822143577407918e+00 6.489104198007468746e-07
3.231721746153457975e+00 5.317258056636264254e-07
3.251744398649921930e+00 4.861509832192909683e-07
3.271891631426665281e+00 5.582884513888612299e-07
3.292164998729279368e+00 7.637137821383266299e-07
3.312566079168071553e+00 1.052281619314444458e-06
3.333096476208521786e+00 1.270352455673901691e-06
3.353757818673582580e+00 1.238013587488244503e-06
3.374551761258096416e+00 9.900660187255364789e-07
3.395479985055740446e+00 7.322587319666541921e-07
3.416544198098793395e+00 5.440658144703555789e-07
3.437746135911136314e+00 3.987960157128263417e-07
3.459087562074850908e+00 3.245603162179720414e-07
3.480570268810810663e+00 3.261457641444990349e-07
3.502196077573649369e+00 3.386648933975173840e-07
3.523966839661581307e+00 3.351374871779849801e-07
3.545884436841424847e+00 3.226202058068204441e-07
3.567950781989368547e+00 2.864041947470472629e-07
3.590167819747851929e+00 2.532525624830718869e-07
3.612537527199123133e+00 3.117642654110986994e-07
3.635061914555887341e+00 5.174675178278581662e-07
3.657743025869628628e+00 8.132161306749739429e-07
3.680582939757102157e+00 1.048529037936872630e-06
3.703583770145510101e+00 1.141120337081610296e-06
3.726747667036997225e+00 1.186672036964578460e-06
3.750076817293014120e+00 1.273979679476015659e-06
3.773573445439117879e+00 1.324290164713394516e-06
3.797239814490932730e+00 1.245759645774447771e-06
3.821078226801799538e+00 1.144216718028259630e-06
3.845091024932894896e+00 1.264898674007417479e-06
3.869280592546462394e+00 1.601598606254163109e-06
3.893649355322847061e+00 1.778301101581833343e-06
3.918199781902168777e+00 1.640018953870024814e-06
3.942934384851307872e+00 1.446857655255402765e-06
3.967855721657088441e+00 1.376836098027354472e-06
3.992966395746416985e+00 1.275979207211049909e-06
4.018269057534300082e+00 9.486175529341178281e-07
4.043766405500584860e+00 6.516824011351957201e-07
4.069461187296391280e+00 5.892651136340011856e-07
4.095356200881122177e+00 5.491894573150981078e-07
4.121454295691163061e+00 5.027465711899983053e-07
4.147758373841154089e+00 6.802488139354214726e-07
4.174271391359062555e+00 1.058941359968719326e-06
4.200996359456013352e+00 1.348228955091295505e-06
4.227936345832168819e+00 1.387867154493300923e-06
4.255094476019727345e+00 1.159186930992476419e-06
4.282473934764413848e+00 8.604651557469235815e-07
4.310077967446587444e+00 7.336601796364887541e-07
4.337909881543510870e+00 7.743316662344363075e-07
4.365973048133954926e+00 1.102716628176825553e-06
4.394270903446770404e+00 1.431279847588606600e-06
4.422806950454781116e+00 1.314244524021041563e-06
4.451584760515686412e+00 1.235345326056102744e-06
4.480607975061463577e+00 1.314571623856534919e-06
4.509880307338105077e+00 1.188169683144082785e-06
4.539405544197283149e+00 1.091838712259880403e-06
4.569187547941903738e+00 1.487837690730875189e-06
4.599230258227382961e+00 1.826920181665919593e-06
4.629537694020593008e+00 1.361698081177492946e-06
4.660113955618596648e+00 1.126304077951424662e-06
4.690963226729293112e+00 1.354028817891006351e-06
4.722089776616123835e+00 1.208484719046215915e-06
4.753497962309302771e+00 9.820049714395135495e-07
4.785192230885826348e+00 8.068168124260694811e-07
4.817177121820895636e+00 4.986384747635209980e-07
4.849457269413340654e+00 3.736312945937672109e-07
4.882037405287709575e+00 4.481135233170859650e-07
4.914922360976011539e+00 4.236817910430047408e-07
4.948117070581908195e+00 3.991356385928443074e-07
4.981626573530626878e+00 4.814054513735537422e-07
5.015456017407652567e+00 6.924463818180137418e-07
5.049610660889745972e+00 8.858772540691694851e-07
5.084095876771596245e+00 9.022954469644106675e-07
5.118917155092026050e+00 6.689979748166824112e-07
5.154080106363324809e+00 6.230178458438087636e-07
5.189590464907923639e+00 1.216789815745963649e-06
5.225454092306433651e+00 1.762156730084045992e-06
5.261676980961550676e+00 1.409080516013729379e-06
5.298265257782244220e+00 9.208859635852933638e-07
5.335225187993163587e+00 6.355026426833710888e-07
5.372563179074077766e+00 9.959841189436608359e-07
5.410285784834729661e+00 1.567811938897019694e-06
5.448399709630405319e+00 1.200463793915266995e-06
5.486911812724086346e+00 8.128740023959313742e-07
5.525829112800970222e+00 1.261426313644637130e-06
5.565158792641854646e+00 1.594398447895110446e-06
5.604908203961667112e+00 9.731478204509204069e-07
5.645084872420248701e+00 4.801673557305744187e-07
5.685696502812371378e+00 8.151464205973447609e-07
5.726750984444712422e+00 1.521340413876876147e-06
5.768256396707492684e+00 2.635045283257402529e-06
5.810221014849253685e+00 4.427607599402385442e-06
5.852653315963272540e+00 3.353781944184654152e-06
5.895561985194872179e+00 1.924494203233517874e-06
5.938955922179146363e+00 9.310948554579690530e-07
5.982844247719065756e+00 6.109971861663770850e-07
6.027236310714632950e+00 7.375244001578175134e-07
6.072141695354100754e+00 1.124797089213138201e-06
6.117570228578833813e+00 1.732877484201224345e-06
6.163531987834188541e+00 8.995270083801144603e-07
6.210037309119105231e+00 7.702705161853372083e-07
6.257096795348075169e+00 1.423264845969982162e-06
6.304721325039668756e+00 2.124633704027379311e-06
6.352922061346506943e+00 2.698841273185524360e-06
6.401710461442654321e+00 1.749999710224886593e-06
6.451098286284771888e+00 1.582634015523991665e-06
6.501097610764786872e+00 2.328740934720980766e-06
6.551720834272277472e+00 2.288008086923979806e-06
6.602980691686179959e+00 1.026624803826130209e-06
6.654890264816202716e+00 2.758133818522783727e-07
6.707462994315653404e+00 4.306115192820304397e-07
6.760712692088343800e+00 1.489765030871218387e-06
6.814653554213885300e+00 1.819233306490605924e-06
6.869300174416541616e+00 9.893692161859605111e-07
6.924667558104775189e+00 8.808700711236484587e-07
6.980771137009639027e+00 7.237808701056756379e-07
7.037626784452278628e+00 6.281267257576506743e-07
7.095250831272059244e+00 7.942236185955706458e-07
7.153660082449184721e+00 1.742990465335397848e-06
7.212871834457117437e+00 2.041566470992065941e-06
7.272903893382699714e+00 7.197998003538092512e-07
7.333774593853726209e+00 2.848622473543110986e-07
7.395502818816384050e+00 3.644057720340647345e-07
7.458108020207268929e+00 6.157831032319979887e-07
7.521610240567749628e+00 8.680360169179486465e-07
7.586030135650939421e+00 1.106910350748531912e-06
7.651388998075133507e+00 5.452961303912233786e-07
7.717708782080382690e+00 8.410088382551174878e-07
7.785012129448951157e+00 6.419873938610414556e-07
7.853322396653874549e+00 9.051643732643682683e-07
7.922663683303971638e+00 5.516455799274115002e-07
7.993060861958362295e+00 6.997290626343988967e-07
8.064539609387720631e+00 5.279647783085088731e-07
8.137126439365120589e+00 1.766117531009592098e-06
8.210848737074378789e+00 1.816740943706003530e-06
8.285734795229668492e+00 1.110149874186280377e-06
8.361813852006719117e+00 1.529966595236992848e-06
8.439116130892415413e+00 1.046663124081826486e-06
8.517672882566811765e+00 3.487232611543125011e-07
8.597516428939853128e+00 1.275781223138266160e-06
8.678680209472870999e+00 3.631622744057763000e-06
8.761198829924738973e+00 2.204806891879738748e-06
8.845108113671690475e+00 4.709359197857607595e-06
8.930445155761116638e+00 2.902427354497561831e-06
9.017248379870389741e+00 5.040136425127663245e-07
9.105557598354891979e+00 3.927729531040285707e-07
9.195414075582201363e+00 2.149898054977710950e-06
9.286860594764410948e+00 2.841351091205284949e-06
9.379941528515811200e+00 1.832396946149259655e-06
9.474702913380864899e+00 1.403176888793524588e-06
9.571192528595130256e+00 3.680516498192330775e-06
9.669459979362780899e+00 1.797166737231096913e-06
9.769556784955327089e+00 6.941283823840414456e-07
9.871536471960840942e+00 3.935577239420745806e-07
9.975454673037942754e+00 3.530578562236388445e-07
1.008136923155793063e+01 1.508788954095005350e-06
1.018934031254830330e+01 3.808651112912705700e-06
1.029943052038522566e+01 1.361465351691318855e-06
1.041170502371859463e+01 1.239449075491603501e-06
1.052623168815380517e+01 5.395742013941746164e-07
1.064308121725768252e+01 1.289947308423109271e-06
1.076232730250476877e+01 6.795240543208705077e-07
1.088404678283179194e+01 2.617984444312872446e-06
1.100831981452695096e+01 6.463165167189614859e-06
1.113523005224294415e+01 1.454790698842919712e-06
1.126486484199331350e+01 2.991996592475926455e-06
1.139731542706779699e+01 7.897566427801672076e-07
1.153267716788676189e+01 1.867382351641149031e-06
1.167104977690866718e+01 7.106034412639594071e-07
1.181253756980620828e+01 1.941454456072208634e-06
1.195724973424156268e+01 5.680646995503339999e-07
1.210530061769597765e+01 1.653938823126107394e-06
1.225681003594877438e+01 5.068233516768859486e-06
1.241190360395464154e+01 7.272508260286700891e-07
1.257071309104042101e+01 1.070490504354533502e-06
1.273337680253192516e+01 3.390896784311151826e-06
1.290003999013476133e+01 7.747091634718387119e-06
1.307085529362815102e+01 1.552027664326723165e-06
1.324598321669588152e+01 3.005005034480755862e-06
1.342559264001181063e+01 1.794246501179103134e-06
1.360986137502873916e+01 5.263617066802408456e-06
1.379897676228727654e+01 3.660045891575907261e-06
1.399313631847826045e+01 2.591464488494427128e-06
1.419254843695589230e+01 2.569718963372351456e-06
1.439743314692606369e+01 3.702496720132468416e-06
1.460802293712368716e+01 9.670210964322346577e-07
1.482456365046278535e+01 5.124385724459262855e-06
1.504731545689699779e+01 6.356728450136926397e-06
1.527655391258613626e+01 1.069130938287276154e-05
1.551257111443440273e+01 2.206200503502909686e-06
1.575567696017295916e+01 7.374085219181326995e-06
1.600620052541652782e+01 1.656653842735939933e-06
1.626449157056262607e+01 2.208852486018128994e-06
1.653092219204418001e+01 6.425090441466221395e-06
1.680588863433074565e+01 1.587882047312339656e-06
1.708981328123576660e+01 1.918619635191183711e-05
1.738314684757837725e+01 1.313160345429510270e-05
1.768637079511793431e+01 1.004754871428264329e-05
1.800000000000201084e+01 1.139306978241925684e-06
