-1.800000000000201084e+01 1.205129243055162342e-05
-1.768637079511795918e+01 3.214912557626795108e-05
-1.738314684757837725e+01 4.312372800350201883e-05
-1.708981328123576660e+01 5.711539734597233237e-05
-1.680588863433072433e+01 7.451848077134201544e-05
-1.653092219204418001e+01 9.606468083968113555e-05
-1.626449157056260830e+01 1.224507992940609459e-04
-1.600620052541652782e+01 1.542647948436542591e-04
-1.575567696017295916e+01 1.920813731098237236e-04
-1.551257111443442049e+01 2.372038461789897370e-04
-1.527655391258613626e+01 2.899992477042412191e-04
-1.504731545689701200e+01 3.514350079524154583e-04
-1.482456365046278535e+01 4.222833682989293540e-04
-1.460802293712368716e+01 5.038303538346987701e-04
-1.439743314692604947e+01 5.962055466258275437e-04
-1.419254843695589230e+01 7.007494437658013092e-04
-1.399313631847824624e+01 8.185601458393156364e-04
-1.379897676228727654e+01 9.498872721931418944e-04
-1.360986137502872673e+01 1.095813788138259252e-03
-1.342559264001182306e+01 1.257111770501256973e-03
-1.324598321669588152e+01 1.434549700491406657e-03
-1.307085529362816168e+01 1.628803467635734237e-03
-1.290003999013476133e+01 1.839884173369612467e-03
-1.273337680253193582e+01 2.069505589350774909e-03
-1.257071309104041035e+01 2.317219042139814777e-03
-1.241190360395464154e+01 2.584014109592500368e-03
-1.225681003594876195e+01 2.870122805215843780e-03
-1.210530061769597765e+01 3.176043350975947879e-03
-1.195724973424155202e+01 3.501227011480335764e-03
-1.181253756980619762e+01 3.847372578361503166e-03
-1.167104977690866718e+01 4.212830873376607888e-03
-1.153267716788677255e+01 4.599126981399311032e-03
-1.139731542706779699e+01 5.005950945560880792e-03
-1.126486484199332239e+01 5.432432810881798399e-03
-1.113523005224293527e+01 5.879394128760307564e-03
-1.100831981452695096e+01 6.346786722182222971e-03
-1.088404678283180083e+01 6.833833415787944968e-03
-1.076232730250476877e+01 7.340452163611345740e-03
-1.064308121725769141e+01 7.866651082704569434e-03
-1.052623168815380517e+01 8.411423169398024591e-03
-1.041170502371859463e+01 8.974204440162942067e-03
-1.029943052038521678e+01 9.555833186437403398e-03
-1.018934031254830330e+01 1.015510366910463147e-02
-1.008136923155793951e+01 1.077101710813863772e-02
-9.975454673037956965e+00 1.140315849749407549e-02
-9.871536471960840942e+00 1.205072280256324485e-02
-9.769556784955334194e+00 1.271314799254439666e-02
-9.669459979362780899e+00 1.339218084857579823e-02
-9.571192528595137361e+00 1.408427417238175550e-02
-9.474702913380864899e+00 1.479034916287688683e-02
-9.379941528515811200e+00 1.551022370932600425e-02
-9.286860594764403842e+00 1.624004475734973363e-02
-9.195414075582201363e+00 1.698226680902072475e-02
-9.105557598354884874e+00 1.773387704248596819e-02
-9.017248379870389741e+00 1.849612298918409253e-02
-8.930445155761116638e+00 1.926846476179732218e-02
-8.845108113671695804e+00 2.004766374298857373e-02
-8.761198829924738973e+00 2.083617025833166617e-02
-8.678680209472876328e+00 2.162984995714939407e-02
-8.597516428939853128e+00 2.243277081417797969e-02
-8.517672882566811765e+00 2.323964899195922473e-02
-8.439116130892410084e+00 2.405052827992643777e-02
-8.361813852006719117e+00 2.486623747118326538e-02
-8.285734795229661387e+00 2.568638142003030339e-02
-8.210848737074378789e+00 2.650831977187524668e-02
-8.137126439365120589e+00 2.733445696873904734e-02
-8.064539609387715302e+00 2.816113271809809332e-02
-7.993060861958362295e+00 2.898841977238412332e-02
-7.922663683303976967e+00 2.981657843513164582e-02
-7.853322396653874549e+00 3.064297575117573558e-02
-7.785012129448951157e+00 3.146892114704197968e-02
-7.717708782080378249e+00 3.229458365689531762e-02
-7.651388998075133507e+00 3.311801140527638465e-02
-7.586030135650944750e+00 3.393881040698101120e-02
-7.521610240567749628e+00 3.475749418867363216e-02
-7.458108020207273370e+00 3.557259285731191600e-02
-7.395502818816379609e+00 3.638271572416401645e-02
-7.333774593853726209e+00 3.718763965316854853e-02
-7.272903893382695273e+00 3.798774507232399039e-02
-7.212871834457117437e+00 3.878340116786239966e-02
-7.153660082449187385e+00 3.957286820372593605e-02
-7.095250831272068126e+00 4.035605569424167288e-02
-7.037626784452278628e+00 4.113278510773049623e-02
-6.980771137009643468e+00 4.190113988408934037e-02
-6.924667558104775189e+00 4.266223444054295655e-02
-6.869300174416541616e+00 4.341712278205386855e-02
-6.814653554213885300e+00 4.416216925708417451e-02
-6.760712692088343800e+00 4.489874058682112590e-02
-6.707462994315648963e+00 4.562655726485899399e-02
-6.654890264816202716e+00 4.634462159241652807e-02
-6.602980691686176407e+00 4.705538482128904243e-02
-6.551720834272277472e+00 4.775684413514802440e-02
-6.501097610764786872e+00 4.845031343683037922e-02
-6.451098286284775440e+00 4.912976051901769142e-02
-6.401710461442654321e+00 4.979897844874175278e-02
-6.352922061346510496e+00 5.045811243324845041e-02
-6.304721325039668756e+00 5.110544825497231880e-02
-6.257096795348075169e+00 5.174271860261478451e-02
-6.210037309119101678e+00 5.237018604620814755e-02
-6.163531987834188541e+00 5.298479495066688028e-02
-6.117570228578837366e+00 5.358847365619260478e-02
-6.072141695354100754e+00 5.418098417569628539e-02
-6.027236310714632950e+00 5.476292833000810656e-02
-5.982844247719062203e+00 5.533310611808506252e-02
-5.938955922179146363e+00 5.589171873771724836e-02
-5.895561985194874843e+00 5.643879954432574203e-02
-5.852653315963272540e+00 5.697262604338215741e-02
-5.810221014849253685e+00 5.749375984276375307e-02
-5.768256396707496236e+00 5.800371183794870988e-02
-5.726750984444712422e+00 5.850107168000334701e-02
-5.685696502812374042e+00 5.898590403985692898e-02
-5.645084872420248701e+00 5.945858918521728514e-02
-5.604908203961667112e+00 5.991790477440930851e-02
-5.565158792641851981e+00 6.036626507951334958e-02
-5.525829112800970222e+00 6.080330387527336372e-02
-5.486911812724083681e+00 6.122760377494492617e-02
-5.448399709630409760e+00 6.163888385294898076e-02
-5.410285784834729661e+00 6.203865912306875952e-02
-5.372563179074079542e+00 6.242652900795951643e-02
-5.335225187993163587e+00 6.280319406691151074e-02
-5.298265257782246884e+00 6.316796376690128612e-02
-5.261676980961550676e+00 6.351752276049889290e-02
-5.225454092306433651e+00 6.385468531686444571e-02
-5.189590464907923639e+00 6.418123897629390839e-02
-5.154080106363324809e+00 6.449628319514780217e-02
-5.118917155092023386e+00 6.479844083759991880e-02
-5.084095876771596245e+00 6.508866328474945118e-02
-5.049610660889740643e+00 6.536809485411670950e-02
-5.015456017407655231e+00 6.563481808824386809e-02
-4.981626573530626878e+00 6.588801052231646471e-02
-4.948117070581910859e+00 6.613042295460935804e-02
-4.914922360976011539e+00 6.636301191986200554e-02
-4.882037405287712239e+00 6.658487656375147723e-02
-4.849457269413337102e+00 6.679659180423255793e-02
-4.817177121820895636e+00 6.699717076387040615e-02
-4.785192230885824571e+00 6.718561797414256131e-02
-4.753497962309302771e+00 6.736068884207664642e-02
-4.722089776616123835e+00 6.752490741337446867e-02
-4.690963226729293112e+00 6.768057601600195594e-02
-4.660113955618596648e+00 6.782645578034166012e-02
-4.629537694020590344e+00 6.796091200212207861e-02
-4.599230258227382961e+00 6.808436981496651663e-02
-4.569187547941903738e+00 6.819765736840630033e-02
-4.539405544197283149e+00 6.830128916728758770e-02
-4.509880307338105077e+00 6.839440824306557143e-02
-4.480607975061465353e+00 6.847662817989086381e-02
-4.451584760515686412e+00 6.854934402649835723e-02
-4.422806950454783781e+00 6.861231591404798325e-02
-4.394270903446768628e+00 6.866594333582985710e-02
-4.365973048133954926e+00 6.871033675930250662e-02
-4.337909881543509094e+00 6.874470151088671321e-02
-4.310077967446587444e+00 6.877001011865613300e-02
-4.282473934764412071e+00 6.878740159456218917e-02
-4.255094476019731786e+00 6.879494261640597963e-02
-4.227936345832168819e+00 6.879262217047857342e-02
-4.200996359456015128e+00 6.878165202684294322e-02
-4.174271391359062555e+00 6.876228793853644827e-02
-4.147758373841154089e+00 6.873580481511012974e-02
-4.121454295691163061e+00 6.870194834564516406e-02
-4.095356200881122177e+00 6.865988310949558415e-02
-4.069461187296388616e+00 6.860947040323815693e-02
-4.043766405500584860e+00 6.855079416408974002e-02
-4.018269057534298305e+00 6.848380185533957387e-02
-3.992966395746416985e+00 6.840929489537717068e-02
-3.967855721657088441e+00 6.832765165843629473e-02
-3.942934384851309204e+00 6.823885936559898058e-02
-3.918199781902168777e+00 6.814251927438322309e-02
-3.893649355322847061e+00 6.803837744644646024e-02
-3.869280592546462394e+00 6.792793445330259916e-02
-3.845091024932894896e+00 6.781223354847644436e-02
-3.821078226801797317e+00 6.769016513092127041e-02
-3.797239814490932730e+00 6.756061386996130291e-02
-3.773573445439120100e+00 6.742456672438330856e-02
-3.750076817293014120e+00 6.728254053229568155e-02
-3.726747667036997225e+00 6.713413925407185623e-02
-3.703583770145510101e+00 6.697931994562346392e-02
-3.680582939757102157e+00 6.681837899867715258e-02
-3.657743025869630404e+00 6.665204313067379926e-02
-3.635061914555887341e+00 6.648044309869009794e-02
-3.612537527199123133e+00 6.630334545219940257e-02
-3.590167819747855482e+00 6.612118685366957793e-02
-3.567950781989368547e+00 6.593425763150216612e-02
-3.545884436841426179e+00 6.574186836155872238e-02
-3.523966839661581307e+00 6.554390093296376396e-02
-3.502196077573649369e+00 6.534089231344968052e-02
-3.480570268810808887e+00 6.513306084924000428e-02
-3.459087562074850908e+00 6.492046518531491284e-02
-3.437746135911134981e+00 6.470358569722357844e-02
-3.416544198098792506e+00 6.448268242162205621e-02
-3.395479985055740890e+00 6.425773679386964643e-02
-3.374551761258098193e+00 6.402882220604586005e-02
-3.353757818673582580e+00 6.379591422142835699e-02
-3.333096476208523118e+00 6.355895849653005192e-02
-3.312566079168071553e+00 6.331787142949510394e-02
-3.292164998729279812e+00 6.307335409149701644e-02
-3.271891631426664837e+00 6.282602877537810104e-02
-3.251744398649922374e+00 6.257555759145173868e-02
-3.231721746153456643e+00 6.232126679329152291e-02
-3.211822143577407918e+00 6.206347634537373592e-02
-3.192044083979844071e+00 6.180280812634813409e-02
-3.172386083379843402e+00 6.153924246650455121e-02
-3.152846680311138350e+00 6.127243014455324710e-02
-3.133424435386072737e+00 6.100241184434888886e-02
-3.114117930869558570e+00 6.072940585573997907e-02
-3.094925770262795250e+00 6.045382746416805286e-02
-3.075846577896469647e+00 6.017628919323439463e-02
-3.056878998533198555e+00 5.989704876061177630e-02
-3.038021696978961295e+00 5.961574566705619277e-02
-3.019273357703287086e+00 5.933203681203016999e-02
-3.000632684467968048e+00 5.904618707930650578e-02
-2.982098399964077995e+00 5.875844637738449061e-02
-2.963669245457069223e+00 5.846921890135339805e-02
-2.945343980439752762e+00 5.817834360818117251e-02
-2.927121382292947160e+00 5.788583137155636077e-02
-2.909000245953597297e+00 5.759155141608969519e-02
-2.890979383590179363e+00 5.729574255307762209e-02
-2.873057624285205058e+00 5.699846479065025229e-02
-2.855233813724623815e+00 5.669981392755744920e-02
-2.837506813893987179e+00 5.639958499175015683e-02
-2.819875502781155951e+00 5.609777263573322015e-02
-2.802338774085429751e+00 5.579500420330030241e-02
-2.784895536932901372e+00 5.549201450988675011e-02
-2.767544715597910265e+00 5.518874683849862850e-02
-2.750285249230413953e+00 5.488438679270910003e-02
-2.733116091589155250e+00 5.457880109411315100e-02
-2.716036210780464089e+00 5.427226727711382398e-02
-2.699044589002566052e+00 5.396505270451982389e-02
-2.682140222295249732e+00 5.365739170588845058e-02
-2.665322120294779662e+00 5.334924808099431037e-02
-2.648589305993904297e+00 5.304092090674990961e-02
-2.631940815506855547e+00 5.273247971106363730e-02
-2.615375697839200431e+00 5.242396038488977839e-02
-2.598893014662444045e+00 5.211533689806439884e-02
-2.582491840093254609e+00 5.180658071130164744e-02
-2.566171260477212002e+00 5.149783689522761942e-02
-2.549930374176959447e+00 5.118921163714265643e-02
-2.533768291364664638e+00 5.088067789533786550e-02
-2.517684133818677505e+00 5.057228310546356409e-02
-2.501677034724291371e+00 5.026420915936419265e-02
-2.485746138478510670e+00 4.995660263434596043e-02
-2.469890600498723998e+00 4.964948180208195172e-02
-2.454109587035200768e+00 4.934285755208236285e-02
-2.438402274987315543e+00 4.903640718007863664e-02
-2.422767851723407695e+00 4.873019738467068707e-02
-2.407205514904207533e+00 4.842443149824325610e-02
-2.391714472309731221e+00 4.811950754398071350e-02
-2.376293941669569421e+00 4.781581565638146070e-02
-2.360943150496495058e+00 4.751335913870342875e-02
-2.345661335923311608e+00 4.721209166344016855e-02
-2.330447744542858413e+00 4.691194543837845510e-02
-2.315301632251118846e+00 4.661276685879919834e-02
-2.300222264093345625e+00 4.631446076650414662e-02
-2.285208914113144640e+00 4.601705733567960921e-02
-2.270260865204440481e+00 4.572078615814806346e-02
-2.255377408966269037e+00 4.542576581732389596e-02
-2.240557845560325223e+00 4.513199321582049561e-02
-2.225801483571210770e+00 4.483950513607531940e-02
-2.211107639869315467e+00 4.454819754279703420e-02
-2.196475639476279440e+00 4.425817841275753173e-02
-2.181904815432973432e+00 4.396948258805425530e-02
-2.167394508669943320e+00 4.368231599180268793e-02
-2.152944067880271817e+00 4.339692489821116161e-02
-2.138552849394784516e+00 4.311335763194804049e-02
-2.124220217059574090e+00 4.283169419214531703e-02
-2.109945542115772454e+00 4.255178975200993308e-02
-2.095728203081529628e+00 4.227337986674421788e-02
-2.081567585636154849e+00 4.199634590040461635e-02
-2.067463082506362237e+00 4.172087478553304640e-02
-2.053414093354584136e+00 4.144713132697083746e-02
-2.039420024669305942e+00 4.117547160473410128e-02
-2.025480289657382471e+00 4.090620813687395607e-02
-2.011594308138276332e+00 4.063945631255782426e-02
-1.997761506440205226e+00 4.037513193461100131e-02
-1.983981317298131319e+00 4.011292506881450337e-02
-1.970253179753569617e+00 3.985257685777458120e-02
-1.956576539056167352e+00 3.959399114297436351e-02
-1.942950846567025547e+00 3.933734015831429759e-02
-1.929375559663717654e+00 3.908296118748254278e-02
-1.915850141646975535e+00 3.883108463616979922e-02
-1.902374061649005244e+00 3.858182975065217735e-02
-1.888946794543396868e+00 3.833516009834665728e-02
-1.875567820856598900e+00 3.809085968595804506e-02
-1.862236626680921825e+00 3.784884141505026611e-02
-1.848952703589041180e+00 3.760906175276765989e-02
-1.835715548549967879e+00 3.737154722438539023e-02
-1.822524663846452730e+00 3.713634069406644700e-02
-1.809379556993800708e+00 3.690350345409183774e-02
-1.796279740660062796e+00 3.667312380859559517e-02
-1.783224732587581407e+00 3.644546435707093912e-02
-1.770214055515849871e+00 3.622079751397196123e-02
-1.757247237105675541e+00 3.599915804511515105e-02
-1.744323809864610553e+00 3.578059393181459713e-02
-1.731443311073621372e+00 3.556502265686267705e-02
-1.718605282714980698e+00 3.535231116403605989e-02
-1.705809271401351745e+00 3.514238679095114948e-02
-1.693054828306041149e+00 3.493531803716054540e-02
-1.680341509094399610e+00 3.473121376009247890e-02
-1.667668873856344547e+00 3.453018248054331996e-02
-1.655036487039980519e+00 3.433227201046040733e-02
-1.642443917386301022e+00 3.413755311616730598e-02
-1.629890737864948980e+00 3.394612141069839467e-02
-1.617376525611005755e+00 3.375800423994516908e-02
-1.604900861862805783e+00 3.357317405784427528e-02
-1.592463331900736856e+00 3.339157281321961102e-02
-1.580063524987020074e+00 3.321315325128224027e-02
-1.567701034306447028e+00 3.303792044592875760e-02
-1.555375456908052678e+00 3.286600123035425536e-02
-1.543086393647707277e+00 3.269754137456601373e-02
-1.530833449131608237e+00 3.253264605698098083e-02
-1.518616231660659732e+00 3.237134677664690180e-02
-1.506434353175712282e+00 3.221364355530058343e-02
-1.494287429203655870e+00 3.205953814602124918e-02
-1.482175078804342627e+00 3.190909675744979523e-02
-1.470096924518329295e+00 3.176243805281109972e-02
-1.458052592315416618e+00 3.161968701050918429e-02
-1.446041711543979202e+00 3.148094008105264963e-02
-1.434063914881057000e+00 3.134625206569665451e-02
-1.422118838283209508e+00 3.121559826852720806e-02
-1.410206120938107599e+00 3.108895138156905769e-02
-1.398325405216850115e+00 3.096631958562053727e-02
-1.386476336626996986e+00 3.084779619902658365e-02
-1.374658563766294916e+00 3.073353362676155970e-02
-1.362871738277095179e+00 3.062369792070310237e-02
-1.351115514801437101e+00 3.051837890841704176e-02
-1.339389550936797013e+00 3.041760016999369223e-02
-1.327693507192477362e+00 3.032133847515043612e-02
-1.316027046946637080e+00 3.022965321151344087e-02
-1.304389836403941239e+00 3.014274489925560657e-02
-1.292781544553817996e+00 3.006084190957696370e-02
-1.281201843129320173e+00 2.998416193935591473e-02
-1.269650406566570577e+00 2.991283158261810043e-02
-1.258126911964788874e+00 2.984681602335596817e-02
-1.246631039046874889e+00 2.978607305023935753e-02
-1.235162470120555911e+00 2.973053150509100823e-02
-1.223720890040073339e+00 2.968018333953426763e-02
-1.212305986168408234e+00 2.963520978695321356e-02
-1.200917448340022453e+00 2.959585536628866337e-02
-1.189554968824123149e+00 2.956245931742339239e-02
-1.178218242288426865e+00 2.953532285145535341e-02
-1.166906965763418569e+00 2.951461358106126365e-02
-1.155620838607101852e+00 2.950042986788767307e-02
-1.144359562470215863e+00 2.949285545997292618e-02
-1.133122841261928526e+00 2.949198733492333635e-02
-1.121910381115985400e+00 2.949791821662093444e-02
-1.110721890357309283e+00 2.951078030545852687e-02
-1.099557079469039467e+00 2.953076181898869196e-02
-1.088415661060010642e+00 2.955812262757673281e-02
-1.077297349832647466e+00 2.959313574423694596e-02
-1.066201862551285018e+00 2.963607842057150443e-02
-1.055128918010896033e+00 2.968723220820763953e-02
-1.044078237006218046e+00 2.974684506754822488e-02
-1.033049542301277102e+00 2.981511722772239859e-02
-1.022042558599299822e+00 2.989222812312292143e-02
-1.011057012512998066e+00 2.997844843729017758e-02
-1.000092632535235726e+00 3.007413344470973721e-02
-9.891491490100537964e-01 3.017969911092802798e-02
-9.782262941040561488e-01 3.029556346402114547e-02
-9.673238017781481402e-01 3.042211930009691007e-02
-9.564414077596213870e-01 3.055970279670343695e-02
-9.455788495145712735e-01 3.070858810988535276e-02
-9.347358662206534108e-01 3.086907903487175892e-02
-9.239121987401626157e-01 3.104159273281017345e-02
-9.131075895934324116e-01 3.122658814013947251e-02
-9.023217829325496098e-01 3.142457137745199164e-02
-8.915545245153719822e-01 3.163608143611591761e-02
-8.808055616798529108e-01 3.186166581667851383e-02
-8.700746433186589135e-01 3.210187893143467974e-02
-8.593615198540814903e-01 3.235733389019031930e-02
-8.486659432132259706e-01 3.262867879309593738e-02
-8.379876668034880183e-01 3.291660585203425027e-02
-8.273264454882990337e-01 3.322187435527210880e-02
-8.166820355631438932e-01 3.354527641370695645e-02
-8.060541947318363709e-01 3.388760267027436657e-02
-7.954426820830584610e-01 3.424964436939979817e-02
-7.848472580671504994e-01 3.463221948410141054e-02
-7.742676844731486430e-01 3.503621882035030249e-02
-7.637037244060699281e-01 3.546257556403429462e-02
-7.531551422644284788e-01 3.591230785263394010e-02
-7.426217037179922986e-01 3.638658259331806893e-02
-7.321031756857663275e-01 3.688662180224932391e-02
-7.215993263142009839e-01 3.741369936422265369e-02
-7.111099249556180890e-01 3.796912806318883393e-02
-7.006347421468592795e-01 3.855423829244325473e-02
-6.901735495881351490e-01 3.917037772406462004e-02
-6.797261201220911042e-01 3.981904095445062269e-02
-6.692922277130706199e-01 4.050181708592856533e-02
-6.588716474265783329e-01 4.122046444972563006e-02
-6.484641554089376481e-01 4.197688363719774551e-02
-6.380695288671385246e-01 4.277307639241603732e-02
-6.276875460488731129e-01 4.361114821797468233e-02
-6.173179862227488046e-01 4.449327347636203300e-02
-6.069606296586862459e-01 4.542166873234863844e-02
-5.966152576084875481e-01 4.639860848260546344e-02
-5.862816522865772484e-01 4.742644097900425293e-02
-5.759595968509094721e-01 4.850761868520438863e-02
-5.656488753840412942e-01 4.964474143542001172e-02
-5.553492728743597562e-01 5.084057877000013048e-02
-5.450605751974718638e-01 5.209806512198773831e-02
-5.347825690977430213e-01 5.342029693232165644e-02
-5.245150421699888987e-01 5.481043708534514419e-02
-5.142577828413065211e-01 5.627173068994738986e-02
-5.040105803530536832e-01 5.780744034040552481e-02
-4.937732247429644228e-01 5.942079900731506159e-02
-4.835455068274036594e-01 6.111502154520834229e-02
-4.733272181837471781e-01 6.289332771002725808e-02
-4.631181511328986700e-01 6.475895227828790124e-02
-4.529180987219272314e-01 6.671511979945411730e-02
-4.427268547068332061e-01 6.876503818986179351e-02
-4.325442135354257145e-01 7.091169992268914202e-02
-4.223699703303245845e-01 7.315776603149343194e-02
-4.122039208720716941e-01 7.550548719705778289e-02
-4.020458615823537807e-01 7.795657814155981802e-02
-3.918955895073323314e-01 8.051214057474563590e-02
-3.817529023010813316e-01 8.317251205688788729e-02
-3.716175982091194929e-01 8.593715255861646141e-02
-3.614894760520483419e-01 8.880441668846601744e-02
-3.513683352092828449e-01 9.177132245830724178e-02
-3.412539756028758475e-01 9.483330826863407836e-02
-3.311461976814312758e-01 9.798400045494894128e-02
-3.210448024041094306e-01 1.012149620536213074e-01
-3.109495912247085547e-01 1.045154794388232639e-01
-3.008603660758366605e-01 1.078723018156135527e-01
-2.907769293531580201e-01 1.112694820825250036e-01
-2.806990838997174276e-01 1.146881883073062325e-01
-2.706266329903371237e-01 1.181065982513189866e-01
-2.605593803160889399e-01 1.214998646003547789e-01
-2.504971299688272257e-01 1.248401820081334601e-01
-2.404396864257955790e-01 1.280970503930939641e-01
-2.303868545342923901e-01 1.312378276656160914e-01
-2.203384394963986970e-01 1.342286475999225626e-01
-2.102942468537628840e-01 1.370357348220588856e-01
-2.002540824724450275e-01 1.396271468189870246e-01
-1.902177525278067050e-01 1.419749825387026654e-01
-1.801850634894590075e-01 1.440581503550746323e-01
-1.701558221062540455e-01 1.458658556133715090e-01
-1.601298353913264694e-01 1.474020585782509218e-01
-1.501069106071708514e-01 1.486912525427636078e-01
-1.400868552507662790e-01 1.497861006801474715e-01
-1.300694770387391397e-01 1.507776735940402901e-01
-1.200545838925550501e-01 1.518090114449925365e-01
-1.100419839237516545e-01 1.530918268470469745e-01
-1.000314854191983877e-01 1.549232093829329970e-01
-9.002289682638489610e-02 1.576930493505475928e-01
-8.001602673873924043e-02 1.618640767514511469e-01
-7.001068388096250150e-02 1.678995342899589072e-01
-6.000667709439190534e-02 1.761189549568536461e-01
-5.000381532237931775e-02 1.864915510326738690e-01
-4.000190759568706539e-02 1.984287870986765623e-01
-3.000076301789707939e-02 2.106882175066972507e-01
-2.000019075083557876e-02 2.215042175952564585e-01
-9.999999999999974187e-03 2.289829078855421252e-01
0.000000000000000000e+00 2.316573870980646321e-01
9.999999999999974187e-03 2.289780202659929820e-01
2.000019075083557876e-02 2.215061191693268594e-01
3.000076301789707939e-02 2.107140482639338064e-01
4.000190759568635068e-02 1.984921344995588255e-01
5.000381532237860305e-02 1.865952058392773560e-01
6.000667709439118369e-02 1.762524752087329394e-01
7.001068388096322315e-02 1.680417989742165052e-01
8.001602673873996208e-02 1.619888096691564638e-01
9.002289682638561774e-02 1.577747295975532316e-01
1.000314854191983877e-01 1.549415137338706616e-01
1.100419839237516545e-01 1.530339300028886185e-01
1.200545838925550501e-01 1.516699505791401781e-01
1.300694770387391397e-01 1.505593929310855561e-01
1.400868552507662790e-01 1.494958393259905871e-01
1.501069106071708514e-01 1.483397846538090925e-01
1.601298353913264694e-01 1.470021058890503274e-01
1.701558221062540455e-01 1.454308245950215461e-01
1.801850634894582859e-01 1.436012312633336840e-01
1.902177525278067050e-01 1.415085724601584105e-01
2.002540824724450275e-01 1.391625128776831088e-01
2.102942468537628840e-01 1.365828189842020757e-01
2.203384394963986970e-01 1.337959372760377796e-01
2.303868545342923901e-01 1.308322668555535473e-01
2.404396864257955790e-01 1.277240138430301708e-01
2.504971299688272257e-01 1.245035440527718223e-01
2.605593803160889399e-01 1.212021649962801151e-01
2.706266329903371237e-01 1.178492668842879842e-01
2.806990838997167059e-01 1.144717748469187696e-01
2.907769293531572985e-01 1.110938554578740495e-01
3.008603660758359388e-01 1.077368101137811118e-01
3.109495912247092764e-01 1.044190704420543125e-01
3.210448024041101522e-01 1.011562582431354551e-01
3.311461976814320529e-01 9.796132513703502409e-02
3.412539756028758475e-01 9.484468269494641945e-02
3.513683352092828449e-01 9.181448235013135728e-02
3.614894760520483419e-01 8.887689378982319144e-02
3.716175982091194929e-01 8.603642650672604919e-02
3.817529023010813316e-01 8.329618715125415573e-02
3.918955895073323314e-01 8.065807464968055562e-02
4.020458615823530590e-01 7.812291161439142984e-02
4.122039208720709169e-01 7.569057255386953120e-02
4.223699703303238628e-01 7.336004979608393151e-02
4.325442135354264361e-01 7.112962918728044093e-02
4.427268547068339277e-01 6.899704141433295190e-02
4.529180987219279531e-01 6.695966180285858882e-02
4.631181511328986700e-01 6.501461631745740488e-02
4.733272181837471781e-01 6.315886668093662060e-02
4.835455068274036594e-01 6.138934725862471575e-02
4.937732247429644228e-01 5.970292497220527905e-02
5.040105803530536832e-01 5.809642286260897903e-02
5.142577828413065211e-01 5.656664482867253263e-02
5.245150421699888987e-01 5.511039000338686239e-02
5.347825690977430213e-01 5.372445646412550568e-02
5.450605751974710866e-01 5.240568391637552559e-02
5.553492728743597562e-01 5.115101044208503894e-02
5.656488753840412942e-01 4.995745024802001472e-02
5.759595968509094721e-01 4.882217671133034370e-02
5.862816522865772484e-01 4.774250175897627735e-02
5.966152576084875481e-01 4.671586066238106461e-02
6.069606296586862459e-01 4.573979073361256198e-02
6.173179862227488046e-01 4.481191139835234705e-02
6.276875460488731129e-01 4.392992446610158308e-02
6.380695288671385246e-01 4.309162017068282613e-02
6.484641554089369819e-01 4.229487072599600467e-02
6.588716474265774448e-01 4.153765719449550864e-02
6.692922277130698427e-01 4.081809466644277518e-02
6.797261201220904381e-01 4.013440600760546928e-02
6.901735495881360372e-01 3.948492617862509046e-02
7.006347421468600567e-01 3.886809109517810890e-02
7.111099249556188662e-01 3.828234499249265343e-02
7.215993263142009839e-01 3.772621423602057905e-02
7.321031756857663275e-01 3.719823534494642869e-02
7.426217037179922986e-01 3.669702508224440690e-02
7.531551422644284788e-01 3.622134079906562387e-02
7.637037244060699281e-01 3.577007416974742338e-02
7.742676844731486430e-01 3.534218692408014340e-02
7.848472580671498333e-01 3.493673387166244121e-02
7.954426820830577949e-01 3.455276670223812741e-02
8.060541947318363709e-01 3.418931073842718105e-02
8.166820355631446704e-01 3.384544489874992401e-02
8.273264454882999219e-01 3.352030101586860739e-02
8.379876668034880183e-01 3.321306021893667693e-02
8.486659432132259706e-01 3.292295045367646389e-02
8.593615198540814903e-01 3.264927014067096900e-02
8.700746433186589135e-01 3.239141237454645772e-02
8.808055616798529108e-01 3.214882893362767946e-02
8.915545245153719822e-01 3.192099804028784849e-02
9.023217829325496098e-01 3.170741815410332842e-02
9.131075895934324116e-01 3.150753986564105297e-02
9.239121987401619496e-01 3.132078109710126346e-02
9.347358662206525226e-01 3.114658533707963251e-02
9.455788495145712735e-01 3.098445823319321765e-02
9.564414077596213870e-01 3.083395300366574901e-02
9.673238017781488063e-01 3.069471693356459752e-02
9.782262941040561488e-01 3.056640085885452968e-02
9.891491490100537964e-01 3.044860127993023052e-02
1.000092632535235726e+00 3.034091953702016536e-02
1.011057012512998066e+00 3.024301682013932208e-02
1.022042558599299822e+00 3.015460305232370991e-02
1.033049542301277102e+00 3.007541866383616619e-02
1.044078237006217380e+00 3.000520263558863546e-02
1.055128918010895367e+00 2.994370843292667311e-02
1.066201862551284352e+00 2.989065325962509193e-02
1.077297349832648132e+00 2.984574881935913443e-02
1.088415661060011308e+00 2.980872286829052212e-02
1.099557079469040355e+00 2.977931716131119663e-02
1.110721890357309283e+00 2.975725053251146446e-02
1.121910381115985400e+00 2.974223743924058611e-02
1.133122841261928526e+00 2.973408849561877398e-02
1.144359562470215863e+00 2.973271092069516147e-02
1.155620838607101852e+00 2.973804577486001757e-02
1.166906965763418569e+00 2.974995263294596265e-02
1.178218242288425976e+00 2.976820842990964347e-02
1.189554968824123149e+00 2.979255603173894956e-02
1.200917448340022453e+00 2.982277481261364632e-02
1.212305986168408900e+00 2.985869312009958518e-02
1.223720890040074227e+00 2.990024277054256774e-02
1.235162470120555911e+00 2.994745337446453118e-02
1.246631039046874889e+00 3.000028124746945482e-02
1.258126911964788874e+00 3.005868941339369382e-02
1.269650406566570577e+00 3.012257615248041531e-02
1.281201843129320173e+00 3.019177338959335571e-02
1.292781544553817996e+00 3.026613287846452102e-02
1.304389836403941239e+00 3.034540456935155145e-02
1.316027046946637080e+00 3.042933134346799753e-02
1.327693507192476696e+00 3.051773580771315747e-02
1.339389550936796125e+00 3.061052427942249909e-02
1.351115514801436435e+00 3.070774222774433002e-02
1.362871738277095179e+00 3.080948446115499423e-02
1.374658563766295805e+00 3.091578197196489727e-02
1.386476336626997652e+00 3.102660865153110403e-02
1.398325405216850559e+00 3.114186013931505292e-02
1.410206120938107599e+00 3.126139879499535701e-02
1.422118838283209508e+00 3.138506311847033547e-02
1.434063914881057000e+00 3.151270110502439603e-02
1.446041711543979202e+00 3.164417420761073130e-02
1.458052592315416618e+00 3.177939648350342622e-02
1.470096924518328407e+00 3.191831844984239358e-02
1.482175078804341739e+00 3.206096863620995496e-02
1.494287429203654982e+00 3.220739979858157354e-02
1.506434353175713392e+00 3.235762668518384066e-02
1.518616231660660620e+00 3.251161082695501470e-02
1.530833449131608681e+00 3.266928857942812819e-02
1.543086393647707277e+00 3.283058202773511680e-02
1.555375456908052678e+00 3.299543254129129466e-02
1.567701034306447028e+00 3.316376084590563766e-02
1.580063524987019630e+00 3.333543633441558157e-02
1.592463331900736190e+00 3.351026512029428583e-02
1.604900861862805117e+00 3.368808743062391003e-02
1.617376525611005755e+00 3.386879476064925953e-02
1.629890737864948091e+00 3.405240938929293693e-02
1.642443917386300800e+00 3.423909731916113808e-02
1.655036487039980742e+00 3.442908003568748154e-02
1.667668873856345213e+00 3.462248532628211389e-02
1.680341509094400276e+00 3.481933067056239978e-02
1.693054828306040926e+00 3.501950297737491113e-02
1.705809271401351079e+00 3.522273825528351998e-02
1.718605282714980920e+00 3.542876446766345111e-02
1.731443311073621594e+00 3.563739225440903241e-02
1.744323809864610997e+00 3.584863219072902812e-02
1.757247237105675541e+00 3.606261186356660153e-02
1.770214055515848983e+00 3.627943862144904219e-02
1.783224732587580741e+00 3.649907291221017591e-02
1.796279740660062352e+00 3.672145373362533521e-02
1.809379556993800708e+00 3.694629422783454048e-02
1.822524663846453397e+00 3.717339388427022551e-02
1.835715548549968767e+00 3.740280852920760402e-02
1.848952703589041624e+00 3.763464928247806790e-02
1.862236626680921825e+00 3.786901034658460286e-02
1.875567820856598900e+00 3.810590073971517611e-02
1.888946794543396868e+00 3.834523583156991544e-02
1.902374061649005244e+00 3.858683834292182119e-02
1.915850141646975535e+00 3.883070398821582975e-02
1.929375559663716988e+00 3.907690533295289648e-02
1.942950846567024437e+00 3.932563895616215249e-02
1.956576539056166242e+00 3.957704376823208137e-02
1.970253179753570727e+00 3.983091709445159279e-02
1.983981317298132430e+00 4.008686886510287595e-02
1.997761506440205892e+00 4.034454341713199915e-02
2.011594308138276332e+00 4.060376434271419088e-02
2.025480289657382471e+00 4.086465113045553710e-02
2.039420024669305942e+00 4.112742614486764037e-02
2.053414093354583247e+00 4.139233026192477849e-02
2.067463082506361793e+00 4.165939800439666385e-02
2.081567585636154405e+00 4.192843888206569669e-02
2.095728203081529628e+00 4.219926130891057947e-02
2.109945542115771566e+00 4.247154543873627591e-02
2.124220217059573645e+00 4.274524552408275058e-02
2.138552849394784072e+00 4.302048755641978139e-02
2.152944067880272261e+00 4.329737162204506939e-02
2.167394508669943765e+00 4.357591164511297188e-02
2.181904815432972988e+00 4.385625877941055212e-02
2.196475639476278996e+00 4.413833758408530761e-02
2.211107639869315911e+00 4.442190996340183995e-02
2.225801483571211214e+00 4.470668851861904491e-02
2.240557845560325667e+00 4.499233591660049131e-02
2.255377408966268149e+00 4.527900983276610114e-02
2.270260865204440481e+00 4.556699076558888561e-02
2.285208914113143308e+00 4.585662922895258897e-02
2.300222264093344737e+00 4.614800517796890239e-02
2.315301632251118846e+00 4.644088299924695878e-02
2.330447744542859301e+00 4.673499116582679330e-02
2.345661335923311608e+00 4.702996023641792256e-02
2.360943150496495946e+00 4.732544811907561655e-02
2.376293941669568088e+00 4.762132806269937096e-02
2.391714472309731221e+00 4.791791986051628649e-02
2.407205514904206645e+00 4.821574916195665167e-02
2.422767851723407695e+00 4.851479360692964593e-02
2.438402274987316432e+00 4.881462602939423689e-02
2.454109587035200768e+00 4.911473359371976155e-02
2.469890600498723998e+00 4.941473723541150997e-02
2.485746138478509337e+00 4.971485055339439074e-02
2.501677034724291371e+00 5.001522270388007035e-02
2.517684133818678394e+00 5.031615960397606280e-02
2.533768291364664638e+00 5.061778064985648917e-02
2.549930374176959891e+00 5.091992263044221867e-02
2.566171260477213334e+00 5.122230411389804700e-02
2.582491840093254609e+00 5.152467854500353966e-02
2.598893014662444489e+00 5.182687381333704602e-02
2.615375697839199987e+00 5.212891949153988097e-02
2.631940815506855991e+00 5.243106969512682791e-02
2.648589305993903409e+00 5.273337983838526782e-02
2.665322120294779218e+00 5.303554975153752793e-02
2.682140222295247955e+00 5.333717060243039348e-02
2.699044589002565164e+00 5.363788362169428364e-02
2.716036210780464977e+00 5.393802648067234223e-02
2.733116091589157026e+00 5.423778350829724926e-02
2.750285249230413953e+00 5.453712222396020493e-02
2.767544715597911598e+00 5.483568214282048825e-02
2.784895536932901372e+00 5.513330179751130267e-02
2.802338774085429751e+00 5.543058158304670080e-02
2.819875502781155063e+00 5.572765952508977605e-02
2.837506813893987179e+00 5.602403947496949199e-02
2.855233813724622927e+00 5.631914996101691773e-02
2.873057624285204170e+00 5.661279376916598938e-02
2.890979383590180252e+00 5.690497636250264890e-02
2.909000245953595520e+00 5.719556689656132148e-02
2.927121382292947160e+00 5.748459929266859503e-02
2.945343980439754095e+00 5.777202679031467891e-02
2.963669245457068335e+00 5.805813599878693887e-02
2.982098399964077995e+00 5.834279547453095210e-02
3.000632684467967159e+00 5.862578453612075913e-02
3.019273357703287086e+00 5.890660153845496405e-02
3.038021696978962627e+00 5.918547280239336295e-02
3.056878998533198555e+00 5.946244498520529553e-02
3.075846577896470535e+00 5.973734241631138697e-02
3.094925770262794362e+00 6.000966353925074603e-02
3.114117930869559014e+00 6.027888541498302444e-02
3.133424435386071849e+00 6.054528313413546498e-02
3.152846680311138350e+00 6.080994086656906633e-02
3.172386083379844290e+00 6.107316094757381242e-02
3.192044083979846292e+00 6.133383596423194056e-02
3.211822143577407918e+00 6.159108581002792349e-02
3.231721746153457975e+00 6.184484390144809329e-02
3.251744398649921930e+00 6.209505889142340890e-02
3.271891631426665281e+00 6.234174971702045875e-02
3.292164998729279368e+00 6.258572960891646553e-02
3.312566079168071553e+00 6.282747808682950796e-02
3.333096476208521786e+00 6.306626788633165615e-02
3.353757818673582580e+00 6.330088901840674742e-02
3.374551761258096416e+00 6.353110971841385846e-02
3.395479985055740446e+00 6.375748816932666485e-02
3.416544198098793395e+00 6.398058383920034176e-02
3.437746135911136314e+00 6.419991594173170280e-02
3.459087562074850908e+00 6.441469855476941730e-02
3.480570268810810663e+00 6.462450851599188528e-02
3.502196077573649369e+00 6.482945257237567038e-02
3.523966839661581307e+00 6.503030883240876192e-02
3.545884436841424847e+00 6.522748895348301490e-02
3.567950781989368547e+00 6.542016018715440806e-02
3.590167819747851929e+00 6.560704195129289651e-02
3.612537527199123133e+00 6.578790638140960545e-02
3.635061914555887341e+00 6.596346813254275188e-02
3.657743025869628628e+00 6.613475596386575450e-02
3.680582939757102157e+00 6.630184547721476584e-02
3.703583770145510101e+00 6.646364640123558765e-02
3.726747667036997225e+00 6.661899395574674698e-02
3.750076817293014120e+00 6.676778043894671111e-02
3.773573445439117879e+00 6.691048279954750488e-02
3.797239814490932730e+00 6.704759800966114680e-02
3.821078226801799538e+00 6.717916904904977504e-02
3.845091024932894896e+00 6.730463434443384463e-02
3.869280592546462394e+00 6.742324057629722756e-02
3.893649355322847061e+00 6.753437110429555412e-02
3.918199781902168777e+00 6.763843531979780999e-02
3.942934384851307872e+00 6.773593260562510432e-02
3.967855721657088441e+00 6.782715215020920785e-02
3.992966395746416985e+00 6.791180207891261977e-02
4.018269057534300082e+00 6.798942251677658755e-02
4.043766405500584860e+00 6.805939910490149680e-02
4.069461187296391280e+00 6.812185029910898526e-02
4.095356200881122177e+00 6.817770653659654956e-02
4.121454295691163061e+00 6.822542233988282412e-02
4.147758373841154089e+00 6.826345032506728194e-02
4.174271391359062555e+00 6.829332517098703204e-02
4.200996359456013352e+00 6.831656172586109133e-02
4.227936345832168819e+00 6.833181102252749994e-02
4.255094476019727345e+00 6.833858901555098231e-02
4.282473934764413848e+00 6.833664179407440697e-02
4.310077967446587444e+00 6.832497229744455280e-02
4.337909881543510870e+00 6.830485507598629824e-02
4.365973048133954926e+00 6.827709872172678385e-02
4.394270903446770404e+00 6.824001902817061760e-02
4.422806950454781116e+00 6.819224815458169164e-02
4.451584760515686412e+00 6.813465458397409413e-02
4.480607975061463577e+00 6.806768903642818058e-02
4.509880307338105077e+00 6.799211809123897887e-02
4.539405544197283149e+00 6.790666947221377092e-02
4.569187547941903738e+00 6.781053082436008794e-02
4.599230258227382961e+00 6.770489228557854955e-02
4.629537694020593008e+00 6.759049100282463196e-02
4.660113955618596648e+00 6.746708750391179621e-02
4.690963226729293112e+00 6.733281633653910581e-02
4.722089776616123835e+00 6.718659743008432994e-02
4.753497962309302771e+00 6.702822088016685553e-02
4.785192230885826348e+00 6.685906680974010308e-02
4.817177121820895636e+00 6.668023885870874579e-02
4.849457269413340654e+00 6.649160038430501629e-02
4.882037405287709575e+00 6.629195605261554991e-02
4.914922360976011539e+00 6.608011268725866305e-02
4.948117070581908195e+00 6.585688440909716335e-02
4.981626573530626878e+00 6.562370520673907470e-02
5.015456017407652567e+00 6.537914355828419732e-02
5.049610660889745972e+00 6.512204734061299849e-02
5.084095876771596245e+00 6.485279027929639895e-02
5.118917155092026050e+00 6.457286043223828265e-02
5.154080106363324809e+00 6.428144090081333584e-02
5.189590464907923639e+00 6.397682867615531177e-02
5.225454092306433651e+00 6.366190329148345428e-02
5.261676980961550676e+00 6.333519492488894065e-02
5.298265257782244220e+00 6.299580944852478659e-02
5.335225187993163587e+00 6.264328657501019859e-02
5.372563179074077766e+00 6.227958570785223358e-02
5.410285784834729661e+00 6.190419952186817371e-02
5.448399709630405319e+00 6.151599005055227720e-02
5.486911812724086346e+00 6.111570490161444269e-02
5.525829112800970222e+00 6.070421594872443122e-02
5.565158792641854646e+00 6.027983345952481198e-02
5.604908203961667112e+00 5.984191495523064758e-02
5.645084872420248701e+00 5.939171961691425139e-02
5.685696502812371378e+00 5.893030885908871752e-02
5.726750984444712422e+00 5.845733638299702162e-02
5.768256396707492684e+00 5.797207159917831809e-02
5.810221014849253685e+00 5.747390243358230233e-02
5.852653315963272540e+00 5.696261460378728575e-02
5.895561985194872179e+00 5.643995752805448796e-02
5.938955922179146363e+00 5.590420569883113033e-02
5.982844247719065756e+00 5.535717295766280632e-02
6.027236310714632950e+00 5.480012838202797526e-02
6.072141695354100754e+00 5.423109872945824916e-02
6.117570228578833813e+00 5.364785036282673086e-02
6.163531987834188541e+00 5.305208208637138961e-02
6.210037309119105231e+00 5.244588547238960424e-02
6.257096795348075169e+00 5.183052676556903354e-02
6.304721325039668756e+00 5.120474521597746104e-02
6.352922061346506943e+00 5.056525156202859583e-02
6.401710461442654321e+00 4.991426610352908688e-02
6.451098286284771888e+00 4.925410048896886744e-02
6.501097610764786872e+00 4.858332176480333747e-02
6.551720834272277472e+00 4.790115649727617192e-02
6.602980691686179959e+00 4.721043337799346595e-02
6.654890264816202716e+00 4.650966443125553740e-02
6.707462994315653404e+00 4.579809198104037304e-02
6.760712692088343800e+00 4.507780249545358803e-02
6.814653554213885300e+00 4.434784993793540464e-02
6.869300174416541616e+00 4.361034567714924814e-02
6.924667558104775189e+00 4.286422097991624686e-02
6.980771137009639027e+00 4.210737823073712471e-02
7.037626784452278628e+00 4.134410660883425931e-02
7.095250831272059244e+00 4.057429805683709229e-02
7.153660082449184721e+00 3.979774624973649033e-02
7.212871834457117437e+00 3.901259221777843983e-02
7.272903893382699714e+00 3.822427880948668644e-02
7.333774593853726209e+00 3.742888324928136945e-02
7.395502818816384050e+00 3.662604402579269086e-02
7.458108020207268929e+00 3.581919888619683467e-02
7.521610240567749628e+00 3.500904918626463608e-02
7.586030135650939421e+00 3.419418154694722767e-02
7.651388998075133507e+00 3.337566164495321674e-02
7.717708782080382690e+00 3.255299720526078078e-02
7.785012129448951157e+00 3.173106962253324087e-02
7.853322396653874549e+00 3.090719173325563729e-02
7.922663683303971638e+00 3.008145375123372212e-02
7.993060861958362295e+00 2.925139346774135660e-02
8.064539609387720631e+00 2.842385880936107445e-02
8.137126439365120589e+00 2.759718798717537835e-02
8.210848737074378789e+00 2.677086514829246644e-02
8.285734795229668492e+00 2.594913399116318548e-02
8.361813852006719117e+00 2.512677025674624198e-02
8.439116130892415413e+00 2.430773592330873201e-02
8.517672882566811765e+00 2.349423650904007912e-02
8.597516428939853128e+00 2.268434134565813776e-02
8.678680209472870999e+00 2.188017884294923138e-02
8.761198829924738973e+00 2.108269652229573937e-02
8.845108113671690475e+00 2.028995712363063780e-02
8.930445155761116638e+00 1.950695883892178406e-02
9.017248379870389741e+00 1.872982295030603192e-02
9.105557598354891979e+00 1.796262914193302862e-02
9.195414075582201363e+00 1.720538743897120221e-02
9.286860594764410948e+00 1.645826212645652709e-02
9.379941528515811200e+00 1.572251534897708275e-02
9.474702913380864899e+00 1.499702579047702128e-02
9.571192528595130256e+00 1.428542503479706891e-02
9.669459979362780899e+00 1.358730033816804225e-02
9.769556784955327089e+00 1.290320678689448747e-02
9.871536471960840942e+00 1.223242340867432623e-02
9.975454673037942754e+00 1.157749830208397793e-02
1.008136923155793063e+01 1.093874109436708542e-02
1.018934031254830330e+01 1.031587038266890480e-02
1.029943052038522566e+01 9.709672508090624182e-03
1.041170502371859463e+01 9.121265403438029440e-03
1.052623168815380517e+01 8.551051786318493442e-03
1.064308121725768252e+01 8.000240869614101691e-03
1.076232730250476877e+01 7.467172101610831947e-03
1.088404678283179194e+01 6.953651392185815870e-03
1.100831981452695096e+01 6.460181387037041041e-03
1.113523005224294415e+01 5.985490387767525983e-03
1.126486484199331350e+01 5.531864924032757480e-03
1.139731542706779699e+01 5.099073787453828679e-03
1.153267716788676189e+01 4.685852647243625782e-03
1.167104977690866718e+01 4.292737006848455425e-03
1.181253756980620828e+01 3.921081447519998361e-03
1.195724973424156268e+01 3.569429904924769498e-03
1.210530061769597765e+01 3.238461450856536770e-03
1.225681003594877438e+01 2.927660937839616194e-03
1.241190360395464154e+01 2.636079208226829815e-03
1.257071309104042101e+01 2.364554360604241394e-03
1.273337680253192516e+01 2.112145787831790425e-03
1.290003999013476133e+01 1.878432725532024625e-03
1.307085529362815102e+01 1.663004970903298125e-03
1.324598321669588152e+01 1.465477045169268251e-03
1.342559264001181063e+01 1.284465552584356787e-03
1.360986137502873916e+01 1.119668400873669208e-03
1.379897676228727654e+01 9.706685651665595453e-04
1.399313631847826045e+01 8.365343162675391731e-04
1.419254843695589230e+01 7.165988912074012108e-04
1.439743314692606369e+01 6.096040195481730031e-04
1.460802293712368716e+01 5.149653003189021659e-04
1.482456365046278535e+01 4.319829336366455053e-04
1.504731545689699779e+01 3.594870879486057776e-04
1.527655391258613626e+01 2.966783675372160287e-04
1.551257111443440273e+01 2.426509535837291672e-04
1.575567696017295916e+01 1.966551196737802512e-04
1.600620052541652782e+01 1.578300800742910275e-04
1.626449157056262607e+01 1.253955571842129270e-04
1.653092219204418001e+01 9.843634677691945345e-05
1.680588863433074565e+01 7.643850152077120367e-05
1.708981328123576660e+01 5.846219734823336693e-05
1.738314684757837725e+01 4.423067283459783270e-05
1.768637079511793431e+01 3.289638475481716339e-05
1.800000000000201084e+01 1.234024870430364574e-05
