-1.800000000000201084e+01 3.625628938124534073e-10
-1.768637079511795918e+01 1.973357344132431838e-09
-1.738314684757837725e+01 1.190389822873657590e-09
-1.708981328123576660e+01 2.194600031688469376e-09
-1.680588863433072433e+01 8.403166113671387265e-09
-1.653092219204418001e+01 1.486665004197408961e-09
-1.626449157056260830e+01 1.764062422608984720e-08
-1.600620052541652782e+01 1.977981684008511320e-08
-1.575567696017295916e+01 5.607351292661712358e-09
-1.551257111443442049e+01 3.487290375881828688e-09
-1.527655391258613626e+01 2.745535382511780364e-09
-1.504731545689701200e+01 6.333136165106913599e-09
-1.482456365046278535e+01 2.591299038932352400e-09
-1.460802293712368716e+01 1.356641541530344947e-09
-1.439743314692604947e+01 6.152068802400827895e-09
-1.419254843695589230e+01 1.247554677054547462e-08
-1.399313631847824624e+01 3.098655664653744008e-09
-1.379897676228727654e+01 1.061056774299004983e-08
-1.360986137502872673e+01 1.584691724477922688e-08
-1.342559264001182306e+01 2.618673343729438344e-08
-1.324598321669588152e+01 2.093825288640391831e-08
-1.307085529362816168e+01 1.188941467836244042e-08
-1.290003999013476133e+01 6.604699746170501671e-09
-1.273337680253193582e+01 2.925221514442269939e-09
-1.257071309104041035e+01 1.745144707435807977e-08
-1.241190360395464154e+01 3.302390952958672954e-09
-1.225681003594876195e+01 2.413063617035911118e-09
-1.210530061769597765e+01 8.221823756618634389e-09
-1.195724973424155202e+01 3.238499048234143474e-08
-1.181253756980619762e+01 4.422496774853619416e-09
-1.167104977690866718e+01 6.804340561677749870e-09
-1.153267716788677255e+01 8.873025529744332180e-09
-1.139731542706779699e+01 3.639698867498522578e-09
-1.126486484199332239e+01 8.172322448788788916e-09
-1.113523005224293527e+01 3.029801659426588445e-08
-1.100831981452695096e+01 1.948237538738065424e-08
-1.088404678283180083e+01 4.956377561697300262e-09
-1.076232730250476877e+01 2.041076372224949655e-08
-1.064308121725769141e+01 1.334625850305313411e-08
-1.052623168815380517e+01 6.017292464202123636e-09
-1.041170502371859463e+01 3.142923012717899296e-09
-1.029943052038521678e+01 4.513685025490518950e-09
-1.018934031254830330e+01 1.875567280489642707e-08
-1.008136923155793951e+01 4.804966726797301751e-09
-9.975454673037956965e+00 3.229881415263357570e-09
-9.871536471960840942e+00 1.727364067279385030e-08
-9.769556784955334194e+00 1.228564147101378957e-08
-9.669459979362780899e+00 3.333802964061576085e-09
-9.571192528595137361e+00 3.217382815421638915e-09
-9.474702913380864899e+00 1.386475732205667919e-08
-9.379941528515811200e+00 9.315255464763349737e-09
-9.286860594764403842e+00 1.398100283038823226e-08
-9.195414075582201363e+00 1.457429256037522232e-08
-9.105557598354884874e+00 1.095386766923649709e-08
-9.017248379870389741e+00 9.095753596628853597e-09
-8.930445155761116638e+00 4.796248343900955133e-09
-8.845108113671695804e+00 9.645881239244178947e-09
-8.761198829924738973e+00 4.012047366916197559e-09
-8.678680209472876328e+00 7.768494142392633320e-09
-8.597516428939853128e+00 1.927347794605438082e-08
-8.517672882566811765e+00 5.886179890472797580e-09
-8.439116130892410084e+00 4.840423990496023311e-09
-8.361813852006719117e+00 4.588955815979698978e-09
-8.285734795229661387e+00 1.063548296211421380e-08
-8.210848737074378789e+00 2.157942482396075613e-08
-8.137126439365120589e+00 1.390763471821176643e-08
-8.064539609387715302e+00 2.355080618817723458e-08
-7.993060861958362295e+00 2.486061704067655409e-08
-7.922663683303976967e+00 2.096076221560513137e-08
-7.853322396653874549e+00 1.262137264723677652e-08
-7.785012129448951157e+00 9.059201807078876086e-09
-7.717708782080378249e+00 1.777763591079433329e-08
-7.651388998075133507e+00 1.535359773271222268e-08
-7.586030135650944750e+00 3.335980980687766056e-08
-7.521610240567749628e+00 1.696832019115718412e-08
-7.458108020207273370e+00 4.492286856637340489e-09
-7.395502818816379609e+00 3.218303790603437842e-09
-7.333774593853726209e+00 4.542629061120937685e-09
-7.272903893382695273e+00 9.293287119700239116e-09
-7.212871834457117437e+00 6.960009700060763598e-09
-7.153660082449187385e+00 5.973942670765707707e-09
-7.095250831272068126e+00 6.447938907897488316e-09
-7.037626784452278628e+00 9.077522145614491219e-09
-6.980771137009643468e+00 7.513742291542017911e-09
-6.924667558104775189e+00 9.835677992692055618e-09
-6.869300174416541616e+00 2.224914359233594236e-08
-6.814653554213885300e+00 1.123422220317190966e-08
-6.760712692088343800e+00 1.238906031165233810e-08
-6.707462994315648963e+00 2.273933444017412092e-08
-6.654890264816202716e+00 1.692952641205136769e-08
-6.602980691686176407e+00 2.610974410399303212e-08
-6.551720834272277472e+00 2.037456836914502515e-08
-6.501097610764786872e+00 9.180554761575493495e-09
-6.451098286284775440e+00 3.205194677226117578e-09
-6.401710461442654321e+00 3.652902594546652240e-09
-6.352922061346510496e+00 6.955187277006064988e-09
-6.304721325039668756e+00 1.199471360304570936e-08
-6.257096795348075169e+00 8.752159091957932351e-09
-6.210037309119101678e+00 1.026149503317254553e-08
-6.163531987834188541e+00 1.482887142495041955e-08
-6.117570228578837366e+00 1.167631712484761056e-08
-6.072141695354100754e+00 7.830576664561909838e-09
-6.027236310714632950e+00 5.798404045487235728e-09
-5.982844247719062203e+00 7.701448131478460293e-09
-5.938955922179146363e+00 9.452745387724098979e-09
-5.895561985194874843e+00 6.490456933393028817e-09
-5.852653315963272540e+00 5.380909775491253583e-09
-5.810221014849253685e+00 1.017360228164045624e-08
-5.768256396707496236e+00 1.907938465367802154e-08
-5.726750984444712422e+00 1.991977588533931757e-08
-5.685696502812374042e+00 1.454140392926402451e-08
-5.645084872420248701e+00 1.749120430811680723e-08
-5.604908203961667112e+00 1.614608120038867946e-08
-5.565158792641851981e+00 1.458715911906305347e-08
-5.525829112800970222e+00 1.905400863577600736e-08
-5.486911812724083681e+00 1.496971489856441596e-08
-5.448399709630409760e+00 7.506939675845470434e-09
-5.410285784834729661e+00 5.103167271430966528e-09
-5.372563179074079542e+00 4.790183987368078677e-09
-5.335225187993163587e+00 5.983478137336050865e-09
-5.298265257782246884e+00 8.227528714796325163e-09
-5.261676980961550676e+00 1.159875248645919633e-08
-5.225454092306433651e+00 1.320319091739295020e-08
-5.189590464907923639e+00 1.245836439826141539e-08
-5.154080106363324809e+00 1.164748182145494558e-08
-5.118917155092023386e+00 1.393768253768470941e-08
-5.084095876771596245e+00 1.636396685058132302e-08
-5.049610660889740643e+00 1.613533981424341257e-08
-5.015456017407655231e+00 1.319673009029104099e-08
-4.981626573530626878e+00 1.034629795599428374e-08
-4.948117070581910859e+00 9.090700643384821419e-09
-4.914922360976011539e+00 1.044002412444634420e-08
-4.882037405287712239e+00 1.575470661580574753e-08
-4.849457269413337102e+00 1.983468998515423126e-08
-4.817177121820895636e+00 1.788064839459553294e-08
-4.785192230885824571e+00 1.664915595622329828e-08
-4.753497962309302771e+00 1.543033214404194612e-08
-4.722089776616123835e+00 1.550972555479582671e-08
-4.690963226729293112e+00 1.772806089376413638e-08
-4.660113955618596648e+00 1.415238371427345955e-08
-4.629537694020590344e+00 1.000648253853368640e-08
-4.599230258227382961e+00 1.415822058324543118e-08
-4.569187547941903738e+00 2.609638119217849111e-08
-4.539405544197283149e+00 3.293176343674673178e-08
-4.509880307338105077e+00 2.604544699999018584e-08
-4.480607975061465353e+00 2.033623013270953365e-08
-4.451584760515686412e+00 2.168691560699505332e-08
-4.422806950454783781e+00 2.217294318481922523e-08
-4.394270903446768628e+00 2.104572373757854219e-08
-4.365973048133954926e+00 2.168576709033352101e-08
-4.337909881543509094e+00 2.398011897478687505e-08
-4.310077967446587444e+00 2.241325149309933113e-08
-4.282473934764412071e+00 1.517413102358380219e-08
-4.255094476019731786e+00 9.244045676450283369e-09
-4.227936345832168819e+00 1.019953024941221074e-08
-4.200996359456015128e+00 1.351538604745035512e-08
-4.174271391359062555e+00 1.280495508964955196e-08
-4.147758373841154089e+00 1.006522188212350272e-08
-4.121454295691163061e+00 8.204186583175336725e-09
-4.095356200881122177e+00 7.533126384903838957e-09
-4.069461187296388616e+00 8.740894347892264944e-09
-4.043766405500584860e+00 1.270871685420627438e-08
-4.018269057534298305e+00 1.940606003722919689e-08
-3.992966395746416985e+00 2.373093181643033878e-08
-3.967855721657088441e+00 2.045941664675183319e-08
-3.942934384851309204e+00 1.436083435163540521e-08
-3.918199781902168777e+00 1.182198831292166081e-08
-3.893649355322847061e+00 1.296635811660134129e-08
-3.869280592546462394e+00 1.534747715753260191e-08
-3.845091024932894896e+00 1.688579083528078435e-08
-3.821078226801797317e+00 1.635115396489368529e-08
-3.797239814490932730e+00 1.402345105985871069e-08
-3.773573445439120100e+00 1.208121054927515410e-08
-3.750076817293014120e+00 1.124168895293171499e-08
-3.726747667036997225e+00 1.030060437323438622e-08
-3.703583770145510101e+00 9.270024592098480474e-09
-3.680582939757102157e+00 8.399406781411427149e-09
-3.657743025869630404e+00 7.544503147132534074e-09
-3.635061914555887341e+00 8.205636367867832337e-09
-3.612537527199123133e+00 1.283433989562150981e-08
-3.590167819747855482e+00 2.086297643995351381e-08
-3.567950781989368547e+00 2.673539024560466696e-08
-3.545884436841426179e+00 2.647310952302513653e-08
-3.523966839661581307e+00 2.453041068507875248e-08
-3.502196077573649369e+00 2.714021377179543620e-08
-3.480570268810808887e+00 3.294657518908167324e-08
-3.459087562074850908e+00 3.596993588329720005e-08
-3.437746135911134981e+00 3.482242479526092559e-08
-3.416544198098792506e+00 3.397150839493921325e-08
-3.395479985055740890e+00 3.673535773751686363e-08
-3.374551761258098193e+00 4.189176632316191622e-08
-3.353757818673582580e+00 4.478088577009149404e-08
-3.333096476208523118e+00 4.167536194122673683e-08
-3.312566079168071553e+00 3.506904820292877527e-08
-3.292164998729279812e+00 3.031536175022352982e-08
-3.271891631426664837e+00 2.910011887959616979e-08
-3.251744398649922374e+00 2.965534810311453020e-08
-3.231721746153456643e+00 3.061199785610178371e-08
-3.211822143577407918e+00 3.211992397807993348e-08
-3.192044083979844071e+00 3.415824585868155202e-08
-3.172386083379843402e+00 3.641533474401896355e-08
-3.152846680311138350e+00 3.898008914056359647e-08
-3.133424435386072737e+00 4.103841839652320865e-08
-3.114117930869558570e+00 4.038234739398963829e-08
-3.094925770262795250e+00 3.583076024442444752e-08
-3.075846577896469647e+00 2.921503036557221713e-08
-3.056878998533198555e+00 2.431931057053153252e-08
-3.038021696978961295e+00 2.417177690378283890e-08
-3.019273357703287086e+00 2.907909273438821413e-08
-3.000632684467968048e+00 3.679235880330342657e-08
-2.982098399964077995e+00 4.476349056939864789e-08
-2.963669245457069223e+00 5.229852871319250934e-08
-2.945343980439752762e+00 5.985659285791385992e-08
-2.927121382292947160e+00 6.702814389069370950e-08
-2.909000245953597297e+00 7.263918731465177207e-08
-2.890979383590179363e+00 7.601263585353790211e-08
-2.873057624285205058e+00 7.778371181228608155e-08
-2.855233813724623815e+00 7.990979139029776224e-08
-2.837506813893987179e+00 8.330513193250073147e-08
-2.819875502781155951e+00 8.586185017765793774e-08
-2.802338774085429751e+00 8.546840975995721525e-08
-2.784895536932901372e+00 8.340076797661450459e-08
-2.767544715597910265e+00 8.220284016382470874e-08
-2.750285249230413953e+00 8.262008788617077221e-08
-2.733116091589155250e+00 8.435749059054075276e-08
-2.716036210780464089e+00 8.772914283975655361e-08
-2.699044589002566052e+00 9.340153125929952028e-08
-2.682140222295249732e+00 1.013667861551951385e-07
-2.665322120294779662e+00 1.106184904607217695e-07
-2.648589305993904297e+00 1.199461183387906122e-07
-2.631940815506855547e+00 1.292124564652317269e-07
-2.615375697839200431e+00 1.390669743179064954e-07
-2.598893014662444045e+00 1.487448850469744149e-07
-2.582491840093254609e+00 1.554955123343315092e-07
-2.566171260477212002e+00 1.574787030190558704e-07
-2.549930374176959447e+00 1.561665992514527411e-07
-2.533768291364664638e+00 1.549056628463636215e-07
-2.517684133818677505e+00 1.562865748337003757e-07
-2.501677034724291371e+00 1.614803374711035710e-07
-2.485746138478510670e+00 1.703538120209196732e-07
-2.469890600498723998e+00 1.813560356429962040e-07
-2.454109587035200768e+00 1.926718050206413198e-07
-2.438402274987315543e+00 2.041743965602042644e-07
-2.422767851723407695e+00 2.176794493330486572e-07
-2.407205514904207533e+00 2.353195797404083078e-07
-2.391714472309731221e+00 2.577608244485568036e-07
-2.376293941669569421e+00 2.831876628423516336e-07
-2.360943150496495058e+00 3.075796364050430111e-07
-2.345661335923311608e+00 3.266016486022029663e-07
-2.330447744542858413e+00 3.382068444302016238e-07
-2.315301632251118846e+00 3.444154400975934805e-07
-2.300222264093345625e+00 3.508913413187005219e-07
-2.285208914113144640e+00 3.639004744606783981e-07
-2.270260865204440481e+00 3.868111078966757480e-07
-2.255377408966269037e+00 4.192103620650573674e-07
-2.240557845560325223e+00 4.586884419233416649e-07
-2.225801483571210770e+00 5.027942092770015181e-07
-2.211107639869315467e+00 5.496250874098255074e-07
-2.196475639476279440e+00 5.975786048817694506e-07
-2.181904815432973432e+00 6.456061215898554073e-07
-2.167394508669943320e+00 6.943200638983308538e-07
-2.152944067880271817e+00 7.464157981070715159e-07
-2.138552849394784516e+00 8.052656773727767107e-07
-2.124220217059574090e+00 8.731040686601288700e-07
-2.109945542115772454e+00 9.505242448671276462e-07
-2.095728203081529628e+00 1.036792467790767365e-06
-2.081567585636154849e+00 1.130083771419735199e-06
-2.067463082506362237e+00 1.228309616652302933e-06
-2.053414093354584136e+00 1.330707688734215107e-06
-2.039420024669305942e+00 1.438490462566691082e-06
-2.025480289657382471e+00 1.553685312684055046e-06
-2.011594308138276332e+00 1.678086794947660915e-06
-1.997761506440205226e+00 1.813720324405554004e-06
-1.983981317298131319e+00 1.963081048929598506e-06
-1.970253179753569617e+00 2.127529159867219397e-06
-1.956576539056167352e+00 2.305987186389314475e-06
-1.942950846567025547e+00 2.496689651994202383e-06
-1.929375559663717654e+00 2.700131356943919561e-06
-1.915850141646975535e+00 2.919398283778128691e-06
-1.902374061649005244e+00 3.159138782190888860e-06
-1.888946794543396868e+00 3.427636898274524890e-06
-1.875567820856598900e+00 3.740218163883250935e-06
-1.862236626680921825e+00 4.115920408928908181e-06
-1.848952703589041180e+00 4.565721539800055297e-06
-1.835715548549967879e+00 5.083579122869604034e-06
-1.822524663846452730e+00 5.651604250523014239e-06
-1.809379556993800708e+00 6.256112710407390513e-06
-1.796279740660062796e+00 6.899707769561329476e-06
-1.783224732587581407e+00 7.599390466953528249e-06
-1.770214055515849871e+00 8.375038299719006016e-06
-1.757247237105675541e+00 9.241000508273875246e-06
-1.744323809864610553e+00 1.020778263435559144e-05
-1.731443311073621372e+00 1.128814753902468947e-05
-1.718605282714980698e+00 1.249858954959101656e-05
-1.705809271401351745e+00 1.385627913402233596e-05
-1.693054828306041149e+00 1.537906699446596064e-05
-1.680341509094399610e+00 1.709030315729299462e-05
-1.667668873856344547e+00 1.902011748787729386e-05
-1.655036487039980519e+00 2.119876769328802490e-05
-1.642443917386301022e+00 2.365115685467468991e-05
-1.629890737864948980e+00 2.640359717093036196e-05
-1.617376525611005755e+00 2.949665327821404621e-05
-1.604900861862805783e+00 3.298593555796879278e-05
-1.592463331900736856e+00 3.692405604731968606e-05
-1.580063524987020074e+00 4.134091579647262591e-05
-1.567701034306447028e+00 4.624766283967945827e-05
-1.555375456908052678e+00 5.167007373958091372e-05
-1.543086393647707277e+00 5.768505531104717250e-05
-1.530833449131608237e+00 6.442520662519385030e-05
-1.518616231660659732e+00 7.204561679883277178e-05
-1.506434353175712282e+00 8.068690502997169359e-05
-1.494287429203655870e+00 9.047175059283890858e-05
-1.482175078804342627e+00 1.015373846553799361e-04
-1.470096924518329295e+00 1.140727397079146328e-04
-1.458052592315416618e+00 1.283274018256829634e-04
-1.446041711543979202e+00 1.445867625141625029e-04
-1.434063914881057000e+00 1.631368878921339528e-04
-1.422118838283209508e+00 1.842539506867677522e-04
-1.410206120938107599e+00 2.082354847230369105e-04
-1.398325405216850115e+00 2.354556447536184976e-04
-1.386476336626996986e+00 2.664042142728659766e-04
-1.374658563766294916e+00 3.016832207990765235e-04
-1.362871738277095179e+00 3.419675113868979842e-04
-1.351115514801437101e+00 3.879618244394254008e-04
-1.339389550936797013e+00 4.403917273026170497e-04
-1.327693507192477362e+00 5.000429923664659326e-04
-1.316027046946637080e+00 5.678430741344204493e-04
-1.304389836403941239e+00 6.449623190500895255e-04
-1.292781544553817996e+00 7.328991432596234203e-04
-1.281201843129320173e+00 8.335019767059378623e-04
-1.269650406566570577e+00 9.488934800242264465e-04
-1.258126911964788874e+00 1.081337778577712207e-03
-1.246631039046874889e+00 1.233165669116082245e-03
-1.235162470120555911e+00 1.406848245637657606e-03
-1.223720890040073339e+00 1.605226299465724532e-03
-1.212305986168408234e+00 1.831799422092054291e-03
-1.200917448340022453e+00 2.090909761042937173e-03
-1.189554968824123149e+00 2.387748984722551197e-03
-1.178218242288426865e+00 2.728192905722886391e-03
-1.166906965763418569e+00 3.118610644525144152e-03
-1.155620838607101852e+00 3.565850390682676063e-03
-1.144359562470215863e+00 4.077514292367617060e-03
-1.133122841261928526e+00 4.662410551950315826e-03
-1.121910381115985400e+00 5.330981599181135525e-03
-1.110721890357309283e+00 6.095503434358692622e-03
-1.099557079469039467e+00 6.970048904303728643e-03
-1.088415661060010642e+00 7.970447232077916208e-03
-1.077297349832647466e+00 9.114354150514304004e-03
-1.066201862551285018e+00 1.042152869778757707e-02
-1.055128918010896033e+00 1.191425277615619852e-02
-1.044078237006218046e+00 1.361782044707508972e-02
-1.033049542301277102e+00 1.556098108574487625e-02
-1.022042558599299822e+00 1.777618930337172831e-02
-1.011057012512998066e+00 2.029972983274594411e-02
-1.000092632535235726e+00 2.317179841182354441e-02
-9.891491490100537964e-01 2.643687041175565508e-02
-9.782262941040561488e-01 3.014438306620326885e-02
-9.673238017781481402e-01 3.434938379326196722e-02
-9.564414077596213870e-01 3.911276373306325077e-02
-9.455788495145712735e-01 4.450113777181145813e-02
-9.347358662206534108e-01 5.058676028261607782e-02
-9.239121987401626157e-01 5.744775052164101392e-02
-9.131075895934324116e-01 6.516827898334640046e-02
-9.023217829325496098e-01 7.383881446332234144e-02
-8.915545245153719822e-01 8.355590687835659502e-02
-8.808055616798529108e-01 9.442157660728014990e-02
-8.700746433186589135e-01 1.065424174257198486e-01
-8.593615198540814903e-01 1.200291828476529876e-01
-8.486659432132259706e-01 1.349960412418870770e-01
-8.379876668034880183e-01 1.515594999382510744e-01
-8.273264454882990337e-01 1.698364842732102697e-01
-8.166820355631438932e-01 1.899409986851480769e-01
-8.060541947318363709e-01 2.119802178742651311e-01
-7.954426820830584610e-01 2.360509920653860449e-01
-7.848472580671504994e-01 2.622370872166663314e-01
-7.742676844731486430e-01 2.906062335963394139e-01
-7.637037244060699281e-01 3.212062109507949903e-01
-7.531551422644284788e-01 3.540599251124546543e-01
-7.426217037179922986e-01 3.891606558317171061e-01
-7.321031756857663275e-01 4.264648118496734419e-01
-7.215993263142009839e-01 4.658864249487991716e-01
-7.111099249556180890e-01 5.072928588023628560e-01
-7.006347421468592795e-01 5.505014804944798890e-01
-6.901735495881351490e-01 5.952769411751812623e-01
-6.797261201220911042e-01 6.413298659313544370e-01
-6.692922277130706199e-01 6.883124064709875700e-01
-6.588716474265783329e-01 7.358173748981088336e-01
-6.484641554089376481e-01 7.833782383560395912e-01
-6.380695288671385246e-01 8.304741911754724981e-01
-6.276875460488731129e-01 8.765399964204734218e-01
-6.173179862227488046e-01 9.209781219004662400e-01
-6.069606296586862459e-01 9.631711473223480979e-01
-5.966152576084875481e-01 1.002493461881092118e+00
-5.862816522865772484e-01 1.038322270229682598e+00
-5.759595968509094721e-01 1.070050180680336416e+00
-5.656488753840412942e-01 1.097101335824208101e+00
-5.553492728743597562e-01 1.118950811336573592e+00
-5.450605751974718638e-01 1.135145023372029272e+00
-5.347825690977430213e-01 1.145320654815898509e+00
-5.245150421699888987e-01 1.149218515135113972e+00
-5.142577828413065211e-01 1.146696304653948451e+00
-5.040105803530536832e-01 1.137735869278625689e+00
-4.937732247429644228e-01 1.122447762317079878e+00
-4.835455068274036594e-01 1.101071795827621713e+00
-4.733272181837471781e-01 1.073971914889390256e+00
-4.631181511328986700e-01 1.041625138786550053e+00
-4.529180987219272314e-01 1.004605586164433406e+00
-4.427268547068332061e-01 9.635658650005800574e-01
-4.325442135354257145e-01 9.192154121825550916e-01
-4.223699703303245845e-01 8.722990267297294764e-01
-4.122039208720716941e-01 8.235769019693816029e-01
-4.020458615823537807e-01 7.738047680173081311e-01
-3.918955895073323314e-01 7.237161358664583322e-01
-3.817529023010813316e-01 6.740041193882198023e-01
-3.716175982091194929e-01 6.253040189476269939e-01
-3.614894760520483419e-01 5.781763249828241191e-01
-3.513683352092828449e-01 5.330947732831995411e-01
-3.412539756028758475e-01 4.904426647747802681e-01
-3.311461976814312758e-01 4.505171947686816836e-01
-3.210448024041094306e-01 4.135386932548689165e-01
-3.109495912247085547e-01 3.796614750152316198e-01
-3.008603660758366605e-01 3.489835525819730555e-01
-2.907769293531580201e-01 3.215560490482801681e-01
-2.806990838997174276e-01 2.973933904947167473e-01
-2.706266329903371237e-01 2.764862709234398586e-01
-2.605593803160889399e-01 2.588180430443992597e-01
-2.504971299688272257e-01 2.443842922381705141e-01
-2.404396864257955790e-01 2.332149700982255880e-01
-2.303868545342923901e-01 2.253971418085447542e-01
-2.203384394963986970e-01 2.210956777253739736e-01
-2.102942468537628840e-01 2.205677899763373584e-01
-2.002540824724450275e-01 2.241651436102534423e-01
-1.902177525278067050e-01 2.323136290087212119e-01
-1.801850634894590075e-01 2.454571743191350519e-01
-1.701558221062540455e-01 2.639547397742986745e-01
-1.601298353913264694e-01 2.879287708091050613e-01
-1.501069106071708514e-01 3.170807456228122989e-01
-1.400868552507662790e-01 3.505072601952794464e-01
-1.300694770387391397e-01 3.865666015992943461e-01
-1.200545838925550501e-01 4.228541927800850697e-01
-1.100419839237516545e-01 4.563448844543402938e-01
-1.000314854191983877e-01 4.837382308203285186e-01
-9.002289682638489610e-02 5.019897435216494896e-01
-8.001602673873924043e-02 5.089336375400348444e-01
-7.001068388096250150e-02 5.038320341494626486e-01
-6.000667709439190534e-02 4.876757372467334095e-01
-5.000381532237931775e-02 4.631322895027559783e-01
-4.000190759568706539e-02 4.341528612239491380e-01
-3.000076301789707939e-02 4.053437300132080590e-01
-2.000019075083557876e-02 3.812340888080422152e-01
-9.999999999999974187e-03 3.655589305933952815e-01
0.000000000000000000e+00 3.606629740224911451e-01
9.999999999999974187e-03 3.671326844295263458e-01
2.000019075083557876e-02 3.837443714613463230e-01
3.000076301789707939e-02 4.077403620949141549e-01
4.000190759568635068e-02 4.353500655002923159e-01
5.000381532237860305e-02 4.624116557479379663e-01
6.000667709439118369e-02 4.849608259404544763e-01
7.001068388096322315e-02 4.997143050163120881e-01
8.001602673873996208e-02 5.044286096950639786e-01
9.002289682638561774e-02 4.981321462311159576e-01
1.000314854191983877e-01 4.812127438469251950e-01
1.100419839237516545e-01 4.553235787109148336e-01
1.200545838925550501e-01 4.230853365861395599e-01
1.300694770387391397e-01 3.876146143009467915e-01
1.400868552507662790e-01 3.519825729916001844e-01
1.501069106071708514e-01 3.187492555326671417e-01
1.601298353913264694e-01 2.896934056034450311e-01
1.701558221062540455e-01 2.657767226753331991e-01
1.801850634894582859e-01 2.472905794382958822e-01
1.902177525278067050e-01 2.340862321044714367e-01
2.002540824724450275e-01 2.257964207665870693e-01
2.102942468537628840e-01 2.219965878747971466e-01
2.203384394963986970e-01 2.222965903045842073e-01
2.303868545342923901e-01 2.263790756758200517e-01
2.404396864257955790e-01 2.340075323641056526e-01
2.504971299688272257e-01 2.450212017260074981e-01
2.605593803160889399e-01 2.593251675840422266e-01
2.706266329903371237e-01 2.768773850549383631e-01
2.806990838997167059e-01 2.976723707974147093e-01
2.907769293531572985e-01 3.217221810083091826e-01
3.008603660758359388e-01 3.490367282816255745e-01
3.109495912247092764e-01 3.796055410053391088e-01
3.210448024041101522e-01 4.133821416950771432e-01
3.311461976814320529e-01 4.502709205003888049e-01
3.412539756028758475e-01 4.901153344050825922e-01
3.513683352092828449e-01 5.326879815849523414e-01
3.614894760520483419e-01 5.776827775974052726e-01
3.716175982091194929e-01 6.247110017555028705e-01
3.817529023010813316e-01 6.733015088614646704e-01
3.918955895073323314e-01 7.229050478977331329e-01
4.020458615823530590e-01 7.729022070143112266e-01
4.122039208720709169e-01 8.226139370798246642e-01
4.223699703303238628e-01 8.713133667928889547e-01
4.325442135354264361e-01 9.182417460472467319e-01
4.427268547068339277e-01 9.626279634753422965e-01
4.529180987219279531e-01 1.003713217704466309e+00
4.631181511328986700e-01 1.040776872410373866e+00
4.733272181837471781e-01 1.073162469668593744e+00
4.835455068274036594e-01 1.100300391442737613e+00
4.937732247429644228e-01 1.121723459878290807e+00
5.040105803530536832e-01 1.137077600717727677e+00
5.142577828413065211e-01 1.146128363808831541e+00
5.245150421699888987e-01 1.148764589027372995e+00
5.347825690977430213e-01 1.144999347374482612e+00
5.450605751974710866e-01 1.134967814258542429e+00
5.553492728743597562e-01 1.118921310398517610e+00
5.656488753840412942e-01 1.097214272930594037e+00
5.759595968509094721e-01 1.070290032298982341e+00
5.862816522865772484e-01 1.038663212463720065e+00
5.966152576084875481e-01 1.002902606836043820e+00
6.069606296586862459e-01 9.636151432568069719e-01
6.173179862227488046e-01 9.214305507384528138e-01
6.276875460488731129e-01 8.769859100481831593e-01
6.380695288671385246e-01 8.309096684452121906e-01
6.484641554089369819e-01 7.838058366261588805e-01
6.588716474265774448e-01 7.362404409712558495e-01
6.692922277130698427e-01 6.887311119462213860e-01
6.797261201220904381e-01 6.417401384753246285e-01
6.901735495881360372e-01 5.956716645400330634e-01
7.006347421468600567e-01 5.508725425395339936e-01
7.111099249556188662e-01 5.076329013747348240e-01
7.215993263142009839e-01 4.661898916519257585e-01
7.321031756857663275e-01 4.267284821556462937e-01
7.426217037179922986e-01 3.893839808062178887e-01
7.531551422644284788e-01 3.542452992788044930e-01
7.637037244060699281e-01 3.213590339951821750e-01
7.742676844731486430e-01 2.907344045785549280e-01
7.848472580671498333e-01 2.623495564427808513e-01
7.954426820830577949e-01 2.361553654914548550e-01
8.060541947318363709e-01 2.120801853206573107e-01
8.166820355631446704e-01 1.900349940433130325e-01
8.273264454882999219e-01 1.699186895796494512e-01
8.379876668034880183e-01 1.516229407735311951e-01
8.486659432132259706e-01 1.350361047923192281e-01
8.593615198540814903e-01 1.200456464204758683e-01
8.700746433186589135e-01 1.065392029707908916e-01
8.808055616798529108e-01 9.440490064498259504e-02
8.915545245153719822e-01 8.353214693816228553e-02
9.023217829325496098e-01 7.381305567865990847e-02
9.131075895934324116e-01 6.514374899719282963e-02
9.239121987401619496e-01 5.742588310620080211e-02
9.347358662206525226e-01 5.056759869816682823e-02
9.455788495145712735e-01 4.448392243209878250e-02
9.564414077596213870e-01 3.909659807872966492e-02
9.673238017781488063e-01 3.433377735050752166e-02
9.782262941040561488e-01 3.012944348344022069e-02
9.891491490100537964e-01 2.642303820852627202e-02
1.000092632535235726e+00 2.315930274166274477e-02
1.011057012512998066e+00 2.028815477332407760e-02
1.022042558599299822e+00 1.776448213451013725e-02
1.033049542301277102e+00 1.554789654324015107e-02
1.044078237006217380e+00 1.360245913499625453e-02
1.055128918010895367e+00 1.189634139792510037e-02
1.066201862551284352e+00 1.040135375730871260e-02
1.077297349832648132e+00 9.092514182401058992e-03
1.088415661060011308e+00 7.947611116449367769e-03
1.099557079469040355e+00 6.946800965125047959e-03
1.110721890357309283e+00 6.072310785863252978e-03
1.121910381115985400e+00 5.308269817325486813e-03
1.133122841261928526e+00 4.640649649193509009e-03
1.144359562470215863e+00 4.057165981262182350e-03
1.155620838607101852e+00 3.547146985121817607e-03
1.166906965763418569e+00 3.101357334556078052e-03
1.178218242288425976e+00 2.711838517864015828e-03
1.189554968824123149e+00 2.371764792065503627e-03
1.200917448340022453e+00 2.075227249993659689e-03
1.212305986168408900e+00 1.816980505017525352e-03
1.223720890040074227e+00 1.592229577907086895e-03
1.235162470120555911e+00 1.396548458559944850e-03
1.246631039046874889e+00 1.225934750410783130e-03
1.258126911964788874e+00 1.076907403961380400e-03
1.269650406566570577e+00 9.465188375424266141e-04
1.281201843129320173e+00 8.322800264354434817e-04
1.292781544553817996e+00 7.320579080929525469e-04
1.304389836403941239e+00 6.440047972685118390e-04
1.316027046946637080e+00 5.665343240552765842e-04
1.327693507192476696e+00 4.983103227907000575e-04
1.339389550936796125e+00 4.382251459502945336e-04
1.351115514801436435e+00 3.853680549095733895e-04
1.362871738277095179e+00 3.389817179323383880e-04
1.374658563766295805e+00 2.984017349829912484e-04
1.386476336626997652e+00 2.629953946776110397e-04
1.398325405216850559e+00 2.321248199624310177e-04
1.410206120938107599e+00 2.051520432030854541e-04
1.422118838283209508e+00 1.814765635051262367e-04
1.434063914881057000e+00 1.605868593753089217e-04
1.446041711543979202e+00 1.421049392645869452e-04
1.458052592315416618e+00 1.257923074497384157e-04
1.470096924518328407e+00 1.114974041261222488e-04
1.482175078804341739e+00 9.906605428959938989e-05
1.494287429203654982e+00 8.827834866583002412e-05
1.506434353175713392e+00 7.885534800718017802e-05
1.518616231660660620e+00 7.051854860061245237e-05
1.530833449131608681e+00 6.304725553663778354e-05
1.543086393647707277e+00 5.629976045594057958e-05
1.555375456908052678e+00 5.020050036828318466e-05
1.567701034306447028e+00 4.471264267700625957e-05
1.580063524987019630e+00 3.981209719709460877e-05
1.592463331900736190e+00 3.547001749038737758e-05
1.604900861862805117e+00 3.164512894507550951e-05
1.617376525611005755e+00 2.828590062217474250e-05
1.629890737864948091e+00 2.533948849663435399e-05
1.642443917386300800e+00 2.275914321702778595e-05
1.655036487039980742e+00 2.050247250226093124e-05
1.667668873856345213e+00 1.852360303295233097e-05
1.680341509094400276e+00 1.677072106022096205e-05
1.693054828306040926e+00 1.519409851499608813e-05
1.705809271401351079e+00 1.375759986661355630e-05
1.718605282714980920e+00 1.244354157818570542e-05
1.731443311073621594e+00 1.124887116010237365e-05
1.744323809864610997e+00 1.017703306159323191e-05
1.757247237105675541e+00 9.229573247550749027e-06
1.770214055515848983e+00 8.399192320347773170e-06
1.783224732587580741e+00 7.666605359344704358e-06
1.796279740660062352e+00 7.004303478169731132e-06
1.809379556993800708e+00 6.386498823880873858e-06
1.822524663846453397e+00 5.799020636133029681e-06
1.835715548549968767e+00 5.242008112306184358e-06
1.848952703589041624e+00 4.724711541877161160e-06
1.862236626680921825e+00 4.257557843785135353e-06
1.875567820856598900e+00 3.846468917167622044e-06
1.888946794543396868e+00 3.491112904767176088e-06
1.902374061649005244e+00 3.186107325148336722e-06
1.915850141646975535e+00 2.922887597256472902e-06
1.929375559663716988e+00 2.690267422032250866e-06
1.942950846567024437e+00 2.475135235764883715e-06
1.956576539056166242e+00 2.266710030364197912e-06
1.970253179753570727e+00 2.063432144253442571e-06
1.983981317298132430e+00 1.875391393901128796e-06
1.997761506440205892e+00 1.717379874101326643e-06
2.011594308138276332e+00 1.597120823463144240e-06
2.025480289657382471e+00 1.507840482643896324e-06
2.039420024669305942e+00 1.430565820236376199e-06
2.053414093354583247e+00 1.345490977166429755e-06
2.067463082506361793e+00 1.245458853222831821e-06
2.081567585636154405e+00 1.140055498328083846e-06
2.095728203081529628e+00 1.045076062176587464e-06
2.109945542115771566e+00 9.675314201543727057e-07
2.124220217059573645e+00 9.017380095219026366e-07
2.138552849394784072e+00 8.383495157253788200e-07
2.152944067880272261e+00 7.738702726171618252e-07
2.167394508669943765e+00 7.109909807647139946e-07
2.181904815432972988e+00 6.529409117249207516e-07
2.196475639476278996e+00 6.001678749524111755e-07
2.211107639869315911e+00 5.520093875174954450e-07
2.225801483571211214e+00 5.094506992715506568e-07
2.240557845560325667e+00 4.747204885539169595e-07
2.255377408966268149e+00 4.482617847158609268e-07
2.270260865204440481e+00 4.273358589440342838e-07
2.285208914113143308e+00 4.080835091218563391e-07
2.300222264093344737e+00 3.878154482452429772e-07
2.315301632251118846e+00 3.652649101519174765e-07
2.330447744542859301e+00 3.409724984175379273e-07
2.345661335923311608e+00 3.179700596664805524e-07
2.360943150496495946e+00 2.993172390336869233e-07
2.376293941669568088e+00 2.841356313592000796e-07
2.391714472309731221e+00 2.681922450606054314e-07
2.407205514904206645e+00 2.483605940816620420e-07
2.422767851723407695e+00 2.247664022651341155e-07
2.438402274987316432e+00 1.996044402397650899e-07
2.454109587035200768e+00 1.759603194318301164e-07
2.469890600498723998e+00 1.571138997432090128e-07
2.485746138478509337e+00 1.452488215844360494e-07
2.501677034724291371e+00 1.404167555182186654e-07
2.517684133818678394e+00 1.404970082595413439e-07
2.533768291364664638e+00 1.418603912755298816e-07
2.549930374176959891e+00 1.410553995854837907e-07
2.566171260477213334e+00 1.370286499503972509e-07
2.582491840093254609e+00 1.315938090552448146e-07
2.598893014662444489e+00 1.273594219578215093e-07
2.615375697839199987e+00 1.253682711505216111e-07
2.631940815506855991e+00 1.244522978044973353e-07
2.648589305993903409e+00 1.221631654892483708e-07
2.665322120294779218e+00 1.167259127326873979e-07
2.682140222295247955e+00 1.089511320418816861e-07
2.699044589002565164e+00 1.015293597078264183e-07
2.716036210780464977e+00 9.575893333366522949e-08
2.733116091589157026e+00 9.031022463369963742e-08
2.750285249230413953e+00 8.368196085209818607e-08
2.767544715597911598e+00 7.582217836237162628e-08
2.784895536932901372e+00 6.698211199595767404e-08
2.802338774085429751e+00 5.748611095660429357e-08
2.819875502781155063e+00 4.902452835312877588e-08
2.837506813893987179e+00 4.394838470213432391e-08
2.855233813724622927e+00 4.288885592790338931e-08
2.873057624285204170e+00 4.425225521687922929e-08
2.890979383590180252e+00 4.595249954894558599e-08
2.909000245953595520e+00 4.693028371466897958e-08
2.927121382292947160e+00 4.722485629223393197e-08
2.945343980439754095e+00 4.756283328844070211e-08
2.963669245457068335e+00 4.897524954297060868e-08
2.982098399964077995e+00 5.094308209703921254e-08
3.000632684467967159e+00 5.012308858468286831e-08
3.019273357703287086e+00 4.443433119010854684e-08
3.038021696978962627e+00 3.721140888696720147e-08
3.056878998533198555e+00 3.312448721695164636e-08
3.075846577896470535e+00 3.229551635012017345e-08
3.094925770262794362e+00 3.173229280825109010e-08
3.114117930869559014e+00 3.009213360851066806e-08
3.133424435386071849e+00 2.850809524961333045e-08
3.152846680311138350e+00 2.845130729885304276e-08
3.172386083379844290e+00 3.071728744819790714e-08
3.192044083979846292e+00 3.504741709873839244e-08
3.211822143577407918e+00 3.983643655531442982e-08
3.231721746153457975e+00 4.278367941180572175e-08
3.251744398649921930e+00 4.214769664111713044e-08
3.271891631426665281e+00 3.906558080711123791e-08
3.292164998729279368e+00 3.665138724112827316e-08
3.312566079168071553e+00 3.505386155943888067e-08
3.333096476208521786e+00 3.286883807236764556e-08
3.353757818673582580e+00 3.132532045513784841e-08
3.374551761258096416e+00 3.123939802402736059e-08
3.395479985055740446e+00 3.137473024672964772e-08
3.416544198098793395e+00 3.160272933009726758e-08
3.437746135911136314e+00 3.299951331233688572e-08
3.459087562074850908e+00 3.634647002802130337e-08
3.480570268810810663e+00 4.105246757942276335e-08
3.502196077573649369e+00 4.342741197932452927e-08
3.523966839661581307e+00 3.976102781793636611e-08
3.545884436841424847e+00 3.158574484845463931e-08
3.567950781989368547e+00 2.336901029861481723e-08
3.590167819747851929e+00 1.733104481941148634e-08
3.612537527199123133e+00 1.336500228930518993e-08
3.635061914555887341e+00 1.112897925366331899e-08
3.657743025869628628e+00 1.076606393106842481e-08
3.680582939757102157e+00 1.220196536267875515e-08
3.703583770145510101e+00 1.447561632520555993e-08
3.726747667036997225e+00 1.582896566347961165e-08
3.750076817293014120e+00 1.596167570478499015e-08
3.773573445439117879e+00 1.672456274975140373e-08
3.797239814490932730e+00 1.772199251169476294e-08
3.821078226801799538e+00 1.680287468405233473e-08
3.845091024932894896e+00 1.461586815693518828e-08
3.869280592546462394e+00 1.364601565930220625e-08
3.893649355322847061e+00 1.420389803135387075e-08
3.918199781902168777e+00 1.375192096617878600e-08
3.942934384851307872e+00 1.178523635241641233e-08
3.967855721657088441e+00 1.239318849794310066e-08
3.992966395746416985e+00 1.808648324282999843e-08
4.018269057534300082e+00 2.375872867551872197e-08
4.043766405500584860e+00 2.242749284615448235e-08
4.069461187296391280e+00 1.544603693417538886e-08
4.095356200881122177e+00 1.027879260334932609e-08
4.121454295691163061e+00 1.020307369433239910e-08
4.147758373841154089e+00 1.404836261550897564e-08
4.174271391359062555e+00 2.066469002504939852e-08
4.200996359456013352e+00 2.676695213213346244e-08
4.227936345832168819e+00 2.783109109573342932e-08
4.255094476019727345e+00 2.606025995802841889e-08
4.282473934764413848e+00 2.428379730971657054e-08
4.310077967446587444e+00 2.012334792479494829e-08
4.337909881543510870e+00 1.649694143395217412e-08
4.365973048133954926e+00 1.443468998928166361e-08
4.394270903446770404e+00 1.103844282887163236e-08
4.422806950454781116e+00 1.082438009816033898e-08
4.451584760515686412e+00 1.447577583979438348e-08
4.480607975061463577e+00 1.648801471591434770e-08
4.509880307338105077e+00 1.594006056046190021e-08
4.539405544197283149e+00 1.389936969801220688e-08
4.569187547941903738e+00 1.381594478466718334e-08
4.599230258227382961e+00 1.577925040604434005e-08
4.629537694020593008e+00 1.383168057462852945e-08
4.660113955618596648e+00 1.065905738531411608e-08
4.690963226729293112e+00 1.106976417601653355e-08
4.722089776616123835e+00 1.566873546385260720e-08
4.753497962309302771e+00 2.337695502469450148e-08
4.785192230885826348e+00 2.687301235856856374e-08
4.817177121820895636e+00 2.159303700596389487e-08
4.849457269413340654e+00 1.598964217486884481e-08
4.882037405287709575e+00 1.554379603423984898e-08
4.914922360976011539e+00 1.840947008882403114e-08
4.948117070581908195e+00 2.078491695362296142e-08
4.981626573530626878e+00 2.224251991632745693e-08
5.015456017407652567e+00 1.598260869082133683e-08
5.049610660889745972e+00 1.267782136920630125e-08
5.084095876771596245e+00 1.376820935647851098e-08
5.118917155092026050e+00 1.191968012643897784e-08
5.154080106363324809e+00 1.088042043245315300e-08
5.189590464907923639e+00 1.242358541453296726e-08
5.225454092306433651e+00 1.030380309653085671e-08
5.261676980961550676e+00 8.019597206178522015e-09
5.298265257782244220e+00 9.428054651464286867e-09
5.335225187993163587e+00 1.188363374648877443e-08
5.372563179074077766e+00 1.797694250425632995e-08
5.410285784834729661e+00 2.194546385770302227e-08
5.448399709630405319e+00 1.459711890972071368e-08
5.486911812724086346e+00 9.678717308049752198e-09
5.525829112800970222e+00 1.173392958849660613e-08
5.565158792641854646e+00 8.142625603089076507e-09
5.604908203961667112e+00 7.915324359538916193e-09
5.645084872420248701e+00 1.008937868540639507e-08
5.685696502812371378e+00 6.995057274986518193e-09
5.726750984444712422e+00 3.275569682926078121e-09
5.768256396707492684e+00 2.007295570115494887e-09
5.810221014849253685e+00 2.934018849552416099e-09
5.852653315963272540e+00 5.361846652864321543e-09
5.895561985194872179e+00 1.616841923141438824e-08
5.938955922179146363e+00 2.757245394183067356e-08
5.982844247719065756e+00 1.935974742043644154e-08
6.027236310714632950e+00 1.533652728231452462e-08
6.072141695354100754e+00 1.816236004708958874e-08
6.117570228578833813e+00 9.975243324729449283e-09
6.163531987834188541e+00 4.750930255385300575e-09
6.210037309119105231e+00 8.905200021288740679e-09
6.257096795348075169e+00 1.453557598263905465e-08
6.304721325039668756e+00 1.293517879978805691e-08
6.352922061346506943e+00 1.057368183417277372e-08
6.401710461442654321e+00 1.241226042669065092e-08
6.451098286284771888e+00 1.288081804950137923e-08
6.501097610764786872e+00 8.185900759487383048e-09
6.551720834272277472e+00 7.445147249854323188e-09
6.602980691686179959e+00 1.128704567081828570e-08
6.654890264816202716e+00 7.799493090027703345e-09
6.707462994315653404e+00 7.030584628532779787e-09
6.760712692088343800e+00 1.238195991313192575e-08
6.814653554213885300e+00 1.985088889986209529e-08
6.869300174416541616e+00 1.996768940147147568e-08
6.924667558104775189e+00 1.295660523586986971e-08
6.980771137009639027e+00 1.700147659184346072e-08
7.037626784452278628e+00 2.132813887762985696e-08
7.095250831272059244e+00 1.661540886681665698e-08
7.153660082449184721e+00 9.510074557232596191e-09
7.212871834457117437e+00 1.785627562864687237e-08
7.272903893382699714e+00 1.713105550500928585e-08
7.333774593853726209e+00 9.357439672958059784e-09
7.395502818816384050e+00 6.206352142561517172e-09
7.458108020207268929e+00 4.909299277776417013e-09
7.521610240567749628e+00 6.265282895229089606e-09
7.586030135650939421e+00 1.120202845503547848e-08
7.651388998075133507e+00 1.197495227084450660e-08
7.717708782080382690e+00 1.059477778655581883e-08
7.785012129448951157e+00 1.321754295523498823e-08
7.853322396653874549e+00 1.236558983033497751e-08
7.922663683303971638e+00 1.094544988094451904e-08
7.993060861958362295e+00 2.633671851839171650e-08
8.064539609387720631e+00 9.982679852389573062e-09
8.137126439365120589e+00 8.049279713724203166e-09
8.210848737074378789e+00 1.702998602788591261e-08
8.285734795229668492e+00 8.317444575993273500e-09
8.361813852006719117e+00 1.926700953713412984e-09
8.439116130892415413e+00 9.639013740982754989e-10
8.517672882566811765e+00 3.323670680286403936e-09
8.597516428939853128e+00 9.828286754204036256e-09
8.678680209472870999e+00 1.022864797012317804e-08
8.761198829924738973e+00 4.730148750731465333e-09
8.845108113671690475e+00 1.725514564897061899e-08
8.930445155761116638e+00 1.755767597601370122e-08
9.017248379870389741e+00 1.464177309693994970e-08
9.105557598354891979e+00 6.422130914035339977e-09
9.195414075582201363e+00 1.195698292089693342e-08
9.286860594764410948e+00 6.780187086886095537e-09
9.379941528515811200e+00 6.408198981683192878e-09
9.474702913380864899e+00 1.133767395868712174e-08
9.571192528595130256e+00 9.428867544356955224e-09
9.669459979362780899e+00 5.235068487225394577e-09
9.769556784955327089e+00 1.999747433081852052e-08
9.871536471960840942e+00 1.369818313133726115e-08
9.975454673037942754e+00 6.327535551205782500e-09
1.008136923155793063e+01 8.983408164501146496e-09
1.018934031254830330e+01 9.600272678546500897e-09
1.029943052038522566e+01 6.468720118701051493e-09
1.041170502371859463e+01 1.320558584952561896e-08
1.052623168815380517e+01 3.684420026840683646e-09
1.064308121725768252e+01 1.129162830064511164e-08
1.076232730250476877e+01 1.922733205140089474e-08
1.088404678283179194e+01 2.502703188507576745e-08
1.100831981452695096e+01 8.848421610994242425e-09
1.113523005224294415e+01 1.513292196932059787e-08
1.126486484199331350e+01 1.057646409544887435e-08
1.139731542706779699e+01 8.255915020221109005e-09
1.153267716788676189e+01 8.607241626866606099e-09
1.167104977690866718e+01 7.066227221183084514e-09
1.181253756980620828e+01 6.684168601026608539e-09
1.195724973424156268e+01 1.247245600762590435e-08
1.210530061769597765e+01 4.648740759292126016e-09
1.225681003594877438e+01 8.106997893725519461e-09
1.241190360395464154e+01 2.505682899259697412e-09
1.257071309104042101e+01 3.378885465790823196e-09
1.273337680253192516e+01 1.555551967578301492e-08
1.290003999013476133e+01 4.769186027289341173e-09
1.307085529362815102e+01 1.485433984268309134e-08
1.324598321669588152e+01 8.471766975054341904e-09
1.342559264001181063e+01 7.927169878378924853e-09
1.360986137502873916e+01 8.705584887525588983e-09
1.379897676228727654e+01 4.078935626750690782e-09
1.399313631847826045e+01 7.736501413382179177e-09
1.419254843695589230e+01 1.047788422259171939e-08
1.439743314692606369e+01 1.024584989981603307e-08
1.460802293712368716e+01 3.749479736044560700e-09
1.482456365046278535e+01 3.999908202470475753e-09
1.504731545689699779e+01 2.917199837163840796e-09
1.527655391258613626e+01 1.520601115223215314e-09
1.551257111443440273e+01 3.406212629888704397e-09
1.575567696017295916e+01 2.364840095069601193e-08
1.600620052541652782e+01 3.389677954394430910e-09
1.626449157056262607e+01 3.789862434982783654e-09
1.653092219204418001e+01 6.399223818613564862e-09
1.680588863433074565e+01 2.699381592157139395e-08
1.708981328123576660e+01 1.439547725151822545e-08
1.738314684757837725e+01 6.488338989182413650e-09
1.768637079511793431e+01 1.522925068958750249e-08
1.800000000000201084e+01 8.844926445397299359e-10
