-1.800000000000201084e+01 6.679808994993740530e-07
-1.768637079511795918e+01 7.888323536905793071e-07
-1.738314684757837725e+01 3.285569019980056183e-07
-1.708981328123576660e+01 1.014082024436353862e-06
-1.680588863433072433e+01 4.417670380596727499e-08
-1.653092219204418001e+01 8.207065443726189572e-08
-1.626449157056260830e+01 2.360168817561469276e-07
-1.600620052541652782e+01 8.163106221028091683e-08
-1.575567696017295916e+01 1.136426619008267607e-07
-1.551257111443442049e+01 7.205810262679199364e-07
-1.527655391258613626e+01 2.964310904545379418e-08
-1.504731545689701200e+01 1.700022973526220737e-07
-1.482456365046278535e+01 3.752277908068857388e-07
-1.460802293712368716e+01 1.932298306683861904e-07
-1.439743314692604947e+01 2.457482485628748819e-06
-1.419254843695589230e+01 5.323953540672662322e-07
-1.399313631847824624e+01 1.483680812732812291e-07
-1.379897676228727654e+01 1.681267119878677302e-07
-1.360986137502872673e+01 4.213794176535987675e-07
-1.342559264001182306e+01 1.354837433478987900e-07
-1.324598321669588152e+01 2.217664191794180291e-07
-1.307085529362816168e+01 3.548183900197496119e-07
-1.290003999013476133e+01 4.572132822400704155e-07
-1.273337680253193582e+01 5.670927586703033644e-08
-1.257071309104041035e+01 2.536255596907478105e-07
-1.241190360395464154e+01 1.470116047475105854e-07
-1.225681003594876195e+01 1.025646472850426363e-07
-1.210530061769597765e+01 7.220329564125594044e-08
-1.195724973424155202e+01 1.472981374999467650e-07
-1.181253756980619762e+01 2.359313788383349958e-07
-1.167104977690866718e+01 8.559379801147033536e-08
-1.153267716788677255e+01 7.417300656233837801e-08
-1.139731542706779699e+01 5.601521420485811357e-07
-1.126486484199332239e+01 6.533273629206727217e-07
-1.113523005224293527e+01 2.152790740617691451e-07
-1.100831981452695096e+01 2.570558836056971618e-08
-1.088404678283180083e+01 4.200082542830863316e-07
-1.076232730250476877e+01 2.575169786027198348e-07
-1.064308121725769141e+01 9.934172429595517042e-07
-1.052623168815380517e+01 8.239423490636939685e-08
-1.041170502371859463e+01 4.140702257958192941e-07
-1.029943052038521678e+01 5.857086996143356992e-07
-1.018934031254830330e+01 3.643600589109875481e-07
-1.008136923155793951e+01 1.226368489907665432e-07
-9.975454673037956965e+00 7.181157474744590518e-08
-9.871536471960840942e+00 2.933280089073901531e-07
-9.769556784955334194e+00 1.430251389268200114e-06
-9.669459979362780899e+00 4.019368598819846361e-08
-9.571192528595137361e+00 1.491849188009864785e-07
-9.474702913380864899e+00 5.168397752354873277e-08
-9.379941528515811200e+00 3.744696385599412954e-07
-9.286860594764403842e+00 8.568847975435071786e-09
-9.195414075582201363e+00 2.618986390720933785e-07
-9.105557598354884874e+00 2.488293799630796466e-07
-9.017248379870389741e+00 8.400571553731706047e-08
-8.930445155761116638e+00 3.404965400910772777e-08
-8.845108113671695804e+00 1.178378884502399457e-06
-8.761198829924738973e+00 3.413674843508777049e-07
-8.678680209472876328e+00 7.710423194295043570e-07
-8.597516428939853128e+00 2.523738702852934936e-07
-8.517672882566811765e+00 1.105466745202852754e-07
-8.439116130892410084e+00 9.754815003818200449e-11
-8.361813852006719117e+00 2.524626161963345996e-07
-8.285734795229661387e+00 5.953097214699343510e-07
-8.210848737074378789e+00 1.153051945550979348e-07
-8.137126439365120589e+00 3.171374780289955290e-07
-8.064539609387715302e+00 2.187082716668141468e-07
-7.993060861958362295e+00 5.310793457421972886e-07
-7.922663683303976967e+00 6.246977986648598061e-08
-7.853322396653874549e+00 3.804458743096040521e-07
-7.785012129448951157e+00 2.250663350103629545e-07
-7.717708782080378249e+00 1.712795804696607053e-09
-7.651388998075133507e+00 9.018049519721603089e-08
-7.586030135650944750e+00 6.984674959472032745e-07
-7.521610240567749628e+00 7.529798967549003828e-07
-7.458108020207273370e+00 1.892331325263726772e-07
-7.395502818816379609e+00 2.937058052849131145e-07
-7.333774593853726209e+00 3.382790071080766409e-06
-7.272903893382695273e+00 2.842284156025371177e-08
-7.212871834457117437e+00 8.268030091962957314e-09
-7.153660082449187385e+00 8.018903917642306639e-08
-7.095250831272068126e+00 6.138555903852234999e-07
-7.037626784452278628e+00 7.818243255037652894e-08
-6.980771137009643468e+00 1.314082958519416546e-07
-6.924667558104775189e+00 6.682290275857274782e-07
-6.869300174416541616e+00 1.535333037978426633e-07
-6.814653554213885300e+00 1.311389007912790964e-07
-6.760712692088343800e+00 1.110368488573938756e-07
-6.707462994315648963e+00 2.600158832681037845e-07
-6.654890264816202716e+00 2.149418711942742081e-07
-6.602980691686176407e+00 9.493609887320667100e-08
-6.551720834272277472e+00 9.653969274680262273e-08
-6.501097610764786872e+00 1.864320564863019995e-07
-6.451098286284775440e+00 3.064326345410036997e-07
-6.401710461442654321e+00 1.550252894482963593e-09
-6.352922061346510496e+00 1.157501147395324001e-07
-6.304721325039668756e+00 9.061691717000388275e-07
-6.257096795348075169e+00 2.003452006246908973e-07
-6.210037309119101678e+00 9.154416569946721354e-08
-6.163531987834188541e+00 6.318041559496719170e-07
-6.117570228578837366e+00 6.394324710089884151e-07
-6.072141695354100754e+00 1.498627162101437908e-07
-6.027236310714632950e+00 6.552394092513416844e-08
-5.982844247719062203e+00 8.731275562190833371e-07
-5.938955922179146363e+00 1.486298534324538600e-07
-5.895561985194874843e+00 1.564303783842998804e-07
-5.852653315963272540e+00 1.583570410288820861e-07
-5.810221014849253685e+00 1.520042104032879867e-07
-5.768256396707496236e+00 6.604501527673688469e-07
-5.726750984444712422e+00 4.700580070346976311e-08
-5.685696502812374042e+00 1.117638746936822514e-07
-5.645084872420248701e+00 1.592040388770125464e-07
-5.604908203961667112e+00 5.051671715370528473e-07
-5.565158792641851981e+00 1.243411832525917003e-07
-5.525829112800970222e+00 2.027708375968608934e-08
-5.486911812724083681e+00 6.058468094123846151e-07
-5.448399709630409760e+00 4.253403769432439354e-07
-5.410285784834729661e+00 6.745062030805486114e-07
-5.372563179074079542e+00 1.046035464175957885e-07
-5.335225187993163587e+00 1.447177559199647683e-06
-5.298265257782246884e+00 4.413236845737817135e-07
-5.261676980961550676e+00 3.297952566199726880e-07
-5.225454092306433651e+00 3.570962366899803790e-07
-5.189590464907923639e+00 1.246987368564062327e-07
-5.154080106363324809e+00 2.248953302824693504e-07
-5.118917155092023386e+00 1.525498574191776369e-07
-5.084095876771596245e+00 3.387185142861864538e-07
-5.049610660889740643e+00 2.205688930225339122e-07
-5.015456017407655231e+00 2.292223434091805597e-08
-4.981626573530626878e+00 7.398487467727042195e-07
-4.948117070581910859e+00 5.710392051250075954e-07
-4.914922360976011539e+00 1.976265340931335262e-07
-4.882037405287712239e+00 1.175366681292325840e-06
-4.849457269413337102e+00 1.383617921624598522e-07
-4.817177121820895636e+00 8.105149903732431281e-07
-4.785192230885824571e+00 4.771759337133322117e-06
-4.753497962309302771e+00 3.489902819029838845e-08
-4.722089776616123835e+00 1.625937480275867173e-07
-4.690963226729293112e+00 1.895887020799033133e-07
-4.660113955618596648e+00 6.986357091001974462e-08
-4.629537694020590344e+00 1.640035277784965688e-07
-4.599230258227382961e+00 1.469869067629491192e-07
-4.569187547941903738e+00 2.311405660899093500e-07
-4.539405544197283149e+00 7.722954196469245956e-07
-4.509880307338105077e+00 4.244784169675237790e-07
-4.480607975061465353e+00 1.394252825038937057e-06
-4.451584760515686412e+00 6.654838085876303217e-07
-4.422806950454783781e+00 3.466128669608251254e-07
-4.394270903446768628e+00 2.096823129527683235e-06
-4.365973048133954926e+00 1.629896128400463612e-06
-4.337909881543509094e+00 4.817007923680834755e-06
-4.310077967446587444e+00 5.521936241104231727e-07
-4.282473934764412071e+00 1.695733077431651427e-07
-4.255094476019731786e+00 5.374331059747074437e-07
-4.227936345832168819e+00 2.629382983227266112e-07
-4.200996359456015128e+00 2.322565903098960645e-08
-4.174271391359062555e+00 5.653290684312622735e-07
-4.147758373841154089e+00 3.812718211996143389e-07
-4.121454295691163061e+00 1.646445115496671312e-07
-4.095356200881122177e+00 1.965224528651225696e-07
-4.069461187296388616e+00 5.525132895632350167e-07
-4.043766405500584860e+00 9.606645884806257056e-08
-4.018269057534298305e+00 8.037085511655170403e-07
-3.992966395746416985e+00 1.051277343816768961e-06
-3.967855721657088441e+00 7.625697560292297241e-07
-3.942934384851309204e+00 9.276818377744677398e-07
-3.918199781902168777e+00 2.653326604228025524e-07
-3.893649355322847061e+00 2.496081516038615797e-07
-3.869280592546462394e+00 1.275972885280230944e-07
-3.845091024932894896e+00 8.656591696737979413e-08
-3.821078226801797317e+00 7.868380736746830983e-08
-3.797239814490932730e+00 2.777997621468664038e-07
-3.773573445439120100e+00 2.729655616060147311e-07
-3.750076817293014120e+00 3.245978118160433290e-07
-3.726747667036997225e+00 6.900471937493443697e-08
-3.703583770145510101e+00 5.211210002747493489e-07
-3.680582939757102157e+00 1.689248135188733208e-07
-3.657743025869630404e+00 1.145399510373224947e-07
-3.635061914555887341e+00 2.759814583633630080e-08
-3.612537527199123133e+00 1.521521112570741062e-08
-3.590167819747855482e+00 1.141126930381498169e-07
-3.567950781989368547e+00 2.600324825520855766e-07
-3.545884436841426179e+00 6.982283518093503307e-07
-3.523966839661581307e+00 5.398124954109734101e-08
-3.502196077573649369e+00 1.073688478162914835e-06
-3.480570268810808887e+00 3.262341024900401989e-07
-3.459087562074850908e+00 1.652798237652834697e-07
-3.437746135911134981e+00 3.892563829387142956e-07
-3.416544198098792506e+00 2.457145692921703024e-07
-3.395479985055740890e+00 1.854918663948096111e-06
-3.374551761258098193e+00 1.528283312182287282e-07
-3.353757818673582580e+00 2.521298668422907606e-06
-3.333096476208523118e+00 3.812758541201621375e-09
-3.312566079168071553e+00 2.837021854664001811e-07
-3.292164998729279812e+00 1.099591094905925149e-06
-3.271891631426664837e+00 1.272325814183740843e-07
-3.251744398649922374e+00 2.167920588124652507e-06
-3.231721746153456643e+00 9.521184149292593547e-07
-3.211822143577407918e+00 1.616939329758343489e-07
-3.192044083979844071e+00 4.840156240484120328e-07
-3.172386083379843402e+00 3.798632791265512200e-06
-3.152846680311138350e+00 4.364948724750546210e-07
-3.133424435386072737e+00 6.294028313007186235e-08
-3.114117930869558570e+00 4.314730635515370650e-07
-3.094925770262795250e+00 6.892834221504344421e-09
-3.075846577896469647e+00 1.293425828429347252e-07
-3.056878998533198555e+00 1.108658522192606995e-06
-3.038021696978961295e+00 1.758674286477530806e-07
-3.019273357703287086e+00 1.842081322740354673e-07
-3.000632684467968048e+00 6.341326788134376630e-07
-2.982098399964077995e+00 5.489289445505672998e-07
-2.963669245457069223e+00 2.655147697341772831e-07
-2.945343980439752762e+00 5.962490587970499363e-07
-2.927121382292947160e+00 1.942160791059833751e-07
-2.909000245953597297e+00 1.520995468729665943e-07
-2.890979383590179363e+00 2.142931120149358456e-07
-2.873057624285205058e+00 3.455215408703586605e-07
-2.855233813724623815e+00 4.466562392787831792e-08
-2.837506813893987179e+00 1.694629290270003604e-07
-2.819875502781155951e+00 5.425635121254058652e-07
-2.802338774085429751e+00 2.268935563372307335e-07
-2.784895536932901372e+00 5.667108018384335686e-08
-2.767544715597910265e+00 3.073386395288951916e-07
-2.750285249230413953e+00 3.542825077833126787e-07
-2.733116091589155250e+00 5.494760999167420695e-07
-2.716036210780464089e+00 1.268968916140785080e-06
-2.699044589002566052e+00 7.229854675047134871e-09
-2.682140222295249732e+00 6.207308867131897357e-07
-2.665322120294779662e+00 9.428702966244626923e-07
-2.648589305993904297e+00 1.309997290261232446e-06
-2.631940815506855547e+00 1.009915800544584790e-06
-2.615375697839200431e+00 7.868478734723698882e-09
-2.598893014662444045e+00 1.955014720436716586e-06
-2.582491840093254609e+00 2.285228656799856102e-06
-2.566171260477212002e+00 1.890074936851820849e-07
-2.549930374176959447e+00 1.479392164372240622e-06
-2.533768291364664638e+00 5.295249852240576552e-07
-2.517684133818677505e+00 1.857773261098424926e-07
-2.501677034724291371e+00 5.036291857873590780e-07
-2.485746138478510670e+00 5.617960931072572179e-07
-2.469890600498723998e+00 4.176995559840506001e-07
-2.454109587035200768e+00 2.337260350325908425e-07
-2.438402274987315543e+00 9.295010510959373398e-08
-2.422767851723407695e+00 1.221465928697202074e-06
-2.407205514904207533e+00 5.174507857365639757e-07
-2.391714472309731221e+00 8.614348444515362183e-07
-2.376293941669569421e+00 5.170496142198107101e-06
-2.360943150496495058e+00 1.004021877118809599e-06
-2.345661335923311608e+00 1.341559295397336631e-08
-2.330447744542858413e+00 2.822216790601221846e-07
-2.315301632251118846e+00 3.190500440876891808e-07
-2.300222264093345625e+00 2.916871952141001531e-07
-2.285208914113144640e+00 2.651298125528726441e-07
-2.270260865204440481e+00 3.956454567844015377e-07
-2.255377408966269037e+00 7.352574691439009034e-08
-2.240557845560325223e+00 7.498411956192632898e-07
-2.225801483571210770e+00 4.023000291640435426e-08
-2.211107639869315467e+00 5.483222797225491052e-08
-2.196475639476279440e+00 5.836527167923084984e-07
-2.181904815432973432e+00 6.424114032031561412e-07
-2.167394508669943320e+00 1.456299657079749062e-07
-2.152944067880271817e+00 3.819392916523467255e-07
-2.138552849394784516e+00 1.295275292697415016e-06
-2.124220217059574090e+00 1.419210566843586267e-06
-2.109945542115772454e+00 4.534928301897069137e-08
-2.095728203081529628e+00 1.693960546123737992e-07
-2.081567585636154849e+00 2.475154406103531593e-06
-2.067463082506362237e+00 7.983775355303416067e-07
-2.053414093354584136e+00 2.562923794443308009e-06
-2.039420024669305942e+00 6.593308836465733777e-07
-2.025480289657382471e+00 2.507782034871818184e-06
-2.011594308138276332e+00 2.428465511000358780e-08
-1.997761506440205226e+00 1.096432878956840223e-06
-1.983981317298131319e+00 1.188974471637716922e-07
-1.970253179753569617e+00 9.209281349427031308e-08
-1.956576539056167352e+00 2.853977694992311687e-07
-1.942950846567025547e+00 3.019119464708254341e-07
-1.929375559663717654e+00 1.578990570733123675e-06
-1.915850141646975535e+00 1.216383882690070639e-06
-1.902374061649005244e+00 1.660687614624264768e-07
-1.888946794543396868e+00 4.285665219648870054e-10
-1.875567820856598900e+00 3.413565814646889116e-07
-1.862236626680921825e+00 1.477786843688536866e-06
-1.848952703589041180e+00 2.423976336618948813e-07
-1.835715548549967879e+00 4.315428552692770068e-08
-1.822524663846452730e+00 2.492631015303386055e-06
-1.809379556993800708e+00 1.960774680402240261e-06
-1.796279740660062796e+00 5.471167629533061991e-08
-1.783224732587581407e+00 1.789435012920297617e-06
-1.770214055515849871e+00 5.446969555498299633e-07
-1.757247237105675541e+00 2.698298455191114425e-07
-1.744323809864610553e+00 5.151382156117079006e-07
-1.731443311073621372e+00 9.628477566082900757e-07
-1.718605282714980698e+00 2.168641375849500917e-06
-1.705809271401351745e+00 1.102588149078373746e-07
-1.693054828306041149e+00 6.480164587502155637e-07
-1.680341509094399610e+00 1.253490314064024637e-07
-1.667668873856344547e+00 2.129323387804150226e-08
-1.655036487039980519e+00 3.855788513485849778e-08
-1.642443917386301022e+00 1.629549918048596448e-06
-1.629890737864948980e+00 8.149590836918901233e-07
-1.617376525611005755e+00 2.898216836523535955e-07
-1.604900861862805783e+00 1.214227633550161800e-06
-1.592463331900736856e+00 4.211883379702635662e-07
-1.580063524987020074e+00 1.405626976287581407e-07
-1.567701034306447028e+00 4.583307595669447767e-07
-1.555375456908052678e+00 1.940729540937194430e-07
-1.543086393647707277e+00 2.167963048887913759e-07
-1.530833449131608237e+00 8.378869853976361917e-07
-1.518616231660659732e+00 8.754498693015531215e-07
-1.506434353175712282e+00 5.738396442155607143e-07
-1.494287429203655870e+00 1.743337933720433456e-06
-1.482175078804342627e+00 2.988428506161893738e-07
-1.470096924518329295e+00 1.784985317277873450e-06
-1.458052592315416618e+00 1.764906786624106668e-08
-1.446041711543979202e+00 1.165013180806071938e-06
-1.434063914881057000e+00 1.312355635589554018e-06
-1.422118838283209508e+00 8.160672373647672847e-07
-1.410206120938107599e+00 1.457777187634658687e-06
-1.398325405216850115e+00 1.713960170697027817e-07
-1.386476336626996986e+00 1.326744991719282360e-06
-1.374658563766294916e+00 1.489981216276630977e-07
-1.362871738277095179e+00 7.965268807483996772e-07
-1.351115514801437101e+00 1.829919380602791677e-07
-1.339389550936797013e+00 7.429539413443968411e-08
-1.327693507192477362e+00 1.503288026799035874e-06
-1.316027046946637080e+00 2.139892488792794362e-07
-1.304389836403941239e+00 1.889612075625000149e-06
-1.292781544553817996e+00 7.855474573077501810e-07
-1.281201843129320173e+00 1.671576014648058803e-06
-1.269650406566570577e+00 1.714810497055792515e-06
-1.258126911964788874e+00 1.226025851033590427e-06
-1.246631039046874889e+00 2.833818435680201696e-06
-1.235162470120555911e+00 8.024370115381454831e-07
-1.223720890040073339e+00 6.159187746118315740e-06
-1.212305986168408234e+00 1.977928658677724329e-09
-1.200917448340022453e+00 7.220320228765591826e-07
-1.189554968824123149e+00 4.854605475993235415e-07
-1.178218242288426865e+00 1.425228554464772438e-06
-1.166906965763418569e+00 1.289075470727843584e-06
-1.155620838607101852e+00 4.799255199795086697e-06
-1.144359562470215863e+00 6.302221516162585541e-06
-1.133122841261928526e+00 1.902828705768510518e-07
-1.121910381115985400e+00 6.403205211171639693e-08
-1.110721890357309283e+00 6.589581947970524241e-07
-1.099557079469039467e+00 6.585934992260910503e-07
-1.088415661060010642e+00 6.804878228966298643e-08
-1.077297349832647466e+00 5.296020496754484021e-06
-1.066201862551285018e+00 2.739473324896832548e-06
-1.055128918010896033e+00 7.234049887066986670e-07
-1.044078237006218046e+00 2.226577304524807887e-06
-1.033049542301277102e+00 8.782109293617504692e-07
-1.022042558599299822e+00 7.569692771958116086e-06
-1.011057012512998066e+00 5.554170940273368183e-06
-1.000092632535235726e+00 1.567513019520876272e-06
-9.891491490100537964e-01 1.707100016700544725e-06
-9.782262941040561488e-01 1.582303991904190147e-06
-9.673238017781481402e-01 6.972684705992303398e-07
-9.564414077596213870e-01 1.699915447834277523e-06
-9.455788495145712735e-01 5.882566200452439697e-06
-9.347358662206534108e-01 1.342964091340555916e-06
-9.239121987401626157e-01 2.243424858947530601e-06
-9.131075895934324116e-01 4.114590802089405860e-06
-9.023217829325496098e-01 2.280776763889908831e-08
-8.915545245153719822e-01 1.533480735106383854e-06
-8.808055616798529108e-01 3.525120936299349977e-06
-8.700746433186589135e-01 5.581286324315466599e-07
-8.593615198540814903e-01 4.038006064365467719e-06
-8.486659432132259706e-01 8.079481491894101918e-06
-8.379876668034880183e-01 9.774025351843698274e-06
-8.273264454882990337e-01 8.285951888390868348e-06
-8.166820355631438932e-01 1.378992610667132055e-05
-8.060541947318363709e-01 2.227948225415618112e-06
-7.954426820830584610e-01 2.090315966592218567e-06
-7.848472580671504994e-01 3.144141481554732162e-06
-7.742676844731486430e-01 3.329665262526705893e-06
-7.637037244060699281e-01 1.540424547238992784e-06
-7.531551422644284788e-01 4.300180963518760679e-06
-7.426217037179922986e-01 3.829738676168252138e-06
-7.321031756857663275e-01 3.315241800717151083e-06
-7.215993263142009839e-01 9.689985989183980928e-06
-7.111099249556180890e-01 1.589676032383130032e-06
-7.006347421468592795e-01 4.014786145002726717e-06
-6.901735495881351490e-01 1.587552371516774263e-05
-6.797261201220911042e-01 4.186436995576764113e-06
-6.692922277130706199e-01 5.137517384810919594e-06
-6.588716474265783329e-01 5.381891109381748351e-06
-6.484641554089376481e-01 1.022385831936611279e-05
-6.380695288671385246e-01 1.010884806745577750e-06
-6.276875460488731129e-01 2.712777265067816191e-05
-6.173179862227488046e-01 1.387066065855553613e-05
-6.069606296586862459e-01 1.530433027359689413e-07
-5.966152576084875481e-01 2.582631088752019826e-05
-5.862816522865772484e-01 3.069220487835611631e-06
-5.759595968509094721e-01 8.411623128237202368e-07
-5.656488753840412942e-01 1.291877479967529918e-05
-5.553492728743597562e-01 6.065634800652415296e-06
-5.450605751974718638e-01 1.768833689157875538e-06
-5.347825690977430213e-01 2.366944539043202113e-06
-5.245150421699888987e-01 2.696974556848115666e-06
-5.142577828413065211e-01 7.322842535602145805e-06
-5.040105803530536832e-01 5.424917329279337920e-06
-4.937732247429644228e-01 1.462706142366413443e-05
-4.835455068274036594e-01 3.421965370217346929e-06
-4.733272181837471781e-01 8.981525852120158054e-06
-4.631181511328986700e-01 1.646606947028798293e-05
-4.529180987219272314e-01 2.544813340692419657e-06
-4.427268547068332061e-01 3.317505029717017551e-06
-4.325442135354257145e-01 8.568182290737163775e-06
-4.223699703303245845e-01 7.638890548452459433e-06
-4.122039208720716941e-01 5.843727850984357813e-06
-4.020458615823537807e-01 2.269455290685599328e-06
-3.918955895073323314e-01 2.383547798361607096e-05
-3.817529023010813316e-01 1.947591213773704449e-05
-3.716175982091194929e-01 2.233555286269120385e-05
-3.614894760520483419e-01 6.312612972231756227e-06
-3.513683352092828449e-01 5.654665407899709740e-07
-3.412539756028758475e-01 2.474430463813405363e-06
-3.311461976814312758e-01 1.456837699001730478e-05
-3.210448024041094306e-01 1.147175335850413242e-05
-3.109495912247085547e-01 3.128027095329221128e-05
-3.008603660758366605e-01 4.186770104445559085e-06
-2.907769293531580201e-01 2.169063958806999323e-05
-2.806990838997174276e-01 8.489615444176872879e-06
-2.706266329903371237e-01 1.115786893624355110e-05
-2.605593803160889399e-01 9.571742805893844577e-06
-2.504971299688272257e-01 2.329298982149899202e-05
-2.404396864257955790e-01 1.397990901684349348e-05
-2.303868545342923901e-01 2.530003941996715659e-05
-2.203384394963986970e-01 4.837278349727771432e-05
-2.102942468537628840e-01 1.922631985016244721e-05
-2.002540824724450275e-01 3.414293932572800525e-05
-1.902177525278067050e-01 1.497471556068969030e-06
-1.801850634894590075e-01 3.844039198747351119e-05
-1.701558221062540455e-01 4.880784465603005089e-05
-1.601298353913264694e-01 7.224114036446769742e-06
-1.501069106071708514e-01 2.364785409621222804e-05
-1.400868552507662790e-01 1.922253940258697724e-01
-1.300694770387391397e-01 4.220872260587264502e-01
-1.200545838925550501e-01 3.849537749563102795e-01
-1.100419839237516545e-01 8.767371479540975177e-01
-1.000314854191983877e-01 1.202136708969532952e+00
-9.002289682638489610e-02 1.413149677400286519e+00
-8.001602673873924043e-02 2.115326955135349074e+00
-7.001068388096250150e-02 2.984309086396434108e+00
-6.000667709439190534e-02 3.643193866205942211e+00
-5.000381532237931775e-02 4.381249393527656188e+00
-4.000190759568706539e-02 5.592333353336361057e+00
-3.000076301789707939e-02 5.867507855364369362e+00
-2.000019075083557876e-02 6.791064791668692813e+00
-9.999999999999974187e-03 9.666939992168765983e+00
0.000000000000000000e+00 9.450068808151405264e+00
9.999999999999974187e-03 1.030974925257704378e+01
2.000019075083557876e-02 9.925847941971159827e+00
3.000076301789707939e-02 5.456917485234859200e+00
4.000190759568635068e-02 5.459879364244769384e+00
5.000381532237860305e-02 3.378500163395957490e+00
6.000667709439118369e-02 3.655628852270174534e+00
7.001068388096322315e-02 2.159656519575158917e+00
8.001602673873996208e-02 2.117600806497534460e+00
9.002289682638561774e-02 1.703113993023834594e+00
1.000314854191983877e-01 1.204979904937014679e+00
1.100419839237516545e-01 5.949755773243212698e-01
1.200545838925550501e-01 6.103391684279783069e-01
1.300694770387391397e-01 4.022060737585175239e-01
1.400868552507662790e-01 1.711111246915690831e-01
1.501069106071708514e-01 8.473277513437837971e-02
1.601298353913264694e-01 1.544941512972286806e-05
1.701558221062540455e-01 4.035228437710532205e-05
1.801850634894582859e-01 1.397624933534556238e-05
1.902177525278067050e-01 1.619668443594282628e-05
2.002540824724450275e-01 8.901174683432987156e-05
2.102942468537628840e-01 8.475777251674005271e-06
2.203384394963986970e-01 6.544669675328840296e-05
2.303868545342923901e-01 1.533412876310764826e-05
2.404396864257955790e-01 5.761209128132804000e-05
2.504971299688272257e-01 2.397847920517185780e-05
2.605593803160889399e-01 2.042310753068668724e-05
2.706266329903371237e-01 1.912597452141202704e-06
2.806990838997167059e-01 3.375724787087121947e-06
2.907769293531572985e-01 1.957479451841348251e-05
3.008603660758359388e-01 8.538275355608575934e-06
3.109495912247092764e-01 2.244978980034398943e-06
3.210448024041101522e-01 1.475947880789490872e-05
3.311461976814320529e-01 3.596272016304054916e-05
3.412539756028758475e-01 3.496905139236322231e-06
3.513683352092828449e-01 9.113401686925040699e-06
3.614894760520483419e-01 1.458824413889760183e-05
3.716175982091194929e-01 1.935248139275370691e-05
3.817529023010813316e-01 8.915370204338161100e-06
3.918955895073323314e-01 1.118300170200475434e-05
4.020458615823530590e-01 1.356486365841821703e-05
4.122039208720709169e-01 9.692156828878918467e-06
4.223699703303238628e-01 1.229671582407062916e-05
4.325442135354264361e-01 9.547755985381915496e-06
4.427268547068339277e-01 9.389925621436900612e-06
4.529180987219279531e-01 1.423159104015932429e-05
4.631181511328986700e-01 5.839921981842850925e-06
4.733272181837471781e-01 2.484973977548656986e-06
4.835455068274036594e-01 1.373425250246287875e-05
4.937732247429644228e-01 7.792474570078265219e-06
5.040105803530536832e-01 7.959354160279994286e-07
5.142577828413065211e-01 2.007884874017567730e-06
5.245150421699888987e-01 4.266275574814909900e-07
5.347825690977430213e-01 2.275224956168620800e-07
5.450605751974710866e-01 4.724471440047486349e-06
5.553492728743597562e-01 6.623306851976690973e-06
5.656488753840412942e-01 1.829404209278583853e-05
5.759595968509094721e-01 1.335407139879965287e-06
5.862816522865772484e-01 5.830310039586397941e-06
5.966152576084875481e-01 7.721126185998195379e-06
6.069606296586862459e-01 5.011169850213964001e-06
6.173179862227488046e-01 3.221968502606807320e-06
6.276875460488731129e-01 2.005701869177293337e-06
6.380695288671385246e-01 1.390574096281605002e-05
6.484641554089369819e-01 6.864250054282606564e-06
6.588716474265774448e-01 1.044424230992918831e-06
6.692922277130698427e-01 5.553377811106976167e-06
6.797261201220904381e-01 4.640566875241602909e-06
6.901735495881360372e-01 3.116424932556555269e-05
7.006347421468600567e-01 1.056381367627465004e-05
7.111099249556188662e-01 4.535488112673354027e-06
7.215993263142009839e-01 1.272642895728566836e-05
7.321031756857663275e-01 4.111817587945449405e-06
7.426217037179922986e-01 5.065772333600505878e-06
7.531551422644284788e-01 5.080746789878145013e-06
7.637037244060699281e-01 6.186168914692827055e-06
7.742676844731486430e-01 6.113061852443630193e-06
7.848472580671498333e-01 3.248665645101508551e-06
7.954426820830577949e-01 4.994986938609600591e-06
8.060541947318363709e-01 7.193999697124322550e-07
8.166820355631446704e-01 5.450200929948461134e-06
8.273264454882999219e-01 6.139993853467704613e-06
8.379876668034880183e-01 2.568984976177292483e-06
8.486659432132259706e-01 1.820267078537357247e-06
8.593615198540814903e-01 3.952755946122592505e-06
8.700746433186589135e-01 3.891189248233241609e-06
8.808055616798529108e-01 3.946819090871404264e-06
8.915545245153719822e-01 4.287827347038226219e-07
9.023217829325496098e-01 9.361792243049894276e-06
9.131075895934324116e-01 2.215576585665277561e-06
9.239121987401619496e-01 6.218185607304621863e-06
9.347358662206525226e-01 6.448072127702693816e-06
9.455788495145712735e-01 1.781167038469275797e-06
9.564414077596213870e-01 4.553276901807752695e-06
9.673238017781488063e-01 9.015920915120316054e-07
9.782262941040561488e-01 6.683932963467940922e-07
9.891491490100537964e-01 4.216856469206289559e-06
1.000092632535235726e+00 2.882542825294880709e-06
1.011057012512998066e+00 2.570099805372921289e-06
1.022042558599299822e+00 2.580401873931165993e-06
1.033049542301277102e+00 1.709088311031120759e-06
1.044078237006217380e+00 2.645157246621810082e-06
1.055128918010895367e+00 1.908621763923573481e-06
1.066201862551284352e+00 1.563636212224692656e-06
1.077297349832648132e+00 1.742561606734576946e-06
1.088415661060011308e+00 2.077459251057700419e-06
1.099557079469040355e+00 3.109131030545095056e-06
1.110721890357309283e+00 3.527087459544728590e-06
1.121910381115985400e+00 2.048125027155767847e-07
1.133122841261928526e+00 3.176426073396078341e-06
1.144359562470215863e+00 1.264206563798194605e-08
1.155620838607101852e+00 8.733239737224460476e-07
1.166906965763418569e+00 1.572365744575296106e-06
1.178218242288425976e+00 7.204855333512660664e-06
1.189554968824123149e+00 2.156523355682046742e-06
1.200917448340022453e+00 3.289547496884869844e-06
1.212305986168408900e+00 3.284968445732669190e-06
1.223720890040074227e+00 1.560994498548648136e-06
1.235162470120555911e+00 3.077335359235739221e-06
1.246631039046874889e+00 4.992974879217788607e-08
1.258126911964788874e+00 5.655718704387960565e-07
1.269650406566570577e+00 1.172636093188003369e-06
1.281201843129320173e+00 1.072030189048584535e-06
1.292781544553817996e+00 1.981312191555841501e-06
1.304389836403941239e+00 6.767549685191254669e-07
1.316027046946637080e+00 5.713445905342120399e-07
1.327693507192476696e+00 5.306444232126239535e-07
1.339389550936796125e+00 2.236484165659083265e-06
1.351115514801436435e+00 5.515945356845237011e-06
1.362871738277095179e+00 1.784543219534370211e-06
1.374658563766295805e+00 1.137800962459133183e-06
1.386476336626997652e+00 4.926328102193696356e-07
1.398325405216850559e+00 1.674925897712279822e-06
1.410206120938107599e+00 4.532931676292360586e-07
1.422118838283209508e+00 1.611959358555183236e-06
1.434063914881057000e+00 1.726991638238424204e-06
1.446041711543979202e+00 6.561634087460412040e-09
1.458052592315416618e+00 1.216930460015953131e-06
1.470096924518328407e+00 1.332099217000441664e-06
1.482175078804341739e+00 6.645231034752102630e-06
1.494287429203654982e+00 1.422984522885191086e-07
1.506434353175713392e+00 1.103469843828718196e-07
1.518616231660660620e+00 2.671015929276785910e-07
1.530833449131608681e+00 1.547770722092207074e-06
1.543086393647707277e+00 2.441274482725006206e-08
1.555375456908052678e+00 4.305809851673021440e-07
1.567701034306447028e+00 2.666072006209854604e-07
1.580063524987019630e+00 4.100905114829240713e-07
1.592463331900736190e+00 8.560733542673045986e-07
1.604900861862805117e+00 4.357006395771108694e-07
1.617376525611005755e+00 8.702961028102844221e-07
1.629890737864948091e+00 3.769555014262229495e-07
1.642443917386300800e+00 1.153525340807795910e-06
1.655036487039980742e+00 4.800664684025566260e-07
1.667668873856345213e+00 4.840881336437986076e-07
1.680341509094400276e+00 6.311851462902638946e-07
1.693054828306040926e+00 1.315067256407704203e-06
1.705809271401351079e+00 4.537707102037566880e-07
1.718605282714980920e+00 2.716140204015122787e-06
1.731443311073621594e+00 3.841094325950959666e-06
1.744323809864610997e+00 1.714228903710289387e-06
1.757247237105675541e+00 1.668158524442843935e-07
1.770214055515848983e+00 1.502532812372082970e-06
1.783224732587580741e+00 2.837856260313200717e-06
1.796279740660062352e+00 2.037430744768976637e-06
1.809379556993800708e+00 7.065883471630347993e-07
1.822524663846453397e+00 5.590476216360140834e-07
1.835715548549968767e+00 3.168304485169717323e-07
1.848952703589041624e+00 1.438605564716434805e-06
1.862236626680921825e+00 3.572524424652363784e-06
1.875567820856598900e+00 2.351671688679883353e-07
1.888946794543396868e+00 1.046428131546227755e-06
1.902374061649005244e+00 2.566027340776915290e-07
1.915850141646975535e+00 9.681407322058629346e-07
1.929375559663716988e+00 1.684160376737532923e-07
1.942950846567024437e+00 3.704625399930900101e-07
1.956576539056166242e+00 5.097411014582388548e-06
1.970253179753570727e+00 8.673016756060720636e-07
1.983981317298132430e+00 1.571377636566911615e-06
1.997761506440205892e+00 8.213787470918261748e-07
2.011594308138276332e+00 6.275106796002954395e-07
2.025480289657382471e+00 5.929220380828554652e-07
2.039420024669305942e+00 1.814825425839422336e-06
2.053414093354583247e+00 9.745735978175284565e-07
2.067463082506361793e+00 2.649012918726239510e-07
2.081567585636154405e+00 3.560298276377429117e-07
2.095728203081529628e+00 2.972890069474298348e-07
2.109945542115771566e+00 1.047898790167882365e-06
2.124220217059573645e+00 5.321641706076733026e-09
2.138552849394784072e+00 2.546204650471726204e-07
2.152944067880272261e+00 2.813810476737805456e-07
2.167394508669943765e+00 8.400951951410710598e-07
2.181904815432972988e+00 2.088577381714099604e-07
2.196475639476278996e+00 5.946433060323722870e-07
2.211107639869315911e+00 1.500370623848166189e-06
2.225801483571211214e+00 1.518185212572371992e-06
2.240557845560325667e+00 1.629358634971859446e-06
2.255377408966268149e+00 1.600747056686911743e-06
2.270260865204440481e+00 1.372520190987616129e-07
2.285208914113143308e+00 5.343729589810346943e-07
2.300222264093344737e+00 2.705479129800926582e-07
2.315301632251118846e+00 3.256345527258769134e-06
2.330447744542859301e+00 2.948281157755812100e-07
2.345661335923311608e+00 7.304475330925974074e-07
2.360943150496495946e+00 5.402973884148542799e-07
2.376293941669568088e+00 7.801360331431088691e-09
2.391714472309731221e+00 1.458899065087334408e-06
2.407205514904206645e+00 6.297755492567776335e-07
2.422767851723407695e+00 3.076489337579335244e-07
2.438402274987316432e+00 6.682386088057032318e-07
2.454109587035200768e+00 4.168829912212200269e-08
2.469890600498723998e+00 2.582304068548585304e-06
2.485746138478509337e+00 7.039825496720522093e-07
2.501677034724291371e+00 1.603093858461588390e-06
2.517684133818678394e+00 8.251155519942190309e-07
2.533768291364664638e+00 7.822779176155076634e-08
2.549930374176959891e+00 7.273322254008258505e-08
2.566171260477213334e+00 1.745188727515751704e-06
2.582491840093254609e+00 3.071582085665845902e-07
2.598893014662444489e+00 1.471657985886414613e-07
2.615375697839199987e+00 5.502429710616371713e-07
2.631940815506855991e+00 3.582303822210909176e-06
2.648589305993903409e+00 1.308272129649230262e-06
2.665322120294779218e+00 3.224882953497442254e-07
2.682140222295247955e+00 6.198092346888866186e-07
2.699044589002565164e+00 1.198954823728399628e-06
2.716036210780464977e+00 3.275019169664227736e-07
2.733116091589157026e+00 1.754415028735341462e-06
2.750285249230413953e+00 4.645872124183410538e-07
2.767544715597911598e+00 5.666543784160489330e-07
2.784895536932901372e+00 2.795759535589338575e-07
2.802338774085429751e+00 1.894667749509811183e-06
2.819875502781155063e+00 4.069145524495511204e-07
2.837506813893987179e+00 7.348615115632107783e-06
2.855233813724622927e+00 4.682641502991685479e-08
2.873057624285204170e+00 1.108269759163555851e-06
2.890979383590180252e+00 1.635784108477370008e-06
2.909000245953595520e+00 7.236393345582330466e-07
2.927121382292947160e+00 1.197783218723194079e-06
2.945343980439754095e+00 2.492406283597262921e-07
2.963669245457068335e+00 4.518097797567551826e-07
2.982098399964077995e+00 1.003283428271186931e-06
3.000632684467967159e+00 2.439106960236409031e-07
3.019273357703287086e+00 2.721641327397393137e-07
3.038021696978962627e+00 6.638125264515808101e-08
3.056878998533198555e+00 1.043973570594189937e-07
3.075846577896470535e+00 3.587733030575443412e-07
3.094925770262794362e+00 1.340343814786877317e-06
3.114117930869559014e+00 3.439292932014588054e-07
3.133424435386071849e+00 8.310869045524190114e-07
3.152846680311138350e+00 9.067609054852103320e-08
3.172386083379844290e+00 3.542600465987466845e-08
3.192044083979846292e+00 4.129182248067299920e-07
3.211822143577407918e+00 7.971447576896438502e-07
3.231721746153457975e+00 2.355810129633404847e-07
3.251744398649921930e+00 2.172338247657263556e-07
3.271891631426665281e+00 4.101127989968504667e-08
3.292164998729279368e+00 6.743553840362263244e-07
3.312566079168071553e+00 8.261397017413983421e-07
3.333096476208521786e+00 7.179765575163806449e-07
3.353757818673582580e+00 1.571127968032546078e-06
3.374551761258096416e+00 1.514037617005375915e-06
3.395479985055740446e+00 1.698373738672392688e-06
3.416544198098793395e+00 2.390473243602298185e-07
3.437746135911136314e+00 1.299430335909807651e-07
3.459087562074850908e+00 1.736425510514752520e-07
3.480570268810810663e+00 5.257104344070973221e-07
3.502196077573649369e+00 6.124806885586054142e-07
3.523966839661581307e+00 6.099943985771090544e-07
3.545884436841424847e+00 2.751168350287602607e-08
3.567950781989368547e+00 2.437314799538095411e-08
3.590167819747851929e+00 5.004109209815145892e-07
3.612537527199123133e+00 9.593531436983577443e-07
3.635061914555887341e+00 1.520835201550852644e-06
3.657743025869628628e+00 1.739589427150528039e-07
3.680582939757102157e+00 2.714753093669115612e-07
3.703583770145510101e+00 5.465671508499249706e-07
3.726747667036997225e+00 4.986658735469977465e-07
3.750076817293014120e+00 9.916082985231086920e-07
3.773573445439117879e+00 4.049244778019382795e-07
3.797239814490932730e+00 3.525924024475052283e-07
3.821078226801799538e+00 9.905184259446549858e-09
3.845091024932894896e+00 5.921133784376591157e-07
3.869280592546462394e+00 8.059537427652634659e-07
3.893649355322847061e+00 1.818130779456028307e-06
3.918199781902168777e+00 1.361274392164556330e-07
3.942934384851307872e+00 4.531333781748156425e-08
3.967855721657088441e+00 1.476753828496813836e-06
3.992966395746416985e+00 6.417765104806425588e-07
4.018269057534300082e+00 2.502558416253130405e-08
4.043766405500584860e+00 5.786244439178472303e-07
4.069461187296391280e+00 2.991249832115003861e-07
4.095356200881122177e+00 5.326849457656996996e-07
4.121454295691163061e+00 7.964767892371921956e-07
4.147758373841154089e+00 3.334890208730396603e-07
4.174271391359062555e+00 6.979698932094196630e-07
4.200996359456013352e+00 6.348170520533864379e-07
4.227936345832168819e+00 5.529071062585338080e-07
4.255094476019727345e+00 1.949406995995862131e-07
4.282473934764413848e+00 2.569877298575485380e-07
4.310077967446587444e+00 1.635899022218033404e-06
4.337909881543510870e+00 3.158996747076872379e-07
4.365973048133954926e+00 1.761995076396442502e-08
4.394270903446770404e+00 1.981281776678538984e-06
4.422806950454781116e+00 1.210580916219736988e-06
4.451584760515686412e+00 1.450065186978593490e-06
4.480607975061463577e+00 4.743336481886218870e-07
4.509880307338105077e+00 1.675514325545009615e-05
4.539405544197283149e+00 8.181843949151896545e-07
4.569187547941903738e+00 5.562825015293784086e-08
4.599230258227382961e+00 6.769510003590990469e-07
4.629537694020593008e+00 1.614524274626131122e-06
4.660113955618596648e+00 1.026573174772174650e-08
4.690963226729293112e+00 3.895193563658942546e-07
4.722089776616123835e+00 1.460436004360051448e-06
4.753497962309302771e+00 2.590786800089826374e-06
4.785192230885826348e+00 2.520065977860878499e-07
4.817177121820895636e+00 5.546917635932668943e-07
4.849457269413340654e+00 5.888889195971759334e-07
4.882037405287709575e+00 2.169052373146156266e-07
4.914922360976011539e+00 1.290050399033939663e-06
4.948117070581908195e+00 9.638074966853126211e-07
4.981626573530626878e+00 1.313339933232393761e-06
5.015456017407652567e+00 2.784133551739928596e-07
5.049610660889745972e+00 1.575246425233973293e-07
5.084095876771596245e+00 3.254781521799654097e-06
5.118917155092026050e+00 3.794207442017412163e-08
5.154080106363324809e+00 1.149785084266255896e-07
5.189590464907923639e+00 2.703975797946446396e-07
5.225454092306433651e+00 1.163430115160842692e-07
5.261676980961550676e+00 2.649597735055290974e-07
5.298265257782244220e+00 5.008627261407743762e-07
5.335225187993163587e+00 3.197082291861679190e-07
5.372563179074077766e+00 1.181988869818646794e-07
5.410285784834729661e+00 1.218925503334510003e-06
5.448399709630405319e+00 3.619896293313714172e-09
5.486911812724086346e+00 3.154031746817671094e-08
5.525829112800970222e+00 2.655289016127253233e-07
5.565158792641854646e+00 8.105419610357701720e-08
5.604908203961667112e+00 9.140218028090889948e-08
5.645084872420248701e+00 8.501307202450908570e-06
5.685696502812371378e+00 4.774654362890289904e-07
5.726750984444712422e+00 3.266065997109926620e-07
5.768256396707492684e+00 1.678207209296985399e-08
5.810221014849253685e+00 1.785571873866520037e-08
5.852653315963272540e+00 1.918740097871723556e-07
5.895561985194872179e+00 1.655589859241192667e-06
5.938955922179146363e+00 1.177986619988789251e-07
5.982844247719065756e+00 2.353520692703724385e-06
6.027236310714632950e+00 9.817844964124844497e-08
6.072141695354100754e+00 1.633327627085409769e-07
6.117570228578833813e+00 1.915011350441397095e-07
6.163531987834188541e+00 4.820727753256887567e-07
6.210037309119105231e+00 3.188114527028940458e-07
6.257096795348075169e+00 8.496497838274437702e-07
6.304721325039668756e+00 7.195990236264637822e-07
6.352922061346506943e+00 2.715924186791441302e-07
6.401710461442654321e+00 1.519552713352412841e-07
6.451098286284771888e+00 5.808275361618059005e-07
6.501097610764786872e+00 8.738148726573125542e-09
6.551720834272277472e+00 4.208357431787860572e-06
6.602980691686179959e+00 1.861774099529081628e-07
6.654890264816202716e+00 5.986969324412115964e-07
6.707462994315653404e+00 2.957230236918407994e-08
6.760712692088343800e+00 1.021487225514323503e-06
6.814653554213885300e+00 3.567209560803744346e-07
6.869300174416541616e+00 6.414172624842896612e-07
6.924667558104775189e+00 3.571027041524262289e-07
6.980771137009639027e+00 5.326034630424926321e-07
7.037626784452278628e+00 2.084500680315026630e-07
7.095250831272059244e+00 6.890130513174365059e-07
7.153660082449184721e+00 2.761289062548770052e-07
7.212871834457117437e+00 1.027828259716010976e-06
7.272903893382699714e+00 9.261112920690704025e-08
7.333774593853726209e+00 6.174407034211982613e-08
7.395502818816384050e+00 2.942882108983308394e-07
7.458108020207268929e+00 4.573658381529407077e-08
7.521610240567749628e+00 4.419442593846943495e-07
7.586030135650939421e+00 1.330904822034125642e-07
7.651388998075133507e+00 1.598877971298667079e-07
7.717708782080382690e+00 4.182701263244510269e-08
7.785012129448951157e+00 1.809015072299019994e-07
7.853322396653874549e+00 3.021573895829316265e-07
7.922663683303971638e+00 3.608052942958257687e-07
7.993060861958362295e+00 8.971405510195621056e-08
8.064539609387720631e+00 2.114309976930248856e-08
8.137126439365120589e+00 2.146171975962121403e-07
8.210848737074378789e+00 1.651646294326795051e-07
8.285734795229668492e+00 1.461227347709969120e-06
8.361813852006719117e+00 3.363212559790649851e-08
8.439116130892415413e+00 3.056151585800855555e-08
8.517672882566811765e+00 1.983281679432862885e-08
8.597516428939853128e+00 6.443564610973211815e-07
8.678680209472870999e+00 3.634278626918110289e-07
8.761198829924738973e+00 3.200709880146518343e-08
8.845108113671690475e+00 4.778353149421331390e-07
8.930445155761116638e+00 5.180066145677039445e-08
9.017248379870389741e+00 5.988091094617304151e-08
9.105557598354891979e+00 1.061410760395047779e-07
9.195414075582201363e+00 6.611078170642561221e-08
9.286860594764410948e+00 1.571584045671620845e-07
9.379941528515811200e+00 2.530271115577425411e-07
9.474702913380864899e+00 2.598469792967531100e-07
9.571192528595130256e+00 4.127031137589207678e-07
9.669459979362780899e+00 2.034152027106875528e-07
9.769556784955327089e+00 8.928799343670726440e-08
9.871536471960840942e+00 3.754255418734702142e-07
9.975454673037942754e+00 2.276302407082158455e-07
1.008136923155793063e+01 3.526385139235015653e-07
1.018934031254830330e+01 1.571752293919552290e-06
1.029943052038522566e+01 3.686641624654373819e-07
1.041170502371859463e+01 7.651561332250450657e-09
1.052623168815380517e+01 2.148252947278281484e-07
1.064308121725768252e+01 9.541935349049933519e-08
1.076232730250476877e+01 8.387589939563699994e-08
1.088404678283179194e+01 2.286476769153168653e-07
1.100831981452695096e+01 2.869142377673427478e-07
1.113523005224294415e+01 6.233522191137786098e-08
1.126486484199331350e+01 3.305164357888189762e-07
1.139731542706779699e+01 2.233840933067457327e-07
1.153267716788676189e+01 1.444717815608161448e-07
1.167104977690866718e+01 8.495041906698561629e-08
1.181253756980620828e+01 3.113405345498336356e-08
1.195724973424156268e+01 1.645343801586888495e-06
1.210530061769597765e+01 6.274393776083172008e-08
1.225681003594877438e+01 2.145503411683429725e-07
1.241190360395464154e+01 1.741412052097593713e-07
1.257071309104042101e+01 1.554073468892415728e-07
1.273337680253192516e+01 1.824049262879720585e-07
1.290003999013476133e+01 5.221125297513424409e-08
1.307085529362815102e+01 5.059674269595069621e-07
1.324598321669588152e+01 3.330091720733098045e-07
1.342559264001181063e+01 5.473507566232153209e-08
1.360986137502873916e+01 1.278448800114995368e-07
1.379897676228727654e+01 2.841231614244247817e-08
1.399313631847826045e+01 2.032816008177317863e-07
1.419254843695589230e+01 9.984331075022388376e-07
1.439743314692606369e+01 1.593201432403927307e-07
1.460802293712368716e+01 1.833030419631197922e-08
1.482456365046278535e+01 4.695295162941836888e-08
1.504731545689699779e+01 1.017127430371976899e-07
1.527655391258613626e+01 1.451839649062073175e-07
1.551257111443440273e+01 1.120344234815690444e-06
1.575567696017295916e+01 5.217358450603103615e-07
1.600620052541652782e+01 9.842985235184272384e-09
1.626449157056262607e+01 4.023247803637363231e-07
1.653092219204418001e+01 4.321523781842759472e-07
1.680588863433074565e+01 3.036747034194530241e-07
1.708981328123576660e+01 7.048574346723705010e-07
1.738314684757837725e+01 7.978069046031556057e-08
1.768637079511793431e+01 8.148604189661577682e-09
1.800000000000201084e+01 5.819373527674585012e-07
