-1.800000000000201084e+01 5.385044404909261320e-07
-1.768637079511795918e+01 1.441017732604603224e-06
-1.738314684757837725e+01 1.964240616428706380e-06
-1.708981328123576660e+01 2.585464597627261214e-06
-1.680588863433072433e+01 3.405719372520443120e-06
-1.653092219204418001e+01 4.402644969042899639e-06
-1.626449157056260830e+01 5.655889397311390382e-06
-1.600620052541652782e+01 7.097377616147679477e-06
-1.575567696017295916e+01 8.940265037319135644e-06
-1.551257111443442049e+01 1.107772607456189982e-05
-1.527655391258613626e+01 1.364065254496849950e-05
-1.504731545689701200e+01 1.657883620634885373e-05
-1.482456365046278535e+01 2.002034784383370785e-05
-1.460802293712368716e+01 2.400508966438384963e-05
-1.439743314692604947e+01 2.856282914451196555e-05
-1.419254843695589230e+01 3.373172624052326435e-05
-1.399313631847824624e+01 3.970510877460993172e-05
-1.379897676228727654e+01 4.628123296973059688e-05
-1.360986137502872673e+01 5.369688029878310937e-05
-1.342559264001182306e+01 6.200186832913819838e-05
-1.324598321669588152e+01 7.120848410948677799e-05
-1.307085529362816168e+01 8.130897098539694627e-05
-1.290003999013476133e+01 9.244726111169369973e-05
-1.273337680253193582e+01 1.046999512242792571e-04
-1.257071309104041035e+01 1.181219242957723691e-04
-1.241190360395464154e+01 1.327024266787893100e-04
-1.225681003594876195e+01 1.482896189552375301e-04
-1.210530061769597765e+01 1.653975356502602198e-04
-1.195724973424155202e+01 1.836906497335551234e-04
-1.181253756980619762e+01 2.033951836424904424e-04
-1.167104977690866718e+01 2.243798824084715425e-04
-1.153267716788677255e+01 2.469114720760310386e-04
-1.139731542706779699e+01 2.707530392183297974e-04
-1.126486484199332239e+01 2.962204147863170892e-04
-1.113523005224293527e+01 3.231163641313004441e-04
-1.100831981452695096e+01 3.518673630904416757e-04
-1.088404678283180083e+01 3.820510516687186794e-04
-1.076232730250476877e+01 4.138608915600477381e-04
-1.064308121725769141e+01 4.474607008214567501e-04
-1.052623168815380517e+01 4.824317082991485162e-04
-1.041170502371859463e+01 5.192848561171909847e-04
-1.029943052038521678e+01 5.577217272428191966e-04
-1.018934031254830330e+01 5.983400537353242895e-04
-1.008136923155793951e+01 6.401187459388889582e-04
-9.975454673037956965e+00 6.840335428813133778e-04
-9.871536471960840942e+00 7.299428795075051535e-04
-9.769556784955334194e+00 7.773789433904694859e-04
-9.669459979362780899e+00 8.265039662814429059e-04
-9.571192528595137361e+00 8.776737774712733801e-04
-9.474702913380864899e+00 9.301419635497126717e-04
-9.379941528515811200e+00 9.853222241212565569e-04
-9.286860594764403842e+00 1.041884942816475581e-03
-9.195414075582201363e+00 1.100242316385263448e-03
-9.105557598354884874e+00 1.160898602440601146e-03
-9.017248379870389741e+00 1.223065835486716229e-03
-8.930445155761116638e+00 1.286898578832933052e-03
-8.845108113671695804e+00 1.353103415263380137e-03
-8.761198829924738973e+00 1.421375558670396298e-03
-8.678680209472876328e+00 1.491599584469868690e-03
-8.597516428939853128e+00 1.562727883906177935e-03
-8.517672882566811765e+00 1.636011722396148909e-03
-8.439116130892410084e+00 1.711621920600533715e-03
-8.361813852006719117e+00 1.789019511715618646e-03
-8.285734795229661387e+00 1.868055348093274667e-03
-8.210848737074378789e+00 1.949125624068727587e-03
-8.137126439365120589e+00 2.032423487167253802e-03
-8.064539609387715302e+00 2.116804788910244331e-03
-7.993060861958362295e+00 2.203749329358211349e-03
-7.922663683303976967e+00 2.292538464271164263e-03
-7.853322396653874549e+00 2.383113512863876439e-03
-7.785012129448951157e+00 2.475285275027883092e-03
-7.717708782080378249e+00 2.569438497470972679e-03
-7.651388998075133507e+00 2.665186707232605756e-03
-7.586030135650944750e+00 2.763350825922818339e-03
-7.521610240567749628e+00 2.863729839178907974e-03
-7.458108020207273370e+00 2.965757244007496355e-03
-7.395502818816379609e+00 3.069321425920919916e-03
-7.333774593853726209e+00 3.175344559326026550e-03
-7.272903893382695273e+00 3.282570885973326233e-03
-7.212871834457117437e+00 3.391989655109157661e-03
-7.153660082449187385e+00 3.503064790862061781e-03
-7.095250831272068126e+00 3.615402372746558211e-03
-7.037626784452278628e+00 3.730499316329628258e-03
-6.980771137009643468e+00 3.847255367293737904e-03
-6.924667558104775189e+00 3.965190815030937219e-03
-6.869300174416541616e+00 4.085479013030034884e-03
-6.814653554213885300e+00 4.208257296592573388e-03
-6.760712692088343800e+00 4.332240995264502979e-03
-6.707462994315648963e+00 4.458386983706704582e-03
-6.654890264816202716e+00 4.586331214361331551e-03
-6.602980691686176407e+00 4.715661409603936170e-03
-6.551720834272277472e+00 4.846566306499609615e-03
-6.501097610764786872e+00 4.979555809772166948e-03
-6.451098286284775440e+00 5.114366168961739095e-03
-6.401710461442654321e+00 5.251822212805869888e-03
-6.352922061346510496e+00 5.391747274128701195e-03
-6.304721325039668756e+00 5.532864514249751474e-03
-6.257096795348075169e+00 5.674874201894292841e-03
-6.210037309119101678e+00 5.819418936562409037e-03
-6.163531987834188541e+00 5.966088825624502393e-03
-6.117570228578837366e+00 6.114607477599657073e-03
-6.072141695354100754e+00 6.264391859654416458e-03
-6.027236310714632950e+00 6.416384402795979533e-03
-5.982844247719062203e+00 6.570571622238683199e-03
-5.938955922179146363e+00 6.725709498312580290e-03
-5.895561985194874843e+00 6.882921728890459452e-03
-5.852653315963272540e+00 7.042483202981842695e-03
-5.810221014849253685e+00 7.204329158568599858e-03
-5.768256396707496236e+00 7.367658885421414158e-03
-5.726750984444712422e+00 7.532763110747203554e-03
-5.685696502812374042e+00 7.699703945447880157e-03
-5.645084872420248701e+00 7.868248882951591611e-03
-5.604908203961667112e+00 8.038641552775704566e-03
-5.565158792641851981e+00 8.211141527026958459e-03
-5.525829112800970222e+00 8.385856129695230810e-03
-5.486911812724083681e+00 8.562552712756837242e-03
-5.448399709630409760e+00 8.741129232266851845e-03
-5.410285784834729661e+00 8.921817896006056098e-03
-5.372563179074079542e+00 9.104697810434225075e-03
-5.335225187993163587e+00 9.289148344078925618e-03
-5.298265257782246884e+00 9.475085370867329312e-03
-5.261676980961550676e+00 9.662573044187224014e-03
-5.225454092306433651e+00 9.852245606623399876e-03
-5.189590464907923639e+00 1.004523282835657547e-02
-5.154080106363324809e+00 1.023993183879400373e-02
-5.118917155092023386e+00 1.043496040211980627e-02
-5.084095876771596245e+00 1.063277226792360905e-02
-5.049610660889740643e+00 1.083396082868753885e-02
-5.015456017407655231e+00 1.103714844163492317e-02
-4.981626573530626878e+00 1.124131515712437253e-02
-4.948117070581910859e+00 1.144693574177077164e-02
-4.914922360976011539e+00 1.165465714323250801e-02
-4.882037405287712239e+00 1.186469608213383369e-02
-4.849457269413337102e+00 1.207721248261791475e-02
-4.817177121820895636e+00 1.229139075317529917e-02
-4.785192230885824571e+00 1.250735814421920222e-02
-4.753497962309302771e+00 1.272622002450217622e-02
-4.722089776616123835e+00 1.294756812444399982e-02
-4.690963226729293112e+00 1.317012664426036629e-02
-4.660113955618596648e+00 1.339385058579826288e-02
-4.629537694020590344e+00 1.361963633002883853e-02
-4.599230258227382961e+00 1.384826548647451541e-02
-4.569187547941903738e+00 1.408028155699718453e-02
-4.539405544197283149e+00 1.431492870458375352e-02
-4.509880307338105077e+00 1.455076344595831843e-02
-4.480607975061465353e+00 1.478791753149405822e-02
-4.451584760515686412e+00 1.502735213199878593e-02
-4.422806950454783781e+00 1.526925814571668261e-02
-4.394270903446768628e+00 1.551382823168035059e-02
-4.365973048133954926e+00 1.576081992538353252e-02
-4.337909881543509094e+00 1.600981513437077855e-02
-4.310077967446587444e+00 1.626059272156725466e-02
-4.282473934764412071e+00 1.651286720893642423e-02
-4.255094476019731786e+00 1.676731039278794161e-02
-4.227936345832168819e+00 1.702493622234267645e-02
-4.200996359456015128e+00 1.728539593545916353e-02
-4.174271391359062555e+00 1.754812551331244586e-02
-4.147758373841154089e+00 1.781367651702022228e-02
-4.121454295691163061e+00 1.808177821486119108e-02
-4.095356200881122177e+00 1.835129055341539264e-02
-4.069461187296388616e+00 1.862215226025395326e-02
-4.043766405500584860e+00 1.889592632036389205e-02
-4.018269057534298305e+00 1.917324812083270533e-02
-3.992966395746416985e+00 1.945313000726608260e-02
-3.967855721657088441e+00 1.973456815927908392e-02
-3.942934384851309204e+00 2.001784579663713412e-02
-3.918199781902168777e+00 2.030391414337238964e-02
-3.893649355322847061e+00 2.059299071108158449e-02
-3.869280592546462394e+00 2.088493667310173038e-02
-3.845091024932894896e+00 2.117962632107223825e-02
-3.821078226801797317e+00 2.147642939332126966e-02
-3.797239814490932730e+00 2.177471510268292471e-02
-3.773573445439120100e+00 2.207543842225700298e-02
-3.750076817293014120e+00 2.237965779453643389e-02
-3.726747667036997225e+00 2.268689611656222668e-02
-3.703583770145510101e+00 2.299618366058043401e-02
-3.680582939757102157e+00 2.330748969186548225e-02
-3.657743025869630404e+00 2.362164244487124226e-02
-3.635061914555887341e+00 2.393903311338693718e-02
-3.612537527199123133e+00 2.425946980838556560e-02
-3.590167819747855482e+00 2.458276533814451187e-02
-3.567950781989368547e+00 2.490882526208251443e-02
-3.545884436841426179e+00 2.523752657148692000e-02
-3.523966839661581307e+00 2.556885130133769446e-02
-3.502196077573649369e+00 2.590283385285836390e-02
-3.480570268810808887e+00 2.623973497233217378e-02
-3.459087562074850908e+00 2.657970289490490037e-02
-3.437746135911134981e+00 2.692234514773421059e-02
-3.416544198098792506e+00 2.726725947591744637e-02
-3.395479985055740890e+00 2.761498214999825312e-02
-3.374551761258098193e+00 2.796661609131023685e-02
-3.353757818673582580e+00 2.832231119677147690e-02
-3.333096476208523118e+00 2.868106936180311525e-02
-3.312566079168071553e+00 2.904197078131855181e-02
-3.292164998729279812e+00 2.940524308710201068e-02
-3.271891631426664837e+00 2.977139102031977486e-02
-3.251744398649922374e+00 3.014038204246609343e-02
-3.231721746153456643e+00 3.051219502749537640e-02
-3.211822143577407918e+00 3.088750214259698701e-02
-3.192044083979844071e+00 3.126684000455945411e-02
-3.172386083379843402e+00 3.164992339933935667e-02
-3.152846680311138350e+00 3.203622462355493195e-02
-3.133424435386072737e+00 3.242564998617940286e-02
-3.114117930869558570e+00 3.281829518701247922e-02
-3.094925770262795250e+00 3.321427421282666104e-02
-3.075846577896469647e+00 3.361361914343367202e-02
-3.056878998533198555e+00 3.401605120929142301e-02
-3.038021696978961295e+00 3.442131254672241292e-02
-3.019273357703287086e+00 3.482972840937012537e-02
-3.000632684467968048e+00 3.524203107954443359e-02
-2.982098399964077995e+00 3.565840852674755784e-02
-2.963669245457069223e+00 3.607857382106850752e-02
-2.945343980439752762e+00 3.650199529069414472e-02
-2.927121382292947160e+00 3.692885671352290344e-02
-2.909000245953597297e+00 3.735941786426712208e-02
-2.890979383590179363e+00 3.779373453386697390e-02
-2.873057624285205058e+00 3.823149585351739987e-02
-2.855233813724623815e+00 3.867269418891440547e-02
-2.837506813893987179e+00 3.911750238516307349e-02
-2.819875502781155951e+00 3.956624196439874341e-02
-2.802338774085429751e+00 4.001934997254907173e-02
-2.784895536932901372e+00 4.047709355795842123e-02
-2.767544715597910265e+00 4.093924183644140347e-02
-2.750285249230413953e+00 4.140518813671469761e-02
-2.733116091589155250e+00 4.187488866717985203e-02
-2.716036210780464089e+00 4.234850119762913895e-02
-2.699044589002566052e+00 4.282599663246743071e-02
-2.682140222295249732e+00 4.330725504467359405e-02
-2.665322120294779662e+00 4.379213943696920464e-02
-2.648589305993904297e+00 4.428111318795829171e-02
-2.631940815506855547e+00 4.477467277213566937e-02
-2.615375697839200431e+00 4.527324977099461689e-02
-2.598893014662444045e+00 4.577690838340120472e-02
-2.582491840093254609e+00 4.628528745395750488e-02
-2.566171260477212002e+00 4.679796905232642967e-02
-2.549930374176959447e+00 4.731474804697610032e-02
-2.533768291364664638e+00 4.783583129170710518e-02
-2.517684133818677505e+00 4.836173212909025687e-02
-2.501677034724291371e+00 4.889282398680024067e-02
-2.485746138478510670e+00 4.942909179404403330e-02
-2.469890600498723998e+00 4.997028100239100934e-02
-2.454109587035200768e+00 5.051615867026763157e-02
-2.438402274987315543e+00 5.106629781995204731e-02
-2.422767851723407695e+00 5.162091009357712423e-02
-2.407205514904207533e+00 5.218040115678653640e-02
-2.391714472309731221e+00 5.274512268418228567e-02
-2.376293941669569421e+00 5.331520336773536151e-02
-2.360943150496495058e+00 5.389048668599570602e-02
-2.345661335923311608e+00 5.447104702630557738e-02
-2.330447744542858413e+00 5.505705349941778654e-02
-2.315301632251118846e+00 5.564851241690390443e-02
-2.300222264093345625e+00 5.624547582004073981e-02
-2.285208914113144640e+00 5.684819308596469889e-02
-2.270260865204440481e+00 5.745708634471013293e-02
-2.255377408966269037e+00 5.807213038843003078e-02
-2.240557845560325223e+00 5.869281553961688824e-02
-2.225801483571210770e+00 5.931872342267695275e-02
-2.211107639869315467e+00 5.994969778601054455e-02
-2.196475639476279440e+00 6.058630238628991138e-02
-2.181904815432973432e+00 6.122900192574460415e-02
-2.167394508669943320e+00 6.187807305743129455e-02
-2.152944067880271817e+00 6.253353750868842487e-02
-2.138552849394784516e+00 6.319529016947357525e-02
-2.124220217059574090e+00 6.386369913050818359e-02
-2.109945542115772454e+00 6.453900029937711946e-02
-2.095728203081529628e+00 6.522100059969684893e-02
-2.081567585636154849e+00 6.590935278898500671e-02
-2.067463082506362237e+00 6.660407238640950189e-02
-2.053414093354584136e+00 6.730523595320961339e-02
-2.039420024669305942e+00 6.801328965482780764e-02
-2.025480289657382471e+00 6.872859277164487801e-02
-2.011594308138276332e+00 6.945129539922671735e-02
-1.997761506440205226e+00 7.018155582512559942e-02
-1.983981317298131319e+00 7.091945554456702272e-02
-1.970253179753569617e+00 7.166510487919514061e-02
-1.956576539056167352e+00 7.241843012708103211e-02
-1.942950846567025547e+00 7.317926079474362799e-02
-1.929375559663717654e+00 7.394742898779535500e-02
-1.915850141646975535e+00 7.472274880424611965e-02
-1.902374061649005244e+00 7.550540801374908129e-02
-1.888946794543396868e+00 7.629594949208981514e-02
-1.875567820856598900e+00 7.709479980771416496e-02
-1.862236626680921825e+00 7.790230990176635895e-02
-1.848952703589041180e+00 7.871836119034486545e-02
-1.835715548549967879e+00 7.954273923425947412e-02
-1.822524663846452730e+00 8.037547201405595421e-02
-1.809379556993800708e+00 8.121687994932777488e-02
-1.796279740660062796e+00 8.206720062342320876e-02
-1.783224732587581407e+00 8.292662971887568291e-02
-1.770214055515849871e+00 8.379521482813935551e-02
-1.757247237105675541e+00 8.467277269275036433e-02
-1.744323809864610553e+00 8.555972030018836605e-02
-1.731443311073621372e+00 8.645655026517190533e-02
-1.718605282714980698e+00 8.736349456879163866e-02
-1.705809271401351745e+00 8.828047742952815913e-02
-1.693054828306041149e+00 8.920739914873432319e-02
-1.680341509094399610e+00 9.014422358232990207e-02
-1.667668873856344547e+00 9.109110864372726990e-02
-1.655036487039980519e+00 9.204823844005834144e-02
-1.642443917386301022e+00 9.301580678619247866e-02
-1.629890737864948980e+00 9.399392769978173745e-02
-1.617376525611005755e+00 9.498250783531464458e-02
-1.604900861862805783e+00 9.598158404804069121e-02
-1.592463331900736856e+00 9.699152211468456408e-02
-1.580063524987020074e+00 9.801285383699152864e-02
-1.567701034306447028e+00 9.904596634676254840e-02
-1.555375456908052678e+00 1.000911436841775415e-01
-1.543086393647707277e+00 1.011484778166840404e-01
-1.530833449131608237e+00 1.022179790855899106e-01
-1.518616231660659732e+00 1.032995511158155411e-01
-1.506434353175712282e+00 1.043930429036710877e-01
-1.494287429203655870e+00 1.054982442763183620e-01
-1.482175078804342627e+00 1.066151524788538085e-01
-1.470096924518329295e+00 1.077440902193800287e-01
-1.458052592315416618e+00 1.088855981005829032e-01
-1.446041711543979202e+00 1.100402346156180156e-01
-1.434063914881057000e+00 1.112084410113089589e-01
-1.422118838283209508e+00 1.123903473868915898e-01
-1.410206120938107599e+00 1.135860028509066977e-01
-1.398325405216850115e+00 1.147954434930682222e-01
-1.386476336626996986e+00 1.160187873736380493e-01
-1.374658563766294916e+00 1.172562161496262662e-01
-1.362871738277095179e+00 1.185080105546169327e-01
-1.351115514801437101e+00 1.197743912390230175e-01
-1.339389550936797013e+00 1.210555559455598895e-01
-1.327693507192477362e+00 1.223514871645869917e-01
-1.316027046946637080e+00 1.236621310085665032e-01
-1.304389836403941239e+00 1.249874947714383344e-01
-1.292781544553817996e+00 1.263274702634168967e-01
-1.281201843129320173e+00 1.276821120518654151e-01
-1.269650406566570577e+00 1.290516426565710972e-01
-1.258126911964788874e+00 1.304362371066553339e-01
-1.246631039046874889e+00 1.318364684903552964e-01
-1.235162470120555911e+00 1.332527910591053688e-01
-1.223720890040073339e+00 1.346854120266933741e-01
-1.212305986168408234e+00 1.361345612589168474e-01
-1.200917448340022453e+00 1.376000161644513331e-01
-1.189554968824123149e+00 1.390816863156874583e-01
-1.178218242288426865e+00 1.405795220682281577e-01
-1.166906965763418569e+00 1.420932939316709998e-01
-1.155620838607101852e+00 1.436227707924991326e-01
-1.144359562470215863e+00 1.451677499533721161e-01
-1.133122841261928526e+00 1.467280100835359202e-01
-1.121910381115985400e+00 1.483032807696456068e-01
-1.110721890357309283e+00 1.498935251402788160e-01
-1.099557079469039467e+00 1.514989578655881741e-01
-1.088415661060010642e+00 1.531199912792338691e-01
-1.077297349832647466e+00 1.547568288893925725e-01
-1.066201862551285018e+00 1.564094978753669818e-01
-1.055128918010896033e+00 1.580780430485667076e-01
-1.044078237006218046e+00 1.597624712308919892e-01
-1.033049542301277102e+00 1.614625832941400108e-01
-1.022042558599299822e+00 1.631778113570818700e-01
-1.011057012512998066e+00 1.649074991265788714e-01
-1.000092632535235726e+00 1.666507622269024214e-01
-9.891491490100537964e-01 1.684066168993490487e-01
-9.782262941040561488e-01 1.701741929254994845e-01
-9.673238017781481402e-01 1.719530258883308349e-01
-9.564414077596213870e-01 1.737429225395449306e-01
-9.455788495145712735e-01 1.755435549673612927e-01
-9.347358662206534108e-01 1.773544445522909907e-01
-9.239121987401626157e-01 1.791750759235920532e-01
-9.131075895934324116e-01 1.810044602287654014e-01
-9.023217829325496098e-01 1.828413976520102402e-01
-8.915545245153719822e-01 1.846846759565966278e-01
-8.808055616798529108e-01 1.865330945092308901e-01
-8.700746433186589135e-01 1.883854259777120455e-01
-8.593615198540814903e-01 1.902405778269367909e-01
-8.486659432132259706e-01 1.920972845949995289e-01
-8.379876668034880183e-01 1.939540553594771288e-01
-8.273264454882990337e-01 1.958093005233160211e-01
-8.166820355631438932e-01 1.976612033933098922e-01
-8.060541947318363709e-01 1.995076156234044940e-01
-7.954426820830584610e-01 2.013461496035305887e-01
-7.848472580671504994e-01 2.031743651747889845e-01
-7.742676844731486430e-01 2.049900140956213423e-01
-7.637037244060699281e-01 2.067907456810797184e-01
-7.531551422644284788e-01 2.085741697809033457e-01
-7.426217037179922986e-01 2.103380112727266937e-01
-7.321031756857663275e-01 2.120794737403604580e-01
-7.215993263142009839e-01 2.137952856187773920e-01
-7.111099249556180890e-01 2.154818045301537255e-01
-7.006347421468592795e-01 2.171350575471172883e-01
-6.901735495881351490e-01 2.187507691651278119e-01
-6.797261201220911042e-01 2.203249664165544131e-01
-6.692922277130706199e-01 2.218535125109916684e-01
-6.588716474265783329e-01 2.233323608167600005e-01
-6.484641554089376481e-01 2.247573626315316209e-01
-6.380695288671385246e-01 2.261240259882280612e-01
-6.276875460488731129e-01 2.274275844399794855e-01
-6.173179862227488046e-01 2.286628974189269248e-01
-6.069606296586862459e-01 2.298244447929724821e-01
-5.966152576084875481e-01 2.309065401117206262e-01
-5.862816522865772484e-01 2.319034119902346758e-01
-5.759595968509094721e-01 2.328091827401616576e-01
-5.656488753840412942e-01 2.336178657846367246e-01
-5.553492728743597562e-01 2.343233181395031617e-01
-5.450605751974718638e-01 2.349192621269218240e-01
-5.347825690977430213e-01 2.353994498229018406e-01
-5.245150421699888987e-01 2.357575233411179916e-01
-5.142577828413065211e-01 2.359873301688033831e-01
-5.040105803530536832e-01 2.360827646463523055e-01
-4.937732247429644228e-01 2.360377192683623671e-01
-4.835455068274036594e-01 2.358461988598491155e-01
-4.733272181837471781e-01 2.355024565051842544e-01
-4.631181511328986700e-01 2.350010988605448214e-01
-4.529180987219272314e-01 2.343371404649311485e-01
-4.427268547068332061e-01 2.335062150901138500e-01
-4.325442135354257145e-01 2.325043603639513068e-01
-4.223699703303245845e-01 2.313280773010500391e-01
-4.122039208720716941e-01 2.299745744248312407e-01
-4.020458615823537807e-01 2.284417820259997400e-01
-3.918955895073323314e-01 2.267285633971595771e-01
-3.817529023010813316e-01 2.248347682240506851e-01
-3.716175982091194929e-01 2.227615367912592625e-01
-3.614894760520483419e-01 2.205113608409064729e-01
-3.513683352092828449e-01 2.180882028630190261e-01
-3.412539756028758475e-01 2.154976457495459963e-01
-3.311461976814312758e-01 2.127470366772322985e-01
-3.210448024041094306e-01 2.098455525663705246e-01
-3.109495912247085547e-01 2.068043420042552927e-01
-3.008603660758366605e-01 2.036365296416338677e-01
-2.907769293531580201e-01 2.003574131385572887e-01
-2.806990838997174276e-01 1.969845670733965659e-01
-2.706266329903371237e-01 1.935380958446872024e-01
-2.605593803160889399e-01 1.900409087415835807e-01
-2.504971299688272257e-01 1.865188900881459277e-01
-2.404396864257955790e-01 1.830009653779953449e-01
-2.303868545342923901e-01 1.795191133664395811e-01
-2.203384394963986970e-01 1.761084337711096848e-01
-2.102942468537628840e-01 1.728073307358066746e-01
-2.002540824724450275e-01 1.696578000320513313e-01
-1.902177525278067050e-01 1.667057137191090277e-01
-1.801850634894590075e-01 1.640009876064060235e-01
-1.701558221062540455e-01 1.615975289747281496e-01
-1.601298353913264694e-01 1.595528275208849822e-01
-1.501069106071708514e-01 1.579268961081403133e-01
-1.400868552507662790e-01 1.567800480189651680e-01
-1.300694770387391397e-01 1.561687010277393317e-01
-1.200545838925550501e-01 1.561381214123126193e-01
-1.100419839237516545e-01 1.567109614380716165e-01
-1.000314854191983877e-01 1.578710607873337057e-01
-9.002289682638489610e-02 1.595439479288666695e-01
-8.001602673873924043e-02 1.615791211750561285e-01
-7.001068388096250150e-02 1.637438725926707306e-01
-6.000667709439190534e-02 1.657412319054242245e-01
-5.000381532237931775e-02 1.672611961177645212e-01
-4.000190759568706539e-02 1.680615820876481536e-01
-3.000076301789707939e-02 1.680550299134530579e-01
-2.000019075083557876e-02 1.673628937752943135e-01
-9.999999999999974187e-03 1.662993370381734837e-01
0.000000000000000000e+00 1.652764612657447452e-01
9.999999999999974187e-03 1.646623849007477214e-01
2.000019075083557876e-02 1.646532835565679975e-01
3.000076301789707939e-02 1.652162002919148054e-01
4.000190759568635068e-02 1.661227181457837210e-01
5.000381532237860305e-02 1.670481377963000946e-01
6.000667709439118369e-02 1.676848363775062800e-01
7.001068388096322315e-02 1.678235688163925432e-01
8.001602673873996208e-02 1.673826666219171699e-01
9.002289682638561774e-02 1.663923830058748332e-01
1.000314854191983877e-01 1.649558662598123449e-01
1.100419839237516545e-01 1.632077954802391706e-01
1.200545838925550501e-01 1.612830820950671429e-01
1.300694770387391397e-01 1.592989373526327024e-01
1.400868552507662790e-01 1.573479899272607896e-01
1.501069106071708514e-01 1.554983300226525089e-01
1.601298353913264694e-01 1.537968713825768607e-01
1.701558221062540455e-01 1.522736859654720276e-01
1.801850634894582859e-01 1.509461141593222699e-01
1.902177525278067050e-01 1.498221871230224211e-01
2.002540824724450275e-01 1.489032816360320588e-01
2.102942468537628840e-01 1.481860979014933410e-01
2.203384394963986970e-01 1.476641172565928695e-01
2.303868545342923901e-01 1.473286808012994054e-01
2.404396864257955790e-01 1.471698005251299290e-01
2.504971299688272257e-01 1.471767564484853241e-01
2.605593803160889399e-01 1.473385076893933832e-01
2.706266329903371237e-01 1.476439317828480147e-01
2.806990838997167059e-01 1.480819582841425841e-01
2.907769293531572985e-01 1.486416701157976528e-01
3.008603660758359388e-01 1.493124238598497744e-01
3.109495912247092764e-01 1.500839586403931725e-01
3.210448024041101522e-01 1.509464828481866250e-01
3.311461976814320529e-01 1.518907578983229589e-01
3.412539756028758475e-01 1.529080193889102990e-01
3.513683352092828449e-01 1.539899967206444509e-01
3.614894760520483419e-01 1.551288451249739075e-01
3.716175982091194929e-01 1.563171496389432202e-01
3.817529023010813316e-01 1.575478816311798314e-01
3.918955895073323314e-01 1.588143506298344831e-01
4.020458615823530590e-01 1.601101831162164424e-01
4.122039208720709169e-01 1.614293584895117040e-01
4.223699703303238628e-01 1.627661035816556634e-01
4.325442135354264361e-01 1.641149954767017194e-01
4.427268547068339277e-01 1.654709634556019715e-01
4.529180987219279531e-01 1.668294019302581921e-01
4.631181511328986700e-01 1.681860347536335010e-01
4.733272181837471781e-01 1.695368399852738572e-01
4.835455068274036594e-01 1.708781279773538830e-01
4.937732247429644228e-01 1.722063718553120959e-01
5.040105803530536832e-01 1.735182287245861932e-01
5.142577828413065211e-01 1.748105861226642022e-01
5.245150421699888987e-01 1.760805838229896614e-01
5.347825690977430213e-01 1.773255857594401852e-01
5.450605751974710866e-01 1.785431851275531834e-01
5.553492728743597562e-01 1.797312752604811603e-01
5.656488753840412942e-01 1.808877818027290751e-01
5.759595968509094721e-01 1.820107860462636395e-01
5.862816522865772484e-01 1.830984569845538479e-01
5.966152576084875481e-01 1.841490708107226260e-01
6.069606296586862459e-01 1.851610615521656622e-01
6.173179862227488046e-01 1.861330243005862306e-01
6.276875460488731129e-01 1.870637670236533767e-01
6.380695288671385246e-01 1.879522919719696650e-01
6.484641554089369819e-01 1.887976604985562301e-01
6.588716474265774448e-01 1.895990483216268008e-01
6.692922277130698427e-01 1.903558779591582595e-01
6.797261201220904381e-01 1.910677456220563619e-01
6.901735495881360372e-01 1.917345421840629949e-01
7.006347421468600567e-01 1.923563975524922864e-01
7.111099249556188662e-01 1.929332793921423039e-01
7.215993263142009839e-01 1.934653356220453480e-01
7.321031756857663275e-01 1.939524941441785333e-01
7.426217037179922986e-01 1.943946975285061607e-01
7.531551422644284788e-01 1.947920833599526280e-01
7.637037244060699281e-01 1.951449407790699642e-01
7.742676844731486430e-01 1.954535215024971184e-01
7.848472580671498333e-01 1.957183765556318178e-01
7.954426820830577949e-01 1.959400451424235245e-01
8.060541947318363709e-01 1.961189073357340606e-01
8.166820355631446704e-01 1.962555629836100768e-01
8.273264454882999219e-01 1.963507216095873864e-01
8.379876668034880183e-01 1.964051324845108304e-01
8.486659432132259706e-01 1.964194895686109388e-01
8.593615198540814903e-01 1.963944454287555597e-01
8.700746433186589135e-01 1.963306683922978746e-01
8.808055616798529108e-01 1.962287210481920285e-01
8.915545245153719822e-01 1.960891708746257955e-01
9.023217829325496098e-01 1.959129334059335203e-01
9.131075895934324116e-01 1.957010625096032297e-01
9.239121987401619496e-01 1.954546604122203712e-01
9.347358662206525226e-01 1.951748097118199965e-01
9.455788495145712735e-01 1.948624174167336853e-01
9.564414077596213870e-01 1.945180782211729520e-01
9.673238017781488063e-01 1.941426636381902160e-01
9.782262941040561488e-01 1.937371309564812627e-01
9.891491490100537964e-01 1.933022838951830025e-01
1.000092632535235726e+00 1.928389415990503786e-01
1.011057012512998066e+00 1.923479691412934844e-01
1.022042558599299822e+00 1.918301021599878586e-01
1.033049542301277102e+00 1.912860481401331136e-01
1.044078237006217380e+00 1.907166112014187509e-01
1.055128918010895367e+00 1.901229116224182891e-01
1.066201862551284352e+00 1.895058913382310084e-01
1.077297349832648132e+00 1.888662914258881775e-01
1.088415661060011308e+00 1.882048072880147527e-01
1.099557079469040355e+00 1.875223057304184482e-01
1.110721890357309283e+00 1.868197192401482853e-01
1.121910381115985400e+00 1.860979295701153668e-01
1.133122841261928526e+00 1.853579543790777606e-01
1.144359562470215863e+00 1.846007059631500358e-01
1.155620838607101852e+00 1.838268714258454173e-01
1.166906965763418569e+00 1.830367903910794236e-01
1.178218242288425976e+00 1.822308830349171072e-01
1.189554968824123149e+00 1.814099064105772763e-01
1.200917448340022453e+00 1.805748685444881207e-01
1.212305986168408900e+00 1.797265592213653784e-01
1.223720890040074227e+00 1.788657020411305032e-01
1.235162470120555911e+00 1.779931793840758558e-01
1.246631039046874889e+00 1.771094537879936703e-01
1.258126911964788874e+00 1.762152812049896100e-01
1.269650406566570577e+00 1.753112164508063286e-01
1.281201843129320173e+00 1.743975103802224980e-01
1.292781544553817996e+00 1.734746670743023689e-01
1.304389836403941239e+00 1.725428941591311549e-01
1.316027046946637080e+00 1.716025943863443703e-01
1.327693507192476696e+00 1.706545183402085331e-01
1.339389550936796125e+00 1.696994103616237537e-01
1.351115514801436435e+00 1.687382028240813070e-01
1.362871738277095179e+00 1.677717607933888466e-01
1.374658563766295805e+00 1.668005302425938918e-01
1.386476336626997652e+00 1.658247428231715559e-01
1.398325405216850559e+00 1.648443930040966177e-01
1.410206120938107599e+00 1.638595831143009884e-01
1.422118838283209508e+00 1.628705858167531217e-01
1.434063914881057000e+00 1.618778791466140288e-01
1.446041711543979202e+00 1.608819692981768024e-01
1.458052592315416618e+00 1.598833958559485457e-01
1.470096924518328407e+00 1.588825795026380661e-01
1.482175078804341739e+00 1.578801008978843456e-01
1.494287429203654982e+00 1.568765338599302228e-01
1.506434353175713392e+00 1.558722014395225730e-01
1.518616231660660620e+00 1.548670711633999830e-01
1.530833449131608681e+00 1.538608680087781289e-01
1.543086393647707277e+00 1.528533266527149492e-01
1.555375456908052678e+00 1.518447448424686264e-01
1.567701034306447028e+00 1.508359952363295398e-01
1.580063524987019630e+00 1.498281852487512444e-01
1.592463331900736190e+00 1.488220191431716410e-01
1.604900861862805117e+00 1.478176918106723914e-01
1.617376525611005755e+00 1.468148373658310080e-01
1.629890737864948091e+00 1.458131262664716377e-01
1.642443917386300800e+00 1.448126431065016873e-01
1.655036487039980742e+00 1.438137064836221835e-01
1.667668873856345213e+00 1.428164385648079959e-01
1.680341509094400276e+00 1.418209911449540006e-01
1.693054828306040926e+00 1.408276608398119356e-01
1.705809271401351079e+00 1.398368101315967116e-01
1.718605282714980920e+00 1.388490146186637797e-01
1.731443311073621594e+00 1.378647858224580913e-01
1.744323809864610997e+00 1.368844853238907200e-01
1.757247237105675541e+00 1.359079629720766902e-01
1.770214055515848983e+00 1.349346125861436985e-01
1.783224732587580741e+00 1.339637920581454589e-01
1.796279740660062352e+00 1.329957072138340801e-01
1.809379556993800708e+00 1.320303556905462750e-01
1.822524663846453397e+00 1.310679580542036260e-01
1.835715548549968767e+00 1.301090853964439464e-01
1.848952703589041624e+00 1.291541264058118088e-01
1.862236626680921825e+00 1.282034408928529878e-01
1.875567820856598900e+00 1.272572682953651835e-01
1.888946794543396868e+00 1.263155903557451609e-01
1.902374061649005244e+00 1.253779776343925401e-01
1.915850141646975535e+00 1.244444061156501358e-01
1.929375559663716988e+00 1.235149870037088593e-01
1.942950846567024437e+00 1.225902859205367512e-01
1.956576539056166242e+00 1.216708870213919214e-01
1.970253179753570727e+00 1.207565793932922349e-01
1.983981317298132430e+00 1.198467422561532714e-01
1.997761506440205892e+00 1.189408303259702621e-01
2.011594308138276332e+00 1.180386775892183771e-01
2.025480289657382471e+00 1.171407821349451372e-01
2.039420024669305942e+00 1.162476781763835121e-01
2.053414093354583247e+00 1.153597155550520337e-01
2.067463082506361793e+00 1.144767010381370492e-01
2.081567585636154405e+00 1.135982958000892884e-01
2.095728203081529628e+00 1.127247228195203121e-01
2.109945542115771566e+00 1.118558761659106671e-01
2.124220217059573645e+00 1.109917348196708536e-01
2.138552849394784072e+00 1.101319400586115160e-01
2.152944067880272261e+00 1.092759061276684374e-01
2.167394508669943765e+00 1.084234820937579613e-01
2.181904815432972988e+00 1.075757358891986926e-01
2.196475639476278996e+00 1.067335640718814621e-01
2.211107639869315911e+00 1.058972676753033304e-01
2.225801483571211214e+00 1.050666174415143816e-01
2.240557845560325667e+00 1.042409263056873481e-01
2.255377408966268149e+00 1.034202635656588237e-01
2.270260865204440481e+00 1.026045134104904555e-01
2.285208914113143308e+00 1.017935162724589448e-01
2.300222264093344737e+00 1.009868923519923606e-01
2.315301632251118846e+00 1.001844606859051134e-01
2.330447744542859301e+00 9.938674291536590821e-02
2.345661335923311608e+00 9.859413431628491487e-02
2.360943150496495946e+00 9.780647739685842390e-02
2.376293941669568088e+00 9.702319860947411501e-02
2.391714472309731221e+00 9.624408477457344069e-02
2.407205514904206645e+00 9.546943159475582141e-02
2.422767851723407695e+00 9.469921116553173257e-02
2.438402274987316432e+00 9.393353811108226536e-02
2.454109587035200768e+00 9.317274319762892942e-02
2.469890600498723998e+00 9.241694012727785790e-02
2.485746138478509337e+00 9.166639823473082815e-02
2.501677034724291371e+00 9.092049116846837031e-02
2.517684133818678394e+00 9.017880824158605590e-02
2.533768291364664638e+00 8.944108669459729932e-02
2.549930374176959891e+00 8.870715940867229810e-02
2.566171260477213334e+00 8.797734102466447936e-02
2.582491840093254609e+00 8.725257595710854408e-02
2.598893014662444489e+00 8.653359964999432496e-02
2.615375697839199987e+00 8.582012478529556232e-02
2.631940815506855991e+00 8.511116798286813556e-02
2.648589305993903409e+00 8.440570261076893455e-02
2.665322120294779218e+00 8.370320286345661609e-02
2.682140222295247955e+00 8.300376208942192302e-02
2.699044589002565164e+00 8.230775585160543528e-02
2.716036210780464977e+00 8.161637978133635951e-02
2.733116091589157026e+00 8.093015782965781724e-02
2.750285249230413953e+00 8.024907150637411446e-02
2.767544715597911598e+00 7.957246606498852293e-02
2.784895536932901372e+00 7.889954895526962719e-02
2.802338774085429751e+00 7.823039939380210805e-02
2.819875502781155063e+00 7.756488372514147578e-02
2.837506813893987179e+00 7.690264267439500534e-02
2.855233813724622927e+00 7.624342810380493884e-02
2.873057624285204170e+00 7.558752275397330467e-02
2.890979383590180252e+00 7.493576337087372308e-02
2.909000245953595520e+00 7.428883637352323710e-02
2.927121382292947160e+00 7.364678052049097867e-02
2.945343980439754095e+00 7.300857431013245413e-02
2.963669245457068335e+00 7.237376554771471349e-02
2.982098399964077995e+00 7.174237757336834886e-02
3.000632684467967159e+00 7.111493255038542349e-02
3.019273357703287086e+00 7.049113234210166445e-02
3.038021696978962627e+00 6.987084860293514554e-02
3.056878998533198555e+00 6.925397555328297039e-02
3.075846577896470535e+00 6.864068763080713453e-02
3.094925770262794362e+00 6.803049014748580037e-02
3.114117930869559014e+00 6.742233972398026243e-02
3.133424435386071849e+00 6.681634653422154069e-02
3.152846680311138350e+00 6.621416852715510115e-02
3.172386083379844290e+00 6.561692195210214185e-02
3.192044083979846292e+00 6.502409854434199055e-02
3.211822143577407918e+00 6.443481752028815124e-02
3.231721746153457975e+00 6.384855405513360782e-02
3.251744398649921930e+00 6.326521145744963548e-02
3.271891631426665281e+00 6.268501392387679227e-02
3.292164998729279368e+00 6.210814022336857282e-02
3.312566079168071553e+00 6.153418095104504215e-02
3.333096476208521786e+00 6.096285950882186777e-02
3.353757818673582580e+00 6.039443933291009647e-02
3.374551761258096416e+00 5.982920437228481103e-02
3.395479985055740446e+00 5.926674846776196215e-02
3.416544198098793395e+00 5.870702428295977715e-02
3.437746135911136314e+00 5.815067500801872347e-02
3.459087562074850908e+00 5.759823540957040300e-02
3.480570268810810663e+00 5.704851157718818233e-02
3.502196077573649369e+00 5.649990253199488333e-02
3.523966839661581307e+00 5.595330958597699578e-02
3.545884436841424847e+00 5.541067394850232586e-02
3.567950781989368547e+00 5.487203135400914311e-02
3.590167819747851929e+00 5.433614278664806313e-02
3.612537527199123133e+00 5.380220337321953844e-02
3.635061914555887341e+00 5.326998421311301968e-02
3.657743025869628628e+00 5.274016228418922092e-02
3.680582939757102157e+00 5.221365960981946830e-02
3.703583770145510101e+00 5.169079057322482212e-02
3.726747667036997225e+00 5.117089031570858093e-02
3.750076817293014120e+00 5.065322066883413271e-02
3.773573445439117879e+00 5.013727309658069786e-02
3.797239814490932730e+00 4.962258447284316476e-02
3.821078226801799538e+00 4.910956570604189941e-02
3.845091024932894896e+00 4.859951340792338648e-02
3.869280592546462394e+00 4.809316671113852970e-02
3.893649355322847061e+00 4.759010231457383444e-02
3.918199781902168777e+00 4.708967530288045433e-02
3.942934384851307872e+00 4.659083566854951841e-02
3.967855721657088441e+00 4.609298400706113991e-02
3.992966395746416985e+00 4.559653629681381659e-02
4.018269057534300082e+00 4.510284430476091400e-02
4.043766405500584860e+00 4.461298201952478004e-02
4.069461187296391280e+00 4.412649648926955659e-02
4.095356200881122177e+00 4.364232720687394318e-02
4.121454295691163061e+00 4.315948618089973654e-02
4.147758373841154089e+00 4.267710943946982638e-02
4.174271391359062555e+00 4.219555813732593641e-02
4.200996359456013352e+00 4.171694763664780814e-02
4.227936345832168819e+00 4.124177211349237815e-02
4.255094476019727345e+00 4.076830980795982662e-02
4.282473934764413848e+00 4.029589321602082552e-02
4.310077967446587444e+00 3.982559284707105907e-02
4.337909881543510870e+00 3.935800283488374851e-02
4.365973048133954926e+00 3.889319604653754953e-02
4.394270903446770404e+00 3.843097526070481107e-02
4.422806950454781116e+00 3.797006956867164662e-02
4.451584760515686412e+00 3.751092970768236251e-02
4.480607975061463577e+00 3.705398991684252796e-02
4.509880307338105077e+00 3.659805619409695066e-02
4.539405544197283149e+00 3.614324846500387156e-02
4.569187547941903738e+00 3.569154264106320223e-02
4.599230258227382961e+00 3.524278075728922571e-02
4.629537694020593008e+00 3.479548922941015643e-02
4.660113955618596648e+00 3.434990081623089803e-02
4.690963226729293112e+00 3.390631511174348189e-02
4.722089776616123835e+00 3.346348162714441604e-02
4.753497962309302771e+00 3.302205401520491579e-02
4.785192230885826348e+00 3.258360276444077774e-02
4.817177121820895636e+00 3.214689302383151592e-02
4.849457269413340654e+00 3.171256137035315115e-02
4.882037405287709575e+00 3.128042125405400276e-02
4.914922360976011539e+00 3.084959438681306870e-02
4.948117070581908195e+00 3.041994168903872087e-02
4.981626573530626878e+00 2.999205158692717574e-02
5.015456017407652567e+00 2.956646185830303503e-02
5.049610660889745972e+00 2.914295146977781761e-02
5.084095876771596245e+00 2.872136622412499452e-02
5.118917155092026050e+00 2.830227852773100489e-02
5.154080106363324809e+00 2.788466859116506963e-02
5.189590464907923639e+00 2.746661597217917375e-02
5.225454092306433651e+00 2.705096605061719020e-02
5.261676980961550676e+00 2.663814150088051474e-02
5.298265257782244220e+00 2.622641961970845204e-02
5.335225187993163587e+00 2.581628499402850718e-02
5.372563179074077766e+00 2.540819385657302337e-02
5.410285784834729661e+00 2.500294078384641960e-02
5.448399709630405319e+00 2.460000913069413514e-02
5.486911812724086346e+00 2.419884258297956212e-02
5.525829112800970222e+00 2.379975458776836458e-02
5.565158792641854646e+00 2.340168854822818889e-02
5.604908203961667112e+00 2.300570140843591349e-02
5.645084872420248701e+00 2.261223701566961522e-02
5.685696502812371378e+00 2.221854278476797367e-02
5.726750984444712422e+00 2.182695769869840569e-02
5.768256396707492684e+00 2.143811195616123974e-02
5.810221014849253685e+00 2.105272997110799876e-02
5.852653315963272540e+00 2.066915572418556724e-02
5.895561985194872179e+00 2.028698502472527782e-02
5.938955922179146363e+00 1.990724048681093844e-02
5.982844247719065756e+00 1.952911786004948858e-02
6.027236310714632950e+00 1.915214908008979963e-02
6.072141695354100754e+00 1.877767037653292614e-02
6.117570228578833813e+00 1.840673751468293456e-02
6.163531987834188541e+00 1.803727210169658174e-02
6.210037309119105231e+00 1.767035179138094769e-02
6.257096795348075169e+00 1.730456500654624710e-02
6.304721325039668756e+00 1.694178186118665275e-02
6.352922061346506943e+00 1.658229821928380865e-02
6.401710461442654321e+00 1.622514625278909453e-02
6.451098286284771888e+00 1.586991709179725457e-02
6.501097610764786872e+00 1.551671652612079087e-02
6.551720834272277472e+00 1.516498722564547930e-02
6.602980691686179959e+00 1.481625081419765677e-02
6.654890264816202716e+00 1.447132790637617981e-02
6.707462994315653404e+00 1.412894591311985443e-02
6.760712692088343800e+00 1.378754914431758877e-02
6.814653554213885300e+00 1.345035119632504925e-02
6.869300174416541616e+00 1.311671140362660054e-02
6.924667558104775189e+00 1.278568124568609313e-02
6.980771137009639027e+00 1.245617425518638459e-02
7.037626784452278628e+00 1.212924918139876920e-02
7.095250831272059244e+00 1.180718730509941992e-02
7.153660082449184721e+00 1.148759720682702122e-02
7.212871834457117437e+00 1.117106310245110160e-02
7.272903893382699714e+00 1.085761927715764123e-02
7.333774593853726209e+00 1.054669206967676423e-02
7.395502818816384050e+00 1.023930999688120458e-02
7.458108020207268929e+00 9.935627885902503093e-03
7.521610240567749628e+00 9.635165919863800804e-03
7.586030135650939421e+00 9.339429375205576464e-03
7.651388998075133507e+00 9.045414330757806445e-03
7.717708782080382690e+00 8.755955234432562934e-03
7.785012129448951157e+00 8.471152347480073383e-03
7.853322396653874549e+00 8.189341204356964665e-03
7.922663683303971638e+00 7.911325830375062415e-03
7.993060861958362295e+00 7.637102209276284449e-03
8.064539609387720631e+00 7.366976508685024565e-03
8.137126439365120589e+00 7.101215240550355808e-03
8.210848737074378789e+00 6.840415904136357660e-03
8.285734795229668492e+00 6.583636718283529358e-03
8.361813852006719117e+00 6.330360780404502459e-03
8.439116130892415413e+00 6.080979439615821422e-03
8.517672882566811765e+00 5.835902064341084994e-03
8.597516428939853128e+00 5.596407383652391397e-03
8.678680209472870999e+00 5.361713141294030885e-03
8.761198829924738973e+00 5.131415051220503815e-03
8.845108113671690475e+00 4.906329479468802407e-03
8.930445155761116638e+00 4.685839003975031045e-03
9.017248379870389741e+00 4.470811044514819664e-03
9.105557598354891979e+00 4.259086854435024938e-03
9.195414075582201363e+00 4.053575835305799589e-03
9.286860594764410948e+00 3.853452074109317040e-03
9.379941528515811200e+00 3.658116019861164681e-03
9.474702913380864899e+00 3.468168964060963210e-03
9.571192528595130256e+00 3.283482387529262480e-03
9.669459979362780899e+00 3.104525901181593231e-03
9.769556784955327089e+00 2.930653421249494132e-03
9.871536471960840942e+00 2.762238845134192423e-03
9.975454673037942754e+00 2.598865837598928266e-03
1.008136923155793063e+01 2.441214091443859573e-03
1.018934031254830330e+01 2.289070104356007163e-03
1.029943052038522566e+01 2.143041125395245446e-03
1.041170502371859463e+01 2.001904635810086534e-03
1.052623168815380517e+01 1.866484409398828925e-03
1.064308121725768252e+01 1.736851111973818865e-03
1.076232730250476877e+01 1.612600177104999777e-03
1.088404678283179194e+01 1.493666705724348582e-03
1.100831981452695096e+01 1.380661919221806136e-03
1.113523005224294415e+01 1.273076019655970583e-03
1.126486484199331350e+01 1.170386001397591066e-03
1.139731542706779699e+01 1.073706956735775899e-03
1.153267716788676189e+01 9.821149676859661573e-04
1.167104977690866718e+01 8.953600270265205541e-04
1.181253756980620828e+01 8.142654146941077182e-04
1.195724973424156268e+01 7.379519446636132124e-04
1.210530061769597765e+01 6.663561995172430060e-04
1.225681003594877438e+01 5.996776566015431676e-04
1.241190360395464154e+01 5.379097146138683404e-04
1.257071309104042101e+01 4.803408953133665206e-04
1.273337680253192516e+01 4.272647200503961601e-04
1.290003999013476133e+01 3.784298136870487342e-04
1.307085529362815102e+01 3.336124188848078658e-04
1.324598321669588152e+01 2.928414690715626899e-04
1.342559264001181063e+01 2.557373340954257712e-04
1.360986137502873916e+01 2.221335486351225848e-04
1.379897676228727654e+01 1.919961581330188283e-04
1.399313631847826045e+01 1.647885190381769352e-04
1.419254843695589230e+01 1.406105392977046896e-04
1.439743314692606369e+01 1.193088228719281930e-04
1.460802293712368716e+01 1.005469729072544705e-04
1.482456365046278535e+01 8.396777087352170436e-05
1.504731545689699779e+01 6.965091687657037998e-05
1.527655391258613626e+01 5.733066389718444189e-05
1.551257111443440273e+01 4.672376573361802646e-05
1.575567696017295916e+01 3.779317403767472935e-05
1.600620052541652782e+01 3.029315676576458413e-05
1.626449157056262607e+01 2.395009078392140896e-05
1.653092219204418001e+01 1.877991982810545211e-05
1.680588863433074565e+01 1.453699311160102324e-05
1.708981328123576660e+01 1.111266286584981693e-05
1.738314684757837725e+01 8.378604016713819103e-06
1.768637079511793431e+01 6.262873119346852582e-06
1.800000000000201084e+01 2.332945933140304026e-06
