-1.800000000000201084e+01 4.349278547524820446e-03
-1.768637079511795918e+01 1.057697882841467790e-02
-1.738314684757837725e+01 1.308910337084361053e-02
-1.708981328123576660e+01 1.596300994349894933e-02
-1.680588863433072433e+01 1.899290595822467065e-02
-1.653092219204418001e+01 2.198292041806892971e-02
-1.626449157056260830e+01 2.471047655576196628e-02
-1.600620052541652782e+01 2.733445721021281888e-02
-1.575567696017295916e+01 2.943833842721783542e-02
-1.551257111443442049e+01 3.088085471135736462e-02
-1.527655391258613626e+01 3.174189882669688906e-02
-1.504731545689701200e+01 3.172236043979040354e-02
-1.482456365046278535e+01 3.092153289014965348e-02
-1.460802293712368716e+01 2.944324769295748531e-02
-1.439743314692604947e+01 2.716861665000307180e-02
-1.419254843695589230e+01 2.467676764515602458e-02
-1.399313631847824624e+01 2.168674344794410680e-02
-1.379897676228727654e+01 1.846883637202534692e-02
-1.360986137502872673e+01 1.538669966921910222e-02
-1.342559264001182306e+01 1.246114537538346029e-02
-1.324598321669588152e+01 9.744893403562240181e-03
-1.307085529362816168e+01 7.392868641938774195e-03
-1.290003999013476133e+01 5.531777544741033406e-03
-1.273337680253193582e+01 3.920810718845546723e-03
-1.257071309104041035e+01 2.706524928034166957e-03
-1.241190360395464154e+01 1.867125135773151697e-03
-1.225681003594876195e+01 1.228048865417353044e-03
-1.210530061769597765e+01 7.488968362193279202e-04
-1.195724973424155202e+01 4.610699906437992920e-04
-1.181253756980619762e+01 2.822220452354511772e-04
-1.167104977690866718e+01 1.606485583811940088e-04
-1.153267716788677255e+01 8.258535171767810378e-05
-1.139731542706779699e+01 3.644875487823919609e-05
-1.126486484199332239e+01 2.043593816467186762e-05
-1.113523005224293527e+01 1.127203423568781153e-05
-1.100831981452695096e+01 4.826151660592285287e-06
-1.088404678283180083e+01 2.968788922815780506e-06
-1.076232730250476877e+01 8.497811363240263872e-07
-1.064308121725769141e+01 4.661626149562260749e-07
-1.052623168815380517e+01 3.452851381747742725e-07
-1.041170502371859463e+01 3.659942091399797437e-07
-1.029943052038521678e+01 8.413899975946996961e-08
-1.018934031254830330e+01 1.486332759449975253e-08
-1.008136923155793951e+01 1.342958028981068536e-08
-9.975454673037956965e+00 6.096854185799712450e-08
-9.871536471960840942e+00 1.477015463047787554e-08
-9.769556784955334194e+00 1.516049337532063948e-08
-9.669459979362780899e+00 2.543365667722178790e-08
-9.571192528595137361e+00 7.265599239881109476e-09
-9.474702913380864899e+00 1.975571287669399217e-08
-9.379941528515811200e+00 6.296065219677919899e-08
-9.286860594764403842e+00 4.389680242709297993e-08
-9.195414075582201363e+00 2.647476382354158470e-08
-9.105557598354884874e+00 2.398522643498493771e-08
-9.017248379870389741e+00 3.608099780224104395e-08
-8.930445155761116638e+00 1.268334623075732604e-08
-8.845108113671695804e+00 2.687665373462261748e-08
-8.761198829924738973e+00 3.415390632289102326e-08
-8.678680209472876328e+00 2.568568773654487641e-08
-8.597516428939853128e+00 2.242629242076212320e-08
-8.517672882566811765e+00 4.460725502841624698e-09
-8.439116130892410084e+00 7.705424168906793364e-09
-8.361813852006719117e+00 3.068101407585006640e-08
-8.285734795229661387e+00 1.028198991263124394e-08
-8.210848737074378789e+00 1.604210782352624442e-08
-8.137126439365120589e+00 4.915110335448840133e-08
-8.064539609387715302e+00 1.780995230127608658e-08
-7.993060861958362295e+00 1.988472755095336608e-08
-7.922663683303976967e+00 4.084319487029855952e-08
-7.853322396653874549e+00 1.323705016925628485e-08
-7.785012129448951157e+00 6.897274495058524240e-09
-7.717708782080378249e+00 5.927439053841242368e-09
-7.651388998075133507e+00 1.493017515679339690e-08
-7.586030135650944750e+00 1.975133166003492173e-08
-7.521610240567749628e+00 1.534338132354894986e-08
-7.458108020207273370e+00 1.468795876593627622e-08
-7.395502818816379609e+00 1.376065912799263280e-08
-7.333774593853726209e+00 1.290192318433223040e-08
-7.272903893382695273e+00 1.581751423573367348e-08
-7.212871834457117437e+00 1.292241050910459502e-08
-7.153660082449187385e+00 7.770330233151379441e-09
-7.095250831272068126e+00 8.748652523691218245e-09
-7.037626784452278628e+00 8.713151348051285997e-09
-6.980771137009643468e+00 5.003495044559674484e-09
-6.924667558104775189e+00 2.275961137873361843e-09
-6.869300174416541616e+00 4.258345114887934953e-09
-6.814653554213885300e+00 1.111947434054812147e-08
-6.760712692088343800e+00 1.925293926160126607e-08
-6.707462994315648963e+00 1.470904134076144341e-08
-6.654890264816202716e+00 8.812591233169156364e-09
-6.602980691686176407e+00 9.997592442577342298e-09
-6.551720834272277472e+00 1.192829499012995593e-08
-6.501097610764786872e+00 4.183788982878380588e-09
-6.451098286284775440e+00 2.876617396118182768e-09
-6.401710461442654321e+00 8.696358122112586450e-09
-6.352922061346510496e+00 1.014778535284830331e-08
-6.304721325039668756e+00 9.782454190523265063e-09
-6.257096795348075169e+00 1.258297696182968134e-08
-6.210037309119101678e+00 1.470286179225588877e-08
-6.163531987834188541e+00 1.444869995670247611e-08
-6.117570228578837366e+00 6.428844742051533157e-09
-6.072141695354100754e+00 3.122043195507220503e-09
-6.027236310714632950e+00 3.347908302700634010e-09
-5.982844247719062203e+00 3.711538426145211810e-09
-5.938955922179146363e+00 1.016087424444413016e-08
-5.895561985194874843e+00 2.077306196956535516e-08
-5.852653315963272540e+00 2.222375208409194344e-08
-5.810221014849253685e+00 1.045750832770783621e-08
-5.768256396707496236e+00 6.413923458866147781e-09
-5.726750984444712422e+00 6.749945786432572991e-09
-5.685696502812374042e+00 6.411896672892010787e-09
-5.645084872420248701e+00 8.999775941613033860e-09
-5.604908203961667112e+00 1.174932106314445460e-08
-5.565158792641851981e+00 1.050792971803486301e-08
-5.525829112800970222e+00 8.314457765822107639e-09
-5.486911812724083681e+00 9.950850474301239972e-09
-5.448399709630409760e+00 1.196641387972337028e-08
-5.410285784834729661e+00 1.409449606275966178e-08
-5.372563179074079542e+00 1.129852849420179581e-08
-5.335225187993163587e+00 8.808648690007345707e-09
-5.298265257782246884e+00 7.854474263006219214e-09
-5.261676980961550676e+00 5.881875721796595676e-09
-5.225454092306433651e+00 5.402459255133077712e-09
-5.189590464907923639e+00 4.758320997749476548e-09
-5.154080106363324809e+00 4.200296959773557410e-09
-5.118917155092023386e+00 6.482766264592470186e-09
-5.084095876771596245e+00 1.252393710589552631e-08
-5.049610660889740643e+00 1.739109976065866346e-08
-5.015456017407655231e+00 1.328052547752815724e-08
-4.981626573530626878e+00 8.652762087854197760e-09
-4.948117070581910859e+00 7.116884807870029422e-09
-4.914922360976011539e+00 7.252378730571954511e-09
-4.882037405287712239e+00 7.597223997254225641e-09
-4.849457269413337102e+00 7.354621283238124961e-09
-4.817177121820895636e+00 7.773000943343004940e-09
-4.785192230885824571e+00 7.957472927974877656e-09
-4.753497962309302771e+00 8.057810720834922003e-09
-4.722089776616123835e+00 7.388100582526410445e-09
-4.690963226729293112e+00 6.681487742172740132e-09
-4.660113955618596648e+00 7.282984247131907274e-09
-4.629537694020590344e+00 1.010050208780787131e-08
-4.599230258227382961e+00 1.072251348793826231e-08
-4.569187547941903738e+00 7.175018566466714911e-09
-4.539405544197283149e+00 6.561287032715005292e-09
-4.509880307338105077e+00 1.018476944480886595e-08
-4.480607975061465353e+00 1.233745091144983374e-08
-4.451584760515686412e+00 1.106987264441036916e-08
-4.422806950454783781e+00 8.251741901387703496e-09
-4.394270903446768628e+00 7.811726468056209996e-09
-4.365973048133954926e+00 1.116094905909368877e-08
-4.337909881543509094e+00 1.309445455763999214e-08
-4.310077967446587444e+00 1.172743401867798880e-08
-4.282473934764412071e+00 1.253529187267410814e-08
-4.255094476019731786e+00 1.373596848988524500e-08
-4.227936345832168819e+00 1.066524574455162564e-08
-4.200996359456015128e+00 7.912684473378161239e-09
-4.174271391359062555e+00 1.049188831753207460e-08
-4.147758373841154089e+00 1.594563376570152670e-08
-4.121454295691163061e+00 1.908789892616274451e-08
-4.095356200881122177e+00 1.958848137061328811e-08
-4.069461187296388616e+00 1.882692882313199093e-08
-4.043766405500584860e+00 1.605004348448252557e-08
-4.018269057534298305e+00 1.198226895979334355e-08
-3.992966395746416985e+00 8.915729271288747847e-09
-3.967855721657088441e+00 8.097094240477097172e-09
-3.942934384851309204e+00 9.020830981833705132e-09
-3.918199781902168777e+00 9.740556476558906061e-09
-3.893649355322847061e+00 8.913951967705764632e-09
-3.869280592546462394e+00 8.648923815834692743e-09
-3.845091024932894896e+00 1.114309791462737791e-08
-3.821078226801797317e+00 1.347750150662429220e-08
-3.797239814490932730e+00 1.171852950001583669e-08
-3.773573445439120100e+00 8.094753956154686160e-09
-3.750076817293014120e+00 7.157806539250024301e-09
-3.726747667036997225e+00 9.487554438001701944e-09
-3.703583770145510101e+00 1.234642700206972895e-08
-3.680582939757102157e+00 1.246271436785060354e-08
-3.657743025869630404e+00 9.261685276898494317e-09
-3.635061914555887341e+00 6.038792342110144846e-09
-3.612537527199123133e+00 5.467703956390448825e-09
-3.590167819747855482e+00 6.887091754788602524e-09
-3.567950781989368547e+00 9.227090448128646521e-09
-3.545884436841426179e+00 1.205835323529611894e-08
-3.523966839661581307e+00 1.303608755891801188e-08
-3.502196077573649369e+00 1.038794410758228871e-08
-3.480570268810808887e+00 6.566278772158378807e-09
-3.459087562074850908e+00 4.430315557180729553e-09
-3.437746135911134981e+00 3.966728616582936810e-09
-3.416544198098792506e+00 3.984489811425017068e-09
-3.395479985055740890e+00 4.077216910040922482e-09
-3.374551761258098193e+00 4.980620847382165240e-09
-3.353757818673582580e+00 7.009513682497078334e-09
-3.333096476208523118e+00 8.688818912055419012e-09
-3.312566079168071553e+00 8.379761595533992021e-09
-3.292164998729279812e+00 6.535153102961511191e-09
-3.271891631426664837e+00 4.885880338322390813e-09
-3.251744398649922374e+00 4.474762267877075227e-09
-3.231721746153456643e+00 5.441001133333046933e-09
-3.211822143577407918e+00 7.295387755291752806e-09
-3.192044083979844071e+00 8.843985723621222746e-09
-3.172386083379843402e+00 9.174114743215219086e-09
-3.152846680311138350e+00 8.695399254496499369e-09
-3.133424435386072737e+00 8.354793728231702218e-09
-3.114117930869558570e+00 8.644726739245229685e-09
-3.094925770262795250e+00 9.362143554976457520e-09
-3.075846577896469647e+00 9.605150024917595516e-09
-3.056878998533198555e+00 8.865381611192623405e-09
-3.038021696978961295e+00 8.015823609059390062e-09
-3.019273357703287086e+00 8.152505039465949693e-09
-3.000632684467968048e+00 8.956127199281737675e-09
-2.982098399964077995e+00 9.040708813518663549e-09
-2.963669245457069223e+00 7.671139273336886189e-09
-2.945343980439752762e+00 5.556966474295773380e-09
-2.927121382292947160e+00 3.982422086971442372e-09
-2.909000245953597297e+00 3.574903033731706824e-09
-2.890979383590179363e+00 4.022916212063926752e-09
-2.873057624285205058e+00 4.703099039850651183e-09
-2.855233813724623815e+00 5.316698798784079741e-09
-2.837506813893987179e+00 5.862478057690644747e-09
-2.819875502781155951e+00 6.233979772283225723e-09
-2.802338774085429751e+00 6.325676385066643815e-09
-2.784895536932901372e+00 6.575669726599022651e-09
-2.767544715597910265e+00 7.857427200668116432e-09
-2.750285249230413953e+00 1.044320775060068085e-08
-2.733116091589155250e+00 1.326140317500796524e-08
-2.716036210780464089e+00 1.479816850917220414e-08
-2.699044589002566052e+00 1.482203231160136924e-08
-2.682140222295249732e+00 1.438949896507461731e-08
-2.665322120294779662e+00 1.411952829385890383e-08
-2.648589305993904297e+00 1.353772281185257455e-08
-2.631940815506855547e+00 1.217238156357848055e-08
-2.615375697839200431e+00 1.038788278292406639e-08
-2.598893014662444045e+00 9.006304860296565704e-09
-2.582491840093254609e+00 8.498201728297068726e-09
-2.566171260477212002e+00 8.577476923614950470e-09
-2.549930374176959447e+00 8.471052582329285121e-09
-2.533768291364664638e+00 7.603682809723575529e-09
-2.517684133818677505e+00 6.109537762554650053e-09
-2.501677034724291371e+00 4.714215437932736927e-09
-2.485746138478510670e+00 4.093370237679319701e-09
-2.469890600498723998e+00 4.334464185857911481e-09
-2.454109587035200768e+00 4.981960934448085820e-09
-2.438402274987315543e+00 5.478944552773194458e-09
-2.422767851723407695e+00 5.494123937673453840e-09
-2.407205514904207533e+00 4.983279867200569573e-09
-2.391714472309731221e+00 4.165139233416571534e-09
-2.376293941669569421e+00 3.411728219887753758e-09
-2.360943150496495058e+00 2.989226415498225649e-09
-2.345661335923311608e+00 2.897125976986654838e-09
-2.330447744542858413e+00 3.020524310147225945e-09
-2.315301632251118846e+00 3.362000323679261677e-09
-2.300222264093345625e+00 4.024210626145946134e-09
-2.285208914113144640e+00 4.999146950455728860e-09
-2.270260865204440481e+00 6.053515160285983579e-09
-2.255377408966269037e+00 6.844022734745876045e-09
-2.240557845560325223e+00 7.176305425337738873e-09
-2.225801483571210770e+00 7.195150015827402793e-09
-2.211107639869315467e+00 7.286332453052585932e-09
-2.196475639476279440e+00 7.736963981080195801e-09
-2.181904815432973432e+00 8.497776976784598187e-09
-2.167394508669943320e+00 9.247196118099050610e-09
-2.152944067880271817e+00 9.611514989794718309e-09
-2.138552849394784516e+00 9.364655061413446236e-09
-2.124220217059574090e+00 8.555732029637409443e-09
-2.109945542115772454e+00 7.488484576839485058e-09
-2.095728203081529628e+00 6.525672783144955830e-09
-2.081567585636154849e+00 5.885503476071742211e-09
-2.067463082506362237e+00 5.596536012797947108e-09
-2.053414093354584136e+00 5.578531253567226476e-09
-2.039420024669305942e+00 5.766371180821287464e-09
-2.025480289657382471e+00 6.235127110884561205e-09
-2.011594308138276332e+00 7.184865135545072076e-09
-1.997761506440205226e+00 8.673264548847062525e-09
-1.983981317298131319e+00 1.035009324556820035e-08
-1.970253179753569617e+00 1.162432837579467781e-08
-1.956576539056167352e+00 1.219335911186805892e-08
-1.942950846567025547e+00 1.229437726398256455e-08
-1.929375559663717654e+00 1.235181423764627746e-08
-1.915850141646975535e+00 1.250270429467697652e-08
-1.902374061649005244e+00 1.258148530756898333e-08
-1.888946794543396868e+00 1.244390396918151814e-08
-1.875567820856598900e+00 1.212055311852501054e-08
-1.862236626680921825e+00 1.168008151800523431e-08
-1.848952703589041180e+00 1.110473259816174988e-08
-1.835715548549967879e+00 1.036843506928531014e-08
-1.822524663846452730e+00 9.586709900850530520e-09
-1.809379556993800708e+00 9.041452407315462893e-09
-1.796279740660062796e+00 9.026907382897336702e-09
-1.783224732587581407e+00 9.596836809800057808e-09
-1.770214055515849871e+00 1.041136471968310861e-08
-1.757247237105675541e+00 1.088461171015825421e-08
-1.744323809864610553e+00 1.058773416653472738e-08
-1.731443311073621372e+00 9.574659836927525101e-09
-1.718605282714980698e+00 8.352935764397036163e-09
-1.705809271401351745e+00 7.564535005696113843e-09
-1.693054828306041149e+00 7.649915843193952448e-09
-1.680341509094399610e+00 8.688226271291167334e-09
-1.667668873856344547e+00 1.044355060549471076e-08
-1.655036487039980519e+00 1.253861797508087267e-08
-1.642443917386301022e+00 1.461008206004840841e-08
-1.629890737864948980e+00 1.633255602805830601e-08
-1.617376525611005755e+00 1.738053288788665156e-08
-1.604900861862805783e+00 1.750153447793970749e-08
-1.592463331900736856e+00 1.670783456606172908e-08
-1.580063524987020074e+00 1.536870454751416456e-08
-1.567701034306447028e+00 1.405589949573973496e-08
-1.555375456908052678e+00 1.327019291012185445e-08
-1.543086393647707277e+00 1.326004133948840722e-08
-1.530833449131608237e+00 1.397792169425924845e-08
-1.518616231660659732e+00 1.511415378520133346e-08
-1.506434353175712282e+00 1.621998101612576979e-08
-1.494287429203655870e+00 1.696343749476763587e-08
-1.482175078804342627e+00 1.738386551732344554e-08
-1.470096924518329295e+00 1.788398111768624858e-08
-1.458052592315416618e+00 1.885023852265692528e-08
-1.446041711543979202e+00 2.017085074054845929e-08
-1.434063914881057000e+00 2.111173242013467273e-08
-1.422118838283209508e+00 2.076540499345655241e-08
-1.410206120938107599e+00 1.875154232153689077e-08
-1.398325405216850115e+00 1.556179489851670944e-08
-1.386476336626996986e+00 1.225257983591992998e-08
-1.374658563766294916e+00 9.787940014344280050e-09
-1.362871738277095179e+00 8.582579192175549387e-09
-1.351115514801437101e+00 8.501593931299869391e-09
-1.339389550936797013e+00 9.152601136912818566e-09
-1.327693507192477362e+00 1.017779339708356352e-08
-1.316027046946637080e+00 1.138314943309999425e-08
-1.304389836403941239e+00 1.269467019616952803e-08
-1.292781544553817996e+00 1.401333034217332431e-08
-1.281201843129320173e+00 1.509670836566053570e-08
-1.269650406566570577e+00 1.558833205586727595e-08
-1.258126911964788874e+00 1.520801392056137644e-08
-1.246631039046874889e+00 1.396359504758235551e-08
-1.235162470120555911e+00 1.220557151150654154e-08
-1.223720890040073339e+00 1.046503142785649478e-08
-1.212305986168408234e+00 9.187666033158615507e-09
-1.200917448340022453e+00 8.551250904937970982e-09
-1.189554968824123149e+00 8.480220576640817881e-09
-1.178218242288426865e+00 8.812075108341776220e-09
-1.166906965763418569e+00 9.463446967561636137e-09
-1.155620838607101852e+00 1.045973095874844592e-08
-1.144359562470215863e+00 1.183199664123523998e-08
-1.133122841261928526e+00 1.350616876709515180e-08
-1.121910381115985400e+00 1.531782812645097122e-08
-1.110721890357309283e+00 1.714459200864169943e-08
-1.099557079469039467e+00 1.901048931931141975e-08
-1.088415661060010642e+00 2.102128805650960712e-08
-1.077297349832647466e+00 2.318832737596522577e-08
-1.066201862551285018e+00 2.533663640963588360e-08
-1.055128918010896033e+00 2.721159952071886806e-08
-1.044078237006218046e+00 2.865673365914417239e-08
-1.033049542301277102e+00 2.965725780096210528e-08
-1.022042558599299822e+00 3.021513134532383972e-08
-1.011057012512998066e+00 3.023565483220318287e-08
-1.000092632535235726e+00 2.957582750101804348e-08
-9.891491490100537964e-01 2.820819604649824403e-08
-9.782262941040561488e-01 2.631318567305278175e-08
-9.673238017781481402e-01 2.421561725160673333e-08
-9.564414077596213870e-01 2.224157532528817545e-08
-9.455788495145712735e-01 2.063284294465699121e-08
-9.347358662206534108e-01 1.955685801572592644e-08
-9.239121987401626157e-01 1.913274965414838730e-08
-9.131075895934324116e-01 1.939008586913377480e-08
-9.023217829325496098e-01 2.018222202259543068e-08
-8.915545245153719822e-01 2.116334894614306877e-08
-8.808055616798529108e-01 2.190960807637362212e-08
-8.700746433186589135e-01 2.212936740283283600e-08
-8.593615198540814903e-01 2.181178916298429228e-08
-8.486659432132259706e-01 2.120069687059379876e-08
-8.379876668034880183e-01 2.062344540610312234e-08
-8.273264454882990337e-01 2.031221002059050169e-08
-8.166820355631438932e-01 2.032423106112441018e-08
-8.060541947318363709e-01 2.056310255371430796e-08
-7.954426820830584610e-01 2.083636371839162694e-08
-7.848472580671504994e-01 2.091887565600220233e-08
-7.742676844731486430e-01 2.063683109448531146e-08
-7.637037244060699281e-01 1.997489301222821182e-08
-7.531551422644284788e-01 1.916894648901025600e-08
-7.426217037179922986e-01 1.891437048690068226e-08
-7.321031756857663275e-01 2.197430173888877218e-08
-7.215993263142009839e-01 4.842004630874910853e-08
-7.111099249556180890e-01 2.227251319512257583e-07
-7.006347421468592795e-01 1.245265278010969080e-06
-6.901735495881351490e-01 6.625250264221349947e-06
-6.797261201220911042e-01 3.167458636384771706e-05
-6.692922277130706199e-01 1.359501884348387481e-04
-6.588716474265783329e-01 5.231849120370477696e-04
-6.484641554089376481e-01 1.809219215527890605e-03
-6.380695288671385246e-01 5.638897188133850866e-03
-6.276875460488731129e-01 1.588317946987784918e-02
-6.173179862227488046e-01 4.055256615769418232e-02
-6.069606296586862459e-01 9.415658982900504403e-02
-5.966152576084875481e-01 1.994735702786832321e-01
-5.862816522865772484e-01 3.869087407706565118e-01
-5.759595968509094721e-01 6.894695544040440049e-01
-5.656488753840412942e-01 1.132578485689777814e+00
-5.553492728743597562e-01 1.720582897922330101e+00
-5.450605751974718638e-01 2.424647933849219505e+00
-5.347825690977430213e-01 3.178082610728999668e+00
-5.245150421699888987e-01 3.883564089505037842e+00
-5.142577828413065211e-01 4.432335047557428354e+00
-5.040105803530536832e-01 4.730339949931677168e+00
-4.937732247429644228e-01 4.723001978241427423e+00
-4.835455068274036594e-01 4.410383649365140712e+00
-4.733272181837471781e-01 3.847618038656604789e+00
-4.631181511328986700e-01 3.130265348461453101e+00
-4.529180987219272314e-01 2.369261045855613812e+00
-4.427268547068332061e-01 1.663737228729445405e+00
-4.325442135354257145e-01 1.080685753506093194e+00
-4.223699703303245845e-01 6.473370261665423175e-01
-4.122039208720716941e-01 3.565098656768960761e-01
-4.020458615823537807e-01 1.799973253084037883e-01
-3.918955895073323314e-01 8.308597675955146922e-02
-3.817529023010813316e-01 3.497486912122959452e-02
-3.716175982091194929e-01 1.339444685382181616e-02
-3.614894760520483419e-01 4.657405834555426380e-03
-3.513683352092828449e-01 1.467615119019051798e-03
-3.412539756028758475e-01 4.180559499267961533e-04
-3.311461976814312758e-01 1.073710122308296701e-04
-3.210448024041094306e-01 2.496037745140812627e-05
-3.109495912247085547e-01 5.179877177089396554e-06
-3.008603660758366605e-01 9.896543307208218170e-07
-2.907769293531580201e-01 1.838151431743223694e-07
-2.806990838997174276e-01 4.638044666265263406e-08
-2.706266329903371237e-01 2.408397284393408397e-08
-2.605593803160889399e-01 2.191102047106202765e-08
-2.504971299688272257e-01 2.232576071483097684e-08
-2.404396864257955790e-01 2.234321953585999590e-08
-2.303868545342923901e-01 2.138135714155949060e-08
-2.203384394963986970e-01 1.947925352880073321e-08
-2.102942468537628840e-01 1.708503688268561487e-08
-2.002540824724450275e-01 1.499975288195852012e-08
-1.902177525278067050e-01 1.494035438040418452e-08
-1.801850634894590075e-01 2.439983698495247733e-08
-1.701558221062540455e-01 8.356595249813912989e-08
-1.601298353913264694e-01 3.817157458845285842e-07
-1.501069106071708514e-01 1.740795233596207741e-06
-1.400868552507662790e-01 7.240310309950342984e-06
-1.300694770387391397e-01 2.712534119423375004e-05
-1.200545838925550501e-01 9.135284962335497611e-05
-1.100419839237516545e-01 2.765054802716516817e-04
-1.000314854191983877e-01 7.513089468586425009e-04
-9.002289682638489610e-02 1.832610214193979969e-03
-8.001602673873924043e-02 4.016588654019197062e-03
-7.001068388096250150e-02 7.909647084144415946e-03
-6.000667709439190534e-02 1.399606702670602200e-02
-5.000381532237931775e-02 2.225458767109287847e-02
-4.000190759568706539e-02 3.179527678024993143e-02
-3.000076301789707939e-02 4.081359189306767166e-02
-2.000019075083557876e-02 4.706526160642975076e-02
-9.999999999999974187e-03 4.875311433895541252e-02
0.000000000000000000e+00 4.535900776331761725e-02
9.999999999999974187e-03 3.789930373624502552e-02
2.000019075083557876e-02 2.843511077220069183e-02
3.000076301789707939e-02 1.915498255833255128e-02
4.000190759568635068e-02 1.158366338979204685e-02
5.000381532237860305e-02 6.287653073416980647e-03
6.000667709439118369e-02 3.062591614232703686e-03
7.001068388096322315e-02 1.338231014762752708e-03
8.001602673873996208e-02 5.245007193715753389e-04
9.002289682638561774e-02 1.841022488431268026e-04
1.000314854191983877e-01 5.790948792234409286e-05
1.100419839237516545e-01 1.634563345561259684e-05
1.200545838925550501e-01 4.134070918157629134e-06
1.300694770387391397e-01 9.410784119307360151e-07
1.400868552507662790e-01 1.976125354697758196e-07
1.501069106071708514e-01 4.564784500692562568e-08
1.601298353913264694e-01 1.722789578598014262e-08
1.701558221062540455e-01 1.323787892530915117e-08
1.801850634894582859e-01 1.274885108160997443e-08
1.902177525278067050e-01 1.281007035682756729e-08
2.002540824724450275e-01 1.304941051589470237e-08
2.102942468537628840e-01 1.374226382597247162e-08
2.203384394963986970e-01 1.656537990229153524e-08
2.303868545342923901e-01 3.208963070320667274e-08
2.404396864257955790e-01 1.231858231285012726e-07
2.504971299688272257e-01 6.414146075199116358e-07
2.605593803160889399e-01 3.390812314383232635e-06
2.706266329903371237e-01 1.661983969514577034e-05
2.806990838997167059e-01 7.291854132190149734e-05
2.907769293531572985e-01 2.890878202412631949e-04
3.008603660758359388e-01 1.035467618705218553e-03
3.109495912247092764e-01 3.361296920606449308e-03
3.210448024041101522e-01 9.905764544725685627e-03
3.311461976814320529e-01 2.655017744926772838e-02
3.412539756028758475e-01 6.484149372947969892e-02
3.513683352092828449e-01 1.445654382468098964e-01
3.614894760520483419e-01 2.948301095133109007e-01
3.716175982091194929e-01 5.511719882526288083e-01
3.817529023010813316e-01 9.465438126722345302e-01
3.918955895073323314e-01 1.496483719490359965e+00
4.020458615823530590e-01 2.182766414197137905e+00
4.122039208720709169e-01 2.943256672602169388e+00
4.223699703303238628e-01 3.675643787166684717e+00
4.325442135354264361e-01 4.257918228518223991e+00
4.427268547068339277e-01 4.580633367046223370e+00
4.529180987219279531e-01 4.579474999859294293e+00
4.631181511328986700e-01 4.255266396360986469e+00
4.733272181837471781e-01 3.673345170237115376e+00
4.835455068274036594e-01 2.942843250754910045e+00
4.937732247429644228e-01 2.184481463499961418e+00
5.040105803530536832e-01 1.499344721401505653e+00
5.142577828413065211e-01 9.491926013106732896e-01
5.245150421699888987e-01 5.527296125337579635e-01
5.347825690977430213e-01 2.951927970671690549e-01
5.450605751974710866e-01 1.441549150293892079e-01
5.553492728743597562e-01 6.417677387943410139e-02
5.656488753840412942e-01 2.596940943761961301e-02
5.759595968509094721e-01 9.524375447507414660e-03
5.862816522865772484e-01 3.156717926302293406e-03
5.966152576084875481e-01 9.431121984706912357e-04
6.069606296586862459e-01 2.533646140499672410e-04
6.173179862227488046e-01 6.111306557951546019e-05
6.276875460488731129e-01 1.320385020103429551e-05
6.380695288671385246e-01 2.583773486125993081e-06
6.484641554089369819e-01 4.688602497634479288e-07
6.588716474265774448e-01 9.559136141163365825e-08
6.692922277130698427e-01 3.530957604009490711e-08
6.797261201220904381e-01 2.611347565697806642e-08
6.901735495881360372e-01 2.387362425182321135e-08
7.006347421468600567e-01 2.319318964832880369e-08
7.111099249556188662e-01 2.334767368123827505e-08
7.215993263142009839e-01 2.395471120428751437e-08
7.321031756857663275e-01 2.453087862229377559e-08
7.426217037179922986e-01 2.463356301731084254e-08
7.531551422644284788e-01 2.405132419966951376e-08
7.637037244060699281e-01 2.289574354036735156e-08
7.742676844731486430e-01 2.153966419281603744e-08
7.848472580671498333e-01 2.041779560348772991e-08
7.954426820830577949e-01 1.979069929848737793e-08
8.060541947318363709e-01 1.961487951819410583e-08
8.166820355631446704e-01 1.960976595040716699e-08
8.273264454882999219e-01 1.947739029093326998e-08
8.379876668034880183e-01 1.910993585301794262e-08
8.486659432132259706e-01 1.863379586994091771e-08
8.593615198540814903e-01 1.828275755929569721e-08
8.700746433186589135e-01 1.822821018883464695e-08
8.808055616798529108e-01 1.849716875600600969e-08
8.915545245153719822e-01 1.899871900084668555e-08
9.023217829325496098e-01 1.957907315524752675e-08
9.131075895934324116e-01 2.003941438984695824e-08
9.239121987401619496e-01 2.013518329237843576e-08
9.347358662206525226e-01 1.963402184355390408e-08
9.455788495145712735e-01 1.845327960461528036e-08
9.564414077596213870e-01 1.678761091599707207e-08
9.673238017781488063e-01 1.509430538703958935e-08
9.782262941040561488e-01 1.389545633547792988e-08
9.891491490100537964e-01 1.351113600548196219e-08
1.000092632535235726e+00 1.390060347093200725e-08
1.011057012512998066e+00 1.471723856418873275e-08
1.022042558599299822e+00 1.553048352858615531e-08
1.033049542301277102e+00 1.606398473982182220e-08
1.044078237006217380e+00 1.628974044624122820e-08
1.055128918010895367e+00 1.633437309646490207e-08
1.066201862551284352e+00 1.629149742583528558e-08
1.077297349832648132e+00 1.611957313175672698e-08
1.088415661060011308e+00 1.571218071632688269e-08
1.099557079469040355e+00 1.505280327347119050e-08
1.110721890357309283e+00 1.427457083383524817e-08
1.121910381115985400e+00 1.354818357547184714e-08
1.133122841261928526e+00 1.291434104362091817e-08
1.144359562470215863e+00 1.223859909880820234e-08
1.155620838607101852e+00 1.133942689228300401e-08
1.166906965763418569e+00 1.016120236448873177e-08
1.178218242288425976e+00 8.844168995791295702e-09
1.189554968824123149e+00 7.663310215899308183e-09
1.200917448340022453e+00 6.919044844214393586e-09
1.212305986168408900e+00 6.853306494806848761e-09
1.223720890040074227e+00 7.598138255171645528e-09
1.235162470120555911e+00 9.131977204038120049e-09
1.246631039046874889e+00 1.123920249062738418e-08
1.258126911964788874e+00 1.349486458369150152e-08
1.269650406566570577e+00 1.531588010018234978e-08
1.281201843129320173e+00 1.611642877748313247e-08
1.292781544553817996e+00 1.554845096627659039e-08
1.304389836403941239e+00 1.370322475467829700e-08
1.316027046946637080e+00 1.112028943837783456e-08
1.327693507192476696e+00 8.575550041811193012e-09
1.339389550936796125e+00 6.791477634707770855e-09
1.351115514801436435e+00 6.244563102395492253e-09
1.362871738277095179e+00 7.104853810016121069e-09
1.374658563766295805e+00 9.222335958170011804e-09
1.386476336626997652e+00 1.209928764961389646e-08
1.398325405216850559e+00 1.491843418798780995e-08
1.410206120938107599e+00 1.674903711674276446e-08
1.422118838283209508e+00 1.692271706411853247e-08
1.434063914881057000e+00 1.536996597993162267e-08
1.446041711543979202e+00 1.266071189015294006e-08
1.458052592315416618e+00 9.703606201390294344e-09
1.470096924518328407e+00 7.326863273326184188e-09
1.482175078804341739e+00 6.016413249949364254e-09
1.494287429203654982e+00 5.899087984523324521e-09
1.506434353175713392e+00 6.849256236585483408e-09
1.518616231660660620e+00 8.567203952168976305e-09
1.530833449131608681e+00 1.059510835060654396e-08
1.543086393647707277e+00 1.236633021895141662e-08
1.555375456908052678e+00 1.337638092177455434e-08
1.567701034306447028e+00 1.343291162209209018e-08
1.580063524987019630e+00 1.280126112022416443e-08
1.592463331900736190e+00 1.207258989722420846e-08
1.604900861862805117e+00 1.177421852218242994e-08
1.617376525611005755e+00 1.198970754448472239e-08
1.629890737864948091e+00 1.231487320269666244e-08
1.642443917386300800e+00 1.221833923575453742e-08
1.655036487039980742e+00 1.150490532828828063e-08
1.667668873856345213e+00 1.048890823295337610e-08
1.680341509094400276e+00 9.759779237223451956e-09
1.693054828306040926e+00 9.756329649996636526e-09
1.705809271401351079e+00 1.046015084339183107e-08
1.718605282714980920e+00 1.140062875113424719e-08
1.731443311073621594e+00 1.195954600605606894e-08
1.744323809864610997e+00 1.176349899641752322e-08
1.757247237105675541e+00 1.088720133451170541e-08
1.770214055515848983e+00 9.742774328902826299e-09
1.783224732587580741e+00 8.774636772587046751e-09
1.796279740660062352e+00 8.199439324782333377e-09
1.809379556993800708e+00 7.950529049251473462e-09
1.822524663846453397e+00 7.816293916483745576e-09
1.835715548549968767e+00 7.635259852588131827e-09
1.848952703589041624e+00 7.407086109530958555e-09
1.862236626680921825e+00 7.266114076656920421e-09
1.875567820856598900e+00 7.372401198890090158e-09
1.888946794543396868e+00 7.809415378630777238e-09
1.902374061649005244e+00 8.515486313978523503e-09
1.915850141646975535e+00 9.244254603918293371e-09
1.929375559663716988e+00 9.624550795575628522e-09
1.942950846567024437e+00 9.373872542008780156e-09
1.956576539056166242e+00 8.523426490494660707e-09
1.970253179753570727e+00 7.424679865346834934e-09
1.983981317298132430e+00 6.521193710781730845e-09
1.997761506440205892e+00 6.099524586958907722e-09
2.011594308138276332e+00 6.184754655936365067e-09
2.025480289657382471e+00 6.569839874940422411e-09
2.039420024669305942e+00 6.916384122652258066e-09
2.053414093354583247e+00 6.910221396721628232e-09
2.067463082506361793e+00 6.425307935994917556e-09
2.081567585636154405e+00 5.594561534482160200e-09
2.095728203081529628e+00 4.738383294074359898e-09
2.109945542115771566e+00 4.204874060636461373e-09
2.124220217059573645e+00 4.207761225319489343e-09
2.138552849394784072e+00 4.718643625356325492e-09
2.152944067880272261e+00 5.462708000970084575e-09
2.167394508669943765e+00 6.057382246750800968e-09
2.181904815432972988e+00 6.238427445765673144e-09
2.196475639476278996e+00 6.007123996681422796e-09
2.211107639869315911e+00 5.590419814349280502e-09
2.225801483571211214e+00 5.276151285648191198e-09
2.240557845560325667e+00 5.244039197755398849e-09
2.255377408966268149e+00 5.467724630664810810e-09
2.270260865204440481e+00 5.739428493984372255e-09
2.285208914113143308e+00 5.830890446439048728e-09
2.300222264093344737e+00 5.686259045485004482e-09
2.315301632251118846e+00 5.466293019564872766e-09
2.330447744542859301e+00 5.382646715936560944e-09
2.345661335923311608e+00 5.475881472920316122e-09
2.360943150496495946e+00 5.565618211441017848e-09
2.376293941669568088e+00 5.460646356190436724e-09
2.391714472309731221e+00 5.233435613914806950e-09
2.407205514904206645e+00 5.208762971165628082e-09
2.422767851723407695e+00 5.642211868332225582e-09
2.438402274987316432e+00 6.496352131836431935e-09
2.454109587035200768e+00 7.526627498825930156e-09
2.469890600498723998e+00 8.436462163123084249e-09
2.485746138478509337e+00 8.953407088665952952e-09
2.501677034724291371e+00 8.920110324174092234e-09
2.517684133818678394e+00 8.366135413443860856e-09
2.533768291364664638e+00 7.464450471483713896e-09
2.549930374176959891e+00 6.433138155927343632e-09
2.566171260477213334e+00 5.472341477796952630e-09
2.582491840093254609e+00 4.760213653206851405e-09
2.598893014662444489e+00 4.463916797791974780e-09
2.615375697839199987e+00 4.668581599069672566e-09
2.631940815506855991e+00 5.245356194423988103e-09
2.648589305993903409e+00 5.890290648417477069e-09
2.665322120294779218e+00 6.401553385337694178e-09
2.682140222295247955e+00 6.819385659180564346e-09
2.699044589002565164e+00 7.255375497681973608e-09
2.716036210780464977e+00 7.767729470459042985e-09
2.733116091589157026e+00 8.354273212517572966e-09
2.750285249230413953e+00 8.851231908375262053e-09
2.767544715597911598e+00 8.961135416207350217e-09
2.784895536932901372e+00 8.583505085383442665e-09
2.802338774085429751e+00 8.111911134131738446e-09
2.819875502781155063e+00 8.265190547271387836e-09
2.837506813893987179e+00 9.295820363312036768e-09
2.855233813724622927e+00 1.040008237963737455e-08
2.873057624285204170e+00 1.058713757596278153e-08
2.890979383590180252e+00 1.009499506959106935e-08
2.909000245953595520e+00 9.969453458026607875e-09
2.927121382292947160e+00 1.039432654851264753e-08
2.945343980439754095e+00 1.070323770185032821e-08
2.963669245457068335e+00 1.087052952855636497e-08
2.982098399964077995e+00 1.158182667465034381e-08
3.000632684467967159e+00 1.280497450045781270e-08
3.019273357703287086e+00 1.349914677948465137e-08
3.038021696978962627e+00 1.286097268397695870e-08
3.056878998533198555e+00 1.091115569191813032e-08
3.075846577896470535e+00 8.097651288340810324e-09
3.094925770262794362e+00 5.357575949941526987e-09
3.114117930869559014e+00 4.078717847034590479e-09
3.133424435386071849e+00 5.144296866998852692e-09
3.152846680311138350e+00 7.923096930898814290e-09
3.172386083379844290e+00 1.033110393407349845e-08
3.192044083979846292e+00 1.064835155110354581e-08
3.211822143577407918e+00 9.195173406340031322e-09
3.231721746153457975e+00 7.353025986100662233e-09
3.251744398649921930e+00 5.812650560864839452e-09
3.271891631426665281e+00 4.648253792441027854e-09
3.292164998729279368e+00 4.073009065386505571e-09
3.312566079168071553e+00 4.194636634457007942e-09
3.333096476208521786e+00 4.685507030651428812e-09
3.353757818673582580e+00 5.334938852502569420e-09
3.374551761258096416e+00 6.213972303247844136e-09
3.395479985055740446e+00 6.901605836092463090e-09
3.416544198098793395e+00 6.724585088134108100e-09
3.437746135911136314e+00 5.940691753869766206e-09
3.459087562074850908e+00 5.234830153864644744e-09
3.480570268810810663e+00 4.577530881002241191e-09
3.502196077573649369e+00 3.852046757393070187e-09
3.523966839661581307e+00 3.553606268215953217e-09
3.545884436841424847e+00 4.100628445906952809e-09
3.567950781989368547e+00 4.992567721755882378e-09
3.590167819747851929e+00 5.347012926110734225e-09
3.612537527199123133e+00 5.339751109193439422e-09
3.635061914555887341e+00 5.666798272805749758e-09
3.657743025869628628e+00 6.144960361751938135e-09
3.680582939757102157e+00 6.428754620865849713e-09
3.703583770145510101e+00 6.392062731067645234e-09
3.726747667036997225e+00 5.968362662310682425e-09
3.750076817293014120e+00 5.982087240388628557e-09
3.773573445439117879e+00 7.163608149070749092e-09
3.797239814490932730e+00 8.954123372168414695e-09
3.821078226801799538e+00 1.016052307229296266e-08
3.845091024932894896e+00 9.700217851547123842e-09
3.869280592546462394e+00 8.082075343718626214e-09
3.893649355322847061e+00 6.690306219241662676e-09
3.918199781902168777e+00 5.812475977546445872e-09
3.942934384851307872e+00 5.594704890768565139e-09
3.967855721657088441e+00 6.245677093503288511e-09
3.992966395746416985e+00 6.951206539893614152e-09
4.018269057534300082e+00 6.421086858941597874e-09
4.043766405500584860e+00 5.553755093846797138e-09
4.069461187296391280e+00 6.355010194809368472e-09
4.095356200881122177e+00 7.544413647477274423e-09
4.121454295691163061e+00 6.968574717457853940e-09
4.147758373841154089e+00 6.911704255615466277e-09
4.174271391359062555e+00 9.749618463318965686e-09
4.200996359456013352e+00 1.170030243427953520e-08
4.227936345832168819e+00 8.808523418245230249e-09
4.255094476019727345e+00 5.146249679417629186e-09
4.282473934764413848e+00 5.223581217462260674e-09
4.310077967446587444e+00 8.326483509520486395e-09
4.337909881543510870e+00 1.107471711221363845e-08
4.365973048133954926e+00 1.078544013300460732e-08
4.394270903446770404e+00 8.002232642486146088e-09
4.422806950454781116e+00 5.993574344821134428e-09
4.451584760515686412e+00 6.895497564405833922e-09
4.480607975061463577e+00 9.273322741549043959e-09
4.509880307338105077e+00 1.024116406452597385e-08
4.539405544197283149e+00 1.127604002566635300e-08
4.569187547941903738e+00 1.146026056425290848e-08
4.599230258227382961e+00 7.691378309579220342e-09
4.629537694020593008e+00 3.663426064666545898e-09
4.660113955618596648e+00 3.090580776576950077e-09
4.690963226729293112e+00 6.442473768077415563e-09
4.722089776616123835e+00 1.230909018969856914e-08
4.753497962309302771e+00 1.540205837110841420e-08
4.785192230885826348e+00 1.271555635371564522e-08
4.817177121820895636e+00 9.370505383193396757e-09
4.849457269413340654e+00 7.295347769998392615e-09
4.882037405287709575e+00 5.321369885698983338e-09
4.914922360976011539e+00 3.946729241992399753e-09
4.948117070581908195e+00 2.910075280408940734e-09
4.981626573530626878e+00 2.310466404494217309e-09
5.015456017407652567e+00 2.682653519918981796e-09
5.049610660889745972e+00 4.554788963355022711e-09
5.084095876771596245e+00 7.174623075380120855e-09
5.118917155092026050e+00 6.900460697974033869e-09
5.154080106363324809e+00 4.790960214266898768e-09
5.189590464907923639e+00 4.536185706956267697e-09
5.225454092306433651e+00 5.218653164215087802e-09
5.261676980961550676e+00 3.594724497332157192e-09
5.298265257782244220e+00 2.067928253216584635e-09
5.335225187993163587e+00 2.681608130752836463e-09
5.372563179074077766e+00 5.905892821100705576e-09
5.410285784834729661e+00 9.315665922316588345e-09
5.448399709630405319e+00 8.540081902346930113e-09
5.486911812724086346e+00 4.907637229651220626e-09
5.525829112800970222e+00 5.635582685413552628e-09
5.565158792641854646e+00 8.980234669245704791e-09
5.604908203961667112e+00 5.997628278051316630e-09
5.645084872420248701e+00 3.177283994554128272e-09
5.685696502812371378e+00 3.826132585342907865e-09
5.726750984444712422e+00 5.268342710621284917e-09
5.768256396707492684e+00 6.797986860578533104e-09
5.810221014849253685e+00 5.270399501879563798e-09
5.852653315963272540e+00 2.208002198065143178e-09
5.895561985194872179e+00 7.631902986433409953e-10
5.938955922179146363e+00 7.239487748239449355e-10
5.982844247719065756e+00 1.114235832328375601e-09
6.027236310714632950e+00 1.539810776242905375e-09
6.072141695354100754e+00 1.712937195837080617e-09
6.117570228578833813e+00 3.127053906659915945e-09
6.163531987834188541e+00 3.170161773859536195e-09
6.210037309119105231e+00 2.221271887635500564e-09
6.257096795348075169e+00 3.805074361422782456e-09
6.304721325039668756e+00 4.393524654055620403e-09
6.352922061346506943e+00 2.475821636077560100e-09
6.401710461442654321e+00 2.322228061618161522e-09
6.451098286284771888e+00 2.742286145452186698e-09
6.501097610764786872e+00 5.277896401925490591e-09
6.551720834272277472e+00 9.329953412245669338e-09
6.602980691686179959e+00 8.422079655534798477e-09
6.654890264816202716e+00 1.019448548825079217e-08
6.707462994315653404e+00 4.088917946156426441e-09
6.760712692088343800e+00 1.496395553112764553e-09
6.814653554213885300e+00 3.619371700556975249e-09
6.869300174416541616e+00 6.073611556148968427e-09
6.924667558104775189e+00 5.238914008354542891e-09
6.980771137009639027e+00 5.141876162866874711e-09
7.037626784452278628e+00 4.864170017431738875e-09
7.095250831272059244e+00 9.267500627678206398e-09
7.153660082449184721e+00 4.692418915267799765e-09
7.212871834457117437e+00 2.241061323792488072e-09
7.272903893382699714e+00 3.790280429968868973e-09
7.333774593853726209e+00 1.018752118818181371e-08
7.395502818816384050e+00 9.351175723846919165e-09
7.458108020207268929e+00 4.955549201629612879e-09
7.521610240567749628e+00 3.108672064499876857e-09
7.586030135650939421e+00 3.129680144772686235e-09
7.651388998075133507e+00 1.591314594661829804e-09
7.717708782080382690e+00 9.558491844697368521e-10
7.785012129448951157e+00 4.001799584876766722e-09
7.853322396653874549e+00 7.166388139751694535e-09
7.922663683303971638e+00 3.859019077786471106e-09
7.993060861958362295e+00 2.004293715537798939e-09
8.064539609387720631e+00 1.800162857502450395e-09
8.137126439365120589e+00 3.941458921588655686e-09
8.210848737074378789e+00 1.956333544072895533e-09
8.285734795229668492e+00 1.558880526958551373e-09
8.361813852006719117e+00 4.310341101450867935e-09
8.439116130892415413e+00 3.499889498435875333e-09
8.517672882566811765e+00 2.879898953119056169e-09
8.597516428939853128e+00 2.911281613485429568e-09
8.678680209472870999e+00 6.895736757098060628e-09
8.761198829924738973e+00 2.232695898575324383e-09
8.845108113671690475e+00 2.857013217203937742e-09
8.930445155761116638e+00 1.506228862176140104e-09
9.017248379870389741e+00 1.225558608601625807e-09
9.105557598354891979e+00 3.806321925127043297e-09
9.195414075582201363e+00 4.231261102778533246e-09
9.286860594764410948e+00 2.884141646197693128e-09
9.379941528515811200e+00 2.664175263134600699e-09
9.474702913380864899e+00 9.266885337933823972e-09
9.571192528595130256e+00 3.718435854131265634e-09
9.669459979362780899e+00 2.476385747203965599e-09
9.769556784955327089e+00 1.174914616960743973e-09
9.871536471960840942e+00 4.857323951679844955e-09
9.975454673037942754e+00 1.040676151996849424e-08
1.008136923155793063e+01 6.814732020524657917e-09
1.018934031254830330e+01 1.071688544124787986e-09
1.029943052038522566e+01 6.105322972078039373e-10
1.041170502371859463e+01 2.368880941386930261e-09
1.052623168815380517e+01 6.446308349746122693e-09
1.064308121725768252e+01 2.933124020308109909e-09
1.076232730250476877e+01 2.033174050199567217e-09
1.088404678283179194e+01 5.598897457139767049e-09
1.100831981452695096e+01 1.735406933857353384e-09
1.113523005224294415e+01 1.682117503029051038e-09
1.126486484199331350e+01 4.466307642677767162e-09
1.139731542706779699e+01 3.036450825570991246e-09
1.153267716788676189e+01 5.133704477489962065e-09
1.167104977690866718e+01 1.341496171007339587e-09
1.181253756980620828e+01 4.271536437116720298e-09
1.195724973424156268e+01 3.189161530888582817e-09
1.210530061769597765e+01 2.125705917034043945e-09
1.225681003594877438e+01 3.670721764933909325e-09
1.241190360395464154e+01 1.458637466203428697e-09
1.257071309104042101e+01 2.463358894067038911e-09
1.273337680253192516e+01 1.254646727075052458e-09
1.290003999013476133e+01 2.227495780675116102e-09
1.307085529362815102e+01 6.613272945113823818e-09
1.324598321669588152e+01 1.154845041907436543e-09
1.342559264001181063e+01 2.158988691249516661e-09
1.360986137502873916e+01 5.873486135921158669e-09
1.379897676228727654e+01 3.386610140861107793e-09
1.399313631847826045e+01 2.482572441671422810e-09
1.419254843695589230e+01 5.555290282945720194e-09
1.439743314692606369e+01 3.907045498199415038e-09
1.460802293712368716e+01 3.249738902931783327e-09
1.482456365046278535e+01 1.206505695382108387e-09
1.504731545689699779e+01 8.107543687681138742e-10
1.527655391258613626e+01 3.712550738279145814e-09
1.551257111443440273e+01 4.791834197247282798e-10
1.575567696017295916e+01 7.519955386236003846e-10
1.600620052541652782e+01 9.225316538821985247e-10
1.626449157056262607e+01 1.138787346911578429e-09
1.653092219204418001e+01 1.232083879917582273e-09
1.680588863433074565e+01 1.314152032899856381e-09
1.708981328123576660e+01 2.058784614335900714e-09
1.738314684757837725e+01 9.059593880127021086e-10
1.768637079511793431e+01 3.314481280028795635e-09
1.800000000000201084e+01 5.073532408208088087e-10
