-1.800000000000201084e+01 1.082981990579582181e-08
-1.768637079511795918e+01 6.172667883116374929e-08
-1.738314684757837725e+01 3.654439831317453782e-08
-1.708981328123576660e+01 6.136171686211257484e-08
-1.680588863433072433e+01 5.610661118920045819e-08
-1.653092219204418001e+01 6.980323072051578535e-08
-1.626449157056260830e+01 8.245873942839468551e-08
-1.600620052541652782e+01 1.213397248040545001e-07
-1.575567696017295916e+01 1.265420837071200508e-07
-1.551257111443442049e+01 1.807209098737345573e-07
-1.527655391258613626e+01 2.084263859324627415e-07
-1.504731545689701200e+01 2.220187264064183291e-07
-1.482456365046278535e+01 2.939898331310907667e-07
-1.460802293712368716e+01 3.739952688418494506e-07
-1.439743314692604947e+01 3.849327984131020762e-07
-1.419254843695589230e+01 4.667769788773234784e-07
-1.399313631847824624e+01 5.053580204588939009e-07
-1.379897676228727654e+01 5.964971502283486071e-07
-1.360986137502872673e+01 7.020245674380050572e-07
-1.342559264001182306e+01 8.156060908571757830e-07
-1.324598321669588152e+01 8.791711294828766183e-07
-1.307085529362816168e+01 1.027514816929896772e-06
-1.290003999013476133e+01 1.184596313736164301e-06
-1.273337680253193582e+01 1.306373737901543985e-06
-1.257071309104041035e+01 1.421582456161542699e-06
-1.241190360395464154e+01 1.510607884764358507e-06
-1.225681003594876195e+01 1.630183693605149248e-06
-1.210530061769597765e+01 1.840592015979744319e-06
-1.195724973424155202e+01 2.066146451079807920e-06
-1.181253756980619762e+01 2.231893007591051450e-06
-1.167104977690866718e+01 2.381079093450387988e-06
-1.153267716788677255e+01 2.622356222758235404e-06
-1.139731542706779699e+01 2.762829103351348684e-06
-1.126486484199332239e+01 3.044268412515369989e-06
-1.113523005224293527e+01 3.335364914942602683e-06
-1.100831981452695096e+01 3.499228549305136848e-06
-1.088404678283180083e+01 3.731871645692043874e-06
-1.076232730250476877e+01 3.958037489011123225e-06
-1.064308121725769141e+01 4.301441729695044830e-06
-1.052623168815380517e+01 4.514046513931475311e-06
-1.041170502371859463e+01 4.744017997909111759e-06
-1.029943052038521678e+01 5.128023456254757262e-06
-1.018934031254830330e+01 5.351967763020677575e-06
-1.008136923155793951e+01 5.686001453462910643e-06
-9.975454673037956965e+00 5.841028384992509275e-06
-9.871536471960840942e+00 6.235287242834299003e-06
-9.769556784955334194e+00 6.547048946353928111e-06
-9.669459979362780899e+00 6.821895437447942501e-06
-9.571192528595137361e+00 7.212401836770092776e-06
-9.474702913380864899e+00 7.511138210947233850e-06
-9.379941528515811200e+00 7.918886159604229241e-06
-9.286860594764403842e+00 8.143689696936009896e-06
-9.195414075582201363e+00 8.421737525679244026e-06
-9.105557598354884874e+00 8.700281058325428420e-06
-9.017248379870389741e+00 8.980740271416505071e-06
-8.930445155761116638e+00 9.371073729880493122e-06
-8.845108113671695804e+00 9.729714700294820570e-06
-8.761198829924738973e+00 1.016990524650824730e-05
-8.678680209472876328e+00 1.037879395389316748e-05
-8.597516428939853128e+00 1.057482498332325197e-05
-8.517672882566811765e+00 1.101356145692374855e-05
-8.439116130892410084e+00 1.136188442514571947e-05
-8.361813852006719117e+00 1.172246347912945900e-05
-8.285734795229661387e+00 1.215363044483059954e-05
-8.210848737074378789e+00 1.236667876317943276e-05
-8.137126439365120589e+00 1.272835792597607981e-05
-8.064539609387715302e+00 1.334452704188465903e-05
-7.993060861958362295e+00 1.350434669916806714e-05
-7.922663683303976967e+00 1.377467764659695666e-05
-7.853322396653874549e+00 1.423661223529868818e-05
-7.785012129448951157e+00 1.463892074261825507e-05
-7.717708782080378249e+00 1.479764763341459625e-05
-7.651388998075133507e+00 1.522122661342682745e-05
-7.586030135650944750e+00 1.545027825048150667e-05
-7.521610240567749628e+00 1.584346918668620748e-05
-7.458108020207273370e+00 1.614510493808956159e-05
-7.395502818816379609e+00 1.640525730394519908e-05
-7.333774593853726209e+00 1.673127876021361518e-05
-7.272903893382695273e+00 1.695579166811587177e-05
-7.212871834457117437e+00 1.740727040669467690e-05
-7.153660082449187385e+00 1.776553778708042869e-05
-7.095250831272068126e+00 1.793923682390309761e-05
-7.037626784452278628e+00 1.799587637692609310e-05
-6.980771137009643468e+00 1.830204666305329598e-05
-6.924667558104775189e+00 1.870212158647462073e-05
-6.869300174416541616e+00 1.907416052522016177e-05
-6.814653554213885300e+00 1.959602995546160713e-05
-6.760712692088343800e+00 1.997271887335743220e-05
-6.707462994315648963e+00 2.020454906545207573e-05
-6.654890264816202716e+00 2.031665392033563886e-05
-6.602980691686176407e+00 2.068685342617560636e-05
-6.551720834272277472e+00 2.110012066500686743e-05
-6.501097610764786872e+00 2.118096606246813062e-05
-6.451098286284775440e+00 2.128781914902710382e-05
-6.401710461442654321e+00 2.164839681226187547e-05
-6.352922061346510496e+00 2.217167012175489204e-05
-6.304721325039668756e+00 2.252610106740179002e-05
-6.257096795348075169e+00 2.263447419255175500e-05
-6.210037309119101678e+00 2.282252424614557838e-05
-6.163531987834188541e+00 2.309942196242384778e-05
-6.117570228578837366e+00 2.362535100389999562e-05
-6.072141695354100754e+00 2.404638152779165931e-05
-6.027236310714632950e+00 2.430826736128438912e-05
-5.982844247719062203e+00 2.445025852468193884e-05
-5.938955922179146363e+00 2.457715348728345224e-05
-5.895561985194874843e+00 2.484837030316094423e-05
-5.852653315963272540e+00 2.499209794891693576e-05
-5.810221014849253685e+00 2.501511039415869227e-05
-5.768256396707496236e+00 2.535898631007365661e-05
-5.726750984444712422e+00 2.575167911021019641e-05
-5.685696502812374042e+00 2.577532896972329149e-05
-5.645084872420248701e+00 2.585873533442497159e-05
-5.604908203961667112e+00 2.615587517217869419e-05
-5.565158792641851981e+00 2.637336938657630205e-05
-5.525829112800970222e+00 2.666674964619432110e-05
-5.486911812724083681e+00 2.707816865783836051e-05
-5.448399709630409760e+00 2.744202308090060003e-05
-5.410285784834729661e+00 2.781554233380262984e-05
-5.372563179074079542e+00 2.813711484021221476e-05
-5.335225187993163587e+00 2.836215938977579585e-05
-5.298265257782246884e+00 2.859894930578711926e-05
-5.261676980961550676e+00 2.890073553436310318e-05
-5.225454092306433651e+00 2.903965084093688065e-05
-5.189590464907923639e+00 2.910601513689761727e-05
-5.154080106363324809e+00 2.936012959506922399e-05
-5.118917155092023386e+00 2.966567599145383797e-05
-5.084095876771596245e+00 2.983122411312532155e-05
-5.049610660889740643e+00 3.000535295527559024e-05
-5.015456017407655231e+00 3.031448243301538566e-05
-4.981626573530626878e+00 3.056259681591164910e-05
-4.948117070581910859e+00 3.069899714330301654e-05
-4.914922360976011539e+00 3.094045503473052928e-05
-4.882037405287712239e+00 3.127654570633390450e-05
-4.849457269413337102e+00 3.148133517334114764e-05
-4.817177121820895636e+00 3.169006106681785865e-05
-4.785192230885824571e+00 3.198298580425575142e-05
-4.753497962309302771e+00 3.234373156927127890e-05
-4.722089776616123835e+00 3.261774641245651060e-05
-4.690963226729293112e+00 3.271594815239870413e-05
-4.660113955618596648e+00 3.277805187501703517e-05
-4.629537694020590344e+00 3.294090754098045570e-05
-4.599230258227382961e+00 3.312963576877194573e-05
-4.569187547941903738e+00 3.329541967384192815e-05
-4.539405544197283149e+00 3.351978877353666854e-05
-4.509880307338105077e+00 3.382332751401729458e-05
-4.480607975061465353e+00 3.427515921814884418e-05
-4.451584760515686412e+00 3.472830614271237384e-05
-4.422806950454783781e+00 3.486552169144770369e-05
-4.394270903446768628e+00 3.487153266021611800e-05
-4.365973048133954926e+00 3.501604085379648594e-05
-4.337909881543509094e+00 3.519181396443340067e-05
-4.310077967446587444e+00 3.531093078614169658e-05
-4.282473934764412071e+00 3.551210335531710419e-05
-4.255094476019731786e+00 3.587190144561800331e-05
-4.227936345832168819e+00 3.632719655413134863e-05
-4.200996359456015128e+00 3.677847925211164828e-05
-4.174271391359062555e+00 3.710650936184372607e-05
-4.147758373841154089e+00 3.720221899982231246e-05
-4.121454295691163061e+00 3.710319647162633550e-05
-4.095356200881122177e+00 3.705848825065495691e-05
-4.069461187296388616e+00 3.725658589621064069e-05
-4.043766405500584860e+00 3.766084825729111796e-05
-4.018269057534298305e+00 3.806922257755292335e-05
-3.992966395746416985e+00 3.834809111679934673e-05
-3.967855721657088441e+00 3.859845590150027953e-05
-3.942934384851309204e+00 3.887271031701839644e-05
-3.918199781902168777e+00 3.911916974260318860e-05
-3.893649355322847061e+00 3.934728008636932092e-05
-3.869280592546462394e+00 3.960358647121228542e-05
-3.845091024932894896e+00 3.989969192632830479e-05
-3.821078226801797317e+00 4.021150946464155368e-05
-3.797239814490932730e+00 4.045813885752385221e-05
-3.773573445439120100e+00 4.057518660998566675e-05
-3.750076817293014120e+00 4.062364182378874430e-05
-3.726747667036997225e+00 4.072070675686703645e-05
-3.703583770145510101e+00 4.093456608170020349e-05
-3.680582939757102157e+00 4.127207469419858079e-05
-3.657743025869630404e+00 4.170182910196687694e-05
-3.635061914555887341e+00 4.216096084529247982e-05
-3.612537527199123133e+00 4.257657068930545088e-05
-3.590167819747855482e+00 4.288691002898502530e-05
-3.567950781989368547e+00 4.308143427930641425e-05
-3.545884436841426179e+00 4.324232524325748059e-05
-3.523966839661581307e+00 4.344857250068715122e-05
-3.502196077573649369e+00 4.372740879580642006e-05
-3.480570268810808887e+00 4.410890499444751012e-05
-3.459087562074850908e+00 4.456005761108871753e-05
-3.437746135911134981e+00 4.496613383944830246e-05
-3.416544198098792506e+00 4.528869451170440346e-05
-3.395479985055740890e+00 4.560746403617361419e-05
-3.374551761258098193e+00 4.596813559834915644e-05
-3.353757818673582580e+00 4.630400869722765334e-05
-3.333096476208523118e+00 4.656092902023141179e-05
-3.312566079168071553e+00 4.679575408324162513e-05
-3.292164998729279812e+00 4.707517547497610817e-05
-3.271891631426664837e+00 4.738891143970562427e-05
-3.251744398649922374e+00 4.773954872539682445e-05
-3.231721746153456643e+00 4.820202522749510475e-05
-3.211822143577407918e+00 4.879251460158414686e-05
-3.192044083979844071e+00 4.937946460163460582e-05
-3.172386083379843402e+00 4.981301254581481592e-05
-3.152846680311138350e+00 5.007544912070461315e-05
-3.133424435386072737e+00 5.027419534929846443e-05
-3.114117930869558570e+00 5.052763737207236980e-05
-3.094925770262795250e+00 5.086312664539876204e-05
-3.075846577896469647e+00 5.123176987111505772e-05
-3.056878998533198555e+00 5.160823401895194679e-05
-3.038021696978961295e+00 5.201290952084493941e-05
-3.019273357703287086e+00 5.245457213798709585e-05
-3.000632684467968048e+00 5.290421473792850939e-05
-2.982098399964077995e+00 5.332068050596936907e-05
-2.963669245457069223e+00 5.369980089460930093e-05
-2.945343980439752762e+00 5.407981696164939408e-05
-2.927121382292947160e+00 5.448371661889631729e-05
-2.909000245953597297e+00 5.489882815466928025e-05
-2.890979383590179363e+00 5.531796304149366403e-05
-2.873057624285205058e+00 5.574647693942204275e-05
-2.855233813724623815e+00 5.618783275887322126e-05
-2.837506813893987179e+00 5.666678484585628350e-05
-2.819875502781155951e+00 5.725761350939737558e-05
-2.802338774085429751e+00 5.803617100030695705e-05
-2.784895536932901372e+00 5.894858254351177977e-05
-2.767544715597910265e+00 5.977493323178843776e-05
-2.750285249230413953e+00 6.032648358902656177e-05
-2.733116091589155250e+00 6.064080794671749993e-05
-2.716036210780464089e+00 6.090509423296564900e-05
-2.699044589002566052e+00 6.126252138440480433e-05
-2.682140222295249732e+00 6.174472969755082032e-05
-2.665322120294779662e+00 6.230517698049860948e-05
-2.648589305993904297e+00 6.286646133740641834e-05
-2.631940815506855547e+00 6.337833277468606433e-05
-2.615375697839200431e+00 6.386277109097502670e-05
-2.598893014662444045e+00 6.438598309959301248e-05
-2.582491840093254609e+00 6.498085419116999043e-05
-2.566171260477212002e+00 6.561828507168897284e-05
-2.549930374176959447e+00 6.625695469642565799e-05
-2.533768291364664638e+00 6.689158736686854267e-05
-2.517684133818677505e+00 6.754350697192002483e-05
-2.501677034724291371e+00 6.823019138845842855e-05
-2.485746138478510670e+00 6.895702250108801264e-05
-2.469890600498723998e+00 6.972878110567750113e-05
-2.454109587035200768e+00 7.055256611398764933e-05
-2.438402274987315543e+00 7.141158338153371179e-05
-2.422767851723407695e+00 7.224556365850663925e-05
-2.407205514904207533e+00 7.298846529423569005e-05
-2.391714472309731221e+00 7.363923079068676386e-05
-2.376293941669569421e+00 7.427896352612758674e-05
-2.360943150496495058e+00 7.500463690117645395e-05
-2.345661335923311608e+00 7.584120483563942491e-05
-2.330447744542858413e+00 7.672336169717942694e-05
-2.315301632251118846e+00 7.757417618048812608e-05
-2.300222264093345625e+00 7.839086835740449602e-05
-2.285208914113144640e+00 7.923245691797932617e-05
-2.270260865204440481e+00 8.013583966827962646e-05
-2.255377408966269037e+00 8.107637408022009575e-05
-2.240557845560325223e+00 8.201463255742028014e-05
-2.225801483571210770e+00 8.295466560727550584e-05
-2.211107639869315467e+00 8.394016518204806560e-05
-2.196475639476279440e+00 8.500194809434025427e-05
-2.181904815432973432e+00 8.612158695142988060e-05
-2.167394508669943320e+00 8.725650343623834136e-05
-2.152944067880271817e+00 8.838814143446953168e-05
-2.138552849394784516e+00 8.952475054934297773e-05
-2.124220217059574090e+00 9.066600054496575401e-05
-2.109945542115772454e+00 9.179598077719720709e-05
-2.095728203081529628e+00 9.291698650392674107e-05
-2.081567585636154849e+00 9.406363460824572454e-05
-2.067463082506362237e+00 9.527458825860711891e-05
-2.053414093354584136e+00 9.656644636517078772e-05
-2.039420024669305942e+00 9.793809353618641530e-05
-2.025480289657382471e+00 9.937462576036380150e-05
-2.011594308138276332e+00 1.008392047473870420e-04
-1.997761506440205226e+00 1.022836793686176328e-04
-1.983981317298131319e+00 1.036866312688939523e-04
-1.970253179753569617e+00 1.050783093109954763e-04
-1.956576539056167352e+00 1.065207159428523424e-04
-1.942950846567025547e+00 1.080616444082200980e-04
-1.929375559663717654e+00 1.096986694462934224e-04
-1.915850141646975535e+00 1.113766966637269633e-04
-1.902374061649005244e+00 1.130242680578088539e-04
-1.888946794543396868e+00 1.146045087818853313e-04
-1.875567820856598900e+00 1.161409595568454084e-04
-1.862236626680921825e+00 1.177021770651777655e-04
-1.848952703589041180e+00 1.193633347321518972e-04
-1.835715548549967879e+00 1.211745503430592806e-04
-1.822524663846452730e+00 1.231441280127158235e-04
-1.809379556993800708e+00 1.252366215819980901e-04
-1.796279740660062796e+00 1.273886715374831266e-04
-1.783224732587581407e+00 1.295404918792000056e-04
-1.770214055515849871e+00 1.316645463094994611e-04
-1.757247237105675541e+00 1.337731413382493807e-04
-1.744323809864610553e+00 1.359036797035019137e-04
-1.731443311073621372e+00 1.380916021506182838e-04
-1.718605282714980698e+00 1.403511241489852936e-04
-1.705809271401351745e+00 1.426733945545433416e-04
-1.693054828306041149e+00 1.450398926497018415e-04
-1.680341509094399610e+00 1.474411543146092679e-04
-1.667668873856344547e+00 1.498897797722512190e-04
-1.655036487039980519e+00 1.524165419281135487e-04
-1.642443917386301022e+00 1.550495918604962537e-04
-1.629890737864948980e+00 1.577915036981035251e-04
-1.617376525611005755e+00 1.606128747744429595e-04
-1.604900861862805783e+00 1.634669202470385887e-04
-1.592463331900736856e+00 1.663130449011792559e-04
-1.580063524987020074e+00 1.691385292470455408e-04
-1.567701034306447028e+00 1.719723213372831706e-04
-1.555375456908052678e+00 1.748805661101140334e-04
-1.543086393647707277e+00 1.779358711952904923e-04
-1.530833449131608237e+00 1.811782048142952361e-04
-1.518616231660659732e+00 1.846015186982036141e-04
-1.506434353175712282e+00 1.881792507964871091e-04
-1.494287429203655870e+00 1.918985709963263639e-04
-1.482175078804342627e+00 1.957644975388335017e-04
-1.470096924518329295e+00 1.997714279146793940e-04
-1.458052592315416618e+00 2.038800222488540241e-04
-1.446041711543979202e+00 2.080315874512062924e-04
-1.434063914881057000e+00 2.121896140529000506e-04
-1.422118838283209508e+00 2.163671751596469293e-04
-1.410206120938107599e+00 2.206144191820622155e-04
-1.398325405216850115e+00 2.249780735332083308e-04
-1.386476336626996986e+00 2.294710269078137311e-04
-1.374658563766294916e+00 2.340773698544679497e-04
-1.362871738277095179e+00 2.387833671692470537e-04
-1.351115514801437101e+00 2.436019254638671628e-04
-1.339389550936797013e+00 2.485700841126017987e-04
-1.327693507192477362e+00 2.537273429475831246e-04
-1.316027046946637080e+00 2.590989234895579689e-04
-1.304389836403941239e+00 2.646928775825358490e-04
-1.292781544553817996e+00 2.705024210528886200e-04
-1.281201843129320173e+00 2.765052021536965835e-04
-1.269650406566570577e+00 2.826621397692476471e-04
-1.258126911964788874e+00 2.889263074495466207e-04
-1.246631039046874889e+00 2.952663219665564720e-04
-1.235162470120555911e+00 3.016899340109151641e-04
-1.223720890040073339e+00 3.082526314208360431e-04
-1.212305986168408234e+00 3.150390837602956595e-04
-1.200917448340022453e+00 3.221185745974946201e-04
-1.189554968824123149e+00 3.295034658571080227e-04
-1.178218242288426865e+00 3.371393334445348675e-04
-1.166906965763418569e+00 3.449420301291056907e-04
-1.155620838607101852e+00 3.528601464054779979e-04
-1.144359562470215863e+00 3.609164427470495516e-04
-1.133122841261928526e+00 3.691972411334916828e-04
-1.121910381115985400e+00 3.778022545274051735e-04
-1.110721890357309283e+00 3.867939498208221132e-04
-1.099557079469039467e+00 3.961763755516590894e-04
-1.088415661060010642e+00 4.059019428304220948e-04
-1.077297349832647466e+00 4.158899760160182386e-04
-1.066201862551285018e+00 4.260508706085633520e-04
-1.055128918010896033e+00 4.363179025991834135e-04
-1.044078237006218046e+00 4.466789789432093136e-04
-1.033049542301277102e+00 4.571883235894917642e-04
-1.022042558599299822e+00 4.679442378855219135e-04
-1.011057012512998066e+00 4.790463635204334348e-04
-1.000092632535235726e+00 4.905593230422114742e-04
-9.891491490100537964e-01 5.025042915308446838e-04
-9.782262941040561488e-01 5.148741856705374475e-04
-9.673238017781481402e-01 5.276560518319406944e-04
-9.564414077596213870e-01 5.408467372228232531e-04
-9.455788495145712735e-01 5.544575492173606712e-04
-9.347358662206534108e-01 5.685075589771026658e-04
-9.239121987401626157e-01 5.830054876723349613e-04
-9.131075895934324116e-01 5.979272882228756298e-04
-9.023217829325496098e-01 6.132113655408273243e-04
-8.915545245153719822e-01 6.287807670289311543e-04
-8.808055616798529108e-01 6.445827041389950388e-04
-8.700746433186589135e-01 6.606185005695459607e-04
-8.593615198540814903e-01 6.769427700138783274e-04
-8.486659432132259706e-01 6.936318949319003960e-04
-8.379876668034880183e-01 7.107491335656482279e-04
-8.273264454882990337e-01 7.283302177074500641e-04
-8.166820355631438932e-01 7.463907800185198144e-04
-8.060541947318363709e-01 7.649394530625210553e-04
-7.954426820830584610e-01 7.839794546278723185e-04
-7.848472580671504994e-01 8.034971996226963247e-04
-7.742676844731486430e-01 8.234524446470584472e-04
-7.637037244060699281e-01 8.437844380500827361e-04
-7.531551422644284788e-01 8.644392007000903854e-04
-7.426217037179922986e-01 8.854018094593190877e-04
-7.321031756857663275e-01 9.067079726898923673e-04
-7.215993263142009839e-01 9.284302381282622798e-04
-7.111099249556180890e-01 9.506434011179909667e-04
-7.006347421468592795e-01 9.733882122859331340e-04
-6.901735495881351490e-01 9.966502290512688038e-04
-6.797261201220911042e-01 1.020362398321651622e-03
-6.692922277130706199e-01 1.044421379800768547e-03
-6.588716474265783329e-01 1.068721292928284401e-03
-6.484641554089376481e-01 1.093191805785388802e-03
-6.380695288671385246e-01 1.117829844993490198e-03
-6.276875460488731129e-01 1.142710345877045661e-03
-6.173179862227488046e-01 1.167966389336789253e-03
-6.069606296586862459e-01 1.193747693822757921e-03
-5.966152576084875481e-01 1.220175713470932500e-03
-5.862816522865772484e-01 1.247311637408989819e-03
-5.759595968509094721e-01 1.275148352254974358e-03
-5.656488753840412942e-01 1.303628998420348819e-03
-5.553492728743597562e-01 1.332684810464660656e-03
-5.450605751974718638e-01 1.362278078541432442e-03
-5.347825690977430213e-01 1.392434111690231619e-03
-5.245150421699888987e-01 1.423247467945483458e-03
-5.142577828413065211e-01 1.454866279125476610e-03
-5.040105803530536832e-01 1.487460773758882181e-03
-4.937732247429644228e-01 1.521197817988852608e-03
-4.835455068274036594e-01 1.556237620548420186e-03
-4.733272181837471781e-01 1.592752573268649578e-03
-4.631181511328986700e-01 1.630952785560716486e-03
-4.529180987219272314e-01 1.671100396576972232e-03
-4.427268547068332061e-01 1.713509939446977454e-03
-4.325442135354257145e-01 1.758541376487485035e-03
-4.223699703303245845e-01 1.806610497564840184e-03
-4.122039208720716941e-01 1.858220659951757142e-03
-4.020458615823537807e-01 1.914002381417267062e-03
-3.918955895073323314e-01 1.974744525170067221e-03
-3.817529023010813316e-01 2.041403437764776913e-03
-3.716175982091194929e-01 2.115097934876106027e-03
-3.614894760520483419e-01 2.197102542167328650e-03
-3.513683352092828449e-01 2.288858908453940931e-03
-3.412539756028758475e-01 2.392014615978163908e-03
-3.311461976814312758e-01 2.508486544643994710e-03
-3.210448024041094306e-01 2.640530904683268277e-03
-3.109495912247085547e-01 2.790793530485573184e-03
-3.008603660758366605e-01 2.962313518618514725e-03
-2.907769293531580201e-01 3.158466055959362542e-03
-2.806990838997174276e-01 3.382831526224694234e-03
-2.706266329903371237e-01 3.638977629437095164e-03
-2.605593803160889399e-01 3.930116576371898984e-03
-2.504971299688272257e-01 4.258574522049437747e-03
-2.404396864257955790e-01 4.624988516265009925e-03
-2.303868545342923901e-01 5.027155791549680133e-03
-2.203384394963986970e-01 5.458528689838917577e-03
-2.102942468537628840e-01 5.906497896453494038e-03
-2.002540824724450275e-01 6.350820536010362907e-03
-1.902177525278067050e-01 6.762764291315500470e-03
-1.801850634894590075e-01 7.105678060790129695e-03
-1.701558221062540455e-01 7.337654710425974003e-03
-1.601298353913264694e-01 7.416633301823831285e-03
-1.501069106071708514e-01 7.307631680247955383e-03
-1.400868552507662790e-01 6.990890972721570430e-03
-1.300694770387391397e-01 6.468860103943317383e-03
-1.200545838925550501e-01 5.769619730819535233e-03
-1.100419839237516545e-01 4.944981586912818028e-03
-1.000314854191983877e-01 4.063171500153929527e-03
-9.002289682638489610e-02 3.198235974703218538e-03
-8.001602673873924043e-02 2.420191176367501688e-03
-7.001068388096250150e-02 1.790380085582340963e-03
-6.000667709439190534e-02 1.364749918051650062e-03
-5.000381532237931775e-02 1.203564791797670248e-03
-4.000190759568706539e-02 1.380031515028341252e-03
-3.000076301789707939e-02 1.975514271012094106e-03
-2.000019075083557876e-02 3.050122250842562163e-03
-9.999999999999974187e-03 4.589449109168079743e-03
0.000000000000000000e+00 6.449075335502308520e-03
9.999999999999974187e-03 8.335496182739605964e-03
2.000019075083557876e-02 9.857164235748918507e-03
3.000076301789707939e-02 1.064416931727949281e-02
4.000190759568635068e-02 1.048764073169595502e-02
5.000381532237860305e-02 9.425675889155372272e-03
6.000667709439118369e-02 7.726145766119768554e-03
7.001068388096322315e-02 5.775925459368828896e-03
8.001602673873996208e-02 3.938345305469804179e-03
9.002289682638561774e-02 2.449583756457003342e-03
1.000314854191983877e-01 1.390078068987363668e-03
1.100419839237516545e-01 7.198910508258169264e-04
1.200545838925550501e-01 3.403473765290001576e-04
1.300694770387391397e-01 1.469602371680409189e-04
1.400868552507662790e-01 5.798816551056336534e-05
1.501069106071708514e-01 2.092952312009223608e-05
1.601298353913264694e-01 6.921638976689100978e-06
1.701558221062540455e-01 2.104505074330401627e-06
1.801850634894582859e-01 5.937261841850680545e-07
1.902177525278067050e-01 1.608135086914728999e-07
2.002540824724450275e-01 4.748152644720635964e-08
2.102942468537628840e-01 2.037348633161761343e-08
2.203384394963986970e-01 1.425815019752911978e-08
2.303868545342923901e-01 1.248841678989511158e-08
2.404396864257955790e-01 1.129844671198979912e-08
2.504971299688272257e-01 1.011726785068062477e-08
2.605593803160889399e-01 9.107824175892100410e-09
2.706266329903371237e-01 8.549302359908527478e-09
2.806990838997167059e-01 8.690501503847215156e-09
2.907769293531572985e-01 9.727089053493343650e-09
3.008603660758359388e-01 1.177321445123459880e-08
3.109495912247092764e-01 1.477781936016695255e-08
3.210448024041101522e-01 1.842028853677848141e-08
3.311461976814320529e-01 2.208431581411308347e-08
3.412539756028758475e-01 2.500896467220331629e-08
3.513683352092828449e-01 2.661279268791863663e-08
3.614894760520483419e-01 2.686369737835748204e-08
3.716175982091194929e-01 2.654120552530683337e-08
3.817529023010813316e-01 2.737654677687665768e-08
3.918955895073323314e-01 3.228704905637403521e-08
4.020458615823530590e-01 4.611222942891512393e-08
4.122039208720709169e-01 7.735960371701597235e-08
4.223699703303238628e-01 1.416038164578971401e-07
4.325442135354264361e-01 2.675809069110231320e-07
4.427268547068339277e-01 5.079384171003494317e-07
4.529180987219279531e-01 9.580843231799224756e-07
4.631181511328986700e-01 1.788914891426837322e-06
4.733272181837471781e-01 3.302427048833435313e-06
4.835455068274036594e-01 6.024443972534316140e-06
4.937732247429644228e-01 1.085628080510613436e-05
5.040105803530536832e-01 1.931794640302850777e-05
5.142577828413065211e-01 3.392976232034003849e-05
5.245150421699888987e-01 5.879774360776511875e-05
5.347825690977430213e-01 1.004919564337986666e-04
5.450605751974710866e-01 1.693383900828311867e-04
5.553492728743597562e-01 2.812798551486294274e-04
5.656488753840412942e-01 4.605044554251930353e-04
5.759595968509094721e-01 7.430673031529961203e-04
5.862816522865772484e-01 1.181755637844830384e-03
5.966152576084875481e-01 1.852448335344173466e-03
6.069606296586862459e-01 2.862197849650105833e-03
6.173179862227488046e-01 4.359197517132033795e-03
6.276875460488731129e-01 6.544654940573432084e-03
6.380695288671385246e-01 9.686437388603939824e-03
6.484641554089369819e-01 1.413398772407675925e-02
6.588716474265774448e-01 2.033378210682724313e-02
6.692922277130698427e-01 2.884426187787851592e-02
6.797261201220904381e-01 4.034854659827735723e-02
6.901735495881360372e-01 5.566357626091091026e-02
7.006347421468600567e-01 7.574299274770884827e-02
7.111099249556188662e-01 1.016722030992436854e-01
7.215993263142009839e-01 1.346535972871363285e-01
7.321031756857663275e-01 1.759792741091701085e-01
7.426217037179922986e-01 2.269908942672452801e-01
7.531551422644284788e-01 2.890251117019066451e-01
7.637037244060699281e-01 3.633459673485520680e-01
7.742676844731486430e-01 4.510656855541204657e-01
7.848472580671498333e-01 5.530586416078040468e-01
7.954426820830577949e-01 6.698742187879598298e-01
8.060541947318363709e-01 8.016529296682421979e-01
8.166820355631446704e-01 9.480580354852969904e-01
8.273264454882999219e-01 1.108220249371136390e+00
8.379876668034880183e-01 1.280706033596251681e+00
8.486659432132259706e-01 1.463510723482340792e+00
8.593615198540814903e-01 1.654080009320845646e+00
8.700746433186589135e-01 1.849361960289854334e+00
8.808055616798529108e-01 2.045885215594576589e+00
8.915545245153719822e-01 2.239864548065806371e+00
9.023217829325496098e-01 2.427332652894649279e+00
9.131075895934324116e-01 2.604289887115085911e+00
9.239121987401619496e-01 2.766862170332100579e+00
9.347358662206525226e-01 2.911458281421349881e+00
9.455788495145712735e-01 3.034906132662554157e+00
9.564414077596213870e-01 3.134566728799068613e+00
9.673238017781488063e-01 3.208437241901080039e+00
9.782262941040561488e-01 3.255222545078362728e+00
9.891491490100537964e-01 3.274375375550793166e+00
1.000092632535235726e+00 3.266101396968662307e+00
1.011057012512998066e+00 3.231310003736303393e+00
1.022042558599299822e+00 3.171517669636829684e+00
1.033049542301277102e+00 3.088736568509172109e+00
1.044078237006217380e+00 2.985374758266444051e+00
1.055128918010895367e+00 2.864155411450716837e+00
1.066201862551284352e+00 2.728030929561980678e+00
1.077297349832648132e+00 2.580091047055772968e+00
1.088415661060011308e+00 2.423454586203626970e+00
1.099557079469040355e+00 2.261156943082178294e+00
1.110721890357309283e+00 2.096052045540217623e+00
1.121910381115985400e+00 1.930744315402809663e+00
1.133122841261928526e+00 1.767553326398019209e+00
1.144359562470215863e+00 1.608487894539466279e+00
1.155620838607101852e+00 1.455235252172886184e+00
1.166906965763418569e+00 1.309155639899953982e+00
1.178218242288425976e+00 1.171287537130574652e+00
1.189554968824123149e+00 1.042366651127230259e+00
1.200917448340022453e+00 9.228480873823364794e-01
1.212305986168408900e+00 8.129385430625948317e-01
1.223720890040074227e+00 7.126347460874744577e-01
1.235162470120555911e+00 6.217592197094080619e-01
1.246631039046874889e+00 5.399912698188180649e-01
1.258126911964788874e+00 4.669005102902888948e-01
1.269650406566570577e+00 4.019731317542959981e-01
1.281201843129320173e+00 3.446397912328820201e-01
1.292781544553817996e+00 2.942997928535014962e-01
1.304389836403941239e+00 2.503399101090680867e-01
1.316027046946637080e+00 2.121505844294781784e-01
1.327693507192476696e+00 1.791382477203170009e-01
1.339389550936796125e+00 1.507348971798808113e-01
1.351115514801436435e+00 1.264060982949370970e-01
1.362871738277095179e+00 1.056568208680483817e-01
1.374658563766295805e+00 8.803382487458175087e-02
1.386476336626997652e+00 7.312633574086851995e-02
1.398325405216850559e+00 6.056515230907783681e-02
1.410206120938107599e+00 5.002098793801885990e-02
1.422118838283209508e+00 4.120190018629527051e-02
1.434063914881057000e+00 3.385066110651750726e-02
1.446041711543979202e+00 2.774241575749938904e-02
1.458052592315416618e+00 2.268212591779512899e-02
1.470096924518328407e+00 1.850197949772273281e-02
1.482175078804341739e+00 1.505857787037432824e-02
1.494287429203654982e+00 1.222984912308508129e-02
1.506434353175713392e+00 9.912129260433822503e-03
1.518616231660660620e+00 8.017714351085662716e-03
1.530833449131608681e+00 6.472813140972929515e-03
1.543086393647707277e+00 5.215770546641467116e-03
1.555375456908052678e+00 4.195339972672856507e-03
1.567701034306447028e+00 3.368998327094279831e-03
1.580063524987019630e+00 2.701471646098155006e-03
1.592463331900736190e+00 2.163488406438426187e-03
1.604900861862805117e+00 1.730763147969890427e-03
1.617376525611005755e+00 1.383188806228818337e-03
1.629890737864948091e+00 1.104240160878108183e-03
1.642443917386300800e+00 8.805128260861364150e-04
1.655036487039980742e+00 7.012668408646799455e-04
1.667668873856345213e+00 5.579108339662334224e-04
1.680341509094400276e+00 4.434895966341093412e-04
1.693054828306040926e+00 3.522930202789843800e-04
1.705809271401351079e+00 2.796449482860337982e-04
1.718605282714980920e+00 2.217790997736353905e-04
1.731443311073621594e+00 1.757056884446975839e-04
1.744323809864610997e+00 1.390520675447693344e-04
1.757247237105675541e+00 1.099232093392563765e-04
1.770214055515848983e+00 8.680522345086040125e-05
1.783224732587580741e+00 6.849200651052393912e-05
1.796279740660062352e+00 5.401557432720413213e-05
1.809379556993800708e+00 4.258749718893221361e-05
1.822524663846453397e+00 3.356642562151822393e-05
1.835715548549968767e+00 2.644036440828959273e-05
1.848952703589041624e+00 2.080685213293297905e-05
1.862236626680921825e+00 1.634975399460083045e-05
1.875567820856598900e+00 1.282265795500944877e-05
1.888946794543396868e+00 1.003854529080009406e-05
1.902374061649005244e+00 7.855437639884233842e-06
1.915850141646975535e+00 6.157421343434791048e-06
1.929375559663716988e+00 4.842358776546385344e-06
1.942950846567024437e+00 3.822247733963796280e-06
1.956576539056166242e+00 3.028014419417071357e-06
1.970253179753570727e+00 2.408848027894942365e-06
1.983981317298132430e+00 1.926263720990668757e-06
1.997761506440205892e+00 1.549150288027677236e-06
2.011594308138276332e+00 1.252309141690565292e-06
2.025480289657382471e+00 1.015945847468315263e-06
2.039420024669305942e+00 8.245252311598601549e-07
2.053414093354583247e+00 6.661456302041670177e-07
2.067463082506361793e+00 5.329807914996125465e-07
2.081567585636154405e+00 4.213342802662780842e-07
2.095728203081529628e+00 3.300322138404519564e-07
2.109945542115771566e+00 2.580372441547305870e-07
2.124220217059573645e+00 2.031123276082786530e-07
2.138552849394784072e+00 1.619478747781036376e-07
2.152944067880272261e+00 1.308875783693658740e-07
2.167394508669943765e+00 1.067394292523054739e-07
2.181904815432972988e+00 8.739031059827250287e-08
2.196475639476278996e+00 7.163751423812524079e-08
2.211107639869315911e+00 5.846621968599840752e-08
2.225801483571211214e+00 4.688867463454802813e-08
2.240557845560325667e+00 3.647726919213277398e-08
2.255377408966268149e+00 2.758970732263793347e-08
2.270260865204440481e+00 2.087947167338258954e-08
2.285208914113143308e+00 1.664077564793596802e-08
2.300222264093344737e+00 1.454492115153509276e-08
2.315301632251118846e+00 1.387177629029318100e-08
2.330447744542859301e+00 1.391846456435481391e-08
2.345661335923311608e+00 1.417502783971204302e-08
2.360943150496495946e+00 1.428872584506982411e-08
2.376293941669568088e+00 1.412265158661048690e-08
2.391714472309731221e+00 1.383051833700506973e-08
2.407205514904206645e+00 1.361455026833501701e-08
2.422767851723407695e+00 1.335690286689800593e-08
2.438402274987316432e+00 1.272033499600682530e-08
2.454109587035200768e+00 1.168294821990462525e-08
2.469890600498723998e+00 1.071337961143517635e-08
2.485746138478509337e+00 1.028647096172769294e-08
2.501677034724291371e+00 1.042728328379032451e-08
2.517684133818678394e+00 1.083030108084946028e-08
2.533768291364664638e+00 1.135855222626772803e-08
2.549930374176959891e+00 1.252183409652642173e-08
2.566171260477213334e+00 1.529457267809027530e-08
2.582491840093254609e+00 1.977373386066750410e-08
2.598893014662444489e+00 2.396104144067312113e-08
2.615375697839199987e+00 2.494536245813599292e-08
2.631940815506855991e+00 2.185639284216037354e-08
2.648589305993903409e+00 1.685110533388956518e-08
2.665322120294779218e+00 1.279578511514761780e-08
2.682140222295247955e+00 1.087121653496749841e-08
2.699044589002565164e+00 1.058604565458681919e-08
2.716036210780464977e+00 1.088312884674508345e-08
2.733116091589157026e+00 1.091918614115970802e-08
2.750285249230413953e+00 1.075183969388180107e-08
2.767544715597911598e+00 1.130545156302311684e-08
2.784895536932901372e+00 1.299102477857393263e-08
2.802338774085429751e+00 1.487005438184010920e-08
2.819875502781155063e+00 1.579074497141466994e-08
2.837506813893987179e+00 1.554006743586037447e-08
2.855233813724622927e+00 1.459638295126768005e-08
2.873057624285204170e+00 1.393638932688583312e-08
2.890979383590180252e+00 1.485154902650503875e-08
2.909000245953595520e+00 1.745479043067865900e-08
2.927121382292947160e+00 2.007051397915388269e-08
2.945343980439754095e+00 2.147957074547295541e-08
2.963669245457068335e+00 2.255896318053252784e-08
2.982098399964077995e+00 2.455347115257920411e-08
3.000632684467967159e+00 2.706058861547785402e-08
3.019273357703287086e+00 2.845854792751304634e-08
3.038021696978962627e+00 2.781746885544769730e-08
3.056878998533198555e+00 2.633782274328332278e-08
3.075846577896470535e+00 2.576529651310892639e-08
3.094925770262794362e+00 2.501227244918382178e-08
3.114117930869559014e+00 2.122347486335134113e-08
3.133424435386071849e+00 1.463770657650794080e-08
3.152846680311138350e+00 8.893742094316924037e-09
3.172386083379844290e+00 6.496665685184291470e-09
3.192044083979846292e+00 6.935038441322637552e-09
3.211822143577407918e+00 8.852824295589072789e-09
3.231721746153457975e+00 1.150422874564107674e-08
3.251744398649921930e+00 1.360606768906296297e-08
3.271891631426665281e+00 1.310299647710313654e-08
3.292164998729279368e+00 9.733950794292836471e-09
3.312566079168071553e+00 5.927692719904187203e-09
3.333096476208521786e+00 4.223627063675289562e-09
3.353757818673582580e+00 5.658421843934252886e-09
3.374551761258096416e+00 9.486516641953224845e-09
3.395479985055740446e+00 1.273947950560581437e-08
3.416544198098793395e+00 1.316971479741157970e-08
3.437746135911136314e+00 1.266077133078372658e-08
3.459087562074850908e+00 1.337157809385930072e-08
3.480570268810810663e+00 1.365447333711093676e-08
3.502196077573649369e+00 1.241227526064779786e-08
3.523966839661581307e+00 1.191556179018788918e-08
3.545884436841424847e+00 1.264081149778318901e-08
3.567950781989368547e+00 1.194154133034794115e-08
3.590167819747851929e+00 9.181518651058263790e-09
3.612537527199123133e+00 6.749369648044551775e-09
3.635061914555887341e+00 6.608572678460513902e-09
3.657743025869628628e+00 8.171363232231647590e-09
3.680582939757102157e+00 9.250769253041215202e-09
3.703583770145510101e+00 8.970173975827626337e-09
3.726747667036997225e+00 8.058562250944107377e-09
3.750076817293014120e+00 7.573129853371853123e-09
3.773573445439117879e+00 9.321648926879106230e-09
3.797239814490932730e+00 1.383716772858300334e-08
3.821078226801799538e+00 1.898011693439938550e-08
3.845091024932894896e+00 2.332887194668874111e-08
3.869280592546462394e+00 2.672370630342696192e-08
3.893649355322847061e+00 2.845917975114895436e-08
3.918199781902168777e+00 2.769691313930989271e-08
3.942934384851307872e+00 2.329622155589917347e-08
3.967855721657088441e+00 1.775982448003470570e-08
3.992966395746416985e+00 1.633421246780183828e-08
4.018269057534300082e+00 1.611039571855766013e-08
4.043766405500584860e+00 1.181596070112029415e-08
4.069461187296391280e+00 7.999119062086409168e-09
4.095356200881122177e+00 8.962337940431742593e-09
4.121454295691163061e+00 1.190187944016111518e-08
4.147758373841154089e+00 1.370126653048894794e-08
4.174271391359062555e+00 1.352128608284071654e-08
4.200996359456013352e+00 1.099691920160881652e-08
4.227936345832168819e+00 6.917297500898832359e-09
4.255094476019727345e+00 4.135786681854409832e-09
4.282473934764413848e+00 4.316645943643142149e-09
4.310077967446587444e+00 7.184500677521811020e-09
4.337909881543510870e+00 1.135476182675630498e-08
4.365973048133954926e+00 1.431590558778390915e-08
4.394270903446770404e+00 1.476699088896330750e-08
4.422806950454781116e+00 1.327980780451608726e-08
4.451584760515686412e+00 9.976492068652179984e-09
4.480607975061463577e+00 7.756331273209834979e-09
4.509880307338105077e+00 9.600000926455289275e-09
4.539405544197283149e+00 1.305426453619460679e-08
4.569187547941903738e+00 1.387984844271965889e-08
4.599230258227382961e+00 1.487506405911658311e-08
4.629537694020593008e+00 1.875468748615242695e-08
4.660113955618596648e+00 2.182470903529626171e-08
4.690963226729293112e+00 1.893420788424045350e-08
4.722089776616123835e+00 1.472155085915473640e-08
4.753497962309302771e+00 1.281937012599042615e-08
4.785192230885826348e+00 1.276030684157446979e-08
4.817177121820895636e+00 1.009320944845890417e-08
4.849457269413340654e+00 5.038492314915590885e-09
4.882037405287709575e+00 3.257801807973833971e-09
4.914922360976011539e+00 6.586985629433660444e-09
4.948117070581908195e+00 1.042229680468748291e-08
4.981626573530626878e+00 8.545768526193792329e-09
5.015456017407652567e+00 7.627065588778403757e-09
5.049610660889745972e+00 1.148698786792943672e-08
5.084095876771596245e+00 1.323791918621384879e-08
5.118917155092026050e+00 1.365464312362334944e-08
5.154080106363324809e+00 1.651444602643104247e-08
5.189590464907923639e+00 1.279224621892281570e-08
5.225454092306433651e+00 8.594034161656252852e-09
5.261676980961550676e+00 8.064077995231764007e-09
5.298265257782244220e+00 7.886871125174871387e-09
5.335225187993163587e+00 9.945191631148391476e-09
5.372563179074077766e+00 1.095637628229507892e-08
5.410285784834729661e+00 1.034424961652441836e-08
5.448399709630405319e+00 1.216891674231279922e-08
5.486911812724086346e+00 1.857642776462616813e-08
5.525829112800970222e+00 1.685668098925839558e-08
5.565158792641854646e+00 1.137845678437367587e-08
5.604908203961667112e+00 6.229429334042358632e-09
5.645084872420248701e+00 6.934714038549429337e-09
5.685696502812371378e+00 8.990990554906887050e-09
5.726750984444712422e+00 5.166669453903527076e-09
5.768256396707492684e+00 2.809436406770232459e-09
5.810221014849253685e+00 4.331239846063273323e-09
5.852653315963272540e+00 9.789515202061265887e-09
5.895561985194872179e+00 1.335887846152805142e-08
5.938955922179146363e+00 8.799914861813849300e-09
5.982844247719065756e+00 7.390782565080535691e-09
6.027236310714632950e+00 7.797772256595482368e-09
6.072141695354100754e+00 1.145536524898400099e-08
6.117570228578833813e+00 8.208357729595820522e-09
6.163531987834188541e+00 7.314332855596702773e-09
6.210037309119105231e+00 1.555097427887549278e-08
6.257096795348075169e+00 2.075464235028725390e-08
6.304721325039668756e+00 1.325026044418654223e-08
6.352922061346506943e+00 8.120998558746502674e-09
6.401710461442654321e+00 5.633781110884832352e-09
6.451098286284771888e+00 5.134737148165062677e-09
6.501097610764786872e+00 5.580912708633890321e-09
6.551720834272277472e+00 8.027504259781315566e-09
6.602980691686179959e+00 9.024880671268448640e-09
6.654890264816202716e+00 8.854842572853730587e-09
6.707462994315653404e+00 4.070939729097583012e-09
6.760712692088343800e+00 7.070319670722095196e-09
6.814653554213885300e+00 1.477083045769312060e-08
6.869300174416541616e+00 1.465052408962529112e-08
6.924667558104775189e+00 1.377186440170200249e-08
6.980771137009639027e+00 9.783451450575262558e-09
7.037626784452278628e+00 1.435885814990545327e-08
7.095250831272059244e+00 8.977253039777541862e-09
7.153660082449184721e+00 6.666563112371509220e-09
7.212871834457117437e+00 1.392051136818733258e-08
7.272903893382699714e+00 1.100888046632370492e-08
7.333774593853726209e+00 1.337052046751735727e-08
7.395502818816384050e+00 8.425917381417262422e-09
7.458108020207268929e+00 4.627898151687643606e-09
7.521610240567749628e+00 1.284349390783431513e-08
7.586030135650939421e+00 1.558381994119039459e-08
7.651388998075133507e+00 1.123210930033437058e-08
7.717708782080382690e+00 6.747107003914535628e-09
7.785012129448951157e+00 2.540881203110599033e-09
7.853322396653874549e+00 2.004864447448041325e-09
7.922663683303971638e+00 2.055009461555368792e-09
7.993060861958362295e+00 9.191604396504161167e-09
8.064539609387720631e+00 1.596139293374890708e-08
8.137126439365120589e+00 4.793368116149321078e-09
8.210848737074378789e+00 3.648285530330615989e-09
8.285734795229668492e+00 9.016285647831058353e-09
8.361813852006719117e+00 8.306887199388015367e-09
8.439116130892415413e+00 9.993062875422271060e-09
8.517672882566811765e+00 6.645235992401719138e-09
8.597516428939853128e+00 3.071129443211519949e-09
8.678680209472870999e+00 5.406752183332777648e-09
8.761198829924738973e+00 1.450434950896382802e-08
8.845108113671690475e+00 4.017324334841160556e-09
8.930445155761116638e+00 1.043097171002462308e-09
9.017248379870389741e+00 2.616239129058072589e-09
9.105557598354891979e+00 4.380539583784255807e-09
9.195414075582201363e+00 2.161345569794292859e-08
9.286860594764410948e+00 2.152263418621609992e-08
9.379941528515811200e+00 5.984958647302491606e-09
9.474702913380864899e+00 1.255998369914884379e-08
9.571192528595130256e+00 5.335772263117397030e-09
9.669459979362780899e+00 1.092440935157286875e-08
9.769556784955327089e+00 5.501457738575429971e-09
9.871536471960840942e+00 4.005746601251572138e-09
9.975454673037942754e+00 5.211057228991080218e-09
1.008136923155793063e+01 1.567637444193398513e-08
1.018934031254830330e+01 3.410479822797802783e-09
1.029943052038522566e+01 3.426849855215226073e-09
1.041170502371859463e+01 2.200280061208457392e-08
1.052623168815380517e+01 1.054024966317788192e-08
1.064308121725768252e+01 3.666098428791608882e-09
1.076232730250476877e+01 2.512402401098601804e-09
1.088404678283179194e+01 1.905185562416630271e-09
1.100831981452695096e+01 2.212714599668159252e-09
1.113523005224294415e+01 3.200794643552546403e-09
1.126486484199331350e+01 8.169142173496650987e-09
1.139731542706779699e+01 6.714952045532656926e-09
1.153267716788676189e+01 1.720034485162507580e-08
1.167104977690866718e+01 6.867090655298963168e-09
1.181253756980620828e+01 2.476762815053321742e-08
1.195724973424156268e+01 1.605481584975411116e-08
1.210530061769597765e+01 8.222609754660898803e-09
1.225681003594877438e+01 2.050923211680196202e-08
1.241190360395464154e+01 1.396901120022175502e-08
1.257071309104042101e+01 2.640638133568325472e-09
1.273337680253192516e+01 2.391724469781312002e-09
1.290003999013476133e+01 2.342901781545776227e-08
1.307085529362815102e+01 5.034034226121632446e-09
1.324598321669588152e+01 6.612110125462758613e-09
1.342559264001181063e+01 1.660631431835821742e-08
1.360986137502873916e+01 2.286953409389917425e-09
1.379897676228727654e+01 1.051695409502765958e-08
1.399313631847826045e+01 1.262796780068803425e-08
1.419254843695589230e+01 5.591940496707590979e-09
1.439743314692606369e+01 2.930141905593158482e-09
1.460802293712368716e+01 4.540478139643177451e-09
1.482456365046278535e+01 3.860786201596822512e-08
1.504731545689699779e+01 1.947513318576200163e-08
1.527655391258613626e+01 1.520588265324833210e-08
1.551257111443440273e+01 8.732732790673902922e-09
1.575567696017295916e+01 1.126104156860354665e-08
1.600620052541652782e+01 7.816199693326167297e-09
1.626449157056262607e+01 2.483505219382976663e-09
1.653092219204418001e+01 1.166471054858091221e-09
1.680588863433074565e+01 7.954500505889296355e-09
1.708981328123576660e+01 3.747058443691895839e-09
1.738314684757837725e+01 8.371498294455541703e-09
1.768637079511793431e+01 1.053164858107330366e-08
1.800000000000201084e+01 7.253709183418785277e-10
