-1.800000000000201084e+01 2.954210403391196410e-07
-1.768637079511795918e+01 6.749204643012909324e-06
-1.738314684757837725e+01 6.616962917830900755e-06
-1.708981328123576660e+01 4.214775707897142507e-06
-1.680588863433072433e+01 1.706113295557678350e-06
-1.653092219204418001e+01 8.495902942276003277e-07
-1.626449157056260830e+01 5.988427960889217637e-06
-1.600620052541652782e+01 2.256095537639357935e-06
-1.575567696017295916e+01 2.400460186277641653e-06
-1.551257111443442049e+01 2.290312573713671516e-06
-1.527655391258613626e+01 1.082800888424321446e-06
-1.504731545689701200e+01 4.426383874493831470e-06
-1.482456365046278535e+01 4.917981926189093377e-06
-1.460802293712368716e+01 1.872944272419415537e-06
-1.439743314692604947e+01 2.473736915757944881e-06
-1.419254843695589230e+01 3.459661707992477606e-06
-1.399313631847824624e+01 1.600527096316750723e-06
-1.379897676228727654e+01 5.419657876284532817e-07
-1.360986137502872673e+01 6.298918854527416444e-07
-1.342559264001182306e+01 1.501641186172718335e-06
-1.324598321669588152e+01 1.345918623683876408e-06
-1.307085529362816168e+01 3.652779295856925822e-07
-1.290003999013476133e+01 2.845404343467707116e-06
-1.273337680253193582e+01 7.551151301654947968e-07
-1.257071309104041035e+01 2.560052256602455872e-06
-1.241190360395464154e+01 1.331515693680967209e-06
-1.225681003594876195e+01 3.029699582901836346e-06
-1.210530061769597765e+01 1.577973518526631132e-06
-1.195724973424155202e+01 3.758265882569200834e-07
-1.181253756980619762e+01 2.230598386540002718e-06
-1.167104977690866718e+01 7.564367281350675612e-07
-1.153267716788677255e+01 9.763853643617295904e-07
-1.139731542706779699e+01 7.411587596036947376e-06
-1.126486484199332239e+01 3.664088801184765548e-06
-1.113523005224293527e+01 1.818546839867584306e-06
-1.100831981452695096e+01 2.220254965519580337e-06
-1.088404678283180083e+01 3.131354685832692513e-07
-1.076232730250476877e+01 5.869039406258393389e-07
-1.064308121725769141e+01 2.152560898531024200e-06
-1.052623168815380517e+01 6.582600854408543482e-07
-1.041170502371859463e+01 5.156418096299010552e-07
-1.029943052038521678e+01 4.338846164509153760e-07
-1.018934031254830330e+01 1.573850143520394560e-06
-1.008136923155793951e+01 1.873786152424606092e-06
-9.975454673037956965e+00 8.447381941377665133e-07
-9.871536471960840942e+00 2.467192618549860516e-07
-9.769556784955334194e+00 3.030856065312732441e-07
-9.669459979362780899e+00 9.443319438956138273e-07
-9.571192528595137361e+00 5.061599976729835219e-07
-9.474702913380864899e+00 1.006990684408650131e-06
-9.379941528515811200e+00 3.313885947747422189e-07
-9.286860594764403842e+00 7.114243510410741176e-07
-9.195414075582201363e+00 2.058659319867801987e-06
-9.105557598354884874e+00 1.036970980619257061e-06
-9.017248379870389741e+00 1.435666404094221585e-06
-8.930445155761116638e+00 1.390530579485130213e-06
-8.845108113671695804e+00 2.035889985918425807e-06
-8.761198829924738973e+00 5.486771552974730643e-06
-8.678680209472876328e+00 2.620593761257315560e-06
-8.597516428939853128e+00 1.401170447756041571e-06
-8.517672882566811765e+00 6.531167205746956828e-07
-8.439116130892410084e+00 1.328814737336754971e-06
-8.361813852006719117e+00 6.277098271844332799e-07
-8.285734795229661387e+00 3.744703676509804999e-07
-8.210848737074378789e+00 2.017781411041928650e-07
-8.137126439365120589e+00 4.913081578403292191e-07
-8.064539609387715302e+00 6.621169523379325395e-07
-7.993060861958362295e+00 7.245336064509048023e-07
-7.922663683303976967e+00 1.847587208842052049e-06
-7.853322396653874549e+00 6.240281607963753536e-07
-7.785012129448951157e+00 4.785307496684959793e-07
-7.717708782080378249e+00 3.846260789034468612e-07
-7.651388998075133507e+00 5.137711325641442230e-07
-7.586030135650944750e+00 5.022572638084867244e-07
-7.521610240567749628e+00 1.553251417507335751e-06
-7.458108020207273370e+00 1.717164653416183547e-06
-7.395502818816379609e+00 1.047726540189377583e-06
-7.333774593853726209e+00 1.287001712289856779e-06
-7.272903893382695273e+00 1.075215054462208377e-06
-7.212871834457117437e+00 8.184101793075600406e-07
-7.153660082449187385e+00 6.463517668669329420e-07
-7.095250831272068126e+00 1.445844025627934876e-06
-7.037626784452278628e+00 1.120544871290134131e-06
-6.980771137009643468e+00 9.555704303601034556e-07
-6.924667558104775189e+00 6.126982316011347455e-07
-6.869300174416541616e+00 6.698643396979259864e-07
-6.814653554213885300e+00 8.938463634056569581e-07
-6.760712692088343800e+00 5.787996583298218165e-07
-6.707462994315648963e+00 1.864399448475698363e-07
-6.654890264816202716e+00 5.559527014795973630e-07
-6.602980691686176407e+00 1.342291702021094738e-06
-6.551720834272277472e+00 7.668164090478418274e-07
-6.501097610764786872e+00 7.062171478306134855e-07
-6.451098286284775440e+00 1.157920101596923948e-06
-6.401710461442654321e+00 1.919705968498035535e-06
-6.352922061346510496e+00 2.721621175080624582e-06
-6.304721325039668756e+00 2.920363870494583850e-06
-6.257096795348075169e+00 1.508632531222688138e-06
-6.210037309119101678e+00 5.240550514304482633e-07
-6.163531987834188541e+00 4.088306135532388703e-07
-6.117570228578837366e+00 3.948003578280301199e-07
-6.072141695354100754e+00 1.864714704502313239e-07
-6.027236310714632950e+00 1.377382377741756979e-07
-5.982844247719062203e+00 4.417622754785219995e-07
-5.938955922179146363e+00 7.328607092502640272e-07
-5.895561985194874843e+00 4.861872729972881137e-07
-5.852653315963272540e+00 5.424075050808788350e-07
-5.810221014849253685e+00 5.967569605120524751e-07
-5.768256396707496236e+00 3.311315485785720799e-07
-5.726750984444712422e+00 2.401826128624318701e-07
-5.685696502812374042e+00 3.235229467202831163e-07
-5.645084872420248701e+00 5.253675911867065443e-07
-5.604908203961667112e+00 7.994515387427164946e-07
-5.565158792641851981e+00 8.864607422142100826e-07
-5.525829112800970222e+00 5.561728890700287477e-07
-5.486911812724083681e+00 4.429309364596793445e-07
-5.448399709630409760e+00 6.441414980011016496e-07
-5.410285784834729661e+00 1.152028135545011741e-06
-5.372563179074079542e+00 1.425410549368396000e-06
-5.335225187993163587e+00 8.781657307280854903e-07
-5.298265257782246884e+00 8.347559585646181274e-07
-5.261676980961550676e+00 1.550150221675239156e-06
-5.225454092306433651e+00 1.962614700651427654e-06
-5.189590464907923639e+00 1.490742402928489828e-06
-5.154080106363324809e+00 9.345308172025151918e-07
-5.118917155092023386e+00 5.339058606882438744e-07
-5.084095876771596245e+00 4.416435072803801270e-07
-5.049610660889740643e+00 7.258436675029716655e-07
-5.015456017407655231e+00 9.900116233160895814e-07
-4.981626573530626878e+00 1.055338169457848573e-06
-4.948117070581910859e+00 8.906768595018887465e-07
-4.914922360976011539e+00 4.629532292557611881e-07
-4.882037405287712239e+00 1.931644247527155618e-07
-4.849457269413337102e+00 1.674559313454438341e-07
-4.817177121820895636e+00 1.997124322116991701e-07
-4.785192230885824571e+00 3.413432140292681879e-07
-4.753497962309302771e+00 5.135636136525412433e-07
-4.722089776616123835e+00 4.981121895879088442e-07
-4.690963226729293112e+00 5.125947598673593204e-07
-4.660113955618596648e+00 7.288571853568792625e-07
-4.629537694020590344e+00 8.400486378782511278e-07
-4.599230258227382961e+00 6.303009214954259495e-07
-4.569187547941903738e+00 4.042666748809370935e-07
-4.539405544197283149e+00 5.154725782393654003e-07
-4.509880307338105077e+00 9.086295287562333836e-07
-4.480607975061465353e+00 1.196489133915615902e-06
-4.451584760515686412e+00 1.353545116605116114e-06
-4.422806950454783781e+00 1.528223467579995155e-06
-4.394270903446768628e+00 1.348717633564678127e-06
-4.365973048133954926e+00 9.199563716282821407e-07
-4.337909881543509094e+00 7.945313517443635398e-07
-4.310077967446587444e+00 1.086458624099951940e-06
-4.282473934764412071e+00 1.334234482846249663e-06
-4.255094476019731786e+00 1.237598780636214109e-06
-4.227936345832168819e+00 1.035991815479624751e-06
-4.200996359456015128e+00 9.210650398920867143e-07
-4.174271391359062555e+00 8.124122684904363929e-07
-4.147758373841154089e+00 5.975774231090573487e-07
-4.121454295691163061e+00 4.370090372758408000e-07
-4.095356200881122177e+00 4.226514789733256167e-07
-4.069461187296388616e+00 4.763759419443022682e-07
-4.043766405500584860e+00 5.644776778223384166e-07
-4.018269057534298305e+00 5.779493975525545780e-07
-3.992966395746416985e+00 4.998271525779554500e-07
-3.967855721657088441e+00 4.818809103919831211e-07
-3.942934384851309204e+00 5.747462574003379029e-07
-3.918199781902168777e+00 6.535005882592134537e-07
-3.893649355322847061e+00 6.376251760652387922e-07
-3.869280592546462394e+00 7.026703258292514948e-07
-3.845091024932894896e+00 1.017471443931304319e-06
-3.821078226801797317e+00 1.409999881736599271e-06
-3.797239814490932730e+00 1.480036870910880952e-06
-3.773573445439120100e+00 1.105698006145965404e-06
-3.750076817293014120e+00 6.254499517431797330e-07
-3.726747667036997225e+00 3.986624081697448709e-07
-3.703583770145510101e+00 4.922181977209780010e-07
-3.680582939757102157e+00 8.094165137620741742e-07
-3.657743025869630404e+00 1.195765447585133928e-06
-3.635061914555887341e+00 1.355625730184194665e-06
-3.612537527199123133e+00 1.141752854762447066e-06
-3.590167819747855482e+00 8.712118510595919657e-07
-3.567950781989368547e+00 8.121139296092289197e-07
-3.545884436841426179e+00 8.741383002533958801e-07
-3.523966839661581307e+00 9.456814619487025113e-07
-3.502196077573649369e+00 9.933128044361729980e-07
-3.480570268810808887e+00 9.483991008008834290e-07
-3.459087562074850908e+00 7.960429929087570593e-07
-3.437746135911134981e+00 6.956361939906184336e-07
-3.416544198098792506e+00 7.939557179708631538e-07
-3.395479985055740890e+00 1.003197227468015332e-06
-3.374551761258098193e+00 1.154984154553171665e-06
-3.353757818673582580e+00 1.214677500653840090e-06
-3.333096476208523118e+00 1.223683943991489883e-06
-3.312566079168071553e+00 1.200596510083662751e-06
-3.292164998729279812e+00 1.132761855946491337e-06
-3.271891631426664837e+00 9.899278883787787205e-07
-3.251744398649922374e+00 7.779324959982609686e-07
-3.231721746153456643e+00 5.925953395658984561e-07
-3.211822143577407918e+00 5.326772126880031738e-07
-3.192044083979844071e+00 5.792955012781470822e-07
-3.172386083379843402e+00 6.382210968957503239e-07
-3.152846680311138350e+00 6.714970186833779564e-07
-3.133424435386072737e+00 7.375120155766360968e-07
-3.114117930869558570e+00 8.979166942387615491e-07
-3.094925770262795250e+00 1.095104041652492826e-06
-3.075846577896469647e+00 1.156197741359195122e-06
-3.056878998533198555e+00 9.875614458330114658e-07
-3.038021696978961295e+00 7.067503885720127613e-07
-3.019273357703287086e+00 5.011382808304172384e-07
-3.000632684467968048e+00 4.576544061792735374e-07
-2.982098399964077995e+00 5.514283587347212302e-07
-2.963669245457069223e+00 6.861978338272579748e-07
-2.945343980439752762e+00 7.592099101500597461e-07
-2.927121382292947160e+00 7.495918063707511029e-07
-2.909000245953597297e+00 7.189758701691102838e-07
-2.890979383590179363e+00 7.196336807046031405e-07
-2.873057624285205058e+00 7.444137920954213034e-07
-2.855233813724623815e+00 7.727669464002520683e-07
-2.837506813893987179e+00 8.196469945470707994e-07
-2.819875502781155951e+00 9.137878583368210012e-07
-2.802338774085429751e+00 1.054377685206204522e-06
-2.784895536932901372e+00 1.191853473200113301e-06
-2.767544715597910265e+00 1.244230316334281076e-06
-2.750285249230413953e+00 1.170676388874498598e-06
-2.733116091589155250e+00 1.029732200515590632e-06
-2.716036210780464089e+00 9.179159386825539046e-07
-2.699044589002566052e+00 8.619289315593131957e-07
-2.682140222295249732e+00 8.214318071066261563e-07
-2.665322120294779662e+00 7.826621521806008375e-07
-2.648589305993904297e+00 7.826558002617832678e-07
-2.631940815506855547e+00 8.332711290984912066e-07
-2.615375697839200431e+00 8.839084960161092188e-07
-2.598893014662444045e+00 8.863346055694556432e-07
-2.582491840093254609e+00 8.557834878997048975e-07
-2.566171260477212002e+00 8.425823046436024852e-07
-2.549930374176959447e+00 8.715450555297006307e-07
-2.533768291364664638e+00 9.289032816512243971e-07
-2.517684133818677505e+00 9.850857186112953865e-07
-2.501677034724291371e+00 1.009605817332687509e-06
-2.485746138478510670e+00 9.766732871085532896e-07
-2.469890600498723998e+00 8.836442445784773195e-07
-2.454109587035200768e+00 7.733075113694551299e-07
-2.438402274987315543e+00 7.154927093827338388e-07
-2.422767851723407695e+00 7.431696972707123813e-07
-2.407205514904207533e+00 8.128275385989812769e-07
-2.391714472309731221e+00 8.423902395132653663e-07
-2.376293941669569421e+00 7.861355022978566074e-07
-2.360943150496495058e+00 6.672644183103909283e-07
-2.345661335923311608e+00 5.468913646436266872e-07
-2.330447744542858413e+00 4.768635116802800333e-07
-2.315301632251118846e+00 4.800157587598061799e-07
-2.300222264093345625e+00 5.525683300443588056e-07
-2.285208914113144640e+00 6.674662523660222498e-07
-2.270260865204440481e+00 7.800596214031081808e-07
-2.255377408966269037e+00 8.447327546908847053e-07
-2.240557845560325223e+00 8.345920858226990709e-07
-2.225801483571210770e+00 7.527009982337281843e-07
-2.211107639869315467e+00 6.331905015105422119e-07
-2.196475639476279440e+00 5.295401829199218669e-07
-2.181904815432973432e+00 4.862897439579894621e-07
-2.167394508669943320e+00 5.099517827146090762e-07
-2.152944067880271817e+00 5.684178820475503090e-07
-2.138552849394784516e+00 6.220413844799008311e-07
-2.124220217059574090e+00 6.539710630268673195e-07
-2.109945542115772454e+00 6.733913820110128648e-07
-2.095728203081529628e+00 6.979808156277231989e-07
-2.081567585636154849e+00 7.346618809410260022e-07
-2.067463082506362237e+00 7.702836238686018468e-07
-2.053414093354584136e+00 7.779125015225529708e-07
-2.039420024669305942e+00 7.371284683822480077e-07
-2.025480289657382471e+00 6.540876751686883974e-07
-2.011594308138276332e+00 5.623210169278818202e-07
-1.997761506440205226e+00 4.993963978942307792e-07
-1.983981317298131319e+00 4.781918533425734965e-07
-1.970253179753569617e+00 4.800629345976176117e-07
-1.956576539056167352e+00 4.777909695991894790e-07
-1.942950846567025547e+00 4.661339390844313448e-07
-1.929375559663717654e+00 4.688352429809330340e-07
-1.915850141646975535e+00 5.155025430851887409e-07
-1.902374061649005244e+00 6.140982100198700612e-07
-1.888946794543396868e+00 7.477088575426720918e-07
-1.875567820856598900e+00 8.939460265598404094e-07
-1.862236626680921825e+00 1.038890951873839650e-06
-1.848952703589041180e+00 1.168331723808103191e-06
-1.835715548549967879e+00 1.254021908674923940e-06
-1.822524663846452730e+00 1.263167768344246476e-06
-1.809379556993800708e+00 1.186976316298987472e-06
-1.796279740660062796e+00 1.053906580336839725e-06
-1.783224732587581407e+00 9.105509703270039868e-07
-1.770214055515849871e+00 7.924824145653680042e-07
-1.757247237105675541e+00 7.145208149820527616e-07
-1.744323809864610553e+00 6.822967382107132505e-07
-1.731443311073621372e+00 7.037908711095297914e-07
-1.718605282714980698e+00 7.836162748228122074e-07
-1.705809271401351745e+00 9.050518191164740732e-07
-1.693054828306041149e+00 1.024785712757755638e-06
-1.680341509094399610e+00 1.096499416351845420e-06
-1.667668873856344547e+00 1.104937710145649854e-06
-1.655036487039980519e+00 1.074533170289386780e-06
-1.642443917386301022e+00 1.044431098888307012e-06
-1.629890737864948980e+00 1.039501909823600205e-06
-1.617376525611005755e+00 1.063845563150479730e-06
-1.604900861862805783e+00 1.111433924445651232e-06
-1.592463331900736856e+00 1.175377637378493587e-06
-1.580063524987020074e+00 1.250042680012518428e-06
-1.567701034306447028e+00 1.329462728594902623e-06
-1.555375456908052678e+00 1.402444712085764941e-06
-1.543086393647707277e+00 1.447543974485726987e-06
-1.530833449131608237e+00 1.438012871077468398e-06
-1.518616231660659732e+00 1.360136601914423743e-06
-1.506434353175712282e+00 1.229744198011320046e-06
-1.494287429203655870e+00 1.087475678373260778e-06
-1.482175078804342627e+00 9.738885391122796584e-07
-1.470096924518329295e+00 9.063228539220363431e-07
-1.458052592315416618e+00 8.760749320226683814e-07
-1.446041711543979202e+00 8.633019812515461743e-07
-1.434063914881057000e+00 8.535379758157988901e-07
-1.422118838283209508e+00 8.443051162743222470e-07
-1.410206120938107599e+00 8.428001699148807964e-07
-1.398325405216850115e+00 8.600965871276699274e-07
-1.386476336626996986e+00 9.041297277139557060e-07
-1.374658563766294916e+00 9.719789121152319731e-07
-1.362871738277095179e+00 1.045703393404584360e-06
-1.351115514801437101e+00 1.097475493761053823e-06
-1.339389550936797013e+00 1.103539295623673778e-06
-1.327693507192477362e+00 1.057697851023329181e-06
-1.316027046946637080e+00 9.743515599609161866e-07
-1.304389836403941239e+00 8.794135934637541072e-07
-1.292781544553817996e+00 7.962704042448618782e-07
-1.281201843129320173e+00 7.359217272238582673e-07
-1.269650406566570577e+00 6.959770004878771992e-07
-1.258126911964788874e+00 6.674005978135521724e-07
-1.246631039046874889e+00 6.439924915840335265e-07
-1.235162470120555911e+00 6.287818595586020986e-07
-1.223720890040073339e+00 6.339036687145099275e-07
-1.212305986168408234e+00 6.737989318414826035e-07
-1.200917448340022453e+00 7.550157805539528095e-07
-1.189554968824123149e+00 8.683242620559192470e-07
-1.178218242288426865e+00 9.889917879574802609e-07
-1.166906965763418569e+00 1.086573496160988244e-06
-1.155620838607101852e+00 1.138408861542458572e-06
-1.144359562470215863e+00 1.138104946720719690e-06
-1.133122841261928526e+00 1.095018245432118630e-06
-1.121910381115985400e+00 1.028853161319098100e-06
-1.110721890357309283e+00 9.650922327087080911e-07
-1.099557079469039467e+00 9.310429133047821312e-07
-1.088415661060010642e+00 9.478527163156072947e-07
-1.077297349832647466e+00 1.018337348369834927e-06
-1.066201862551285018e+00 1.119455970534240606e-06
-1.055128918010896033e+00 1.209145705310577212e-06
-1.044078237006218046e+00 1.246668423319388360e-06
-1.033049542301277102e+00 1.213019953242413134e-06
-1.022042558599299822e+00 1.117066770228950272e-06
-1.011057012512998066e+00 9.851624347844526743e-07
-1.000092632535235726e+00 8.447904985928180206e-07
-9.891491490100537964e-01 7.145509595490314972e-07
-9.782262941040561488e-01 6.042958357148853359e-07
-9.673238017781481402e-01 5.208745353459733779e-07
-9.564414077596213870e-01 4.729683859836817525e-07
-9.455788495145712735e-01 4.720483576899520280e-07
-9.347358662206534108e-01 5.298513287508305943e-07
-9.239121987401626157e-01 6.547794538087438471e-07
-9.131075895934324116e-01 8.491822126178558103e-07
-9.023217829325496098e-01 1.107743007230665753e-06
-8.915545245153719822e-01 1.414518610935996530e-06
-8.808055616798529108e-01 1.737108712327330491e-06
-8.700746433186589135e-01 2.022596925410443879e-06
-8.593615198540814903e-01 2.205902226118248077e-06
-8.486659432132259706e-01 2.235488949257246091e-06
-8.379876668034880183e-01 2.105026178084477193e-06
-8.273264454882990337e-01 1.867275388935255215e-06
-8.166820355631438932e-01 1.614991846248915941e-06
-8.060541947318363709e-01 1.437116862866306910e-06
-7.954426820830584610e-01 1.377024582806590647e-06
-7.848472580671504994e-01 1.417373424064786505e-06
-7.742676844731486430e-01 1.497446286455476965e-06
-7.637037244060699281e-01 1.550093188450563350e-06
-7.531551422644284788e-01 1.536369816624912963e-06
-7.426217037179922986e-01 1.459807606303435834e-06
-7.321031756857663275e-01 1.355795094610129262e-06
-7.215993263142009839e-01 1.265250094349790938e-06
-7.111099249556180890e-01 1.209592055710201244e-06
-7.006347421468592795e-01 1.181164945475526005e-06
-6.901735495881351490e-01 1.152577482910512388e-06
-6.797261201220911042e-01 1.097218233946092415e-06
-6.692922277130706199e-01 1.007634353915436249e-06
-6.588716474265783329e-01 9.013221220774637521e-07
-6.484641554089376481e-01 8.117342348846904271e-07
-6.380695288671385246e-01 7.706207858345437541e-07
-6.276875460488731129e-01 7.916198176846276825e-07
-6.173179862227488046e-01 8.631586634998165946e-07
-6.069606296586862459e-01 9.534218537435408954e-07
-5.966152576084875481e-01 1.024664840212163171e-06
-5.862816522865772484e-01 1.049735359591555662e-06
-5.759595968509094721e-01 1.022750329047346917e-06
-5.656488753840412942e-01 9.588328817675535021e-07
-5.553492728743597562e-01 8.837531460948583589e-07
-5.450605751974718638e-01 8.198326595460965013e-07
-5.347825690977430213e-01 7.761665138297086334e-07
-5.245150421699888987e-01 7.481411526254566169e-07
-5.142577828413065211e-01 7.252536005684985458e-07
-5.040105803530536832e-01 7.013496818372106187e-07
-4.937732247429644228e-01 6.805959338338140025e-07
-4.835455068274036594e-01 6.762438705468140655e-07
-4.733272181837471781e-01 7.046879812942464616e-07
-4.631181511328986700e-01 7.799743222075812760e-07
-4.529180987219272314e-01 9.116409847172007945e-07
-4.427268547068332061e-01 1.104338702087091244e-06
-4.325442135354257145e-01 1.355500735514104107e-06
-4.223699703303245845e-01 1.650347629030483213e-06
-4.122039208720716941e-01 1.958470688309324092e-06
-4.020458615823537807e-01 2.237923850606201265e-06
-3.918955895073323314e-01 2.448339656038056967e-06
-3.817529023010813316e-01 2.566687546741107091e-06
-3.716175982091194929e-01 2.595471916315513581e-06
-3.614894760520483419e-01 2.557624791547972841e-06
-3.513683352092828449e-01 2.481494156554747138e-06
-3.412539756028758475e-01 2.386683467961784535e-06
-3.311461976814312758e-01 2.279593399072259575e-06
-3.210448024041094306e-01 2.159048638846116917e-06
-3.109495912247085547e-01 2.024900066989161590e-06
-3.008603660758366605e-01 1.882204642413142077e-06
-2.907769293531580201e-01 1.739616949564186206e-06
-2.806990838997174276e-01 1.605804198975011924e-06
-2.706266329903371237e-01 1.487525979479871963e-06
-2.605593803160889399e-01 1.389521802065465155e-06
-2.504971299688272257e-01 1.314328384362288384e-06
-2.404396864257955790e-01 1.261975888395271883e-06
-2.303868545342923901e-01 1.231106623612480574e-06
-2.203384394963986970e-01 1.221377096517872340e-06
-2.102942468537628840e-01 1.234341621648208352e-06
-2.002540824724450275e-01 1.270216179923785419e-06
-1.902177525278067050e-01 1.322357392060367886e-06
-1.801850634894590075e-01 1.376880197787784639e-06
-1.701558221062540455e-01 1.431227783935137122e-06
-1.601298353913264694e-01 1.598154674366051761e-06
-1.501069106071708514e-01 2.594580840050620025e-06
-1.400868552507662790e-01 7.941709316916172899e-06
-1.300694770387391397e-01 3.295299012762934604e-05
-1.200545838925550501e-01 1.364154493063586397e-04
-1.100419839237516545e-01 5.192809940654669878e-04
-1.000314854191983877e-01 1.791716633966690181e-03
-9.002289682638489610e-02 5.594088463468271238e-03
-8.001602673873924043e-02 1.580619748015849729e-02
-7.001068388096250150e-02 4.047778741670655933e-02
-6.000667709439190534e-02 9.415891128206832494e-02
-5.000381532237931775e-02 1.994131038607822037e-01
-4.000190759568706539e-02 3.855340093618379038e-01
-3.000076301789707939e-02 6.825856771092291275e-01
-2.000019075083557876e-02 1.110780452494053216e+00
-9.999999999999974187e-03 1.668476571391136254e+00
0.000000000000000000e+00 2.324469038377830366e+00
9.999999999999974187e-03 3.019649249680223413e+00
2.000019075083557876e-02 3.678892502196789316e+00
3.000076301789707939e-02 4.228933589752323918e+00
4.000190759568635068e-02 4.615400042549872239e+00
5.000381532237860305e-02 4.813195990497533217e+00
6.000667709439118369e-02 4.827910141198390015e+00
7.001068388096322315e-02 4.689338745601271619e+00
8.001602673873996208e-02 4.440350560955739212e+00
9.002289682638561774e-02 4.125113511240678044e+00
1.000314854191983877e-01 3.780087349997393265e+00
1.100419839237516545e-01 3.429781001436595922e+00
1.200545838925550501e-01 3.087384179191290379e+00
1.300694770387391397e-01 2.758626412599681110e+00
1.400868552507662790e-01 2.446403874262888412e+00
1.501069106071708514e-01 2.153827363963834784e+00
1.601298353913264694e-01 1.884635469639058591e+00
1.701558221062540455e-01 1.641620799964526256e+00
1.801850634894582859e-01 1.424755556172805804e+00
1.902177525278067050e-01 1.230623551304606877e+00
2.002540824724450275e-01 1.053656075196807596e+00
2.102942468537628840e-01 8.885064227206591614e-01
2.203384394963986970e-01 7.323033233886866444e-01
2.303868545342923901e-01 5.856529983464617839e-01
2.404396864257955790e-01 4.519995538266006752e-01
2.504971299688272257e-01 3.357931565333598933e-01
2.605593803160889399e-01 2.404489934168838605e-01
2.706266329903371237e-01 1.670314380989881275e-01
2.806990838997167059e-01 1.140250273630063343e-01
2.907769293531572985e-01 7.799982140791542062e-02
3.008603660758359388e-01 5.465691083972384207e-02
3.109495912247092764e-01 3.980684295806866113e-02
3.210448024041101522e-01 3.004853519537546355e-02
3.311461976814320529e-01 2.307115115785413409e-02
3.412539756028758475e-01 1.761243795933143536e-02
3.513683352092828449e-01 1.317054850668453875e-02
3.614894760520483419e-01 9.630108474801096080e-03
3.716175982091194929e-01 6.956071368241027383e-03
3.817529023010813316e-01 5.041503631066064986e-03
3.918955895073323314e-01 3.701291100820025722e-03
4.020458615823530590e-01 2.737146880641003893e-03
4.122039208720709169e-01 2.000690580817353695e-03
4.223699703303238628e-01 1.413861840500939444e-03
4.325442135354264361e-01 9.507703288975030698e-04
4.427268547068339277e-01 6.056608772306698845e-04
4.529180987219279531e-01 3.694750587344084727e-04
4.631181511328986700e-01 2.226493725158568138e-04
4.733272181837471781e-01 1.397694571592655042e-04
4.835455068274036594e-01 9.690018456348352557e-05
4.937732247429644228e-01 7.620409523175282636e-05
5.040105803530536832e-01 6.653307295579767491e-05
5.142577828413065211e-01 6.175358016864357174e-05
5.245150421699888987e-01 5.863131967270481941e-05
5.347825690977430213e-01 5.537734730883280460e-05
5.450605751974710866e-01 5.104114528606940428e-05
5.553492728743597562e-01 4.536845923021312529e-05
5.656488753840412942e-01 3.875593076638051792e-05
5.759595968509094721e-01 3.203943006745642893e-05
5.862816522865772484e-01 2.613687590642317941e-05
5.966152576084875481e-01 2.170288389259671840e-05
6.069606296586862459e-01 1.894371082484461793e-05
6.173179862227488046e-01 1.764703006512282474e-05
6.276875460488731129e-01 1.736216699847493847e-05
6.380695288671385246e-01 1.760601953253480368e-05
6.484641554089369819e-01 1.799468058976591139e-05
6.588716474265774448e-01 1.827547342641854157e-05
6.692922277130698427e-01 1.829992768505027422e-05
6.797261201220904381e-01 1.799222949585888403e-05
6.901735495881360372e-01 1.733497815608451187e-05
7.006347421468600567e-01 1.636311614528595038e-05
7.111099249556188662e-01 1.515627295075905627e-05
7.215993263142009839e-01 1.383179352701592357e-05
7.321031756857663275e-01 1.253446978054441696e-05
7.426217037179922986e-01 1.140913316419205051e-05
7.531551422644284788e-01 1.055324038717280245e-05
7.637037244060699281e-01 9.980093683405633510e-06
7.742676844731486430e-01 9.632351057940420137e-06
7.848472580671498333e-01 9.448086028389813819e-06
7.954426820830577949e-01 9.428125781911760473e-06
8.060541947318363709e-01 9.642586457214166471e-06
8.166820355631446704e-01 1.016504033770793762e-05
8.273264454882999219e-01 1.098655013384369165e-05
8.379876668034880183e-01 1.198462671715345000e-05
8.486659432132259706e-01 1.297760267244518401e-05
8.593615198540814903e-01 1.381979889615447894e-05
8.700746433186589135e-01 1.445544726903473255e-05
8.808055616798529108e-01 1.488447761021896591e-05
8.915545245153719822e-01 1.507602124936394004e-05
9.023217829325496098e-01 1.491933544613670908e-05
9.131075895934324116e-01 1.427186840659376549e-05
9.239121987401619496e-01 1.307380758236214032e-05
9.347358662206525226e-01 1.143361842267198619e-05
9.455788495145712735e-01 9.614003696780599778e-06
9.564414077596213870e-01 7.930202681604061325e-06
9.673238017781488063e-01 6.633704196242935068e-06
9.782262941040561488e-01 5.843904858425412674e-06
9.891491490100537964e-01 5.541155476607948841e-06
1.000092632535235726e+00 5.602225423750255958e-06
1.011057012512998066e+00 5.855737904447466294e-06
1.022042558599299822e+00 6.141621326091113064e-06
1.033049542301277102e+00 6.358997878432541342e-06
1.044078237006217380e+00 6.487660845550248592e-06
1.055128918010895367e+00 6.574129146054126185e-06
1.066201862551284352e+00 6.689478715681039948e-06
1.077297349832648132e+00 6.879724600217731350e-06
1.088415661060011308e+00 7.134525908729800630e-06
1.099557079469040355e+00 7.392463789374141854e-06
1.110721890357309283e+00 7.578889071428740374e-06
1.121910381115985400e+00 7.651615775031530677e-06
1.133122841261928526e+00 7.620524077734927416e-06
1.144359562470215863e+00 7.523344576795923353e-06
1.155620838607101852e+00 7.378545078286156527e-06
1.166906965763418569e+00 7.161457434036278767e-06
1.178218242288425976e+00 6.833324255914350755e-06
1.189554968824123149e+00 6.398205611336495826e-06
1.200917448340022453e+00 5.929767260141820201e-06
1.212305986168408900e+00 5.537008103221001856e-06
1.223720890040074227e+00 5.302327301922102801e-06
1.235162470120555911e+00 5.250311362557455119e-06
1.246631039046874889e+00 5.364821389973274157e-06
1.258126911964788874e+00 5.616135851678366698e-06
1.269650406566570577e+00 5.957968118209849166e-06
1.281201843129320173e+00 6.309070394479229477e-06
1.292781544553817996e+00 6.563414456499937108e-06
1.304389836403941239e+00 6.637484334940141039e-06
1.316027046946637080e+00 6.509082946792739660e-06
1.327693507192476696e+00 6.207911324431640676e-06
1.339389550936796125e+00 5.776412547136150556e-06
1.351115514801436435e+00 5.252883287796891319e-06
1.362871738277095179e+00 4.696993809035415269e-06
1.374658563766295805e+00 4.221784052922918765e-06
1.386476336626997652e+00 3.981419309475660842e-06
1.398325405216850559e+00 4.102635706797421423e-06
1.410206120938107599e+00 4.603249790302618418e-06
1.422118838283209508e+00 5.363226435276397890e-06
1.434063914881057000e+00 6.177063434828960475e-06
1.446041711543979202e+00 6.845309824367948975e-06
1.458052592315416618e+00 7.232342265599360182e-06
1.470096924518328407e+00 7.269368487976658582e-06
1.482175078804341739e+00 6.944732214873423894e-06
1.494287429203654982e+00 6.316296722896833145e-06
1.506434353175713392e+00 5.522472303178246299e-06
1.518616231660660620e+00 4.752494148001663758e-06
1.530833449131608681e+00 4.179971339030724539e-06
1.543086393647707277e+00 3.899916816841052618e-06
1.555375456908052678e+00 3.903714631123415054e-06
1.567701034306447028e+00 4.096365213182877152e-06
1.580063524987019630e+00 4.343556074880705806e-06
1.592463331900736190e+00 4.528178155849201951e-06
1.604900861862805117e+00 4.601380180244996866e-06
1.617376525611005755e+00 4.614064503401431030e-06
1.629890737864948091e+00 4.709372400605172861e-06
1.642443917386300800e+00 5.056495254827837206e-06
1.655036487039980742e+00 5.733210543173920675e-06
1.667668873856345213e+00 6.621414237865780024e-06
1.680341509094400276e+00 7.415802155566629983e-06
1.693054828306040926e+00 7.784384487559719066e-06
1.705809271401351079e+00 7.577241132335839012e-06
1.718605282714980920e+00 6.907017438445176001e-06
1.731443311073621594e+00 6.035131115786196009e-06
1.744323809864610997e+00 5.183714893572190815e-06
1.757247237105675541e+00 4.443377292468496350e-06
1.770214055515848983e+00 3.820509235897269446e-06
1.783224732587580741e+00 3.324805251383852471e-06
1.796279740660062352e+00 2.989280681909031550e-06
1.809379556993800708e+00 2.821455398209662038e-06
1.822524663846453397e+00 2.771621332260472108e-06
1.835715548549968767e+00 2.773434987776259491e-06
1.848952703589041624e+00 2.812524684989469517e-06
1.862236626680921825e+00 2.934929313033720785e-06
1.875567820856598900e+00 3.176071234159964303e-06
1.888946794543396868e+00 3.489603976979231957e-06
1.902374061649005244e+00 3.760511991426295818e-06
1.915850141646975535e+00 3.885660774524274566e-06
1.929375559663716988e+00 3.829271782174871900e-06
1.942950846567024437e+00 3.610970942079995985e-06
1.956576539056166242e+00 3.278797409496700203e-06
1.970253179753570727e+00 2.919013357714688270e-06
1.983981317298132430e+00 2.674499314771801837e-06
1.997761506440205892e+00 2.707131102124551373e-06
2.011594308138276332e+00 3.097328651307156843e-06
2.025480289657382471e+00 3.763792153088119045e-06
2.039420024669305942e+00 4.493988990409033651e-06
2.053414093354583247e+00 5.059830961707475168e-06
2.067463082506361793e+00 5.295545723220402530e-06
2.081567585636154405e+00 5.100681065657475824e-06
2.095728203081529628e+00 4.463963623148460124e-06
2.109945542115771566e+00 3.535386345422928611e-06
2.124220217059573645e+00 2.618362153390067596e-06
2.138552849394784072e+00 2.012331826809167002e-06
2.152944067880272261e+00 1.841847723643481286e-06
2.167394508669943765e+00 2.039008857667598892e-06
2.181904815432972988e+00 2.460910119081234258e-06
2.196475639476278996e+00 2.983605489515366623e-06
2.211107639869315911e+00 3.486893777854116049e-06
2.225801483571211214e+00 3.813828010555934808e-06
2.240557845560325667e+00 3.831323743094230196e-06
2.255377408966268149e+00 3.564229821715748955e-06
2.270260865204440481e+00 3.230097829099511401e-06
2.285208914113143308e+00 3.085544441171738997e-06
2.300222264093344737e+00 3.210601154895052906e-06
2.315301632251118846e+00 3.441156422139434622e-06
2.330447744542859301e+00 3.527323233316583631e-06
2.345661335923311608e+00 3.356384977367777673e-06
2.360943150496495946e+00 2.993354343060039473e-06
2.376293941669568088e+00 2.540041916738672275e-06
2.391714472309731221e+00 2.055051199094689526e-06
2.407205514904206645e+00 1.617322691733983060e-06
2.422767851723407695e+00 1.362125518823096302e-06
2.438402274987316432e+00 1.387976961018280512e-06
2.454109587035200768e+00 1.639147845724227915e-06
2.469890600498723998e+00 1.913896861830126117e-06
2.485746138478509337e+00 2.028094041504492815e-06
2.501677034724291371e+00 1.991590527173846062e-06
2.517684133818678394e+00 2.008487502933903480e-06
2.533768291364664638e+00 2.275547841899714871e-06
2.549930374176959891e+00 2.764380683002364570e-06
2.566171260477213334e+00 3.231414675521152340e-06
2.582491840093254609e+00 3.471675601960440124e-06
2.598893014662444489e+00 3.507479124821592694e-06
2.615375697839199987e+00 3.508549246588020091e-06
2.631940815506855991e+00 3.645022909253575647e-06
2.648589305993903409e+00 4.012636933437724136e-06
2.665322120294779218e+00 4.482622329877135729e-06
2.682140222295247955e+00 4.642492698522005655e-06
2.699044589002565164e+00 4.193647134880694937e-06
2.716036210780464977e+00 3.378114624084223454e-06
2.733116091589157026e+00 2.719232604974650585e-06
2.750285249230413953e+00 2.436445058814227205e-06
2.767544715597911598e+00 2.341964878630226872e-06
2.784895536932901372e+00 2.202201770614517455e-06
2.802338774085429751e+00 2.008036028966244276e-06
2.819875502781155063e+00 1.878223453759770050e-06
2.837506813893987179e+00 1.848108409179070649e-06
2.855233813724622927e+00 1.885671144538025313e-06
2.873057624285204170e+00 2.029635662749668199e-06
2.890979383590180252e+00 2.391245647557227997e-06
2.909000245953595520e+00 3.028316633835443806e-06
2.927121382292947160e+00 3.751058719605688947e-06
2.945343980439754095e+00 4.081589770081323602e-06
2.963669245457068335e+00 3.691064126546600317e-06
2.982098399964077995e+00 2.820961212673367561e-06
3.000632684467967159e+00 1.993482851396641600e-06
3.019273357703287086e+00 1.495149795480231036e-06
3.038021696978962627e+00 1.302288176000633049e-06
3.056878998533198555e+00 1.266565178379940410e-06
3.075846577896470535e+00 1.269936586900366647e-06
3.094925770262794362e+00 1.319826750817094458e-06
3.114117930869559014e+00 1.561261335642127860e-06
3.133424435386071849e+00 2.151993708484683204e-06
3.152846680311138350e+00 3.029758279556048487e-06
3.172386083379844290e+00 3.790316554324809675e-06
3.192044083979846292e+00 3.935964664376115477e-06
3.211822143577407918e+00 3.366933041627209058e-06
3.231721746153457975e+00 2.583021197689151305e-06
3.251744398649921930e+00 2.266468089690805762e-06
3.271891631426665281e+00 2.650727613649412527e-06
3.292164998729279368e+00 3.394181462036463424e-06
3.312566079168071553e+00 3.880881619445922934e-06
3.333096476208521786e+00 3.623751565755735811e-06
3.353757818673582580e+00 2.765739420646420713e-06
3.374551761258096416e+00 2.055069526165979302e-06
3.395479985055740446e+00 2.040534280885122784e-06
3.416544198098793395e+00 2.521496941710879324e-06
3.437746135911136314e+00 2.942730360598532773e-06
3.459087562074850908e+00 3.024262486355556977e-06
3.480570268810810663e+00 2.764550832414506706e-06
3.502196077573649369e+00 2.268737125477576524e-06
3.523966839661581307e+00 1.813142156674463200e-06
3.545884436841424847e+00 1.660906032438153117e-06
3.567950781989368547e+00 1.893230072931445884e-06
3.590167819747851929e+00 2.497484041425428904e-06
3.612537527199123133e+00 3.235027036613356223e-06
3.635061914555887341e+00 3.684602999975656408e-06
3.657743025869628628e+00 3.661782569224975775e-06
3.680582939757102157e+00 3.225614667743871566e-06
3.703583770145510101e+00 2.482075257311732532e-06
3.726747667036997225e+00 1.776613941773688074e-06
3.750076817293014120e+00 1.611121906636140559e-06
3.773573445439117879e+00 2.321759429822404246e-06
3.797239814490932730e+00 3.539425985842610665e-06
3.821078226801799538e+00 4.039717646238547668e-06
3.845091024932894896e+00 3.272304152959228198e-06
3.869280592546462394e+00 2.272539844160475007e-06
3.893649355322847061e+00 1.992922787044838727e-06
3.918199781902168777e+00 2.018310367486682506e-06
3.942934384851307872e+00 1.634162127867765246e-06
3.967855721657088441e+00 1.196114522137224447e-06
3.992966395746416985e+00 1.374401401091645813e-06
4.018269057534300082e+00 1.952880557325640185e-06
4.043766405500584860e+00 2.439611176377798926e-06
4.069461187296391280e+00 2.893231631422595499e-06
4.095356200881122177e+00 3.261859183490230815e-06
4.121454295691163061e+00 3.394889933338687927e-06
4.147758373841154089e+00 3.921772151079712330e-06
4.174271391359062555e+00 5.226469222635042846e-06
4.200996359456013352e+00 6.110369344833096447e-06
4.227936345832168819e+00 5.598882027141699301e-06
4.255094476019727345e+00 4.588171191090311250e-06
4.282473934764413848e+00 3.691468983912845684e-06
4.310077967446587444e+00 2.875031075355324146e-06
4.337909881543510870e+00 2.507549170611426059e-06
4.365973048133954926e+00 3.079712379869966405e-06
4.394270903446770404e+00 4.151987339035728842e-06
4.422806950454781116e+00 4.823475777328958133e-06
4.451584760515686412e+00 4.377327542302033062e-06
4.480607975061463577e+00 2.684448754412093930e-06
4.509880307338105077e+00 1.153666535195086839e-06
4.539405544197283149e+00 8.788797339807265399e-07
4.569187547941903738e+00 1.731213962468372878e-06
4.599230258227382961e+00 2.687536535832758504e-06
4.629537694020593008e+00 2.782572599833147185e-06
4.660113955618596648e+00 2.756272327330382099e-06
4.690963226729293112e+00 2.768741229814391487e-06
4.722089776616123835e+00 2.939242338173351868e-06
4.753497962309302771e+00 3.337600174807812805e-06
4.785192230885826348e+00 3.420073625925079006e-06
4.817177121820895636e+00 3.720619756096612249e-06
4.849457269413340654e+00 3.157792420596094459e-06
4.882037405287709575e+00 2.229049551906897879e-06
4.914922360976011539e+00 2.375499802600644066e-06
4.948117070581908195e+00 3.191460261583464682e-06
4.981626573530626878e+00 3.512638075199842804e-06
5.015456017407652567e+00 2.593301338376653738e-06
5.049610660889745972e+00 2.835633583543448678e-06
5.084095876771596245e+00 3.937278992299636640e-06
5.118917155092026050e+00 3.767745915804494268e-06
5.154080106363324809e+00 3.416610225638852328e-06
5.189590464907923639e+00 2.321801420225365835e-06
5.225454092306433651e+00 9.211265118954455254e-07
5.261676980961550676e+00 4.160395712473607694e-07
5.298265257782244220e+00 8.255338710544880621e-07
5.335225187993163587e+00 1.990373887938890143e-06
5.372563179074077766e+00 3.227496576597459648e-06
5.410285784834729661e+00 4.225366499100167518e-06
5.448399709630405319e+00 6.025047832173627136e-06
5.486911812724086346e+00 6.243798568479268327e-06
5.525829112800970222e+00 4.270073233487645115e-06
5.565158792641854646e+00 3.971515942727650880e-06
5.604908203961667112e+00 3.811824170612747745e-06
5.645084872420248701e+00 2.725080328111012739e-06
5.685696502812371378e+00 2.857628520647630040e-06
5.726750984444712422e+00 3.375994762203675643e-06
5.768256396707492684e+00 3.676806092929906404e-06
5.810221014849253685e+00 3.425277552118836543e-06
5.852653315963272540e+00 3.232161753346673021e-06
5.895561985194872179e+00 2.724161997391065160e-06
5.938955922179146363e+00 2.945675852166189226e-06
5.982844247719065756e+00 3.083805607211586848e-06
6.027236310714632950e+00 1.579938402776632517e-06
6.072141695354100754e+00 5.537073017945592591e-07
6.117570228578833813e+00 6.542768689456983895e-07
6.163531987834188541e+00 1.498581753123222670e-06
6.210037309119105231e+00 2.000925932722382968e-06
6.257096795348075169e+00 3.047189427869972396e-06
6.304721325039668756e+00 6.382156185633600391e-06
6.352922061346506943e+00 8.151805822051430756e-06
6.401710461442654321e+00 1.015057230017361693e-05
6.451098286284771888e+00 8.562381036863928494e-06
6.501097610764786872e+00 6.705669280084978971e-06
6.551720834272277472e+00 3.497923685846126884e-06
6.602980691686179959e+00 1.652828494826940585e-06
6.654890264816202716e+00 2.468640296369340270e-06
6.707462994315653404e+00 3.373926526418471421e-06
6.760712692088343800e+00 4.808234027788600227e-06
6.814653554213885300e+00 2.175441803115809394e-06
6.869300174416541616e+00 2.401632113055335744e-06
6.924667558104775189e+00 6.314804166941190987e-06
6.980771137009639027e+00 6.132022883493195954e-06
7.037626784452278628e+00 6.565346708915589338e-06
7.095250831272059244e+00 5.492987267182079308e-06
7.153660082449184721e+00 3.566303227806813717e-06
7.212871834457117437e+00 1.874187585737670780e-06
7.272903893382699714e+00 1.193323566168821302e-06
7.333774593853726209e+00 1.708304365000478437e-06
7.395502818816384050e+00 4.246919785104874572e-06
7.458108020207268929e+00 3.767510023270191197e-06
7.521610240567749628e+00 2.702526138063041817e-06
7.586030135650939421e+00 4.453443956013596782e-06
7.651388998075133507e+00 6.738296354266522771e-06
7.717708782080382690e+00 8.622117180122718197e-06
7.785012129448951157e+00 5.521746735017068373e-06
7.853322396653874549e+00 5.407374088209327377e-06
7.922663683303971638e+00 8.254802975102858208e-06
7.993060861958362295e+00 3.587480716204443145e-06
8.064539609387720631e+00 7.458877357731443641e-07
8.137126439365120589e+00 1.987265099849325590e-06
8.210848737074378789e+00 7.408411208346809254e-06
8.285734795229668492e+00 5.163093153663069886e-06
8.361813852006719117e+00 7.264756699391529162e-06
8.439116130892415413e+00 3.630456470546263907e-06
8.517672882566811765e+00 5.752675585739451979e-06
8.597516428939853128e+00 5.215606436945096212e-06
8.678680209472870999e+00 8.241272807086717873e-06
8.761198829924738973e+00 7.460896878342592543e-06
8.845108113671690475e+00 4.323887730710353566e-06
8.930445155761116638e+00 3.363878261007080257e-06
9.017248379870389741e+00 5.483689973456386069e-06
9.105557598354891979e+00 7.537025204947404187e-06
9.195414075582201363e+00 2.562801553545908362e-06
9.286860594764410948e+00 2.161574864297748242e-06
9.379941528515811200e+00 8.434202951401050490e-06
9.474702913380864899e+00 9.358996598775293739e-06
9.571192528595130256e+00 1.317145952060343953e-05
9.669459979362780899e+00 1.414959481262185034e-05
9.769556784955327089e+00 1.356710775149762248e-05
9.871536471960840942e+00 5.728691620954349885e-06
9.975454673037942754e+00 8.777801224700949666e-06
1.008136923155793063e+01 5.070318647901168475e-06
1.018934031254830330e+01 5.599092400053254506e-06
1.029943052038522566e+01 6.879922774322850636e-06
1.041170502371859463e+01 9.090289700835616144e-06
1.052623168815380517e+01 1.309941330498462019e-05
1.064308121725768252e+01 5.968535822360123085e-06
1.076232730250476877e+01 1.047500612148683573e-05
1.088404678283179194e+01 2.191161527384688664e-05
1.100831981452695096e+01 4.370368162794178126e-06
1.113523005224294415e+01 9.756213195010886470e-06
1.126486484199331350e+01 7.250632746030132004e-06
1.139731542706779699e+01 1.124403797976753050e-05
1.153267716788676189e+01 9.180744214749285046e-06
1.167104977690866718e+01 2.647222297607180458e-06
1.181253756980620828e+01 9.874178710362469438e-06
1.195724973424156268e+01 1.779894835740264636e-05
1.210530061769597765e+01 1.476760691408348627e-05
1.225681003594877438e+01 8.512334660402209950e-06
1.241190360395464154e+01 2.465513481201645629e-05
1.257071309104042101e+01 3.027281250087056024e-05
1.273337680253192516e+01 3.793662698642090902e-05
1.290003999013476133e+01 3.492581695988259186e-05
1.307085529362815102e+01 1.419305563922822648e-05
1.324598321669588152e+01 8.883625652595503381e-05
1.342559264001181063e+01 2.180117540010534916e-05
1.360986137502873916e+01 1.173863495072313744e-04
1.379897676228727654e+01 1.785497616422618202e-05
1.399313631847826045e+01 1.158667970571100565e-04
1.419254843695589230e+01 2.789004635065192949e-05
1.439743314692606369e+01 4.495280495515662021e-05
1.460802293712368716e+01 1.762074991706654976e-04
1.482456365046278535e+01 1.275201138763216741e-04
1.504731545689699779e+01 6.355768366285480437e-05
1.527655391258613626e+01 7.275299657874125339e-05
1.551257111443440273e+01 3.054814140854967788e-05
1.575567696017295916e+01 3.107376849264539896e-04
1.600620052541652782e+01 5.325068090169467021e-03
1.626449157056262607e+01 6.439400033169099050e-03
1.653092219204418001e+01 2.864995106214628107e-02
1.680588863433074565e+01 4.430479703013548431e-02
1.708981328123576660e+01 6.358883288825131763e-02
1.738314684757837725e+01 1.305672566420456038e-01
1.768637079511793431e+01 1.935758314256015578e-01
1.800000000000201084e+01 7.800930862864769409e-03
