-1.800000000000201084e+01 2.351557276450158294e-05
-1.768637079511795918e+01 6.249772072081509499e-05
-1.738314684757837725e+01 8.400105039142545917e-05
-1.708981328123576660e+01 1.110434013273799120e-04
-1.680588863433072433e+01 1.448912639047890459e-04
-1.653092219204418001e+01 1.865922521294730257e-04
-1.626449157056260830e+01 2.373765876662163338e-04
-1.600620052541652782e+01 2.987797632399399384e-04
-1.575567696017295916e+01 3.717977883688855728e-04
-1.551257111443442049e+01 4.582697309131137514e-04
-1.527655391258613626e+01 5.593231949684921139e-04
-1.504731545689701200e+01 6.770700726900259758e-04
-1.482456365046278535e+01 8.127542619165107826e-04
-1.460802293712368716e+01 9.684893330611144989e-04
-1.439743314692604947e+01 1.144337611645900206e-03
-1.419254843695589230e+01 1.343912101853362391e-03
-1.399313631847824624e+01 1.567360397439450772e-03
-1.379897676228727654e+01 1.816016109112459677e-03
-1.360986137502872673e+01 2.091849805846714670e-03
-1.342559264001182306e+01 2.395900442265148401e-03
-1.324598321669588152e+01 2.729535436513222217e-03
-1.307085529362816168e+01 3.094167317718402033e-03
-1.290003999013476133e+01 3.491514462113031250e-03
-1.273337680253193582e+01 3.919459112960554242e-03
-1.257071309104041035e+01 4.382035299006766665e-03
-1.241190360395464154e+01 4.876991958622223927e-03
-1.225681003594876195e+01 5.407056390165616323e-03
-1.210530061769597765e+01 5.971022125545174392e-03
-1.195724973424155202e+01 6.572845091737621742e-03
-1.181253756980619762e+01 7.206219184909830322e-03
-1.167104977690866718e+01 7.877463279870581050e-03
-1.153267716788677255e+01 8.582349153611692344e-03
-1.139731542706779699e+01 9.320998230972384058e-03
-1.126486484199332239e+01 1.009612696621392351e-02
-1.113523005224293527e+01 1.090433044785163279e-02
-1.100831981452695096e+01 1.174495819027274006e-02
-1.088404678283180083e+01 1.262086042944640663e-02
-1.076232730250476877e+01 1.352825235217204082e-02
-1.064308121725769141e+01 1.446433091443833675e-02
-1.052623168815380517e+01 1.543083460099707593e-02
-1.041170502371859463e+01 1.642562376574416283e-02
-1.029943052038521678e+01 1.745008002119323443e-02
-1.018934031254830330e+01 1.850030985586556542e-02
-1.008136923155793951e+01 1.957251535384865043e-02
-9.975454673037956965e+00 2.067200693911481341e-02
-9.871536471960840942e+00 2.179149301514109183e-02
-9.769556784955334194e+00 2.293842031168855100e-02
-9.669459979362780899e+00 2.409962482279112347e-02
-9.571192528595137361e+00 2.527871293351836163e-02
-9.474702913380864899e+00 2.647454678059481259e-02
-9.379941528515811200e+00 2.768725566729991761e-02
-9.286860594764403842e+00 2.891657054469506938e-02
-9.195414075582201363e+00 3.015376020939211296e-02
-9.105557598354884874e+00 3.140418849034783133e-02
-9.017248379870389741e+00 3.266700029587197435e-02
-8.930445155761116638e+00 3.393166528390159642e-02
-8.845108113671695804e+00 3.520501247492706376e-02
-8.761198829924738973e+00 3.648303092145595977e-02
-8.678680209472876328e+00 3.776810802926389155e-02
-8.597516428939853128e+00 3.905578241884279100e-02
-8.517672882566811765e+00 4.034146513061140360e-02
-8.439116130892410084e+00 4.162460373272618142e-02
-8.361813852006719117e+00 4.291176848103659541e-02
-8.285734795229661387e+00 4.419104089723800699e-02
-8.210848737074378789e+00 4.546669723476699093e-02
-8.137126439365120589e+00 4.673434955338068297e-02
-8.064539609387715302e+00 4.799696801066775931e-02
-7.993060861958362295e+00 4.925175476715168421e-02
-7.922663683303976967e+00 5.050072007551831971e-02
-7.853322396653874549e+00 5.172710913191283510e-02
-7.785012129448951157e+00 5.295010439354549958e-02
-7.717708782080378249e+00 5.416581356343719289e-02
-7.651388998075133507e+00 5.537331083166334433e-02
-7.586030135650944750e+00 5.655634128848070069e-02
-7.521610240567749628e+00 5.771931545020683729e-02
-7.458108020207273370e+00 5.886912777010608333e-02
-7.395502818816379609e+00 6.001173335325522828e-02
-7.333774593853726209e+00 6.112765367968478469e-02
-7.272903893382695273e+00 6.222664598457226803e-02
-7.212871834457117437e+00 6.330713172583621318e-02
-7.153660082449187385e+00 6.436424637190943376e-02
-7.095250831272068126e+00 6.540202008373154074e-02
-7.037626784452278628e+00 6.641791825062490218e-02
-6.980771137009643468e+00 6.741623935921878252e-02
-6.924667558104775189e+00 6.839554869932487624e-02
-6.869300174416541616e+00 6.934492680123298392e-02
-6.814653554213885300e+00 7.027730671102438986e-02
-6.760712692088343800e+00 7.118768443345133146e-02
-6.707462994315648963e+00 7.207085521848720366e-02
-6.654890264816202716e+00 7.293311160952654915e-02
-6.602980691686176407e+00 7.377131414264880005e-02
-6.551720834272277472e+00 7.458188572287356710e-02
-6.501097610764786872e+00 7.537312604762927415e-02
-6.451098286284775440e+00 7.613361679168162421e-02
-6.401710461442654321e+00 7.686358412900451409e-02
-6.352922061346510496e+00 7.756934194854496478e-02
-6.304721325039668756e+00 7.825392234861301699e-02
-6.257096795348075169e+00 7.891846153820365750e-02
-6.210037309119101678e+00 7.955441948977316768e-02
-6.163531987834188541e+00 8.016557909255300762e-02
-6.117570228578837366e+00 8.074412107092535096e-02
-6.072141695354100754e+00 8.129748753303293884e-02
-6.027236310714632950e+00 8.183673312842987269e-02
-5.982844247719062203e+00 8.235155109284583719e-02
-5.938955922179146363e+00 8.283426961039652703e-02
-5.895561985194874843e+00 8.328747762281674127e-02
-5.852653315963272540e+00 8.371364306314058035e-02
-5.810221014849253685e+00 8.411598091097592655e-02
-5.768256396707496236e+00 8.449463604512132131e-02
-5.726750984444712422e+00 8.485605432329432207e-02
-5.685696502812374042e+00 8.518659990634384893e-02
-5.645084872420248701e+00 8.549379652769341364e-02
-5.604908203961667112e+00 8.578027078870359423e-02
-5.565158792641851981e+00 8.604216022363334049e-02
-5.525829112800970222e+00 8.627638840261886433e-02
-5.486911812724083681e+00 8.648535009488211855e-02
-5.448399709630409760e+00 8.667342425745008794e-02
-5.410285784834729661e+00 8.683715019258247958e-02
-5.372563179074079542e+00 8.697648798969893902e-02
-5.335225187993163587e+00 8.709311256793664247e-02
-5.298265257782246884e+00 8.719045751186353665e-02
-5.261676980961550676e+00 8.726365236792982261e-02
-5.225454092306433651e+00 8.731403718306149364e-02
-5.189590464907923639e+00 8.734422572706344867e-02
-5.154080106363324809e+00 8.735530662058248186e-02
-5.118917155092023386e+00 8.734566390021725191e-02
-5.084095876771596245e+00 8.731519953946037527e-02
-5.049610660889740643e+00 8.726583968177534234e-02
-5.015456017407655231e+00 8.719478082768741811e-02
-4.981626573530626878e+00 8.710251812297221952e-02
-4.948117070581910859e+00 8.699232055909962569e-02
-4.914922360976011539e+00 8.686382933224678915e-02
-4.882037405287712239e+00 8.671823898633088112e-02
-4.849457269413337102e+00 8.655500415227088129e-02
-4.817177121820895636e+00 8.637406259363181182e-02
-4.785192230885824571e+00 8.617638041818764805e-02
-4.753497962309302771e+00 8.596170946583844841e-02
-4.722089776616123835e+00 8.572944800500537088e-02
-4.690963226729293112e+00 8.547947070494386901e-02
-4.660113955618596648e+00 8.521449113375705042e-02
-4.629537694020590344e+00 8.493009220926668601e-02
-4.599230258227382961e+00 8.462662691821834504e-02
-4.569187547941903738e+00 8.431248672057087279e-02
-4.539405544197283149e+00 8.399004409313556851e-02
-4.509880307338105077e+00 8.365287354244671514e-02
-4.480607975061465353e+00 8.329865266219932396e-02
-4.451584760515686412e+00 8.292745450903052373e-02
-4.422806950454783781e+00 8.254421958040666918e-02
-4.394270903446768628e+00 8.215559598308455613e-02
-4.365973048133954926e+00 8.175566055961072665e-02
-4.337909881543509094e+00 8.133896376463078948e-02
-4.310077967446587444e+00 8.090927950073736885e-02
-4.282473934764412071e+00 8.047030266077782878e-02
-4.255094476019731786e+00 8.001884948840354284e-02
-4.227936345832168819e+00 7.955330234916246912e-02
-4.200996359456015128e+00 7.907736704356048418e-02
-4.174271391359062555e+00 7.859465470713095092e-02
-4.147758373841154089e+00 7.810359727233114058e-02
-4.121454295691163061e+00 7.760057394219421756e-02
-4.095356200881122177e+00 7.708819582437399787e-02
-4.069461187296388616e+00 7.657007550294248066e-02
-4.043766405500584860e+00 7.604540845226144541e-02
-4.018269057534298305e+00 7.551276210090993035e-02
-3.992966395746416985e+00 7.497223642462962079e-02
-3.967855721657088441e+00 7.442293514705783375e-02
-3.942934384851309204e+00 7.386350665879533317e-02
-3.918199781902168777e+00 7.329577902111014676e-02
-3.893649355322847061e+00 7.272380571798600646e-02
-3.869280592546462394e+00 7.214935408796208094e-02
-3.845091024932894896e+00 7.156979694899581745e-02
-3.821078226801797317e+00 7.098200047552277736e-02
-3.797239814490932730e+00 7.038639728818145425e-02
-3.773573445439120100e+00 6.978623195173372373e-02
-3.750076817293014120e+00 6.918223665167730352e-02
-3.726747667036997225e+00 6.857394248540507609e-02
-3.703583770145510101e+00 6.796237470977192774e-02
-3.680582939757102157e+00 6.734632274344443115e-02
-3.657743025869630404e+00 6.672418143741817853e-02
-3.635061914555887341e+00 6.609767597740967560e-02
-3.612537527199123133e+00 6.546855532435746916e-02
-3.590167819747855482e+00 6.483678927987321372e-02
-3.567950781989368547e+00 6.420325105699054014e-02
-3.545884436841426179e+00 6.356901553858530785e-02
-3.523966839661581307e+00 6.293332849375687932e-02
-3.502196077573649369e+00 6.229416283879551930e-02
-3.480570268810808887e+00 6.165107984630867344e-02
-3.459087562074850908e+00 6.100619588701712559e-02
-3.437746135911134981e+00 6.036169893820565041e-02
-3.416544198098792506e+00 5.971728550098323596e-02
-3.395479985055740890e+00 5.907141058989398563e-02
-3.374551761258098193e+00 5.842342398640394674e-02
-3.353757818673582580e+00 5.777385201642612489e-02
-3.333096476208523118e+00 5.712396853002472963e-02
-3.312566079168071553e+00 5.647395313636061759e-02
-3.292164998729279812e+00 5.582278864663448026e-02
-3.271891631426664837e+00 5.517078218960094066e-02
-3.251744398649922374e+00 5.452069837785551709e-02
-3.231721746153456643e+00 5.387409413799863767e-02
-3.211822143577407918e+00 5.322935553967517164e-02
-3.192044083979844071e+00 5.258438403412152989e-02
-3.172386083379843402e+00 5.193920306947661519e-02
-3.152846680311138350e+00 5.129495458332980484e-02
-3.133424435386072737e+00 5.065211158090156263e-02
-3.114117930869558570e+00 5.001039985442522207e-02
-3.094925770262795250e+00 4.936987584628840797e-02
-3.075846577896469647e+00 4.873113271035234978e-02
-3.056878998533198555e+00 4.809492857823807754e-02
-3.038021696978961295e+00 4.746145979635624235e-02
-3.019273357703287086e+00 4.683005094841487942e-02
-3.000632684467968048e+00 4.620012250282828220e-02
-2.982098399964077995e+00 4.557160588602138934e-02
-2.963669245457069223e+00 4.494513429705643270e-02
-2.945343980439752762e+00 4.432114034297287425e-02
-2.927121382292947160e+00 4.370020372914636131e-02
-2.909000245953597297e+00 4.308274157253398629e-02
-2.890979383590179363e+00 4.246928091437378316e-02
-2.873057624285205058e+00 4.185997952571664238e-02
-2.855233813724623815e+00 4.125494996408199389e-02
-2.837506813893987179e+00 4.065386749667970756e-02
-2.819875502781155951e+00 4.005583401367495550e-02
-2.802338774085429751e+00 3.945999460731909603e-02
-2.784895536932901372e+00 3.886661496072679745e-02
-2.767544715597910265e+00 3.827709782456087395e-02
-2.750285249230413953e+00 3.769237286211278570e-02
-2.733116091589155250e+00 3.711213351433025054e-02
-2.716036210780464089e+00 3.653541666167138546e-02
-2.699044589002566052e+00 3.596209986078251902e-02
-2.682140222295249732e+00 3.539292084080560008e-02
-2.665322120294779662e+00 3.482811595537747829e-02
-2.648589305993904297e+00 3.426740697527183577e-02
-2.631940815506855547e+00 3.371020199652303984e-02
-2.615375697839200431e+00 3.315630052769577563e-02
-2.598893014662444045e+00 3.260606743494263299e-02
-2.582491840093254609e+00 3.206036338682501097e-02
-2.566171260477212002e+00 3.152022414830443764e-02
-2.549930374176959447e+00 3.098618886663876554e-02
-2.533768291364664638e+00 3.045812134440308711e-02
-2.517684133818677505e+00 2.993564833880050027e-02
-2.501677034724291371e+00 2.941830735138302455e-02
-2.485746138478510670e+00 2.890533529335295379e-02
-2.469890600498723998e+00 2.839597618821401367e-02
-2.454109587035200768e+00 2.789028307574854121e-02
-2.438402274987315543e+00 2.738899048789272817e-02
-2.422767851723407695e+00 2.689307200341548715e-02
-2.407205514904207533e+00 2.640279746737855815e-02
-2.391714472309731221e+00 2.591785143120175702e-02
-2.376293941669569421e+00 2.543798723516666957e-02
-2.360943150496495058e+00 2.496331613222403656e-02
-2.345661335923311608e+00 2.449410817166010335e-02
-2.330447744542858413e+00 2.403011612142054790e-02
-2.315301632251118846e+00 2.357061562510394045e-02
-2.300222264093345625e+00 2.311531727207341916e-02
-2.285208914113144640e+00 2.266488148851700940e-02
-2.270260865204440481e+00 2.222041316598447058e-02
-2.255377408966269037e+00 2.178241692503531807e-02
-2.240557845560325223e+00 2.135049514732575635e-02
-2.225801483571210770e+00 2.092381405845602713e-02
-2.211107639869315467e+00 2.050161945885130982e-02
-2.196475639476279440e+00 2.008381001068157770e-02
-2.181904815432973432e+00 1.967079021426827029e-02
-2.167394508669943320e+00 1.926313827119998517e-02
-2.152944067880271817e+00 1.886106549217166778e-02
-2.138552849394784516e+00 1.846433103604668002e-02
-2.124220217059574090e+00 1.807280449501926650e-02
-2.109945542115772454e+00 1.768663008771868481e-02
-2.095728203081529628e+00 1.730601870998827244e-02
-2.081567585636154849e+00 1.693095058604614928e-02
-2.067463082506362237e+00 1.656117251332540896e-02
-2.053414093354584136e+00 1.619632133048654749e-02
-2.039420024669305942e+00 1.583625799633439982e-02
-2.025480289657382471e+00 1.548108132723293937e-02
-2.011594308138276332e+00 1.513101899218894167e-02
-1.997761506440205226e+00 1.478621787966806489e-02
-1.983981317298131319e+00 1.444653786038576845e-02
-1.970253179753569617e+00 1.411173827542514837e-02
-1.956576539056167352e+00 1.378183343731040171e-02
-1.942950846567025547e+00 1.345723735781322386e-02
-1.929375559663717654e+00 1.313840463261949087e-02
-1.915850141646975535e+00 1.282533528575907286e-02
-1.902374061649005244e+00 1.251754859866284833e-02
-1.888946794543396868e+00 1.221441104019852300e-02
-1.875567820856598900e+00 1.191550814610424676e-02
-1.862236626680921825e+00 1.162090121422588995e-02
-1.848952703589041180e+00 1.133100437834154775e-02
-1.835715548549967879e+00 1.104632128597460294e-02
-1.822524663846452730e+00 1.076713345187861604e-02
-1.809379556993800708e+00 1.049335234953210037e-02
-1.796279740660062796e+00 1.022460409639468562e-02
-1.783224732587581407e+00 9.960515216834241181e-03
-1.770214055515849871e+00 9.700901723437467539e-03
-1.757247237105675541e+00 9.445776727567248982e-03
-1.744323809864610553e+00 9.195274109726526285e-03
-1.731443311073621372e+00 8.949386366364900369e-03
-1.718605282714980698e+00 8.707920586911301747e-03
-1.705809271401351745e+00 8.470664208726682784e-03
-1.693054828306041149e+00 8.237580612289491233e-03
-1.680341509094399610e+00 8.008806628995990967e-03
-1.667668873856344547e+00 7.784516942041293068e-03
-1.655036487039980519e+00 7.564783695968708283e-03
-1.642443917386301022e+00 7.349582683389015852e-03
-1.629890737864948980e+00 7.138846672573605223e-03
-1.617376525611005755e+00 6.932486070058943746e-03
-1.604900861862805783e+00 6.730391318299904294e-03
-1.592463331900736856e+00 6.532448809560241487e-03
-1.580063524987020074e+00 6.338607657506644191e-03
-1.567701034306447028e+00 6.148936741679262956e-03
-1.555375456908052678e+00 5.963595241915531364e-03
-1.543086393647707277e+00 5.782682078434618102e-03
-1.530833449131608237e+00 5.606112621884236716e-03
-1.518616231660659732e+00 5.433618089891425335e-03
-1.506434353175712282e+00 5.264869116994237361e-03
-1.494287429203655870e+00 5.099626506607520156e-03
-1.482175078804342627e+00 4.937826370750877242e-03
-1.470096924518329295e+00 4.779547405442102943e-03
-1.458052592315416618e+00 4.624905297218552189e-03
-1.446041711543979202e+00 4.473957736142944105e-03
-1.434063914881057000e+00 4.326682723254613415e-03
-1.422118838283209508e+00 4.183020202432021634e-03
-1.410206120938107599e+00 4.042929908715835879e-03
-1.398325405216850115e+00 3.906393682396963780e-03
-1.386476336626996986e+00 3.773383628627326354e-03
-1.374658563766294916e+00 3.643827464282011798e-03
-1.362871738277095179e+00 3.517608539311551773e-03
-1.351115514801437101e+00 3.394586040741845879e-03
-1.339389550936797013e+00 3.274626051419622999e-03
-1.327693507192477362e+00 3.157624897701187625e-03
-1.316027046946637080e+00 3.043538571177823067e-03
-1.304389836403941239e+00 2.932398169437697502e-03
-1.292781544553817996e+00 2.824282222324380701e-03
-1.281201843129320173e+00 2.719274151122343629e-03
-1.269650406566570577e+00 2.617409291321483658e-03
-1.258126911964788874e+00 2.518643606489691031e-03
-1.246631039046874889e+00 2.422873562908932441e-03
-1.235162470120555911e+00 2.329957966926295664e-03
-1.223720890040073339e+00 2.239755356136644004e-03
-1.212305986168408234e+00 2.152159038925740078e-03
-1.200917448340022453e+00 2.067105547609160779e-03
-1.189554968824123149e+00 1.984577366494859590e-03
-1.178218242288426865e+00 1.904570435058524323e-03
-1.166906965763418569e+00 1.827057671902761063e-03
-1.155620838607101852e+00 1.751976346239473431e-03
-1.144359562470215863e+00 1.679236088291251663e-03
-1.133122841261928526e+00 1.608745002273963970e-03
-1.121910381115985400e+00 1.540433607617844401e-03
-1.110721890357309283e+00 1.474273169670913507e-03
-1.099557079469039467e+00 1.410274074923414250e-03
-1.088415661060010642e+00 1.348462634433450144e-03
-1.077297349832647466e+00 1.288845428390775595e-03
-1.066201862551285018e+00 1.231383554507876855e-03
-1.055128918010896033e+00 1.175991328152279367e-03
-1.044078237006218046e+00 1.122558964088229885e-03
-1.033049542301277102e+00 1.070988200138394287e-03
-1.022042558599299822e+00 1.021217818255698052e-03
-1.011057012512998066e+00 9.732259029856301508e-04
-1.000092632535235726e+00 9.270071382801385162e-04
-9.891491490100537964e-01 8.825463254821580474e-04
-9.782262941040561488e-01 8.398021070899476482e-04
-9.673238017781481402e-01 7.987090414435161394e-04
-9.564414077596213870e-01 7.591912777640609815e-04
-9.455788495145712735e-01 7.211788525225823129e-04
-9.347358662206534108e-01 6.846210913393660329e-04
-9.239121987401626157e-01 6.494909370329698430e-04
-9.131075895934324116e-01 6.157768340122938590e-04
-9.023217829325496098e-01 5.834700768805428346e-04
-8.915545245153719822e-01 5.525503229627479760e-04
-8.808055616798529108e-01 5.229759434838509007e-04
-8.700746433186589135e-01 4.946867459028281505e-04
-8.593615198540814903e-01 4.676173979240333292e-04
-8.486659432132259706e-01 4.417134531049529082e-04
-8.379876668034880183e-01 4.169412248449709752e-04
-8.273264454882990337e-01 3.932858235167745750e-04
-8.166820355631438932e-01 3.707386489314660853e-04
-8.060541947318363709e-01 3.492829359865361823e-04
-7.954426820830584610e-01 3.288848252375825782e-04
-7.848472580671504994e-01 3.094930995635670665e-04
-7.742676844731486430e-01 2.910465017758592982e-04
-7.637037244060699281e-01 2.734832417280955857e-04
-7.531551422644284788e-01 2.567508075876443613e-04
-7.426217037179922986e-01 2.408116526108486984e-04
-7.321031756857663275e-01 2.256430012118706182e-04
-7.215993263142009839e-01 2.112323442455400866e-04
-7.111099249556180890e-01 1.975703910688738382e-04
-7.006347421468592795e-01 1.846448027879144622e-04
-6.901735495881351490e-01 1.724368443438707948e-04
-6.797261201220911042e-01 1.609216542513460381e-04
-6.692922277130706199e-01 1.500692639468584723e-04
-6.588716474265783329e-01 1.398462942100962836e-04
-6.484641554089376481e-01 1.302173098164838999e-04
-6.380695288671385246e-01 1.211459232169229334e-04
-6.276875460488731129e-01 1.125965981103691383e-04
-6.173179862227488046e-01 1.045365619282474670e-04
-6.069606296586862459e-01 9.693752886695292744e-05
-5.966152576084875481e-01 8.977664059717166487e-05
-5.862816522865772484e-01 8.303619375028700950e-05
-5.759595968509094721e-01 7.670245876247386296e-05
-5.656488753840412942e-01 7.076411149306073047e-05
-5.553492728743597562e-01 6.521050645165479115e-05
-5.450605751974718638e-01 6.002996135198844388e-05
-5.347825690977430213e-01 5.520823457265683495e-05
-5.245150421699888987e-01 5.072757541650839771e-05
-5.142577828413065211e-01 4.656702863146064961e-05
-5.040105803530536832e-01 4.270387442621077540e-05
-4.937732247429644228e-01 3.911588142298561845e-05
-4.835455068274036594e-01 3.578330003198341530e-05
-4.733272181837471781e-01 3.268980551617536639e-05
-4.631181511328986700e-01 2.982218726581726013e-05
-4.529180987219272314e-01 2.716907928416530300e-05
-4.427268547068332061e-01 2.471936941220926248e-05
-4.325442135354257145e-01 2.246099480404197045e-05
-4.223699703303245845e-01 2.038078702442358266e-05
-4.122039208720716941e-01 1.846551026300177382e-05
-4.020458615823537807e-01 1.670333259425198393e-05
-3.918955895073323314e-01 1.508471856835952841e-05
-3.817529023010813316e-01 1.360197501965456723e-05
-3.716175982091194929e-01 1.224774000460733143e-05
-3.614894760520483419e-01 1.101348526487468646e-05
-3.513683352092828449e-01 9.889138081222042351e-06
-3.412539756028758475e-01 8.864036283082117910e-06
-3.311461976814312758e-01 7.928450644057188793e-06
-3.210448024041094306e-01 7.074653609567668736e-06
-3.109495912247085547e-01 6.297000674853521778e-06
-3.008603660758366605e-01 5.591262653610857387e-06
-2.907769293531580201e-01 4.953807776009436105e-06
-2.806990838997174276e-01 4.381062902821324407e-06
-2.706266329903371237e-01 3.869285391558399274e-06
-2.605593803160889399e-01 3.414437589500938418e-06
-2.504971299688272257e-01 3.012009534211239628e-06
-2.404396864257955790e-01 2.656841440487139761e-06
-2.303868545342923901e-01 2.343147080259933404e-06
-2.203384394963986970e-01 2.064877023671064075e-06
-2.102942468537628840e-01 1.816365120283858725e-06
-2.002540824724450275e-01 1.592976952853520024e-06
-1.902177525278067050e-01 1.391454954472094243e-06
-1.801850634894590075e-01 1.209822341134865312e-06
-1.701558221062540455e-01 1.046956546185693567e-06
-1.601298353913264694e-01 9.020995156849266689e-07
-1.501069106071708514e-01 7.745029668067990073e-07
-1.400868552507662790e-01 6.632647072802422796e-07
-1.300694770387391397e-01 5.672839288544404518e-07
-1.200545838925550501e-01 4.852532650525677309e-07
-1.100419839237516545e-01 4.156633600743501864e-07
-1.000314854191983877e-01 3.568271100910077592e-07
-9.002289682638489610e-02 3.069507668570519756e-07
-8.001602673873924043e-02 2.642626797768983965e-07
-7.001068388096250150e-02 2.271884124179223982e-07
-6.000667709439190534e-02 1.945374225267802842e-07
-5.000381532237931775e-02 1.656411511140440520e-07
-4.000190759568706539e-02 1.403835331269311644e-07
-3.000076301789707939e-02 1.190970292050800672e-07
-2.000019075083557876e-02 1.023497391527404415e-07
-9.999999999999974187e-03 9.069320375114574588e-08
0.000000000000000000e+00 8.445201851601251769e-08
9.999999999999974187e-03 8.361183935525214900e-08
2.000019075083557876e-02 8.782594117126658725e-08
3.000076301789707939e-02 9.653488800072537905e-08
4.000190759568635068e-02 1.091715258109423463e-07
5.000381532237860305e-02 1.254000429519945352e-07
6.000667709439118369e-02 1.453133813917570043e-07
7.001068388096322315e-02 1.695133981585632757e-07
8.001602673873996208e-02 1.990431631318347490e-07
9.002289682638561774e-02 2.352050053363337934e-07
1.000314854191983877e-01 2.793494369606871818e-07
1.100419839237516545e-01 3.327233155802744115e-07
1.200545838925550501e-01 3.964258955790119716e-07
1.300694770387391397e-01 4.714610519254379319e-07
1.400868552507662790e-01 5.588213131054089842e-07
1.501069106071708514e-01 6.595331744062345163e-07
1.601298353913264694e-01 7.746360024191142411e-07
1.701558221062540455e-01 9.051393765867686576e-07
1.801850634894582859e-01 1.052062099635032991e-06
1.902177525278067050e-01 1.216628513654200300e-06
2.002540824724450275e-01 1.400608280673383729e-06
2.102942468537628840e-01 1.606636396402770196e-06
2.203384394963986970e-01 1.838273073694904016e-06
2.303868545342923901e-01 2.099665879697788270e-06
2.404396864257955790e-01 2.394944090637013024e-06
2.504971299688272257e-01 2.727766540336814733e-06
2.605593803160889399e-01 3.101454690599194959e-06
2.706266329903371237e-01 3.519779963476355244e-06
2.806990838997167059e-01 3.987930919399518761e-06
2.907769293531572985e-01 4.512943244086522065e-06
3.008603660758359388e-01 5.103142415095589911e-06
3.109495912247092764e-01 5.766782024891998125e-06
3.210448024041101522e-01 6.510589181180664089e-06
3.311461976814320529e-01 7.338958555623816114e-06
3.412539756028758475e-01 8.254220721793279164e-06
3.513683352092828449e-01 9.257903871064986144e-06
3.614894760520483419e-01 1.035248660144881351e-05
3.716175982091194929e-01 1.154296829580979583e-05
3.817529023010813316e-01 1.283764303875190794e-05
3.918955895073323314e-01 1.424793781729943870e-05
4.020458615823530590e-01 1.578766993311554349e-05
4.122039208720709169e-01 1.747214413027998819e-05
4.223699703303238628e-01 1.931718851388256899e-05
4.325442135354264361e-01 2.133794151086488617e-05
4.427268547068339277e-01 2.354729048708264390e-05
4.529180987219279531e-01 2.595457004372998859e-05
4.631181511328986700e-01 2.856553257338127137e-05
4.733272181837471781e-01 3.138447384179751480e-05
4.835455068274036594e-01 3.441813106614048618e-05
4.937732247429644228e-01 3.767973063894830571e-05
5.040105803530536832e-01 4.119098056439726799e-05
5.142577828413065211e-01 4.498044942690375962e-05
5.245150421699888987e-01 4.907843387775329862e-05
5.347825690977430213e-01 5.351034082059570493e-05
5.450605751974710866e-01 5.829164271701565070e-05
5.553492728743597562e-01 6.342725470218698192e-05
5.656488753840412942e-01 6.891625188323756348e-05
5.759595968509094721e-01 7.476058966539268161e-05
5.862816522865772484e-01 8.097357063003421721e-05
5.966152576084875481e-01 8.758334057187943235e-05
6.069606296586862459e-01 9.462926384550297289e-05
6.173179862227488046e-01 1.021534550583028572e-04
6.276875460488731129e-01 1.101928645412393842e-04
6.380695288671385246e-01 1.187757461268995905e-04
6.484641554089369819e-01 1.279223938600009144e-04
6.588716474265774448e-01 1.376478438966787930e-04
6.692922277130698427e-01 1.479647890563094356e-04
6.797261201220904381e-01 1.588865005030580622e-04
6.901735495881360372e-01 1.704303662530034093e-04
7.006347421468600567e-01 1.826194196252994817e-04
7.111099249556188662e-01 1.954802706266883143e-04
7.215993263142009839e-01 2.090390162874036111e-04
7.321031756857663275e-01 2.233182574088323868e-04
7.426217037179922986e-01 2.383406345449991172e-04
7.531551422644284788e-01 2.541372978707237291e-04
7.637037244060699281e-01 2.707550109889979794e-04
7.742676844731486430e-01 2.882547288250478885e-04
7.848472580671498333e-01 3.067010452858367564e-04
7.954426820830577949e-01 3.261475282743648923e-04
8.060541947318363709e-01 3.466273349670894528e-04
8.166820355631446704e-01 3.681552320383434020e-04
8.273264454882999219e-01 3.907358678266548493e-04
8.379876668034880183e-01 4.143732296523841303e-04
8.486659432132259706e-01 4.390770080483401088e-04
8.593615198540814903e-01 4.648670019765484751e-04
8.700746433186589135e-01 4.917778414009530254e-04
8.808055616798529108e-01 5.198620450483264557e-04
8.915545245153719822e-01 5.491878300050703418e-04
9.023217829325496098e-01 5.798298350489928654e-04
9.131075895934324116e-01 6.118550230349296655e-04
9.239121987401619496e-01 6.453125323924998680e-04
9.347358662206525226e-01 6.802346633249793011e-04
9.455788495145712735e-01 7.166471206319592266e-04
9.564414077596213870e-01 7.545829385002590130e-04
9.673238017781488063e-01 7.940936508075235965e-04
9.782262941040561488e-01 8.352459193408978732e-04
9.891491490100537964e-01 8.781061756122930705e-04
1.000092632535235726e+00 9.227223444656365223e-04
1.011057012512998066e+00 9.691117035131621531e-04
1.022042558599299822e+00 1.017263474516520716e-03
1.033049542301277102e+00 1.067157478518535561e-03
1.044078237006217380e+00 1.118785425708766377e-03
1.055128918010895367e+00 1.172165541734695050e-03
1.066201862551284352e+00 1.227343580066167722e-03
1.077297349832648132e+00 1.284391584401394209e-03
1.088415661060011308e+00 1.343405715585244912e-03
1.099557079469040355e+00 1.404497957055530089e-03
1.110721890357309283e+00 1.467775080604892708e-03
1.121910381115985400e+00 1.533316842015765118e-03
1.133122841261928526e+00 1.601170462114912376e-03
1.144359562470215863e+00 1.671363461647361760e-03
1.155620838607101852e+00 1.743925451003595049e-03
1.166906965763418569e+00 1.818900527483665285e-03
1.178218242288425976e+00 1.896344982843574216e-03
1.189554968824123149e+00 1.976305091212920279e-03
1.200917448340022453e+00 2.058799404661909496e-03
1.212305986168408900e+00 2.143816903953437922e-03
1.223720890040074227e+00 2.231342926157285720e-03
1.235162470120555911e+00 2.321389297128551889e-03
1.246631039046874889e+00 2.413998344339769904e-03
1.258126911964788874e+00 2.509248958676819300e-03
1.269650406566570577e+00 2.607241703365369145e-03
1.281201843129320173e+00 2.708083385933719028e-03
1.292781544553817996e+00 2.811879102768109328e-03
1.304389836403941239e+00 2.918704319125513171e-03
1.316027046946637080e+00 3.028600050478965841e-03
1.327693507192476696e+00 3.141575310102205382e-03
1.339389550936796125e+00 3.257614796869041495e-03
1.351115514801436435e+00 3.376708896887486554e-03
1.362871738277095179e+00 3.498872263705462941e-03
1.374658563766295805e+00 3.624153967473315186e-03
1.386476336626997652e+00 3.752639340303149697e-03
1.398325405216850559e+00 3.884429310017264471e-03
1.410206120938107599e+00 4.019618790721548110e-03
1.422118838283209508e+00 4.158277749079316091e-03
1.434063914881057000e+00 4.300451581051660185e-03
1.446041711543979202e+00 4.446173528410569953e-03
1.458052592315416618e+00 4.595490214042709590e-03
1.470096924518328407e+00 4.748458871190008694e-03
1.482175078804341739e+00 4.905124196755259944e-03
1.494287429203654982e+00 5.065491907066697885e-03
1.506434353175713392e+00 5.229552979138280162e-03
1.518616231660660620e+00 5.397351253826163098e-03
1.530833449131608681e+00 5.569016648773618579e-03
1.543086393647707277e+00 5.744701704893728951e-03
1.555375456908052678e+00 5.924483439073719576e-03
1.567701034306447028e+00 6.108323958848730154e-03
1.580063524987019630e+00 6.296127060500256167e-03
1.592463331900736190e+00 6.487834055361886565e-03
1.604900861862805117e+00 6.683504897318672325e-03
1.617376525611005755e+00 6.883318789437962298e-03
1.629890737864948091e+00 7.087513769573219533e-03
1.642443917386300800e+00 7.296252832352202386e-03
1.655036487039980742e+00 7.509496530845200316e-03
1.667668873856345213e+00 7.727012286978448066e-03
1.680341509094400276e+00 7.948578713813485297e-03
1.693054828306040926e+00 8.174196913345681964e-03
1.705809271401351079e+00 8.404097973302446581e-03
1.718605282714980920e+00 8.638578562321443804e-03
1.731443311073621594e+00 8.877786033477009717e-03
1.744323809864610997e+00 9.121663780353703871e-03
1.757247237105675541e+00 9.370038853291516243e-03
1.770214055515848983e+00 9.622788044344212505e-03
1.783224732587580741e+00 9.879944749781002789e-03
1.796279740660062352e+00 1.014172007920356548e-02
1.809379556993800708e+00 1.040828255496590443e-02
1.822524663846453397e+00 1.067967891006339938e-02
1.835715548549968767e+00 1.095589197656343834e-02
1.848952703589041624e+00 1.123694368434320114e-02
1.862236626680921825e+00 1.152299222117149705e-02
1.875567820856598900e+00 1.181423422182426713e-02
1.888946794543396868e+00 1.211071339658680544e-02
1.902374061649005244e+00 1.241224784005374310e-02
1.915850141646975535e+00 1.271862080669693314e-02
1.929375559663716988e+00 1.302968976008329373e-02
1.942950846567024437e+00 1.334545207916689596e-02
1.956576539056166242e+00 1.366600720185508558e-02
1.970253179753570727e+00 1.399148626958492125e-02
1.983981317298132430e+00 1.432204702823890868e-02
1.997761506440205892e+00 1.465777395285823050e-02
2.011594308138276332e+00 1.499860439341913279e-02
2.025480289657382471e+00 1.534447376894948825e-02
2.039420024669305942e+00 1.569547266796724599e-02
2.053414093354583247e+00 1.605189016827410914e-02
2.067463082506361793e+00 1.641396300359344515e-02
2.081567585636154405e+00 1.678165847800796792e-02
2.095728203081529628e+00 1.715473754373498388e-02
2.109945542115771566e+00 1.753284578777743880e-02
2.124220217059573645e+00 1.791578182355889684e-02
2.138552849394784072e+00 1.830348974043485150e-02
2.152944067880272261e+00 1.869605664189005409e-02
2.167394508669943765e+00 1.909378022142713127e-02
2.181904815432972988e+00 1.949713553592608700e-02
2.196475639476278996e+00 1.990629917892505762e-02
2.211107639869315911e+00 2.032109214534931138e-02
2.225801483571211214e+00 2.074129182711756392e-02
2.240557845560325667e+00 2.116675732055450093e-02
2.255377408966268149e+00 2.159744416386564017e-02
2.270260865204440481e+00 2.203308730089697381e-02
2.285208914113143308e+00 2.247350648302889886e-02
2.300222264093344737e+00 2.291885108999909548e-02
2.315301632251118846e+00 2.336948920186844580e-02
2.330447744542859301e+00 2.382568450920739128e-02
2.345661335923311608e+00 2.428730031079416596e-02
2.360943150496495946e+00 2.475402692744099048e-02
2.376293941669568088e+00 2.522574990852913951e-02
2.391714472309731221e+00 2.570265512928161800e-02
2.407205514904206645e+00 2.618494720705248635e-02
2.422767851723407695e+00 2.667253776952960287e-02
2.438402274987316432e+00 2.716534549122219880e-02
2.454109587035200768e+00 2.766332556650208038e-02
2.469890600498723998e+00 2.816616452583513980e-02
2.485746138478509337e+00 2.867350514206004966e-02
2.501677034724291371e+00 2.918512219377759898e-02
2.517684133818678394e+00 2.970149437018337890e-02
2.533768291364664638e+00 3.022331952644820643e-02
2.549930374176959891e+00 3.075068284808194288e-02
2.566171260477213334e+00 3.128281010175903987e-02
2.582491840093254609e+00 3.181882839413793795e-02
2.598893014662444489e+00 3.235866365614153972e-02
2.615375697839199987e+00 3.290301607464281991e-02
2.631940815506855991e+00 3.345268544446144271e-02
2.648589305993903409e+00 3.400805564093899169e-02
2.665322120294779218e+00 3.456891488184414551e-02
2.682140222295247955e+00 3.513438604639626539e-02
2.699044589002565164e+00 3.570331126439701963e-02
2.716036210780464977e+00 3.627541600569467173e-02
2.733116091589157026e+00 3.685098945079975929e-02
2.750285249230413953e+00 3.743050002113924857e-02
2.767544715597911598e+00 3.801409686877230132e-02
2.784895536932901372e+00 3.860160543020235702e-02
2.802338774085429751e+00 3.919303455225464639e-02
2.819875502781155063e+00 3.978852895633101794e-02
2.837506813893987179e+00 4.038846555600399124e-02
2.855233813724622927e+00 4.099285064669201673e-02
2.873057624285204170e+00 4.160098607430995354e-02
2.890979383590180252e+00 4.221202309596436969e-02
2.909000245953595520e+00 4.282573583667471928e-02
2.927121382292947160e+00 4.344285418083523864e-02
2.945343980439754095e+00 4.406381263297566575e-02
2.963669245457068335e+00 4.468836397619384976e-02
2.982098399964077995e+00 4.531565218673814371e-02
3.000632684467967159e+00 4.594504621904805380e-02
3.019273357703287086e+00 4.657609346766686947e-02
3.038021696978962627e+00 4.720932603291744245e-02
3.056878998533198555e+00 4.784475169174817050e-02
3.075846577896470535e+00 4.848127518090430965e-02
3.094925770262794362e+00 4.911801673769551624e-02
3.114117930869559014e+00 4.975576543735188428e-02
3.133424435386071849e+00 5.039632906250353372e-02
3.152846680311138350e+00 5.104108158779371851e-02
3.172386083379844290e+00 5.169001489764566554e-02
3.192044083979846292e+00 5.234159395854111330e-02
3.211822143577407918e+00 5.299418115770010429e-02
3.231721746153457975e+00 5.364742306914205283e-02
3.251744398649921930e+00 5.430181248205998013e-02
3.271891631426665281e+00 5.495728057688012425e-02
3.292164998729279368e+00 5.561285120859980891e-02
3.312566079168071553e+00 5.626715531719118923e-02
3.333096476208521786e+00 5.692019397594752506e-02
3.353757818673582580e+00 5.757305959884843893e-02
3.374551761258096416e+00 5.822608158036012005e-02
3.395479985055740446e+00 5.887886603886374748e-02
3.416544198098793395e+00 5.953158982026901525e-02
3.437746135911136314e+00 6.018433126895901542e-02
3.459087562074850908e+00 6.083704311874382764e-02
3.480570268810810663e+00 6.148919564961034812e-02
3.502196077573649369e+00 6.213921686124983246e-02
3.523966839661581307e+00 6.278550076378250355e-02
3.545884436841424847e+00 6.342770235647657295e-02
3.567950781989368547e+00 6.406719512544223338e-02
3.590167819747851929e+00 6.470550005419040129e-02
3.612537527199123133e+00 6.534207718918158547e-02
3.635061914555887341e+00 6.597467496209938331e-02
3.657743025869628628e+00 6.660331144534273329e-02
3.680582939757102157e+00 6.722977469389528060e-02
3.703583770145510101e+00 6.785380409579966354e-02
3.726747667036997225e+00 6.847448515126172697e-02
3.750076817293014120e+00 6.909218967815747292e-02
3.773573445439117879e+00 6.970620810277528001e-02
3.797239814490932730e+00 7.031451099395555349e-02
3.821078226801799538e+00 7.091616178649262636e-02
3.845091024932894896e+00 7.151213950213240744e-02
3.869280592546462394e+00 7.210347487476630179e-02
3.893649355322847061e+00 7.269078410806104062e-02
3.918199781902168777e+00 7.327388498600841127e-02
3.942934384851307872e+00 7.384934828690981057e-02
3.967855721657088441e+00 7.441407794276755361e-02
3.992966395746416985e+00 7.496933340641390164e-02
4.018269057534300082e+00 7.551861021331460200e-02
4.043766405500584860e+00 7.606267263273074064e-02
4.069461187296391280e+00 7.660002454214015488e-02
4.095356200881122177e+00 7.713003689488028003e-02
4.121454295691163061e+00 7.765135208995038729e-02
4.147758373841154089e+00 7.816356191772343143e-02
4.174271391359062555e+00 7.866732324541386712e-02
4.200996359456013352e+00 7.916039327337578979e-02
4.227936345832168819e+00 7.963960385147592080e-02
4.255094476019727345e+00 8.010921217580602161e-02
4.282473934764413848e+00 8.057229654578633438e-02
4.310077967446587444e+00 8.102385113165209984e-02
4.337909881543510870e+00 8.145897189582160247e-02
4.365973048133954926e+00 8.187824284413185161e-02
4.394270903446770404e+00 8.228988832401022691e-02
4.422806950454781116e+00 8.269548571085907906e-02
4.451584760515686412e+00 8.308767860991388143e-02
4.480607975061463577e+00 8.346454282463952601e-02
4.509880307338105077e+00 8.382944214329771104e-02
4.539405544197283149e+00 8.418069453595031226e-02
4.569187547941903738e+00 8.451236708239329154e-02
4.599230258227382961e+00 8.482566468256060033e-02
4.629537694020593008e+00 8.512686921384064742e-02
4.660113955618596648e+00 8.541559947422243393e-02
4.690963226729293112e+00 8.568996755702332213e-02
4.722089776616123835e+00 8.594800410915853783e-02
4.753497962309302771e+00 8.618665908549125176e-02
4.785192230885826348e+00 8.640988710549875329e-02
4.817177121820895636e+00 8.661774139022104801e-02
4.849457269413340654e+00 8.680747812895184268e-02
4.882037405287709575e+00 8.697970362865874161e-02
4.914922360976011539e+00 8.713200758944911195e-02
4.948117070581908195e+00 8.726342751866666969e-02
4.981626573530626878e+00 8.737596823490570430e-02
5.015456017407652567e+00 8.747116607181136538e-02
5.049610660889745972e+00 8.754714882790834429e-02
5.084095876771596245e+00 8.759889021574138179e-02
5.118917155092026050e+00 8.763193820765804998e-02
5.154080106363324809e+00 8.764832981123879541e-02
5.189590464907923639e+00 8.764536089398011764e-02
5.225454092306433651e+00 8.762113959618172965e-02
5.261676980961550676e+00 8.756693846116131441e-02
5.298265257782244220e+00 8.748947573512727560e-02
5.335225187993163587e+00 8.739596259267798373e-02
5.372563179074077766e+00 8.728002575409046782e-02
5.410285784834729661e+00 8.713850581678128648e-02
5.448399709630405319e+00 8.697631692133155068e-02
5.486911812724086346e+00 8.679224201938975924e-02
5.525829112800970222e+00 8.658012580703008942e-02
5.565158792641854646e+00 8.633766209802459790e-02
5.604908203961667112e+00 8.607881993592275682e-02
5.645084872420248701e+00 8.579523101864065804e-02
5.685696502812371378e+00 8.548222059769193526e-02
5.726750984444712422e+00 8.514763708485664773e-02
5.768256396707492684e+00 8.478413552370840656e-02
5.810221014849253685e+00 8.439282137218385993e-02
5.852653315963272540e+00 8.398123056414921739e-02
5.895561985194872179e+00 8.355073990524954086e-02
5.938955922179146363e+00 8.309210026057868570e-02
5.982844247719065756e+00 8.260478899717701995e-02
6.027236310714632950e+00 8.208652335642813158e-02
6.072141695354100754e+00 8.155208181627698893e-02
6.117570228578833813e+00 8.099030295183824724e-02
6.163531987834188541e+00 8.039398860287091941e-02
6.210037309119105231e+00 7.977372247563040142e-02
6.257096795348075169e+00 7.912934919818384594e-02
6.304721325039668756e+00 7.845751001609573005e-02
6.352922061346506943e+00 7.776411706839317373e-02
6.401710461442654321e+00 7.705173637413434418e-02
6.451098286284771888e+00 7.630356959305305276e-02
6.501097610764786872e+00 7.552648533597407232e-02
6.551720834272277472e+00 7.472808844244951954e-02
6.602980691686179959e+00 7.391467114922882498e-02
6.654890264816202716e+00 7.307038141029392753e-02
6.707462994315653404e+00 7.219318039915609275e-02
6.760712692088343800e+00 7.129695561153963357e-02
6.814653554213885300e+00 7.037660303958261088e-02
6.869300174416541616e+00 6.943741080285287248e-02
6.924667558104775189e+00 6.846951257526817658e-02
6.980771137009639027e+00 6.747520917655286388e-02
7.037626784452278628e+00 6.646633909661935069e-02
7.095250831272059244e+00 6.543950239620414944e-02
7.153660082449184721e+00 6.438446453505952682e-02
7.212871834457117437e+00 6.331943808923243266e-02
7.272903893382699714e+00 6.222468411330762256e-02
7.333774593853726209e+00 6.111096671419696119e-02
7.395502818816384050e+00 5.998312017843203392e-02
7.458108020207268929e+00 5.882898496264714339e-02
7.521610240567749628e+00 5.766637786982903996e-02
7.586030135650939421e+00 5.649057774084738359e-02
7.651388998075133507e+00 5.529713068921499053e-02
7.717708782080382690e+00 5.408667291206305933e-02
7.785012129448951157e+00 5.286163652884357661e-02
7.853322396653874549e+00 5.163155384156939420e-02
7.922663683303971638e+00 5.037957455699697273e-02
7.993060861958362295e+00 4.912497178271484077e-02
8.064539609387720631e+00 4.786483535398499550e-02
8.137126439365120589e+00 4.659014069034774636e-02
8.210848737074378789e+00 4.531195486654818888e-02
8.285734795229668492e+00 4.403474637973019135e-02
8.361813852006719117e+00 4.274401844221379504e-02
8.439116130892415413e+00 4.145145688260339772e-02
8.517672882566811765e+00 4.015643650351356786e-02
8.597516428939853128e+00 3.886833408519470290e-02
8.678680209472870999e+00 3.757892100695545134e-02
8.761198829924738973e+00 3.628929293408061918e-02
8.845108113671690475e+00 3.500787901345685238e-02
8.930445155761116638e+00 3.373221358326473907e-02
9.017248379870389741e+00 3.245807963286989617e-02
9.105557598354891979e+00 3.119480897373119038e-02
9.195414075582201363e+00 2.994302285750133352e-02
9.286860594764410948e+00 2.869956632007999997e-02
9.379941528515811200e+00 2.747070438942757903e-02
9.474702913380864899e+00 2.625879109850488835e-02
9.571192528595130256e+00 2.506717113254742363e-02
9.669459979362780899e+00 2.388534192689706001e-02
9.769556784955327089e+00 2.272456415622942094e-02
9.871536471960840942e+00 2.158454952047070274e-02
9.975454673037942754e+00 2.046768690904484517e-02
1.008136923155793063e+01 1.937106813898571006e-02
1.018934031254830330e+01 1.829996898569147268e-02
1.029943052038522566e+01 1.725171187569552594e-02
1.041170502371859463e+01 1.623491371718766701e-02
1.052623168815380517e+01 1.524789183825426761e-02
1.064308121725768252e+01 1.428567896179623077e-02
1.076232730250476877e+01 1.335743320605174873e-02
1.088404678283179194e+01 1.245704222525169727e-02
1.100831981452695096e+01 1.159045545846962115e-02
1.113523005224294415e+01 1.075586820824763791e-02
1.126486484199331350e+01 9.953291256856558120e-03
1.139731542706779699e+01 9.185991937712609939e-03
1.153267716788676189e+01 8.454497024738136940e-03
1.167104977690866718e+01 7.758631752544265826e-03
1.181253756980620828e+01 7.094305343428239374e-03
1.195724973424156268e+01 6.465764663286634531e-03
1.210530061769597765e+01 5.871874393884350500e-03
1.225681003594877438e+01 5.316559226982187601e-03
1.241190360395464154e+01 4.792258971077978207e-03
1.257071309104042101e+01 4.302161694876534444e-03
1.273337680253192516e+01 3.848503767291300021e-03
1.290003999013476133e+01 3.426397912781384628e-03
1.307085529362815102e+01 3.035551711207936341e-03
1.324598321669588152e+01 2.677443825667526374e-03
1.342559264001181063e+01 2.349764910080561538e-03
1.360986137502873916e+01 2.050304552956559202e-03
1.379897676228727654e+01 1.779415945823354869e-03
1.399313631847826045e+01 1.534969210822732279e-03
1.419254843695589230e+01 1.315392707884564198e-03
1.439743314692606369e+01 1.120285216551666517e-03
1.460802293712368716e+01 9.477536375618576554e-04
1.482456365046278535e+01 7.949431778819095011e-04
1.504731545689699779e+01 6.620665100863815534e-04
1.527655391258613626e+01 5.465661520038733127e-04
1.551257111443440273e+01 4.479070996906606129e-04
1.575567696017295916e+01 3.629022633709694180e-04
1.600620052541652782e+01 2.914792162321138986e-04
1.626449157056262607e+01 2.316458317412099181e-04
1.653092219204418001e+01 1.818528217663262171e-04
1.680588863433074565e+01 1.413792313048248110e-04
1.708981328123576660e+01 1.082059854780159891e-04
1.738314684757837725e+01 8.183820458809083786e-05
1.768637079511793431e+01 6.101909084868912630e-05
1.800000000000201084e+01 2.288957637234521382e-05
