-1.800000000000201084e+01 5.444168728979549945e-06
-1.768637079511795918e+01 1.452402380579176833e-05
-1.738314684757837725e+01 1.952593586010801339e-05
-1.708981328123576660e+01 2.589011788631229551e-05
-1.680588863433072433e+01 3.389452467423348717e-05
-1.653092219204418001e+01 4.380983397410453744e-05
-1.626449157056260830e+01 5.593185643638245541e-05
-1.600620052541652782e+01 7.063494822086872828e-05
-1.575567696017295916e+01 8.825572218899160686e-05
-1.551257111443442049e+01 1.091994485416487246e-04
-1.527655391258613626e+01 1.338607620295306452e-04
-1.504731545689701200e+01 1.626652706659291654e-04
-1.482456365046278535e+01 1.960615110327505728e-04
-1.460802293712368716e+01 2.343918313612746893e-04
-1.439743314692604947e+01 2.784336500416448833e-04
-1.419254843695589230e+01 3.283595272137356858e-04
-1.399313631847824624e+01 3.846673607730239719e-04
-1.379897676228727654e+01 4.479116991717786342e-04
-1.360986137502872673e+01 5.183821246665563324e-04
-1.342559264001182306e+01 5.966317682304446727e-04
-1.324598321669588152e+01 6.832726953809436501e-04
-1.307085529362816168e+01 7.783099577912293895e-04
-1.290003999013476133e+01 8.825508176349702123e-04
-1.273337680253193582e+01 9.962877592152900256e-04
-1.257071309104041035e+01 1.119863835332379244e-03
-1.241190360395464154e+01 1.253460051357616588e-03
-1.225681003594876195e+01 1.397559889297151584e-03
-1.210530061769597765e+01 1.552677366814910181e-03
-1.195724973424155202e+01 1.718454466483724597e-03
-1.181253756980619762e+01 1.895770465736479728e-03
-1.167104977690866718e+01 2.084768324994375893e-03
-1.153267716788677255e+01 2.285712448284476020e-03
-1.139731542706779699e+01 2.498072475404168342e-03
-1.126486484199332239e+01 2.722680935756371587e-03
-1.113523005224293527e+01 2.959431959559616441e-03
-1.100831981452695096e+01 3.208624795703285577e-03
-1.088404678283180083e+01 3.470533525375528276e-03
-1.076232730250476877e+01 3.744351283223049977e-03
-1.064308121725769141e+01 4.030781071340175728e-03
-1.052623168815380517e+01 4.329980362361532040e-03
-1.041170502371859463e+01 4.641042387722300183e-03
-1.029943052038521678e+01 4.964868687701105149e-03
-1.018934031254830330e+01 5.301010005094322630e-03
-1.008136923155793951e+01 5.649533983863861027e-03
-9.975454673037956965e+00 6.010077624221210266e-03
-9.871536471960840942e+00 6.383257896453493722e-03
-9.769556784955334194e+00 6.767699251971577568e-03
-9.669459979362780899e+00 7.163507835351082091e-03
-9.571192528595137361e+00 7.571292666678903355e-03
-9.474702913380864899e+00 7.990494940303818211e-03
-9.379941528515811200e+00 8.421746018625730218e-03
-9.286860594764403842e+00 8.863524106039492520e-03
-9.195414075582201363e+00 9.316117373258540890e-03
-9.105557598354884874e+00 9.778767347893069228e-03
-9.017248379870389741e+00 1.025283313819865677e-02
-8.930445155761116638e+00 1.073660567589216491e-02
-8.845108113671695804e+00 1.123039143369726316e-02
-8.761198829924738973e+00 1.173331811984348362e-02
-8.678680209472876328e+00 1.224500919275679084e-02
-8.597516428939853128e+00 1.276722696057425166e-02
-8.517672882566811765e+00 1.329795232433766614e-02
-8.439116130892410084e+00 1.383675429802051771e-02
-8.361813852006719117e+00 1.438418063455929041e-02
-8.285734795229661387e+00 1.494035093487124273e-02
-8.210848737074378789e+00 1.550370490029254721e-02
-8.137126439365120589e+00 1.607385772790214523e-02
-8.064539609387715302e+00 1.665145425016011094e-02
-7.993060861958362295e+00 1.723594958245525111e-02
-7.922663683303976967e+00 1.782741977019764931e-02
-7.853322396653874549e+00 1.842488319201281838e-02
-7.785012129448951157e+00 1.902840140792560683e-02
-7.717708782080378249e+00 1.963797122293245434e-02
-7.651388998075133507e+00 2.025317083614482788e-02
-7.586030135650944750e+00 2.087376841187278675e-02
-7.521610240567749628e+00 2.149787337753113203e-02
-7.458108020207273370e+00 2.212736058625334665e-02
-7.395502818816379609e+00 2.276064645947705259e-02
-7.333774593853726209e+00 2.339871741110801512e-02
-7.272903893382695273e+00 2.404143139387409853e-02
-7.212871834457117437e+00 2.468626690980511851e-02
-7.153660082449187385e+00 2.533351799380967329e-02
-7.095250831272068126e+00 2.598394064015026317e-02
-7.037626784452278628e+00 2.663772163256127035e-02
-6.980771137009643468e+00 2.729368987770751376e-02
-6.924667558104775189e+00 2.795187312086615250e-02
-6.869300174416541616e+00 2.861262825003904262e-02
-6.814653554213885300e+00 2.927528541036988202e-02
-6.760712692088343800e+00 2.993892833542392135e-02
-6.707462994315648963e+00 3.060354076975046328e-02
-6.654890264816202716e+00 3.126790738052905028e-02
-6.602980691686176407e+00 3.193393114438478064e-02
-6.551720834272277472e+00 3.260051436947598857e-02
-6.501097610764786872e+00 3.326731546638796166e-02
-6.451098286284775440e+00 3.393492681903642616e-02
-6.401710461442654321e+00 3.460168715003687084e-02
-6.352922061346510496e+00 3.526736980862790749e-02
-6.304721325039668756e+00 3.593277905679627404e-02
-6.257096795348075169e+00 3.659809075875469775e-02
-6.210037309119101678e+00 3.726113378109609242e-02
-6.163531987834188541e+00 3.792248859628198632e-02
-6.117570228578837366e+00 3.858373615446598903e-02
-6.072141695354100754e+00 3.924315446539500263e-02
-6.027236310714632950e+00 3.989923733555740537e-02
-5.982844247719062203e+00 4.055352631408494501e-02
-5.938955922179146363e+00 4.120683511539739718e-02
-5.895561985194874843e+00 4.185722682774559167e-02
-5.852653315963272540e+00 4.250545371843452575e-02
-5.810221014849253685e+00 4.314996703261952948e-02
-5.768256396707496236e+00 4.379079470167895199e-02
-5.726750984444712422e+00 4.442942859990656190e-02
-5.685696502812374042e+00 4.506522049015794507e-02
-5.645084872420248701e+00 4.569735559876558773e-02
-5.604908203961667112e+00 4.632609290248606432e-02
-5.565158792641851981e+00 4.695020634788452107e-02
-5.525829112800970222e+00 4.756995680502965063e-02
-5.486911812724083681e+00 4.818528971513072467e-02
-5.448399709630409760e+00 4.879619836453622655e-02
-5.410285784834729661e+00 4.940435939080070615e-02
-5.372563179074079542e+00 5.000867279506537866e-02
-5.335225187993163587e+00 5.060755032955373961e-02
-5.298265257782246884e+00 5.120240304270996107e-02
-5.261676980961550676e+00 5.179247936255311491e-02
-5.225454092306433651e+00 5.237650379015112295e-02
-5.189590464907923639e+00 5.295454854192273297e-02
-5.154080106363324809e+00 5.352770201736543887e-02
-5.118917155092023386e+00 5.409478017163951019e-02
-5.084095876771596245e+00 5.465683279332870376e-02
-5.049610660889740643e+00 5.521362126231210699e-02
-5.015456017407655231e+00 5.576560191543179779e-02
-4.981626573530626878e+00 5.631172803816586470e-02
-4.948117070581910859e+00 5.685025405724164482e-02
-4.914922360976011539e+00 5.738273228610193955e-02
-4.882037405287712239e+00 5.791047846454937253e-02
-4.849457269413337102e+00 5.843211120444290890e-02
-4.817177121820895636e+00 5.894715289178298345e-02
-4.785192230885824571e+00 5.945571523424811322e-02
-4.753497962309302771e+00 5.995750170315715388e-02
-4.722089776616123835e+00 6.045337041070902862e-02
-4.690963226729293112e+00 6.094276880975821320e-02
-4.660113955618596648e+00 6.142567946202433238e-02
-4.629537694020590344e+00 6.190134187872278759e-02
-4.599230258227382961e+00 6.236943027677791657e-02
-4.569187547941903738e+00 6.283038938583671018e-02
-4.539405544197283149e+00 6.328418843603501875e-02
-4.509880307338105077e+00 6.373111939134543102e-02
-4.480607975061465353e+00 6.417175441608853614e-02
-4.451584760515686412e+00 6.460597946218538112e-02
-4.422806950454783781e+00 6.503293285318070827e-02
-4.394270903446768628e+00 6.545291539304579076e-02
-4.365973048133954926e+00 6.586541490613015415e-02
-4.337909881543509094e+00 6.626985961512472934e-02
-4.310077967446587444e+00 6.666641859590199948e-02
-4.282473934764412071e+00 6.705615062800183990e-02
-4.255094476019731786e+00 6.743878632768438020e-02
-4.227936345832168819e+00 6.781413937960262261e-02
-4.200996359456015128e+00 6.818151198947597358e-02
-4.174271391359062555e+00 6.854034322554655723e-02
-4.147758373841154089e+00 6.889162724919421776e-02
-4.121454295691163061e+00 6.923522586772962173e-02
-4.095356200881122177e+00 6.957058542477129182e-02
-4.069461187296388616e+00 6.989842089283855586e-02
-4.043766405500584860e+00 7.021936406214851489e-02
-4.018269057534298305e+00 7.053213647933231911e-02
-3.992966395746416985e+00 7.083733000342129493e-02
-3.967855721657088441e+00 7.113624290577255649e-02
-3.942934384851309204e+00 7.142813232969533188e-02
-3.918199781902168777e+00 7.171160856698900743e-02
-3.893649355322847061e+00 7.198585125346550206e-02
-3.869280592546462394e+00 7.225179574214131428e-02
-3.845091024932894896e+00 7.251071649980207756e-02
-3.821078226801797317e+00 7.276238988486803672e-02
-3.797239814490932730e+00 7.300576445141906956e-02
-3.773573445439120100e+00 7.324097092424054767e-02
-3.750076817293014120e+00 7.346794528646750921e-02
-3.726747667036997225e+00 7.368641590211946757e-02
-3.703583770145510101e+00 7.389695236319965277e-02
-3.680582939757102157e+00 7.410038160830996479e-02
-3.657743025869630404e+00 7.429710707328955610e-02
-3.635061914555887341e+00 7.448647531497273877e-02
-3.612537527199123133e+00 7.466769321199059894e-02
-3.590167819747855482e+00 7.484050911288263330e-02
-3.567950781989368547e+00 7.500503874896793932e-02
-3.545884436841426179e+00 7.516153811469172830e-02
-3.523966839661581307e+00 7.531078877628477608e-02
-3.502196077573649369e+00 7.545280825451236573e-02
-3.480570268810808887e+00 7.558688087876502815e-02
-3.459087562074850908e+00 7.571299383490939783e-02
-3.437746135911134981e+00 7.583162526976999773e-02
-3.416544198098792506e+00 7.594279410474372161e-02
-3.395479985055740890e+00 7.604663474841902304e-02
-3.374551761258098193e+00 7.614323371001555096e-02
-3.353757818673582580e+00 7.623209045527809535e-02
-3.333096476208523118e+00 7.631318104905082667e-02
-3.312566079168071553e+00 7.638666173818424443e-02
-3.292164998729279812e+00 7.645260792718766574e-02
-3.271891631426664837e+00 7.651081407165535864e-02
-3.251744398649922374e+00 7.656135055320507921e-02
-3.231721746153456643e+00 7.660467481662666667e-02
-3.211822143577407918e+00 7.664138877529450000e-02
-3.192044083979844071e+00 7.667126238204435840e-02
-3.172386083379843402e+00 7.669348318581099833e-02
-3.152846680311138350e+00 7.670780866697785028e-02
-3.133424435386072737e+00 7.671496237931638151e-02
-3.114117930869558570e+00 7.671545404440299754e-02
-3.094925770262795250e+00 7.670918653655350861e-02
-3.075846577896469647e+00 7.669591004195121242e-02
-3.056878998533198555e+00 7.667542990201053899e-02
-3.038021696978961295e+00 7.664772167750077969e-02
-3.019273357703287086e+00 7.661307718475149353e-02
-3.000632684467968048e+00 7.657198032301851254e-02
-2.982098399964077995e+00 7.652432264186179167e-02
-2.963669245457069223e+00 7.647008590175469189e-02
-2.945343980439752762e+00 7.640886342520561425e-02
-2.927121382292947160e+00 7.634109721064308296e-02
-2.909000245953597297e+00 7.626721083888822472e-02
-2.890979383590179363e+00 7.618756214377667146e-02
-2.873057624285205058e+00 7.610176567914622714e-02
-2.855233813724623815e+00 7.600959824111432062e-02
-2.837506813893987179e+00 7.591081733728131942e-02
-2.819875502781155951e+00 7.580538994379820705e-02
-2.802338774085429751e+00 7.569369448231411113e-02
-2.784895536932901372e+00 7.557624959811498622e-02
-2.767544715597910265e+00 7.545316781811049756e-02
-2.750285249230413953e+00 7.532411417640465234e-02
-2.733116091589155250e+00 7.518949976973396399e-02
-2.716036210780464089e+00 7.504953920102175324e-02
-2.699044589002566052e+00 7.490393612043130811e-02
-2.682140222295249732e+00 7.475254074606133003e-02
-2.665322120294779662e+00 7.459525170726676035e-02
-2.648589305993904297e+00 7.443254131962634412e-02
-2.631940815506855547e+00 7.426441337613504112e-02
-2.615375697839200431e+00 7.409075927168370934e-02
-2.598893014662444045e+00 7.391154003338676337e-02
-2.582491840093254609e+00 7.372696695085528829e-02
-2.566171260477212002e+00 7.353761586209525691e-02
-2.549930374176959447e+00 7.334389089933898709e-02
-2.533768291364664638e+00 7.314571777484665804e-02
-2.517684133818677505e+00 7.294278347958874087e-02
-2.501677034724291371e+00 7.273481006376072977e-02
-2.485746138478510670e+00 7.252173060398259263e-02
-2.469890600498723998e+00 7.230381984298678288e-02
-2.454109587035200768e+00 7.208162942819856811e-02
-2.438402274987315543e+00 7.185502006327659785e-02
-2.422767851723407695e+00 7.162401866039221077e-02
-2.407205514904207533e+00 7.138864742612766046e-02
-2.391714472309731221e+00 7.114924543541584212e-02
-2.376293941669569421e+00 7.090623288736627727e-02
-2.360943150496495058e+00 7.065954260985243818e-02
-2.345661335923311608e+00 7.040914076679752331e-02
-2.330447744542858413e+00 7.015508435112624563e-02
-2.315301632251118846e+00 6.989733921732460553e-02
-2.300222264093345625e+00 6.963585793684226588e-02
-2.285208914113144640e+00 6.937063619381703128e-02
-2.270260865204440481e+00 6.910190579502281660e-02
-2.255377408966269037e+00 6.882975117693843070e-02
-2.240557845560325223e+00 6.855412634408476757e-02
-2.225801483571210770e+00 6.827513604663060232e-02
-2.211107639869315467e+00 6.799280458014780870e-02
-2.196475639476279440e+00 6.770756003625764963e-02
-2.181904815432973432e+00 6.741958667666432536e-02
-2.167394508669943320e+00 6.712901268413273836e-02
-2.152944067880271817e+00 6.683584859837232717e-02
-2.138552849394784516e+00 6.654001065517431424e-02
-2.124220217059574090e+00 6.624189112160830395e-02
-2.109945542115772454e+00 6.594175837012820895e-02
-2.095728203081529628e+00 6.563953961133088544e-02
-2.081567585636154849e+00 6.533507745261839250e-02
-2.067463082506362237e+00 6.502848373278427574e-02
-2.053414093354584136e+00 6.471973902581742988e-02
-2.039420024669305942e+00 6.440905212414708980e-02
-2.025480289657382471e+00 6.409657128166387774e-02
-2.011594308138276332e+00 6.378232624674634588e-02
-1.997761506440205226e+00 6.346636460204921337e-02
-1.983981317298131319e+00 6.314866043783479155e-02
-1.970253179753569617e+00 6.282932963941001425e-02
-1.956576539056167352e+00 6.250856585772467111e-02
-1.942950846567025547e+00 6.218667962729953341e-02
-1.929375559663717654e+00 6.186396411985772142e-02
-1.915850141646975535e+00 6.154043906199439806e-02
-1.902374061649005244e+00 6.121609231959671688e-02
-1.888946794543396868e+00 6.089097032393138431e-02
-1.875567820856598900e+00 6.056505853595365446e-02
-1.862236626680921825e+00 6.023851767094430543e-02
-1.848952703589041180e+00 5.991138818932923576e-02
-1.835715548549967879e+00 5.958371131238623941e-02
-1.822524663846452730e+00 5.925559484956764711e-02
-1.809379556993800708e+00 5.892721363159608705e-02
-1.796279740660062796e+00 5.859869550933920201e-02
-1.783224732587581407e+00 5.827030432816183297e-02
-1.770214055515849871e+00 5.794227689235949968e-02
-1.757247237105675541e+00 5.761456461479409763e-02
-1.744323809864610553e+00 5.728728430351728157e-02
-1.731443311073621372e+00 5.696043578135511626e-02
-1.718605282714980698e+00 5.663394906004862867e-02
-1.705809271401351745e+00 5.630783053404529032e-02
-1.693054828306041149e+00 5.598230525881760233e-02
-1.680341509094399610e+00 5.565765707733445755e-02
-1.667668873856344547e+00 5.533412903094554747e-02
-1.655036487039980519e+00 5.501178315371443167e-02
-1.642443917386301022e+00 5.469062475017971714e-02
-1.629890737864948980e+00 5.437066388983939624e-02
-1.617376525611005755e+00 5.405189327390054477e-02
-1.604900861862805783e+00 5.373442326486358583e-02
-1.592463331900736856e+00 5.341849662128082821e-02
-1.580063524987020074e+00 5.310436551787439674e-02
-1.567701034306447028e+00 5.279214960341845064e-02
-1.555375456908052678e+00 5.248190797871753188e-02
-1.543086393647707277e+00 5.217363825939563132e-02
-1.530833449131608237e+00 5.186739441907090020e-02
-1.518616231660659732e+00 5.156331760304794232e-02
-1.506434353175712282e+00 5.126161555532189606e-02
-1.494287429203655870e+00 5.096246129553314019e-02
-1.482175078804342627e+00 5.066600023288952981e-02
-1.470096924518329295e+00 5.037234263800632883e-02
-1.458052592315416618e+00 5.008156942830525177e-02
-1.446041711543979202e+00 4.979376293904243245e-02
-1.434063914881057000e+00 4.950904371481619493e-02
-1.422118838283209508e+00 4.922751981374312580e-02
-1.410206120938107599e+00 4.894935579741985232e-02
-1.398325405216850115e+00 4.867472940990357627e-02
-1.386476336626996986e+00 4.840380940515767033e-02
-1.374658563766294916e+00 4.813669298805935137e-02
-1.362871738277095179e+00 4.787343637441222183e-02
-1.351115514801437101e+00 4.761407899132640009e-02
-1.339389550936797013e+00 4.735873648395029500e-02
-1.327693507192477362e+00 4.710753104211585357e-02
-1.316027046946637080e+00 4.686060651641543728e-02
-1.304389836403941239e+00 4.661813752349640294e-02
-1.292781544553817996e+00 4.638025085681013460e-02
-1.281201843129320173e+00 4.614714410252494792e-02
-1.269650406566570577e+00 4.591906741482964377e-02
-1.258126911964788874e+00 4.569619808885379275e-02
-1.246631039046874889e+00 4.547878163439705163e-02
-1.235162470120555911e+00 4.526697590650462233e-02
-1.223720890040073339e+00 4.506088463767592839e-02
-1.212305986168408234e+00 4.486069193293924090e-02
-1.200917448340022453e+00 4.466650654432970102e-02
-1.189554968824123149e+00 4.447852854592902749e-02
-1.178218242288426865e+00 4.429698128728812995e-02
-1.166906965763418569e+00 4.412204194149731140e-02
-1.155620838607101852e+00 4.395392217112023547e-02
-1.144359562470215863e+00 4.379287439512943164e-02
-1.133122841261928526e+00 4.363916387127188962e-02
-1.121910381115985400e+00 4.349300248683567877e-02
-1.110721890357309283e+00 4.335460401662842578e-02
-1.099557079469039467e+00 4.322420971035464965e-02
-1.088415661060010642e+00 4.310211083596510173e-02
-1.077297349832647466e+00 4.298857389721949529e-02
-1.066201862551285018e+00 4.288385356349218996e-02
-1.055128918010896033e+00 4.278823603172267342e-02
-1.044078237006218046e+00 4.270202785140797541e-02
-1.033049542301277102e+00 4.262554982612241222e-02
-1.022042558599299822e+00 4.255913029398095127e-02
-1.011057012512998066e+00 4.250317057244877572e-02
-1.000092632535235726e+00 4.245806529789099282e-02
-9.891491490100537964e-01 4.242419441050164497e-02
-9.782262941040561488e-01 4.240195097291579729e-02
-9.673238017781481402e-01 4.239181499596181291e-02
-9.564414077596213870e-01 4.239433120378973546e-02
-9.455788495145712735e-01 4.241001683893386859e-02
-9.347358662206534108e-01 4.243936746500800994e-02
-9.239121987401626157e-01 4.248290269022131360e-02
-9.131075895934324116e-01 4.254109139788968263e-02
-9.023217829325496098e-01 4.261444628789719941e-02
-8.915545245153719822e-01 4.270358487474540388e-02
-8.808055616798529108e-01 4.280921509345845394e-02
-8.700746433186589135e-01 4.293209720054717848e-02
-8.593615198540814903e-01 4.307305237263551329e-02
-8.486659432132259706e-01 4.323289490313163286e-02
-8.379876668034880183e-01 4.341244821102385743e-02
-8.273264454882990337e-01 4.361261401399887938e-02
-8.166820355631438932e-01 4.383438010747893465e-02
-8.060541947318363709e-01 4.407881679420950355e-02
-7.954426820830584610e-01 4.434708654800501720e-02
-7.848472580671504994e-01 4.464044545329230035e-02
-7.742676844731486430e-01 4.496024702456630912e-02
-7.637037244060699281e-01 4.530784185761865812e-02
-7.531551422644284788e-01 4.568460128099829237e-02
-7.426217037179922986e-01 4.609201009262041404e-02
-7.321031756857663275e-01 4.653161122947962330e-02
-7.215993263142009839e-01 4.700508777680344197e-02
-7.111099249556180890e-01 4.751431560929083447e-02
-7.006347421468592795e-01 4.806135737509847905e-02
-6.901735495881351490e-01 4.864842593370621859e-02
-6.797261201220911042e-01 4.927797832672159428e-02
-6.692922277130706199e-01 4.995259317707915342e-02
-6.588716474265783329e-01 5.067504420088653205e-02
-6.484641554089376481e-01 5.144829467582064803e-02
-6.380695288671385246e-01 5.227549158254610195e-02
-6.276875460488731129e-01 5.316001614596865821e-02
-6.173179862227488046e-01 5.410548171026431652e-02
-6.069606296586862459e-01 5.511574206361178480e-02
-5.966152576084875481e-01 5.619495138697465364e-02
-5.862816522865772484e-01 5.734760884302492201e-02
-5.759595968509094721e-01 5.857859501682882719e-02
-5.656488753840412942e-01 5.989320782976224888e-02
-5.553492728743597562e-01 6.129718039220828640e-02
-5.450605751974718638e-01 6.279669306095633785e-02
-5.347825690977430213e-01 6.439841163978189675e-02
-5.245150421699888987e-01 6.610942362802639527e-02
-5.142577828413065211e-01 6.793731531542351876e-02
-5.040105803530536832e-01 6.989016591385463495e-02
-4.937732247429644228e-01 7.197656631469268040e-02
-4.835455068274036594e-01 7.420568827322304717e-02
-4.733272181837471781e-01 7.658732618836261441e-02
-4.631181511328986700e-01 7.913189622379396271e-02
-4.529180987219272314e-01 8.185040959755619794e-02
-4.427268547068332061e-01 8.475452017720822018e-02
-4.325442135354257145e-01 8.785636787177576734e-02
-4.223699703303245845e-01 9.116851250600520318e-02
-4.122039208720716941e-01 9.470385370485556731e-02
-4.020458615823537807e-01 9.847542480180093705e-02
-3.918955895073323314e-01 1.024961966822334203e-01
-3.817529023010813316e-01 1.067787589476027060e-01
-3.716175982091194929e-01 1.113350141808512883e-01
-3.614894760520483419e-01 1.161756695373929033e-01
-3.513683352092828449e-01 1.213096287294268827e-01
-3.412539756028758475e-01 1.267432293138760213e-01
-3.311461976814312758e-01 1.324793189315342512e-01
-3.210448024041094306e-01 1.385160993679360186e-01
-3.109495912247085547e-01 1.448457801784793220e-01
-3.008603660758366605e-01 1.514529083012495780e-01
-2.907769293531580201e-01 1.583125531673751363e-01
-2.806990838997174276e-01 1.653881685008760649e-01
-2.706266329903371237e-01 1.726292973791362373e-01
-2.605593803160889399e-01 1.799691471420167832e-01
-2.504971299688272257e-01 1.873221379279401688e-01
-2.404396864257955790e-01 1.945816391620752428e-01
-2.303868545342923901e-01 2.016181764063617599e-01
-2.203384394963986970e-01 2.082784876568156418e-01
-2.102942468537628840e-01 2.143859016504571779e-01
-2.002540824724450275e-01 2.197426312979361418e-01
-1.902177525278067050e-01 2.241346263927553317e-01
-1.801850634894590075e-01 2.273396313823861092e-01
-1.701558221062540455e-01 2.291389997439491899e-01
-1.601298353913264694e-01 2.293336364264785820e-01
-1.501069106071708514e-01 2.277640819747117351e-01
-1.400868552507662790e-01 2.243343223250288399e-01
-1.300694770387391397e-01 2.190383668980636078e-01
-1.200545838925550501e-01 2.119879725271052173e-01
-1.100419839237516545e-01 2.034388558479404696e-01
-1.000314854191983877e-01 1.938107272353123967e-01
-9.002289682638489610e-02 1.836927474736769761e-01
-8.001602673873924043e-02 1.738207266340597301e-01
-7.001068388096250150e-02 1.650084064919428717e-01
-6.000667709439190534e-02 1.580195497058670684e-01
-5.000381532237931775e-02 1.533886786316765727e-01
-4.000190759568706539e-02 1.512363019628675809e-01
-3.000076301789707939e-02 1.511623989294823278e-01
-2.000019075083557876e-02 1.523064714076784731e-01
-9.999999999999974187e-03 1.536064817762022305e-01
0.000000000000000000e+00 1.541848733683203465e-01
9.999999999999974187e-03 1.536980249270068488e-01
2.000019075083557876e-02 1.524778901680268750e-01
3.000076301789707939e-02 1.513925129429032068e-01
4.000190759568635068e-02 1.514979770734317666e-01
5.000381532237860305e-02 1.536526856634566340e-01
6.000667709439118369e-02 1.582577942870536658e-01
7.001068388096322315e-02 1.651961217932649550e-01
8.001602673873996208e-02 1.739377389320797829e-01
9.002289682638561774e-02 1.837241736157289584e-01
1.000314854191983877e-01 1.937474026758107537e-01
1.100419839237516545e-01 2.032775679892653287e-01
1.200545838925550501e-01 2.117313946585821505e-01
1.300694770387391397e-01 2.186945656657950376e-01
1.400868552507662790e-01 2.239158234945461678e-01
1.501069106071708514e-01 2.272866188614236782e-01
1.601298353913264694e-01 2.288147791386626051e-01
1.701558221062540455e-01 2.285968533930745339e-01
1.801850634894582859e-01 2.267917317936037624e-01
1.902177525278067050e-01 2.235970957439016304e-01
2.002540824724450275e-01 2.192296025044869201e-01
2.102942468537628840e-01 2.139091840211215789e-01
2.203384394963986970e-01 2.078474281404890656e-01
2.303868545342923901e-01 2.012396705252358364e-01
2.404396864257955790e-01 1.942602570615716284e-01
2.504971299688272257e-01 1.870603403202521497e-01
2.605593803160889399e-01 1.797675673264971519e-01
2.706266329903371237e-01 1.724870615824580233e-01
2.806990838997167059e-01 1.653032258677266109e-01
2.907769293531572985e-01 1.582819945375448789e-01
3.008603660758359388e-01 1.514732605474379823e-01
3.109495912247092764e-01 1.449132647808700491e-01
3.210448024041101522e-01 1.386268391201286865e-01
3.311461976814320529e-01 1.326294777357575894e-01
3.412539756028758475e-01 1.269290835934372974e-01
3.513683352092828449e-01 1.215275902230446431e-01
3.614894760520483419e-01 1.164222903731402803e-01
3.716175982091194929e-01 1.116069997485673176e-01
3.817529023010813316e-01 1.070729959985155105e-01
3.918955895073323314e-01 1.028097892645952471e-01
4.020458615823530590e-01 9.880572725454198069e-02
4.122039208720709169e-01 9.504849103266860277e-02
4.223699703303238628e-01 9.152537979598805717e-02
4.325442135354264361e-01 8.822360469966281094e-02
4.427268547068339277e-01 8.513046429753516608e-02
4.529180987219279531e-01 8.223354810880791066e-02
4.631181511328986700e-01 7.952083571530681183e-02
4.733272181837471781e-01 7.698079104814573026e-02
4.835455068274036594e-01 7.460253634383053056e-02
4.937732247429644228e-01 7.237579872921071078e-02
5.040105803530536832e-01 7.029091730436455576e-02
5.142577828413065211e-01 6.833883191678552516e-02
5.245150421699888987e-01 6.651104942335991921e-02
5.347825690977430213e-01 6.479959389175542206e-02
5.450605751974710866e-01 6.319699669816629395e-02
5.553492728743597562e-01 6.169628863377242534e-02
5.656488753840412942e-01 6.029089531526346524e-02
5.759595968509094721e-01 5.897468267393593533e-02
5.862816522865772484e-01 5.774191957046273527e-02
5.966152576084875481e-01 5.658728087249241534e-02
6.069606296586862459e-01 5.550584793838404807e-02
6.173179862227488046e-01 5.449309131610079876e-02
6.276875460488731129e-01 5.354485408523912415e-02
6.380695288671385246e-01 5.265732247264037769e-02
6.484641554089369819e-01 5.182696403316765926e-02
6.588716474265774448e-01 5.105049392280426590e-02
6.692922277130698427e-01 5.032483902358311084e-02
6.797261201220904381e-01 4.964706164798089044e-02
6.901735495881360372e-01 4.901437189251469512e-02
7.006347421468600567e-01 4.842416661351403584e-02
7.111099249556188662e-01 4.787398796833763903e-02
7.215993263142009839e-01 4.736165232891334509e-02
7.321031756857663275e-01 4.688512936977970447e-02
7.426217037179922986e-01 4.644254203429934447e-02
7.531551422644284788e-01 4.603215474741279012e-02
7.637037244060699281e-01 4.565233851853312680e-02
7.742676844731486430e-01 4.530153552823988627e-02
7.848472580671498333e-01 4.497836141559578144e-02
7.954426820830577949e-01 4.468152608636125067e-02
8.060541947318363709e-01 4.440977987743056909e-02
8.166820355631446704e-01 4.416196110620695947e-02
8.273264454882999219e-01 4.393694984972741635e-02
8.379876668034880183e-01 4.373365887022729465e-02
8.486659432132259706e-01 4.355104772650419953e-02
8.593615198540814903e-01 4.338816235462433779e-02
8.700746433186589135e-01 4.324415725822339240e-02
8.808055616798529108e-01 4.311823849872323949e-02
8.915545245153719822e-01 4.300963727427732641e-02
9.023217829325496098e-01 4.291764568463780904e-02
9.131075895934324116e-01 4.284156744180825371e-02
9.239121987401619496e-01 4.278073173978078070e-02
9.347358662206525226e-01 4.273451652075939411e-02
9.455788495145712735e-01 4.270232642774965393e-02
9.564414077596213870e-01 4.268354596544325641e-02
9.673238017781488063e-01 4.267764724539353793e-02
9.782262941040561488e-01 4.268414757054318082e-02
9.891491490100537964e-01 4.270258089458714434e-02
1.000092632535235726e+00 4.273255906924926240e-02
1.011057012512998066e+00 4.277377519773101211e-02
1.022042558599299822e+00 4.282592918316492636e-02
1.033049542301277102e+00 4.288870402381105007e-02
1.044078237006217380e+00 4.296176215020799244e-02
1.055128918010895367e+00 4.304479917117143284e-02
1.066201862551284352e+00 4.313746137633921174e-02
1.077297349832648132e+00 4.323936719232006343e-02
1.088415661060011308e+00 4.335015094879239583e-02
1.099557079469040355e+00 4.346950478479898183e-02
1.110721890357309283e+00 4.359713672524385963e-02
1.121910381115985400e+00 4.373273472460174199e-02
1.133122841261928526e+00 4.387601953130448179e-02
1.144359562470215863e+00 4.402672407809454791e-02
1.155620838607101852e+00 4.418459769363287937e-02
1.166906965763418569e+00 4.434938839142886502e-02
1.178218242288425976e+00 4.452092397377702820e-02
1.189554968824123149e+00 4.469911292713321660e-02
1.200917448340022453e+00 4.488387939583764197e-02
1.212305986168408900e+00 4.507502758780697338e-02
1.223720890040074227e+00 4.527229588266112881e-02
1.235162470120555911e+00 4.547545554271253954e-02
1.246631039046874889e+00 4.568419778744833848e-02
1.258126911964788874e+00 4.589833800495937699e-02
1.269650406566570577e+00 4.611770376597579962e-02
1.281201843129320173e+00 4.634209580152155727e-02
1.292781544553817996e+00 4.657141351379327776e-02
1.304389836403941239e+00 4.680546990595799151e-02
1.316027046946637080e+00 4.704409090258380305e-02
1.327693507192476696e+00 4.728714867344489814e-02
1.339389550936796125e+00 4.753448648262068726e-02
1.351115514801436435e+00 4.778602070107503680e-02
1.362871738277095179e+00 4.804169877975153491e-02
1.374658563766295805e+00 4.830142270665832571e-02
1.386476336626997652e+00 4.856509535799172217e-02
1.398325405216850559e+00 4.883257221910904111e-02
1.410206120938107599e+00 4.910370985074231920e-02
1.422118838283209508e+00 4.937836671048419918e-02
1.434063914881057000e+00 4.965642978722638323e-02
1.446041711543979202e+00 4.993776674238253888e-02
1.458052592315416618e+00 5.022222356413899580e-02
1.470096924518328407e+00 5.050956684083528214e-02
1.482175078804341739e+00 5.079959468195677230e-02
1.494287429203654982e+00 5.109217129625435311e-02
1.506434353175713392e+00 5.138723875495761900e-02
1.518616231660660620e+00 5.168480178286048721e-02
1.530833449131608681e+00 5.198487670483742384e-02
1.543086393647707277e+00 5.228740177541504885e-02
1.555375456908052678e+00 5.259226348808940243e-02
1.567701034306447028e+00 5.289928119828433972e-02
1.580063524987019630e+00 5.320820944149268900e-02
1.592463331900736190e+00 5.351872838583845993e-02
1.604900861862805117e+00 5.383058063588792158e-02
1.617376525611005755e+00 5.414357895626185219e-02
1.629890737864948091e+00 5.445772081745732518e-02
1.642443917386300800e+00 5.477319498078420806e-02
1.655036487039980742e+00 5.509022495012787235e-02
1.667668873856345213e+00 5.540883526799388059e-02
1.680341509094400276e+00 5.572887837272353512e-02
1.693054828306040926e+00 5.605009307184709300e-02
1.705809271401351079e+00 5.637213076073904761e-02
1.718605282714980920e+00 5.669473601202548729e-02
1.731443311073621594e+00 5.701773599334778592e-02
1.744323809864610997e+00 5.734106907533830649e-02
1.757247237105675541e+00 5.766464257684533745e-02
1.770214055515848983e+00 5.798831416703168623e-02
1.783224732587580741e+00 5.831196211201972179e-02
1.796279740660062352e+00 5.863577196446118078e-02
1.809379556993800708e+00 5.895970198418044872e-02
1.822524663846453397e+00 5.928366144459586151e-02
1.835715548549968767e+00 5.960763551025206886e-02
1.848952703589041624e+00 5.993147742586778931e-02
1.862236626680921825e+00 6.025500926151629993e-02
1.875567820856598900e+00 6.057806696277048819e-02
1.888946794543396868e+00 6.090052623547447669e-02
1.902374061649005244e+00 6.122221328068058743e-02
1.915850141646975535e+00 6.154312644262516230e-02
1.929375559663716988e+00 6.186312546139941665e-02
1.942950846567024437e+00 6.218209333390171956e-02
1.956576539056166242e+00 6.249996981607833929e-02
1.970253179753570727e+00 6.281656799005538860e-02
1.983981317298132430e+00 6.313174349906069960e-02
1.997761506440205892e+00 6.344539072620275499e-02
2.011594308138276332e+00 6.375737583546524367e-02
2.025480289657382471e+00 6.406770018765639563e-02
2.039420024669305942e+00 6.437636735006210809e-02
2.053414093354583247e+00 6.468344654404685479e-02
2.067463082506361793e+00 6.498887057664827493e-02
2.081567585636154405e+00 6.529245910942557685e-02
2.095728203081529628e+00 6.559415747590369161e-02
2.109945542115771566e+00 6.589361895728132468e-02
2.124220217059573645e+00 6.619068269635289270e-02
2.138552849394784072e+00 6.648526080560424045e-02
2.152944067880272261e+00 6.677725039833147525e-02
2.167394508669943765e+00 6.706663959983491519e-02
2.181904815432972988e+00 6.735381395611836353e-02
2.196475639476278996e+00 6.763878111165885776e-02
2.211107639869315911e+00 6.792117795798446878e-02
2.225801483571211214e+00 6.820053010534822546e-02
2.240557845560325667e+00 6.847624838436314199e-02
2.255377408966268149e+00 6.874833468357645361e-02
2.270260865204440481e+00 6.901687816564942846e-02
2.285208914113143308e+00 6.928224295081725215e-02
2.300222264093344737e+00 6.954465603174633803e-02
2.315301632251118846e+00 6.980397465588514261e-02
2.330447744542859301e+00 7.005996952643575582e-02
2.345661335923311608e+00 7.031226602015247518e-02
2.360943150496495946e+00 7.056051704409631309e-02
2.376293941669568088e+00 7.080448698351525516e-02
2.391714472309731221e+00 7.104429597320563450e-02
2.407205514904206645e+00 7.128034095244858981e-02
2.422767851723407695e+00 7.151264320466485525e-02
2.438402274987316432e+00 7.174114890724379856e-02
2.454109587035200768e+00 7.196573195464192607e-02
2.469890600498723998e+00 7.218598052623832750e-02
2.485746138478509337e+00 7.240179003302152361e-02
2.501677034724291371e+00 7.261277899390997104e-02
2.517684133818678394e+00 7.281901658875172823e-02
2.533768291364664638e+00 7.302055365199117132e-02
2.549930374176959891e+00 7.321712203965845267e-02
2.566171260477213334e+00 7.340848719377357501e-02
2.582491840093254609e+00 7.359478789496592954e-02
2.598893014662444489e+00 7.377621748522933398e-02
2.615375697839199987e+00 7.395279908150366455e-02
2.631940815506855991e+00 7.412463206317740361e-02
2.648589305993903409e+00 7.429173641904393555e-02
2.665322120294779218e+00 7.445385527970087292e-02
2.682140222295247955e+00 7.461049871027600200e-02
2.699044589002565164e+00 7.476099813741082789e-02
2.716036210780464977e+00 7.490556700754244512e-02
2.733116091589157026e+00 7.504441710948912825e-02
2.750285249230413953e+00 7.517774481664817043e-02
2.767544715597911598e+00 7.530527555212775115e-02
2.784895536932901372e+00 7.542668051816256436e-02
2.802338774085429751e+00 7.554247419548233700e-02
2.819875502781155063e+00 7.565277619778963680e-02
2.837506813893987179e+00 7.575728336926551565e-02
2.855233813724622927e+00 7.585571770820483117e-02
2.873057624285204170e+00 7.594801555645300239e-02
2.890979383590180252e+00 7.603408604847051999e-02
2.909000245953595520e+00 7.611368540033291996e-02
2.927121382292947160e+00 7.618693255741057491e-02
2.945343980439754095e+00 7.625371132997235679e-02
2.963669245457068335e+00 7.631413083459109847e-02
2.982098399964077995e+00 7.636793943045748490e-02
3.000632684467967159e+00 7.641519452304365578e-02
3.019273357703287086e+00 7.645560656206040751e-02
3.038021696978962627e+00 7.648951157210857887e-02
3.056878998533198555e+00 7.651691837232790783e-02
3.075846577896470535e+00 7.653775973577220393e-02
3.094925770262794362e+00 7.655178876465515425e-02
3.114117930869559014e+00 7.655852549876850099e-02
3.133424435386071849e+00 7.655767441840026499e-02
3.152846680311138350e+00 7.654958042529776130e-02
3.172386083379844290e+00 7.653466392185540035e-02
3.192044083979846292e+00 7.651286634800782971e-02
3.211822143577407918e+00 7.648410717552180105e-02
3.231721746153457975e+00 7.644828392769770220e-02
3.251744398649921930e+00 7.640532193416622875e-02
3.271891631426665281e+00 7.635537852561795347e-02
3.292164998729279368e+00 7.629872844111483532e-02
3.312566079168071553e+00 7.623491030113700717e-02
3.333096476208521786e+00 7.616316526339257653e-02
3.353757818673582580e+00 7.608324876388329605e-02
3.374551761258096416e+00 7.599570707900984989e-02
3.395479985055740446e+00 7.590094274444394995e-02
3.416544198098793395e+00 7.579906929440023700e-02
3.437746135911136314e+00 7.568958592347480030e-02
3.459087562074850908e+00 7.557236340432925414e-02
3.480570268810810663e+00 7.544774466010173430e-02
3.502196077573649369e+00 7.531578492185291018e-02
3.523966839661581307e+00 7.517623968524866918e-02
3.545884436841424847e+00 7.502872936532413439e-02
3.567950781989368547e+00 7.487316969394386401e-02
3.590167819747851929e+00 7.471002173392818357e-02
3.612537527199123133e+00 7.453969507674350348e-02
3.635061914555887341e+00 7.436141362905028529e-02
3.657743025869628628e+00 7.417451856680823408e-02
3.680582939757102157e+00 7.397955165195238547e-02
3.703583770145510101e+00 7.377732643042150817e-02
3.726747667036997225e+00 7.356740499224631580e-02
3.750076817293014120e+00 7.334902444371783903e-02
3.773573445439117879e+00 7.312243005761183412e-02
3.797239814490932730e+00 7.288887629227266962e-02
3.821078226801799538e+00 7.264857365639935949e-02
3.845091024932894896e+00 7.240057975478027263e-02
3.869280592546462394e+00 7.214495572677180613e-02
3.893649355322847061e+00 7.188157882222467876e-02
3.918199781902168777e+00 7.160979907176262538e-02
3.942934384851307872e+00 7.132960345744254749e-02
3.967855721657088441e+00 7.104179605293289845e-02
3.992966395746416985e+00 7.074632829642701903e-02
4.018269057534300082e+00 7.044326986303195426e-02
4.043766405500584860e+00 7.013290041662670338e-02
4.069461187296391280e+00 6.981477017375384286e-02
4.095356200881122177e+00 6.948851770427991181e-02
4.121454295691163061e+00 6.915379739560585659e-02
4.147758373841154089e+00 6.881144391786425674e-02
4.174271391359062555e+00 6.846206690713690923e-02
4.200996359456013352e+00 6.810575512676533827e-02
4.227936345832168819e+00 6.774206176966152126e-02
4.255094476019727345e+00 6.737093820228731711e-02
4.282473934764413848e+00 6.699154247820712782e-02
4.310077967446587444e+00 6.660378999090045549e-02
4.337909881543510870e+00 6.620916118143993501e-02
4.365973048133954926e+00 6.580803604418253294e-02
4.394270903446770404e+00 6.539986438108606748e-02
4.422806950454781116e+00 6.498413275595996130e-02
4.451584760515686412e+00 6.456127238458142514e-02
4.480607975061463577e+00 6.413067582737158601e-02
4.509880307338105077e+00 6.369235467423647878e-02
4.539405544197283149e+00 6.324670772707111088e-02
4.569187547941903738e+00 6.279477949538600501e-02
4.599230258227382961e+00 6.233659630732317491e-02
4.629537694020593008e+00 6.187102665444881022e-02
4.660113955618596648e+00 6.139800261202432718e-02
4.690963226729293112e+00 6.091798801974273453e-02
4.722089776616123835e+00 6.043165127768290040e-02
4.753497962309302771e+00 5.993927450744324092e-02
4.785192230885826348e+00 5.944057920761072755e-02
4.817177121820895636e+00 5.893475304809010773e-02
4.849457269413340654e+00 5.842251343623854065e-02
4.882037405287709575e+00 5.790423915972606195e-02
4.914922360976011539e+00 5.738045664369760546e-02
4.948117070581908195e+00 5.685102162638144135e-02
4.981626573530626878e+00 5.631520397961128910e-02
5.015456017407652567e+00 5.577141161172458061e-02
5.049610660889745972e+00 5.522083155285725797e-02
5.084095876771596245e+00 5.466580994930836379e-02
5.118917155092026050e+00 5.410627171295083471e-02
5.154080106363324809e+00 5.354147769332362472e-02
5.189590464907923639e+00 5.297063298006689930e-02
5.225454092306433651e+00 5.239394909435983461e-02
5.261676980961550676e+00 5.181171236957227144e-02
5.298265257782244220e+00 5.122536198681492542e-02
5.335225187993163587e+00 5.063407523739101718e-02
5.372563179074077766e+00 5.003831287910796843e-02
5.410285784834729661e+00 4.943787871742944678e-02
5.448399709630405319e+00 4.883217459042320241e-02
5.486911812724086346e+00 4.822193981781036642e-02
5.525829112800970222e+00 4.760831358292181431e-02
5.565158792641854646e+00 4.699043056809687480e-02
5.604908203961667112e+00 4.636845400074660062e-02
5.645084872420248701e+00 4.574120195660771188e-02
5.685696502812371378e+00 4.511056036475010605e-02
5.726750984444712422e+00 4.447855997732115541e-02
5.768256396707492684e+00 4.384364233533705191e-02
5.810221014849253685e+00 4.320467250065535003e-02
5.852653315963272540e+00 4.256043167585048248e-02
5.895561985194872179e+00 4.191388051162066308e-02
5.938955922179146363e+00 4.126510935160977028e-02
5.982844247719065756e+00 4.061259231649151646e-02
6.027236310714632950e+00 3.995963902293090536e-02
6.072141695354100754e+00 3.930484515911012583e-02
6.117570228578833813e+00 3.864693489824444494e-02
6.163531987834188541e+00 3.798672176753624397e-02
6.210037309119105231e+00 3.732484125680401305e-02
6.257096795348075169e+00 3.666305610801474241e-02
6.304721325039668756e+00 3.600046064154985292e-02
6.352922061346506943e+00 3.533741224473756215e-02
6.401710461442654321e+00 3.467226710611193141e-02
6.451098286284771888e+00 3.400606658307268187e-02
6.501097610764786872e+00 3.333976813918759080e-02
6.551720834272277472e+00 3.267298066512316912e-02
6.602980691686179959e+00 3.200637208526441874e-02
6.654890264816202716e+00 3.134029941571560285e-02
6.707462994315653404e+00 3.067588788787445342e-02
6.760712692088343800e+00 3.001181513228499270e-02
6.814653554213885300e+00 2.934897324836265031e-02
6.869300174416541616e+00 2.868840879393256410e-02
6.924667558104775189e+00 2.802821801069623614e-02
6.980771137009639027e+00 2.736921467852317796e-02
7.037626784452278628e+00 2.671313626772749833e-02
7.095250831272059244e+00 2.605810639222865682e-02
7.153660082449184721e+00 2.540694707857924992e-02
7.212871834457117437e+00 2.475858805484360339e-02
7.272903893382699714e+00 2.411301768030351539e-02
7.333774593853726209e+00 2.347097952275011001e-02
7.395502818816384050e+00 2.283289797830216281e-02
7.458108020207268929e+00 2.219817463670569618e-02
7.521610240567749628e+00 2.156849316501103370e-02
7.586030135650939421e+00 2.094270635711971418e-02
7.651388998075133507e+00 2.032265203066096343e-02
7.717708782080382690e+00 1.970720503917023150e-02
7.785012129448951157e+00 1.909660560384600012e-02
7.853322396653874549e+00 1.849248913870565197e-02
7.922663683303971638e+00 1.789411687568964043e-02
7.993060861958362295e+00 1.730168342690724392e-02
8.064539609387720631e+00 1.671617037861158200e-02
8.137126439365120589e+00 1.613677768827801590e-02
8.210848737074378789e+00 1.556529452368135905e-02
8.285734795229668492e+00 1.500068593883052172e-02
8.361813852006719117e+00 1.444342170492676422e-02
8.439116130892415413e+00 1.389476915803613578e-02
8.517672882566811765e+00 1.335488883966720261e-02
8.597516428939853128e+00 1.282320137674093988e-02
8.678680209472870999e+00 1.229968024612616145e-02
8.761198829924738973e+00 1.178506979659128470e-02
8.845108113671690475e+00 1.128056328008519502e-02
8.930445155761116638e+00 1.078585817817080336e-02
9.017248379870389741e+00 1.030071520981416106e-02
9.105557598354891979e+00 9.826046043057593687e-03
9.195414075582201363e+00 9.361035599660980783e-03
9.286860594764410948e+00 8.906635499601519429e-03
9.379941528515811200e+00 8.463238874199830244e-03
9.474702913380864899e+00 8.031082736453802606e-03
9.571192528595130256e+00 7.609703918639391766e-03
9.669459979362780899e+00 7.200322100634231302e-03
9.769556784955327089e+00 6.803090064491621597e-03
9.871536471960840942e+00 6.416575549379356994e-03
9.975454673037942754e+00 6.042567809424150525e-03
1.008136923155793063e+01 5.680328862851777988e-03
1.018934031254830330e+01 5.329979769062658489e-03
1.029943052038522566e+01 4.991936258527895909e-03
1.041170502371859463e+01 4.667216209330735978e-03
1.052623168815380517e+01 4.354154381099283044e-03
1.064308121725768252e+01 4.053822214023256043e-03
1.076232730250476877e+01 3.766205177882570119e-03
1.088404678283179194e+01 3.490418606035088772e-03
1.100831981452695096e+01 3.227580992069659788e-03
1.113523005224294415e+01 2.977418484757455002e-03
1.126486484199331350e+01 2.739241931333795572e-03
1.139731542706779699e+01 2.513272193410033637e-03
1.153267716788676189e+01 2.299470723531996975e-03
1.167104977690866718e+01 2.097644455261578507e-03
1.181253756980620828e+01 1.907600222081959774e-03
1.195724973424156268e+01 1.729026877497531062e-03
1.210530061769597765e+01 1.562305200352358779e-03
1.225681003594877438e+01 1.406538372815214610e-03
1.241190360395464154e+01 1.261600426379687291e-03
1.257071309104042101e+01 1.127009352691912564e-03
1.273337680253192516e+01 1.002885822888271647e-03
1.290003999013476133e+01 8.885869578839243263e-04
1.307085529362815102e+01 7.836258262738200146e-04
1.324598321669588152e+01 6.877133256841642690e-04
1.342559264001181063e+01 6.007405238544337878e-04
1.360986137502873916e+01 5.218249012124747061e-04
1.379897676228727654e+01 4.508768600887791802e-04
1.399313631847826045e+01 3.873483618161853892e-04
1.419254843695589230e+01 3.306092920464069607e-04
1.439743314692606369e+01 2.804214730618431609e-04
1.460802293712368716e+01 2.363249679363870165e-04
1.482456365046278535e+01 1.974943119837371201e-04
1.504731545689699779e+01 1.637689626742962169e-04
1.527655391258613626e+01 1.347637552646104118e-04
1.551257111443440273e+01 1.099568792974432089e-04
1.575567696017295916e+01 8.887691547519407280e-05
1.600620052541652782e+01 7.113257651129590567e-05
1.626449157056262607e+01 5.632815758595134789e-05
1.653092219204418001e+01 4.410385278922387530e-05
1.680588863433074565e+01 3.418546401041547094e-05
1.708981328123576660e+01 2.612003897684081545e-05
1.738314684757837725e+01 1.970127373958086161e-05
1.768637079511793431e+01 1.463161338102487054e-05
1.800000000000201084e+01 5.487728110122060517e-06
